#
# A fatal error has been detected by the Java Runtime Environment:
#
#  SIGSEGV (0xb) at pc=0x00007fb0ea02ca66, pid=45554, tid=45556
#
# JRE version: OpenJDK Runtime Environment (11.0.22+7) (build 11.0.22+7-post-Ubuntu-0ubuntu222.04.1)
# Java VM: OpenJDK 64-Bit Server VM (11.0.22+7-post-Ubuntu-0ubuntu222.04.1, mixed mode, sharing, tiered, compressed oops, g1 gc, linux-amd64)
# Problematic frame:
# C  [libLLVM-13.so+0xc2ca66]  LLVMBuildStore+0x26
#
# Core dump will be written. Default location: Core dumps may be processed with "/usr/share/apport/apport -p%p -s%s -c%c -d%d -P%P -u%u -g%g -- %E" (or dumping to /home/ubuntu/Lab/core.45554)
#
# If you would like to submit a bug report, please visit:
#   https://bugs.launchpad.net/ubuntu/+source/openjdk-lts
# The crash happened outside the Java Virtual Machine in native code.
# See problematic frame for where to report the bug.
#

---------------  S U M M A R Y ------------

Command Line: -javaagent:/home/ubuntu/software/idea-IU-233.14475.28/lib/idea_rt.jar=33181:/home/ubuntu/software/idea-IU-233.14475.28/bin -Dfile.encoding=UTF-8 Main tests/test1.c tests/Actual.ll

Host: AMD Ryzen 5 5600H with Radeon Graphics, 4 cores, 3G, Ubuntu 22.10
Time: Tue May 28 23:04:53 2024 CST elapsed time: 0.308143 seconds (0d 0h 0m 0s)

---------------  T H R E A D  ---------------

Current thread (0x00007fb154016800):  JavaThread "main" [_thread_in_native, id=45556, stack(0x00007fb15d500000,0x00007fb15d600000)]

Stack: [0x00007fb15d500000,0x00007fb15d600000],  sp=0x00007fb15d5fdb10,  free space=1014k
Native frames: (J=compiled Java code, A=aot compiled Java code, j=interpreted, Vv=VM code, C=native code)
C  [libLLVM-13.so+0xc2ca66]  LLVMBuildStore+0x26

Java frames: (J=compiled Java code, j=interpreted, Vv=VM code)
j  org.bytedeco.llvm.global.LLVM.LLVMBuildStore(Lorg/bytedeco/llvm/LLVM/LLVMBuilderRef;Lorg/bytedeco/llvm/LLVM/LLVMValueRef;Lorg/bytedeco/llvm/LLVM/LLVMValueRef;)Lorg/bytedeco/llvm/LLVM/LLVMValueRef;+0
j  myVisitor.visitVarDef(LSysYParser$VarDefContext;)Lorg/bytedeco/llvm/LLVM/LLVMValueRef;+146
j  myVisitor.visitVarDef(LSysYParser$VarDefContext;)Ljava/lang/Object;+2
j  SysYParser$VarDefContext.accept(Lorg/antlr/v4/runtime/tree/ParseTreeVisitor;)Ljava/lang/Object;+12
j  org.antlr.v4.runtime.tree.AbstractParseTreeVisitor.visitChildren(Lorg/antlr/v4/runtime/tree/RuleNode;)Ljava/lang/Object;+46
j  SysYParserBaseVisitor.visitVarDecl(LSysYParser$VarDeclContext;)Ljava/lang/Object;+2
j  SysYParser$VarDeclContext.accept(Lorg/antlr/v4/runtime/tree/ParseTreeVisitor;)Ljava/lang/Object;+12
j  org.antlr.v4.runtime.tree.AbstractParseTreeVisitor.visitChildren(Lorg/antlr/v4/runtime/tree/RuleNode;)Ljava/lang/Object;+46
j  SysYParserBaseVisitor.visitDecl(LSysYParser$DeclContext;)Ljava/lang/Object;+2
j  SysYParser$DeclContext.accept(Lorg/antlr/v4/runtime/tree/ParseTreeVisitor;)Ljava/lang/Object;+12
j  org.antlr.v4.runtime.tree.AbstractParseTreeVisitor.visitChildren(Lorg/antlr/v4/runtime/tree/RuleNode;)Ljava/lang/Object;+46
j  SysYParserBaseVisitor.visitBlockItem(LSysYParser$BlockItemContext;)Ljava/lang/Object;+2
j  SysYParser$BlockItemContext.accept(Lorg/antlr/v4/runtime/tree/ParseTreeVisitor;)Ljava/lang/Object;+12
j  org.antlr.v4.runtime.tree.AbstractParseTreeVisitor.visitChildren(Lorg/antlr/v4/runtime/tree/RuleNode;)Ljava/lang/Object;+46
j  myVisitor.visitBlock(LSysYParser$BlockContext;)Lorg/bytedeco/llvm/LLVM/LLVMValueRef;+9
j  myVisitor.visitBlock(LSysYParser$BlockContext;)Ljava/lang/Object;+2
j  SysYParser$BlockContext.accept(Lorg/antlr/v4/runtime/tree/ParseTreeVisitor;)Ljava/lang/Object;+12
j  org.antlr.v4.runtime.tree.AbstractParseTreeVisitor.visit(Lorg/antlr/v4/runtime/tree/ParseTree;)Ljava/lang/Object;+2
j  myVisitor.visitFuncDef(LSysYParser$FuncDefContext;)Lorg/bytedeco/llvm/LLVM/LLVMValueRef;+266
j  myVisitor.visitFuncDef(LSysYParser$FuncDefContext;)Ljava/lang/Object;+2
j  SysYParser$FuncDefContext.accept(Lorg/antlr/v4/runtime/tree/ParseTreeVisitor;)Ljava/lang/Object;+12
j  org.antlr.v4.runtime.tree.AbstractParseTreeVisitor.visitChildren(Lorg/antlr/v4/runtime/tree/RuleNode;)Ljava/lang/Object;+46
j  SysYParserBaseVisitor.visitCompUnit(LSysYParser$CompUnitContext;)Ljava/lang/Object;+2
j  SysYParser$CompUnitContext.accept(Lorg/antlr/v4/runtime/tree/ParseTreeVisitor;)Ljava/lang/Object;+12
j  org.antlr.v4.runtime.tree.AbstractParseTreeVisitor.visitChildren(Lorg/antlr/v4/runtime/tree/RuleNode;)Ljava/lang/Object;+46
j  SysYParserBaseVisitor.visitProgram(LSysYParser$ProgramContext;)Ljava/lang/Object;+2
j  SysYParser$ProgramContext.accept(Lorg/antlr/v4/runtime/tree/ParseTreeVisitor;)Ljava/lang/Object;+12
j  org.antlr.v4.runtime.tree.AbstractParseTreeVisitor.visit(Lorg/antlr/v4/runtime/tree/ParseTree;)Ljava/lang/Object;+2
j  Main.main([Ljava/lang/String;)V+79
v  ~StubRoutines::call_stub

siginfo: si_signo: 11 (SIGSEGV), si_code: 1 (SEGV_MAPERR), si_addr: 0x0000000000000000

Register to memory mapping:

RAX=0x00007fb15445aa70 points into unknown readable memory: 0x000000000a000100 | 00 01 00 0a 00 00 00 00
RBX=0x0 is NULL
RCX=0x0 is NULL
RDX=0x00007fb1544696a0 points into unknown readable memory: 0x00007fb1544613b0 | b0 13 46 54 b1 7f 00 00
RSP=0x00007fb15d5fdb10 is pointing into the stack for thread: 0x00007fb154016800
RBP=0x00007fb154438970 points into unknown readable memory: 0x00007fb154438980 | 80 89 43 54 b1 7f 00 00
RSI=0x0 is NULL
RDI=0x00007fb15445a9a0 points into unknown readable memory: 0x00007fb15445bca0 | a0 bc 45 54 b1 7f 00 00
R8 =0x00007fb15d5fdc40 is pointing into the stack for thread: 0x00007fb154016800
R9 =0x00000000c6bf8600 is an oop: org.bytedeco.llvm.LLVM.LLVMValueRef 
{0x00000000c6bf8600} - klass: 'org/bytedeco/llvm/LLVM/LLVMValueRef'
 - ---- fields (total size 6 words):
 - private 'deallocator' 'Lorg/bytedeco/javacpp/Pointer$Deallocator;' @12  NULL (0)
 - protected 'address' 'J' @16  140399599851168 (544696a0 7fb1)
 - protected 'position' 'J' @24  0 (0 0)
 - protected 'limit' 'J' @32  0 (0 0)
 - protected 'capacity' 'J' @40  0 (0 0)
R10=0x000000000000000c is an unknown value
R11=0x00007fb15d4aaa84: <offset 0x00000000012aaa84> in /usr/lib/jvm/java-11-openjdk-amd64/lib/server/libjvm.so at 0x00007fb15c200000
R12=0x00007fb154438970 points into unknown readable memory: 0x00007fb154438980 | 80 89 43 54 b1 7f 00 00
R13=0x0 is NULL
R14=0x00007fb1544696a0 points into unknown readable memory: 0x00007fb1544613b0 | b0 13 46 54 b1 7f 00 00
R15=0x00007fb1544696a0 points into unknown readable memory: 0x00007fb1544613b0 | b0 13 46 54 b1 7f 00 00


Registers:
RAX=0x00007fb15445aa70, RBX=0x0000000000000000, RCX=0x0000000000000000, RDX=0x00007fb1544696a0
RSP=0x00007fb15d5fdb10, RBP=0x00007fb154438970, RSI=0x0000000000000000, RDI=0x00007fb15445a9a0
R8 =0x00007fb15d5fdc40, R9 =0x00000000c6bf8600, R10=0x000000000000000c, R11=0x00007fb15d4aaa84
R12=0x00007fb154438970, R13=0x0000000000000000, R14=0x00007fb1544696a0, R15=0x00007fb1544696a0
RIP=0x00007fb0ea02ca66, EFLAGS=0x0000000000010202, CSGSFS=0x002b000000000033, ERR=0x0000000000000004
  TRAPNO=0x000000000000000e

Top of Stack: (sp=0x00007fb15d5fdb10)
0x00007fb15d5fdb10:   00007fb15d5fdb38 00007fb15d5fdb90
0x00007fb15d5fdb20:   00007fb13c609fc0 0000000000000000
0x00007fb15d5fdb30:   00000000ffffffff 00000000c6bf8768
0x00007fb15d5fdb40:   0000000000000000 00007fb154016b48 

Instructions: (pc=0x00007fb0ea02ca66)
0x00007fb0ea02c966:   55 49 89 f5 be 01 01 00 00 41 54 55 48 89 fd 53
0x00007fb0ea02c976:   48 83 ec 60 80 39 00 66 89 74 24 20 74 09 48 89
0x00007fb0ea02c986:   0c 24 c6 44 24 20 03 48 8b 7d 30 e8 ea 14 fc ff
0x00007fb0ea02c996:   48 89 c7 e8 62 46 0e 00 4c 89 ee 48 89 c7 e8 c7
0x00007fb0ea02c9a6:   45 01 00 be 01 00 00 00 bf 40 00 00 00 89 c3 b8
0x00007fb0ea02c9b6:   01 01 00 00 66 89 44 24 50 e8 bc 09 13 00 48 8d
0x00007fb0ea02c9c6:   4c 24 30 41 89 d9 45 31 c0 48 83 ec 08 48 89 c7
0x00007fb0ea02c9d6:   4c 89 f2 4c 89 ee 6a 00 49 89 c4 e8 3a 5c 09 00
0x00007fb0ea02c9e6:   48 8b 7d 50 48 8b 4d 30 4c 89 e6 48 8d 54 24 10
0x00007fb0ea02c9f6:   4c 8b 45 38 48 8b 07 ff 50 10 48 8b 5d 00 8b 6d
0x00007fb0ea02ca06:   08 5a 59 48 c1 e5 04 48 01 dd 48 39 eb 74 1a 0f
0x00007fb0ea02ca16:   1f 00 48 8b 53 08 8b 33 4c 89 e7 48 83 c3 10 e8
0x00007fb0ea02ca26:   16 14 0e 00 48 39 dd 75 e9 48 83 c4 60 4c 89 e0
0x00007fb0ea02ca36:   5b 5d 41 5c 41 5d 41 5e c3 90 41 56 49 89 d6 41
0x00007fb0ea02ca46:   55 49 89 f5 41 54 55 48 89 fd 53 48 83 ec 30 48
0x00007fb0ea02ca56:   8b 7f 30 e8 22 14 fc ff 48 89 c7 e8 9a 45 0e 00
0x00007fb0ea02ca66:   49 8b 75 00 48 89 c7 e8 fe 44 01 00 be 02 00 00
0x00007fb0ea02ca76:   00 bf 40 00 00 00 89 c3 b8 01 01 00 00 66 89 44
0x00007fb0ea02ca86:   24 20 e8 f3 08 13 00 41 89 d8 45 31 c9 31 c9 48
0x00007fb0ea02ca96:   89 c7 4c 89 f2 4c 89 ee 49 89 c4 e8 6a 62 09 00
0x00007fb0ea02caa6:   48 8b 7d 50 48 8b 4d 30 48 89 e2 4c 8b 45 38 4c
0x00007fb0ea02cab6:   89 e6 48 8b 07 ff 50 10 48 8b 5d 00 8b 6d 08 48
0x00007fb0ea02cac6:   c1 e5 04 48 01 dd 48 39 eb 74 1e 0f 1f 80 00 00
0x00007fb0ea02cad6:   00 00 48 8b 53 08 8b 33 4c 89 e7 48 83 c3 10 e8
0x00007fb0ea02cae6:   56 13 0e 00 48 39 dd 75 e9 48 83 c4 30 4c 89 e0
0x00007fb0ea02caf6:   5b 5d 41 5c 41 5d 41 5e c3 90 41 56 b8 01 01 00
0x00007fb0ea02cb06:   00 41 55 41 89 f5 41 54 55 48 89 fd 53 48 83 ec
0x00007fb0ea02cb16:   30 80 39 00 66 89 44 24 20 74 09 48 89 0c 24 c6
0x00007fb0ea02cb26:   44 24 20 03 45 31 f6 85 d2 bf 40 00 00 00 41 0f
0x00007fb0ea02cb36:   94 c6 31 f6 e8 41 08 13 00 48 8b 75 40 45 31 c0
0x00007fb0ea02cb46:   44 89 f1 48 89 c7 44 89 ea 49 89 c4 e8 39 6f 09
0x00007fb0ea02cb56:   00 48 8b 7d 50 48 8b 4d 30 48 89 e2 4c 8b 45 38 


Stack slot to memory mapping:
stack at sp + 0 slots: 0x00007fb15d5fdb38 is pointing into the stack for thread: 0x00007fb154016800
stack at sp + 1 slots: 0x00007fb15d5fdb90 is pointing into the stack for thread: 0x00007fb154016800
stack at sp + 2 slots: 0x00007fb13c609fc0 is at code_begin+1664 in an Interpreter codelet
invoke return entry points  [0x00007fb13c609940, 0x00007fb13c60a360]  2592 bytes
stack at sp + 3 slots: 0x0 is NULL
stack at sp + 4 slots: 0x00000000ffffffff is an unallocated location in the heap
stack at sp + 5 slots: 0x00000000c6bf8768 points into unknown readable memory: 0x0000000000000005 | 05 00 00 00 00 00 00 00
stack at sp + 6 slots: 0x0 is NULL
stack at sp + 7 slots: 0x00007fb154016b48 points into unknown readable memory: 0x00007fb15d446b40 | 40 6b 44 5d b1 7f 00 00


---------------  P R O C E S S  ---------------

Threads class SMR info:
_java_thread_list=0x00007fb10c3991a0, length=12, elements={
0x00007fb154016800, 0x00007fb154128000, 0x00007fb15412a000, 0x00007fb15412f800,
0x00007fb154131800, 0x00007fb154134000, 0x00007fb154136000, 0x00007fb154138000,
0x00007fb15415e000, 0x00007fb15422b000, 0x00007fb154245800, 0x00007fb10c397800
}

Java Threads: ( => current thread )
=>0x00007fb154016800 JavaThread "main" [_thread_in_native, id=45556, stack(0x00007fb15d500000,0x00007fb15d600000)]
  0x00007fb154128000 JavaThread "Reference Handler" daemon [_thread_blocked, id=45571, stack(0x00007fb15821b000,0x00007fb15831b000)]
  0x00007fb15412a000 JavaThread "Finalizer" daemon [_thread_blocked, id=45572, stack(0x00007fb15811b000,0x00007fb15821b000)]
  0x00007fb15412f800 JavaThread "Signal Dispatcher" daemon [_thread_blocked, id=45574, stack(0x00007fb15801b000,0x00007fb15811b000)]
  0x00007fb154131800 JavaThread "Service Thread" daemon [_thread_blocked, id=45576, stack(0x00007fb153f00000,0x00007fb154000000)]
  0x00007fb154134000 JavaThread "C2 CompilerThread0" daemon [_thread_blocked, id=45579, stack(0x00007fb13c500000,0x00007fb13c600000)]
  0x00007fb154136000 JavaThread "C1 CompilerThread0" daemon [_thread_blocked, id=45580, stack(0x00007fb13c400000,0x00007fb13c500000)]
  0x00007fb154138000 JavaThread "Sweeper thread" daemon [_thread_blocked, id=45582, stack(0x00007fb13c300000,0x00007fb13c400000)]
  0x00007fb15415e000 JavaThread "Common-Cleaner" daemon [_thread_blocked, id=45583, stack(0x00007fb13c200000,0x00007fb13c300000)]
  0x00007fb15422b000 JavaThread "Monitor Ctrl-Break" daemon [_thread_in_native, id=45586, stack(0x00007fb13c100000,0x00007fb13c200000)]
  0x00007fb154245800 JavaThread "JavaCPP Deallocator" daemon [_thread_blocked, id=45589, stack(0x00007fb13c000000,0x00007fb13c100000)]
  0x00007fb10c397800 JavaThread "C2 CompilerThread1" daemon [_thread_blocked, id=45590, stack(0x00007fb12d3fa000,0x00007fb12d4fa000)]

Other Threads:
  0x00007fb154125800 VMThread "VM Thread" [stack: 0x00007fb15831c000,0x00007fb15841c000] [id=45570]
  0x00007fb15422d800 WatcherThread [stack: 0x00007fb12df00000,0x00007fb12e000000] [id=45587]
  0x00007fb15402f800 GCTaskThread "GC Thread#0" [stack: 0x00007fb15bc15000,0x00007fb15bd15000] [id=45561]
  0x00007fb15404a800 ConcurrentGCThread "G1 Main Marker" [stack: 0x00007fb159324000,0x00007fb159424000] [id=45563]
  0x00007fb15404c800 ConcurrentGCThread "G1 Conc#0" [stack: 0x00007fb159223000,0x00007fb159323000] [id=45564]
  0x00007fb154090000 ConcurrentGCThread "G1 Refine#0" [stack: 0x00007fb158d1e000,0x00007fb158e1e000] [id=45565]
  0x00007fb154092000 ConcurrentGCThread "G1 Young RemSet Sampling" [stack: 0x00007fb158c1d000,0x00007fb158d1d000] [id=45566]

Threads with active compile tasks:

VM state:not at safepoint (normal execution)

VM Mutex/Monitor currently owned by a thread: None

Heap address: 0x00000000c3800000, size: 968 MB, Compressed Oops mode: 32-bit
Narrow klass base: 0x0000000800000000, Narrow klass shift: 3
Compressed class space size: 1073741824 Address: 0x0000000840000000

Heap:
 garbage-first heap   total 65536K, used 9936K [0x00000000c3800000, 0x0000000100000000)
  region size 1024K, 11 young (11264K), 0 survivors (0K)
 Metaspace       used 3964K, capacity 6551K, committed 6656K, reserved 1056768K
  class space    used 433K, capacity 695K, committed 768K, reserved 1048576K
Heap Regions: E=young(eden), S=young(survivor), O=old, HS=humongous(starts), HC=humongous(continues), CS=collection set, F=free, A=archive, TAMS=top-at-mark-start (previous, next)
|   0|0x00000000c3800000, 0x00000000c3800000, 0x00000000c3900000|  0%| F|  |TAMS 0x00000000c3800000, 0x00000000c3800000| Untracked 
|   1|0x00000000c3900000, 0x00000000c3900000, 0x00000000c3a00000|  0%| F|  |TAMS 0x00000000c3900000, 0x00000000c3900000| Untracked 
|   2|0x00000000c3a00000, 0x00000000c3a00000, 0x00000000c3b00000|  0%| F|  |TAMS 0x00000000c3a00000, 0x00000000c3a00000| Untracked 
|   3|0x00000000c3b00000, 0x00000000c3b00000, 0x00000000c3c00000|  0%| F|  |TAMS 0x00000000c3b00000, 0x00000000c3b00000| Untracked 
|   4|0x00000000c3c00000, 0x00000000c3c00000, 0x00000000c3d00000|  0%| F|  |TAMS 0x00000000c3c00000, 0x00000000c3c00000| Untracked 
|   5|0x00000000c3d00000, 0x00000000c3d00000, 0x00000000c3e00000|  0%| F|  |TAMS 0x00000000c3d00000, 0x00000000c3d00000| Untracked 
|   6|0x00000000c3e00000, 0x00000000c3e00000, 0x00000000c3f00000|  0%| F|  |TAMS 0x00000000c3e00000, 0x00000000c3e00000| Untracked 
|   7|0x00000000c3f00000, 0x00000000c3f00000, 0x00000000c4000000|  0%| F|  |TAMS 0x00000000c3f00000, 0x00000000c3f00000| Untracked 
|   8|0x00000000c4000000, 0x00000000c4000000, 0x00000000c4100000|  0%| F|  |TAMS 0x00000000c4000000, 0x00000000c4000000| Untracked 
|   9|0x00000000c4100000, 0x00000000c4100000, 0x00000000c4200000|  0%| F|  |TAMS 0x00000000c4100000, 0x00000000c4100000| Untracked 
|  10|0x00000000c4200000, 0x00000000c4200000, 0x00000000c4300000|  0%| F|  |TAMS 0x00000000c4200000, 0x00000000c4200000| Untracked 
|  11|0x00000000c4300000, 0x00000000c4300000, 0x00000000c4400000|  0%| F|  |TAMS 0x00000000c4300000, 0x00000000c4300000| Untracked 
|  12|0x00000000c4400000, 0x00000000c4400000, 0x00000000c4500000|  0%| F|  |TAMS 0x00000000c4400000, 0x00000000c4400000| Untracked 
|  13|0x00000000c4500000, 0x00000000c4500000, 0x00000000c4600000|  0%| F|  |TAMS 0x00000000c4500000, 0x00000000c4500000| Untracked 
|  14|0x00000000c4600000, 0x00000000c4600000, 0x00000000c4700000|  0%| F|  |TAMS 0x00000000c4600000, 0x00000000c4600000| Untracked 
|  15|0x00000000c4700000, 0x00000000c4700000, 0x00000000c4800000|  0%| F|  |TAMS 0x00000000c4700000, 0x00000000c4700000| Untracked 
|  16|0x00000000c4800000, 0x00000000c4800000, 0x00000000c4900000|  0%| F|  |TAMS 0x00000000c4800000, 0x00000000c4800000| Untracked 
|  17|0x00000000c4900000, 0x00000000c4900000, 0x00000000c4a00000|  0%| F|  |TAMS 0x00000000c4900000, 0x00000000c4900000| Untracked 
|  18|0x00000000c4a00000, 0x00000000c4a00000, 0x00000000c4b00000|  0%| F|  |TAMS 0x00000000c4a00000, 0x00000000c4a00000| Untracked 
|  19|0x00000000c4b00000, 0x00000000c4b00000, 0x00000000c4c00000|  0%| F|  |TAMS 0x00000000c4b00000, 0x00000000c4b00000| Untracked 
|  20|0x00000000c4c00000, 0x00000000c4c00000, 0x00000000c4d00000|  0%| F|  |TAMS 0x00000000c4c00000, 0x00000000c4c00000| Untracked 
|  21|0x00000000c4d00000, 0x00000000c4d00000, 0x00000000c4e00000|  0%| F|  |TAMS 0x00000000c4d00000, 0x00000000c4d00000| Untracked 
|  22|0x00000000c4e00000, 0x00000000c4e00000, 0x00000000c4f00000|  0%| F|  |TAMS 0x00000000c4e00000, 0x00000000c4e00000| Untracked 
|  23|0x00000000c4f00000, 0x00000000c4f00000, 0x00000000c5000000|  0%| F|  |TAMS 0x00000000c4f00000, 0x00000000c4f00000| Untracked 
|  24|0x00000000c5000000, 0x00000000c5000000, 0x00000000c5100000|  0%| F|  |TAMS 0x00000000c5000000, 0x00000000c5000000| Untracked 
|  25|0x00000000c5100000, 0x00000000c5100000, 0x00000000c5200000|  0%| F|  |TAMS 0x00000000c5100000, 0x00000000c5100000| Untracked 
|  26|0x00000000c5200000, 0x00000000c5200000, 0x00000000c5300000|  0%| F|  |TAMS 0x00000000c5200000, 0x00000000c5200000| Untracked 
|  27|0x00000000c5300000, 0x00000000c5300000, 0x00000000c5400000|  0%| F|  |TAMS 0x00000000c5300000, 0x00000000c5300000| Untracked 
|  28|0x00000000c5400000, 0x00000000c5400000, 0x00000000c5500000|  0%| F|  |TAMS 0x00000000c5400000, 0x00000000c5400000| Untracked 
|  29|0x00000000c5500000, 0x00000000c5500000, 0x00000000c5600000|  0%| F|  |TAMS 0x00000000c5500000, 0x00000000c5500000| Untracked 
|  30|0x00000000c5600000, 0x00000000c5600000, 0x00000000c5700000|  0%| F|  |TAMS 0x00000000c5600000, 0x00000000c5600000| Untracked 
|  31|0x00000000c5700000, 0x00000000c5700000, 0x00000000c5800000|  0%| F|  |TAMS 0x00000000c5700000, 0x00000000c5700000| Untracked 
|  32|0x00000000c5800000, 0x00000000c5800000, 0x00000000c5900000|  0%| F|  |TAMS 0x00000000c5800000, 0x00000000c5800000| Untracked 
|  33|0x00000000c5900000, 0x00000000c5900000, 0x00000000c5a00000|  0%| F|  |TAMS 0x00000000c5900000, 0x00000000c5900000| Untracked 
|  34|0x00000000c5a00000, 0x00000000c5a00000, 0x00000000c5b00000|  0%| F|  |TAMS 0x00000000c5a00000, 0x00000000c5a00000| Untracked 
|  35|0x00000000c5b00000, 0x00000000c5b00000, 0x00000000c5c00000|  0%| F|  |TAMS 0x00000000c5b00000, 0x00000000c5b00000| Untracked 
|  36|0x00000000c5c00000, 0x00000000c5c00000, 0x00000000c5d00000|  0%| F|  |TAMS 0x00000000c5c00000, 0x00000000c5c00000| Untracked 
|  37|0x00000000c5d00000, 0x00000000c5d00000, 0x00000000c5e00000|  0%| F|  |TAMS 0x00000000c5d00000, 0x00000000c5d00000| Untracked 
|  38|0x00000000c5e00000, 0x00000000c5e00000, 0x00000000c5f00000|  0%| F|  |TAMS 0x00000000c5e00000, 0x00000000c5e00000| Untracked 
|  39|0x00000000c5f00000, 0x00000000c5f00000, 0x00000000c6000000|  0%| F|  |TAMS 0x00000000c5f00000, 0x00000000c5f00000| Untracked 
|  40|0x00000000c6000000, 0x00000000c6000000, 0x00000000c6100000|  0%| F|  |TAMS 0x00000000c6000000, 0x00000000c6000000| Untracked 
|  41|0x00000000c6100000, 0x00000000c6100000, 0x00000000c6200000|  0%| F|  |TAMS 0x00000000c6100000, 0x00000000c6100000| Untracked 
|  42|0x00000000c6200000, 0x00000000c6200000, 0x00000000c6300000|  0%| F|  |TAMS 0x00000000c6200000, 0x00000000c6200000| Untracked 
|  43|0x00000000c6300000, 0x00000000c6300000, 0x00000000c6400000|  0%| F|  |TAMS 0x00000000c6300000, 0x00000000c6300000| Untracked 
|  44|0x00000000c6400000, 0x00000000c6400000, 0x00000000c6500000|  0%| F|  |TAMS 0x00000000c6400000, 0x00000000c6400000| Untracked 
|  45|0x00000000c6500000, 0x00000000c6500000, 0x00000000c6600000|  0%| F|  |TAMS 0x00000000c6500000, 0x00000000c6500000| Untracked 
|  46|0x00000000c6600000, 0x00000000c6600000, 0x00000000c6700000|  0%| F|  |TAMS 0x00000000c6600000, 0x00000000c6600000| Untracked 
|  47|0x00000000c6700000, 0x00000000c6700000, 0x00000000c6800000|  0%| F|  |TAMS 0x00000000c6700000, 0x00000000c6700000| Untracked 
|  48|0x00000000c6800000, 0x00000000c6800000, 0x00000000c6900000|  0%| F|  |TAMS 0x00000000c6800000, 0x00000000c6800000| Untracked 
|  49|0x00000000c6900000, 0x00000000c6900000, 0x00000000c6a00000|  0%| F|  |TAMS 0x00000000c6900000, 0x00000000c6900000| Untracked 
|  50|0x00000000c6a00000, 0x00000000c6a00000, 0x00000000c6b00000|  0%| F|  |TAMS 0x00000000c6a00000, 0x00000000c6a00000| Untracked 
|  51|0x00000000c6b00000, 0x00000000c6c00000, 0x00000000c6c00000|100%| E|  |TAMS 0x00000000c6b00000, 0x00000000c6b00000| Complete 
|  52|0x00000000c6c00000, 0x00000000c6d00000, 0x00000000c6d00000|100%| E|CS|TAMS 0x00000000c6c00000, 0x00000000c6c00000| Complete 
|  53|0x00000000c6d00000, 0x00000000c6e00000, 0x00000000c6e00000|100%| E|CS|TAMS 0x00000000c6d00000, 0x00000000c6d00000| Complete 
|  54|0x00000000c6e00000, 0x00000000c6f00000, 0x00000000c6f00000|100%| E|CS|TAMS 0x00000000c6e00000, 0x00000000c6e00000| Complete 
|  55|0x00000000c6f00000, 0x00000000c7000000, 0x00000000c7000000|100%| E|CS|TAMS 0x00000000c6f00000, 0x00000000c6f00000| Complete 
|  56|0x00000000c7000000, 0x00000000c7100000, 0x00000000c7100000|100%| E|CS|TAMS 0x00000000c7000000, 0x00000000c7000000| Complete 
|  57|0x00000000c7100000, 0x00000000c7200000, 0x00000000c7200000|100%| E|CS|TAMS 0x00000000c7100000, 0x00000000c7100000| Complete 
|  58|0x00000000c7200000, 0x00000000c7300000, 0x00000000c7300000|100%| E|CS|TAMS 0x00000000c7200000, 0x00000000c7200000| Complete 
|  59|0x00000000c7300000, 0x00000000c7400000, 0x00000000c7400000|100%| E|  |TAMS 0x00000000c7300000, 0x00000000c7300000| Complete 
|  60|0x00000000c7400000, 0x00000000c7500000, 0x00000000c7500000|100%| E|CS|TAMS 0x00000000c7400000, 0x00000000c7400000| Complete 
|  61|0x00000000c7500000, 0x00000000c7600000, 0x00000000c7600000|100%| E|CS|TAMS 0x00000000c7500000, 0x00000000c7500000| Complete 
| 966|0x00000000ffe00000, 0x00000000ffe48000, 0x00000000fff00000| 28%|OA|  |TAMS 0x00000000ffe00000, 0x00000000ffe00000| Untracked 
| 967|0x00000000fff00000, 0x00000000fff6c000, 0x0000000100000000| 42%|CA|  |TAMS 0x00000000fff00000, 0x00000000fff00000| Untracked 

Card table byte_map: [0x00007fb15b448000,0x00007fb15b62c000] _byte_map_base: 0x00007fb15ae2c000

Marking Bits (Prev, Next): (CMBitMap*) 0x00007fb154045c68, (CMBitMap*) 0x00007fb154045ca0
 Prev Bits: [0x00007fb15a344000, 0x00007fb15b264000)
 Next Bits: [0x00007fb159424000, 0x00007fb15a344000)

Polling page: 0x00007fb15d8ce000

Metaspace:

Usage:
  Non-class:      5.72 MB capacity,     3.45 MB ( 60%) used,     2.26 MB ( 40%) free+waste,     6.94 KB ( <1%) overhead. 
      Class:    695.00 KB capacity,   433.65 KB ( 62%) used,   257.60 KB ( 37%) free+waste,     3.75 KB ( <1%) overhead. 
       Both:      6.40 MB capacity,     3.87 MB ( 61%) used,     2.52 MB ( 39%) free+waste,    10.69 KB ( <1%) overhead. 

Virtual space:
  Non-class space:        8.00 MB reserved,       5.75 MB ( 72%) committed 
      Class space:        1.00 GB reserved,     768.00 KB ( <1%) committed 
             Both:        1.01 GB reserved,       6.50 MB ( <1%) committed 

Chunk freelists:
   Non-Class:  0 bytes
       Class:  9.00 KB
        Both:  9.00 KB

MaxMetaspaceSize: unlimited
CompressedClassSpaceSize: 1.00 GB
Initial GC threshold: 20.80 MB
Current GC threshold: 20.80 MB
CDS: on

CodeHeap 'non-profiled nmethods': size=120032Kb used=230Kb max_used=230Kb free=119801Kb
 bounds [0x00007fb1440c8000, 0x00007fb144338000, 0x00007fb14b600000]
CodeHeap 'profiled nmethods': size=120032Kb used=1333Kb max_used=1333Kb free=118698Kb
 bounds [0x00007fb13cb90000, 0x00007fb13ce00000, 0x00007fb1440c8000]
CodeHeap 'non-nmethods': size=5696Kb used=1148Kb max_used=1160Kb free=4547Kb
 bounds [0x00007fb13c600000, 0x00007fb13c870000, 0x00007fb13cb90000]
 total_blobs=1172 nmethods=763 adapters=323
 compilation: enabled
              stopped_count=0, restarted_count=0
 full_count=0

Compilation events (20 events):
Event: 0.300 Thread 0x00007fb154136000 nmethod 741 0x00007fb1440ff610 code [0x00007fb1440ff7c0, 0x00007fb1440ff890]
Event: 0.300 Thread 0x00007fb154136000  746       3       jdk.internal.org.objectweb.asm.MethodWriter::visitVarInsn (300 bytes)
Event: 0.301 Thread 0x00007fb154136000 nmethod 746 0x00007fb13ccd1610 code [0x00007fb13ccd1880, 0x00007fb13ccd2280]
Event: 0.301 Thread 0x00007fb154136000  747       3       jdk.internal.org.objectweb.asm.Frame::execute (2264 bytes)
Event: 0.304 Thread 0x00007fb154136000 nmethod 747 0x00007fb13ccd2590 code [0x00007fb13ccd3420, 0x00007fb13ccda0f0]
Event: 0.304 Thread 0x00007fb154136000  761       3       java.lang.invoke.LambdaForm$Name::useCount (42 bytes)
Event: 0.304 Thread 0x00007fb154136000 nmethod 761 0x00007fb13ccdbf90 code [0x00007fb13ccdc160, 0x00007fb13ccdc470]
Event: 0.304 Thread 0x00007fb154136000  750       3       java.util.ImmutableCollections$ListN::get (7 bytes)
Event: 0.304 Thread 0x00007fb154136000 nmethod 750 0x00007fb13ccdc590 code [0x00007fb13ccdc740, 0x00007fb13ccdc870]
Event: 0.304 Thread 0x00007fb154136000  753       3       java.lang.Number::<init> (5 bytes)
Event: 0.304 Thread 0x00007fb154136000 nmethod 753 0x00007fb13ccdc910 code [0x00007fb13ccdcac0, 0x00007fb13ccdcc30]
Event: 0.304 Thread 0x00007fb154136000  748       3       jdk.internal.org.objectweb.asm.ClassWriter::put122 (15 bytes)
Event: 0.304 Thread 0x00007fb154136000 nmethod 748 0x00007fb13ccdcd10 code [0x00007fb13ccdcee0, 0x00007fb13ccdd090]
Event: 0.304 Thread 0x00007fb154136000  756       1       java.lang.invoke.LambdaForm$Name::type (5 bytes)
Event: 0.304 Thread 0x00007fb154136000 nmethod 756 0x00007fb144101110 code [0x00007fb1441012c0, 0x00007fb144101390]
Event: 0.304 Thread 0x00007fb154136000  762       3       java.lang.invoke.LambdaForm$NamedFunction::methodType (23 bytes)
Event: 0.304 Thread 0x00007fb154136000 nmethod 762 0x00007fb13ccdd190 code [0x00007fb13ccdd360, 0x00007fb13ccdd5a0]
Event: 0.304 Thread 0x00007fb154136000  752       1       java.lang.invoke.MethodTypeForm::basicType (5 bytes)
Event: 0.304 Thread 0x00007fb154136000 nmethod 752 0x00007fb144101410 code [0x00007fb1441015c0, 0x00007fb144101690]
Event: 0.305 Thread 0x00007fb10c397800  763       4       java.lang.StringBuilder::<init> (7 bytes)

GC Heap History (0 events):
No events

Deoptimization events (20 events):
Event: 0.258 Thread 0x00007fb154016800 DEOPT PACKING pc=0x00007fb13cc0a1c2 sp=0x00007fb15d5fd020
Event: 0.258 Thread 0x00007fb154016800 DEOPT UNPACKING pc=0x00007fb13c64a64a sp=0x00007fb15d5fc4a8 mode 0
Event: 0.259 Thread 0x00007fb154016800 DEOPT PACKING pc=0x00007fb13cbc864f sp=0x00007fb15d5fcfd0
Event: 0.259 Thread 0x00007fb154016800 DEOPT UNPACKING pc=0x00007fb13c64a64a sp=0x00007fb15d5fc478 mode 0
Event: 0.296 Thread 0x00007fb154016800 Uncommon trap: trap_request=0xffffffc6 fr.pc=0x00007fb1440d19a4 relative=0x0000000000000084
Event: 0.296 Thread 0x00007fb154016800 Uncommon trap: reason=bimorphic_or_optimized_type_check action=maybe_recompile pc=0x00007fb1440d19a4 method=java.util.AbstractCollection.isEmpty()Z @ 1 c2
Event: 0.296 Thread 0x00007fb154016800 DEOPT PACKING pc=0x00007fb1440d19a4 sp=0x00007fb15d5fd290
Event: 0.296 Thread 0x00007fb154016800 DEOPT UNPACKING pc=0x00007fb13c649ea5 sp=0x00007fb15d5fd240 mode 2
Event: 0.296 Thread 0x00007fb154016800 Uncommon trap: trap_request=0xffffffc6 fr.pc=0x00007fb1440d19a4 relative=0x0000000000000084
Event: 0.296 Thread 0x00007fb154016800 Uncommon trap: reason=bimorphic_or_optimized_type_check action=maybe_recompile pc=0x00007fb1440d19a4 method=java.util.AbstractCollection.isEmpty()Z @ 1 c2
Event: 0.296 Thread 0x00007fb154016800 DEOPT PACKING pc=0x00007fb1440d19a4 sp=0x00007fb15d5fd460
Event: 0.296 Thread 0x00007fb154016800 DEOPT UNPACKING pc=0x00007fb13c649ea5 sp=0x00007fb15d5fd410 mode 2
Event: 0.297 Thread 0x00007fb154016800 Uncommon trap: trap_request=0xffffffc6 fr.pc=0x00007fb1440d19a4 relative=0x0000000000000084
Event: 0.297 Thread 0x00007fb154016800 Uncommon trap: reason=bimorphic_or_optimized_type_check action=maybe_recompile pc=0x00007fb1440d19a4 method=java.util.AbstractCollection.isEmpty()Z @ 1 c2
Event: 0.297 Thread 0x00007fb154016800 DEOPT PACKING pc=0x00007fb1440d19a4 sp=0x00007fb15d5fd480
Event: 0.297 Thread 0x00007fb154016800 DEOPT UNPACKING pc=0x00007fb13c649ea5 sp=0x00007fb15d5fd430 mode 2
Event: 0.297 Thread 0x00007fb154016800 Uncommon trap: trap_request=0xffffffc6 fr.pc=0x00007fb1440d19a4 relative=0x0000000000000084
Event: 0.297 Thread 0x00007fb154016800 Uncommon trap: reason=bimorphic_or_optimized_type_check action=maybe_recompile pc=0x00007fb1440d19a4 method=java.util.AbstractCollection.isEmpty()Z @ 1 c2
Event: 0.297 Thread 0x00007fb154016800 DEOPT PACKING pc=0x00007fb1440d19a4 sp=0x00007fb15d5fd290
Event: 0.297 Thread 0x00007fb154016800 DEOPT UNPACKING pc=0x00007fb13c649ea5 sp=0x00007fb15d5fd240 mode 2

Classes redefined (0 events):
No events

Internal exceptions (20 events):
Event: 0.095 Thread 0x00007fb154016800 Exception <a 'java/security/PrivilegedActionException'{0x00000000c74edfc0}> (0x00000000c74edfc0) thrown at [./src/hotspot/share/prims/jvm.cpp, line 1304]
Event: 0.095 Thread 0x00007fb154016800 Exception <a 'java/security/PrivilegedActionException'{0x00000000c74ee290}> (0x00000000c74ee290) thrown at [./src/hotspot/share/prims/jvm.cpp, line 1304]
Event: 0.095 Thread 0x00007fb154016800 Exception <a 'java/security/PrivilegedActionException'{0x00000000c74eec00}> (0x00000000c74eec00) thrown at [./src/hotspot/share/prims/jvm.cpp, line 1304]
Event: 0.095 Thread 0x00007fb154016800 Exception <a 'java/security/PrivilegedActionException'{0x00000000c74eeed0}> (0x00000000c74eeed0) thrown at [./src/hotspot/share/prims/jvm.cpp, line 1304]
Event: 0.095 Thread 0x00007fb154016800 Exception <a 'java/security/PrivilegedActionException'{0x00000000c74ef840}> (0x00000000c74ef840) thrown at [./src/hotspot/share/prims/jvm.cpp, line 1304]
Event: 0.095 Thread 0x00007fb154016800 Exception <a 'java/security/PrivilegedActionException'{0x00000000c74efb10}> (0x00000000c74efb10) thrown at [./src/hotspot/share/prims/jvm.cpp, line 1304]
Event: 0.095 Thread 0x00007fb154016800 Exception <a 'java/security/PrivilegedActionException'{0x00000000c74f0498}> (0x00000000c74f0498) thrown at [./src/hotspot/share/prims/jvm.cpp, line 1304]
Event: 0.095 Thread 0x00007fb154016800 Exception <a 'java/security/PrivilegedActionException'{0x00000000c74f0768}> (0x00000000c74f0768) thrown at [./src/hotspot/share/prims/jvm.cpp, line 1304]
Event: 0.095 Thread 0x00007fb154016800 Exception <a 'java/security/PrivilegedActionException'{0x00000000c74f10f0}> (0x00000000c74f10f0) thrown at [./src/hotspot/share/prims/jvm.cpp, line 1304]
Event: 0.095 Thread 0x00007fb154016800 Exception <a 'java/security/PrivilegedActionException'{0x00000000c74f13c0}> (0x00000000c74f13c0) thrown at [./src/hotspot/share/prims/jvm.cpp, line 1304]
Event: 0.095 Thread 0x00007fb154016800 Exception <a 'java/security/PrivilegedActionException'{0x00000000c74f1d48}> (0x00000000c74f1d48) thrown at [./src/hotspot/share/prims/jvm.cpp, line 1304]
Event: 0.095 Thread 0x00007fb154016800 Exception <a 'java/security/PrivilegedActionException'{0x00000000c74f2018}> (0x00000000c74f2018) thrown at [./src/hotspot/share/prims/jvm.cpp, line 1304]
Event: 0.095 Thread 0x00007fb154016800 Exception <a 'java/security/PrivilegedActionException'{0x00000000c74f2988}> (0x00000000c74f2988) thrown at [./src/hotspot/share/prims/jvm.cpp, line 1304]
Event: 0.095 Thread 0x00007fb154016800 Exception <a 'java/security/PrivilegedActionException'{0x00000000c74f2c58}> (0x00000000c74f2c58) thrown at [./src/hotspot/share/prims/jvm.cpp, line 1304]
Event: 0.095 Thread 0x00007fb154016800 Exception <a 'java/security/PrivilegedActionException'{0x00000000c74f35e0}> (0x00000000c74f35e0) thrown at [./src/hotspot/share/prims/jvm.cpp, line 1304]
Event: 0.096 Thread 0x00007fb154016800 Exception <a 'java/security/PrivilegedActionException'{0x00000000c74f38b0}> (0x00000000c74f38b0) thrown at [./src/hotspot/share/prims/jvm.cpp, line 1304]
Event: 0.122 Thread 0x00007fb154016800 Exception <a 'java/lang/NoSuchMethodError'{0x00000000c7223598}: 'int java.lang.invoke.DirectMethodHandle$Holder.invokeStaticInit(java.lang.Object, java.lang.Object, java.lang.Object, java.lang.Object)'> (0x00000000c7223598) thrown at [./src/hotspot/share/interpreter/linkResolver.cpp, line 772]
Event: 0.123 Thread 0x00007fb154016800 Exception <a 'java/lang/IncompatibleClassChangeError'{0x00000000c722d318}: Found class java.lang.Object, but interface was expected> (0x00000000c722d318) thrown at [./src/hotspot/share/interpreter/linkResolver.cpp, line 839]
Event: 0.123 Thread 0x00007fb154016800 Exception <a 'java/lang/NoSuchMethodError'{0x00000000c72304c8}: 'void java.lang.invoke.DirectMethodHandle$Holder.invokeStaticInit(java.lang.Object, java.lang.Object)'> (0x00000000c72304c8) thrown at [./src/hotspot/share/interpreter/linkResolver.cpp, line 772]
Event: 0.124 Thread 0x00007fb154016800 Exception <a 'java/lang/NoSuchMethodError'{0x00000000c7235938}: 'int java.lang.invoke.DirectMethodHandle$Holder.invokeStaticInit(java.lang.Object, java.lang.Object)'> (0x00000000c7235938) thrown at [./src/hotspot/share/interpreter/linkResolver.cpp, line 772]

Events (20 events):
Event: 0.291 loading class org/bytedeco/javacpp/PointerScope$1
Event: 0.291 loading class org/bytedeco/javacpp/PointerScope$1 done
Event: 0.294 Executing VM operation: Deoptimize
Event: 0.294 Executing VM operation: Deoptimize done
Event: 0.296 loading class java/lang/invoke/BoundMethodHandle$Species_LL
Event: 0.296 loading class java/lang/invoke/BoundMethodHandle$Species_LL done
Event: 0.297 loading class java/lang/invoke/BoundMethodHandle$Species_LLL
Event: 0.297 loading class java/lang/invoke/BoundMethodHandle$Species_LLL done
Event: 0.298 loading class java/lang/invoke/BoundMethodHandle$Species_LLLL
Event: 0.298 loading class java/lang/invoke/BoundMethodHandle$Species_LLLL done
Event: 0.299 loading class java/lang/invoke/BoundMethodHandle$Species_LLLLL
Event: 0.299 loading class java/lang/invoke/BoundMethodHandle$Species_LLLLL done
Event: 0.300 loading class java/lang/invoke/BoundMethodHandle$Species_LLLLLL
Event: 0.300 loading class java/lang/invoke/BoundMethodHandle$Species_LLLLLL done
Event: 0.301 loading class java/lang/invoke/BoundMethodHandle$Species_LLLLLLI
Event: 0.301 loading class java/lang/invoke/BoundMethodHandle$Species_LLLLLLI done
Event: 0.302 loading class java/lang/invoke/BoundMethodHandle$Species_LLLLLLII
Event: 0.302 loading class java/lang/invoke/BoundMethodHandle$Species_LLLLLLII done
Event: 0.303 loading class java/lang/invoke/BoundMethodHandle$Species_LLLLLLIIL
Event: 0.303 loading class java/lang/invoke/BoundMethodHandle$Species_LLLLLLIIL done


Dynamic libraries:
c3800000-c7600000 rw-p 00000000 00:00 0 
c7600000-ffe00000 ---p 00000000 00:00 0 
ffe00000-ffe48000 rw-p 00b14000 08:03 265562                             /usr/lib/jvm/java-11-openjdk-amd64/lib/server/classes.jsa
ffe48000-fff00000 rw-p 00000000 00:00 0 
fff00000-fff6c000 rw-p 00aa8000 08:03 265562                             /usr/lib/jvm/java-11-openjdk-amd64/lib/server/classes.jsa
fff6c000-100000000 rw-p 00000000 00:00 0 
800000000-800002000 rwxp 00001000 08:03 265562                           /usr/lib/jvm/java-11-openjdk-amd64/lib/server/classes.jsa
800002000-8003ce000 rw-p 00003000 08:03 265562                           /usr/lib/jvm/java-11-openjdk-amd64/lib/server/classes.jsa
8003ce000-800aa6000 r--p 003cf000 08:03 265562                           /usr/lib/jvm/java-11-openjdk-amd64/lib/server/classes.jsa
800aa6000-800aa7000 rw-p 00aa7000 08:03 265562                           /usr/lib/jvm/java-11-openjdk-amd64/lib/server/classes.jsa
840000000-8400c0000 rw-p 00000000 00:00 0 
8400c0000-880000000 ---p 00000000 00:00 0 
563b67ee3000-563b67ee4000 r--p 00000000 08:03 265116                     /usr/lib/jvm/java-11-openjdk-amd64/bin/java
563b67ee4000-563b67ee5000 r-xp 00001000 08:03 265116                     /usr/lib/jvm/java-11-openjdk-amd64/bin/java
563b67ee5000-563b67ee6000 r--p 00002000 08:03 265116                     /usr/lib/jvm/java-11-openjdk-amd64/bin/java
563b67ee6000-563b67ee7000 r--p 00002000 08:03 265116                     /usr/lib/jvm/java-11-openjdk-amd64/bin/java
563b67ee7000-563b67ee8000 rw-p 00003000 08:03 265116                     /usr/lib/jvm/java-11-openjdk-amd64/bin/java
563b699ba000-563b699db000 rw-p 00000000 00:00 0                          [heap]
7fb0e9400000-7fb0e9d26000 r--p 00000000 08:03 1587749                    /home/ubuntu/.javacpp/cache/llvm-13.0.1-1.5.7-linux-x86_64.jar/org/bytedeco/llvm/linux-x86_64/libLLVM-13.so
7fb0e9d26000-7fb0ed6e9000 r-xp 00926000 08:03 1587749                    /home/ubuntu/.javacpp/cache/llvm-13.0.1-1.5.7-linux-x86_64.jar/org/bytedeco/llvm/linux-x86_64/libLLVM-13.so
7fb0ed6e9000-7fb0ef93e000 r--p 042e9000 08:03 1587749                    /home/ubuntu/.javacpp/cache/llvm-13.0.1-1.5.7-linux-x86_64.jar/org/bytedeco/llvm/linux-x86_64/libLLVM-13.so
7fb0ef93e000-7fb0efe53000 r--p 0653d000 08:03 1587749                    /home/ubuntu/.javacpp/cache/llvm-13.0.1-1.5.7-linux-x86_64.jar/org/bytedeco/llvm/linux-x86_64/libLLVM-13.so
7fb0efe53000-7fb0efe5e000 rw-p 06a52000 08:03 1587749                    /home/ubuntu/.javacpp/cache/llvm-13.0.1-1.5.7-linux-x86_64.jar/org/bytedeco/llvm/linux-x86_64/libLLVM-13.so
7fb0efe5e000-7fb0efed4000 rw-p 00000000 00:00 0 
7fb0f0000000-7fb0f0021000 rw-p 00000000 00:00 0 
7fb0f0021000-7fb0f4000000 ---p 00000000 00:00 0 
7fb0f4000000-7fb0f402e000 rw-p 00000000 00:00 0 
7fb0f402e000-7fb0f8000000 ---p 00000000 00:00 0 
7fb0f8000000-7fb0f8021000 rw-p 00000000 00:00 0 
7fb0f8021000-7fb0fc000000 ---p 00000000 00:00 0 
7fb0fc000000-7fb0fc021000 rw-p 00000000 00:00 0 
7fb0fc021000-7fb100000000 ---p 00000000 00:00 0 
7fb100000000-7fb100021000 rw-p 00000000 00:00 0 
7fb100021000-7fb104000000 ---p 00000000 00:00 0 
7fb104000000-7fb104021000 rw-p 00000000 00:00 0 
7fb104021000-7fb108000000 ---p 00000000 00:00 0 
7fb108000000-7fb10823b000 rw-p 00000000 00:00 0 
7fb10823b000-7fb10c000000 ---p 00000000 00:00 0 
7fb10c000000-7fb10c3ee000 rw-p 00000000 00:00 0 
7fb10c3ee000-7fb110000000 ---p 00000000 00:00 0 
7fb110000000-7fb110021000 rw-p 00000000 00:00 0 
7fb110021000-7fb114000000 ---p 00000000 00:00 0 
7fb114000000-7fb114021000 rw-p 00000000 00:00 0 
7fb114021000-7fb118000000 ---p 00000000 00:00 0 
7fb118000000-7fb118021000 rw-p 00000000 00:00 0 
7fb118021000-7fb11c000000 ---p 00000000 00:00 0 
7fb11c000000-7fb11c021000 rw-p 00000000 00:00 0 
7fb11c021000-7fb120000000 ---p 00000000 00:00 0 
7fb120000000-7fb120021000 rw-p 00000000 00:00 0 
7fb120021000-7fb124000000 ---p 00000000 00:00 0 
7fb124000000-7fb124021000 rw-p 00000000 00:00 0 
7fb124021000-7fb128000000 ---p 00000000 00:00 0 
7fb128000000-7fb128021000 rw-p 00000000 00:00 0 
7fb128021000-7fb12c000000 ---p 00000000 00:00 0 
7fb12d3fa000-7fb12d3fe000 ---p 00000000 00:00 0 
7fb12d3fe000-7fb12d4fa000 rw-p 00000000 00:00 0 
7fb12d4fa000-7fb12d55f000 r--p 00000000 08:03 1589997                    /home/ubuntu/.javacpp/cache/llvm-13.0.1-1.5.7-linux-x86_64.jar/org/bytedeco/llvm/linux-x86_64/libjniLLVM.so
7fb12d55f000-7fb12d5cd000 r-xp 00065000 08:03 1589997                    /home/ubuntu/.javacpp/cache/llvm-13.0.1-1.5.7-linux-x86_64.jar/org/bytedeco/llvm/linux-x86_64/libjniLLVM.so
7fb12d5cd000-7fb12d5f8000 r--p 000d3000 08:03 1589997                    /home/ubuntu/.javacpp/cache/llvm-13.0.1-1.5.7-linux-x86_64.jar/org/bytedeco/llvm/linux-x86_64/libjniLLVM.so
7fb12d5f8000-7fb12d5fb000 r--p 000fd000 08:03 1589997                    /home/ubuntu/.javacpp/cache/llvm-13.0.1-1.5.7-linux-x86_64.jar/org/bytedeco/llvm/linux-x86_64/libjniLLVM.so
7fb12d5fb000-7fb12d5fe000 rw-p 00100000 08:03 1589997                    /home/ubuntu/.javacpp/cache/llvm-13.0.1-1.5.7-linux-x86_64.jar/org/bytedeco/llvm/linux-x86_64/libjniLLVM.so
7fb12d5fe000-7fb12d600000 rw-p 00000000 00:00 0 
7fb12d600000-7fb12de78000 r--p 00000000 08:03 2365202                    /usr/lib/locale/locale-archive
7fb12deff000-7fb12df00000 ---p 00000000 00:00 0 
7fb12df00000-7fb130000000 rw-p 00000000 00:00 0 
7fb130000000-7fb130021000 rw-p 00000000 00:00 0 
7fb130021000-7fb134000000 ---p 00000000 00:00 0 
7fb134000000-7fb134021000 rw-p 00000000 00:00 0 
7fb134021000-7fb138000000 ---p 00000000 00:00 0 
7fb138000000-7fb138021000 rw-p 00000000 00:00 0 
7fb138021000-7fb13c000000 ---p 00000000 00:00 0 
7fb13c000000-7fb13c004000 ---p 00000000 00:00 0 
7fb13c004000-7fb13c100000 rw-p 00000000 00:00 0 
7fb13c100000-7fb13c104000 ---p 00000000 00:00 0 
7fb13c104000-7fb13c200000 rw-p 00000000 00:00 0 
7fb13c200000-7fb13c204000 ---p 00000000 00:00 0 
7fb13c204000-7fb13c300000 rw-p 00000000 00:00 0 
7fb13c300000-7fb13c304000 ---p 00000000 00:00 0 
7fb13c304000-7fb13c400000 rw-p 00000000 00:00 0 
7fb13c400000-7fb13c404000 ---p 00000000 00:00 0 
7fb13c404000-7fb13c500000 rw-p 00000000 00:00 0 
7fb13c500000-7fb13c504000 ---p 00000000 00:00 0 
7fb13c504000-7fb13c600000 rw-p 00000000 00:00 0 
7fb13c600000-7fb13c870000 rwxp 00000000 00:00 0 
7fb13c870000-7fb13cb90000 ---p 00000000 00:00 0 
7fb13cb90000-7fb13ce00000 rwxp 00000000 00:00 0 
7fb13ce00000-7fb1440c8000 ---p 00000000 00:00 0 
7fb1440c8000-7fb144338000 rwxp 00000000 00:00 0 
7fb144338000-7fb14b600000 ---p 00000000 00:00 0 
7fb14b600000-7fb153e25000 r--s 00000000 08:03 265275                     /usr/lib/jvm/java-11-openjdk-amd64/lib/modules
7fb153f00000-7fb153f04000 ---p 00000000 00:00 0 
7fb153f04000-7fb154000000 rw-p 00000000 00:00 0 
7fb154000000-7fb15446b000 rw-p 00000000 00:00 0 
7fb15446b000-7fb158000000 ---p 00000000 00:00 0 
7fb15801b000-7fb15801f000 ---p 00000000 00:00 0 
7fb15801f000-7fb15811b000 rw-p 00000000 00:00 0 
7fb15811b000-7fb15811f000 ---p 00000000 00:00 0 
7fb15811f000-7fb15821b000 rw-p 00000000 00:00 0 
7fb15821b000-7fb15821f000 ---p 00000000 00:00 0 
7fb15821f000-7fb15831b000 rw-p 00000000 00:00 0 
7fb15831b000-7fb15831c000 ---p 00000000 00:00 0 
7fb15831c000-7fb1589dc000 rw-p 00000000 00:00 0 
7fb1589dc000-7fb158c1c000 ---p 00000000 00:00 0 
7fb158c1c000-7fb158c1d000 ---p 00000000 00:00 0 
7fb158c1d000-7fb158d1d000 rw-p 00000000 00:00 0 
7fb158d1d000-7fb158d1e000 ---p 00000000 00:00 0 
7fb158d1e000-7fb159222000 rw-p 00000000 00:00 0 
7fb159222000-7fb159223000 ---p 00000000 00:00 0 
7fb159223000-7fb159323000 rw-p 00000000 00:00 0 
7fb159323000-7fb159324000 ---p 00000000 00:00 0 
7fb159324000-7fb15951c000 rw-p 00000000 00:00 0 
7fb15951c000-7fb15a33c000 ---p 00000000 00:00 0 
7fb15a33c000-7fb15a43c000 rw-p 00000000 00:00 0 
7fb15a43c000-7fb15b25c000 ---p 00000000 00:00 0 
7fb15b25c000-7fb15b283000 rw-p 00000000 00:00 0 
7fb15b283000-7fb15b447000 ---p 00000000 00:00 0 
7fb15b447000-7fb15b467000 rw-p 00000000 00:00 0 
7fb15b467000-7fb15b62b000 ---p 00000000 00:00 0 
7fb15b62b000-7fb15b64b000 rw-p 00000000 00:00 0 
7fb15b64b000-7fb15b80f000 ---p 00000000 00:00 0 
7fb15b80f000-7fb15bc14000 rw-p 00000000 00:00 0 
7fb15bc14000-7fb15bc15000 ---p 00000000 00:00 0 
7fb15bc15000-7fb15bd1a000 rw-p 00000000 00:00 0 
7fb15bd1a000-7fb15be00000 ---p 00000000 00:00 0 
7fb15be00000-7fb15be9a000 r--p 00000000 08:03 2360832                    /usr/lib/x86_64-linux-gnu/libstdc++.so.6.0.30
7fb15be9a000-7fb15bfab000 r-xp 0009a000 08:03 2360832                    /usr/lib/x86_64-linux-gnu/libstdc++.so.6.0.30
7fb15bfab000-7fb15c01a000 r--p 001ab000 08:03 2360832                    /usr/lib/x86_64-linux-gnu/libstdc++.so.6.0.30
7fb15c01a000-7fb15c01b000 ---p 0021a000 08:03 2360832                    /usr/lib/x86_64-linux-gnu/libstdc++.so.6.0.30
7fb15c01b000-7fb15c026000 r--p 0021a000 08:03 2360832                    /usr/lib/x86_64-linux-gnu/libstdc++.so.6.0.30
7fb15c026000-7fb15c029000 rw-p 00225000 08:03 2360832                    /usr/lib/x86_64-linux-gnu/libstdc++.so.6.0.30
7fb15c029000-7fb15c02c000 rw-p 00000000 00:00 0 
7fb15c039000-7fb15c11a000 rw-p 00000000 00:00 0 
7fb15c11a000-7fb15c200000 ---p 00000000 00:00 0 
7fb15c200000-7fb15c482000 r--p 00000000 08:03 265280                     /usr/lib/jvm/java-11-openjdk-amd64/lib/server/libjvm.so
7fb15c482000-7fb15d120000 r-xp 00282000 08:03 265280                     /usr/lib/jvm/java-11-openjdk-amd64/lib/server/libjvm.so
7fb15d120000-7fb15d37c000 r--p 00f20000 08:03 265280                     /usr/lib/jvm/java-11-openjdk-amd64/lib/server/libjvm.so
7fb15d37c000-7fb15d440000 r--p 0117b000 08:03 265280                     /usr/lib/jvm/java-11-openjdk-amd64/lib/server/libjvm.so
7fb15d440000-7fb15d47b000 rw-p 0123f000 08:03 265280                     /usr/lib/jvm/java-11-openjdk-amd64/lib/server/libjvm.so
7fb15d47b000-7fb15d4d2000 rw-p 00000000 00:00 0 
7fb15d4ea000-7fb15d4f1000 r--s 00000000 08:03 659244                     /usr/lib/x86_64-linux-gnu/gconv/gconv-modules.cache
7fb15d4f1000-7fb15d4f2000 r--p 00000000 08:03 1589995                    /home/ubuntu/.javacpp/cache/llvm-13.0.1-1.5.7-linux-x86_64.jar/org/bytedeco/llvm/linux-x86_64/libRemarks.so.13
7fb15d4f2000-7fb15d4f3000 r-xp 00001000 08:03 1589995                    /home/ubuntu/.javacpp/cache/llvm-13.0.1-1.5.7-linux-x86_64.jar/org/bytedeco/llvm/linux-x86_64/libRemarks.so.13
7fb15d4f3000-7fb15d4f4000 r--p 00002000 08:03 1589995                    /home/ubuntu/.javacpp/cache/llvm-13.0.1-1.5.7-linux-x86_64.jar/org/bytedeco/llvm/linux-x86_64/libRemarks.so.13
7fb15d4f4000-7fb15d4f5000 r--p 00002000 08:03 1589995                    /home/ubuntu/.javacpp/cache/llvm-13.0.1-1.5.7-linux-x86_64.jar/org/bytedeco/llvm/linux-x86_64/libRemarks.so.13
7fb15d4f5000-7fb15d4f6000 rw-p 00003000 08:03 1589995                    /home/ubuntu/.javacpp/cache/llvm-13.0.1-1.5.7-linux-x86_64.jar/org/bytedeco/llvm/linux-x86_64/libRemarks.so.13
7fb15d4f6000-7fb15d4f7000 r--p 00000000 08:03 2361439                    /usr/lib/x86_64-linux-gnu/libdl.so.2
7fb15d4f7000-7fb15d4f8000 r-xp 00001000 08:03 2361439                    /usr/lib/x86_64-linux-gnu/libdl.so.2
7fb15d4f8000-7fb15d4f9000 r--p 00002000 08:03 2361439                    /usr/lib/x86_64-linux-gnu/libdl.so.2
7fb15d4f9000-7fb15d4fa000 r--p 00002000 08:03 2361439                    /usr/lib/x86_64-linux-gnu/libdl.so.2
7fb15d4fa000-7fb15d4fb000 rw-p 00003000 08:03 2361439                    /usr/lib/x86_64-linux-gnu/libdl.so.2
7fb15d4fb000-7fb15d4fc000 r--p 00000000 08:03 2361473                    /usr/lib/x86_64-linux-gnu/libpthread.so.0
7fb15d4fc000-7fb15d4fd000 r-xp 00001000 08:03 2361473                    /usr/lib/x86_64-linux-gnu/libpthread.so.0
7fb15d4fd000-7fb15d4fe000 r--p 00002000 08:03 2361473                    /usr/lib/x86_64-linux-gnu/libpthread.so.0
7fb15d4fe000-7fb15d4ff000 r--p 00002000 08:03 2361473                    /usr/lib/x86_64-linux-gnu/libpthread.so.0
7fb15d4ff000-7fb15d500000 rw-p 00003000 08:03 2361473                    /usr/lib/x86_64-linux-gnu/libpthread.so.0
7fb15d500000-7fb15d504000 ---p 00000000 00:00 0 
7fb15d504000-7fb15d600000 rw-p 00000000 00:00 0 
7fb15d600000-7fb15d628000 r--p 00000000 08:03 2361426                    /usr/lib/x86_64-linux-gnu/libc.so.6
7fb15d628000-7fb15d7bd000 r-xp 00028000 08:03 2361426                    /usr/lib/x86_64-linux-gnu/libc.so.6
7fb15d7bd000-7fb15d815000 r--p 001bd000 08:03 2361426                    /usr/lib/x86_64-linux-gnu/libc.so.6
7fb15d815000-7fb15d816000 ---p 00215000 08:03 2361426                    /usr/lib/x86_64-linux-gnu/libc.so.6
7fb15d816000-7fb15d81a000 r--p 00215000 08:03 2361426                    /usr/lib/x86_64-linux-gnu/libc.so.6
7fb15d81a000-7fb15d81c000 rw-p 00219000 08:03 2361426                    /usr/lib/x86_64-linux-gnu/libc.so.6
7fb15d81c000-7fb15d829000 rw-p 00000000 00:00 0 
7fb15d82b000-7fb15d832000 r--p 00000000 08:03 1587750                    /home/ubuntu/.javacpp/cache/llvm-13.0.1-1.5.7-linux-x86_64.jar/org/bytedeco/llvm/linux-x86_64/libLTO.so.13
7fb15d832000-7fb15d83a000 r-xp 00007000 08:03 1587750                    /home/ubuntu/.javacpp/cache/llvm-13.0.1-1.5.7-linux-x86_64.jar/org/bytedeco/llvm/linux-x86_64/libLTO.so.13
7fb15d83a000-7fb15d83c000 r--p 0000f000 08:03 1587750                    /home/ubuntu/.javacpp/cache/llvm-13.0.1-1.5.7-linux-x86_64.jar/org/bytedeco/llvm/linux-x86_64/libLTO.so.13
7fb15d83c000-7fb15d83d000 r--p 00010000 08:03 1587750                    /home/ubuntu/.javacpp/cache/llvm-13.0.1-1.5.7-linux-x86_64.jar/org/bytedeco/llvm/linux-x86_64/libLTO.so.13
7fb15d83d000-7fb15d83e000 rw-p 00011000 08:03 1587750                    /home/ubuntu/.javacpp/cache/llvm-13.0.1-1.5.7-linux-x86_64.jar/org/bytedeco/llvm/linux-x86_64/libLTO.so.13
7fb15d83e000-7fb15d842000 r--p 00000000 08:03 1587748                    /home/ubuntu/.javacpp/cache/javacpp-1.5.7-linux-x86_64.jar/org/bytedeco/javacpp/linux-x86_64/libjnijavacpp.so
7fb15d842000-7fb15d849000 r-xp 00004000 08:03 1587748                    /home/ubuntu/.javacpp/cache/javacpp-1.5.7-linux-x86_64.jar/org/bytedeco/javacpp/linux-x86_64/libjnijavacpp.so
7fb15d849000-7fb15d84d000 r--p 0000b000 08:03 1587748                    /home/ubuntu/.javacpp/cache/javacpp-1.5.7-linux-x86_64.jar/org/bytedeco/javacpp/linux-x86_64/libjnijavacpp.so
7fb15d84d000-7fb15d84e000 r--p 0000e000 08:03 1587748                    /home/ubuntu/.javacpp/cache/javacpp-1.5.7-linux-x86_64.jar/org/bytedeco/javacpp/linux-x86_64/libjnijavacpp.so
7fb15d84e000-7fb15d84f000 rw-p 0000f000 08:03 1587748                    /home/ubuntu/.javacpp/cache/javacpp-1.5.7-linux-x86_64.jar/org/bytedeco/javacpp/linux-x86_64/libjnijavacpp.so
7fb15d84f000-7fb15d850000 r--p 00000000 08:03 265247                     /usr/lib/jvm/java-11-openjdk-amd64/lib/libextnet.so
7fb15d850000-7fb15d851000 r-xp 00001000 08:03 265247                     /usr/lib/jvm/java-11-openjdk-amd64/lib/libextnet.so
7fb15d851000-7fb15d852000 r--p 00002000 08:03 265247                     /usr/lib/jvm/java-11-openjdk-amd64/lib/libextnet.so
7fb15d852000-7fb15d853000 r--p 00002000 08:03 265247                     /usr/lib/jvm/java-11-openjdk-amd64/lib/libextnet.so
7fb15d853000-7fb15d854000 rw-p 00003000 08:03 265247                     /usr/lib/jvm/java-11-openjdk-amd64/lib/libextnet.so
7fb15d854000-7fb15d858000 r--p 00000000 08:03 265265                     /usr/lib/jvm/java-11-openjdk-amd64/lib/libnet.so
7fb15d858000-7fb15d866000 r-xp 00004000 08:03 265265                     /usr/lib/jvm/java-11-openjdk-amd64/lib/libnet.so
7fb15d866000-7fb15d86a000 r--p 00012000 08:03 265265                     /usr/lib/jvm/java-11-openjdk-amd64/lib/libnet.so
7fb15d86a000-7fb15d86b000 r--p 00015000 08:03 265265                     /usr/lib/jvm/java-11-openjdk-amd64/lib/libnet.so
7fb15d86b000-7fb15d86c000 rw-p 00016000 08:03 265265                     /usr/lib/jvm/java-11-openjdk-amd64/lib/libnet.so
7fb15d86c000-7fb15d873000 r--p 00000000 08:03 265266                     /usr/lib/jvm/java-11-openjdk-amd64/lib/libnio.so
7fb15d873000-7fb15d87b000 r-xp 00007000 08:03 265266                     /usr/lib/jvm/java-11-openjdk-amd64/lib/libnio.so
7fb15d87b000-7fb15d87e000 r--p 0000f000 08:03 265266                     /usr/lib/jvm/java-11-openjdk-amd64/lib/libnio.so
7fb15d87e000-7fb15d87f000 r--p 00011000 08:03 265266                     /usr/lib/jvm/java-11-openjdk-amd64/lib/libnio.so
7fb15d87f000-7fb15d880000 rw-p 00012000 08:03 265266                     /usr/lib/jvm/java-11-openjdk-amd64/lib/libnio.so
7fb15d880000-7fb15d8a6000 rw-p 00000000 00:00 0 
7fb15d8a6000-7fb15d8ad000 ---p 00000000 00:00 0 
7fb15d8ad000-7fb15d8af000 r--p 00000000 08:03 265274                     /usr/lib/jvm/java-11-openjdk-amd64/lib/libzip.so
7fb15d8af000-7fb15d8b4000 r-xp 00002000 08:03 265274                     /usr/lib/jvm/java-11-openjdk-amd64/lib/libzip.so
7fb15d8b4000-7fb15d8b6000 r--p 00007000 08:03 265274                     /usr/lib/jvm/java-11-openjdk-amd64/lib/libzip.so
7fb15d8b6000-7fb15d8b7000 r--p 00008000 08:03 265274                     /usr/lib/jvm/java-11-openjdk-amd64/lib/libzip.so
7fb15d8b7000-7fb15d8b8000 rw-p 00009000 08:03 265274                     /usr/lib/jvm/java-11-openjdk-amd64/lib/libzip.so
7fb15d8b8000-7fb15d8c0000 rw-s 00000000 08:03 393238                     /tmp/hsperfdata_ubuntu/45554
7fb15d8c0000-7fb15d8c2000 r--p 00000000 08:03 265249                     /usr/lib/jvm/java-11-openjdk-amd64/lib/libinstrument.so
7fb15d8c2000-7fb15d8c9000 r-xp 00002000 08:03 265249                     /usr/lib/jvm/java-11-openjdk-amd64/lib/libinstrument.so
7fb15d8c9000-7fb15d8cc000 r--p 00009000 08:03 265249                     /usr/lib/jvm/java-11-openjdk-amd64/lib/libinstrument.so
7fb15d8cc000-7fb15d8cd000 r--p 0000b000 08:03 265249                     /usr/lib/jvm/java-11-openjdk-amd64/lib/libinstrument.so
7fb15d8cd000-7fb15d8ce000 rw-p 0000c000 08:03 265249                     /usr/lib/jvm/java-11-openjdk-amd64/lib/libinstrument.so
7fb15d8ce000-7fb15d8cf000 ---p 00000000 00:00 0 
7fb15d8cf000-7fb15d8d0000 r--p 00000000 00:00 0 
7fb15d8d0000-7fb15d8d2000 r--p 00000000 08:03 265257                     /usr/lib/jvm/java-11-openjdk-amd64/lib/libjimage.so
7fb15d8d2000-7fb15d8d5000 r-xp 00002000 08:03 265257                     /usr/lib/jvm/java-11-openjdk-amd64/lib/libjimage.so
7fb15d8d5000-7fb15d8d6000 r--p 00005000 08:03 265257                     /usr/lib/jvm/java-11-openjdk-amd64/lib/libjimage.so
7fb15d8d6000-7fb15d8d7000 ---p 00006000 08:03 265257                     /usr/lib/jvm/java-11-openjdk-amd64/lib/libjimage.so
7fb15d8d7000-7fb15d8d8000 r--p 00006000 08:03 265257                     /usr/lib/jvm/java-11-openjdk-amd64/lib/libjimage.so
7fb15d8d8000-7fb15d8d9000 rw-p 00007000 08:03 265257                     /usr/lib/jvm/java-11-openjdk-amd64/lib/libjimage.so
7fb15d8d9000-7fb15d8e7000 r--p 00000000 08:03 265254                     /usr/lib/jvm/java-11-openjdk-amd64/lib/libjava.so
7fb15d8e7000-7fb15d8fd000 r-xp 0000e000 08:03 265254                     /usr/lib/jvm/java-11-openjdk-amd64/lib/libjava.so
7fb15d8fd000-7fb15d904000 r--p 00024000 08:03 265254                     /usr/lib/jvm/java-11-openjdk-amd64/lib/libjava.so
7fb15d904000-7fb15d905000 r--p 0002a000 08:03 265254                     /usr/lib/jvm/java-11-openjdk-amd64/lib/libjava.so
7fb15d905000-7fb15d906000 rw-p 0002b000 08:03 265254                     /usr/lib/jvm/java-11-openjdk-amd64/lib/libjava.so
7fb15d906000-7fb15d907000 rw-p 00000000 00:00 0 
7fb15d907000-7fb15d908000 r--p 00000000 08:03 2361484                    /usr/lib/x86_64-linux-gnu/librt.so.1
7fb15d908000-7fb15d909000 r-xp 00001000 08:03 2361484                    /usr/lib/x86_64-linux-gnu/librt.so.1
7fb15d909000-7fb15d90a000 r--p 00002000 08:03 2361484                    /usr/lib/x86_64-linux-gnu/librt.so.1
7fb15d90a000-7fb15d90b000 r--p 00002000 08:03 2361484                    /usr/lib/x86_64-linux-gnu/librt.so.1
7fb15d90b000-7fb15d90c000 rw-p 00003000 08:03 2361484                    /usr/lib/x86_64-linux-gnu/librt.so.1
7fb15d90c000-7fb15d90f000 r--p 00000000 08:03 2359493                    /usr/lib/x86_64-linux-gnu/libgcc_s.so.1
7fb15d90f000-7fb15d926000 r-xp 00003000 08:03 2359493                    /usr/lib/x86_64-linux-gnu/libgcc_s.so.1
7fb15d926000-7fb15d92a000 r--p 0001a000 08:03 2359493                    /usr/lib/x86_64-linux-gnu/libgcc_s.so.1
7fb15d92a000-7fb15d92b000 r--p 0001d000 08:03 2359493                    /usr/lib/x86_64-linux-gnu/libgcc_s.so.1
7fb15d92b000-7fb15d92c000 rw-p 0001e000 08:03 2359493                    /usr/lib/x86_64-linux-gnu/libgcc_s.so.1
7fb15d92c000-7fb15d93a000 r--p 00000000 08:03 2361443                    /usr/lib/x86_64-linux-gnu/libm.so.6
7fb15d93a000-7fb15d9b6000 r-xp 0000e000 08:03 2361443                    /usr/lib/x86_64-linux-gnu/libm.so.6
7fb15d9b6000-7fb15da11000 r--p 0008a000 08:03 2361443                    /usr/lib/x86_64-linux-gnu/libm.so.6
7fb15da11000-7fb15da12000 r--p 000e4000 08:03 2361443                    /usr/lib/x86_64-linux-gnu/libm.so.6
7fb15da12000-7fb15da13000 rw-p 000e5000 08:03 2361443                    /usr/lib/x86_64-linux-gnu/libm.so.6
7fb15da13000-7fb15da16000 rw-p 00000000 00:00 0 
7fb15da16000-7fb15da19000 r--p 00000000 08:03 265239                     /usr/lib/jvm/java-11-openjdk-amd64/lib/jli/libjli.so
7fb15da19000-7fb15da23000 r-xp 00003000 08:03 265239                     /usr/lib/jvm/java-11-openjdk-amd64/lib/jli/libjli.so
7fb15da23000-7fb15da26000 r--p 0000d000 08:03 265239                     /usr/lib/jvm/java-11-openjdk-amd64/lib/jli/libjli.so
7fb15da26000-7fb15da27000 ---p 00010000 08:03 265239                     /usr/lib/jvm/java-11-openjdk-amd64/lib/jli/libjli.so
7fb15da27000-7fb15da28000 r--p 00010000 08:03 265239                     /usr/lib/jvm/java-11-openjdk-amd64/lib/jli/libjli.so
7fb15da28000-7fb15da29000 rw-p 00011000 08:03 265239                     /usr/lib/jvm/java-11-openjdk-amd64/lib/jli/libjli.so
7fb15da29000-7fb15da2b000 r--p 00000000 08:03 2367120                    /usr/lib/x86_64-linux-gnu/libz.so.1.2.11
7fb15da2b000-7fb15da3d000 r-xp 00002000 08:03 2367120                    /usr/lib/x86_64-linux-gnu/libz.so.1.2.11
7fb15da3d000-7fb15da43000 r--p 00014000 08:03 2367120                    /usr/lib/x86_64-linux-gnu/libz.so.1.2.11
7fb15da43000-7fb15da44000 r--p 0001a000 08:03 2367120                    /usr/lib/x86_64-linux-gnu/libz.so.1.2.11
7fb15da44000-7fb15da45000 rw-p 0001b000 08:03 2367120                    /usr/lib/x86_64-linux-gnu/libz.so.1.2.11
7fb15da45000-7fb15da4a000 r--p 00000000 08:03 265273                     /usr/lib/jvm/java-11-openjdk-amd64/lib/libverify.so
7fb15da4a000-7fb15da51000 r-xp 00005000 08:03 265273                     /usr/lib/jvm/java-11-openjdk-amd64/lib/libverify.so
7fb15da51000-7fb15da53000 r--p 0000c000 08:03 265273                     /usr/lib/jvm/java-11-openjdk-amd64/lib/libverify.so
7fb15da53000-7fb15da55000 r--p 0000d000 08:03 265273                     /usr/lib/jvm/java-11-openjdk-amd64/lib/libverify.so
7fb15da55000-7fb15da56000 rw-p 0000f000 08:03 265273                     /usr/lib/jvm/java-11-openjdk-amd64/lib/libverify.so
7fb15da56000-7fb15da58000 rw-p 00000000 00:00 0 
7fb15da58000-7fb15da5a000 r--p 00000000 08:03 2361301                    /usr/lib/x86_64-linux-gnu/ld-linux-x86-64.so.2
7fb15da5a000-7fb15da84000 r-xp 00002000 08:03 2361301                    /usr/lib/x86_64-linux-gnu/ld-linux-x86-64.so.2
7fb15da84000-7fb15da8f000 r--p 0002c000 08:03 2361301                    /usr/lib/x86_64-linux-gnu/ld-linux-x86-64.so.2
7fb15da90000-7fb15da92000 r--p 00037000 08:03 2361301                    /usr/lib/x86_64-linux-gnu/ld-linux-x86-64.so.2
7fb15da92000-7fb15da94000 rw-p 00039000 08:03 2361301                    /usr/lib/x86_64-linux-gnu/ld-linux-x86-64.so.2
7ffce41ae000-7ffce41cf000 rw-p 00000000 00:00 0                          [stack]
7ffce41f7000-7ffce41fb000 r--p 00000000 00:00 0                          [vvar]
7ffce41fb000-7ffce41fd000 r-xp 00000000 00:00 0                          [vdso]
ffffffffff600000-ffffffffff601000 --xp 00000000 00:00 0                  [vsyscall]


VM Arguments:
jvm_args: -javaagent:/home/ubuntu/software/idea-IU-233.14475.28/lib/idea_rt.jar=33181:/home/ubuntu/software/idea-IU-233.14475.28/bin -Dfile.encoding=UTF-8 
java_command: Main tests/test1.c tests/Actual.ll
java_class_path (initial): /home/ubuntu/Lab/out/production/Lab:/usr/local/lib/antlr-4.9.1-complete.jar:/usr/local/lib/javacpp-1.5.7-linux-x86_64.jar:/usr/local/lib/javacpp-1.5.7.jar:/usr/local/lib/llvm-13.0.1-1.5.7-linux-x86_64.jar:/usr/local/lib/llvm-13.0.1-1.5.7.jar:/usr/local/lib/llvm-platform-13.0.1-1.5.7.jar
Launcher Type: SUN_STANDARD

[Global flags]
     intx CICompilerCount                          = 3                                         {product} {ergonomic}
     uint ConcGCThreads                            = 1                                         {product} {ergonomic}
     uint G1ConcRefinementThreads                  = 4                                         {product} {ergonomic}
   size_t G1HeapRegionSize                         = 1048576                                   {product} {ergonomic}
    uintx GCDrainStackTargetSize                   = 64                                        {product} {ergonomic}
   size_t InitialHeapSize                          = 65011712                                  {product} {ergonomic}
   size_t MarkStackSize                            = 4194304                                   {product} {ergonomic}
   size_t MaxHeapSize                              = 1015021568                                {product} {ergonomic}
   size_t MaxNewSize                               = 608174080                                 {product} {ergonomic}
   size_t MinHeapDeltaBytes                        = 1048576                                   {product} {ergonomic}
    uintx NonNMethodCodeHeapSize                   = 5830732                                {pd product} {ergonomic}
    uintx NonProfiledCodeHeapSize                  = 122913754                              {pd product} {ergonomic}
    uintx ProfiledCodeHeapSize                     = 122913754                              {pd product} {ergonomic}
    uintx ReservedCodeCacheSize                    = 251658240                              {pd product} {ergonomic}
     bool SegmentedCodeCache                       = true                                      {product} {ergonomic}
     bool UseCompressedClassPointers               = true                                 {lp64_product} {ergonomic}
     bool UseCompressedOops                        = true                                 {lp64_product} {ergonomic}
     bool UseG1GC                                  = true                                      {product} {ergonomic}

Logging:
Log output configuration:
 #0: stdout all=warning uptime,level,tags
 #1: stderr all=off uptime,level,tags

Environment Variables:
PATH=/usr/local/sbin:/usr/local/bin:/usr/sbin:/usr/bin:/sbin:/bin:/usr/games:/usr/local/games:/snap/bin:/snap/bin
USERNAME=ubuntu
SHELL=/bin/bash
DISPLAY=:0
LANG=zh_CN.UTF-8

Signal Handlers:
SIGSEGV: [libjvm.so+0xead700], sa_mask[0]=11111111011111111101111111111110, sa_flags=SA_RESTART|SA_SIGINFO
SIGBUS: [libjvm.so+0xead700], sa_mask[0]=11111111011111111101111111111110, sa_flags=SA_RESTART|SA_SIGINFO
SIGFPE: [libjvm.so+0xead700], sa_mask[0]=11111111011111111101111111111110, sa_flags=SA_RESTART|SA_SIGINFO
SIGPIPE: [libjvm.so+0xbefa50], sa_mask[0]=11111111011111111101111111111110, sa_flags=SA_RESTART|SA_SIGINFO
SIGXFSZ: [libjvm.so+0xbefa50], sa_mask[0]=11111111011111111101111111111110, sa_flags=SA_RESTART|SA_SIGINFO
SIGILL: [libjvm.so+0xead700], sa_mask[0]=11111111011111111101111111111110, sa_flags=SA_RESTART|SA_SIGINFO
SIGUSR2: [libjvm.so+0xbef8f0], sa_mask[0]=00100000000000000000000000000000, sa_flags=SA_RESTART|SA_SIGINFO
SIGHUP: [libjvm.so+0xbf00b0], sa_mask[0]=11111111011111111101111111111110, sa_flags=SA_RESTART|SA_SIGINFO
SIGINT: [libjvm.so+0xbf00b0], sa_mask[0]=11111111011111111101111111111110, sa_flags=SA_RESTART|SA_SIGINFO
SIGTERM: [libjvm.so+0xbf00b0], sa_mask[0]=11111111011111111101111111111110, sa_flags=SA_RESTART|SA_SIGINFO
SIGQUIT: [libjvm.so+0xbf00b0], sa_mask[0]=11111111011111111101111111111110, sa_flags=SA_RESTART|SA_SIGINFO


---------------  S Y S T E M  ---------------

OS:DISTRIB_ID=Ubuntu
DISTRIB_RELEASE=22.10
DISTRIB_CODENAME=kinetic
DISTRIB_DESCRIPTION="Ubuntu 22.10"
uname:Linux 6.5.0-21-generic #21~22.04.1-Ubuntu SMP PREEMPT_DYNAMIC Fri Feb  9 13:32:52 UTC 2 x86_64
OS uptime: 0 days 10:23 hours
libc:glibc 2.35 NPTL 2.35 
rlimit (soft/hard): STACK 8192k/infinity , CORE 0k/infinity , NPROC 15188/15188 , NOFILE 1048576/1048576 , AS infinity/infinity , CPU infinity/infinity , DATA infinity/infinity , FSIZE infinity/infinity , MEMLOCK 495444k/495444k
load average:0.70 0.59 0.56

/proc/meminfo:
MemTotal:        3963576 kB
MemFree:          819252 kB
MemAvailable:    1091188 kB
Buffers:            3380 kB
Cached:           427960 kB
SwapCached:       143892 kB
Active:          1804532 kB
Inactive:         676500 kB
Active(anon):    1615532 kB
Inactive(anon):   434248 kB
Active(file):     189000 kB
Inactive(file):   242252 kB
Unevictable:          16 kB
Mlocked:              16 kB
SwapTotal:       3991548 kB
SwapFree:        2010408 kB
Zswap:                 0 kB
Zswapped:              0 kB
Dirty:               420 kB
Writeback:             0 kB
AnonPages:       2014724 kB
Mapped:           194936 kB
Shmem:                88 kB
KReclaimable:      90300 kB
Slab:             253740 kB
SReclaimable:      90300 kB
SUnreclaim:       163440 kB
KernelStack:       13312 kB
PageTables:        25320 kB
SecPageTables:         0 kB
NFS_Unstable:          0 kB
Bounce:                0 kB
WritebackTmp:          0 kB
CommitLimit:     5973336 kB
Committed_AS:    6140624 kB
VmallocTotal:   34359738367 kB
VmallocUsed:       44136 kB
VmallocChunk:          0 kB
Percpu:           102912 kB
HardwareCorrupted:     0 kB
AnonHugePages:         0 kB
ShmemHugePages:        0 kB
ShmemPmdMapped:        0 kB
FileHugePages:         0 kB
FilePmdMapped:         0 kB
Unaccepted:            0 kB
HugePages_Total:       0
HugePages_Free:        0
HugePages_Rsvd:        0
HugePages_Surp:        0
Hugepagesize:       2048 kB
Hugetlb:               0 kB
DirectMap4k:      165696 kB
DirectMap2M:     2979840 kB
DirectMap1G:     3145728 kB

/sys/kernel/mm/transparent_hugepage/enabled:
always [madvise] never
/sys/kernel/mm/transparent_hugepage/defrag (defrag/compaction efforts parameter):
always defer defer+madvise [madvise] never

Process Memory:
Virtual Size: 3934964K (peak: 12378248K)
Resident Set Size: 95576K (peak: 95576K) (anon: 39132K, file: 56444K, shmem: 0K)
Swapped out: 0K
C-Heap outstanding allocations: 19201K, retained: 2454K
glibc malloc tunables: (default)

/proc/sys/kernel/threads-max (system-wide limit on the number of threads):
30377
/proc/sys/vm/max_map_count (maximum number of memory map areas a process may have):
65530
/proc/sys/kernel/pid_max (system-wide limit on number of process identifiers):
4194304

container (cgroup) information:
container_type: cgroupv2
cpu_cpuset_cpus: not supported
cpu_memory_nodes: not supported
active_processor_count: 4
cpu_quota: not supported
cpu_period: not supported
cpu_shares: not supported
memory_limit_in_bytes: unlimited
memory_and_swap_limit_in_bytes: unlimited
memory_soft_limit_in_bytes: unlimited
memory_usage_in_bytes: 2213544 k
memory_max_usage_in_bytes: not supported
memory_swap_current_in_bytes: 1439956 k
memory_swap_max_limit_in_bytes: unlimited
maximum number of tasks: 4556
current number of tasks: 145

VMWare virtualization detected
Steal ticks since vm start: 0
Steal ticks percentage since vm start:  0.000

CPU:total 4 (initial active 4) (1 cores per cpu, 1 threads per core) family 25 model 80 stepping 0 microcode 0xffffffff, cmov, cx8, fxsr, mmx, sse, sse2, sse3, ssse3, sse4.1, sse4.2, popcnt, avx, avx2, aes, clmul, erms, mmxext, lzcnt, sse4a, tsc, tscinvbit, tscinv, bmi1, bmi2, adx, sha, fma
CPU Model and flags from /proc/cpuinfo:
model name	: AMD Ryzen 5 5600H with Radeon Graphics
flags		: fpu vme de pse tsc msr pae mce cx8 apic sep mtrr pge mca cmov pat pse36 clflush mmx fxsr sse sse2 syscall nx mmxext pdpe1gb rdtscp lm constant_tsc rep_good nopl tsc_reliable nonstop_tsc cpuid extd_apicid tsc_known_freq pni pclmulqdq ssse3 fma cx16 sse4_1 sse4_2 x2apic movbe popcnt aes xsave avx f16c rdrand hypervisor lahf_lm cr8_legacy abm sse4a misalignsse 3dnowprefetch osvw topoext ibpb vmmcall fsgsbase bmi1 avx2 smep bmi2 erms invpcid rdseed adx smap clflushopt clwb sha_ni xsaveopt xsavec xgetbv1 xsaves clzero arat umip vaes vpclmulqdq rdpid overflow_recov succor fsrm
Online cpus:
0-3
Offline cpus:
4-127
BIOS frequency limitation:
<Not Available>
Frequency switch latency (ns):
<Not Available>
Available cpu frequencies:
<Not Available>
Current governor:
<Not Available>
Core performance/turbo boost:
<Not Available>

Memory: 4k page, physical 3963576k(819000k free), swap 3991548k(2010408k free)

vm_info: OpenJDK 64-Bit Server VM (11.0.22+7-post-Ubuntu-0ubuntu222.04.1) for linux-amd64 JRE (11.0.22+7-post-Ubuntu-0ubuntu222.04.1), built on Feb  5 2024 20:45:01 by "unknown" with gcc 11.4.0

END.
