#
# A fatal error has been detected by the Java Runtime Environment:
#
#  SIGSEGV (0xb) at pc=0x00007f88fe02ca66, pid=34105, tid=34107
#
# JRE version: OpenJDK Runtime Environment (11.0.22+7) (build 11.0.22+7-post-Ubuntu-0ubuntu222.04.1)
# Java VM: OpenJDK 64-Bit Server VM (11.0.22+7-post-Ubuntu-0ubuntu222.04.1, mixed mode, sharing, tiered, compressed oops, g1 gc, linux-amd64)
# Problematic frame:
# C  [libLLVM-13.so+0xc2ca66]  LLVMBuildStore+0x26
#
# Core dump will be written. Default location: Core dumps may be processed with "/usr/share/apport/apport -p%p -s%s -c%c -d%d -P%P -u%u -g%g -- %E" (or dumping to /home/ubuntu/Lab/core.34105)
#
# If you would like to submit a bug report, please visit:
#   https://bugs.launchpad.net/ubuntu/+source/openjdk-lts
# The crash happened outside the Java Virtual Machine in native code.
# See problematic frame for where to report the bug.
#

---------------  S U M M A R Y ------------

Command Line: -javaagent:/home/ubuntu/software/idea-IU-233.14475.28/lib/idea_rt.jar=33007:/home/ubuntu/software/idea-IU-233.14475.28/bin -Dfile.encoding=UTF-8 Main tests/test1.c tests/Actual.ll

Host: AMD Ryzen 5 5600H with Radeon Graphics, 4 cores, 3G, Ubuntu 22.10
Time: Fri May 17 16:20:41 2024 CST elapsed time: 0.283141 seconds (0d 0h 0m 0s)

---------------  T H R E A D  ---------------

Current thread (0x00007f8968016800):  JavaThread "main" [_thread_in_native, id=34107, stack(0x00007f896fb00000,0x00007f896fc00000)]

Stack: [0x00007f896fb00000,0x00007f896fc00000],  sp=0x00007f896fbfdb30,  free space=1014k
Native frames: (J=compiled Java code, A=aot compiled Java code, j=interpreted, Vv=VM code, C=native code)
C  [libLLVM-13.so+0xc2ca66]  LLVMBuildStore+0x26

Java frames: (J=compiled Java code, j=interpreted, Vv=VM code)
j  org.bytedeco.llvm.global.LLVM.LLVMBuildStore(Lorg/bytedeco/llvm/LLVM/LLVMBuilderRef;Lorg/bytedeco/llvm/LLVM/LLVMValueRef;Lorg/bytedeco/llvm/LLVM/LLVMValueRef;)Lorg/bytedeco/llvm/LLVM/LLVMValueRef;+0
j  myVisitor.visitVarDef(LSysYParser$VarDefContext;)Lorg/bytedeco/llvm/LLVM/LLVMValueRef;+155
j  myVisitor.visitVarDef(LSysYParser$VarDefContext;)Ljava/lang/Object;+2
j  SysYParser$VarDefContext.accept(Lorg/antlr/v4/runtime/tree/ParseTreeVisitor;)Ljava/lang/Object;+12
j  org.antlr.v4.runtime.tree.AbstractParseTreeVisitor.visitChildren(Lorg/antlr/v4/runtime/tree/RuleNode;)Ljava/lang/Object;+46
j  SysYParserBaseVisitor.visitVarDecl(LSysYParser$VarDeclContext;)Ljava/lang/Object;+2
j  SysYParser$VarDeclContext.accept(Lorg/antlr/v4/runtime/tree/ParseTreeVisitor;)Ljava/lang/Object;+12
j  org.antlr.v4.runtime.tree.AbstractParseTreeVisitor.visitChildren(Lorg/antlr/v4/runtime/tree/RuleNode;)Ljava/lang/Object;+46
j  SysYParserBaseVisitor.visitDecl(LSysYParser$DeclContext;)Ljava/lang/Object;+2
j  SysYParser$DeclContext.accept(Lorg/antlr/v4/runtime/tree/ParseTreeVisitor;)Ljava/lang/Object;+12
j  org.antlr.v4.runtime.tree.AbstractParseTreeVisitor.visitChildren(Lorg/antlr/v4/runtime/tree/RuleNode;)Ljava/lang/Object;+46
j  SysYParserBaseVisitor.visitBlockItem(LSysYParser$BlockItemContext;)Ljava/lang/Object;+2
j  SysYParser$BlockItemContext.accept(Lorg/antlr/v4/runtime/tree/ParseTreeVisitor;)Ljava/lang/Object;+12
j  org.antlr.v4.runtime.tree.AbstractParseTreeVisitor.visitChildren(Lorg/antlr/v4/runtime/tree/RuleNode;)Ljava/lang/Object;+46
j  myVisitor.visitBlock(LSysYParser$BlockContext;)Lorg/bytedeco/llvm/LLVM/LLVMValueRef;+9
j  myVisitor.visitBlock(LSysYParser$BlockContext;)Ljava/lang/Object;+2
j  SysYParser$BlockContext.accept(Lorg/antlr/v4/runtime/tree/ParseTreeVisitor;)Ljava/lang/Object;+12
j  org.antlr.v4.runtime.tree.AbstractParseTreeVisitor.visit(Lorg/antlr/v4/runtime/tree/ParseTree;)Ljava/lang/Object;+2
j  myVisitor.visitFuncDef(LSysYParser$FuncDefContext;)Lorg/bytedeco/llvm/LLVM/LLVMValueRef;+65
j  myVisitor.visitFuncDef(LSysYParser$FuncDefContext;)Ljava/lang/Object;+2
j  SysYParser$FuncDefContext.accept(Lorg/antlr/v4/runtime/tree/ParseTreeVisitor;)Ljava/lang/Object;+12
j  org.antlr.v4.runtime.tree.AbstractParseTreeVisitor.visitChildren(Lorg/antlr/v4/runtime/tree/RuleNode;)Ljava/lang/Object;+46
j  SysYParserBaseVisitor.visitCompUnit(LSysYParser$CompUnitContext;)Ljava/lang/Object;+2
j  SysYParser$CompUnitContext.accept(Lorg/antlr/v4/runtime/tree/ParseTreeVisitor;)Ljava/lang/Object;+12
j  org.antlr.v4.runtime.tree.AbstractParseTreeVisitor.visitChildren(Lorg/antlr/v4/runtime/tree/RuleNode;)Ljava/lang/Object;+46
j  SysYParserBaseVisitor.visitProgram(LSysYParser$ProgramContext;)Ljava/lang/Object;+2
j  SysYParser$ProgramContext.accept(Lorg/antlr/v4/runtime/tree/ParseTreeVisitor;)Ljava/lang/Object;+12
j  org.antlr.v4.runtime.tree.AbstractParseTreeVisitor.visit(Lorg/antlr/v4/runtime/tree/ParseTree;)Ljava/lang/Object;+2
j  Main.main([Ljava/lang/String;)V+79
v  ~StubRoutines::call_stub

siginfo: si_signo: 11 (SIGSEGV), si_code: 1 (SEGV_MAPERR), si_addr: 0x0000000000000000

Register to memory mapping:

RAX=0x00007f89683fb6b0 points into unknown readable memory: 0x000000000a000100 | 00 01 00 0a 00 00 00 00
RBX=0x0 is NULL
RCX=0x0 is NULL
RDX=0x00007f8968409870 points into unknown readable memory: 0x00007f8968402470 | 70 24 40 68 89 7f 00 00
RSP=0x00007f896fbfdb30 is pointing into the stack for thread: 0x00007f8968016800
RBP=0x00007f89683d9560 points into unknown readable memory: 0x00007f89683d9570 | 70 95 3d 68 89 7f 00 00
RSI=0x0 is NULL
RDI=0x00007f89683fb5e0 points into unknown readable memory: 0x00007f89683fca40 | 40 ca 3f 68 89 7f 00 00
R8 =0x00007f896fbfdc68 is pointing into the stack for thread: 0x00007f8968016800
R9 =0x00000000c6b6aba0 is an oop: org.bytedeco.llvm.LLVM.LLVMValueRef 
{0x00000000c6b6aba0} - klass: 'org/bytedeco/llvm/LLVM/LLVMValueRef'
 - ---- fields (total size 6 words):
 - private 'deallocator' 'Lorg/bytedeco/javacpp/Pointer$Deallocator;' @12  NULL (0)
 - protected 'address' 'J' @16  140228136310896 (68409870 7f89)
 - protected 'position' 'J' @24  0 (0 0)
 - protected 'limit' 'J' @32  0 (0 0)
 - protected 'capacity' 'J' @40  0 (0 0)
R10=0x000000000000000c is an unknown value
R11=0x00007f8970eaaa84: <offset 0x00000000012aaa84> in /usr/lib/jvm/java-11-openjdk-amd64/lib/server/libjvm.so at 0x00007f896fc00000
R12=0x00007f89683d9560 points into unknown readable memory: 0x00007f89683d9570 | 70 95 3d 68 89 7f 00 00
R13=0x0 is NULL
R14=0x00007f8968409870 points into unknown readable memory: 0x00007f8968402470 | 70 24 40 68 89 7f 00 00
R15=0x00007f8968409870 points into unknown readable memory: 0x00007f8968402470 | 70 24 40 68 89 7f 00 00


Registers:
RAX=0x00007f89683fb6b0, RBX=0x0000000000000000, RCX=0x0000000000000000, RDX=0x00007f8968409870
RSP=0x00007f896fbfdb30, RBP=0x00007f89683d9560, RSI=0x0000000000000000, RDI=0x00007f89683fb5e0
R8 =0x00007f896fbfdc68, R9 =0x00000000c6b6aba0, R10=0x000000000000000c, R11=0x00007f8970eaaa84
R12=0x00007f89683d9560, R13=0x0000000000000000, R14=0x00007f8968409870, R15=0x00007f8968409870
RIP=0x00007f88fe02ca66, EFLAGS=0x0000000000010206, CSGSFS=0x002b000000000033, ERR=0x0000000000000004
  TRAPNO=0x000000000000000e

Top of Stack: (sp=0x00007f896fbfdb30)
0x00007f896fbfdb30:   00007f8968016800 2a82dbaee4483500
0x00007f896fbfdb40:   0000000000000000 ffffffffffffff80
0x00007f896fbfdb50:   0000000000000002 00007f89681269f8
0x00007f896fbfdb60:   0000000000000000 00007f8968016b48 

Instructions: (pc=0x00007f88fe02ca66)
0x00007f88fe02c966:   55 49 89 f5 be 01 01 00 00 41 54 55 48 89 fd 53
0x00007f88fe02c976:   48 83 ec 60 80 39 00 66 89 74 24 20 74 09 48 89
0x00007f88fe02c986:   0c 24 c6 44 24 20 03 48 8b 7d 30 e8 ea 14 fc ff
0x00007f88fe02c996:   48 89 c7 e8 62 46 0e 00 4c 89 ee 48 89 c7 e8 c7
0x00007f88fe02c9a6:   45 01 00 be 01 00 00 00 bf 40 00 00 00 89 c3 b8
0x00007f88fe02c9b6:   01 01 00 00 66 89 44 24 50 e8 bc 09 13 00 48 8d
0x00007f88fe02c9c6:   4c 24 30 41 89 d9 45 31 c0 48 83 ec 08 48 89 c7
0x00007f88fe02c9d6:   4c 89 f2 4c 89 ee 6a 00 49 89 c4 e8 3a 5c 09 00
0x00007f88fe02c9e6:   48 8b 7d 50 48 8b 4d 30 4c 89 e6 48 8d 54 24 10
0x00007f88fe02c9f6:   4c 8b 45 38 48 8b 07 ff 50 10 48 8b 5d 00 8b 6d
0x00007f88fe02ca06:   08 5a 59 48 c1 e5 04 48 01 dd 48 39 eb 74 1a 0f
0x00007f88fe02ca16:   1f 00 48 8b 53 08 8b 33 4c 89 e7 48 83 c3 10 e8
0x00007f88fe02ca26:   16 14 0e 00 48 39 dd 75 e9 48 83 c4 60 4c 89 e0
0x00007f88fe02ca36:   5b 5d 41 5c 41 5d 41 5e c3 90 41 56 49 89 d6 41
0x00007f88fe02ca46:   55 49 89 f5 41 54 55 48 89 fd 53 48 83 ec 30 48
0x00007f88fe02ca56:   8b 7f 30 e8 22 14 fc ff 48 89 c7 e8 9a 45 0e 00
0x00007f88fe02ca66:   49 8b 75 00 48 89 c7 e8 fe 44 01 00 be 02 00 00
0x00007f88fe02ca76:   00 bf 40 00 00 00 89 c3 b8 01 01 00 00 66 89 44
0x00007f88fe02ca86:   24 20 e8 f3 08 13 00 41 89 d8 45 31 c9 31 c9 48
0x00007f88fe02ca96:   89 c7 4c 89 f2 4c 89 ee 49 89 c4 e8 6a 62 09 00
0x00007f88fe02caa6:   48 8b 7d 50 48 8b 4d 30 48 89 e2 4c 8b 45 38 4c
0x00007f88fe02cab6:   89 e6 48 8b 07 ff 50 10 48 8b 5d 00 8b 6d 08 48
0x00007f88fe02cac6:   c1 e5 04 48 01 dd 48 39 eb 74 1e 0f 1f 80 00 00
0x00007f88fe02cad6:   00 00 48 8b 53 08 8b 33 4c 89 e7 48 83 c3 10 e8
0x00007f88fe02cae6:   56 13 0e 00 48 39 dd 75 e9 48 83 c4 30 4c 89 e0
0x00007f88fe02caf6:   5b 5d 41 5c 41 5d 41 5e c3 90 41 56 b8 01 01 00
0x00007f88fe02cb06:   00 41 55 41 89 f5 41 54 55 48 89 fd 53 48 83 ec
0x00007f88fe02cb16:   30 80 39 00 66 89 44 24 20 74 09 48 89 0c 24 c6
0x00007f88fe02cb26:   44 24 20 03 45 31 f6 85 d2 bf 40 00 00 00 41 0f
0x00007f88fe02cb36:   94 c6 31 f6 e8 41 08 13 00 48 8b 75 40 45 31 c0
0x00007f88fe02cb46:   44 89 f1 48 89 c7 44 89 ea 49 89 c4 e8 39 6f 09
0x00007f88fe02cb56:   00 48 8b 7d 50 48 8b 4d 30 48 89 e2 4c 8b 45 38 


Stack slot to memory mapping:
stack at sp + 0 slots: 0x00007f8968016800 is a thread
stack at sp + 1 slots: 0x2a82dbaee4483500 is an unknown value
stack at sp + 2 slots: 0x0 is NULL
stack at sp + 3 slots: 0xffffffffffffff80 is an unknown value
stack at sp + 4 slots: 0x0000000000000002 is an unknown value
stack at sp + 5 slots: 0x00007f89681269f8 points into unknown readable memory: 0x00000000c6b6aba0 | a0 ab b6 c6 00 00 00 00
stack at sp + 6 slots: 0x0 is NULL
stack at sp + 7 slots: 0x00007f8968016b48 points into unknown readable memory: 0x00007f8970e46b40 | 40 6b e4 70 89 7f 00 00


---------------  P R O C E S S  ---------------

Threads class SMR info:
_java_thread_list=0x00007f8968234a80, length=12, elements={
0x00007f8968016800, 0x00007f8968128000, 0x00007f896812a000, 0x00007f896812f800,
0x00007f8968131800, 0x00007f8968134000, 0x00007f8968136000, 0x00007f8968138000,
0x00007f896814e000, 0x00007f89200d7800, 0x00007f8968213800, 0x00007f8968233000
}

Java Threads: ( => current thread )
=>0x00007f8968016800 JavaThread "main" [_thread_in_native, id=34107, stack(0x00007f896fb00000,0x00007f896fc00000)]
  0x00007f8968128000 JavaThread "Reference Handler" daemon [_thread_blocked, id=34122, stack(0x00007f896c2af000,0x00007f896c3af000)]
  0x00007f896812a000 JavaThread "Finalizer" daemon [_thread_blocked, id=34124, stack(0x00007f896c1af000,0x00007f896c2af000)]
  0x00007f896812f800 JavaThread "Signal Dispatcher" daemon [_thread_blocked, id=34129, stack(0x00007f896c0af000,0x00007f896c1af000)]
  0x00007f8968131800 JavaThread "Service Thread" daemon [_thread_blocked, id=34130, stack(0x00007f8967f00000,0x00007f8968000000)]
  0x00007f8968134000 JavaThread "C2 CompilerThread0" daemon [_thread_blocked, id=34131, stack(0x00007f8950500000,0x00007f8950600000)]
  0x00007f8968136000 JavaThread "C1 CompilerThread0" daemon [_thread_blocked, id=34132, stack(0x00007f8950400000,0x00007f8950500000)]
  0x00007f8968138000 JavaThread "Sweeper thread" daemon [_thread_blocked, id=34133, stack(0x00007f8950300000,0x00007f8950400000)]
  0x00007f896814e000 JavaThread "Common-Cleaner" daemon [_thread_blocked, id=34134, stack(0x00007f8950200000,0x00007f8950300000)]
  0x00007f89200d7800 JavaThread "C2 CompilerThread1" daemon [_thread_blocked, id=34137, stack(0x00007f8950100000,0x00007f8950200000)]
  0x00007f8968213800 JavaThread "Monitor Ctrl-Break" daemon [_thread_in_native, id=34138, stack(0x00007f8950000000,0x00007f8950100000)]
  0x00007f8968233000 JavaThread "JavaCPP Deallocator" daemon [_thread_blocked, id=34140, stack(0x00007f8940d00000,0x00007f8940e00000)]

Other Threads:
  0x00007f8968125800 VMThread "VM Thread" [stack: 0x00007f896c3b0000,0x00007f896c4b0000] [id=34121]
  0x00007f8968216000 WatcherThread [stack: 0x00007f8941700000,0x00007f8941800000] [id=34139]
  0x00007f896802f800 GCTaskThread "GC Thread#0" [stack: 0x00007f896f52a000,0x00007f896f62a000] [id=34113]
  0x00007f896804a800 ConcurrentGCThread "G1 Main Marker" [stack: 0x00007f896cc39000,0x00007f896cd39000] [id=34114]
  0x00007f896804c800 ConcurrentGCThread "G1 Conc#0" [stack: 0x00007f896cb38000,0x00007f896cc38000] [id=34115]
  0x00007f8968090000 ConcurrentGCThread "G1 Refine#0" [stack: 0x00007f896c633000,0x00007f896c733000] [id=34116]
  0x00007f8968092000 ConcurrentGCThread "G1 Young RemSet Sampling" [stack: 0x00007f896c532000,0x00007f896c632000] [id=34117]

Threads with active compile tasks:

VM state:not at safepoint (normal execution)

VM Mutex/Monitor currently owned by a thread: None

Heap address: 0x00000000c3800000, size: 968 MB, Compressed Oops mode: 32-bit
Narrow klass base: 0x0000000800000000, Narrow klass shift: 3
Compressed class space size: 1073741824 Address: 0x0000000840000000

Heap:
 garbage-first heap   total 65536K, used 9936K [0x00000000c3800000, 0x0000000100000000)
  region size 1024K, 11 young (11264K), 0 survivors (0K)
 Metaspace       used 3921K, capacity 6550K, committed 6656K, reserved 1056768K
  class space    used 430K, capacity 695K, committed 768K, reserved 1048576K
Heap Regions: E=young(eden), S=young(survivor), O=old, HS=humongous(starts), HC=humongous(continues), CS=collection set, F=free, A=archive, TAMS=top-at-mark-start (previous, next)
|   0|0x00000000c3800000, 0x00000000c3800000, 0x00000000c3900000|  0%| F|  |TAMS 0x00000000c3800000, 0x00000000c3800000| Untracked 
|   1|0x00000000c3900000, 0x00000000c3900000, 0x00000000c3a00000|  0%| F|  |TAMS 0x00000000c3900000, 0x00000000c3900000| Untracked 
|   2|0x00000000c3a00000, 0x00000000c3a00000, 0x00000000c3b00000|  0%| F|  |TAMS 0x00000000c3a00000, 0x00000000c3a00000| Untracked 
|   3|0x00000000c3b00000, 0x00000000c3b00000, 0x00000000c3c00000|  0%| F|  |TAMS 0x00000000c3b00000, 0x00000000c3b00000| Untracked 
|   4|0x00000000c3c00000, 0x00000000c3c00000, 0x00000000c3d00000|  0%| F|  |TAMS 0x00000000c3c00000, 0x00000000c3c00000| Untracked 
|   5|0x00000000c3d00000, 0x00000000c3d00000, 0x00000000c3e00000|  0%| F|  |TAMS 0x00000000c3d00000, 0x00000000c3d00000| Untracked 
|   6|0x00000000c3e00000, 0x00000000c3e00000, 0x00000000c3f00000|  0%| F|  |TAMS 0x00000000c3e00000, 0x00000000c3e00000| Untracked 
|   7|0x00000000c3f00000, 0x00000000c3f00000, 0x00000000c4000000|  0%| F|  |TAMS 0x00000000c3f00000, 0x00000000c3f00000| Untracked 
|   8|0x00000000c4000000, 0x00000000c4000000, 0x00000000c4100000|  0%| F|  |TAMS 0x00000000c4000000, 0x00000000c4000000| Untracked 
|   9|0x00000000c4100000, 0x00000000c4100000, 0x00000000c4200000|  0%| F|  |TAMS 0x00000000c4100000, 0x00000000c4100000| Untracked 
|  10|0x00000000c4200000, 0x00000000c4200000, 0x00000000c4300000|  0%| F|  |TAMS 0x00000000c4200000, 0x00000000c4200000| Untracked 
|  11|0x00000000c4300000, 0x00000000c4300000, 0x00000000c4400000|  0%| F|  |TAMS 0x00000000c4300000, 0x00000000c4300000| Untracked 
|  12|0x00000000c4400000, 0x00000000c4400000, 0x00000000c4500000|  0%| F|  |TAMS 0x00000000c4400000, 0x00000000c4400000| Untracked 
|  13|0x00000000c4500000, 0x00000000c4500000, 0x00000000c4600000|  0%| F|  |TAMS 0x00000000c4500000, 0x00000000c4500000| Untracked 
|  14|0x00000000c4600000, 0x00000000c4600000, 0x00000000c4700000|  0%| F|  |TAMS 0x00000000c4600000, 0x00000000c4600000| Untracked 
|  15|0x00000000c4700000, 0x00000000c4700000, 0x00000000c4800000|  0%| F|  |TAMS 0x00000000c4700000, 0x00000000c4700000| Untracked 
|  16|0x00000000c4800000, 0x00000000c4800000, 0x00000000c4900000|  0%| F|  |TAMS 0x00000000c4800000, 0x00000000c4800000| Untracked 
|  17|0x00000000c4900000, 0x00000000c4900000, 0x00000000c4a00000|  0%| F|  |TAMS 0x00000000c4900000, 0x00000000c4900000| Untracked 
|  18|0x00000000c4a00000, 0x00000000c4a00000, 0x00000000c4b00000|  0%| F|  |TAMS 0x00000000c4a00000, 0x00000000c4a00000| Untracked 
|  19|0x00000000c4b00000, 0x00000000c4b00000, 0x00000000c4c00000|  0%| F|  |TAMS 0x00000000c4b00000, 0x00000000c4b00000| Untracked 
|  20|0x00000000c4c00000, 0x00000000c4c00000, 0x00000000c4d00000|  0%| F|  |TAMS 0x00000000c4c00000, 0x00000000c4c00000| Untracked 
|  21|0x00000000c4d00000, 0x00000000c4d00000, 0x00000000c4e00000|  0%| F|  |TAMS 0x00000000c4d00000, 0x00000000c4d00000| Untracked 
|  22|0x00000000c4e00000, 0x00000000c4e00000, 0x00000000c4f00000|  0%| F|  |TAMS 0x00000000c4e00000, 0x00000000c4e00000| Untracked 
|  23|0x00000000c4f00000, 0x00000000c4f00000, 0x00000000c5000000|  0%| F|  |TAMS 0x00000000c4f00000, 0x00000000c4f00000| Untracked 
|  24|0x00000000c5000000, 0x00000000c5000000, 0x00000000c5100000|  0%| F|  |TAMS 0x00000000c5000000, 0x00000000c5000000| Untracked 
|  25|0x00000000c5100000, 0x00000000c5100000, 0x00000000c5200000|  0%| F|  |TAMS 0x00000000c5100000, 0x00000000c5100000| Untracked 
|  26|0x00000000c5200000, 0x00000000c5200000, 0x00000000c5300000|  0%| F|  |TAMS 0x00000000c5200000, 0x00000000c5200000| Untracked 
|  27|0x00000000c5300000, 0x00000000c5300000, 0x00000000c5400000|  0%| F|  |TAMS 0x00000000c5300000, 0x00000000c5300000| Untracked 
|  28|0x00000000c5400000, 0x00000000c5400000, 0x00000000c5500000|  0%| F|  |TAMS 0x00000000c5400000, 0x00000000c5400000| Untracked 
|  29|0x00000000c5500000, 0x00000000c5500000, 0x00000000c5600000|  0%| F|  |TAMS 0x00000000c5500000, 0x00000000c5500000| Untracked 
|  30|0x00000000c5600000, 0x00000000c5600000, 0x00000000c5700000|  0%| F|  |TAMS 0x00000000c5600000, 0x00000000c5600000| Untracked 
|  31|0x00000000c5700000, 0x00000000c5700000, 0x00000000c5800000|  0%| F|  |TAMS 0x00000000c5700000, 0x00000000c5700000| Untracked 
|  32|0x00000000c5800000, 0x00000000c5800000, 0x00000000c5900000|  0%| F|  |TAMS 0x00000000c5800000, 0x00000000c5800000| Untracked 
|  33|0x00000000c5900000, 0x00000000c5900000, 0x00000000c5a00000|  0%| F|  |TAMS 0x00000000c5900000, 0x00000000c5900000| Untracked 
|  34|0x00000000c5a00000, 0x00000000c5a00000, 0x00000000c5b00000|  0%| F|  |TAMS 0x00000000c5a00000, 0x00000000c5a00000| Untracked 
|  35|0x00000000c5b00000, 0x00000000c5b00000, 0x00000000c5c00000|  0%| F|  |TAMS 0x00000000c5b00000, 0x00000000c5b00000| Untracked 
|  36|0x00000000c5c00000, 0x00000000c5c00000, 0x00000000c5d00000|  0%| F|  |TAMS 0x00000000c5c00000, 0x00000000c5c00000| Untracked 
|  37|0x00000000c5d00000, 0x00000000c5d00000, 0x00000000c5e00000|  0%| F|  |TAMS 0x00000000c5d00000, 0x00000000c5d00000| Untracked 
|  38|0x00000000c5e00000, 0x00000000c5e00000, 0x00000000c5f00000|  0%| F|  |TAMS 0x00000000c5e00000, 0x00000000c5e00000| Untracked 
|  39|0x00000000c5f00000, 0x00000000c5f00000, 0x00000000c6000000|  0%| F|  |TAMS 0x00000000c5f00000, 0x00000000c5f00000| Untracked 
|  40|0x00000000c6000000, 0x00000000c6000000, 0x00000000c6100000|  0%| F|  |TAMS 0x00000000c6000000, 0x00000000c6000000| Untracked 
|  41|0x00000000c6100000, 0x00000000c6100000, 0x00000000c6200000|  0%| F|  |TAMS 0x00000000c6100000, 0x00000000c6100000| Untracked 
|  42|0x00000000c6200000, 0x00000000c6200000, 0x00000000c6300000|  0%| F|  |TAMS 0x00000000c6200000, 0x00000000c6200000| Untracked 
|  43|0x00000000c6300000, 0x00000000c6300000, 0x00000000c6400000|  0%| F|  |TAMS 0x00000000c6300000, 0x00000000c6300000| Untracked 
|  44|0x00000000c6400000, 0x00000000c6400000, 0x00000000c6500000|  0%| F|  |TAMS 0x00000000c6400000, 0x00000000c6400000| Untracked 
|  45|0x00000000c6500000, 0x00000000c6500000, 0x00000000c6600000|  0%| F|  |TAMS 0x00000000c6500000, 0x00000000c6500000| Untracked 
|  46|0x00000000c6600000, 0x00000000c6600000, 0x00000000c6700000|  0%| F|  |TAMS 0x00000000c6600000, 0x00000000c6600000| Untracked 
|  47|0x00000000c6700000, 0x00000000c6700000, 0x00000000c6800000|  0%| F|  |TAMS 0x00000000c6700000, 0x00000000c6700000| Untracked 
|  48|0x00000000c6800000, 0x00000000c6800000, 0x00000000c6900000|  0%| F|  |TAMS 0x00000000c6800000, 0x00000000c6800000| Untracked 
|  49|0x00000000c6900000, 0x00000000c6900000, 0x00000000c6a00000|  0%| F|  |TAMS 0x00000000c6900000, 0x00000000c6900000| Untracked 
|  50|0x00000000c6a00000, 0x00000000c6a00000, 0x00000000c6b00000|  0%| F|  |TAMS 0x00000000c6a00000, 0x00000000c6a00000| Untracked 
|  51|0x00000000c6b00000, 0x00000000c6b8fe50, 0x00000000c6c00000| 56%| E|  |TAMS 0x00000000c6b00000, 0x00000000c6b00000| Complete 
|  52|0x00000000c6c00000, 0x00000000c6d00000, 0x00000000c6d00000|100%| E|CS|TAMS 0x00000000c6c00000, 0x00000000c6c00000| Complete 
|  53|0x00000000c6d00000, 0x00000000c6e00000, 0x00000000c6e00000|100%| E|CS|TAMS 0x00000000c6d00000, 0x00000000c6d00000| Complete 
|  54|0x00000000c6e00000, 0x00000000c6f00000, 0x00000000c6f00000|100%| E|CS|TAMS 0x00000000c6e00000, 0x00000000c6e00000| Complete 
|  55|0x00000000c6f00000, 0x00000000c7000000, 0x00000000c7000000|100%| E|  |TAMS 0x00000000c6f00000, 0x00000000c6f00000| Complete 
|  56|0x00000000c7000000, 0x00000000c7100000, 0x00000000c7100000|100%| E|CS|TAMS 0x00000000c7000000, 0x00000000c7000000| Complete 
|  57|0x00000000c7100000, 0x00000000c7200000, 0x00000000c7200000|100%| E|CS|TAMS 0x00000000c7100000, 0x00000000c7100000| Complete 
|  58|0x00000000c7200000, 0x00000000c7300000, 0x00000000c7300000|100%| E|CS|TAMS 0x00000000c7200000, 0x00000000c7200000| Complete 
|  59|0x00000000c7300000, 0x00000000c7400000, 0x00000000c7400000|100%| E|CS|TAMS 0x00000000c7300000, 0x00000000c7300000| Complete 
|  60|0x00000000c7400000, 0x00000000c7500000, 0x00000000c7500000|100%| E|CS|TAMS 0x00000000c7400000, 0x00000000c7400000| Complete 
|  61|0x00000000c7500000, 0x00000000c7600000, 0x00000000c7600000|100%| E|CS|TAMS 0x00000000c7500000, 0x00000000c7500000| Complete 
| 966|0x00000000ffe00000, 0x00000000ffe48000, 0x00000000fff00000| 28%|OA|  |TAMS 0x00000000ffe00000, 0x00000000ffe00000| Untracked 
| 967|0x00000000fff00000, 0x00000000fff6c000, 0x0000000100000000| 42%|CA|  |TAMS 0x00000000fff00000, 0x00000000fff00000| Untracked 

Card table byte_map: [0x00007f896ed5d000,0x00007f896ef41000] _byte_map_base: 0x00007f896e741000

Marking Bits (Prev, Next): (CMBitMap*) 0x00007f8968045c68, (CMBitMap*) 0x00007f8968045ca0
 Prev Bits: [0x00007f896dc59000, 0x00007f896eb79000)
 Next Bits: [0x00007f896cd39000, 0x00007f896dc59000)

Polling page: 0x00007f897122f000

Metaspace:

Usage:
  Non-class:      5.72 MB capacity,     3.41 MB ( 60%) used,     2.30 MB ( 40%) free+waste,     6.88 KB ( <1%) overhead. 
      Class:    695.00 KB capacity,   430.95 KB ( 62%) used,   260.30 KB ( 37%) free+waste,     3.75 KB ( <1%) overhead. 
       Both:      6.40 MB capacity,     3.83 MB ( 60%) used,     2.56 MB ( 40%) free+waste,    10.62 KB ( <1%) overhead. 

Virtual space:
  Non-class space:        8.00 MB reserved,       5.75 MB ( 72%) committed 
      Class space:        1.00 GB reserved,     768.00 KB ( <1%) committed 
             Both:        1.01 GB reserved,       6.50 MB ( <1%) committed 

Chunk freelists:
   Non-Class:  33.00 KB
       Class:  9.00 KB
        Both:  42.00 KB

MaxMetaspaceSize: unlimited
CompressedClassSpaceSize: 1.00 GB
Initial GC threshold: 20.80 MB
Current GC threshold: 20.80 MB
CDS: on

CodeHeap 'non-profiled nmethods': size=120032Kb used=223Kb max_used=223Kb free=119808Kb
 bounds [0x00007f89580c8000, 0x00007f8958338000, 0x00007f895f600000]
CodeHeap 'profiled nmethods': size=120032Kb used=1278Kb max_used=1278Kb free=118753Kb
 bounds [0x00007f8950b90000, 0x00007f8950e00000, 0x00007f89580c8000]
CodeHeap 'non-nmethods': size=5696Kb used=1149Kb max_used=1158Kb free=4546Kb
 bounds [0x00007f8950600000, 0x00007f8950870000, 0x00007f8950b90000]
 total_blobs=1147 nmethods=738 adapters=323
 compilation: enabled
              stopped_count=0, restarted_count=0
 full_count=0

Compilation events (20 events):
Event: 0.279 Thread 0x00007f8968136000 nmethod 708 0x00007f89580fe010 code [0x00007f89580fe1c0, 0x00007f89580fe290]
Event: 0.279 Thread 0x00007f8968136000  705       3       java.util.ImmutableCollections$ListN::get (7 bytes)
Event: 0.279 Thread 0x00007f8968136000 nmethod 705 0x00007f8950cc0290 code [0x00007f8950cc0440, 0x00007f8950cc0570]
Event: 0.279 Thread 0x00007f8968136000  720       3       java.lang.Number::<init> (5 bytes)
Event: 0.279 Thread 0x00007f8968136000 nmethod 720 0x00007f8950cc0610 code [0x00007f8950cc07c0, 0x00007f8950cc0930]
Event: 0.279 Thread 0x00007f8968136000  712       1       java.lang.invoke.LambdaForm$BasicType::basicTypeClass (5 bytes)
Event: 0.279 Thread 0x00007f8968136000 nmethod 712 0x00007f89580fe310 code [0x00007f89580fe4c0, 0x00007f89580fe590]
Event: 0.279 Thread 0x00007f8968136000  719       1       java.lang.invoke.MethodTypeForm::basicType (5 bytes)
Event: 0.279 Thread 0x00007f8968136000 nmethod 719 0x00007f89580fe610 code [0x00007f89580fe7c0, 0x00007f89580fe890]
Event: 0.279 Thread 0x00007f8968136000  721       3       java.lang.invoke.MemberName::flagsMods (72 bytes)
Event: 0.279 Thread 0x00007f8968136000 nmethod 721 0x00007f8950cc0a10 code [0x00007f8950cc0bc0, 0x00007f8950cc0cd0]
Event: 0.279 Thread 0x00007f8968136000  722       3       java.lang.invoke.MemberName::init (66 bytes)
Event: 0.279 Thread 0x00007f8968136000 nmethod 722 0x00007f8950cc0d90 code [0x00007f8950cc0f40, 0x00007f8950cc1190]
Event: 0.279 Thread 0x00007f8968136000  724       3       java.lang.invoke.LambdaForm::parameterType (9 bytes)
Event: 0.279 Thread 0x00007f8968136000 nmethod 724 0x00007f8950cc1210 code [0x00007f8950cc13c0, 0x00007f8950cc1520]
Event: 0.279 Thread 0x00007f8968136000  726       3       java.lang.invoke.MemberName::getReferenceKind (12 bytes)
Event: 0.279 Thread 0x00007f8968136000 nmethod 726 0x00007f8950cc1610 code [0x00007f8950cc17c0, 0x00007f8950cc18f0]
Event: 0.279 Thread 0x00007f8968136000  727       3       sun.invoke.util.Wrapper::forPrimitiveType (49 bytes)
Event: 0.280 Thread 0x00007f8968136000 nmethod 727 0x00007f8950cc1990 code [0x00007f8950cc1d20, 0x00007f8950cc3280]
Event: 0.280 Thread 0x00007f8968136000  730       3       jdk.internal.org.objectweb.asm.Frame::execute (2264 bytes)

GC Heap History (0 events):
No events

Deoptimization events (20 events):
Event: 0.131 Thread 0x00007f8968016800 DEOPT PACKING pc=0x00007f89580dcedc sp=0x00007f896fbfb370
Event: 0.131 Thread 0x00007f8968016800 DEOPT UNPACKING pc=0x00007f8950649ea5 sp=0x00007f896fbfb300 mode 2
Event: 0.169 Thread 0x00007f8968016800 Uncommon trap: trap_request=0xffffff4d fr.pc=0x00007f89580d8488 relative=0x0000000000000068
Event: 0.169 Thread 0x00007f8968016800 Uncommon trap: reason=unstable_if action=reinterpret pc=0x00007f89580d8488 method=java.lang.String.isLatin1()Z @ 10 c2
Event: 0.169 Thread 0x00007f8968016800 DEOPT PACKING pc=0x00007f89580d8488 sp=0x00007f896fbfe2b0
Event: 0.169 Thread 0x00007f8968016800 DEOPT UNPACKING pc=0x00007f8950649ea5 sp=0x00007f896fbfe260 mode 2
Event: 0.187 Thread 0x00007f8968016800 Uncommon trap: trap_request=0xffffff76 fr.pc=0x00007f89580ebc6c relative=0x00000000000003ac
Event: 0.187 Thread 0x00007f8968016800 Uncommon trap: reason=loop_limit_check action=maybe_recompile pc=0x00007f89580ebc6c method=java.lang.StringLatin1.indexOf([BI[BII)I @ 37 c2
Event: 0.187 Thread 0x00007f8968016800 DEOPT PACKING pc=0x00007f89580ebc6c sp=0x00007f896fbfbc40
Event: 0.187 Thread 0x00007f8968016800 DEOPT UNPACKING pc=0x00007f8950649ea5 sp=0x00007f896fbfbbc0 mode 2
Event: 0.198 Thread 0x00007f8968016800 DEOPT PACKING pc=0x00007f8950c07424 sp=0x00007f896fbfd9a0
Event: 0.198 Thread 0x00007f8968016800 DEOPT UNPACKING pc=0x00007f895064a64a sp=0x00007f896fbfce18 mode 0
Event: 0.203 Thread 0x00007f8968016800 Uncommon trap: trap_request=0xffffffc6 fr.pc=0x00007f89580e4940 relative=0x00000000000003e0
Event: 0.203 Thread 0x00007f8968016800 Uncommon trap: reason=bimorphic_or_optimized_type_check action=maybe_recompile pc=0x00007f89580e4940 method=java.util.HashMap.getNode(ILjava/lang/Object;)Ljava/util/HashMap$Node; @ 126 c2
Event: 0.203 Thread 0x00007f8968016800 DEOPT PACKING pc=0x00007f89580e4940 sp=0x00007f896fbfe150
Event: 0.203 Thread 0x00007f8968016800 DEOPT UNPACKING pc=0x00007f8950649ea5 sp=0x00007f896fbfe088 mode 2
Event: 0.235 Thread 0x00007f8968016800 DEOPT PACKING pc=0x00007f8950c061c2 sp=0x00007f896fbfd010
Event: 0.235 Thread 0x00007f8968016800 DEOPT UNPACKING pc=0x00007f895064a64a sp=0x00007f896fbfc498 mode 0
Event: 0.236 Thread 0x00007f8968016800 DEOPT PACKING pc=0x00007f8950bc68cf sp=0x00007f896fbfd040
Event: 0.236 Thread 0x00007f8968016800 DEOPT UNPACKING pc=0x00007f895064a64a sp=0x00007f896fbfc4e8 mode 0

Classes redefined (0 events):
No events

Internal exceptions (20 events):
Event: 0.082 Thread 0x00007f8968016800 Exception <a 'java/security/PrivilegedActionException'{0x00000000c7487370}> (0x00000000c7487370) thrown at [./src/hotspot/share/prims/jvm.cpp, line 1304]
Event: 0.082 Thread 0x00007f8968016800 Exception <a 'java/security/PrivilegedActionException'{0x00000000c7487640}> (0x00000000c7487640) thrown at [./src/hotspot/share/prims/jvm.cpp, line 1304]
Event: 0.082 Thread 0x00007f8968016800 Exception <a 'java/security/PrivilegedActionException'{0x00000000c7487fb0}> (0x00000000c7487fb0) thrown at [./src/hotspot/share/prims/jvm.cpp, line 1304]
Event: 0.082 Thread 0x00007f8968016800 Exception <a 'java/security/PrivilegedActionException'{0x00000000c7488280}> (0x00000000c7488280) thrown at [./src/hotspot/share/prims/jvm.cpp, line 1304]
Event: 0.082 Thread 0x00007f8968016800 Exception <a 'java/security/PrivilegedActionException'{0x00000000c7488bf0}> (0x00000000c7488bf0) thrown at [./src/hotspot/share/prims/jvm.cpp, line 1304]
Event: 0.082 Thread 0x00007f8968016800 Exception <a 'java/security/PrivilegedActionException'{0x00000000c7488ec0}> (0x00000000c7488ec0) thrown at [./src/hotspot/share/prims/jvm.cpp, line 1304]
Event: 0.082 Thread 0x00007f8968016800 Exception <a 'java/security/PrivilegedActionException'{0x00000000c7489848}> (0x00000000c7489848) thrown at [./src/hotspot/share/prims/jvm.cpp, line 1304]
Event: 0.082 Thread 0x00007f8968016800 Exception <a 'java/security/PrivilegedActionException'{0x00000000c7489b18}> (0x00000000c7489b18) thrown at [./src/hotspot/share/prims/jvm.cpp, line 1304]
Event: 0.082 Thread 0x00007f8968016800 Exception <a 'java/security/PrivilegedActionException'{0x00000000c748a4a0}> (0x00000000c748a4a0) thrown at [./src/hotspot/share/prims/jvm.cpp, line 1304]
Event: 0.082 Thread 0x00007f8968016800 Exception <a 'java/security/PrivilegedActionException'{0x00000000c748a770}> (0x00000000c748a770) thrown at [./src/hotspot/share/prims/jvm.cpp, line 1304]
Event: 0.082 Thread 0x00007f8968016800 Exception <a 'java/security/PrivilegedActionException'{0x00000000c748b0f8}> (0x00000000c748b0f8) thrown at [./src/hotspot/share/prims/jvm.cpp, line 1304]
Event: 0.082 Thread 0x00007f8968016800 Exception <a 'java/security/PrivilegedActionException'{0x00000000c748b3c8}> (0x00000000c748b3c8) thrown at [./src/hotspot/share/prims/jvm.cpp, line 1304]
Event: 0.082 Thread 0x00007f8968016800 Exception <a 'java/security/PrivilegedActionException'{0x00000000c748bd38}> (0x00000000c748bd38) thrown at [./src/hotspot/share/prims/jvm.cpp, line 1304]
Event: 0.082 Thread 0x00007f8968016800 Exception <a 'java/security/PrivilegedActionException'{0x00000000c748c008}> (0x00000000c748c008) thrown at [./src/hotspot/share/prims/jvm.cpp, line 1304]
Event: 0.082 Thread 0x00007f8968016800 Exception <a 'java/security/PrivilegedActionException'{0x00000000c748c990}> (0x00000000c748c990) thrown at [./src/hotspot/share/prims/jvm.cpp, line 1304]
Event: 0.082 Thread 0x00007f8968016800 Exception <a 'java/security/PrivilegedActionException'{0x00000000c748cc60}> (0x00000000c748cc60) thrown at [./src/hotspot/share/prims/jvm.cpp, line 1304]
Event: 0.103 Thread 0x00007f8968016800 Exception <a 'java/lang/NoSuchMethodError'{0x00000000c73bd198}: 'int java.lang.invoke.DirectMethodHandle$Holder.invokeStaticInit(java.lang.Object, java.lang.Object, java.lang.Object, java.lang.Object)'> (0x00000000c73bd198) thrown at [./src/hotspot/share/interpreter/linkResolver.cpp, line 772]
Event: 0.104 Thread 0x00007f8968016800 Exception <a 'java/lang/IncompatibleClassChangeError'{0x00000000c73c6f18}: Found class java.lang.Object, but interface was expected> (0x00000000c73c6f18) thrown at [./src/hotspot/share/interpreter/linkResolver.cpp, line 839]
Event: 0.105 Thread 0x00007f8968016800 Exception <a 'java/lang/NoSuchMethodError'{0x00000000c73ca0c8}: 'void java.lang.invoke.DirectMethodHandle$Holder.invokeStaticInit(java.lang.Object, java.lang.Object)'> (0x00000000c73ca0c8) thrown at [./src/hotspot/share/interpreter/linkResolver.cpp, line 772]
Event: 0.106 Thread 0x00007f8968016800 Exception <a 'java/lang/NoSuchMethodError'{0x00000000c73cf718}: 'int java.lang.invoke.DirectMethodHandle$Holder.invokeStaticInit(java.lang.Object, java.lang.Object)'> (0x00000000c73cf718) thrown at [./src/hotspot/share/interpreter/linkResolver.cpp, line 772]

Events (20 events):
Event: 0.268 loading class SymbolTable
Event: 0.268 loading class SymbolTable done
Event: 0.271 Executing VM operation: Deoptimize
Event: 0.271 Executing VM operation: Deoptimize done
Event: 0.273 loading class java/lang/invoke/BoundMethodHandle$Species_LL
Event: 0.273 loading class java/lang/invoke/BoundMethodHandle$Species_LL done
Event: 0.274 loading class java/lang/invoke/BoundMethodHandle$Species_LLL
Event: 0.274 loading class java/lang/invoke/BoundMethodHandle$Species_LLL done
Event: 0.275 loading class java/lang/invoke/BoundMethodHandle$Species_LLLL
Event: 0.275 loading class java/lang/invoke/BoundMethodHandle$Species_LLLL done
Event: 0.277 loading class java/lang/invoke/BoundMethodHandle$Species_LLLLL
Event: 0.277 loading class java/lang/invoke/BoundMethodHandle$Species_LLLLL done
Event: 0.277 loading class java/lang/invoke/BoundMethodHandle$Species_LLLLLL
Event: 0.277 loading class java/lang/invoke/BoundMethodHandle$Species_LLLLLL done
Event: 0.279 loading class java/lang/invoke/BoundMethodHandle$Species_LLLLLLI
Event: 0.279 loading class java/lang/invoke/BoundMethodHandle$Species_LLLLLLI done
Event: 0.280 loading class java/lang/invoke/BoundMethodHandle$Species_LLLLLLII
Event: 0.280 loading class java/lang/invoke/BoundMethodHandle$Species_LLLLLLII done
Event: 0.281 loading class java/lang/invoke/BoundMethodHandle$Species_LLLLLLIIL
Event: 0.281 loading class java/lang/invoke/BoundMethodHandle$Species_LLLLLLIIL done


Dynamic libraries:
c3800000-c7600000 rw-p 00000000 00:00 0 
c7600000-ffe00000 ---p 00000000 00:00 0 
ffe00000-ffe48000 rw-p 00b14000 08:03 265562                             /usr/lib/jvm/java-11-openjdk-amd64/lib/server/classes.jsa
ffe48000-fff00000 rw-p 00000000 00:00 0 
fff00000-fff6c000 rw-p 00aa8000 08:03 265562                             /usr/lib/jvm/java-11-openjdk-amd64/lib/server/classes.jsa
fff6c000-100000000 rw-p 00000000 00:00 0 
800000000-800002000 rwxp 00001000 08:03 265562                           /usr/lib/jvm/java-11-openjdk-amd64/lib/server/classes.jsa
800002000-8003ce000 rw-p 00003000 08:03 265562                           /usr/lib/jvm/java-11-openjdk-amd64/lib/server/classes.jsa
8003ce000-800aa6000 r--p 003cf000 08:03 265562                           /usr/lib/jvm/java-11-openjdk-amd64/lib/server/classes.jsa
800aa6000-800aa7000 rw-p 00aa7000 08:03 265562                           /usr/lib/jvm/java-11-openjdk-amd64/lib/server/classes.jsa
840000000-8400c0000 rw-p 00000000 00:00 0 
8400c0000-880000000 ---p 00000000 00:00 0 
559a78525000-559a78526000 r--p 00000000 08:03 265116                     /usr/lib/jvm/java-11-openjdk-amd64/bin/java
559a78526000-559a78527000 r-xp 00001000 08:03 265116                     /usr/lib/jvm/java-11-openjdk-amd64/bin/java
559a78527000-559a78528000 r--p 00002000 08:03 265116                     /usr/lib/jvm/java-11-openjdk-amd64/bin/java
559a78528000-559a78529000 r--p 00002000 08:03 265116                     /usr/lib/jvm/java-11-openjdk-amd64/bin/java
559a78529000-559a7852a000 rw-p 00003000 08:03 265116                     /usr/lib/jvm/java-11-openjdk-amd64/bin/java
559a7a029000-559a7a04a000 rw-p 00000000 00:00 0                          [heap]
7f88fd400000-7f88fdd26000 r--p 00000000 08:03 1587749                    /home/ubuntu/.javacpp/cache/llvm-13.0.1-1.5.7-linux-x86_64.jar/org/bytedeco/llvm/linux-x86_64/libLLVM-13.so
7f88fdd26000-7f89016e9000 r-xp 00926000 08:03 1587749                    /home/ubuntu/.javacpp/cache/llvm-13.0.1-1.5.7-linux-x86_64.jar/org/bytedeco/llvm/linux-x86_64/libLLVM-13.so
7f89016e9000-7f890393e000 r--p 042e9000 08:03 1587749                    /home/ubuntu/.javacpp/cache/llvm-13.0.1-1.5.7-linux-x86_64.jar/org/bytedeco/llvm/linux-x86_64/libLLVM-13.so
7f890393e000-7f8903e53000 r--p 0653d000 08:03 1587749                    /home/ubuntu/.javacpp/cache/llvm-13.0.1-1.5.7-linux-x86_64.jar/org/bytedeco/llvm/linux-x86_64/libLLVM-13.so
7f8903e53000-7f8903e5e000 rw-p 06a52000 08:03 1587749                    /home/ubuntu/.javacpp/cache/llvm-13.0.1-1.5.7-linux-x86_64.jar/org/bytedeco/llvm/linux-x86_64/libLLVM-13.so
7f8903e5e000-7f8903ed4000 rw-p 00000000 00:00 0 
7f8904000000-7f8904021000 rw-p 00000000 00:00 0 
7f8904021000-7f8908000000 ---p 00000000 00:00 0 
7f8908000000-7f8908021000 rw-p 00000000 00:00 0 
7f8908021000-7f890c000000 ---p 00000000 00:00 0 
7f890c000000-7f890c10c000 rw-p 00000000 00:00 0 
7f890c10c000-7f8910000000 ---p 00000000 00:00 0 
7f8910000000-7f8910021000 rw-p 00000000 00:00 0 
7f8910021000-7f8914000000 ---p 00000000 00:00 0 
7f8914000000-7f8914021000 rw-p 00000000 00:00 0 
7f8914021000-7f8918000000 ---p 00000000 00:00 0 
7f8918000000-7f8918021000 rw-p 00000000 00:00 0 
7f8918021000-7f891c000000 ---p 00000000 00:00 0 
7f891c000000-7f891c24a000 rw-p 00000000 00:00 0 
7f891c24a000-7f8920000000 ---p 00000000 00:00 0 
7f8920000000-7f892037f000 rw-p 00000000 00:00 0 
7f892037f000-7f8924000000 ---p 00000000 00:00 0 
7f8924000000-7f8924021000 rw-p 00000000 00:00 0 
7f8924021000-7f8928000000 ---p 00000000 00:00 0 
7f8928000000-7f8928021000 rw-p 00000000 00:00 0 
7f8928021000-7f892c000000 ---p 00000000 00:00 0 
7f892c000000-7f892c021000 rw-p 00000000 00:00 0 
7f892c021000-7f8930000000 ---p 00000000 00:00 0 
7f8930000000-7f8930021000 rw-p 00000000 00:00 0 
7f8930021000-7f8934000000 ---p 00000000 00:00 0 
7f8934000000-7f8934021000 rw-p 00000000 00:00 0 
7f8934021000-7f8938000000 ---p 00000000 00:00 0 
7f8938000000-7f8938021000 rw-p 00000000 00:00 0 
7f8938021000-7f893c000000 ---p 00000000 00:00 0 
7f893c000000-7f893c021000 rw-p 00000000 00:00 0 
7f893c021000-7f8940000000 ---p 00000000 00:00 0 
7f8940bfa000-7f8940c5f000 r--p 00000000 08:03 1589997                    /home/ubuntu/.javacpp/cache/llvm-13.0.1-1.5.7-linux-x86_64.jar/org/bytedeco/llvm/linux-x86_64/libjniLLVM.so
7f8940c5f000-7f8940ccd000 r-xp 00065000 08:03 1589997                    /home/ubuntu/.javacpp/cache/llvm-13.0.1-1.5.7-linux-x86_64.jar/org/bytedeco/llvm/linux-x86_64/libjniLLVM.so
7f8940ccd000-7f8940cf8000 r--p 000d3000 08:03 1589997                    /home/ubuntu/.javacpp/cache/llvm-13.0.1-1.5.7-linux-x86_64.jar/org/bytedeco/llvm/linux-x86_64/libjniLLVM.so
7f8940cf8000-7f8940cfb000 r--p 000fd000 08:03 1589997                    /home/ubuntu/.javacpp/cache/llvm-13.0.1-1.5.7-linux-x86_64.jar/org/bytedeco/llvm/linux-x86_64/libjniLLVM.so
7f8940cfb000-7f8940cfe000 rw-p 00100000 08:03 1589997                    /home/ubuntu/.javacpp/cache/llvm-13.0.1-1.5.7-linux-x86_64.jar/org/bytedeco/llvm/linux-x86_64/libjniLLVM.so
7f8940cfe000-7f8940d00000 rw-p 00000000 00:00 0 
7f8940d00000-7f8940d04000 ---p 00000000 00:00 0 
7f8940d04000-7f8940e00000 rw-p 00000000 00:00 0 
7f8940e00000-7f8941678000 r--p 00000000 08:03 2365202                    /usr/lib/locale/locale-archive
7f89416ff000-7f8941700000 ---p 00000000 00:00 0 
7f8941700000-7f8941dc0000 rw-p 00000000 00:00 0 
7f8941dc0000-7f8942000000 ---p 00000000 00:00 0 
7f8942000000-7f8944000000 rw-p 00000000 00:00 0 
7f8944000000-7f8944021000 rw-p 00000000 00:00 0 
7f8944021000-7f8948000000 ---p 00000000 00:00 0 
7f8948000000-7f8948021000 rw-p 00000000 00:00 0 
7f8948021000-7f894c000000 ---p 00000000 00:00 0 
7f894c000000-7f894c021000 rw-p 00000000 00:00 0 
7f894c021000-7f8950000000 ---p 00000000 00:00 0 
7f8950000000-7f8950004000 ---p 00000000 00:00 0 
7f8950004000-7f8950100000 rw-p 00000000 00:00 0 
7f8950100000-7f8950104000 ---p 00000000 00:00 0 
7f8950104000-7f8950200000 rw-p 00000000 00:00 0 
7f8950200000-7f8950204000 ---p 00000000 00:00 0 
7f8950204000-7f8950300000 rw-p 00000000 00:00 0 
7f8950300000-7f8950304000 ---p 00000000 00:00 0 
7f8950304000-7f8950400000 rw-p 00000000 00:00 0 
7f8950400000-7f8950404000 ---p 00000000 00:00 0 
7f8950404000-7f8950500000 rw-p 00000000 00:00 0 
7f8950500000-7f8950504000 ---p 00000000 00:00 0 
7f8950504000-7f8950600000 rw-p 00000000 00:00 0 
7f8950600000-7f8950870000 rwxp 00000000 00:00 0 
7f8950870000-7f8950b90000 ---p 00000000 00:00 0 
7f8950b90000-7f8950e00000 rwxp 00000000 00:00 0 
7f8950e00000-7f89580c8000 ---p 00000000 00:00 0 
7f89580c8000-7f8958338000 rwxp 00000000 00:00 0 
7f8958338000-7f895f600000 ---p 00000000 00:00 0 
7f895f600000-7f8967e25000 r--s 00000000 08:03 265275                     /usr/lib/jvm/java-11-openjdk-amd64/lib/modules
7f8967f00000-7f8967f04000 ---p 00000000 00:00 0 
7f8967f04000-7f8968000000 rw-p 00000000 00:00 0 
7f8968000000-7f896840b000 rw-p 00000000 00:00 0 
7f896840b000-7f896c000000 ---p 00000000 00:00 0 
7f896c06c000-7f896c073000 r--s 00000000 08:03 659244                     /usr/lib/x86_64-linux-gnu/gconv/gconv-modules.cache
7f896c073000-7f896c07a000 r--p 00000000 08:03 1587750                    /home/ubuntu/.javacpp/cache/llvm-13.0.1-1.5.7-linux-x86_64.jar/org/bytedeco/llvm/linux-x86_64/libLTO.so.13
7f896c07a000-7f896c082000 r-xp 00007000 08:03 1587750                    /home/ubuntu/.javacpp/cache/llvm-13.0.1-1.5.7-linux-x86_64.jar/org/bytedeco/llvm/linux-x86_64/libLTO.so.13
7f896c082000-7f896c084000 r--p 0000f000 08:03 1587750                    /home/ubuntu/.javacpp/cache/llvm-13.0.1-1.5.7-linux-x86_64.jar/org/bytedeco/llvm/linux-x86_64/libLTO.so.13
7f896c084000-7f896c085000 r--p 00010000 08:03 1587750                    /home/ubuntu/.javacpp/cache/llvm-13.0.1-1.5.7-linux-x86_64.jar/org/bytedeco/llvm/linux-x86_64/libLTO.so.13
7f896c085000-7f896c086000 rw-p 00011000 08:03 1587750                    /home/ubuntu/.javacpp/cache/llvm-13.0.1-1.5.7-linux-x86_64.jar/org/bytedeco/llvm/linux-x86_64/libLTO.so.13
7f896c086000-7f896c08a000 r--p 00000000 08:03 1587748                    /home/ubuntu/.javacpp/cache/javacpp-1.5.7-linux-x86_64.jar/org/bytedeco/javacpp/linux-x86_64/libjnijavacpp.so
7f896c08a000-7f896c091000 r-xp 00004000 08:03 1587748                    /home/ubuntu/.javacpp/cache/javacpp-1.5.7-linux-x86_64.jar/org/bytedeco/javacpp/linux-x86_64/libjnijavacpp.so
7f896c091000-7f896c095000 r--p 0000b000 08:03 1587748                    /home/ubuntu/.javacpp/cache/javacpp-1.5.7-linux-x86_64.jar/org/bytedeco/javacpp/linux-x86_64/libjnijavacpp.so
7f896c095000-7f896c096000 r--p 0000e000 08:03 1587748                    /home/ubuntu/.javacpp/cache/javacpp-1.5.7-linux-x86_64.jar/org/bytedeco/javacpp/linux-x86_64/libjnijavacpp.so
7f896c096000-7f896c097000 rw-p 0000f000 08:03 1587748                    /home/ubuntu/.javacpp/cache/javacpp-1.5.7-linux-x86_64.jar/org/bytedeco/javacpp/linux-x86_64/libjnijavacpp.so
7f896c097000-7f896c09b000 r--p 00000000 08:03 265265                     /usr/lib/jvm/java-11-openjdk-amd64/lib/libnet.so
7f896c09b000-7f896c0a9000 r-xp 00004000 08:03 265265                     /usr/lib/jvm/java-11-openjdk-amd64/lib/libnet.so
7f896c0a9000-7f896c0ad000 r--p 00012000 08:03 265265                     /usr/lib/jvm/java-11-openjdk-amd64/lib/libnet.so
7f896c0ad000-7f896c0ae000 r--p 00015000 08:03 265265                     /usr/lib/jvm/java-11-openjdk-amd64/lib/libnet.so
7f896c0ae000-7f896c0af000 rw-p 00016000 08:03 265265                     /usr/lib/jvm/java-11-openjdk-amd64/lib/libnet.so
7f896c0af000-7f896c0b3000 ---p 00000000 00:00 0 
7f896c0b3000-7f896c1af000 rw-p 00000000 00:00 0 
7f896c1af000-7f896c1b3000 ---p 00000000 00:00 0 
7f896c1b3000-7f896c2af000 rw-p 00000000 00:00 0 
7f896c2af000-7f896c2b3000 ---p 00000000 00:00 0 
7f896c2b3000-7f896c3af000 rw-p 00000000 00:00 0 
7f896c3af000-7f896c3b0000 ---p 00000000 00:00 0 
7f896c3b0000-7f896c531000 rw-p 00000000 00:00 0 
7f896c531000-7f896c532000 ---p 00000000 00:00 0 
7f896c532000-7f896c632000 rw-p 00000000 00:00 0 
7f896c632000-7f896c633000 ---p 00000000 00:00 0 
7f896c633000-7f896cb37000 rw-p 00000000 00:00 0 
7f896cb37000-7f896cb38000 ---p 00000000 00:00 0 
7f896cb38000-7f896cc38000 rw-p 00000000 00:00 0 
7f896cc38000-7f896cc39000 ---p 00000000 00:00 0 
7f896cc39000-7f896ce31000 rw-p 00000000 00:00 0 
7f896ce31000-7f896dc51000 ---p 00000000 00:00 0 
7f896dc51000-7f896dd51000 rw-p 00000000 00:00 0 
7f896dd51000-7f896eb71000 ---p 00000000 00:00 0 
7f896eb71000-7f896eb98000 rw-p 00000000 00:00 0 
7f896eb98000-7f896ed5c000 ---p 00000000 00:00 0 
7f896ed5c000-7f896ed7c000 rw-p 00000000 00:00 0 
7f896ed7c000-7f896ef40000 ---p 00000000 00:00 0 
7f896ef40000-7f896ef60000 rw-p 00000000 00:00 0 
7f896ef60000-7f896f124000 ---p 00000000 00:00 0 
7f896f124000-7f896f529000 rw-p 00000000 00:00 0 
7f896f529000-7f896f52a000 ---p 00000000 00:00 0 
7f896f52a000-7f896f62f000 rw-p 00000000 00:00 0 
7f896f62f000-7f896f715000 ---p 00000000 00:00 0 
7f896f715000-7f896f71a000 rw-p 00000000 00:00 0 
7f896f71a000-7f896f800000 ---p 00000000 00:00 0 
7f896f800000-7f896f89a000 r--p 00000000 08:03 2360832                    /usr/lib/x86_64-linux-gnu/libstdc++.so.6.0.30
7f896f89a000-7f896f9ab000 r-xp 0009a000 08:03 2360832                    /usr/lib/x86_64-linux-gnu/libstdc++.so.6.0.30
7f896f9ab000-7f896fa1a000 r--p 001ab000 08:03 2360832                    /usr/lib/x86_64-linux-gnu/libstdc++.so.6.0.30
7f896fa1a000-7f896fa1b000 ---p 0021a000 08:03 2360832                    /usr/lib/x86_64-linux-gnu/libstdc++.so.6.0.30
7f896fa1b000-7f896fa26000 r--p 0021a000 08:03 2360832                    /usr/lib/x86_64-linux-gnu/libstdc++.so.6.0.30
7f896fa26000-7f896fa29000 rw-p 00225000 08:03 2360832                    /usr/lib/x86_64-linux-gnu/libstdc++.so.6.0.30
7f896fa29000-7f896fa2c000 rw-p 00000000 00:00 0 
7f896fa2c000-7f896fa2d000 r--p 00000000 08:03 1589995                    /home/ubuntu/.javacpp/cache/llvm-13.0.1-1.5.7-linux-x86_64.jar/org/bytedeco/llvm/linux-x86_64/libRemarks.so.13
7f896fa2d000-7f896fa2e000 r-xp 00001000 08:03 1589995                    /home/ubuntu/.javacpp/cache/llvm-13.0.1-1.5.7-linux-x86_64.jar/org/bytedeco/llvm/linux-x86_64/libRemarks.so.13
7f896fa2e000-7f896fa2f000 r--p 00002000 08:03 1589995                    /home/ubuntu/.javacpp/cache/llvm-13.0.1-1.5.7-linux-x86_64.jar/org/bytedeco/llvm/linux-x86_64/libRemarks.so.13
7f896fa2f000-7f896fa30000 r--p 00002000 08:03 1589995                    /home/ubuntu/.javacpp/cache/llvm-13.0.1-1.5.7-linux-x86_64.jar/org/bytedeco/llvm/linux-x86_64/libRemarks.so.13
7f896fa30000-7f896fa31000 rw-p 00003000 08:03 1589995                    /home/ubuntu/.javacpp/cache/llvm-13.0.1-1.5.7-linux-x86_64.jar/org/bytedeco/llvm/linux-x86_64/libRemarks.so.13
7f896fa31000-7f896fa32000 r--p 00000000 08:03 2361439                    /usr/lib/x86_64-linux-gnu/libdl.so.2
7f896fa32000-7f896fa33000 r-xp 00001000 08:03 2361439                    /usr/lib/x86_64-linux-gnu/libdl.so.2
7f896fa33000-7f896fa34000 r--p 00002000 08:03 2361439                    /usr/lib/x86_64-linux-gnu/libdl.so.2
7f896fa34000-7f896fa35000 r--p 00002000 08:03 2361439                    /usr/lib/x86_64-linux-gnu/libdl.so.2
7f896fa35000-7f896fa36000 rw-p 00003000 08:03 2361439                    /usr/lib/x86_64-linux-gnu/libdl.so.2
7f896fa36000-7f896fa3d000 r--p 00000000 08:03 265266                     /usr/lib/jvm/java-11-openjdk-amd64/lib/libnio.so
7f896fa3d000-7f896fa45000 r-xp 00007000 08:03 265266                     /usr/lib/jvm/java-11-openjdk-amd64/lib/libnio.so
7f896fa45000-7f896fa48000 r--p 0000f000 08:03 265266                     /usr/lib/jvm/java-11-openjdk-amd64/lib/libnio.so
7f896fa48000-7f896fa49000 r--p 00011000 08:03 265266                     /usr/lib/jvm/java-11-openjdk-amd64/lib/libnio.so
7f896fa49000-7f896fa4a000 rw-p 00012000 08:03 265266                     /usr/lib/jvm/java-11-openjdk-amd64/lib/libnio.so
7f896fa4a000-7f896facb000 rw-p 00000000 00:00 0 
7f896facb000-7f896fad2000 ---p 00000000 00:00 0 
7f896fad2000-7f896fae0000 r--p 00000000 08:03 265254                     /usr/lib/jvm/java-11-openjdk-amd64/lib/libjava.so
7f896fae0000-7f896faf6000 r-xp 0000e000 08:03 265254                     /usr/lib/jvm/java-11-openjdk-amd64/lib/libjava.so
7f896faf6000-7f896fafd000 r--p 00024000 08:03 265254                     /usr/lib/jvm/java-11-openjdk-amd64/lib/libjava.so
7f896fafd000-7f896fafe000 r--p 0002a000 08:03 265254                     /usr/lib/jvm/java-11-openjdk-amd64/lib/libjava.so
7f896fafe000-7f896faff000 rw-p 0002b000 08:03 265254                     /usr/lib/jvm/java-11-openjdk-amd64/lib/libjava.so
7f896faff000-7f896fb00000 rw-p 00000000 00:00 0 
7f896fb00000-7f896fb04000 ---p 00000000 00:00 0 
7f896fb04000-7f896fc00000 rw-p 00000000 00:00 0 
7f896fc00000-7f896fe82000 r--p 00000000 08:03 265280                     /usr/lib/jvm/java-11-openjdk-amd64/lib/server/libjvm.so
7f896fe82000-7f8970b20000 r-xp 00282000 08:03 265280                     /usr/lib/jvm/java-11-openjdk-amd64/lib/server/libjvm.so
7f8970b20000-7f8970d7c000 r--p 00f20000 08:03 265280                     /usr/lib/jvm/java-11-openjdk-amd64/lib/server/libjvm.so
7f8970d7c000-7f8970e40000 r--p 0117b000 08:03 265280                     /usr/lib/jvm/java-11-openjdk-amd64/lib/server/libjvm.so
7f8970e40000-7f8970e7b000 rw-p 0123f000 08:03 265280                     /usr/lib/jvm/java-11-openjdk-amd64/lib/server/libjvm.so
7f8970e7b000-7f8970ed2000 rw-p 00000000 00:00 0 
7f8970ed3000-7f8970ed4000 r--p 00000000 08:03 2361473                    /usr/lib/x86_64-linux-gnu/libpthread.so.0
7f8970ed4000-7f8970ed5000 r-xp 00001000 08:03 2361473                    /usr/lib/x86_64-linux-gnu/libpthread.so.0
7f8970ed5000-7f8970ed6000 r--p 00002000 08:03 2361473                    /usr/lib/x86_64-linux-gnu/libpthread.so.0
7f8970ed6000-7f8970ed7000 r--p 00002000 08:03 2361473                    /usr/lib/x86_64-linux-gnu/libpthread.so.0
7f8970ed7000-7f8970ed8000 rw-p 00003000 08:03 2361473                    /usr/lib/x86_64-linux-gnu/libpthread.so.0
7f8970ed8000-7f8970eda000 r--p 00000000 08:03 265274                     /usr/lib/jvm/java-11-openjdk-amd64/lib/libzip.so
7f8970eda000-7f8970edf000 r-xp 00002000 08:03 265274                     /usr/lib/jvm/java-11-openjdk-amd64/lib/libzip.so
7f8970edf000-7f8970ee1000 r--p 00007000 08:03 265274                     /usr/lib/jvm/java-11-openjdk-amd64/lib/libzip.so
7f8970ee1000-7f8970ee2000 r--p 00008000 08:03 265274                     /usr/lib/jvm/java-11-openjdk-amd64/lib/libzip.so
7f8970ee2000-7f8970ee3000 rw-p 00009000 08:03 265274                     /usr/lib/jvm/java-11-openjdk-amd64/lib/libzip.so
7f8970ee3000-7f8970eeb000 rw-s 00000000 08:03 393238                     /tmp/hsperfdata_ubuntu/34105
7f8970eeb000-7f8970eed000 r--p 00000000 08:03 265249                     /usr/lib/jvm/java-11-openjdk-amd64/lib/libinstrument.so
7f8970eed000-7f8970ef4000 r-xp 00002000 08:03 265249                     /usr/lib/jvm/java-11-openjdk-amd64/lib/libinstrument.so
7f8970ef4000-7f8970ef7000 r--p 00009000 08:03 265249                     /usr/lib/jvm/java-11-openjdk-amd64/lib/libinstrument.so
7f8970ef7000-7f8970ef8000 r--p 0000b000 08:03 265249                     /usr/lib/jvm/java-11-openjdk-amd64/lib/libinstrument.so
7f8970ef8000-7f8970ef9000 rw-p 0000c000 08:03 265249                     /usr/lib/jvm/java-11-openjdk-amd64/lib/libinstrument.so
7f8970ef9000-7f8970efc000 r--p 00000000 08:03 2359493                    /usr/lib/x86_64-linux-gnu/libgcc_s.so.1
7f8970efc000-7f8970f13000 r-xp 00003000 08:03 2359493                    /usr/lib/x86_64-linux-gnu/libgcc_s.so.1
7f8970f13000-7f8970f17000 r--p 0001a000 08:03 2359493                    /usr/lib/x86_64-linux-gnu/libgcc_s.so.1
7f8970f17000-7f8970f18000 r--p 0001d000 08:03 2359493                    /usr/lib/x86_64-linux-gnu/libgcc_s.so.1
7f8970f18000-7f8970f19000 rw-p 0001e000 08:03 2359493                    /usr/lib/x86_64-linux-gnu/libgcc_s.so.1
7f8970f19000-7f8970f27000 r--p 00000000 08:03 2361443                    /usr/lib/x86_64-linux-gnu/libm.so.6
7f8970f27000-7f8970fa3000 r-xp 0000e000 08:03 2361443                    /usr/lib/x86_64-linux-gnu/libm.so.6
7f8970fa3000-7f8970ffe000 r--p 0008a000 08:03 2361443                    /usr/lib/x86_64-linux-gnu/libm.so.6
7f8970ffe000-7f8970fff000 r--p 000e4000 08:03 2361443                    /usr/lib/x86_64-linux-gnu/libm.so.6
7f8970fff000-7f8971000000 rw-p 000e5000 08:03 2361443                    /usr/lib/x86_64-linux-gnu/libm.so.6
7f8971000000-7f8971028000 r--p 00000000 08:03 2361426                    /usr/lib/x86_64-linux-gnu/libc.so.6
7f8971028000-7f89711bd000 r-xp 00028000 08:03 2361426                    /usr/lib/x86_64-linux-gnu/libc.so.6
7f89711bd000-7f8971215000 r--p 001bd000 08:03 2361426                    /usr/lib/x86_64-linux-gnu/libc.so.6
7f8971215000-7f8971216000 ---p 00215000 08:03 2361426                    /usr/lib/x86_64-linux-gnu/libc.so.6
7f8971216000-7f897121a000 r--p 00215000 08:03 2361426                    /usr/lib/x86_64-linux-gnu/libc.so.6
7f897121a000-7f897121c000 rw-p 00219000 08:03 2361426                    /usr/lib/x86_64-linux-gnu/libc.so.6
7f897121c000-7f8971229000 rw-p 00000000 00:00 0 
7f897122a000-7f897122b000 r--p 00000000 08:03 265247                     /usr/lib/jvm/java-11-openjdk-amd64/lib/libextnet.so
7f897122b000-7f897122c000 r-xp 00001000 08:03 265247                     /usr/lib/jvm/java-11-openjdk-amd64/lib/libextnet.so
7f897122c000-7f897122d000 r--p 00002000 08:03 265247                     /usr/lib/jvm/java-11-openjdk-amd64/lib/libextnet.so
7f897122d000-7f897122e000 r--p 00002000 08:03 265247                     /usr/lib/jvm/java-11-openjdk-amd64/lib/libextnet.so
7f897122e000-7f897122f000 rw-p 00003000 08:03 265247                     /usr/lib/jvm/java-11-openjdk-amd64/lib/libextnet.so
7f897122f000-7f8971230000 ---p 00000000 00:00 0 
7f8971230000-7f8971231000 r--p 00000000 00:00 0 
7f8971231000-7f8971233000 r--p 00000000 08:03 265257                     /usr/lib/jvm/java-11-openjdk-amd64/lib/libjimage.so
7f8971233000-7f8971236000 r-xp 00002000 08:03 265257                     /usr/lib/jvm/java-11-openjdk-amd64/lib/libjimage.so
7f8971236000-7f8971237000 r--p 00005000 08:03 265257                     /usr/lib/jvm/java-11-openjdk-amd64/lib/libjimage.so
7f8971237000-7f8971238000 ---p 00006000 08:03 265257                     /usr/lib/jvm/java-11-openjdk-amd64/lib/libjimage.so
7f8971238000-7f8971239000 r--p 00006000 08:03 265257                     /usr/lib/jvm/java-11-openjdk-amd64/lib/libjimage.so
7f8971239000-7f897123a000 rw-p 00007000 08:03 265257                     /usr/lib/jvm/java-11-openjdk-amd64/lib/libjimage.so
7f897123a000-7f897123b000 r--p 00000000 08:03 2361484                    /usr/lib/x86_64-linux-gnu/librt.so.1
7f897123b000-7f897123c000 r-xp 00001000 08:03 2361484                    /usr/lib/x86_64-linux-gnu/librt.so.1
7f897123c000-7f897123d000 r--p 00002000 08:03 2361484                    /usr/lib/x86_64-linux-gnu/librt.so.1
7f897123d000-7f897123e000 r--p 00002000 08:03 2361484                    /usr/lib/x86_64-linux-gnu/librt.so.1
7f897123e000-7f897123f000 rw-p 00003000 08:03 2361484                    /usr/lib/x86_64-linux-gnu/librt.so.1
7f897123f000-7f8971242000 rw-p 00000000 00:00 0 
7f8971242000-7f8971245000 r--p 00000000 08:03 265239                     /usr/lib/jvm/java-11-openjdk-amd64/lib/jli/libjli.so
7f8971245000-7f897124f000 r-xp 00003000 08:03 265239                     /usr/lib/jvm/java-11-openjdk-amd64/lib/jli/libjli.so
7f897124f000-7f8971252000 r--p 0000d000 08:03 265239                     /usr/lib/jvm/java-11-openjdk-amd64/lib/jli/libjli.so
7f8971252000-7f8971253000 ---p 00010000 08:03 265239                     /usr/lib/jvm/java-11-openjdk-amd64/lib/jli/libjli.so
7f8971253000-7f8971254000 r--p 00010000 08:03 265239                     /usr/lib/jvm/java-11-openjdk-amd64/lib/jli/libjli.so
7f8971254000-7f8971255000 rw-p 00011000 08:03 265239                     /usr/lib/jvm/java-11-openjdk-amd64/lib/jli/libjli.so
7f8971255000-7f8971257000 r--p 00000000 08:03 2367120                    /usr/lib/x86_64-linux-gnu/libz.so.1.2.11
7f8971257000-7f8971269000 r-xp 00002000 08:03 2367120                    /usr/lib/x86_64-linux-gnu/libz.so.1.2.11
7f8971269000-7f897126f000 r--p 00014000 08:03 2367120                    /usr/lib/x86_64-linux-gnu/libz.so.1.2.11
7f897126f000-7f8971270000 r--p 0001a000 08:03 2367120                    /usr/lib/x86_64-linux-gnu/libz.so.1.2.11
7f8971270000-7f8971271000 rw-p 0001b000 08:03 2367120                    /usr/lib/x86_64-linux-gnu/libz.so.1.2.11
7f8971271000-7f8971276000 r--p 00000000 08:03 265273                     /usr/lib/jvm/java-11-openjdk-amd64/lib/libverify.so
7f8971276000-7f897127d000 r-xp 00005000 08:03 265273                     /usr/lib/jvm/java-11-openjdk-amd64/lib/libverify.so
7f897127d000-7f897127f000 r--p 0000c000 08:03 265273                     /usr/lib/jvm/java-11-openjdk-amd64/lib/libverify.so
7f897127f000-7f8971281000 r--p 0000d000 08:03 265273                     /usr/lib/jvm/java-11-openjdk-amd64/lib/libverify.so
7f8971281000-7f8971282000 rw-p 0000f000 08:03 265273                     /usr/lib/jvm/java-11-openjdk-amd64/lib/libverify.so
7f8971282000-7f8971284000 rw-p 00000000 00:00 0 
7f8971284000-7f8971286000 r--p 00000000 08:03 2361301                    /usr/lib/x86_64-linux-gnu/ld-linux-x86-64.so.2
7f8971286000-7f89712b0000 r-xp 00002000 08:03 2361301                    /usr/lib/x86_64-linux-gnu/ld-linux-x86-64.so.2
7f89712b0000-7f89712bb000 r--p 0002c000 08:03 2361301                    /usr/lib/x86_64-linux-gnu/ld-linux-x86-64.so.2
7f89712bc000-7f89712be000 r--p 00037000 08:03 2361301                    /usr/lib/x86_64-linux-gnu/ld-linux-x86-64.so.2
7f89712be000-7f89712c0000 rw-p 00039000 08:03 2361301                    /usr/lib/x86_64-linux-gnu/ld-linux-x86-64.so.2
7ffc1e476000-7ffc1e497000 rw-p 00000000 00:00 0                          [stack]
7ffc1e5db000-7ffc1e5df000 r--p 00000000 00:00 0                          [vvar]
7ffc1e5df000-7ffc1e5e1000 r-xp 00000000 00:00 0                          [vdso]
ffffffffff600000-ffffffffff601000 --xp 00000000 00:00 0                  [vsyscall]


VM Arguments:
jvm_args: -javaagent:/home/ubuntu/software/idea-IU-233.14475.28/lib/idea_rt.jar=33007:/home/ubuntu/software/idea-IU-233.14475.28/bin -Dfile.encoding=UTF-8 
java_command: Main tests/test1.c tests/Actual.ll
java_class_path (initial): /home/ubuntu/Lab/out/production/Lab:/usr/local/lib/antlr-4.9.1-complete.jar:/usr/local/lib/javacpp-1.5.7-linux-x86_64.jar:/usr/local/lib/javacpp-1.5.7.jar:/usr/local/lib/llvm-13.0.1-1.5.7-linux-x86_64.jar:/usr/local/lib/llvm-13.0.1-1.5.7.jar:/usr/local/lib/llvm-platform-13.0.1-1.5.7.jar
Launcher Type: SUN_STANDARD

[Global flags]
     intx CICompilerCount                          = 3                                         {product} {ergonomic}
     uint ConcGCThreads                            = 1                                         {product} {ergonomic}
     uint G1ConcRefinementThreads                  = 4                                         {product} {ergonomic}
   size_t G1HeapRegionSize                         = 1048576                                   {product} {ergonomic}
    uintx GCDrainStackTargetSize                   = 64                                        {product} {ergonomic}
   size_t InitialHeapSize                          = 65011712                                  {product} {ergonomic}
   size_t MarkStackSize                            = 4194304                                   {product} {ergonomic}
   size_t MaxHeapSize                              = 1015021568                                {product} {ergonomic}
   size_t MaxNewSize                               = 608174080                                 {product} {ergonomic}
   size_t MinHeapDeltaBytes                        = 1048576                                   {product} {ergonomic}
    uintx NonNMethodCodeHeapSize                   = 5830732                                {pd product} {ergonomic}
    uintx NonProfiledCodeHeapSize                  = 122913754                              {pd product} {ergonomic}
    uintx ProfiledCodeHeapSize                     = 122913754                              {pd product} {ergonomic}
    uintx ReservedCodeCacheSize                    = 251658240                              {pd product} {ergonomic}
     bool SegmentedCodeCache                       = true                                      {product} {ergonomic}
     bool UseCompressedClassPointers               = true                                 {lp64_product} {ergonomic}
     bool UseCompressedOops                        = true                                 {lp64_product} {ergonomic}
     bool UseG1GC                                  = true                                      {product} {ergonomic}

Logging:
Log output configuration:
 #0: stdout all=warning uptime,level,tags
 #1: stderr all=off uptime,level,tags

Environment Variables:
PATH=/usr/local/sbin:/usr/local/bin:/usr/sbin:/usr/bin:/sbin:/bin:/usr/games:/usr/local/games:/snap/bin:/snap/bin
USERNAME=ubuntu
SHELL=/bin/bash
DISPLAY=:0
LANG=zh_CN.UTF-8

Signal Handlers:
SIGSEGV: [libjvm.so+0xead700], sa_mask[0]=11111111011111111101111111111110, sa_flags=SA_RESTART|SA_SIGINFO
SIGBUS: [libjvm.so+0xead700], sa_mask[0]=11111111011111111101111111111110, sa_flags=SA_RESTART|SA_SIGINFO
SIGFPE: [libjvm.so+0xead700], sa_mask[0]=11111111011111111101111111111110, sa_flags=SA_RESTART|SA_SIGINFO
SIGPIPE: [libjvm.so+0xbefa50], sa_mask[0]=11111111011111111101111111111110, sa_flags=SA_RESTART|SA_SIGINFO
SIGXFSZ: [libjvm.so+0xbefa50], sa_mask[0]=11111111011111111101111111111110, sa_flags=SA_RESTART|SA_SIGINFO
SIGILL: [libjvm.so+0xead700], sa_mask[0]=11111111011111111101111111111110, sa_flags=SA_RESTART|SA_SIGINFO
SIGUSR2: [libjvm.so+0xbef8f0], sa_mask[0]=00100000000000000000000000000000, sa_flags=SA_RESTART|SA_SIGINFO
SIGHUP: [libjvm.so+0xbf00b0], sa_mask[0]=11111111011111111101111111111110, sa_flags=SA_RESTART|SA_SIGINFO
SIGINT: [libjvm.so+0xbf00b0], sa_mask[0]=11111111011111111101111111111110, sa_flags=SA_RESTART|SA_SIGINFO
SIGTERM: [libjvm.so+0xbf00b0], sa_mask[0]=11111111011111111101111111111110, sa_flags=SA_RESTART|SA_SIGINFO
SIGQUIT: [libjvm.so+0xbf00b0], sa_mask[0]=11111111011111111101111111111110, sa_flags=SA_RESTART|SA_SIGINFO


---------------  S Y S T E M  ---------------

OS:DISTRIB_ID=Ubuntu
DISTRIB_RELEASE=22.10
DISTRIB_CODENAME=kinetic
DISTRIB_DESCRIPTION="Ubuntu 22.10"
uname:Linux 6.5.0-21-generic #21~22.04.1-Ubuntu SMP PREEMPT_DYNAMIC Fri Feb  9 13:32:52 UTC 2 x86_64
OS uptime: 0 days 6:22 hours
libc:glibc 2.35 NPTL 2.35 
rlimit (soft/hard): STACK 8192k/infinity , CORE 0k/infinity , NPROC 15188/15188 , NOFILE 1048576/1048576 , AS infinity/infinity , CPU infinity/infinity , DATA infinity/infinity , FSIZE infinity/infinity , MEMLOCK 495440k/495440k
load average:0.73 0.67 0.81

/proc/meminfo:
MemTotal:        3963524 kB
MemFree:          434876 kB
MemAvailable:     793340 kB
Buffers:            6708 kB
Cached:           419828 kB
SwapCached:        89756 kB
Active:          1661580 kB
Inactive:        1081592 kB
Active(anon):    1486248 kB
Inactive(anon):   830508 kB
Active(file):     175332 kB
Inactive(file):   251084 kB
Unevictable:          16 kB
Mlocked:              16 kB
SwapTotal:       3991548 kB
SwapFree:        2617220 kB
Zswap:                 0 kB
Zswapped:              0 kB
Dirty:               296 kB
Writeback:             0 kB
AnonPages:       2302200 kB
Mapped:           176272 kB
Shmem:               120 kB
KReclaimable:     220988 kB
Slab:             378116 kB
SReclaimable:     220988 kB
SUnreclaim:       157128 kB
KernelStack:       12496 kB
PageTables:        25108 kB
SecPageTables:         0 kB
NFS_Unstable:          0 kB
Bounce:                0 kB
WritebackTmp:          0 kB
CommitLimit:     5973308 kB
Committed_AS:    5889568 kB
VmallocTotal:   34359738367 kB
VmallocUsed:       43384 kB
VmallocChunk:          0 kB
Percpu:           104448 kB
HardwareCorrupted:     0 kB
AnonHugePages:         0 kB
ShmemHugePages:        0 kB
ShmemPmdMapped:        0 kB
FileHugePages:         0 kB
FilePmdMapped:         0 kB
Unaccepted:            0 kB
HugePages_Total:       0
HugePages_Free:        0
HugePages_Rsvd:        0
HugePages_Surp:        0
Hugepagesize:       2048 kB
Hugetlb:               0 kB
DirectMap4k:      177984 kB
DirectMap2M:     4016128 kB
DirectMap1G:     2097152 kB

/sys/kernel/mm/transparent_hugepage/enabled:
always [madvise] never
/sys/kernel/mm/transparent_hugepage/defrag (defrag/compaction efforts parameter):
always defer defer+madvise [madvise] never

Process Memory:
Virtual Size: 3934964K (peak: 12378248K)
Resident Set Size: 96320K (peak: 96320K) (anon: 38972K, file: 57348K, shmem: 0K)
Swapped out: 0K
C-Heap outstanding allocations: 19033K, retained: 2642K
glibc malloc tunables: (default)

/proc/sys/kernel/threads-max (system-wide limit on the number of threads):
30377
/proc/sys/vm/max_map_count (maximum number of memory map areas a process may have):
65530
/proc/sys/kernel/pid_max (system-wide limit on number of process identifiers):
4194304

container (cgroup) information:
container_type: cgroupv2
cpu_cpuset_cpus: not supported
cpu_memory_nodes: not supported
active_processor_count: 4
cpu_quota: not supported
cpu_period: not supported
cpu_shares: not supported
memory_limit_in_bytes: unlimited
memory_and_swap_limit_in_bytes: unlimited
memory_soft_limit_in_bytes: unlimited
memory_usage_in_bytes: 2444336 k
memory_max_usage_in_bytes: not supported
memory_swap_current_in_bytes: 847624 k
memory_swap_max_limit_in_bytes: unlimited
maximum number of tasks: 4556
current number of tasks: 133

VMWare virtualization detected
Steal ticks since vm start: 0
Steal ticks percentage since vm start:  0.000

CPU:total 4 (initial active 4) (1 cores per cpu, 1 threads per core) family 25 model 80 stepping 0 microcode 0xffffffff, cmov, cx8, fxsr, mmx, sse, sse2, sse3, ssse3, sse4.1, sse4.2, popcnt, avx, avx2, aes, clmul, erms, mmxext, lzcnt, sse4a, tsc, tscinvbit, tscinv, bmi1, bmi2, adx, sha, fma
CPU Model and flags from /proc/cpuinfo:
model name	: AMD Ryzen 5 5600H with Radeon Graphics
flags		: fpu vme de pse tsc msr pae mce cx8 apic sep mtrr pge mca cmov pat pse36 clflush mmx fxsr sse sse2 syscall nx mmxext pdpe1gb rdtscp lm constant_tsc rep_good nopl tsc_reliable nonstop_tsc cpuid extd_apicid tsc_known_freq pni pclmulqdq ssse3 fma cx16 sse4_1 sse4_2 x2apic movbe popcnt aes xsave avx f16c rdrand hypervisor lahf_lm cr8_legacy abm sse4a misalignsse 3dnowprefetch osvw topoext ibpb vmmcall fsgsbase bmi1 avx2 smep bmi2 erms invpcid rdseed adx smap clflushopt clwb sha_ni xsaveopt xsavec xgetbv1 xsaves clzero arat umip vaes vpclmulqdq rdpid overflow_recov succor fsrm
Online cpus:
0-3
Offline cpus:
4-127
BIOS frequency limitation:
<Not Available>
Frequency switch latency (ns):
<Not Available>
Available cpu frequencies:
<Not Available>
Current governor:
<Not Available>
Core performance/turbo boost:
<Not Available>

Memory: 4k page, physical 3963524k(434876k free), swap 3991548k(2617220k free)

vm_info: OpenJDK 64-Bit Server VM (11.0.22+7-post-Ubuntu-0ubuntu222.04.1) for linux-amd64 JRE (11.0.22+7-post-Ubuntu-0ubuntu222.04.1), built on Feb  5 2024 20:45:01 by "unknown" with gcc 11.4.0

END.
