#
# A fatal error has been detected by the Java Runtime Environment:
#
#  SIGSEGV (0xb) at pc=0x00007fa8f1fede80, pid=32362, tid=32364
#
# JRE version: OpenJDK Runtime Environment (11.0.22+7) (build 11.0.22+7-post-Ubuntu-0ubuntu222.04.1)
# Java VM: OpenJDK 64-Bit Server VM (11.0.22+7-post-Ubuntu-0ubuntu222.04.1, mixed mode, sharing, tiered, compressed oops, g1 gc, linux-amd64)
# Problematic frame:
# C  [libLLVM-13.so+0xbede80]  llvm::BasicBlock::getModule() const+0x0
#
# Core dump will be written. Default location: Core dumps may be processed with "/usr/share/apport/apport -p%p -s%s -c%c -d%d -P%P -u%u -g%g -- %E" (or dumping to /home/ubuntu/Lab/core.32362)
#
# If you would like to submit a bug report, please visit:
#   https://bugs.launchpad.net/ubuntu/+source/openjdk-lts
# The crash happened outside the Java Virtual Machine in native code.
# See problematic frame for where to report the bug.
#

---------------  S U M M A R Y ------------

Command Line: -javaagent:/home/ubuntu/software/idea-IU-233.14475.28/lib/idea_rt.jar=41723:/home/ubuntu/software/idea-IU-233.14475.28/bin -Dfile.encoding=UTF-8 Main tests/test1.c tests/Actual.ll

Host: AMD Ryzen 5 5600H with Radeon Graphics, 4 cores, 3G, Ubuntu 22.10
Time: Fri May 17 15:50:02 2024 CST elapsed time: 0.521644 seconds (0d 0h 0m 0s)

---------------  T H R E A D  ---------------

Current thread (0x00007fa95c016800):  JavaThread "main" [_thread_in_native, id=32364, stack(0x00007fa962f00000,0x00007fa963000000)]

Stack: [0x00007fa962f00000,0x00007fa963000000],  sp=0x00007fa962ffdff8,  free space=1015k
Native frames: (J=compiled Java code, A=aot compiled Java code, j=interpreted, Vv=VM code, C=native code)
C  [libLLVM-13.so+0xbede80]  llvm::BasicBlock::getModule() const+0x0

Java frames: (J=compiled Java code, j=interpreted, Vv=VM code)
j  org.bytedeco.llvm.global.LLVM.LLVMBuildAlloca(Lorg/bytedeco/llvm/LLVM/LLVMBuilderRef;Lorg/bytedeco/llvm/LLVM/LLVMTypeRef;Ljava/lang/String;)Lorg/bytedeco/llvm/LLVM/LLVMValueRef;+0
j  myVisitor.visitVarDef(LSysYParser$VarDefContext;)Lorg/bytedeco/llvm/LLVM/LLVMValueRef;+146
j  myVisitor.visitVarDef(LSysYParser$VarDefContext;)Ljava/lang/Object;+2
j  SysYParser$VarDefContext.accept(Lorg/antlr/v4/runtime/tree/ParseTreeVisitor;)Ljava/lang/Object;+12
j  org.antlr.v4.runtime.tree.AbstractParseTreeVisitor.visitChildren(Lorg/antlr/v4/runtime/tree/RuleNode;)Ljava/lang/Object;+46
j  SysYParserBaseVisitor.visitVarDecl(LSysYParser$VarDeclContext;)Ljava/lang/Object;+2
j  SysYParser$VarDeclContext.accept(Lorg/antlr/v4/runtime/tree/ParseTreeVisitor;)Ljava/lang/Object;+12
j  org.antlr.v4.runtime.tree.AbstractParseTreeVisitor.visitChildren(Lorg/antlr/v4/runtime/tree/RuleNode;)Ljava/lang/Object;+46
j  SysYParserBaseVisitor.visitDecl(LSysYParser$DeclContext;)Ljava/lang/Object;+2
j  SysYParser$DeclContext.accept(Lorg/antlr/v4/runtime/tree/ParseTreeVisitor;)Ljava/lang/Object;+12
j  org.antlr.v4.runtime.tree.AbstractParseTreeVisitor.visitChildren(Lorg/antlr/v4/runtime/tree/RuleNode;)Ljava/lang/Object;+46
j  SysYParserBaseVisitor.visitCompUnit(LSysYParser$CompUnitContext;)Ljava/lang/Object;+2
j  SysYParser$CompUnitContext.accept(Lorg/antlr/v4/runtime/tree/ParseTreeVisitor;)Ljava/lang/Object;+12
j  org.antlr.v4.runtime.tree.AbstractParseTreeVisitor.visitChildren(Lorg/antlr/v4/runtime/tree/RuleNode;)Ljava/lang/Object;+46
j  SysYParserBaseVisitor.visitProgram(LSysYParser$ProgramContext;)Ljava/lang/Object;+2
j  SysYParser$ProgramContext.accept(Lorg/antlr/v4/runtime/tree/ParseTreeVisitor;)Ljava/lang/Object;+12
j  org.antlr.v4.runtime.tree.AbstractParseTreeVisitor.visit(Lorg/antlr/v4/runtime/tree/ParseTree;)Ljava/lang/Object;+2
j  Main.main([Ljava/lang/String;)V+79
v  ~StubRoutines::call_stub

siginfo: si_signo: 11 (SIGSEGV), si_code: 1 (SEGV_MAPERR), si_addr: 0x0000000000000038

Register to memory mapping:

RAX=0x00007fa95c4513b0 points into unknown readable memory: 0x007265746e696f70 | 70 6f 69 6e 74 65 72 00
RBX={method} {0x00007fa935c52c78} 'LLVMBuildAlloca' '(Lorg/bytedeco/llvm/LLVM/LLVMBuilderRef;Lorg/bytedeco/llvm/LLVM/LLVMTypeRef;Ljava/lang/String;)Lorg/bytedeco/llvm/LLVM/LLVMValueRef;' in 'org/bytedeco/llvm/global/LLVM'
RCX=0x000000007265746e is an unknown value
RDX=0x00007fa95c4513b0 points into unknown readable memory: 0x007265746e696f70 | 70 6f 69 6e 74 65 72 00
RSP=0x00007fa962ffdff8 is pointing into the stack for thread: 0x00007fa95c016800
RBP=0x00007fa95c4406d0 points into unknown readable memory: 0x00007fa95c4406e0 | e0 06 44 5c a9 7f 00 00
RSI=0x0000000000000101 is an unknown value
RDI=0x0 is NULL
R8 =0x00000000c6cfdcd0 points into unknown readable memory: 0x007265746e696f70 | 70 6f 69 6e 74 65 72 00
R9 =0x0000000000000002 is an unknown value
R10=0x00007fa8f14d98a0: <offset 0x00000000000d98a0> in /home/ubuntu/.javacpp/cache/llvm-13.0.1-1.5.7-linux-x86_64.jar/org/bytedeco/llvm/linux-x86_64/libLLVM-13.so at 0x00007fa8f1400000
R11=0x00007fa8f202c610: LLVMBuildAlloca+0x0000000000000000 in /home/ubuntu/.javacpp/cache/llvm-13.0.1-1.5.7-linux-x86_64.jar/org/bytedeco/llvm/linux-x86_64/libLLVM-13.so at 0x00007fa8f1400000
R12=0x0 is NULL
R13=0x00007fa95c464318 points into unknown readable memory: 0x00007fa95c463b90 | 90 3b 46 5c a9 7f 00 00
R14=0x00007fa95c4513b0 points into unknown readable memory: 0x007265746e696f70 | 70 6f 69 6e 74 65 72 00
R15=0x00007fa95c016800 is a thread


Registers:
RAX=0x00007fa95c4513b0, RBX=0x00007fa935c52c78, RCX=0x000000007265746e, RDX=0x00007fa95c4513b0
RSP=0x00007fa962ffdff8, RBP=0x00007fa95c4406d0, RSI=0x0000000000000101, RDI=0x0000000000000000
R8 =0x00000000c6cfdcd0, R9 =0x0000000000000002, R10=0x00007fa8f14d98a0, R11=0x00007fa8f202c610
R12=0x0000000000000000, R13=0x00007fa95c464318, R14=0x00007fa95c4513b0, R15=0x00007fa95c016800
RIP=0x00007fa8f1fede80, EFLAGS=0x0000000000010202, CSGSFS=0x002b000000000033, ERR=0x0000000000000004
  TRAPNO=0x000000000000000e

Top of Stack: (sp=0x00007fa962ffdff8)
0x00007fa962ffdff8:   00007fa8f202c645 00007fa95c4513b0
0x00007fa962ffe008:   00007fa95c016800 00007fa95c016800
0x00007fa962ffe018:   0000000000000000 00007fa95c010103
0x00007fa962ffe028:   00007fa95c1269f0 0000000000000008 

Instructions: (pc=0x00007fa8f1fede80)
0x00007fa8f1fedd80:   ff 66 0f ef c0 48 89 02 48 89 50 08 41 0f 11 45
0x00007fa8f1fedd90:   00 e8 5a 4b 17 00 4c 39 f3 75 c5 4d 8b 6c 24 30
0x00007fa8f1fedda0:   4c 39 ed 74 3b 0f 1f 00 4c 89 eb 48 89 ef 4d 8b
0x00007fa8f1feddb0:   6d 08 4c 8d 73 e8 4c 89 f6 e8 42 fd ff ff 48 8b
0x00007fa8f1feddc0:   03 48 8b 53 08 66 0f ef c9 4c 89 f7 48 89 02 48
0x00007fa8f1feddd0:   89 50 08 0f 11 0b e8 15 4b 17 00 4c 39 ed 75 c8
0x00007fa8f1fedde0:   48 83 c4 08 4c 89 e7 5b 5d 41 5c 41 5d 41 5e 41
0x00007fa8f1feddf0:   5f e9 fa 48 17 00 66 2e 0f 1f 84 00 00 00 00 00
0x00007fa8f1fede00:   48 8d 4b e8 48 89 c8 48 29 d0 e9 11 ff ff ff 90
0x00007fa8f1fede10:   48 8b 07 48 8b 38 e8 45 13 16 00 31 d2 be 01 00
0x00007fa8f1fede20:   00 00 48 89 c7 e8 b6 2a 02 00 48 89 c3 49 8b 44
0x00007fa8f1fede30:   24 08 48 85 c0 0f 84 a2 fe ff ff 0f 1f 44 00 00
0x00007fa8f1fede40:   48 8b 68 18 31 d2 48 89 df 48 8b 75 00 e8 ae bc
0x00007fa8f1fede50:   02 00 48 89 ef 48 89 c6 e8 63 65 17 00 48 89 ef
0x00007fa8f1fede60:   e8 4b 81 02 00 49 8b 44 24 08 48 85 c0 75 d1 e9
0x00007fa8f1fede70:   69 fe ff ff 66 2e 0f 1f 84 00 00 00 00 00 66 90
0x00007fa8f1fede80:   48 8b 47 38 48 8b 40 28 c3 0f 1f 80 00 00 00 00
0x00007fa8f1fede90:   48 8b 47 28 48 83 c7 28 48 39 f8 74 2b 48 85 c0
0x00007fa8f1fedea0:   0f 84 9e 9d d3 ff 4c 8d 40 e8 0f b6 40 f8 83 e8
0x00007fa8f1fedeb0:   1b 83 f8 0b b8 00 00 00 00 4c 0f 43 c0 4c 89 c0
0x00007fa8f1fedec0:   c3 0f 1f 80 00 00 00 00 45 31 c0 eb f0 0f 1f 00
0x00007fa8f1feded0:   48 8b 47 28 48 8d 57 28 48 39 d0 0f 84 af 00 00
0x00007fa8f1fedee0:   00 48 85 c0 0f 84 64 9d d3 ff 45 31 c0 80 78 f8
0x00007fa8f1fedef0:   1b 75 23 48 8b 57 30 48 8d 48 e8 48 85 d2 74 09
0x00007fa8f1fedf00:   48 83 ea 18 48 39 d1 74 0d 48 8b 50 10 45 31 c0
0x00007fa8f1fedf10:   48 39 42 30 75 0a 4c 89 c0 c3 66 0f 1f 44 00 00
0x00007fa8f1fedf20:   4c 8b 00 4d 85 c0 74 ee 8b 50 fc 49 8d 48 e8 81
0x00007fa8f1fedf30:   e2 ff ff ff 07 74 3e 89 d2 48 f7 da 48 c1 e2 05
0x00007fa8f1fedf40:   48 8b 44 10 e8 48 85 c0 74 2b 48 39 c1 75 41 41
0x00007fa8f1fedf50:   80 78 f8 4b 75 1f 49 8b 40 10 4c 39 40 30 74 30
0x00007fa8f1fedf60:   49 8b 48 c8 4d 8b 00 4d 85 c0 74 aa 49 83 e8 18
0x00007fa8f1fedf70:   4c 39 c1 75 1b 45 31 c0 80 79 10 52 75 98 0f b7 


Stack slot to memory mapping:
stack at sp + 0 slots: 0x00007fa8f202c645: LLVMBuildAlloca+0x0000000000000035 in /home/ubuntu/.javacpp/cache/llvm-13.0.1-1.5.7-linux-x86_64.jar/org/bytedeco/llvm/linux-x86_64/libLLVM-13.so at 0x00007fa8f1400000
stack at sp + 1 slots: 0x00007fa95c4513b0 points into unknown readable memory: 0x007265746e696f70 | 70 6f 69 6e 74 65 72 00
stack at sp + 2 slots: 0x00007fa95c016800 is a thread
stack at sp + 3 slots: 0x00007fa95c016800 is a thread
stack at sp + 4 slots: 0x0 is NULL
stack at sp + 5 slots: 0x00007fa95c010103 points into unknown readable memory: 72 55 74 69 6c
stack at sp + 6 slots: 0x00007fa95c1269f0 points into unknown readable memory: 0x00000000c6cfdcc0 | c0 dc cf c6 00 00 00 00
stack at sp + 7 slots: 0x0000000000000008 is an unknown value


---------------  P R O C E S S  ---------------

Threads class SMR info:
_java_thread_list=0x00007fa95c24c700, length=12, elements={
0x00007fa95c016800, 0x00007fa95c128000, 0x00007fa95c12a000, 0x00007fa95c12f800,
0x00007fa95c131800, 0x00007fa95c134000, 0x00007fa95c136000, 0x00007fa95c138000,
0x00007fa95c17d800, 0x00007fa91005e000, 0x00007fa95c22e800, 0x00007fa95c24a000
}

Java Threads: ( => current thread )
=>0x00007fa95c016800 JavaThread "main" [_thread_in_native, id=32364, stack(0x00007fa962f00000,0x00007fa963000000)]
  0x00007fa95c128000 JavaThread "Reference Handler" daemon [_thread_blocked, id=32377, stack(0x00007fa9354fe000,0x00007fa9355fe000)]
  0x00007fa95c12a000 JavaThread "Finalizer" daemon [_thread_blocked, id=32378, stack(0x00007fa9353fe000,0x00007fa9354fe000)]
  0x00007fa95c12f800 JavaThread "Signal Dispatcher" daemon [_thread_blocked, id=32380, stack(0x00007fa9352fe000,0x00007fa9353fe000)]
  0x00007fa95c131800 JavaThread "Service Thread" daemon [_thread_blocked, id=32382, stack(0x00007fa934900000,0x00007fa934a00000)]
  0x00007fa95c134000 JavaThread "C2 CompilerThread0" daemon [_thread_blocked, id=32383, stack(0x00007fa934800000,0x00007fa934900000)]
  0x00007fa95c136000 JavaThread "C1 CompilerThread0" daemon [_thread_blocked, id=32384, stack(0x00007fa934700000,0x00007fa934800000)]
  0x00007fa95c138000 JavaThread "Sweeper thread" daemon [_thread_blocked, id=32385, stack(0x00007fa934600000,0x00007fa934700000)]
  0x00007fa95c17d800 JavaThread "Common-Cleaner" daemon [_thread_blocked, id=32394, stack(0x00007fa934500000,0x00007fa934600000)]
  0x00007fa91005e000 JavaThread "C2 CompilerThread1" daemon [_thread_blocked, id=32396, stack(0x00007fa934400000,0x00007fa934500000)]
  0x00007fa95c22e800 JavaThread "Monitor Ctrl-Break" daemon [_thread_in_native, id=32398, stack(0x00007fa934300000,0x00007fa934400000)]
  0x00007fa95c24a000 JavaThread "JavaCPP Deallocator" daemon [_thread_blocked, id=32400, stack(0x00007fa9340ff000,0x00007fa9341ff000)]

Other Threads:
  0x00007fa95c125800 VMThread "VM Thread" [stack: 0x00007fa9355ff000,0x00007fa9356ff000] [id=32376]
  0x00007fa95c231800 WatcherThread [stack: 0x00007fa934200000,0x00007fa934300000] [id=32399]
  0x00007fa95c02f800 GCTaskThread "GC Thread#0" [stack: 0x00007fa96292a000,0x00007fa962a2a000] [id=32366]
  0x00007fa95c04a800 ConcurrentGCThread "G1 Main Marker" [stack: 0x00007fa960039000,0x00007fa960139000] [id=32367]
  0x00007fa95c04c800 ConcurrentGCThread "G1 Conc#0" [stack: 0x00007fa95bf00000,0x00007fa95c000000] [id=32368]
  0x00007fa95c090000 ConcurrentGCThread "G1 Refine#0" [stack: 0x00007fa9440fc000,0x00007fa9441fc000] [id=32369]
  0x00007fa95c092000 ConcurrentGCThread "G1 Young RemSet Sampling" [stack: 0x00007fa935f00000,0x00007fa936000000] [id=32371]

Threads with active compile tasks:

VM state:not at safepoint (normal execution)

VM Mutex/Monitor currently owned by a thread: None

Heap address: 0x00000000c3800000, size: 968 MB, Compressed Oops mode: 32-bit
Narrow klass base: 0x0000000800000000, Narrow klass shift: 3
Compressed class space size: 1073741824 Address: 0x0000000840000000

Heap:
 garbage-first heap   total 65536K, used 9936K [0x00000000c3800000, 0x0000000100000000)
  region size 1024K, 10 young (10240K), 0 survivors (0K)
 Metaspace       used 3737K, capacity 6452K, committed 6656K, reserved 1056768K
  class space    used 414K, capacity 682K, committed 768K, reserved 1048576K
Heap Regions: E=young(eden), S=young(survivor), O=old, HS=humongous(starts), HC=humongous(continues), CS=collection set, F=free, A=archive, TAMS=top-at-mark-start (previous, next)
|   0|0x00000000c3800000, 0x00000000c3800000, 0x00000000c3900000|  0%| F|  |TAMS 0x00000000c3800000, 0x00000000c3800000| Untracked 
|   1|0x00000000c3900000, 0x00000000c3900000, 0x00000000c3a00000|  0%| F|  |TAMS 0x00000000c3900000, 0x00000000c3900000| Untracked 
|   2|0x00000000c3a00000, 0x00000000c3a00000, 0x00000000c3b00000|  0%| F|  |TAMS 0x00000000c3a00000, 0x00000000c3a00000| Untracked 
|   3|0x00000000c3b00000, 0x00000000c3b00000, 0x00000000c3c00000|  0%| F|  |TAMS 0x00000000c3b00000, 0x00000000c3b00000| Untracked 
|   4|0x00000000c3c00000, 0x00000000c3c00000, 0x00000000c3d00000|  0%| F|  |TAMS 0x00000000c3c00000, 0x00000000c3c00000| Untracked 
|   5|0x00000000c3d00000, 0x00000000c3d00000, 0x00000000c3e00000|  0%| F|  |TAMS 0x00000000c3d00000, 0x00000000c3d00000| Untracked 
|   6|0x00000000c3e00000, 0x00000000c3e00000, 0x00000000c3f00000|  0%| F|  |TAMS 0x00000000c3e00000, 0x00000000c3e00000| Untracked 
|   7|0x00000000c3f00000, 0x00000000c3f00000, 0x00000000c4000000|  0%| F|  |TAMS 0x00000000c3f00000, 0x00000000c3f00000| Untracked 
|   8|0x00000000c4000000, 0x00000000c4000000, 0x00000000c4100000|  0%| F|  |TAMS 0x00000000c4000000, 0x00000000c4000000| Untracked 
|   9|0x00000000c4100000, 0x00000000c4100000, 0x00000000c4200000|  0%| F|  |TAMS 0x00000000c4100000, 0x00000000c4100000| Untracked 
|  10|0x00000000c4200000, 0x00000000c4200000, 0x00000000c4300000|  0%| F|  |TAMS 0x00000000c4200000, 0x00000000c4200000| Untracked 
|  11|0x00000000c4300000, 0x00000000c4300000, 0x00000000c4400000|  0%| F|  |TAMS 0x00000000c4300000, 0x00000000c4300000| Untracked 
|  12|0x00000000c4400000, 0x00000000c4400000, 0x00000000c4500000|  0%| F|  |TAMS 0x00000000c4400000, 0x00000000c4400000| Untracked 
|  13|0x00000000c4500000, 0x00000000c4500000, 0x00000000c4600000|  0%| F|  |TAMS 0x00000000c4500000, 0x00000000c4500000| Untracked 
|  14|0x00000000c4600000, 0x00000000c4600000, 0x00000000c4700000|  0%| F|  |TAMS 0x00000000c4600000, 0x00000000c4600000| Untracked 
|  15|0x00000000c4700000, 0x00000000c4700000, 0x00000000c4800000|  0%| F|  |TAMS 0x00000000c4700000, 0x00000000c4700000| Untracked 
|  16|0x00000000c4800000, 0x00000000c4800000, 0x00000000c4900000|  0%| F|  |TAMS 0x00000000c4800000, 0x00000000c4800000| Untracked 
|  17|0x00000000c4900000, 0x00000000c4900000, 0x00000000c4a00000|  0%| F|  |TAMS 0x00000000c4900000, 0x00000000c4900000| Untracked 
|  18|0x00000000c4a00000, 0x00000000c4a00000, 0x00000000c4b00000|  0%| F|  |TAMS 0x00000000c4a00000, 0x00000000c4a00000| Untracked 
|  19|0x00000000c4b00000, 0x00000000c4b00000, 0x00000000c4c00000|  0%| F|  |TAMS 0x00000000c4b00000, 0x00000000c4b00000| Untracked 
|  20|0x00000000c4c00000, 0x00000000c4c00000, 0x00000000c4d00000|  0%| F|  |TAMS 0x00000000c4c00000, 0x00000000c4c00000| Untracked 
|  21|0x00000000c4d00000, 0x00000000c4d00000, 0x00000000c4e00000|  0%| F|  |TAMS 0x00000000c4d00000, 0x00000000c4d00000| Untracked 
|  22|0x00000000c4e00000, 0x00000000c4e00000, 0x00000000c4f00000|  0%| F|  |TAMS 0x00000000c4e00000, 0x00000000c4e00000| Untracked 
|  23|0x00000000c4f00000, 0x00000000c4f00000, 0x00000000c5000000|  0%| F|  |TAMS 0x00000000c4f00000, 0x00000000c4f00000| Untracked 
|  24|0x00000000c5000000, 0x00000000c5000000, 0x00000000c5100000|  0%| F|  |TAMS 0x00000000c5000000, 0x00000000c5000000| Untracked 
|  25|0x00000000c5100000, 0x00000000c5100000, 0x00000000c5200000|  0%| F|  |TAMS 0x00000000c5100000, 0x00000000c5100000| Untracked 
|  26|0x00000000c5200000, 0x00000000c5200000, 0x00000000c5300000|  0%| F|  |TAMS 0x00000000c5200000, 0x00000000c5200000| Untracked 
|  27|0x00000000c5300000, 0x00000000c5300000, 0x00000000c5400000|  0%| F|  |TAMS 0x00000000c5300000, 0x00000000c5300000| Untracked 
|  28|0x00000000c5400000, 0x00000000c5400000, 0x00000000c5500000|  0%| F|  |TAMS 0x00000000c5400000, 0x00000000c5400000| Untracked 
|  29|0x00000000c5500000, 0x00000000c5500000, 0x00000000c5600000|  0%| F|  |TAMS 0x00000000c5500000, 0x00000000c5500000| Untracked 
|  30|0x00000000c5600000, 0x00000000c5600000, 0x00000000c5700000|  0%| F|  |TAMS 0x00000000c5600000, 0x00000000c5600000| Untracked 
|  31|0x00000000c5700000, 0x00000000c5700000, 0x00000000c5800000|  0%| F|  |TAMS 0x00000000c5700000, 0x00000000c5700000| Untracked 
|  32|0x00000000c5800000, 0x00000000c5800000, 0x00000000c5900000|  0%| F|  |TAMS 0x00000000c5800000, 0x00000000c5800000| Untracked 
|  33|0x00000000c5900000, 0x00000000c5900000, 0x00000000c5a00000|  0%| F|  |TAMS 0x00000000c5900000, 0x00000000c5900000| Untracked 
|  34|0x00000000c5a00000, 0x00000000c5a00000, 0x00000000c5b00000|  0%| F|  |TAMS 0x00000000c5a00000, 0x00000000c5a00000| Untracked 
|  35|0x00000000c5b00000, 0x00000000c5b00000, 0x00000000c5c00000|  0%| F|  |TAMS 0x00000000c5b00000, 0x00000000c5b00000| Untracked 
|  36|0x00000000c5c00000, 0x00000000c5c00000, 0x00000000c5d00000|  0%| F|  |TAMS 0x00000000c5c00000, 0x00000000c5c00000| Untracked 
|  37|0x00000000c5d00000, 0x00000000c5d00000, 0x00000000c5e00000|  0%| F|  |TAMS 0x00000000c5d00000, 0x00000000c5d00000| Untracked 
|  38|0x00000000c5e00000, 0x00000000c5e00000, 0x00000000c5f00000|  0%| F|  |TAMS 0x00000000c5e00000, 0x00000000c5e00000| Untracked 
|  39|0x00000000c5f00000, 0x00000000c5f00000, 0x00000000c6000000|  0%| F|  |TAMS 0x00000000c5f00000, 0x00000000c5f00000| Untracked 
|  40|0x00000000c6000000, 0x00000000c6000000, 0x00000000c6100000|  0%| F|  |TAMS 0x00000000c6000000, 0x00000000c6000000| Untracked 
|  41|0x00000000c6100000, 0x00000000c6100000, 0x00000000c6200000|  0%| F|  |TAMS 0x00000000c6100000, 0x00000000c6100000| Untracked 
|  42|0x00000000c6200000, 0x00000000c6200000, 0x00000000c6300000|  0%| F|  |TAMS 0x00000000c6200000, 0x00000000c6200000| Untracked 
|  43|0x00000000c6300000, 0x00000000c6300000, 0x00000000c6400000|  0%| F|  |TAMS 0x00000000c6300000, 0x00000000c6300000| Untracked 
|  44|0x00000000c6400000, 0x00000000c6400000, 0x00000000c6500000|  0%| F|  |TAMS 0x00000000c6400000, 0x00000000c6400000| Untracked 
|  45|0x00000000c6500000, 0x00000000c6500000, 0x00000000c6600000|  0%| F|  |TAMS 0x00000000c6500000, 0x00000000c6500000| Untracked 
|  46|0x00000000c6600000, 0x00000000c6600000, 0x00000000c6700000|  0%| F|  |TAMS 0x00000000c6600000, 0x00000000c6600000| Untracked 
|  47|0x00000000c6700000, 0x00000000c6700000, 0x00000000c6800000|  0%| F|  |TAMS 0x00000000c6700000, 0x00000000c6700000| Untracked 
|  48|0x00000000c6800000, 0x00000000c6800000, 0x00000000c6900000|  0%| F|  |TAMS 0x00000000c6800000, 0x00000000c6800000| Untracked 
|  49|0x00000000c6900000, 0x00000000c6900000, 0x00000000c6a00000|  0%| F|  |TAMS 0x00000000c6900000, 0x00000000c6900000| Untracked 
|  50|0x00000000c6a00000, 0x00000000c6a00000, 0x00000000c6b00000|  0%| F|  |TAMS 0x00000000c6a00000, 0x00000000c6a00000| Untracked 
|  51|0x00000000c6b00000, 0x00000000c6b00000, 0x00000000c6c00000|  0%| F|  |TAMS 0x00000000c6b00000, 0x00000000c6b00000| Untracked 
|  52|0x00000000c6c00000, 0x00000000c6d00000, 0x00000000c6d00000|100%| E|  |TAMS 0x00000000c6c00000, 0x00000000c6c00000| Complete 
|  53|0x00000000c6d00000, 0x00000000c6e00000, 0x00000000c6e00000|100%| E|CS|TAMS 0x00000000c6d00000, 0x00000000c6d00000| Complete 
|  54|0x00000000c6e00000, 0x00000000c6f00000, 0x00000000c6f00000|100%| E|CS|TAMS 0x00000000c6e00000, 0x00000000c6e00000| Complete 
|  55|0x00000000c6f00000, 0x00000000c7000000, 0x00000000c7000000|100%| E|CS|TAMS 0x00000000c6f00000, 0x00000000c6f00000| Complete 
|  56|0x00000000c7000000, 0x00000000c7100000, 0x00000000c7100000|100%| E|CS|TAMS 0x00000000c7000000, 0x00000000c7000000| Complete 
|  57|0x00000000c7100000, 0x00000000c7200000, 0x00000000c7200000|100%| E|CS|TAMS 0x00000000c7100000, 0x00000000c7100000| Complete 
|  58|0x00000000c7200000, 0x00000000c7300000, 0x00000000c7300000|100%| E|CS|TAMS 0x00000000c7200000, 0x00000000c7200000| Complete 
|  59|0x00000000c7300000, 0x00000000c7400000, 0x00000000c7400000|100%| E|CS|TAMS 0x00000000c7300000, 0x00000000c7300000| Complete 
|  60|0x00000000c7400000, 0x00000000c7500000, 0x00000000c7500000|100%| E|CS|TAMS 0x00000000c7400000, 0x00000000c7400000| Complete 
|  61|0x00000000c7500000, 0x00000000c7600000, 0x00000000c7600000|100%| E|CS|TAMS 0x00000000c7500000, 0x00000000c7500000| Complete 
| 966|0x00000000ffe00000, 0x00000000ffe48000, 0x00000000fff00000| 28%|OA|  |TAMS 0x00000000ffe00000, 0x00000000ffe00000| Untracked 
| 967|0x00000000fff00000, 0x00000000fff6c000, 0x0000000100000000| 42%|CA|  |TAMS 0x00000000fff00000, 0x00000000fff00000| Untracked 

Card table byte_map: [0x00007fa96215d000,0x00007fa962341000] _byte_map_base: 0x00007fa961b41000

Marking Bits (Prev, Next): (CMBitMap*) 0x00007fa95c045c68, (CMBitMap*) 0x00007fa95c045ca0
 Prev Bits: [0x00007fa961059000, 0x00007fa961f79000)
 Next Bits: [0x00007fa960139000, 0x00007fa961059000)

Polling page: 0x00007fa96462d000

Metaspace:

Usage:
  Non-class:      5.63 MB capacity,     3.25 MB ( 58%) used,     2.38 MB ( 42%) free+waste,     5.50 KB ( <1%) overhead. 
      Class:    682.00 KB capacity,   414.51 KB ( 61%) used,   264.55 KB ( 39%) free+waste,     2.94 KB ( <1%) overhead. 
       Both:      6.30 MB capacity,     3.65 MB ( 58%) used,     2.64 MB ( 42%) free+waste,     8.44 KB ( <1%) overhead. 

Virtual space:
  Non-class space:        8.00 MB reserved,       5.75 MB ( 72%) committed 
      Class space:        1.00 GB reserved,     768.00 KB ( <1%) committed 
             Both:        1.01 GB reserved,       6.50 MB ( <1%) committed 

Chunk freelists:
   Non-Class:  58.00 KB
       Class:  22.00 KB
        Both:  80.00 KB

MaxMetaspaceSize: unlimited
CompressedClassSpaceSize: 1.00 GB
Initial GC threshold: 20.80 MB
Current GC threshold: 20.80 MB
CDS: on

CodeHeap 'non-profiled nmethods': size=120032Kb used=189Kb max_used=189Kb free=119843Kb
 bounds [0x00007fa94c0c8000, 0x00007fa94c338000, 0x00007fa953600000]
CodeHeap 'profiled nmethods': size=120032Kb used=1103Kb max_used=1103Kb free=118928Kb
 bounds [0x00007fa944b90000, 0x00007fa944e00000, 0x00007fa94c0c8000]
CodeHeap 'non-nmethods': size=5696Kb used=1142Kb max_used=1166Kb free=4553Kb
 bounds [0x00007fa944600000, 0x00007fa944870000, 0x00007fa944b90000]
 total_blobs=1054 nmethods=652 adapters=316
 compilation: enabled
              stopped_count=0, restarted_count=0
 full_count=0

Compilation events (20 events):
Event: 0.508 Thread 0x00007fa95c136000 nmethod 641 0x00007fa944c98e10 code [0x00007fa944c98fe0, 0x00007fa944c991d0]
Event: 0.508 Thread 0x00007fa95c136000  643       3       jdk.internal.loader.ClassLoaders$AppClassLoader::loadClass (40 bytes)
Event: 0.509 Thread 0x00007fa95c136000 nmethod 643 0x00007fa944c99290 code [0x00007fa944c994e0, 0x00007fa944c99df0]
Event: 0.509 Thread 0x00007fa95c136000  644       3       java.io.File::<init> (113 bytes)
Event: 0.510 Thread 0x00007fa91005e000 nmethod 608 0x00007fa94c0f4c10 code [0x00007fa94c0f4dc0, 0x00007fa94c0f5338]
Event: 0.510 Thread 0x00007fa91005e000  631       4       java.util.zip.ZipUtils::get16 (21 bytes)
Event: 0.511 Thread 0x00007fa95c136000 nmethod 644 0x00007fa944c9a190 code [0x00007fa944c9a460, 0x00007fa944c9b080]
Event: 0.511 Thread 0x00007fa95c136000  646       3       jdk.internal.ref.PhantomCleanable::clean (16 bytes)
Event: 0.511 Thread 0x00007fa91005e000 nmethod 631 0x00007fa94c0f5690 code [0x00007fa94c0f5820, 0x00007fa94c0f58b8]
Event: 0.511 Thread 0x00007fa95c136000 nmethod 646 0x00007fa944c9b490 code [0x00007fa944c9b660, 0x00007fa944c9b930]
Event: 0.511 Thread 0x00007fa95c136000  647       3       sun.net.util.URLUtil::urlNoFragString (114 bytes)
Event: 0.513 Thread 0x00007fa95c134000 nmethod 606 0x00007fa94c0f5990 code [0x00007fa94c0f5b60, 0x00007fa94c0f6608]
Event: 0.515 Thread 0x00007fa95c136000 nmethod 647 0x00007fa944c9ba10 code [0x00007fa944c9bd60, 0x00007fa944c9cfa0]
Event: 0.515 Thread 0x00007fa95c136000  650   !   3       java.util.zip.InflaterInputStream::read (138 bytes)
Event: 0.515 Thread 0x00007fa91005e000  652       4       java.lang.AbstractStringBuilder::<init> (39 bytes)
Event: 0.517 Thread 0x00007fa91005e000 nmethod 652 0x00007fa94c0f6c90 code [0x00007fa94c0f6e20, 0x00007fa94c0f7018]
Event: 0.517 Thread 0x00007fa95c136000 nmethod 650 0x00007fa944c9d610 code [0x00007fa944c9d8c0, 0x00007fa944c9e770]
Event: 0.517 Thread 0x00007fa95c136000  651       3       java.util.zip.InflaterInputStream::ensureOpen (18 bytes)
Event: 0.519 Thread 0x00007fa95c136000 nmethod 651 0x00007fa944c9ed10 code [0x00007fa944c9eee0, 0x00007fa944c9f100]
Event: 0.519 Thread 0x00007fa95c136000  645       3       sun.net.www.protocol.jar.Handler::parseContextSpec (150 bytes)

GC Heap History (0 events):
No events

Deoptimization events (20 events):
Event: 0.277 Thread 0x00007fa95c016800 Uncommon trap: trap_request=0xffffff4d fr.pc=0x00007fa94c0e0078 relative=0x0000000000000bf8
Event: 0.277 Thread 0x00007fa95c016800 Uncommon trap: reason=unstable_if action=reinterpret pc=0x00007fa94c0e0078 method=java.util.HashMap.putVal(ILjava/lang/Object;Ljava/lang/Object;ZZ)Ljava/lang/Object; @ 181 c2
Event: 0.277 Thread 0x00007fa95c016800 DEOPT PACKING pc=0x00007fa94c0e0078 sp=0x00007fa962ffb100
Event: 0.277 Thread 0x00007fa95c016800 DEOPT UNPACKING pc=0x00007fa944649ea5 sp=0x00007fa962ffb090 mode 2
Event: 0.355 Thread 0x00007fa95c016800 Uncommon trap: trap_request=0xffffff4d fr.pc=0x00007fa94c0e4988 relative=0x0000000000000068
Event: 0.355 Thread 0x00007fa95c016800 Uncommon trap: reason=unstable_if action=reinterpret pc=0x00007fa94c0e4988 method=java.lang.String.isLatin1()Z @ 10 c2
Event: 0.355 Thread 0x00007fa95c016800 DEOPT PACKING pc=0x00007fa94c0e4988 sp=0x00007fa962ffe2b0
Event: 0.355 Thread 0x00007fa95c016800 DEOPT UNPACKING pc=0x00007fa944649ea5 sp=0x00007fa962ffe260 mode 2
Event: 0.389 Thread 0x00007fa95c016800 Uncommon trap: trap_request=0xffffff76 fr.pc=0x00007fa94c0ea6ec relative=0x00000000000003ac
Event: 0.389 Thread 0x00007fa95c016800 Uncommon trap: reason=loop_limit_check action=maybe_recompile pc=0x00007fa94c0ea6ec method=java.lang.StringLatin1.indexOf([BI[BII)I @ 37 c2
Event: 0.389 Thread 0x00007fa95c016800 DEOPT PACKING pc=0x00007fa94c0ea6ec sp=0x00007fa962ffbba0
Event: 0.389 Thread 0x00007fa95c016800 DEOPT UNPACKING pc=0x00007fa944649ea5 sp=0x00007fa962ffbb20 mode 2
Event: 0.416 Thread 0x00007fa95c016800 Uncommon trap: trap_request=0xffffffc6 fr.pc=0x00007fa94c0e2574 relative=0x0000000000000394
Event: 0.416 Thread 0x00007fa95c016800 Uncommon trap: reason=bimorphic_or_optimized_type_check action=maybe_recompile pc=0x00007fa94c0e2574 method=java.util.HashMap.getNode(ILjava/lang/Object;)Ljava/util/HashMap$Node; @ 126 c2
Event: 0.416 Thread 0x00007fa95c016800 DEOPT PACKING pc=0x00007fa94c0e2574 sp=0x00007fa962ffe0e0
Event: 0.416 Thread 0x00007fa95c016800 DEOPT UNPACKING pc=0x00007fa944649ea5 sp=0x00007fa962ffe078 mode 2
Event: 0.467 Thread 0x00007fa95c016800 DEOPT PACKING pc=0x00007fa944bfcbc2 sp=0x00007fa962ffd010
Event: 0.467 Thread 0x00007fa95c016800 DEOPT UNPACKING pc=0x00007fa94464a64a sp=0x00007fa962ffc498 mode 0
Event: 0.468 Thread 0x00007fa95c016800 DEOPT PACKING pc=0x00007fa944bc894f sp=0x00007fa962ffcfd0
Event: 0.468 Thread 0x00007fa95c016800 DEOPT UNPACKING pc=0x00007fa94464a64a sp=0x00007fa962ffc490 mode 0

Classes redefined (0 events):
No events

Internal exceptions (20 events):
Event: 0.188 Thread 0x00007fa95c016800 Exception <a 'java/security/PrivilegedActionException'{0x00000000c74873a0}> (0x00000000c74873a0) thrown at [./src/hotspot/share/prims/jvm.cpp, line 1304]
Event: 0.188 Thread 0x00007fa95c016800 Exception <a 'java/security/PrivilegedActionException'{0x00000000c7487670}> (0x00000000c7487670) thrown at [./src/hotspot/share/prims/jvm.cpp, line 1304]
Event: 0.188 Thread 0x00007fa95c016800 Exception <a 'java/security/PrivilegedActionException'{0x00000000c7487fe0}> (0x00000000c7487fe0) thrown at [./src/hotspot/share/prims/jvm.cpp, line 1304]
Event: 0.188 Thread 0x00007fa95c016800 Exception <a 'java/security/PrivilegedActionException'{0x00000000c74882b0}> (0x00000000c74882b0) thrown at [./src/hotspot/share/prims/jvm.cpp, line 1304]
Event: 0.189 Thread 0x00007fa95c016800 Exception <a 'java/security/PrivilegedActionException'{0x00000000c7488c20}> (0x00000000c7488c20) thrown at [./src/hotspot/share/prims/jvm.cpp, line 1304]
Event: 0.189 Thread 0x00007fa95c016800 Exception <a 'java/security/PrivilegedActionException'{0x00000000c7488ef0}> (0x00000000c7488ef0) thrown at [./src/hotspot/share/prims/jvm.cpp, line 1304]
Event: 0.189 Thread 0x00007fa95c016800 Exception <a 'java/security/PrivilegedActionException'{0x00000000c7489878}> (0x00000000c7489878) thrown at [./src/hotspot/share/prims/jvm.cpp, line 1304]
Event: 0.189 Thread 0x00007fa95c016800 Exception <a 'java/security/PrivilegedActionException'{0x00000000c7489b48}> (0x00000000c7489b48) thrown at [./src/hotspot/share/prims/jvm.cpp, line 1304]
Event: 0.189 Thread 0x00007fa95c016800 Exception <a 'java/security/PrivilegedActionException'{0x00000000c748a4d0}> (0x00000000c748a4d0) thrown at [./src/hotspot/share/prims/jvm.cpp, line 1304]
Event: 0.189 Thread 0x00007fa95c016800 Exception <a 'java/security/PrivilegedActionException'{0x00000000c748a7a0}> (0x00000000c748a7a0) thrown at [./src/hotspot/share/prims/jvm.cpp, line 1304]
Event: 0.189 Thread 0x00007fa95c016800 Exception <a 'java/security/PrivilegedActionException'{0x00000000c748b128}> (0x00000000c748b128) thrown at [./src/hotspot/share/prims/jvm.cpp, line 1304]
Event: 0.189 Thread 0x00007fa95c016800 Exception <a 'java/security/PrivilegedActionException'{0x00000000c748b3f8}> (0x00000000c748b3f8) thrown at [./src/hotspot/share/prims/jvm.cpp, line 1304]
Event: 0.189 Thread 0x00007fa95c016800 Exception <a 'java/security/PrivilegedActionException'{0x00000000c748bd68}> (0x00000000c748bd68) thrown at [./src/hotspot/share/prims/jvm.cpp, line 1304]
Event: 0.189 Thread 0x00007fa95c016800 Exception <a 'java/security/PrivilegedActionException'{0x00000000c748c038}> (0x00000000c748c038) thrown at [./src/hotspot/share/prims/jvm.cpp, line 1304]
Event: 0.189 Thread 0x00007fa95c016800 Exception <a 'java/security/PrivilegedActionException'{0x00000000c748c9c0}> (0x00000000c748c9c0) thrown at [./src/hotspot/share/prims/jvm.cpp, line 1304]
Event: 0.190 Thread 0x00007fa95c016800 Exception <a 'java/security/PrivilegedActionException'{0x00000000c748cc90}> (0x00000000c748cc90) thrown at [./src/hotspot/share/prims/jvm.cpp, line 1304]
Event: 0.229 Thread 0x00007fa95c016800 Exception <a 'java/lang/NoSuchMethodError'{0x00000000c73bd268}: 'int java.lang.invoke.DirectMethodHandle$Holder.invokeStaticInit(java.lang.Object, java.lang.Object, java.lang.Object, java.lang.Object)'> (0x00000000c73bd268) thrown at [./src/hotspot/share/interpreter/linkResolver.cpp, line 772]
Event: 0.231 Thread 0x00007fa95c016800 Exception <a 'java/lang/IncompatibleClassChangeError'{0x00000000c73c6fe8}: Found class java.lang.Object, but interface was expected> (0x00000000c73c6fe8) thrown at [./src/hotspot/share/interpreter/linkResolver.cpp, line 839]
Event: 0.232 Thread 0x00007fa95c016800 Exception <a 'java/lang/NoSuchMethodError'{0x00000000c73ca198}: 'void java.lang.invoke.DirectMethodHandle$Holder.invokeStaticInit(java.lang.Object, java.lang.Object)'> (0x00000000c73ca198) thrown at [./src/hotspot/share/interpreter/linkResolver.cpp, line 772]
Event: 0.234 Thread 0x00007fa95c016800 Exception <a 'java/lang/NoSuchMethodError'{0x00000000c73cf608}: 'int java.lang.invoke.DirectMethodHandle$Holder.invokeStaticInit(java.lang.Object, java.lang.Object)'> (0x00000000c73cf608) thrown at [./src/hotspot/share/interpreter/linkResolver.cpp, line 772]

Events (20 events):
Event: 0.515 loading class org/bytedeco/llvm/LLVM/LLVMTargetRef
Event: 0.515 loading class org/bytedeco/llvm/LLVM/LLVMTargetRef done
Event: 0.515 loading class org/bytedeco/llvm/LLVM/LLVMPassManagerBuilderRef
Event: 0.515 loading class org/bytedeco/llvm/LLVM/LLVMPassManagerBuilderRef done
Event: 0.516 loading class org/bytedeco/llvm/LLVM/LLVMPassBuilderOptionsRef
Event: 0.516 loading class org/bytedeco/llvm/LLVM/LLVMPassBuilderOptionsRef done
Event: 0.516 loading class org/bytedeco/llvm/LLVM/Pass
Event: 0.516 loading class org/bytedeco/llvm/LLVM/Pass done
Event: 0.516 loading class org/bytedeco/llvm/LLVM/LLVMNamedMDNodeRef
Event: 0.516 loading class org/bytedeco/llvm/LLVM/LLVMNamedMDNodeRef done
Event: 0.516 loading class org/bytedeco/llvm/LLVM/LLVMUseRef
Event: 0.516 loading class org/bytedeco/llvm/LLVM/LLVMUseRef done
Event: 0.517 loading class SymbolTableStack
Event: 0.517 loading class SymbolTableStack done
Event: 0.517 loading class java/util/Stack
Event: 0.517 loading class java/util/Stack done
Event: 0.518 Executing VM operation: Deoptimize
Event: 0.518 Executing VM operation: Deoptimize done
Event: 0.518 loading class SymbolTable
Event: 0.518 loading class SymbolTable done


Dynamic libraries:
c3800000-c7600000 rw-p 00000000 00:00 0 
c7600000-ffe00000 ---p 00000000 00:00 0 
ffe00000-ffe48000 rw-p 00b14000 08:03 265562                             /usr/lib/jvm/java-11-openjdk-amd64/lib/server/classes.jsa
ffe48000-fff00000 rw-p 00000000 00:00 0 
fff00000-fff6c000 rw-p 00aa8000 08:03 265562                             /usr/lib/jvm/java-11-openjdk-amd64/lib/server/classes.jsa
fff6c000-100000000 rw-p 00000000 00:00 0 
800000000-800002000 rwxp 00001000 08:03 265562                           /usr/lib/jvm/java-11-openjdk-amd64/lib/server/classes.jsa
800002000-8003ce000 rw-p 00003000 08:03 265562                           /usr/lib/jvm/java-11-openjdk-amd64/lib/server/classes.jsa
8003ce000-800aa6000 r--p 003cf000 08:03 265562                           /usr/lib/jvm/java-11-openjdk-amd64/lib/server/classes.jsa
800aa6000-800aa7000 rw-p 00aa7000 08:03 265562                           /usr/lib/jvm/java-11-openjdk-amd64/lib/server/classes.jsa
840000000-8400c0000 rw-p 00000000 00:00 0 
8400c0000-880000000 ---p 00000000 00:00 0 
556639209000-55663920a000 r--p 00000000 08:03 265116                     /usr/lib/jvm/java-11-openjdk-amd64/bin/java
55663920a000-55663920b000 r-xp 00001000 08:03 265116                     /usr/lib/jvm/java-11-openjdk-amd64/bin/java
55663920b000-55663920c000 r--p 00002000 08:03 265116                     /usr/lib/jvm/java-11-openjdk-amd64/bin/java
55663920c000-55663920d000 r--p 00002000 08:03 265116                     /usr/lib/jvm/java-11-openjdk-amd64/bin/java
55663920d000-55663920e000 rw-p 00003000 08:03 265116                     /usr/lib/jvm/java-11-openjdk-amd64/bin/java
55663a0c6000-55663a0e7000 rw-p 00000000 00:00 0                          [heap]
7fa8f1400000-7fa8f1d26000 r--p 00000000 08:03 1587749                    /home/ubuntu/.javacpp/cache/llvm-13.0.1-1.5.7-linux-x86_64.jar/org/bytedeco/llvm/linux-x86_64/libLLVM-13.so
7fa8f1d26000-7fa8f56e9000 r-xp 00926000 08:03 1587749                    /home/ubuntu/.javacpp/cache/llvm-13.0.1-1.5.7-linux-x86_64.jar/org/bytedeco/llvm/linux-x86_64/libLLVM-13.so
7fa8f56e9000-7fa8f793e000 r--p 042e9000 08:03 1587749                    /home/ubuntu/.javacpp/cache/llvm-13.0.1-1.5.7-linux-x86_64.jar/org/bytedeco/llvm/linux-x86_64/libLLVM-13.so
7fa8f793e000-7fa8f7e53000 r--p 0653d000 08:03 1587749                    /home/ubuntu/.javacpp/cache/llvm-13.0.1-1.5.7-linux-x86_64.jar/org/bytedeco/llvm/linux-x86_64/libLLVM-13.so
7fa8f7e53000-7fa8f7e5e000 rw-p 06a52000 08:03 1587749                    /home/ubuntu/.javacpp/cache/llvm-13.0.1-1.5.7-linux-x86_64.jar/org/bytedeco/llvm/linux-x86_64/libLLVM-13.so
7fa8f7e5e000-7fa8f7ed4000 rw-p 00000000 00:00 0 
7fa8f7efa000-7fa8f7f5f000 r--p 00000000 08:03 1589997                    /home/ubuntu/.javacpp/cache/llvm-13.0.1-1.5.7-linux-x86_64.jar/org/bytedeco/llvm/linux-x86_64/libjniLLVM.so
7fa8f7f5f000-7fa8f7fcd000 r-xp 00065000 08:03 1589997                    /home/ubuntu/.javacpp/cache/llvm-13.0.1-1.5.7-linux-x86_64.jar/org/bytedeco/llvm/linux-x86_64/libjniLLVM.so
7fa8f7fcd000-7fa8f7ff8000 r--p 000d3000 08:03 1589997                    /home/ubuntu/.javacpp/cache/llvm-13.0.1-1.5.7-linux-x86_64.jar/org/bytedeco/llvm/linux-x86_64/libjniLLVM.so
7fa8f7ff8000-7fa8f7ffb000 r--p 000fd000 08:03 1589997                    /home/ubuntu/.javacpp/cache/llvm-13.0.1-1.5.7-linux-x86_64.jar/org/bytedeco/llvm/linux-x86_64/libjniLLVM.so
7fa8f7ffb000-7fa8f7ffe000 rw-p 00100000 08:03 1589997                    /home/ubuntu/.javacpp/cache/llvm-13.0.1-1.5.7-linux-x86_64.jar/org/bytedeco/llvm/linux-x86_64/libjniLLVM.so
7fa8f7ffe000-7fa8f8000000 rw-p 00000000 00:00 0 
7fa8f8000000-7fa8f8021000 rw-p 00000000 00:00 0 
7fa8f8021000-7fa8fc000000 ---p 00000000 00:00 0 
7fa8fc000000-7fa8fc021000 rw-p 00000000 00:00 0 
7fa8fc021000-7fa900000000 ---p 00000000 00:00 0 
7fa900000000-7fa900147000 rw-p 00000000 00:00 0 
7fa900147000-7fa904000000 ---p 00000000 00:00 0 
7fa904000000-7fa904021000 rw-p 00000000 00:00 0 
7fa904021000-7fa908000000 ---p 00000000 00:00 0 
7fa908000000-7fa908021000 rw-p 00000000 00:00 0 
7fa908021000-7fa90c000000 ---p 00000000 00:00 0 
7fa90c000000-7fa90c021000 rw-p 00000000 00:00 0 
7fa90c021000-7fa910000000 ---p 00000000 00:00 0 
7fa910000000-7fa910142000 rw-p 00000000 00:00 0 
7fa910142000-7fa914000000 ---p 00000000 00:00 0 
7fa914000000-7fa9143cd000 rw-p 00000000 00:00 0 
7fa9143cd000-7fa918000000 ---p 00000000 00:00 0 
7fa918000000-7fa918021000 rw-p 00000000 00:00 0 
7fa918021000-7fa91c000000 ---p 00000000 00:00 0 
7fa91c000000-7fa91c021000 rw-p 00000000 00:00 0 
7fa91c021000-7fa920000000 ---p 00000000 00:00 0 
7fa920000000-7fa920021000 rw-p 00000000 00:00 0 
7fa920021000-7fa924000000 ---p 00000000 00:00 0 
7fa924000000-7fa924021000 rw-p 00000000 00:00 0 
7fa924021000-7fa928000000 ---p 00000000 00:00 0 
7fa928000000-7fa928021000 rw-p 00000000 00:00 0 
7fa928021000-7fa92c000000 ---p 00000000 00:00 0 
7fa92c000000-7fa92c021000 rw-p 00000000 00:00 0 
7fa92c021000-7fa930000000 ---p 00000000 00:00 0 
7fa930000000-7fa930021000 rw-p 00000000 00:00 0 
7fa930021000-7fa934000000 ---p 00000000 00:00 0 
7fa9340ff000-7fa934103000 ---p 00000000 00:00 0 
7fa934103000-7fa9341ff000 rw-p 00000000 00:00 0 
7fa9341ff000-7fa934200000 ---p 00000000 00:00 0 
7fa934200000-7fa934300000 rw-p 00000000 00:00 0 
7fa934300000-7fa934304000 ---p 00000000 00:00 0 
7fa934304000-7fa934400000 rw-p 00000000 00:00 0 
7fa934400000-7fa934404000 ---p 00000000 00:00 0 
7fa934404000-7fa934500000 rw-p 00000000 00:00 0 
7fa934500000-7fa934504000 ---p 00000000 00:00 0 
7fa934504000-7fa934600000 rw-p 00000000 00:00 0 
7fa934600000-7fa934604000 ---p 00000000 00:00 0 
7fa934604000-7fa934700000 rw-p 00000000 00:00 0 
7fa934700000-7fa934704000 ---p 00000000 00:00 0 
7fa934704000-7fa934800000 rw-p 00000000 00:00 0 
7fa934800000-7fa934804000 ---p 00000000 00:00 0 
7fa934804000-7fa934900000 rw-p 00000000 00:00 0 
7fa934900000-7fa934904000 ---p 00000000 00:00 0 
7fa934904000-7fa934a00000 rw-p 00000000 00:00 0 
7fa934a00000-7fa935278000 r--p 00000000 08:03 2365202                    /usr/lib/locale/locale-archive
7fa9352fe000-7fa935302000 ---p 00000000 00:00 0 
7fa935302000-7fa9353fe000 rw-p 00000000 00:00 0 
7fa9353fe000-7fa935402000 ---p 00000000 00:00 0 
7fa935402000-7fa9354fe000 rw-p 00000000 00:00 0 
7fa9354fe000-7fa935502000 ---p 00000000 00:00 0 
7fa935502000-7fa9355fe000 rw-p 00000000 00:00 0 
7fa9355fe000-7fa9355ff000 ---p 00000000 00:00 0 
7fa9355ff000-7fa935cbf000 rw-p 00000000 00:00 0 
7fa935cbf000-7fa935eff000 ---p 00000000 00:00 0 
7fa935eff000-7fa935f00000 ---p 00000000 00:00 0 
7fa935f00000-7fa938000000 rw-p 00000000 00:00 0 
7fa938000000-7fa938021000 rw-p 00000000 00:00 0 
7fa938021000-7fa93c000000 ---p 00000000 00:00 0 
7fa93c000000-7fa93c021000 rw-p 00000000 00:00 0 
7fa93c021000-7fa940000000 ---p 00000000 00:00 0 
7fa940000000-7fa940021000 rw-p 00000000 00:00 0 
7fa940021000-7fa944000000 ---p 00000000 00:00 0 
7fa9440fb000-7fa9440fc000 ---p 00000000 00:00 0 
7fa9440fc000-7fa944600000 rw-p 00000000 00:00 0 
7fa944600000-7fa944870000 rwxp 00000000 00:00 0 
7fa944870000-7fa944b90000 ---p 00000000 00:00 0 
7fa944b90000-7fa944e00000 rwxp 00000000 00:00 0 
7fa944e00000-7fa94c0c8000 ---p 00000000 00:00 0 
7fa94c0c8000-7fa94c338000 rwxp 00000000 00:00 0 
7fa94c338000-7fa953600000 ---p 00000000 00:00 0 
7fa953600000-7fa95be25000 r--s 00000000 08:03 265275                     /usr/lib/jvm/java-11-openjdk-amd64/lib/modules
7fa95be7e000-7fa95beff000 rw-p 00000000 00:00 0 
7fa95beff000-7fa95bf00000 ---p 00000000 00:00 0 
7fa95bf00000-7fa95c000000 rw-p 00000000 00:00 0 
7fa95c000000-7fa95c46b000 rw-p 00000000 00:00 0 
7fa95c46b000-7fa960000000 ---p 00000000 00:00 0 
7fa960031000-7fa960038000 r--s 00000000 08:03 659244                     /usr/lib/x86_64-linux-gnu/gconv/gconv-modules.cache
7fa960038000-7fa960039000 ---p 00000000 00:00 0 
7fa960039000-7fa960231000 rw-p 00000000 00:00 0 
7fa960231000-7fa961051000 ---p 00000000 00:00 0 
7fa961051000-7fa961151000 rw-p 00000000 00:00 0 
7fa961151000-7fa961f71000 ---p 00000000 00:00 0 
7fa961f71000-7fa961f98000 rw-p 00000000 00:00 0 
7fa961f98000-7fa96215c000 ---p 00000000 00:00 0 
7fa96215c000-7fa96217c000 rw-p 00000000 00:00 0 
7fa96217c000-7fa962340000 ---p 00000000 00:00 0 
7fa962340000-7fa962360000 rw-p 00000000 00:00 0 
7fa962360000-7fa962524000 ---p 00000000 00:00 0 
7fa962524000-7fa962929000 rw-p 00000000 00:00 0 
7fa962929000-7fa96292a000 ---p 00000000 00:00 0 
7fa96292a000-7fa962a2f000 rw-p 00000000 00:00 0 
7fa962a2f000-7fa962b15000 ---p 00000000 00:00 0 
7fa962b15000-7fa962b1a000 rw-p 00000000 00:00 0 
7fa962b1a000-7fa962c00000 ---p 00000000 00:00 0 
7fa962c00000-7fa962c9a000 r--p 00000000 08:03 2360832                    /usr/lib/x86_64-linux-gnu/libstdc++.so.6.0.30
7fa962c9a000-7fa962dab000 r-xp 0009a000 08:03 2360832                    /usr/lib/x86_64-linux-gnu/libstdc++.so.6.0.30
7fa962dab000-7fa962e1a000 r--p 001ab000 08:03 2360832                    /usr/lib/x86_64-linux-gnu/libstdc++.so.6.0.30
7fa962e1a000-7fa962e1b000 ---p 0021a000 08:03 2360832                    /usr/lib/x86_64-linux-gnu/libstdc++.so.6.0.30
7fa962e1b000-7fa962e26000 r--p 0021a000 08:03 2360832                    /usr/lib/x86_64-linux-gnu/libstdc++.so.6.0.30
7fa962e26000-7fa962e29000 rw-p 00225000 08:03 2360832                    /usr/lib/x86_64-linux-gnu/libstdc++.so.6.0.30
7fa962e29000-7fa962e2c000 rw-p 00000000 00:00 0 
7fa962e2f000-7fa962e30000 r--p 00000000 08:03 1589995                    /home/ubuntu/.javacpp/cache/llvm-13.0.1-1.5.7-linux-x86_64.jar/org/bytedeco/llvm/linux-x86_64/libRemarks.so.13
7fa962e30000-7fa962e31000 r-xp 00001000 08:03 1589995                    /home/ubuntu/.javacpp/cache/llvm-13.0.1-1.5.7-linux-x86_64.jar/org/bytedeco/llvm/linux-x86_64/libRemarks.so.13
7fa962e31000-7fa962e32000 r--p 00002000 08:03 1589995                    /home/ubuntu/.javacpp/cache/llvm-13.0.1-1.5.7-linux-x86_64.jar/org/bytedeco/llvm/linux-x86_64/libRemarks.so.13
7fa962e32000-7fa962e33000 r--p 00002000 08:03 1589995                    /home/ubuntu/.javacpp/cache/llvm-13.0.1-1.5.7-linux-x86_64.jar/org/bytedeco/llvm/linux-x86_64/libRemarks.so.13
7fa962e33000-7fa962e34000 rw-p 00003000 08:03 1589995                    /home/ubuntu/.javacpp/cache/llvm-13.0.1-1.5.7-linux-x86_64.jar/org/bytedeco/llvm/linux-x86_64/libRemarks.so.13
7fa962e34000-7fa962e3b000 r--p 00000000 08:03 1587750                    /home/ubuntu/.javacpp/cache/llvm-13.0.1-1.5.7-linux-x86_64.jar/org/bytedeco/llvm/linux-x86_64/libLTO.so.13
7fa962e3b000-7fa962e43000 r-xp 00007000 08:03 1587750                    /home/ubuntu/.javacpp/cache/llvm-13.0.1-1.5.7-linux-x86_64.jar/org/bytedeco/llvm/linux-x86_64/libLTO.so.13
7fa962e43000-7fa962e45000 r--p 0000f000 08:03 1587750                    /home/ubuntu/.javacpp/cache/llvm-13.0.1-1.5.7-linux-x86_64.jar/org/bytedeco/llvm/linux-x86_64/libLTO.so.13
7fa962e45000-7fa962e46000 r--p 00010000 08:03 1587750                    /home/ubuntu/.javacpp/cache/llvm-13.0.1-1.5.7-linux-x86_64.jar/org/bytedeco/llvm/linux-x86_64/libLTO.so.13
7fa962e46000-7fa962e47000 rw-p 00011000 08:03 1587750                    /home/ubuntu/.javacpp/cache/llvm-13.0.1-1.5.7-linux-x86_64.jar/org/bytedeco/llvm/linux-x86_64/libLTO.so.13
7fa962e47000-7fa962e4b000 r--p 00000000 08:03 1587748                    /home/ubuntu/.javacpp/cache/javacpp-1.5.7-linux-x86_64.jar/org/bytedeco/javacpp/linux-x86_64/libjnijavacpp.so
7fa962e4b000-7fa962e52000 r-xp 00004000 08:03 1587748                    /home/ubuntu/.javacpp/cache/javacpp-1.5.7-linux-x86_64.jar/org/bytedeco/javacpp/linux-x86_64/libjnijavacpp.so
7fa962e52000-7fa962e56000 r--p 0000b000 08:03 1587748                    /home/ubuntu/.javacpp/cache/javacpp-1.5.7-linux-x86_64.jar/org/bytedeco/javacpp/linux-x86_64/libjnijavacpp.so
7fa962e56000-7fa962e57000 r--p 0000e000 08:03 1587748                    /home/ubuntu/.javacpp/cache/javacpp-1.5.7-linux-x86_64.jar/org/bytedeco/javacpp/linux-x86_64/libjnijavacpp.so
7fa962e57000-7fa962e58000 rw-p 0000f000 08:03 1587748                    /home/ubuntu/.javacpp/cache/javacpp-1.5.7-linux-x86_64.jar/org/bytedeco/javacpp/linux-x86_64/libjnijavacpp.so
7fa962e58000-7fa962e5c000 r--p 00000000 08:03 265265                     /usr/lib/jvm/java-11-openjdk-amd64/lib/libnet.so
7fa962e5c000-7fa962e6a000 r-xp 00004000 08:03 265265                     /usr/lib/jvm/java-11-openjdk-amd64/lib/libnet.so
7fa962e6a000-7fa962e6e000 r--p 00012000 08:03 265265                     /usr/lib/jvm/java-11-openjdk-amd64/lib/libnet.so
7fa962e6e000-7fa962e6f000 r--p 00015000 08:03 265265                     /usr/lib/jvm/java-11-openjdk-amd64/lib/libnet.so
7fa962e6f000-7fa962e70000 rw-p 00016000 08:03 265265                     /usr/lib/jvm/java-11-openjdk-amd64/lib/libnet.so
7fa962e70000-7fa962e77000 r--p 00000000 08:03 265266                     /usr/lib/jvm/java-11-openjdk-amd64/lib/libnio.so
7fa962e77000-7fa962e7f000 r-xp 00007000 08:03 265266                     /usr/lib/jvm/java-11-openjdk-amd64/lib/libnio.so
7fa962e7f000-7fa962e82000 r--p 0000f000 08:03 265266                     /usr/lib/jvm/java-11-openjdk-amd64/lib/libnio.so
7fa962e82000-7fa962e83000 r--p 00011000 08:03 265266                     /usr/lib/jvm/java-11-openjdk-amd64/lib/libnio.so
7fa962e83000-7fa962e84000 rw-p 00012000 08:03 265266                     /usr/lib/jvm/java-11-openjdk-amd64/lib/libnio.so
7fa962e84000-7fa962f00000 rw-p 00000000 00:00 0 
7fa962f00000-7fa962f04000 ---p 00000000 00:00 0 
7fa962f04000-7fa963000000 rw-p 00000000 00:00 0 
7fa963000000-7fa963282000 r--p 00000000 08:03 265280                     /usr/lib/jvm/java-11-openjdk-amd64/lib/server/libjvm.so
7fa963282000-7fa963f20000 r-xp 00282000 08:03 265280                     /usr/lib/jvm/java-11-openjdk-amd64/lib/server/libjvm.so
7fa963f20000-7fa96417c000 r--p 00f20000 08:03 265280                     /usr/lib/jvm/java-11-openjdk-amd64/lib/server/libjvm.so
7fa96417c000-7fa964240000 r--p 0117b000 08:03 265280                     /usr/lib/jvm/java-11-openjdk-amd64/lib/server/libjvm.so
7fa964240000-7fa96427b000 rw-p 0123f000 08:03 265280                     /usr/lib/jvm/java-11-openjdk-amd64/lib/server/libjvm.so
7fa96427b000-7fa9642d2000 rw-p 00000000 00:00 0 
7fa9642d4000-7fa9642d5000 r--p 00000000 08:03 2361439                    /usr/lib/x86_64-linux-gnu/libdl.so.2
7fa9642d5000-7fa9642d6000 r-xp 00001000 08:03 2361439                    /usr/lib/x86_64-linux-gnu/libdl.so.2
7fa9642d6000-7fa9642d7000 r--p 00002000 08:03 2361439                    /usr/lib/x86_64-linux-gnu/libdl.so.2
7fa9642d7000-7fa9642d8000 r--p 00002000 08:03 2361439                    /usr/lib/x86_64-linux-gnu/libdl.so.2
7fa9642d8000-7fa9642d9000 rw-p 00003000 08:03 2361439                    /usr/lib/x86_64-linux-gnu/libdl.so.2
7fa9642d9000-7fa9642da000 r--p 00000000 08:03 2361473                    /usr/lib/x86_64-linux-gnu/libpthread.so.0
7fa9642da000-7fa9642db000 r-xp 00001000 08:03 2361473                    /usr/lib/x86_64-linux-gnu/libpthread.so.0
7fa9642db000-7fa9642dc000 r--p 00002000 08:03 2361473                    /usr/lib/x86_64-linux-gnu/libpthread.so.0
7fa9642dc000-7fa9642dd000 r--p 00002000 08:03 2361473                    /usr/lib/x86_64-linux-gnu/libpthread.so.0
7fa9642dd000-7fa9642de000 rw-p 00003000 08:03 2361473                    /usr/lib/x86_64-linux-gnu/libpthread.so.0
7fa9642de000-7fa9642df000 r--p 00000000 08:03 265247                     /usr/lib/jvm/java-11-openjdk-amd64/lib/libextnet.so
7fa9642df000-7fa9642e0000 r-xp 00001000 08:03 265247                     /usr/lib/jvm/java-11-openjdk-amd64/lib/libextnet.so
7fa9642e0000-7fa9642e1000 r--p 00002000 08:03 265247                     /usr/lib/jvm/java-11-openjdk-amd64/lib/libextnet.so
7fa9642e1000-7fa9642e2000 r--p 00002000 08:03 265247                     /usr/lib/jvm/java-11-openjdk-amd64/lib/libextnet.so
7fa9642e2000-7fa9642e3000 rw-p 00003000 08:03 265247                     /usr/lib/jvm/java-11-openjdk-amd64/lib/libextnet.so
7fa9642e3000-7fa9642e8000 rw-p 00000000 00:00 0 
7fa9642e8000-7fa9642ef000 ---p 00000000 00:00 0 
7fa9642ef000-7fa9642f1000 r--p 00000000 08:03 265274                     /usr/lib/jvm/java-11-openjdk-amd64/lib/libzip.so
7fa9642f1000-7fa9642f6000 r-xp 00002000 08:03 265274                     /usr/lib/jvm/java-11-openjdk-amd64/lib/libzip.so
7fa9642f6000-7fa9642f8000 r--p 00007000 08:03 265274                     /usr/lib/jvm/java-11-openjdk-amd64/lib/libzip.so
7fa9642f8000-7fa9642f9000 r--p 00008000 08:03 265274                     /usr/lib/jvm/java-11-openjdk-amd64/lib/libzip.so
7fa9642f9000-7fa9642fa000 rw-p 00009000 08:03 265274                     /usr/lib/jvm/java-11-openjdk-amd64/lib/libzip.so
7fa9642fa000-7fa964302000 rw-s 00000000 08:03 393237                     /tmp/hsperfdata_ubuntu/32362
7fa964302000-7fa964304000 r--p 00000000 08:03 265249                     /usr/lib/jvm/java-11-openjdk-amd64/lib/libinstrument.so
7fa964304000-7fa96430b000 r-xp 00002000 08:03 265249                     /usr/lib/jvm/java-11-openjdk-amd64/lib/libinstrument.so
7fa96430b000-7fa96430e000 r--p 00009000 08:03 265249                     /usr/lib/jvm/java-11-openjdk-amd64/lib/libinstrument.so
7fa96430e000-7fa96430f000 r--p 0000b000 08:03 265249                     /usr/lib/jvm/java-11-openjdk-amd64/lib/libinstrument.so
7fa96430f000-7fa964310000 rw-p 0000c000 08:03 265249                     /usr/lib/jvm/java-11-openjdk-amd64/lib/libinstrument.so
7fa964310000-7fa964312000 r--p 00000000 08:03 265257                     /usr/lib/jvm/java-11-openjdk-amd64/lib/libjimage.so
7fa964312000-7fa964315000 r-xp 00002000 08:03 265257                     /usr/lib/jvm/java-11-openjdk-amd64/lib/libjimage.so
7fa964315000-7fa964316000 r--p 00005000 08:03 265257                     /usr/lib/jvm/java-11-openjdk-amd64/lib/libjimage.so
7fa964316000-7fa964317000 ---p 00006000 08:03 265257                     /usr/lib/jvm/java-11-openjdk-amd64/lib/libjimage.so
7fa964317000-7fa964318000 r--p 00006000 08:03 265257                     /usr/lib/jvm/java-11-openjdk-amd64/lib/libjimage.so
7fa964318000-7fa964319000 rw-p 00007000 08:03 265257                     /usr/lib/jvm/java-11-openjdk-amd64/lib/libjimage.so
7fa964319000-7fa964327000 r--p 00000000 08:03 2361443                    /usr/lib/x86_64-linux-gnu/libm.so.6
7fa964327000-7fa9643a3000 r-xp 0000e000 08:03 2361443                    /usr/lib/x86_64-linux-gnu/libm.so.6
7fa9643a3000-7fa9643fe000 r--p 0008a000 08:03 2361443                    /usr/lib/x86_64-linux-gnu/libm.so.6
7fa9643fe000-7fa9643ff000 r--p 000e4000 08:03 2361443                    /usr/lib/x86_64-linux-gnu/libm.so.6
7fa9643ff000-7fa964400000 rw-p 000e5000 08:03 2361443                    /usr/lib/x86_64-linux-gnu/libm.so.6
7fa964400000-7fa964428000 r--p 00000000 08:03 2361426                    /usr/lib/x86_64-linux-gnu/libc.so.6
7fa964428000-7fa9645bd000 r-xp 00028000 08:03 2361426                    /usr/lib/x86_64-linux-gnu/libc.so.6
7fa9645bd000-7fa964615000 r--p 001bd000 08:03 2361426                    /usr/lib/x86_64-linux-gnu/libc.so.6
7fa964615000-7fa964616000 ---p 00215000 08:03 2361426                    /usr/lib/x86_64-linux-gnu/libc.so.6
7fa964616000-7fa96461a000 r--p 00215000 08:03 2361426                    /usr/lib/x86_64-linux-gnu/libc.so.6
7fa96461a000-7fa96461c000 rw-p 00219000 08:03 2361426                    /usr/lib/x86_64-linux-gnu/libc.so.6
7fa96461c000-7fa964629000 rw-p 00000000 00:00 0 
7fa96462d000-7fa96462e000 ---p 00000000 00:00 0 
7fa96462e000-7fa96462f000 r--p 00000000 00:00 0 
7fa96462f000-7fa96463d000 r--p 00000000 08:03 265254                     /usr/lib/jvm/java-11-openjdk-amd64/lib/libjava.so
7fa96463d000-7fa964653000 r-xp 0000e000 08:03 265254                     /usr/lib/jvm/java-11-openjdk-amd64/lib/libjava.so
7fa964653000-7fa96465a000 r--p 00024000 08:03 265254                     /usr/lib/jvm/java-11-openjdk-amd64/lib/libjava.so
7fa96465a000-7fa96465b000 r--p 0002a000 08:03 265254                     /usr/lib/jvm/java-11-openjdk-amd64/lib/libjava.so
7fa96465b000-7fa96465c000 rw-p 0002b000 08:03 265254                     /usr/lib/jvm/java-11-openjdk-amd64/lib/libjava.so
7fa96465c000-7fa96465d000 rw-p 00000000 00:00 0 
7fa96465d000-7fa96465e000 r--p 00000000 08:03 2361484                    /usr/lib/x86_64-linux-gnu/librt.so.1
7fa96465e000-7fa96465f000 r-xp 00001000 08:03 2361484                    /usr/lib/x86_64-linux-gnu/librt.so.1
7fa96465f000-7fa964660000 r--p 00002000 08:03 2361484                    /usr/lib/x86_64-linux-gnu/librt.so.1
7fa964660000-7fa964661000 r--p 00002000 08:03 2361484                    /usr/lib/x86_64-linux-gnu/librt.so.1
7fa964661000-7fa964662000 rw-p 00003000 08:03 2361484                    /usr/lib/x86_64-linux-gnu/librt.so.1
7fa964662000-7fa964665000 r--p 00000000 08:03 2359493                    /usr/lib/x86_64-linux-gnu/libgcc_s.so.1
7fa964665000-7fa96467c000 r-xp 00003000 08:03 2359493                    /usr/lib/x86_64-linux-gnu/libgcc_s.so.1
7fa96467c000-7fa964680000 r--p 0001a000 08:03 2359493                    /usr/lib/x86_64-linux-gnu/libgcc_s.so.1
7fa964680000-7fa964681000 r--p 0001d000 08:03 2359493                    /usr/lib/x86_64-linux-gnu/libgcc_s.so.1
7fa964681000-7fa964682000 rw-p 0001e000 08:03 2359493                    /usr/lib/x86_64-linux-gnu/libgcc_s.so.1
7fa964682000-7fa964685000 rw-p 00000000 00:00 0 
7fa964685000-7fa964688000 r--p 00000000 08:03 265239                     /usr/lib/jvm/java-11-openjdk-amd64/lib/jli/libjli.so
7fa964688000-7fa964692000 r-xp 00003000 08:03 265239                     /usr/lib/jvm/java-11-openjdk-amd64/lib/jli/libjli.so
7fa964692000-7fa964695000 r--p 0000d000 08:03 265239                     /usr/lib/jvm/java-11-openjdk-amd64/lib/jli/libjli.so
7fa964695000-7fa964696000 ---p 00010000 08:03 265239                     /usr/lib/jvm/java-11-openjdk-amd64/lib/jli/libjli.so
7fa964696000-7fa964697000 r--p 00010000 08:03 265239                     /usr/lib/jvm/java-11-openjdk-amd64/lib/jli/libjli.so
7fa964697000-7fa964698000 rw-p 00011000 08:03 265239                     /usr/lib/jvm/java-11-openjdk-amd64/lib/jli/libjli.so
7fa964698000-7fa96469a000 r--p 00000000 08:03 2367120                    /usr/lib/x86_64-linux-gnu/libz.so.1.2.11
7fa96469a000-7fa9646ac000 r-xp 00002000 08:03 2367120                    /usr/lib/x86_64-linux-gnu/libz.so.1.2.11
7fa9646ac000-7fa9646b2000 r--p 00014000 08:03 2367120                    /usr/lib/x86_64-linux-gnu/libz.so.1.2.11
7fa9646b2000-7fa9646b3000 r--p 0001a000 08:03 2367120                    /usr/lib/x86_64-linux-gnu/libz.so.1.2.11
7fa9646b3000-7fa9646b4000 rw-p 0001b000 08:03 2367120                    /usr/lib/x86_64-linux-gnu/libz.so.1.2.11
7fa9646b4000-7fa9646b9000 r--p 00000000 08:03 265273                     /usr/lib/jvm/java-11-openjdk-amd64/lib/libverify.so
7fa9646b9000-7fa9646c0000 r-xp 00005000 08:03 265273                     /usr/lib/jvm/java-11-openjdk-amd64/lib/libverify.so
7fa9646c0000-7fa9646c2000 r--p 0000c000 08:03 265273                     /usr/lib/jvm/java-11-openjdk-amd64/lib/libverify.so
7fa9646c2000-7fa9646c4000 r--p 0000d000 08:03 265273                     /usr/lib/jvm/java-11-openjdk-amd64/lib/libverify.so
7fa9646c4000-7fa9646c5000 rw-p 0000f000 08:03 265273                     /usr/lib/jvm/java-11-openjdk-amd64/lib/libverify.so
7fa9646c5000-7fa9646c7000 rw-p 00000000 00:00 0 
7fa9646c7000-7fa9646c9000 r--p 00000000 08:03 2361301                    /usr/lib/x86_64-linux-gnu/ld-linux-x86-64.so.2
7fa9646c9000-7fa9646f3000 r-xp 00002000 08:03 2361301                    /usr/lib/x86_64-linux-gnu/ld-linux-x86-64.so.2
7fa9646f3000-7fa9646fe000 r--p 0002c000 08:03 2361301                    /usr/lib/x86_64-linux-gnu/ld-linux-x86-64.so.2
7fa9646ff000-7fa964701000 r--p 00037000 08:03 2361301                    /usr/lib/x86_64-linux-gnu/ld-linux-x86-64.so.2
7fa964701000-7fa964703000 rw-p 00039000 08:03 2361301                    /usr/lib/x86_64-linux-gnu/ld-linux-x86-64.so.2
7fff5a19c000-7fff5a1bd000 rw-p 00000000 00:00 0                          [stack]
7fff5a1f3000-7fff5a1f7000 r--p 00000000 00:00 0                          [vvar]
7fff5a1f7000-7fff5a1f9000 r-xp 00000000 00:00 0                          [vdso]
ffffffffff600000-ffffffffff601000 --xp 00000000 00:00 0                  [vsyscall]


VM Arguments:
jvm_args: -javaagent:/home/ubuntu/software/idea-IU-233.14475.28/lib/idea_rt.jar=41723:/home/ubuntu/software/idea-IU-233.14475.28/bin -Dfile.encoding=UTF-8 
java_command: Main tests/test1.c tests/Actual.ll
java_class_path (initial): /home/ubuntu/Lab/out/production/Lab:/usr/local/lib/antlr-4.9.1-complete.jar:/usr/local/lib/javacpp-1.5.7-linux-x86_64.jar:/usr/local/lib/javacpp-1.5.7.jar:/usr/local/lib/llvm-13.0.1-1.5.7-linux-x86_64.jar:/usr/local/lib/llvm-13.0.1-1.5.7.jar:/usr/local/lib/llvm-platform-13.0.1-1.5.7.jar
Launcher Type: SUN_STANDARD

[Global flags]
     intx CICompilerCount                          = 3                                         {product} {ergonomic}
     uint ConcGCThreads                            = 1                                         {product} {ergonomic}
     uint G1ConcRefinementThreads                  = 4                                         {product} {ergonomic}
   size_t G1HeapRegionSize                         = 1048576                                   {product} {ergonomic}
    uintx GCDrainStackTargetSize                   = 64                                        {product} {ergonomic}
   size_t InitialHeapSize                          = 65011712                                  {product} {ergonomic}
   size_t MarkStackSize                            = 4194304                                   {product} {ergonomic}
   size_t MaxHeapSize                              = 1015021568                                {product} {ergonomic}
   size_t MaxNewSize                               = 608174080                                 {product} {ergonomic}
   size_t MinHeapDeltaBytes                        = 1048576                                   {product} {ergonomic}
    uintx NonNMethodCodeHeapSize                   = 5830732                                {pd product} {ergonomic}
    uintx NonProfiledCodeHeapSize                  = 122913754                              {pd product} {ergonomic}
    uintx ProfiledCodeHeapSize                     = 122913754                              {pd product} {ergonomic}
    uintx ReservedCodeCacheSize                    = 251658240                              {pd product} {ergonomic}
     bool SegmentedCodeCache                       = true                                      {product} {ergonomic}
     bool UseCompressedClassPointers               = true                                 {lp64_product} {ergonomic}
     bool UseCompressedOops                        = true                                 {lp64_product} {ergonomic}
     bool UseG1GC                                  = true                                      {product} {ergonomic}

Logging:
Log output configuration:
 #0: stdout all=warning uptime,level,tags
 #1: stderr all=off uptime,level,tags

Environment Variables:
PATH=/usr/local/sbin:/usr/local/bin:/usr/sbin:/usr/bin:/sbin:/bin:/usr/games:/usr/local/games:/snap/bin:/snap/bin
USERNAME=ubuntu
SHELL=/bin/bash
DISPLAY=:0
LANG=zh_CN.UTF-8

Signal Handlers:
SIGSEGV: [libjvm.so+0xead700], sa_mask[0]=11111111011111111101111111111110, sa_flags=SA_RESTART|SA_SIGINFO
SIGBUS: [libjvm.so+0xead700], sa_mask[0]=11111111011111111101111111111110, sa_flags=SA_RESTART|SA_SIGINFO
SIGFPE: [libjvm.so+0xead700], sa_mask[0]=11111111011111111101111111111110, sa_flags=SA_RESTART|SA_SIGINFO
SIGPIPE: [libjvm.so+0xbefa50], sa_mask[0]=11111111011111111101111111111110, sa_flags=SA_RESTART|SA_SIGINFO
SIGXFSZ: [libjvm.so+0xbefa50], sa_mask[0]=11111111011111111101111111111110, sa_flags=SA_RESTART|SA_SIGINFO
SIGILL: [libjvm.so+0xead700], sa_mask[0]=11111111011111111101111111111110, sa_flags=SA_RESTART|SA_SIGINFO
SIGUSR2: [libjvm.so+0xbef8f0], sa_mask[0]=00100000000000000000000000000000, sa_flags=SA_RESTART|SA_SIGINFO
SIGHUP: [libjvm.so+0xbf00b0], sa_mask[0]=11111111011111111101111111111110, sa_flags=SA_RESTART|SA_SIGINFO
SIGINT: [libjvm.so+0xbf00b0], sa_mask[0]=11111111011111111101111111111110, sa_flags=SA_RESTART|SA_SIGINFO
SIGTERM: [libjvm.so+0xbf00b0], sa_mask[0]=11111111011111111101111111111110, sa_flags=SA_RESTART|SA_SIGINFO
SIGQUIT: [libjvm.so+0xbf00b0], sa_mask[0]=11111111011111111101111111111110, sa_flags=SA_RESTART|SA_SIGINFO


---------------  S Y S T E M  ---------------

OS:DISTRIB_ID=Ubuntu
DISTRIB_RELEASE=22.10
DISTRIB_CODENAME=kinetic
DISTRIB_DESCRIPTION="Ubuntu 22.10"
uname:Linux 6.5.0-21-generic #21~22.04.1-Ubuntu SMP PREEMPT_DYNAMIC Fri Feb  9 13:32:52 UTC 2 x86_64
OS uptime: 0 days 6:01 hours
libc:glibc 2.35 NPTL 2.35 
rlimit (soft/hard): STACK 8192k/infinity , CORE 0k/infinity , NPROC 15188/15188 , NOFILE 1048576/1048576 , AS infinity/infinity , CPU infinity/infinity , DATA infinity/infinity , FSIZE infinity/infinity , MEMLOCK 495440k/495440k
load average:1.05 1.07 1.04

/proc/meminfo:
MemTotal:        3963524 kB
MemFree:          482652 kB
MemAvailable:     790564 kB
Buffers:           13016 kB
Cached:           458636 kB
SwapCached:       101924 kB
Active:          2375324 kB
Inactive:         452528 kB
Active(anon):    2206700 kB
Inactive(anon):   149720 kB
Active(file):     168624 kB
Inactive(file):   302808 kB
Unevictable:          16 kB
Mlocked:              16 kB
SwapTotal:       3991548 kB
SwapFree:        2651468 kB
Zswap:                 0 kB
Zswapped:              0 kB
Dirty:              4520 kB
Writeback:             0 kB
AnonPages:       2341792 kB
Mapped:           209428 kB
Shmem:               220 kB
KReclaimable:      90088 kB
Slab:             242732 kB
SReclaimable:      90088 kB
SUnreclaim:       152644 kB
KernelStack:       12760 kB
PageTables:        25044 kB
SecPageTables:         0 kB
NFS_Unstable:          0 kB
Bounce:                0 kB
WritebackTmp:          0 kB
CommitLimit:     5973308 kB
Committed_AS:    5885996 kB
VmallocTotal:   34359738367 kB
VmallocUsed:       43608 kB
VmallocChunk:          0 kB
Percpu:           104448 kB
HardwareCorrupted:     0 kB
AnonHugePages:         0 kB
ShmemHugePages:        0 kB
ShmemPmdMapped:        0 kB
FileHugePages:         0 kB
FilePmdMapped:         0 kB
Unaccepted:            0 kB
HugePages_Total:       0
HugePages_Free:        0
HugePages_Rsvd:        0
HugePages_Surp:        0
Hugepagesize:       2048 kB
Hugetlb:               0 kB
DirectMap4k:      177984 kB
DirectMap2M:     4016128 kB
DirectMap1G:     2097152 kB

/sys/kernel/mm/transparent_hugepage/enabled:
always [madvise] never
/sys/kernel/mm/transparent_hugepage/defrag (defrag/compaction efforts parameter):
always defer defer+madvise [madvise] never

Process Memory:
Virtual Size: 3934964K (peak: 12378248K)
Resident Set Size: 94448K (peak: 94448K) (anon: 37612K, file: 56836K, shmem: 0K)
Swapped out: 0K
C-Heap outstanding allocations: 18729K, retained: 2578K
glibc malloc tunables: (default)

/proc/sys/kernel/threads-max (system-wide limit on the number of threads):
30377
/proc/sys/vm/max_map_count (maximum number of memory map areas a process may have):
65530
/proc/sys/kernel/pid_max (system-wide limit on number of process identifiers):
4194304

container (cgroup) information:
container_type: cgroupv2
cpu_cpuset_cpus: not supported
cpu_memory_nodes: not supported
active_processor_count: 4
cpu_quota: not supported
cpu_period: not supported
cpu_shares: not supported
memory_limit_in_bytes: unlimited
memory_and_swap_limit_in_bytes: unlimited
memory_soft_limit_in_bytes: unlimited
memory_usage_in_bytes: 2467428 k
memory_max_usage_in_bytes: not supported
memory_swap_current_in_bytes: 816284 k
memory_swap_max_limit_in_bytes: unlimited
maximum number of tasks: 4556
current number of tasks: 139

VMWare virtualization detected
Steal ticks since vm start: 0
Steal ticks percentage since vm start:  0.000

CPU:total 4 (initial active 4) (1 cores per cpu, 1 threads per core) family 25 model 80 stepping 0 microcode 0xffffffff, cmov, cx8, fxsr, mmx, sse, sse2, sse3, ssse3, sse4.1, sse4.2, popcnt, avx, avx2, aes, clmul, erms, mmxext, lzcnt, sse4a, tsc, tscinvbit, tscinv, bmi1, bmi2, adx, sha, fma
CPU Model and flags from /proc/cpuinfo:
model name	: AMD Ryzen 5 5600H with Radeon Graphics
flags		: fpu vme de pse tsc msr pae mce cx8 apic sep mtrr pge mca cmov pat pse36 clflush mmx fxsr sse sse2 syscall nx mmxext pdpe1gb rdtscp lm constant_tsc rep_good nopl tsc_reliable nonstop_tsc cpuid extd_apicid tsc_known_freq pni pclmulqdq ssse3 fma cx16 sse4_1 sse4_2 x2apic movbe popcnt aes xsave avx f16c rdrand hypervisor lahf_lm cr8_legacy abm sse4a misalignsse 3dnowprefetch osvw topoext ibpb vmmcall fsgsbase bmi1 avx2 smep bmi2 erms invpcid rdseed adx smap clflushopt clwb sha_ni xsaveopt xsavec xgetbv1 xsaves clzero arat umip vaes vpclmulqdq rdpid overflow_recov succor fsrm
Online cpus:
0-3
Offline cpus:
4-127
BIOS frequency limitation:
<Not Available>
Frequency switch latency (ns):
<Not Available>
Available cpu frequencies:
<Not Available>
Current governor:
<Not Available>
Core performance/turbo boost:
<Not Available>

Memory: 4k page, physical 3963524k(482652k free), swap 3991548k(2651468k free)

vm_info: OpenJDK 64-Bit Server VM (11.0.22+7-post-Ubuntu-0ubuntu222.04.1) for linux-amd64 JRE (11.0.22+7-post-Ubuntu-0ubuntu222.04.1), built on Feb  5 2024 20:45:01 by "unknown" with gcc 11.4.0

END.
