#
# A fatal error has been detected by the Java Runtime Environment:
#
#  SIGSEGV (0xb) at pc=0x00007f2b2a0292d9, pid=28962, tid=28965
#
# JRE version: OpenJDK Runtime Environment (11.0.22+7) (build 11.0.22+7-post-Ubuntu-0ubuntu222.04.1)
# Java VM: OpenJDK 64-Bit Server VM (11.0.22+7-post-Ubuntu-0ubuntu222.04.1, mixed mode, sharing, tiered, compressed oops, g1 gc, linux-amd64)
# Problematic frame:
# C  [libLLVM-13.so+0xc292d9]  LLVMBuildAdd+0x29
#
# Core dump will be written. Default location: Core dumps may be processed with "/usr/share/apport/apport -p%p -s%s -c%c -d%d -P%P -u%u -g%g -- %E" (or dumping to /home/ubuntu/Lab/core.28962)
#
# If you would like to submit a bug report, please visit:
#   https://bugs.launchpad.net/ubuntu/+source/openjdk-lts
# The crash happened outside the Java Virtual Machine in native code.
# See problematic frame for where to report the bug.
#

---------------  S U M M A R Y ------------

Command Line: -javaagent:/home/ubuntu/software/idea-IU-233.14475.28/lib/idea_rt.jar=41727:/home/ubuntu/software/idea-IU-233.14475.28/bin -Dfile.encoding=UTF-8 Main tests/test1.c tests/Actual.ll

Host: AMD Ryzen 5 5600H with Radeon Graphics, 4 cores, 3G, Ubuntu 22.10
Time: Fri May 17 14:41:17 2024 CST elapsed time: 0.584307 seconds (0d 0h 0m 0s)

---------------  T H R E A D  ---------------

Current thread (0x00007f2b98016800):  JavaThread "main" [_thread_in_native, id=28965, stack(0x00007f2b9ef00000,0x00007f2b9f000000)]

Stack: [0x00007f2b9ef00000,0x00007f2b9f000000],  sp=0x00007f2b9effd770,  free space=1013k
Native frames: (J=compiled Java code, A=aot compiled Java code, j=interpreted, Vv=VM code, C=native code)
C  [libLLVM-13.so+0xc292d9]  LLVMBuildAdd+0x29

Java frames: (J=compiled Java code, j=interpreted, Vv=VM code)
j  org.bytedeco.llvm.global.LLVM.LLVMBuildAdd(Lorg/bytedeco/llvm/LLVM/LLVMBuilderRef;Lorg/bytedeco/llvm/LLVM/LLVMValueRef;Lorg/bytedeco/llvm/LLVM/LLVMValueRef;Ljava/lang/String;)Lorg/bytedeco/llvm/LLVM/LLVMValueRef;+0
j  myVisitor.visitExp(LSysYParser$ExpContext;)Lorg/bytedeco/llvm/LLVM/LLVMValueRef;+433
j  myVisitor.visitExp(LSysYParser$ExpContext;)Ljava/lang/Object;+2
j  SysYParser$ExpContext.accept(Lorg/antlr/v4/runtime/tree/ParseTreeVisitor;)Ljava/lang/Object;+12
j  org.antlr.v4.runtime.tree.AbstractParseTreeVisitor.visitChildren(Lorg/antlr/v4/runtime/tree/RuleNode;)Ljava/lang/Object;+46
j  SysYParserBaseVisitor.visitInitVal(LSysYParser$InitValContext;)Ljava/lang/Object;+2
j  SysYParser$InitValContext.accept(Lorg/antlr/v4/runtime/tree/ParseTreeVisitor;)Ljava/lang/Object;+12
j  org.antlr.v4.runtime.tree.AbstractParseTreeVisitor.visitChildren(Lorg/antlr/v4/runtime/tree/RuleNode;)Ljava/lang/Object;+46
j  SysYParserBaseVisitor.visitVarDef(LSysYParser$VarDefContext;)Ljava/lang/Object;+2
j  myVisitor.visitVarDef(LSysYParser$VarDefContext;)Lorg/bytedeco/llvm/LLVM/LLVMValueRef;+2
j  myVisitor.visitVarDef(LSysYParser$VarDefContext;)Ljava/lang/Object;+2
j  SysYParser$VarDefContext.accept(Lorg/antlr/v4/runtime/tree/ParseTreeVisitor;)Ljava/lang/Object;+12
j  org.antlr.v4.runtime.tree.AbstractParseTreeVisitor.visitChildren(Lorg/antlr/v4/runtime/tree/RuleNode;)Ljava/lang/Object;+46
j  SysYParserBaseVisitor.visitVarDecl(LSysYParser$VarDeclContext;)Ljava/lang/Object;+2
j  SysYParser$VarDeclContext.accept(Lorg/antlr/v4/runtime/tree/ParseTreeVisitor;)Ljava/lang/Object;+12
j  org.antlr.v4.runtime.tree.AbstractParseTreeVisitor.visitChildren(Lorg/antlr/v4/runtime/tree/RuleNode;)Ljava/lang/Object;+46
j  SysYParserBaseVisitor.visitDecl(LSysYParser$DeclContext;)Ljava/lang/Object;+2
j  SysYParser$DeclContext.accept(Lorg/antlr/v4/runtime/tree/ParseTreeVisitor;)Ljava/lang/Object;+12
j  org.antlr.v4.runtime.tree.AbstractParseTreeVisitor.visitChildren(Lorg/antlr/v4/runtime/tree/RuleNode;)Ljava/lang/Object;+46
j  SysYParserBaseVisitor.visitBlockItem(LSysYParser$BlockItemContext;)Ljava/lang/Object;+2
j  SysYParser$BlockItemContext.accept(Lorg/antlr/v4/runtime/tree/ParseTreeVisitor;)Ljava/lang/Object;+12
j  org.antlr.v4.runtime.tree.AbstractParseTreeVisitor.visitChildren(Lorg/antlr/v4/runtime/tree/RuleNode;)Ljava/lang/Object;+46
j  myVisitor.visitBlock(LSysYParser$BlockContext;)Lorg/bytedeco/llvm/LLVM/LLVMValueRef;+9
j  myVisitor.visitBlock(LSysYParser$BlockContext;)Ljava/lang/Object;+2
j  SysYParser$BlockContext.accept(Lorg/antlr/v4/runtime/tree/ParseTreeVisitor;)Ljava/lang/Object;+12
j  org.antlr.v4.runtime.tree.AbstractParseTreeVisitor.visit(Lorg/antlr/v4/runtime/tree/ParseTree;)Ljava/lang/Object;+2
j  myVisitor.visitFuncDef(LSysYParser$FuncDefContext;)Lorg/bytedeco/llvm/LLVM/LLVMValueRef;+65
j  myVisitor.visitFuncDef(LSysYParser$FuncDefContext;)Ljava/lang/Object;+2
j  SysYParser$FuncDefContext.accept(Lorg/antlr/v4/runtime/tree/ParseTreeVisitor;)Ljava/lang/Object;+12
j  org.antlr.v4.runtime.tree.AbstractParseTreeVisitor.visitChildren(Lorg/antlr/v4/runtime/tree/RuleNode;)Ljava/lang/Object;+46
j  SysYParserBaseVisitor.visitCompUnit(LSysYParser$CompUnitContext;)Ljava/lang/Object;+2
j  SysYParser$CompUnitContext.accept(Lorg/antlr/v4/runtime/tree/ParseTreeVisitor;)Ljava/lang/Object;+12
j  org.antlr.v4.runtime.tree.AbstractParseTreeVisitor.visitChildren(Lorg/antlr/v4/runtime/tree/RuleNode;)Ljava/lang/Object;+46
j  SysYParserBaseVisitor.visitProgram(LSysYParser$ProgramContext;)Ljava/lang/Object;+2
j  SysYParser$ProgramContext.accept(Lorg/antlr/v4/runtime/tree/ParseTreeVisitor;)Ljava/lang/Object;+12
j  org.antlr.v4.runtime.tree.AbstractParseTreeVisitor.visit(Lorg/antlr/v4/runtime/tree/ParseTree;)Ljava/lang/Object;+2
j  Main.main([Ljava/lang/String;)V+79
v  ~StubRoutines::call_stub

siginfo: si_signo: 11 (SIGSEGV), si_code: 1 (SEGV_MAPERR), si_addr: 0x0000000000000010

Register to memory mapping:

RAX=0x00007f2b983fe820 points into unknown readable memory: 0x0000000700646461 | 61 64 64 00 07 00 00 00
RBX=0x00007f2b983ceaf0 points into unknown readable memory: 0x00007f2b983ceb00 | 00 eb 3c 98 2b 7f 00 00
RCX=0x00007f2b983fe820 points into unknown readable memory: 0x0000000700646461 | 61 64 64 00 07 00 00 00
RDX=0x0000000000000101 is an unknown value
RSP=0x00007f2b9effd770 is pointing into the stack for thread: 0x00007f2b98016800
RBP=0x00007f2b98016b48 points into unknown readable memory: 0x00007f2b9ee46b40 | 40 6b e4 9e 2b 7f 00 00
RSI=0x0 is NULL
RDI=0x0 is NULL
R8 =0x00000000c6bae510 points into unknown readable memory: 0x0000000000646461 | 61 64 64 00 00 00 00 00
R9 =0x0000000000000002 is an unknown value
R10=0x00007f2b29460568: <offset 0x0000000000060568> in /home/ubuntu/.javacpp/cache/llvm-13.0.1-1.5.7-linux-x86_64.jar/org/bytedeco/llvm/linux-x86_64/libLLVM-13.so at 0x00007f2b29400000
R11=0x00007f2b2a0292b0: LLVMBuildAdd+0x0000000000000000 in /home/ubuntu/.javacpp/cache/llvm-13.0.1-1.5.7-linux-x86_64.jar/org/bytedeco/llvm/linux-x86_64/libLLVM-13.so at 0x00007f2b29400000
R12=0x0 is NULL
R13=0x0 is NULL
R14=0x0 is NULL
R15=0x00007f2b983ceaf0 points into unknown readable memory: 0x00007f2b983ceb00 | 00 eb 3c 98 2b 7f 00 00


Registers:
RAX=0x00007f2b983fe820, RBX=0x00007f2b983ceaf0, RCX=0x00007f2b983fe820, RDX=0x0000000000000101
RSP=0x00007f2b9effd770, RBP=0x00007f2b98016b48, RSI=0x0000000000000000, RDI=0x0000000000000000
R8 =0x00000000c6bae510, R9 =0x0000000000000002, R10=0x00007f2b29460568, R11=0x00007f2b2a0292b0
R12=0x0000000000000000, R13=0x0000000000000000, R14=0x0000000000000000, R15=0x00007f2b983ceaf0
RIP=0x00007f2b2a0292d9, EFLAGS=0x0000000000010202, CSGSFS=0x002b000000000033, ERR=0x0000000000000004
  TRAPNO=0x000000000000000e

Top of Stack: (sp=0x00007f2b9effd770)
0x00007f2b9effd770:   00007f2b983fe820 00007f2b981269f0
0x00007f2b9effd780:   0000000000000004 0000000000000003
0x00007f2b9effd790:   00007f2b983f0103 00007f2b981269f0
0x00007f2b9effd7a0:   0000000000000000 00007f2b983ceaf0 

Instructions: (pc=0x00007f2b2a0292d9)
0x00007f2b2a0291d9:   84 00 00 00 00 00 90 48 83 7f e0 00 74 14 48 8b
0x00007f2b2a0291e9:   47 e8 48 8b 57 f0 48 89 02 48 85 c0 74 04 48 89
0x00007f2b2a0291f9:   50 10 48 89 77 e0 48 85 f6 74 25 48 8b 46 08 48
0x00007f2b2a029209:   8d 56 08 48 89 47 e8 48 85 c0 74 08 48 8d 4f e8
0x00007f2b2a029219:   48 89 48 10 48 89 57 f0 48 83 ef 20 48 89 7e 08
0x00007f2b2a029229:   c3 66 0f 1f 44 00 00 8b 47 14 89 f6 25 ff ff ff
0x00007f2b2a029239:   07 48 29 c6 48 c1 e6 05 48 8b 04 37 c3 66 2e 0f
0x00007f2b2a029249:   1f 84 00 00 00 00 00 48 89 f8 89 f7 8b 48 14 81
0x00007f2b2a029259:   e1 ff ff ff 07 48 29 cf 48 c1 e7 05 48 01 c7 48
0x00007f2b2a029269:   83 3f 00 74 14 48 8b 47 08 48 8b 4f 10 48 89 01
0x00007f2b2a029279:   48 85 c0 74 04 48 89 48 10 48 89 17 48 85 d2 74
0x00007f2b2a029289:   21 48 8b 42 08 48 8d 4a 08 48 89 47 08 48 85 c0
0x00007f2b2a029299:   74 08 48 8d 77 08 48 89 70 10 48 89 4f 10 48 89
0x00007f2b2a0292a9:   7a 08 c3 0f 1f 40 00 41 54 55 53 48 89 fb 48 89
0x00007f2b2a0292b9:   f7 48 89 d6 ba 01 01 00 00 48 83 ec 60 80 39 00
0x00007f2b2a0292c9:   66 89 54 24 20 74 09 48 89 0c 24 c6 44 24 20 03
0x00007f2b2a0292d9:   80 7f 10 12 0f 87 95 00 00 00 80 7e 10 12 0f 87
0x00007f2b2a0292e9:   8b 00 00 00 4c 8b 4b 48 48 8d 15 18 19 fa ff 49
0x00007f2b2a0292f9:   8b 01 48 8b 40 10 48 39 d0 0f 85 f0 00 00 00 31
0x00007f2b2a029309:   c9 31 d2 e8 7f 13 ff ff 49 89 c4 41 80 7c 24 10
0x00007f2b2a029319:   19 76 4b 48 8b 7b 50 48 8b 4b 30 48 89 e2 4c 89
0x00007f2b2a029329:   e6 4c 8b 43 38 48 8b 07 ff 50 10 8b 6b 08 48 8b
0x00007f2b2a029339:   03 48 c1 e5 04 48 01 c5 48 39 e8 74 21 48 89 c3
0x00007f2b2a029349:   0f 1f 80 00 00 00 00 48 8b 53 08 8b 33 4c 89 e7
0x00007f2b2a029359:   48 83 c3 10 e8 de 4a 0e 00 48 39 dd 75 e9 48 83
0x00007f2b2a029369:   c4 60 4c 89 e0 5b 5d 41 5c c3 0f 1f 44 00 00 48
0x00007f2b2a029379:   89 f2 b8 01 01 00 00 48 89 fe 45 31 c0 48 8d 4c
0x00007f2b2a029389:   24 30 bf 0d 00 00 00 66 89 44 24 50 e8 76 cf 09
0x00007f2b2a029399:   00 48 8b 7b 50 48 89 e2 48 8b 4b 30 49 89 c4 4c
0x00007f2b2a0293a9:   8b 43 38 48 8b 07 4c 89 e6 ff 50 10 8b 6b 08 48
0x00007f2b2a0293b9:   8b 13 48 c1 e5 04 48 01 d5 48 39 ea 74 a0 48 89
0x00007f2b2a0293c9:   d3 66 0f 1f 44 00 00 48 8b 53 08 8b 33 4c 89 e7 


Stack slot to memory mapping:
stack at sp + 0 slots: 0x00007f2b983fe820 points into unknown readable memory: 0x0000000700646461 | 61 64 64 00 07 00 00 00
stack at sp + 1 slots: 0x00007f2b981269f0 points into unknown readable memory: 0x00000000c6bae500 | 00 e5 ba c6 00 00 00 00
stack at sp + 2 slots: 0x0000000000000004 is an unknown value
stack at sp + 3 slots: 0x0000000000000003 is an unknown value
stack at sp + 4 slots: 0x00007f2b983f0103 points into unknown readable memory: 00 00 00 00 00
stack at sp + 5 slots: 0x00007f2b981269f0 points into unknown readable memory: 0x00000000c6bae500 | 00 e5 ba c6 00 00 00 00
stack at sp + 6 slots: 0x0 is NULL
stack at sp + 7 slots: 0x00007f2b983ceaf0 points into unknown readable memory: 0x00007f2b983ceb00 | 00 eb 3c 98 2b 7f 00 00


---------------  P R O C E S S  ---------------

Threads class SMR info:
_java_thread_list=0x00007f2b98257f50, length=12, elements={
0x00007f2b98016800, 0x00007f2b98128000, 0x00007f2b9812a000, 0x00007f2b9812f800,
0x00007f2b98131800, 0x00007f2b98134000, 0x00007f2b98136000, 0x00007f2b98138000,
0x00007f2b98166000, 0x00007f2b4c0a7000, 0x00007f2b9823c000, 0x00007f2b98257000
}

Java Threads: ( => current thread )
=>0x00007f2b98016800 JavaThread "main" [_thread_in_native, id=28965, stack(0x00007f2b9ef00000,0x00007f2b9f000000)]
  0x00007f2b98128000 JavaThread "Reference Handler" daemon [_thread_blocked, id=28972, stack(0x00007f2b9c1da000,0x00007f2b9c2da000)]
  0x00007f2b9812a000 JavaThread "Finalizer" daemon [_thread_blocked, id=28973, stack(0x00007f2b9c0da000,0x00007f2b9c1da000)]
  0x00007f2b9812f800 JavaThread "Signal Dispatcher" daemon [_thread_blocked, id=28974, stack(0x00007f2b97f00000,0x00007f2b98000000)]
  0x00007f2b98131800 JavaThread "Service Thread" daemon [_thread_blocked, id=28975, stack(0x00007f2b80500000,0x00007f2b80600000)]
  0x00007f2b98134000 JavaThread "C2 CompilerThread0" daemon [_thread_blocked, id=28976, stack(0x00007f2b80400000,0x00007f2b80500000)]
  0x00007f2b98136000 JavaThread "C1 CompilerThread0" daemon [_thread_blocked, id=28977, stack(0x00007f2b80300000,0x00007f2b80400000)]
  0x00007f2b98138000 JavaThread "Sweeper thread" daemon [_thread_blocked, id=28978, stack(0x00007f2b80200000,0x00007f2b80300000)]
  0x00007f2b98166000 JavaThread "Common-Cleaner" daemon [_thread_blocked, id=28979, stack(0x00007f2b80100000,0x00007f2b80200000)]
  0x00007f2b4c0a7000 JavaThread "C2 CompilerThread1" daemon [_thread_blocked, id=28980, stack(0x00007f2b80000000,0x00007f2b80100000)]
  0x00007f2b9823c000 JavaThread "Monitor Ctrl-Break" daemon [_thread_in_native, id=28981, stack(0x00007f2b780c0000,0x00007f2b781c0000)]
  0x00007f2b98257000 JavaThread "JavaCPP Deallocator" daemon [_thread_blocked, id=28983, stack(0x00007f2b6ad00000,0x00007f2b6ae00000)]

Other Threads:
  0x00007f2b98125800 VMThread "VM Thread" [stack: 0x00007f2b9c2db000,0x00007f2b9c3db000] [id=28971]
  0x00007f2b9823e800 WatcherThread [stack: 0x00007f2b6b700000,0x00007f2b6b800000] [id=28982]
  0x00007f2b9802f800 GCTaskThread "GC Thread#0" [stack: 0x00007f2b9d615000,0x00007f2b9d715000] [id=28966]
  0x00007f2b9804a800 ConcurrentGCThread "G1 Main Marker" [stack: 0x00007f2b9cb64000,0x00007f2b9cc64000] [id=28967]
  0x00007f2b9804c800 ConcurrentGCThread "G1 Conc#0" [stack: 0x00007f2b9ca63000,0x00007f2b9cb63000] [id=28968]
  0x00007f2b98090000 ConcurrentGCThread "G1 Refine#0" [stack: 0x00007f2b9c55e000,0x00007f2b9c65e000] [id=28969]
  0x00007f2b98092000 ConcurrentGCThread "G1 Young RemSet Sampling" [stack: 0x00007f2b9c45d000,0x00007f2b9c55d000] [id=28970]

Threads with active compile tasks:

VM state:not at safepoint (normal execution)

VM Mutex/Monitor currently owned by a thread: None

Heap address: 0x00000000c3800000, size: 968 MB, Compressed Oops mode: 32-bit
Narrow klass base: 0x0000000800000000, Narrow klass shift: 3
Compressed class space size: 1073741824 Address: 0x0000000840000000

Heap:
 garbage-first heap   total 65536K, used 10960K [0x00000000c3800000, 0x0000000100000000)
  region size 1024K, 11 young (11264K), 0 survivors (0K)
 Metaspace       used 3900K, capacity 6550K, committed 6656K, reserved 1056768K
  class space    used 431K, capacity 695K, committed 768K, reserved 1048576K
Heap Regions: E=young(eden), S=young(survivor), O=old, HS=humongous(starts), HC=humongous(continues), CS=collection set, F=free, A=archive, TAMS=top-at-mark-start (previous, next)
|   0|0x00000000c3800000, 0x00000000c3800000, 0x00000000c3900000|  0%| F|  |TAMS 0x00000000c3800000, 0x00000000c3800000| Untracked 
|   1|0x00000000c3900000, 0x00000000c3900000, 0x00000000c3a00000|  0%| F|  |TAMS 0x00000000c3900000, 0x00000000c3900000| Untracked 
|   2|0x00000000c3a00000, 0x00000000c3a00000, 0x00000000c3b00000|  0%| F|  |TAMS 0x00000000c3a00000, 0x00000000c3a00000| Untracked 
|   3|0x00000000c3b00000, 0x00000000c3b00000, 0x00000000c3c00000|  0%| F|  |TAMS 0x00000000c3b00000, 0x00000000c3b00000| Untracked 
|   4|0x00000000c3c00000, 0x00000000c3c00000, 0x00000000c3d00000|  0%| F|  |TAMS 0x00000000c3c00000, 0x00000000c3c00000| Untracked 
|   5|0x00000000c3d00000, 0x00000000c3d00000, 0x00000000c3e00000|  0%| F|  |TAMS 0x00000000c3d00000, 0x00000000c3d00000| Untracked 
|   6|0x00000000c3e00000, 0x00000000c3e00000, 0x00000000c3f00000|  0%| F|  |TAMS 0x00000000c3e00000, 0x00000000c3e00000| Untracked 
|   7|0x00000000c3f00000, 0x00000000c3f00000, 0x00000000c4000000|  0%| F|  |TAMS 0x00000000c3f00000, 0x00000000c3f00000| Untracked 
|   8|0x00000000c4000000, 0x00000000c4000000, 0x00000000c4100000|  0%| F|  |TAMS 0x00000000c4000000, 0x00000000c4000000| Untracked 
|   9|0x00000000c4100000, 0x00000000c4100000, 0x00000000c4200000|  0%| F|  |TAMS 0x00000000c4100000, 0x00000000c4100000| Untracked 
|  10|0x00000000c4200000, 0x00000000c4200000, 0x00000000c4300000|  0%| F|  |TAMS 0x00000000c4200000, 0x00000000c4200000| Untracked 
|  11|0x00000000c4300000, 0x00000000c4300000, 0x00000000c4400000|  0%| F|  |TAMS 0x00000000c4300000, 0x00000000c4300000| Untracked 
|  12|0x00000000c4400000, 0x00000000c4400000, 0x00000000c4500000|  0%| F|  |TAMS 0x00000000c4400000, 0x00000000c4400000| Untracked 
|  13|0x00000000c4500000, 0x00000000c4500000, 0x00000000c4600000|  0%| F|  |TAMS 0x00000000c4500000, 0x00000000c4500000| Untracked 
|  14|0x00000000c4600000, 0x00000000c4600000, 0x00000000c4700000|  0%| F|  |TAMS 0x00000000c4600000, 0x00000000c4600000| Untracked 
|  15|0x00000000c4700000, 0x00000000c4700000, 0x00000000c4800000|  0%| F|  |TAMS 0x00000000c4700000, 0x00000000c4700000| Untracked 
|  16|0x00000000c4800000, 0x00000000c4800000, 0x00000000c4900000|  0%| F|  |TAMS 0x00000000c4800000, 0x00000000c4800000| Untracked 
|  17|0x00000000c4900000, 0x00000000c4900000, 0x00000000c4a00000|  0%| F|  |TAMS 0x00000000c4900000, 0x00000000c4900000| Untracked 
|  18|0x00000000c4a00000, 0x00000000c4a00000, 0x00000000c4b00000|  0%| F|  |TAMS 0x00000000c4a00000, 0x00000000c4a00000| Untracked 
|  19|0x00000000c4b00000, 0x00000000c4b00000, 0x00000000c4c00000|  0%| F|  |TAMS 0x00000000c4b00000, 0x00000000c4b00000| Untracked 
|  20|0x00000000c4c00000, 0x00000000c4c00000, 0x00000000c4d00000|  0%| F|  |TAMS 0x00000000c4c00000, 0x00000000c4c00000| Untracked 
|  21|0x00000000c4d00000, 0x00000000c4d00000, 0x00000000c4e00000|  0%| F|  |TAMS 0x00000000c4d00000, 0x00000000c4d00000| Untracked 
|  22|0x00000000c4e00000, 0x00000000c4e00000, 0x00000000c4f00000|  0%| F|  |TAMS 0x00000000c4e00000, 0x00000000c4e00000| Untracked 
|  23|0x00000000c4f00000, 0x00000000c4f00000, 0x00000000c5000000|  0%| F|  |TAMS 0x00000000c4f00000, 0x00000000c4f00000| Untracked 
|  24|0x00000000c5000000, 0x00000000c5000000, 0x00000000c5100000|  0%| F|  |TAMS 0x00000000c5000000, 0x00000000c5000000| Untracked 
|  25|0x00000000c5100000, 0x00000000c5100000, 0x00000000c5200000|  0%| F|  |TAMS 0x00000000c5100000, 0x00000000c5100000| Untracked 
|  26|0x00000000c5200000, 0x00000000c5200000, 0x00000000c5300000|  0%| F|  |TAMS 0x00000000c5200000, 0x00000000c5200000| Untracked 
|  27|0x00000000c5300000, 0x00000000c5300000, 0x00000000c5400000|  0%| F|  |TAMS 0x00000000c5300000, 0x00000000c5300000| Untracked 
|  28|0x00000000c5400000, 0x00000000c5400000, 0x00000000c5500000|  0%| F|  |TAMS 0x00000000c5400000, 0x00000000c5400000| Untracked 
|  29|0x00000000c5500000, 0x00000000c5500000, 0x00000000c5600000|  0%| F|  |TAMS 0x00000000c5500000, 0x00000000c5500000| Untracked 
|  30|0x00000000c5600000, 0x00000000c5600000, 0x00000000c5700000|  0%| F|  |TAMS 0x00000000c5600000, 0x00000000c5600000| Untracked 
|  31|0x00000000c5700000, 0x00000000c5700000, 0x00000000c5800000|  0%| F|  |TAMS 0x00000000c5700000, 0x00000000c5700000| Untracked 
|  32|0x00000000c5800000, 0x00000000c5800000, 0x00000000c5900000|  0%| F|  |TAMS 0x00000000c5800000, 0x00000000c5800000| Untracked 
|  33|0x00000000c5900000, 0x00000000c5900000, 0x00000000c5a00000|  0%| F|  |TAMS 0x00000000c5900000, 0x00000000c5900000| Untracked 
|  34|0x00000000c5a00000, 0x00000000c5a00000, 0x00000000c5b00000|  0%| F|  |TAMS 0x00000000c5a00000, 0x00000000c5a00000| Untracked 
|  35|0x00000000c5b00000, 0x00000000c5b00000, 0x00000000c5c00000|  0%| F|  |TAMS 0x00000000c5b00000, 0x00000000c5b00000| Untracked 
|  36|0x00000000c5c00000, 0x00000000c5c00000, 0x00000000c5d00000|  0%| F|  |TAMS 0x00000000c5c00000, 0x00000000c5c00000| Untracked 
|  37|0x00000000c5d00000, 0x00000000c5d00000, 0x00000000c5e00000|  0%| F|  |TAMS 0x00000000c5d00000, 0x00000000c5d00000| Untracked 
|  38|0x00000000c5e00000, 0x00000000c5e00000, 0x00000000c5f00000|  0%| F|  |TAMS 0x00000000c5e00000, 0x00000000c5e00000| Untracked 
|  39|0x00000000c5f00000, 0x00000000c5f00000, 0x00000000c6000000|  0%| F|  |TAMS 0x00000000c5f00000, 0x00000000c5f00000| Untracked 
|  40|0x00000000c6000000, 0x00000000c6000000, 0x00000000c6100000|  0%| F|  |TAMS 0x00000000c6000000, 0x00000000c6000000| Untracked 
|  41|0x00000000c6100000, 0x00000000c6100000, 0x00000000c6200000|  0%| F|  |TAMS 0x00000000c6100000, 0x00000000c6100000| Untracked 
|  42|0x00000000c6200000, 0x00000000c6200000, 0x00000000c6300000|  0%| F|  |TAMS 0x00000000c6200000, 0x00000000c6200000| Untracked 
|  43|0x00000000c6300000, 0x00000000c6300000, 0x00000000c6400000|  0%| F|  |TAMS 0x00000000c6300000, 0x00000000c6300000| Untracked 
|  44|0x00000000c6400000, 0x00000000c6400000, 0x00000000c6500000|  0%| F|  |TAMS 0x00000000c6400000, 0x00000000c6400000| Untracked 
|  45|0x00000000c6500000, 0x00000000c6500000, 0x00000000c6600000|  0%| F|  |TAMS 0x00000000c6500000, 0x00000000c6500000| Untracked 
|  46|0x00000000c6600000, 0x00000000c6600000, 0x00000000c6700000|  0%| F|  |TAMS 0x00000000c6600000, 0x00000000c6600000| Untracked 
|  47|0x00000000c6700000, 0x00000000c6700000, 0x00000000c6800000|  0%| F|  |TAMS 0x00000000c6700000, 0x00000000c6700000| Untracked 
|  48|0x00000000c6800000, 0x00000000c6800000, 0x00000000c6900000|  0%| F|  |TAMS 0x00000000c6800000, 0x00000000c6800000| Untracked 
|  49|0x00000000c6900000, 0x00000000c6900000, 0x00000000c6a00000|  0%| F|  |TAMS 0x00000000c6900000, 0x00000000c6900000| Untracked 
|  50|0x00000000c6a00000, 0x00000000c6a00000, 0x00000000c6b00000|  0%| F|  |TAMS 0x00000000c6a00000, 0x00000000c6a00000| Untracked 
|  51|0x00000000c6b00000, 0x00000000c6bd7910, 0x00000000c6c00000| 84%| E|  |TAMS 0x00000000c6b00000, 0x00000000c6b00000| Complete 
|  52|0x00000000c6c00000, 0x00000000c6d00000, 0x00000000c6d00000|100%| E|CS|TAMS 0x00000000c6c00000, 0x00000000c6c00000| Complete 
|  53|0x00000000c6d00000, 0x00000000c6e00000, 0x00000000c6e00000|100%| E|CS|TAMS 0x00000000c6d00000, 0x00000000c6d00000| Complete 
|  54|0x00000000c6e00000, 0x00000000c6f00000, 0x00000000c6f00000|100%| E|CS|TAMS 0x00000000c6e00000, 0x00000000c6e00000| Complete 
|  55|0x00000000c6f00000, 0x00000000c7000000, 0x00000000c7000000|100%| E|CS|TAMS 0x00000000c6f00000, 0x00000000c6f00000| Complete 
|  56|0x00000000c7000000, 0x00000000c7100000, 0x00000000c7100000|100%| E|CS|TAMS 0x00000000c7000000, 0x00000000c7000000| Complete 
|  57|0x00000000c7100000, 0x00000000c7200000, 0x00000000c7200000|100%| E|CS|TAMS 0x00000000c7100000, 0x00000000c7100000| Complete 
|  58|0x00000000c7200000, 0x00000000c7300000, 0x00000000c7300000|100%| E|CS|TAMS 0x00000000c7200000, 0x00000000c7200000| Complete 
|  59|0x00000000c7300000, 0x00000000c7400000, 0x00000000c7400000|100%| E|CS|TAMS 0x00000000c7300000, 0x00000000c7300000| Complete 
|  60|0x00000000c7400000, 0x00000000c7500000, 0x00000000c7500000|100%| E|CS|TAMS 0x00000000c7400000, 0x00000000c7400000| Complete 
|  61|0x00000000c7500000, 0x00000000c7600000, 0x00000000c7600000|100%| E|CS|TAMS 0x00000000c7500000, 0x00000000c7500000| Complete 
| 966|0x00000000ffe00000, 0x00000000ffe48000, 0x00000000fff00000| 28%|OA|  |TAMS 0x00000000ffe00000, 0x00000000ffe00000| Untracked 
| 967|0x00000000fff00000, 0x00000000fff6c000, 0x0000000100000000| 42%|CA|  |TAMS 0x00000000fff00000, 0x00000000fff00000| Untracked 

Card table byte_map: [0x00007f2b9ce48000,0x00007f2b9d02c000] _byte_map_base: 0x00007f2b9c82c000

Marking Bits (Prev, Next): (CMBitMap*) 0x00007f2b98045c68, (CMBitMap*) 0x00007f2b98045ca0
 Prev Bits: [0x00007f2b7b0e0000, 0x00007f2b7c000000)
 Next Bits: [0x00007f2b7a1c0000, 0x00007f2b7b0e0000)

Polling page: 0x00007f2b9f242000

Metaspace:

Usage:
  Non-class:      5.72 MB capacity,     3.39 MB ( 59%) used,     2.32 MB ( 41%) free+waste,     6.88 KB ( <1%) overhead. 
      Class:    695.00 KB capacity,   431.72 KB ( 62%) used,   259.53 KB ( 37%) free+waste,     3.75 KB ( <1%) overhead. 
       Both:      6.40 MB capacity,     3.81 MB ( 60%) used,     2.58 MB ( 40%) free+waste,    10.62 KB ( <1%) overhead. 

Virtual space:
  Non-class space:        8.00 MB reserved,       5.75 MB ( 72%) committed 
      Class space:        1.00 GB reserved,     768.00 KB ( <1%) committed 
             Both:        1.01 GB reserved,       6.50 MB ( <1%) committed 

Chunk freelists:
   Non-Class:  33.00 KB
       Class:  9.00 KB
        Both:  42.00 KB

MaxMetaspaceSize: unlimited
CompressedClassSpaceSize: 1.00 GB
Initial GC threshold: 20.80 MB
Current GC threshold: 20.80 MB
CDS: on

CodeHeap 'non-profiled nmethods': size=120032Kb used=232Kb max_used=232Kb free=119799Kb
 bounds [0x00007f2b880c8000, 0x00007f2b88338000, 0x00007f2b8f600000]
CodeHeap 'profiled nmethods': size=120032Kb used=1188Kb max_used=1188Kb free=118843Kb
 bounds [0x00007f2b80b90000, 0x00007f2b80e00000, 0x00007f2b880c8000]
CodeHeap 'non-nmethods': size=5696Kb used=1148Kb max_used=1161Kb free=4547Kb
 bounds [0x00007f2b80600000, 0x00007f2b80870000, 0x00007f2b80b90000]
 total_blobs=1126 nmethods=717 adapters=323
 compilation: enabled
              stopped_count=0, restarted_count=0
 full_count=0

Compilation events (20 events):
Event: 0.574 Thread 0x00007f2b98136000 nmethod 688 0x00007f2b88100290 code [0x00007f2b88100440, 0x00007f2b88100510]
Event: 0.574 Thread 0x00007f2b98136000  695       3       java.lang.invoke.MemberName::isStatic (8 bytes)
Event: 0.574 Thread 0x00007f2b98136000 nmethod 695 0x00007f2b80ca8b10 code [0x00007f2b80ca8cc0, 0x00007f2b80ca8e90]
Event: 0.574 Thread 0x00007f2b98136000  696       3       java.lang.invoke.LambdaForm$Name::<init> (54 bytes)
Event: 0.574 Thread 0x00007f2b98136000 nmethod 696 0x00007f2b80ca8f90 code [0x00007f2b80ca9160, 0x00007f2b80ca9430]
Event: 0.575 Thread 0x00007f2b98136000  698       3       java.lang.invoke.LambdaForm$NamedFunction::methodType (23 bytes)
Event: 0.575 Thread 0x00007f2b98136000 nmethod 698 0x00007f2b80ca9510 code [0x00007f2b80ca96e0, 0x00007f2b80ca9920]
Event: 0.575 Thread 0x00007f2b98136000  699       3       jdk.internal.org.objectweb.asm.ClassWriter::newClass (11 bytes)
Event: 0.575 Thread 0x00007f2b98136000 nmethod 699 0x00007f2b80ca9a10 code [0x00007f2b80ca9bc0, 0x00007f2b80ca9d20]
Event: 0.575 Thread 0x00007f2b98136000  700   !   3       java.lang.invoke.MemberName::clone (14 bytes)
Event: 0.575 Thread 0x00007f2b98136000 nmethod 700 0x00007f2b80ca9e10 code [0x00007f2b80caa000, 0x00007f2b80caa390]
Event: 0.575 Thread 0x00007f2b98136000  701       1       java.lang.invoke.MethodTypeForm::basicType (5 bytes)
Event: 0.576 Thread 0x00007f2b98136000 nmethod 701 0x00007f2b88100890 code [0x00007f2b88100a40, 0x00007f2b88100b10]
Event: 0.576 Thread 0x00007f2b98136000  702       3       java.lang.Byte::<init> (10 bytes)
Event: 0.577 Thread 0x00007f2b98136000 nmethod 702 0x00007f2b80caa510 code [0x00007f2b80caa6c0, 0x00007f2b80caa890]
Event: 0.577 Thread 0x00007f2b98136000  703       3       java.lang.invoke.MemberName::flagsMods (72 bytes)
Event: 0.577 Thread 0x00007f2b98136000 nmethod 703 0x00007f2b80caa990 code [0x00007f2b80caab40, 0x00007f2b80caac50]
Event: 0.577 Thread 0x00007f2b98136000  704       3       java.lang.invoke.MemberName::init (66 bytes)
Event: 0.577 Thread 0x00007f2b98136000 nmethod 704 0x00007f2b80caad10 code [0x00007f2b80caaec0, 0x00007f2b80cab110]
Event: 0.577 Thread 0x00007f2b98136000  708       3       jdk.internal.org.objectweb.asm.Frame::execute (2264 bytes)

GC Heap History (0 events):
No events

Deoptimization events (20 events):
Event: 0.353 Thread 0x00007f2b98016800 DEOPT PACKING pc=0x00007f2b880d7f88 sp=0x00007f2b9effe2b0
Event: 0.353 Thread 0x00007f2b98016800 DEOPT UNPACKING pc=0x00007f2b80649ea5 sp=0x00007f2b9effe260 mode 2
Event: 0.397 Thread 0x00007f2b98016800 Uncommon trap: trap_request=0xffffff76 fr.pc=0x00007f2b880ea66c relative=0x00000000000003ac
Event: 0.397 Thread 0x00007f2b98016800 Uncommon trap: reason=loop_limit_check action=maybe_recompile pc=0x00007f2b880ea66c method=java.lang.StringLatin1.indexOf([BI[BII)I @ 37 c2
Event: 0.397 Thread 0x00007f2b98016800 DEOPT PACKING pc=0x00007f2b880ea66c sp=0x00007f2b9effbc80
Event: 0.397 Thread 0x00007f2b98016800 DEOPT UNPACKING pc=0x00007f2b80649ea5 sp=0x00007f2b9effbc28 mode 2
Event: 0.406 Thread 0x00007f2b98016800 DEOPT PACKING pc=0x00007f2b80bec724 sp=0x00007f2b9effd970
Event: 0.406 Thread 0x00007f2b98016800 DEOPT UNPACKING pc=0x00007f2b8064a64a sp=0x00007f2b9effce00 mode 0
Event: 0.432 Thread 0x00007f2b98016800 Uncommon trap: trap_request=0xffffffc6 fr.pc=0x00007f2b880e03dc relative=0x000000000000037c
Event: 0.432 Thread 0x00007f2b98016800 Uncommon trap: reason=bimorphic_or_optimized_type_check action=maybe_recompile pc=0x00007f2b880e03dc method=java.util.HashMap.getNode(ILjava/lang/Object;)Ljava/util/HashMap$Node; @ 126 c2
Event: 0.432 Thread 0x00007f2b98016800 DEOPT PACKING pc=0x00007f2b880e03dc sp=0x00007f2b9effe0e0
Event: 0.432 Thread 0x00007f2b98016800 DEOPT UNPACKING pc=0x00007f2b80649ea5 sp=0x00007f2b9effe078 mode 2
Event: 0.517 Thread 0x00007f2b98016800 DEOPT PACKING pc=0x00007f2b80beb4c2 sp=0x00007f2b9effcff0
Event: 0.517 Thread 0x00007f2b98016800 DEOPT UNPACKING pc=0x00007f2b8064a64a sp=0x00007f2b9effc478 mode 0
Event: 0.520 Thread 0x00007f2b98016800 DEOPT PACKING pc=0x00007f2b80bbf24f sp=0x00007f2b9effcf70
Event: 0.520 Thread 0x00007f2b98016800 DEOPT UNPACKING pc=0x00007f2b8064a64a sp=0x00007f2b9effc418 mode 0
Event: 0.523 Thread 0x00007f2b98016800 DEOPT PACKING pc=0x00007f2b80bbf24f sp=0x00007f2b9effcfa0
Event: 0.523 Thread 0x00007f2b98016800 DEOPT UNPACKING pc=0x00007f2b8064a64a sp=0x00007f2b9effc448 mode 0
Event: 0.524 Thread 0x00007f2b98016800 DEOPT PACKING pc=0x00007f2b80bbf24f sp=0x00007f2b9effcfa0
Event: 0.524 Thread 0x00007f2b98016800 DEOPT UNPACKING pc=0x00007f2b8064a64a sp=0x00007f2b9effc448 mode 0

Classes redefined (0 events):
No events

Internal exceptions (20 events):
Event: 0.185 Thread 0x00007f2b98016800 Exception <a 'java/security/PrivilegedActionException'{0x00000000c74bc638}> (0x00000000c74bc638) thrown at [./src/hotspot/share/prims/jvm.cpp, line 1304]
Event: 0.185 Thread 0x00007f2b98016800 Exception <a 'java/security/PrivilegedActionException'{0x00000000c74bc908}> (0x00000000c74bc908) thrown at [./src/hotspot/share/prims/jvm.cpp, line 1304]
Event: 0.185 Thread 0x00007f2b98016800 Exception <a 'java/security/PrivilegedActionException'{0x00000000c74bd278}> (0x00000000c74bd278) thrown at [./src/hotspot/share/prims/jvm.cpp, line 1304]
Event: 0.185 Thread 0x00007f2b98016800 Exception <a 'java/security/PrivilegedActionException'{0x00000000c74bd548}> (0x00000000c74bd548) thrown at [./src/hotspot/share/prims/jvm.cpp, line 1304]
Event: 0.185 Thread 0x00007f2b98016800 Exception <a 'java/security/PrivilegedActionException'{0x00000000c74bdeb8}> (0x00000000c74bdeb8) thrown at [./src/hotspot/share/prims/jvm.cpp, line 1304]
Event: 0.185 Thread 0x00007f2b98016800 Exception <a 'java/security/PrivilegedActionException'{0x00000000c74be188}> (0x00000000c74be188) thrown at [./src/hotspot/share/prims/jvm.cpp, line 1304]
Event: 0.185 Thread 0x00007f2b98016800 Exception <a 'java/security/PrivilegedActionException'{0x00000000c74beb10}> (0x00000000c74beb10) thrown at [./src/hotspot/share/prims/jvm.cpp, line 1304]
Event: 0.185 Thread 0x00007f2b98016800 Exception <a 'java/security/PrivilegedActionException'{0x00000000c74bede0}> (0x00000000c74bede0) thrown at [./src/hotspot/share/prims/jvm.cpp, line 1304]
Event: 0.185 Thread 0x00007f2b98016800 Exception <a 'java/security/PrivilegedActionException'{0x00000000c74bf768}> (0x00000000c74bf768) thrown at [./src/hotspot/share/prims/jvm.cpp, line 1304]
Event: 0.185 Thread 0x00007f2b98016800 Exception <a 'java/security/PrivilegedActionException'{0x00000000c74bfa38}> (0x00000000c74bfa38) thrown at [./src/hotspot/share/prims/jvm.cpp, line 1304]
Event: 0.186 Thread 0x00007f2b98016800 Exception <a 'java/security/PrivilegedActionException'{0x00000000c74c03c0}> (0x00000000c74c03c0) thrown at [./src/hotspot/share/prims/jvm.cpp, line 1304]
Event: 0.186 Thread 0x00007f2b98016800 Exception <a 'java/security/PrivilegedActionException'{0x00000000c74c0690}> (0x00000000c74c0690) thrown at [./src/hotspot/share/prims/jvm.cpp, line 1304]
Event: 0.186 Thread 0x00007f2b98016800 Exception <a 'java/security/PrivilegedActionException'{0x00000000c74c1000}> (0x00000000c74c1000) thrown at [./src/hotspot/share/prims/jvm.cpp, line 1304]
Event: 0.186 Thread 0x00007f2b98016800 Exception <a 'java/security/PrivilegedActionException'{0x00000000c74c12d0}> (0x00000000c74c12d0) thrown at [./src/hotspot/share/prims/jvm.cpp, line 1304]
Event: 0.186 Thread 0x00007f2b98016800 Exception <a 'java/security/PrivilegedActionException'{0x00000000c74c1c58}> (0x00000000c74c1c58) thrown at [./src/hotspot/share/prims/jvm.cpp, line 1304]
Event: 0.186 Thread 0x00007f2b98016800 Exception <a 'java/security/PrivilegedActionException'{0x00000000c74c1f28}> (0x00000000c74c1f28) thrown at [./src/hotspot/share/prims/jvm.cpp, line 1304]
Event: 0.233 Thread 0x00007f2b98016800 Exception <a 'java/lang/NoSuchMethodError'{0x00000000c73e5a58}: 'int java.lang.invoke.DirectMethodHandle$Holder.invokeStaticInit(java.lang.Object, java.lang.Object, java.lang.Object, java.lang.Object)'> (0x00000000c73e5a58) thrown at [./src/hotspot/share/interpreter/linkResolver.cpp, line 772]
Event: 0.236 Thread 0x00007f2b98016800 Exception <a 'java/lang/IncompatibleClassChangeError'{0x00000000c73ef7d8}: Found class java.lang.Object, but interface was expected> (0x00000000c73ef7d8) thrown at [./src/hotspot/share/interpreter/linkResolver.cpp, line 839]
Event: 0.237 Thread 0x00007f2b98016800 Exception <a 'java/lang/NoSuchMethodError'{0x00000000c73f2988}: 'void java.lang.invoke.DirectMethodHandle$Holder.invokeStaticInit(java.lang.Object, java.lang.Object)'> (0x00000000c73f2988) thrown at [./src/hotspot/share/interpreter/linkResolver.cpp, line 772]
Event: 0.238 Thread 0x00007f2b98016800 Exception <a 'java/lang/NoSuchMethodError'{0x00000000c73f7df8}: 'int java.lang.invoke.DirectMethodHandle$Holder.invokeStaticInit(java.lang.Object, java.lang.Object)'> (0x00000000c73f7df8) thrown at [./src/hotspot/share/interpreter/linkResolver.cpp, line 772]

Events (20 events):
Event: 0.560 loading class SymbolTable
Event: 0.560 loading class SymbolTable done
Event: 0.564 Executing VM operation: Deoptimize
Event: 0.564 Executing VM operation: Deoptimize done
Event: 0.566 loading class java/lang/invoke/BoundMethodHandle$Species_LL
Event: 0.566 loading class java/lang/invoke/BoundMethodHandle$Species_LL done
Event: 0.568 loading class java/lang/invoke/BoundMethodHandle$Species_LLL
Event: 0.568 loading class java/lang/invoke/BoundMethodHandle$Species_LLL done
Event: 0.570 loading class java/lang/invoke/BoundMethodHandle$Species_LLLL
Event: 0.570 loading class java/lang/invoke/BoundMethodHandle$Species_LLLL done
Event: 0.572 loading class java/lang/invoke/BoundMethodHandle$Species_LLLLL
Event: 0.572 loading class java/lang/invoke/BoundMethodHandle$Species_LLLLL done
Event: 0.573 loading class java/lang/invoke/BoundMethodHandle$Species_LLLLLL
Event: 0.573 loading class java/lang/invoke/BoundMethodHandle$Species_LLLLLL done
Event: 0.576 loading class java/lang/invoke/BoundMethodHandle$Species_LLLLLLI
Event: 0.576 loading class java/lang/invoke/BoundMethodHandle$Species_LLLLLLI done
Event: 0.578 loading class java/lang/invoke/BoundMethodHandle$Species_LLLLLLII
Event: 0.578 loading class java/lang/invoke/BoundMethodHandle$Species_LLLLLLII done
Event: 0.579 loading class java/lang/invoke/BoundMethodHandle$Species_LLLLLLIIL
Event: 0.579 loading class java/lang/invoke/BoundMethodHandle$Species_LLLLLLIIL done


Dynamic libraries:
c3800000-c7600000 rw-p 00000000 00:00 0 
c7600000-ffe00000 ---p 00000000 00:00 0 
ffe00000-ffe48000 rw-p 00b14000 08:03 265562                             /usr/lib/jvm/java-11-openjdk-amd64/lib/server/classes.jsa
ffe48000-fff00000 rw-p 00000000 00:00 0 
fff00000-fff6c000 rw-p 00aa8000 08:03 265562                             /usr/lib/jvm/java-11-openjdk-amd64/lib/server/classes.jsa
fff6c000-100000000 rw-p 00000000 00:00 0 
800000000-800002000 rwxp 00001000 08:03 265562                           /usr/lib/jvm/java-11-openjdk-amd64/lib/server/classes.jsa
800002000-8003ce000 rw-p 00003000 08:03 265562                           /usr/lib/jvm/java-11-openjdk-amd64/lib/server/classes.jsa
8003ce000-800aa6000 r--p 003cf000 08:03 265562                           /usr/lib/jvm/java-11-openjdk-amd64/lib/server/classes.jsa
800aa6000-800aa7000 rw-p 00aa7000 08:03 265562                           /usr/lib/jvm/java-11-openjdk-amd64/lib/server/classes.jsa
840000000-8400c0000 rw-p 00000000 00:00 0 
8400c0000-880000000 ---p 00000000 00:00 0 
557efb340000-557efb341000 r--p 00000000 08:03 265116                     /usr/lib/jvm/java-11-openjdk-amd64/bin/java
557efb341000-557efb342000 r-xp 00001000 08:03 265116                     /usr/lib/jvm/java-11-openjdk-amd64/bin/java
557efb342000-557efb343000 r--p 00002000 08:03 265116                     /usr/lib/jvm/java-11-openjdk-amd64/bin/java
557efb343000-557efb344000 r--p 00002000 08:03 265116                     /usr/lib/jvm/java-11-openjdk-amd64/bin/java
557efb344000-557efb345000 rw-p 00003000 08:03 265116                     /usr/lib/jvm/java-11-openjdk-amd64/bin/java
557efc344000-557efc365000 rw-p 00000000 00:00 0                          [heap]
7f2b29400000-7f2b29d26000 r--p 00000000 08:03 1587749                    /home/ubuntu/.javacpp/cache/llvm-13.0.1-1.5.7-linux-x86_64.jar/org/bytedeco/llvm/linux-x86_64/libLLVM-13.so
7f2b29d26000-7f2b2d6e9000 r-xp 00926000 08:03 1587749                    /home/ubuntu/.javacpp/cache/llvm-13.0.1-1.5.7-linux-x86_64.jar/org/bytedeco/llvm/linux-x86_64/libLLVM-13.so
7f2b2d6e9000-7f2b2f93e000 r--p 042e9000 08:03 1587749                    /home/ubuntu/.javacpp/cache/llvm-13.0.1-1.5.7-linux-x86_64.jar/org/bytedeco/llvm/linux-x86_64/libLLVM-13.so
7f2b2f93e000-7f2b2fe53000 r--p 0653d000 08:03 1587749                    /home/ubuntu/.javacpp/cache/llvm-13.0.1-1.5.7-linux-x86_64.jar/org/bytedeco/llvm/linux-x86_64/libLLVM-13.so
7f2b2fe53000-7f2b2fe5e000 rw-p 06a52000 08:03 1587749                    /home/ubuntu/.javacpp/cache/llvm-13.0.1-1.5.7-linux-x86_64.jar/org/bytedeco/llvm/linux-x86_64/libLLVM-13.so
7f2b2fe5e000-7f2b2fed4000 rw-p 00000000 00:00 0 
7f2b30000000-7f2b30021000 rw-p 00000000 00:00 0 
7f2b30021000-7f2b34000000 ---p 00000000 00:00 0 
7f2b34000000-7f2b34021000 rw-p 00000000 00:00 0 
7f2b34021000-7f2b38000000 ---p 00000000 00:00 0 
7f2b38000000-7f2b381f4000 rw-p 00000000 00:00 0 
7f2b381f4000-7f2b3c000000 ---p 00000000 00:00 0 
7f2b3c000000-7f2b3c021000 rw-p 00000000 00:00 0 
7f2b3c021000-7f2b40000000 ---p 00000000 00:00 0 
7f2b40000000-7f2b40021000 rw-p 00000000 00:00 0 
7f2b40021000-7f2b44000000 ---p 00000000 00:00 0 
7f2b44000000-7f2b44021000 rw-p 00000000 00:00 0 
7f2b44021000-7f2b48000000 ---p 00000000 00:00 0 
7f2b48000000-7f2b482be000 rw-p 00000000 00:00 0 
7f2b482be000-7f2b4c000000 ---p 00000000 00:00 0 
7f2b4c000000-7f2b4c2d7000 rw-p 00000000 00:00 0 
7f2b4c2d7000-7f2b50000000 ---p 00000000 00:00 0 
7f2b50000000-7f2b50021000 rw-p 00000000 00:00 0 
7f2b50021000-7f2b54000000 ---p 00000000 00:00 0 
7f2b54000000-7f2b54021000 rw-p 00000000 00:00 0 
7f2b54021000-7f2b58000000 ---p 00000000 00:00 0 
7f2b58000000-7f2b58021000 rw-p 00000000 00:00 0 
7f2b58021000-7f2b5c000000 ---p 00000000 00:00 0 
7f2b5c000000-7f2b5c021000 rw-p 00000000 00:00 0 
7f2b5c021000-7f2b60000000 ---p 00000000 00:00 0 
7f2b60000000-7f2b60021000 rw-p 00000000 00:00 0 
7f2b60021000-7f2b64000000 ---p 00000000 00:00 0 
7f2b64000000-7f2b64021000 rw-p 00000000 00:00 0 
7f2b64021000-7f2b68000000 ---p 00000000 00:00 0 
7f2b6abfa000-7f2b6ac5f000 r--p 00000000 08:03 1589997                    /home/ubuntu/.javacpp/cache/llvm-13.0.1-1.5.7-linux-x86_64.jar/org/bytedeco/llvm/linux-x86_64/libjniLLVM.so
7f2b6ac5f000-7f2b6accd000 r-xp 00065000 08:03 1589997                    /home/ubuntu/.javacpp/cache/llvm-13.0.1-1.5.7-linux-x86_64.jar/org/bytedeco/llvm/linux-x86_64/libjniLLVM.so
7f2b6accd000-7f2b6acf8000 r--p 000d3000 08:03 1589997                    /home/ubuntu/.javacpp/cache/llvm-13.0.1-1.5.7-linux-x86_64.jar/org/bytedeco/llvm/linux-x86_64/libjniLLVM.so
7f2b6acf8000-7f2b6acfb000 r--p 000fd000 08:03 1589997                    /home/ubuntu/.javacpp/cache/llvm-13.0.1-1.5.7-linux-x86_64.jar/org/bytedeco/llvm/linux-x86_64/libjniLLVM.so
7f2b6acfb000-7f2b6acfe000 rw-p 00100000 08:03 1589997                    /home/ubuntu/.javacpp/cache/llvm-13.0.1-1.5.7-linux-x86_64.jar/org/bytedeco/llvm/linux-x86_64/libjniLLVM.so
7f2b6acfe000-7f2b6ad00000 rw-p 00000000 00:00 0 
7f2b6ad00000-7f2b6ad04000 ---p 00000000 00:00 0 
7f2b6ad04000-7f2b6ae00000 rw-p 00000000 00:00 0 
7f2b6ae00000-7f2b6b678000 r--p 00000000 08:03 2365202                    /usr/lib/locale/locale-archive
7f2b6b6ff000-7f2b6b700000 ---p 00000000 00:00 0 
7f2b6b700000-7f2b6bdc0000 rw-p 00000000 00:00 0 
7f2b6bdc0000-7f2b6c000000 ---p 00000000 00:00 0 
7f2b6c000000-7f2b6c021000 rw-p 00000000 00:00 0 
7f2b6c021000-7f2b70000000 ---p 00000000 00:00 0 
7f2b70000000-7f2b70021000 rw-p 00000000 00:00 0 
7f2b70021000-7f2b74000000 ---p 00000000 00:00 0 
7f2b74000000-7f2b74021000 rw-p 00000000 00:00 0 
7f2b74021000-7f2b78000000 ---p 00000000 00:00 0 
7f2b780c0000-7f2b780c4000 ---p 00000000 00:00 0 
7f2b780c4000-7f2b7a2b8000 rw-p 00000000 00:00 0 
7f2b7a2b8000-7f2b7b0d8000 ---p 00000000 00:00 0 
7f2b7b0d8000-7f2b7b1d8000 rw-p 00000000 00:00 0 
7f2b7b1d8000-7f2b7bff8000 ---p 00000000 00:00 0 
7f2b7bff8000-7f2b7c000000 rw-p 00000000 00:00 0 
7f2b7c000000-7f2b7c021000 rw-p 00000000 00:00 0 
7f2b7c021000-7f2b80000000 ---p 00000000 00:00 0 
7f2b80000000-7f2b80004000 ---p 00000000 00:00 0 
7f2b80004000-7f2b80100000 rw-p 00000000 00:00 0 
7f2b80100000-7f2b80104000 ---p 00000000 00:00 0 
7f2b80104000-7f2b80200000 rw-p 00000000 00:00 0 
7f2b80200000-7f2b80204000 ---p 00000000 00:00 0 
7f2b80204000-7f2b80300000 rw-p 00000000 00:00 0 
7f2b80300000-7f2b80304000 ---p 00000000 00:00 0 
7f2b80304000-7f2b80400000 rw-p 00000000 00:00 0 
7f2b80400000-7f2b80404000 ---p 00000000 00:00 0 
7f2b80404000-7f2b80500000 rw-p 00000000 00:00 0 
7f2b80500000-7f2b80504000 ---p 00000000 00:00 0 
7f2b80504000-7f2b80600000 rw-p 00000000 00:00 0 
7f2b80600000-7f2b80870000 rwxp 00000000 00:00 0 
7f2b80870000-7f2b80b90000 ---p 00000000 00:00 0 
7f2b80b90000-7f2b80e00000 rwxp 00000000 00:00 0 
7f2b80e00000-7f2b880c8000 ---p 00000000 00:00 0 
7f2b880c8000-7f2b88338000 rwxp 00000000 00:00 0 
7f2b88338000-7f2b8f600000 ---p 00000000 00:00 0 
7f2b8f600000-7f2b97e25000 r--s 00000000 08:03 265275                     /usr/lib/jvm/java-11-openjdk-amd64/lib/modules
7f2b97f00000-7f2b97f04000 ---p 00000000 00:00 0 
7f2b97f04000-7f2b98000000 rw-p 00000000 00:00 0 
7f2b98000000-7f2b98400000 rw-p 00000000 00:00 0 
7f2b98400000-7f2b9c000000 ---p 00000000 00:00 0 
7f2b9c0c4000-7f2b9c0cb000 r--s 00000000 08:03 659244                     /usr/lib/x86_64-linux-gnu/gconv/gconv-modules.cache
7f2b9c0cb000-7f2b9c0cc000 r--p 00000000 08:03 1589995                    /home/ubuntu/.javacpp/cache/llvm-13.0.1-1.5.7-linux-x86_64.jar/org/bytedeco/llvm/linux-x86_64/libRemarks.so.13
7f2b9c0cc000-7f2b9c0cd000 r-xp 00001000 08:03 1589995                    /home/ubuntu/.javacpp/cache/llvm-13.0.1-1.5.7-linux-x86_64.jar/org/bytedeco/llvm/linux-x86_64/libRemarks.so.13
7f2b9c0cd000-7f2b9c0ce000 r--p 00002000 08:03 1589995                    /home/ubuntu/.javacpp/cache/llvm-13.0.1-1.5.7-linux-x86_64.jar/org/bytedeco/llvm/linux-x86_64/libRemarks.so.13
7f2b9c0ce000-7f2b9c0cf000 r--p 00002000 08:03 1589995                    /home/ubuntu/.javacpp/cache/llvm-13.0.1-1.5.7-linux-x86_64.jar/org/bytedeco/llvm/linux-x86_64/libRemarks.so.13
7f2b9c0cf000-7f2b9c0d0000 rw-p 00003000 08:03 1589995                    /home/ubuntu/.javacpp/cache/llvm-13.0.1-1.5.7-linux-x86_64.jar/org/bytedeco/llvm/linux-x86_64/libRemarks.so.13
7f2b9c0d0000-7f2b9c0d1000 r--p 00000000 08:03 2361439                    /usr/lib/x86_64-linux-gnu/libdl.so.2
7f2b9c0d1000-7f2b9c0d2000 r-xp 00001000 08:03 2361439                    /usr/lib/x86_64-linux-gnu/libdl.so.2
7f2b9c0d2000-7f2b9c0d3000 r--p 00002000 08:03 2361439                    /usr/lib/x86_64-linux-gnu/libdl.so.2
7f2b9c0d3000-7f2b9c0d4000 r--p 00002000 08:03 2361439                    /usr/lib/x86_64-linux-gnu/libdl.so.2
7f2b9c0d4000-7f2b9c0d5000 rw-p 00003000 08:03 2361439                    /usr/lib/x86_64-linux-gnu/libdl.so.2
7f2b9c0d5000-7f2b9c0d6000 r--p 00000000 08:03 2361473                    /usr/lib/x86_64-linux-gnu/libpthread.so.0
7f2b9c0d6000-7f2b9c0d7000 r-xp 00001000 08:03 2361473                    /usr/lib/x86_64-linux-gnu/libpthread.so.0
7f2b9c0d7000-7f2b9c0d8000 r--p 00002000 08:03 2361473                    /usr/lib/x86_64-linux-gnu/libpthread.so.0
7f2b9c0d8000-7f2b9c0d9000 r--p 00002000 08:03 2361473                    /usr/lib/x86_64-linux-gnu/libpthread.so.0
7f2b9c0d9000-7f2b9c0da000 rw-p 00003000 08:03 2361473                    /usr/lib/x86_64-linux-gnu/libpthread.so.0
7f2b9c0da000-7f2b9c0de000 ---p 00000000 00:00 0 
7f2b9c0de000-7f2b9c1da000 rw-p 00000000 00:00 0 
7f2b9c1da000-7f2b9c1de000 ---p 00000000 00:00 0 
7f2b9c1de000-7f2b9c2da000 rw-p 00000000 00:00 0 
7f2b9c2da000-7f2b9c2db000 ---p 00000000 00:00 0 
7f2b9c2db000-7f2b9c45c000 rw-p 00000000 00:00 0 
7f2b9c45c000-7f2b9c45d000 ---p 00000000 00:00 0 
7f2b9c45d000-7f2b9c55d000 rw-p 00000000 00:00 0 
7f2b9c55d000-7f2b9c55e000 ---p 00000000 00:00 0 
7f2b9c55e000-7f2b9ca62000 rw-p 00000000 00:00 0 
7f2b9ca62000-7f2b9ca63000 ---p 00000000 00:00 0 
7f2b9ca63000-7f2b9cb63000 rw-p 00000000 00:00 0 
7f2b9cb63000-7f2b9cb64000 ---p 00000000 00:00 0 
7f2b9cb64000-7f2b9cc83000 rw-p 00000000 00:00 0 
7f2b9cc83000-7f2b9ce47000 ---p 00000000 00:00 0 
7f2b9ce47000-7f2b9ce67000 rw-p 00000000 00:00 0 
7f2b9ce67000-7f2b9d02b000 ---p 00000000 00:00 0 
7f2b9d02b000-7f2b9d04b000 rw-p 00000000 00:00 0 
7f2b9d04b000-7f2b9d20f000 ---p 00000000 00:00 0 
7f2b9d20f000-7f2b9d614000 rw-p 00000000 00:00 0 
7f2b9d614000-7f2b9d615000 ---p 00000000 00:00 0 
7f2b9d615000-7f2b9d71a000 rw-p 00000000 00:00 0 
7f2b9d71a000-7f2b9d800000 ---p 00000000 00:00 0 
7f2b9d800000-7f2b9d89a000 r--p 00000000 08:03 2360832                    /usr/lib/x86_64-linux-gnu/libstdc++.so.6.0.30
7f2b9d89a000-7f2b9d9ab000 r-xp 0009a000 08:03 2360832                    /usr/lib/x86_64-linux-gnu/libstdc++.so.6.0.30
7f2b9d9ab000-7f2b9da1a000 r--p 001ab000 08:03 2360832                    /usr/lib/x86_64-linux-gnu/libstdc++.so.6.0.30
7f2b9da1a000-7f2b9da1b000 ---p 0021a000 08:03 2360832                    /usr/lib/x86_64-linux-gnu/libstdc++.so.6.0.30
7f2b9da1b000-7f2b9da26000 r--p 0021a000 08:03 2360832                    /usr/lib/x86_64-linux-gnu/libstdc++.so.6.0.30
7f2b9da26000-7f2b9da29000 rw-p 00225000 08:03 2360832                    /usr/lib/x86_64-linux-gnu/libstdc++.so.6.0.30
7f2b9da29000-7f2b9da2c000 rw-p 00000000 00:00 0 
7f2b9da2d000-7f2b9da34000 r--p 00000000 08:03 1587750                    /home/ubuntu/.javacpp/cache/llvm-13.0.1-1.5.7-linux-x86_64.jar/org/bytedeco/llvm/linux-x86_64/libLTO.so.13
7f2b9da34000-7f2b9da3c000 r-xp 00007000 08:03 1587750                    /home/ubuntu/.javacpp/cache/llvm-13.0.1-1.5.7-linux-x86_64.jar/org/bytedeco/llvm/linux-x86_64/libLTO.so.13
7f2b9da3c000-7f2b9da3e000 r--p 0000f000 08:03 1587750                    /home/ubuntu/.javacpp/cache/llvm-13.0.1-1.5.7-linux-x86_64.jar/org/bytedeco/llvm/linux-x86_64/libLTO.so.13
7f2b9da3e000-7f2b9da3f000 r--p 00010000 08:03 1587750                    /home/ubuntu/.javacpp/cache/llvm-13.0.1-1.5.7-linux-x86_64.jar/org/bytedeco/llvm/linux-x86_64/libLTO.so.13
7f2b9da3f000-7f2b9da40000 rw-p 00011000 08:03 1587750                    /home/ubuntu/.javacpp/cache/llvm-13.0.1-1.5.7-linux-x86_64.jar/org/bytedeco/llvm/linux-x86_64/libLTO.so.13
7f2b9da40000-7f2b9da44000 r--p 00000000 08:03 1587748                    /home/ubuntu/.javacpp/cache/javacpp-1.5.7-linux-x86_64.jar/org/bytedeco/javacpp/linux-x86_64/libjnijavacpp.so
7f2b9da44000-7f2b9da4b000 r-xp 00004000 08:03 1587748                    /home/ubuntu/.javacpp/cache/javacpp-1.5.7-linux-x86_64.jar/org/bytedeco/javacpp/linux-x86_64/libjnijavacpp.so
7f2b9da4b000-7f2b9da4f000 r--p 0000b000 08:03 1587748                    /home/ubuntu/.javacpp/cache/javacpp-1.5.7-linux-x86_64.jar/org/bytedeco/javacpp/linux-x86_64/libjnijavacpp.so
7f2b9da4f000-7f2b9da50000 r--p 0000e000 08:03 1587748                    /home/ubuntu/.javacpp/cache/javacpp-1.5.7-linux-x86_64.jar/org/bytedeco/javacpp/linux-x86_64/libjnijavacpp.so
7f2b9da50000-7f2b9da51000 rw-p 0000f000 08:03 1587748                    /home/ubuntu/.javacpp/cache/javacpp-1.5.7-linux-x86_64.jar/org/bytedeco/javacpp/linux-x86_64/libjnijavacpp.so
7f2b9da51000-7f2b9da52000 r--p 00000000 08:03 265247                     /usr/lib/jvm/java-11-openjdk-amd64/lib/libextnet.so
7f2b9da52000-7f2b9da53000 r-xp 00001000 08:03 265247                     /usr/lib/jvm/java-11-openjdk-amd64/lib/libextnet.so
7f2b9da53000-7f2b9da54000 r--p 00002000 08:03 265247                     /usr/lib/jvm/java-11-openjdk-amd64/lib/libextnet.so
7f2b9da54000-7f2b9da55000 r--p 00002000 08:03 265247                     /usr/lib/jvm/java-11-openjdk-amd64/lib/libextnet.so
7f2b9da55000-7f2b9da56000 rw-p 00003000 08:03 265247                     /usr/lib/jvm/java-11-openjdk-amd64/lib/libextnet.so
7f2b9da56000-7f2b9da5a000 r--p 00000000 08:03 265265                     /usr/lib/jvm/java-11-openjdk-amd64/lib/libnet.so
7f2b9da5a000-7f2b9da68000 r-xp 00004000 08:03 265265                     /usr/lib/jvm/java-11-openjdk-amd64/lib/libnet.so
7f2b9da68000-7f2b9da6c000 r--p 00012000 08:03 265265                     /usr/lib/jvm/java-11-openjdk-amd64/lib/libnet.so
7f2b9da6c000-7f2b9da6d000 r--p 00015000 08:03 265265                     /usr/lib/jvm/java-11-openjdk-amd64/lib/libnet.so
7f2b9da6d000-7f2b9da6e000 rw-p 00016000 08:03 265265                     /usr/lib/jvm/java-11-openjdk-amd64/lib/libnet.so
7f2b9da6e000-7f2b9da75000 r--p 00000000 08:03 265266                     /usr/lib/jvm/java-11-openjdk-amd64/lib/libnio.so
7f2b9da75000-7f2b9da7d000 r-xp 00007000 08:03 265266                     /usr/lib/jvm/java-11-openjdk-amd64/lib/libnio.so
7f2b9da7d000-7f2b9da80000 r--p 0000f000 08:03 265266                     /usr/lib/jvm/java-11-openjdk-amd64/lib/libnio.so
7f2b9da80000-7f2b9da81000 r--p 00011000 08:03 265266                     /usr/lib/jvm/java-11-openjdk-amd64/lib/libnio.so
7f2b9da81000-7f2b9da82000 rw-p 00012000 08:03 265266                     /usr/lib/jvm/java-11-openjdk-amd64/lib/libnio.so
7f2b9da82000-7f2b9db03000 rw-p 00000000 00:00 0 
7f2b9db03000-7f2b9dbe9000 ---p 00000000 00:00 0 
7f2b9dbe9000-7f2b9dbee000 rw-p 00000000 00:00 0 
7f2b9dbee000-7f2b9dbf5000 ---p 00000000 00:00 0 
7f2b9dbf5000-7f2b9dbf7000 r--p 00000000 08:03 265274                     /usr/lib/jvm/java-11-openjdk-amd64/lib/libzip.so
7f2b9dbf7000-7f2b9dbfc000 r-xp 00002000 08:03 265274                     /usr/lib/jvm/java-11-openjdk-amd64/lib/libzip.so
7f2b9dbfc000-7f2b9dbfe000 r--p 00007000 08:03 265274                     /usr/lib/jvm/java-11-openjdk-amd64/lib/libzip.so
7f2b9dbfe000-7f2b9dbff000 r--p 00008000 08:03 265274                     /usr/lib/jvm/java-11-openjdk-amd64/lib/libzip.so
7f2b9dbff000-7f2b9dc00000 rw-p 00009000 08:03 265274                     /usr/lib/jvm/java-11-openjdk-amd64/lib/libzip.so
7f2b9dc00000-7f2b9de82000 r--p 00000000 08:03 265280                     /usr/lib/jvm/java-11-openjdk-amd64/lib/server/libjvm.so
7f2b9de82000-7f2b9eb20000 r-xp 00282000 08:03 265280                     /usr/lib/jvm/java-11-openjdk-amd64/lib/server/libjvm.so
7f2b9eb20000-7f2b9ed7c000 r--p 00f20000 08:03 265280                     /usr/lib/jvm/java-11-openjdk-amd64/lib/server/libjvm.so
7f2b9ed7c000-7f2b9ee40000 r--p 0117b000 08:03 265280                     /usr/lib/jvm/java-11-openjdk-amd64/lib/server/libjvm.so
7f2b9ee40000-7f2b9ee7b000 rw-p 0123f000 08:03 265280                     /usr/lib/jvm/java-11-openjdk-amd64/lib/server/libjvm.so
7f2b9ee7b000-7f2b9eed2000 rw-p 00000000 00:00 0 
7f2b9eed2000-7f2b9eee0000 r--p 00000000 08:03 265254                     /usr/lib/jvm/java-11-openjdk-amd64/lib/libjava.so
7f2b9eee0000-7f2b9eef6000 r-xp 0000e000 08:03 265254                     /usr/lib/jvm/java-11-openjdk-amd64/lib/libjava.so
7f2b9eef6000-7f2b9eefd000 r--p 00024000 08:03 265254                     /usr/lib/jvm/java-11-openjdk-amd64/lib/libjava.so
7f2b9eefd000-7f2b9eefe000 r--p 0002a000 08:03 265254                     /usr/lib/jvm/java-11-openjdk-amd64/lib/libjava.so
7f2b9eefe000-7f2b9eeff000 rw-p 0002b000 08:03 265254                     /usr/lib/jvm/java-11-openjdk-amd64/lib/libjava.so
7f2b9eeff000-7f2b9ef00000 rw-p 00000000 00:00 0 
7f2b9ef00000-7f2b9ef04000 ---p 00000000 00:00 0 
7f2b9ef04000-7f2b9f000000 rw-p 00000000 00:00 0 
7f2b9f000000-7f2b9f028000 r--p 00000000 08:03 2361426                    /usr/lib/x86_64-linux-gnu/libc.so.6
7f2b9f028000-7f2b9f1bd000 r-xp 00028000 08:03 2361426                    /usr/lib/x86_64-linux-gnu/libc.so.6
7f2b9f1bd000-7f2b9f215000 r--p 001bd000 08:03 2361426                    /usr/lib/x86_64-linux-gnu/libc.so.6
7f2b9f215000-7f2b9f216000 ---p 00215000 08:03 2361426                    /usr/lib/x86_64-linux-gnu/libc.so.6
7f2b9f216000-7f2b9f21a000 r--p 00215000 08:03 2361426                    /usr/lib/x86_64-linux-gnu/libc.so.6
7f2b9f21a000-7f2b9f21c000 rw-p 00219000 08:03 2361426                    /usr/lib/x86_64-linux-gnu/libc.so.6
7f2b9f21c000-7f2b9f229000 rw-p 00000000 00:00 0 
7f2b9f22c000-7f2b9f234000 rw-s 00000000 08:03 393238                     /tmp/hsperfdata_ubuntu/28962
7f2b9f234000-7f2b9f236000 r--p 00000000 08:03 265249                     /usr/lib/jvm/java-11-openjdk-amd64/lib/libinstrument.so
7f2b9f236000-7f2b9f23d000 r-xp 00002000 08:03 265249                     /usr/lib/jvm/java-11-openjdk-amd64/lib/libinstrument.so
7f2b9f23d000-7f2b9f240000 r--p 00009000 08:03 265249                     /usr/lib/jvm/java-11-openjdk-amd64/lib/libinstrument.so
7f2b9f240000-7f2b9f241000 r--p 0000b000 08:03 265249                     /usr/lib/jvm/java-11-openjdk-amd64/lib/libinstrument.so
7f2b9f241000-7f2b9f242000 rw-p 0000c000 08:03 265249                     /usr/lib/jvm/java-11-openjdk-amd64/lib/libinstrument.so
7f2b9f242000-7f2b9f243000 ---p 00000000 00:00 0 
7f2b9f243000-7f2b9f244000 r--p 00000000 00:00 0 
7f2b9f244000-7f2b9f246000 r--p 00000000 08:03 265257                     /usr/lib/jvm/java-11-openjdk-amd64/lib/libjimage.so
7f2b9f246000-7f2b9f249000 r-xp 00002000 08:03 265257                     /usr/lib/jvm/java-11-openjdk-amd64/lib/libjimage.so
7f2b9f249000-7f2b9f24a000 r--p 00005000 08:03 265257                     /usr/lib/jvm/java-11-openjdk-amd64/lib/libjimage.so
7f2b9f24a000-7f2b9f24b000 ---p 00006000 08:03 265257                     /usr/lib/jvm/java-11-openjdk-amd64/lib/libjimage.so
7f2b9f24b000-7f2b9f24c000 r--p 00006000 08:03 265257                     /usr/lib/jvm/java-11-openjdk-amd64/lib/libjimage.so
7f2b9f24c000-7f2b9f24d000 rw-p 00007000 08:03 265257                     /usr/lib/jvm/java-11-openjdk-amd64/lib/libjimage.so
7f2b9f24d000-7f2b9f24e000 r--p 00000000 08:03 2361484                    /usr/lib/x86_64-linux-gnu/librt.so.1
7f2b9f24e000-7f2b9f24f000 r-xp 00001000 08:03 2361484                    /usr/lib/x86_64-linux-gnu/librt.so.1
7f2b9f24f000-7f2b9f250000 r--p 00002000 08:03 2361484                    /usr/lib/x86_64-linux-gnu/librt.so.1
7f2b9f250000-7f2b9f251000 r--p 00002000 08:03 2361484                    /usr/lib/x86_64-linux-gnu/librt.so.1
7f2b9f251000-7f2b9f252000 rw-p 00003000 08:03 2361484                    /usr/lib/x86_64-linux-gnu/librt.so.1
7f2b9f252000-7f2b9f255000 r--p 00000000 08:03 2359493                    /usr/lib/x86_64-linux-gnu/libgcc_s.so.1
7f2b9f255000-7f2b9f26c000 r-xp 00003000 08:03 2359493                    /usr/lib/x86_64-linux-gnu/libgcc_s.so.1
7f2b9f26c000-7f2b9f270000 r--p 0001a000 08:03 2359493                    /usr/lib/x86_64-linux-gnu/libgcc_s.so.1
7f2b9f270000-7f2b9f271000 r--p 0001d000 08:03 2359493                    /usr/lib/x86_64-linux-gnu/libgcc_s.so.1
7f2b9f271000-7f2b9f272000 rw-p 0001e000 08:03 2359493                    /usr/lib/x86_64-linux-gnu/libgcc_s.so.1
7f2b9f272000-7f2b9f280000 r--p 00000000 08:03 2361443                    /usr/lib/x86_64-linux-gnu/libm.so.6
7f2b9f280000-7f2b9f2fc000 r-xp 0000e000 08:03 2361443                    /usr/lib/x86_64-linux-gnu/libm.so.6
7f2b9f2fc000-7f2b9f357000 r--p 0008a000 08:03 2361443                    /usr/lib/x86_64-linux-gnu/libm.so.6
7f2b9f357000-7f2b9f358000 r--p 000e4000 08:03 2361443                    /usr/lib/x86_64-linux-gnu/libm.so.6
7f2b9f358000-7f2b9f359000 rw-p 000e5000 08:03 2361443                    /usr/lib/x86_64-linux-gnu/libm.so.6
7f2b9f359000-7f2b9f35c000 rw-p 00000000 00:00 0 
7f2b9f35c000-7f2b9f35f000 r--p 00000000 08:03 265239                     /usr/lib/jvm/java-11-openjdk-amd64/lib/jli/libjli.so
7f2b9f35f000-7f2b9f369000 r-xp 00003000 08:03 265239                     /usr/lib/jvm/java-11-openjdk-amd64/lib/jli/libjli.so
7f2b9f369000-7f2b9f36c000 r--p 0000d000 08:03 265239                     /usr/lib/jvm/java-11-openjdk-amd64/lib/jli/libjli.so
7f2b9f36c000-7f2b9f36d000 ---p 00010000 08:03 265239                     /usr/lib/jvm/java-11-openjdk-amd64/lib/jli/libjli.so
7f2b9f36d000-7f2b9f36e000 r--p 00010000 08:03 265239                     /usr/lib/jvm/java-11-openjdk-amd64/lib/jli/libjli.so
7f2b9f36e000-7f2b9f36f000 rw-p 00011000 08:03 265239                     /usr/lib/jvm/java-11-openjdk-amd64/lib/jli/libjli.so
7f2b9f36f000-7f2b9f371000 r--p 00000000 08:03 2367120                    /usr/lib/x86_64-linux-gnu/libz.so.1.2.11
7f2b9f371000-7f2b9f383000 r-xp 00002000 08:03 2367120                    /usr/lib/x86_64-linux-gnu/libz.so.1.2.11
7f2b9f383000-7f2b9f389000 r--p 00014000 08:03 2367120                    /usr/lib/x86_64-linux-gnu/libz.so.1.2.11
7f2b9f389000-7f2b9f38a000 r--p 0001a000 08:03 2367120                    /usr/lib/x86_64-linux-gnu/libz.so.1.2.11
7f2b9f38a000-7f2b9f38b000 rw-p 0001b000 08:03 2367120                    /usr/lib/x86_64-linux-gnu/libz.so.1.2.11
7f2b9f38b000-7f2b9f390000 r--p 00000000 08:03 265273                     /usr/lib/jvm/java-11-openjdk-amd64/lib/libverify.so
7f2b9f390000-7f2b9f397000 r-xp 00005000 08:03 265273                     /usr/lib/jvm/java-11-openjdk-amd64/lib/libverify.so
7f2b9f397000-7f2b9f399000 r--p 0000c000 08:03 265273                     /usr/lib/jvm/java-11-openjdk-amd64/lib/libverify.so
7f2b9f399000-7f2b9f39b000 r--p 0000d000 08:03 265273                     /usr/lib/jvm/java-11-openjdk-amd64/lib/libverify.so
7f2b9f39b000-7f2b9f39c000 rw-p 0000f000 08:03 265273                     /usr/lib/jvm/java-11-openjdk-amd64/lib/libverify.so
7f2b9f39c000-7f2b9f39e000 rw-p 00000000 00:00 0 
7f2b9f39e000-7f2b9f3a0000 r--p 00000000 08:03 2361301                    /usr/lib/x86_64-linux-gnu/ld-linux-x86-64.so.2
7f2b9f3a0000-7f2b9f3ca000 r-xp 00002000 08:03 2361301                    /usr/lib/x86_64-linux-gnu/ld-linux-x86-64.so.2
7f2b9f3ca000-7f2b9f3d5000 r--p 0002c000 08:03 2361301                    /usr/lib/x86_64-linux-gnu/ld-linux-x86-64.so.2
7f2b9f3d6000-7f2b9f3d8000 r--p 00037000 08:03 2361301                    /usr/lib/x86_64-linux-gnu/ld-linux-x86-64.so.2
7f2b9f3d8000-7f2b9f3da000 rw-p 00039000 08:03 2361301                    /usr/lib/x86_64-linux-gnu/ld-linux-x86-64.so.2
7ffc28855000-7ffc28876000 rw-p 00000000 00:00 0                          [stack]
7ffc288e9000-7ffc288ed000 r--p 00000000 00:00 0                          [vvar]
7ffc288ed000-7ffc288ef000 r-xp 00000000 00:00 0                          [vdso]
ffffffffff600000-ffffffffff601000 --xp 00000000 00:00 0                  [vsyscall]


VM Arguments:
jvm_args: -javaagent:/home/ubuntu/software/idea-IU-233.14475.28/lib/idea_rt.jar=41727:/home/ubuntu/software/idea-IU-233.14475.28/bin -Dfile.encoding=UTF-8 
java_command: Main tests/test1.c tests/Actual.ll
java_class_path (initial): /home/ubuntu/Lab/out/production/Lab:/usr/local/lib/antlr-4.9.1-complete.jar:/usr/local/lib/javacpp-1.5.7-linux-x86_64.jar:/usr/local/lib/javacpp-1.5.7.jar:/usr/local/lib/llvm-13.0.1-1.5.7-linux-x86_64.jar:/usr/local/lib/llvm-13.0.1-1.5.7.jar:/usr/local/lib/llvm-platform-13.0.1-1.5.7.jar
Launcher Type: SUN_STANDARD

[Global flags]
     intx CICompilerCount                          = 3                                         {product} {ergonomic}
     uint ConcGCThreads                            = 1                                         {product} {ergonomic}
     uint G1ConcRefinementThreads                  = 4                                         {product} {ergonomic}
   size_t G1HeapRegionSize                         = 1048576                                   {product} {ergonomic}
    uintx GCDrainStackTargetSize                   = 64                                        {product} {ergonomic}
   size_t InitialHeapSize                          = 65011712                                  {product} {ergonomic}
   size_t MarkStackSize                            = 4194304                                   {product} {ergonomic}
   size_t MaxHeapSize                              = 1015021568                                {product} {ergonomic}
   size_t MaxNewSize                               = 608174080                                 {product} {ergonomic}
   size_t MinHeapDeltaBytes                        = 1048576                                   {product} {ergonomic}
    uintx NonNMethodCodeHeapSize                   = 5830732                                {pd product} {ergonomic}
    uintx NonProfiledCodeHeapSize                  = 122913754                              {pd product} {ergonomic}
    uintx ProfiledCodeHeapSize                     = 122913754                              {pd product} {ergonomic}
    uintx ReservedCodeCacheSize                    = 251658240                              {pd product} {ergonomic}
     bool SegmentedCodeCache                       = true                                      {product} {ergonomic}
     bool UseCompressedClassPointers               = true                                 {lp64_product} {ergonomic}
     bool UseCompressedOops                        = true                                 {lp64_product} {ergonomic}
     bool UseG1GC                                  = true                                      {product} {ergonomic}

Logging:
Log output configuration:
 #0: stdout all=warning uptime,level,tags
 #1: stderr all=off uptime,level,tags

Environment Variables:
PATH=/usr/local/sbin:/usr/local/bin:/usr/sbin:/usr/bin:/sbin:/bin:/usr/games:/usr/local/games:/snap/bin:/snap/bin
USERNAME=ubuntu
SHELL=/bin/bash
DISPLAY=:0
LANG=zh_CN.UTF-8

Signal Handlers:
SIGSEGV: [libjvm.so+0xead700], sa_mask[0]=11111111011111111101111111111110, sa_flags=SA_RESTART|SA_SIGINFO
SIGBUS: [libjvm.so+0xead700], sa_mask[0]=11111111011111111101111111111110, sa_flags=SA_RESTART|SA_SIGINFO
SIGFPE: [libjvm.so+0xead700], sa_mask[0]=11111111011111111101111111111110, sa_flags=SA_RESTART|SA_SIGINFO
SIGPIPE: [libjvm.so+0xbefa50], sa_mask[0]=11111111011111111101111111111110, sa_flags=SA_RESTART|SA_SIGINFO
SIGXFSZ: [libjvm.so+0xbefa50], sa_mask[0]=11111111011111111101111111111110, sa_flags=SA_RESTART|SA_SIGINFO
SIGILL: [libjvm.so+0xead700], sa_mask[0]=11111111011111111101111111111110, sa_flags=SA_RESTART|SA_SIGINFO
SIGUSR2: [libjvm.so+0xbef8f0], sa_mask[0]=00100000000000000000000000000000, sa_flags=SA_RESTART|SA_SIGINFO
SIGHUP: [libjvm.so+0xbf00b0], sa_mask[0]=11111111011111111101111111111110, sa_flags=SA_RESTART|SA_SIGINFO
SIGINT: [libjvm.so+0xbf00b0], sa_mask[0]=11111111011111111101111111111110, sa_flags=SA_RESTART|SA_SIGINFO
SIGTERM: [libjvm.so+0xbf00b0], sa_mask[0]=11111111011111111101111111111110, sa_flags=SA_RESTART|SA_SIGINFO
SIGQUIT: [libjvm.so+0xbf00b0], sa_mask[0]=11111111011111111101111111111110, sa_flags=SA_RESTART|SA_SIGINFO


---------------  S Y S T E M  ---------------

OS:DISTRIB_ID=Ubuntu
DISTRIB_RELEASE=22.10
DISTRIB_CODENAME=kinetic
DISTRIB_DESCRIPTION="Ubuntu 22.10"
uname:Linux 6.5.0-21-generic #21~22.04.1-Ubuntu SMP PREEMPT_DYNAMIC Fri Feb  9 13:32:52 UTC 2 x86_64
OS uptime: 0 days 5:10 hours
libc:glibc 2.35 NPTL 2.35 
rlimit (soft/hard): STACK 8192k/infinity , CORE 0k/infinity , NPROC 15188/15188 , NOFILE 1048576/1048576 , AS infinity/infinity , CPU infinity/infinity , DATA infinity/infinity , FSIZE infinity/infinity , MEMLOCK 495440k/495440k
load average:1.28 1.00 0.94

/proc/meminfo:
MemTotal:        3963524 kB
MemFree:          460888 kB
MemAvailable:     769456 kB
Buffers:            9692 kB
Cached:           464360 kB
SwapCached:        84488 kB
Active:          2293864 kB
Inactive:         508176 kB
Active(anon):    2110200 kB
Inactive(anon):   218004 kB
Active(file):     183664 kB
Inactive(file):   290172 kB
Unevictable:          16 kB
Mlocked:              16 kB
SwapTotal:       3991548 kB
SwapFree:        2629784 kB
Zswap:                 0 kB
Zswapped:              0 kB
Dirty:              5004 kB
Writeback:            32 kB
AnonPages:       2317764 kB
Mapped:           188980 kB
Shmem:               216 kB
KReclaimable:      78396 kB
Slab:             231096 kB
SReclaimable:      78396 kB
SUnreclaim:       152700 kB
KernelStack:       13104 kB
PageTables:        25072 kB
SecPageTables:         0 kB
NFS_Unstable:          0 kB
Bounce:                0 kB
WritebackTmp:          0 kB
CommitLimit:     5973308 kB
Committed_AS:    5837840 kB
VmallocTotal:   34359738367 kB
VmallocUsed:       43960 kB
VmallocChunk:          0 kB
Percpu:           104448 kB
HardwareCorrupted:     0 kB
AnonHugePages:         0 kB
ShmemHugePages:        0 kB
ShmemPmdMapped:        0 kB
FileHugePages:         0 kB
FilePmdMapped:         0 kB
Unaccepted:            0 kB
HugePages_Total:       0
HugePages_Free:        0
HugePages_Rsvd:        0
HugePages_Surp:        0
Hugepagesize:       2048 kB
Hugetlb:               0 kB
DirectMap4k:      177984 kB
DirectMap2M:     4016128 kB
DirectMap1G:     2097152 kB

/sys/kernel/mm/transparent_hugepage/enabled:
always [madvise] never
/sys/kernel/mm/transparent_hugepage/defrag (defrag/compaction efforts parameter):
always defer defer+madvise [madvise] never

Process Memory:
Virtual Size: 3934964K (peak: 12378248K)
Resident Set Size: 97352K (peak: 97352K) (anon: 40260K, file: 57092K, shmem: 0K)
Swapped out: 0K
C-Heap outstanding allocations: 19890K, retained: 3157K
glibc malloc tunables: (default)

/proc/sys/kernel/threads-max (system-wide limit on the number of threads):
30377
/proc/sys/vm/max_map_count (maximum number of memory map areas a process may have):
65530
/proc/sys/kernel/pid_max (system-wide limit on number of process identifiers):
4194304

container (cgroup) information:
container_type: cgroupv2
cpu_cpuset_cpus: not supported
cpu_memory_nodes: not supported
active_processor_count: 4
cpu_quota: not supported
cpu_period: not supported
cpu_shares: not supported
memory_limit_in_bytes: unlimited
memory_and_swap_limit_in_bytes: unlimited
memory_soft_limit_in_bytes: unlimited
memory_usage_in_bytes: 2548872 k
memory_max_usage_in_bytes: not supported
memory_swap_current_in_bytes: 820104 k
memory_swap_max_limit_in_bytes: unlimited
maximum number of tasks: 4556
current number of tasks: 135

VMWare virtualization detected
Steal ticks since vm start: 0
Steal ticks percentage since vm start:  0.000

CPU:total 4 (initial active 4) (1 cores per cpu, 1 threads per core) family 25 model 80 stepping 0 microcode 0xffffffff, cmov, cx8, fxsr, mmx, sse, sse2, sse3, ssse3, sse4.1, sse4.2, popcnt, avx, avx2, aes, clmul, erms, mmxext, lzcnt, sse4a, tsc, tscinvbit, tscinv, bmi1, bmi2, adx, sha, fma
CPU Model and flags from /proc/cpuinfo:
model name	: AMD Ryzen 5 5600H with Radeon Graphics
flags		: fpu vme de pse tsc msr pae mce cx8 apic sep mtrr pge mca cmov pat pse36 clflush mmx fxsr sse sse2 syscall nx mmxext pdpe1gb rdtscp lm constant_tsc rep_good nopl tsc_reliable nonstop_tsc cpuid extd_apicid tsc_known_freq pni pclmulqdq ssse3 fma cx16 sse4_1 sse4_2 x2apic movbe popcnt aes xsave avx f16c rdrand hypervisor lahf_lm cr8_legacy abm sse4a misalignsse 3dnowprefetch osvw topoext ibpb vmmcall fsgsbase bmi1 avx2 smep bmi2 erms invpcid rdseed adx smap clflushopt clwb sha_ni xsaveopt xsavec xgetbv1 xsaves clzero arat umip vaes vpclmulqdq rdpid overflow_recov succor fsrm
Online cpus:
0-3
Offline cpus:
4-127
BIOS frequency limitation:
<Not Available>
Frequency switch latency (ns):
<Not Available>
Available cpu frequencies:
<Not Available>
Current governor:
<Not Available>
Core performance/turbo boost:
<Not Available>

Memory: 4k page, physical 3963524k(460636k free), swap 3991548k(2629784k free)

vm_info: OpenJDK 64-Bit Server VM (11.0.22+7-post-Ubuntu-0ubuntu222.04.1) for linux-amd64 JRE (11.0.22+7-post-Ubuntu-0ubuntu222.04.1), built on Feb  5 2024 20:45:01 by "unknown" with gcc 11.4.0

END.
