#
# A fatal error has been detected by the Java Runtime Environment:
#
#  SIGSEGV (0xb) at pc=0x00007fcb5dfede80, pid=32981, tid=32983
#
# JRE version: OpenJDK Runtime Environment (11.0.22+7) (build 11.0.22+7-post-Ubuntu-0ubuntu222.04.1)
# Java VM: OpenJDK 64-Bit Server VM (11.0.22+7-post-Ubuntu-0ubuntu222.04.1, mixed mode, sharing, tiered, compressed oops, g1 gc, linux-amd64)
# Problematic frame:
# C  [libLLVM-13.so+0xbede80]  llvm::BasicBlock::getModule() const+0x0
#
# Core dump will be written. Default location: Core dumps may be processed with "/usr/share/apport/apport -p%p -s%s -c%c -d%d -P%P -u%u -g%g -- %E" (or dumping to /home/ubuntu/Lab/core.32981)
#
# If you would like to submit a bug report, please visit:
#   https://bugs.launchpad.net/ubuntu/+source/openjdk-lts
# The crash happened outside the Java Virtual Machine in native code.
# See problematic frame for where to report the bug.
#

---------------  S U M M A R Y ------------

Command Line: -agentlib:jdwp=transport=dt_socket,address=127.0.0.1:40897,suspend=y,server=n -javaagent:/home/ubuntu/software/idea-IU-233.14475.28/plugins/java/lib/rt/debugger-agent.jar -Dfile.encoding=UTF-8 Main tests/test1.c tests/Actual.ll

Host: AMD Ryzen 5 5600H with Radeon Graphics, 4 cores, 3G, Ubuntu 22.10
Time: Fri May 17 16:07:33 2024 CST elapsed time: 79.478338 seconds (0d 0h 1m 19s)

---------------  T H R E A D  ---------------

Current thread (0x00007fcbd0018800):  JavaThread "main" [_thread_in_native, id=32983, stack(0x00007fcbd7b00000,0x00007fcbd7c00000)]

Stack: [0x00007fcbd7b00000,0x00007fcbd7c00000],  sp=0x00007fcbd7bfdff8,  free space=1015k
Native frames: (J=compiled Java code, A=aot compiled Java code, j=interpreted, Vv=VM code, C=native code)
C  [libLLVM-13.so+0xbede80]  llvm::BasicBlock::getModule() const+0x0

Java frames: (J=compiled Java code, j=interpreted, Vv=VM code)
j  org.bytedeco.llvm.global.LLVM.LLVMBuildAlloca(Lorg/bytedeco/llvm/LLVM/LLVMBuilderRef;Lorg/bytedeco/llvm/LLVM/LLVMTypeRef;Ljava/lang/String;)Lorg/bytedeco/llvm/LLVM/LLVMValueRef;+0
j  myVisitor.visitVarDef(LSysYParser$VarDefContext;)Lorg/bytedeco/llvm/LLVM/LLVMValueRef;+146
j  myVisitor.visitVarDef(LSysYParser$VarDefContext;)Ljava/lang/Object;+2
j  SysYParser$VarDefContext.accept(Lorg/antlr/v4/runtime/tree/ParseTreeVisitor;)Ljava/lang/Object;+12
j  org.antlr.v4.runtime.tree.AbstractParseTreeVisitor.visitChildren(Lorg/antlr/v4/runtime/tree/RuleNode;)Ljava/lang/Object;+46
j  SysYParserBaseVisitor.visitVarDecl(LSysYParser$VarDeclContext;)Ljava/lang/Object;+2
j  SysYParser$VarDeclContext.accept(Lorg/antlr/v4/runtime/tree/ParseTreeVisitor;)Ljava/lang/Object;+12
j  org.antlr.v4.runtime.tree.AbstractParseTreeVisitor.visitChildren(Lorg/antlr/v4/runtime/tree/RuleNode;)Ljava/lang/Object;+46
j  SysYParserBaseVisitor.visitDecl(LSysYParser$DeclContext;)Ljava/lang/Object;+2
j  SysYParser$DeclContext.accept(Lorg/antlr/v4/runtime/tree/ParseTreeVisitor;)Ljava/lang/Object;+12
j  org.antlr.v4.runtime.tree.AbstractParseTreeVisitor.visitChildren(Lorg/antlr/v4/runtime/tree/RuleNode;)Ljava/lang/Object;+46
j  SysYParserBaseVisitor.visitCompUnit(LSysYParser$CompUnitContext;)Ljava/lang/Object;+2
j  SysYParser$CompUnitContext.accept(Lorg/antlr/v4/runtime/tree/ParseTreeVisitor;)Ljava/lang/Object;+12
j  org.antlr.v4.runtime.tree.AbstractParseTreeVisitor.visitChildren(Lorg/antlr/v4/runtime/tree/RuleNode;)Ljava/lang/Object;+46
j  SysYParserBaseVisitor.visitProgram(LSysYParser$ProgramContext;)Ljava/lang/Object;+2
j  SysYParser$ProgramContext.accept(Lorg/antlr/v4/runtime/tree/ParseTreeVisitor;)Ljava/lang/Object;+12
j  org.antlr.v4.runtime.tree.AbstractParseTreeVisitor.visit(Lorg/antlr/v4/runtime/tree/ParseTree;)Ljava/lang/Object;+2
j  Main.main([Ljava/lang/String;)V+79
v  ~StubRoutines::call_stub

siginfo: si_signo: 11 (SIGSEGV), si_code: 1 (SEGV_MAPERR), si_addr: 0x0000000000000038

Register to memory mapping:

RAX=0x00007fcb6c002550 points into unknown readable memory: 0x007265746e696f70 | 70 6f 69 6e 74 65 72 00
RBX={method} {0x00007fcba9d4fec0} 'LLVMBuildAlloca' '(Lorg/bytedeco/llvm/LLVM/LLVMBuilderRef;Lorg/bytedeco/llvm/LLVM/LLVMTypeRef;Ljava/lang/String;)Lorg/bytedeco/llvm/LLVM/LLVMValueRef;' in 'org/bytedeco/llvm/global/LLVM'
RCX=0x000000007265746e is an unknown value
RDX=0x00007fcb6c002550 points into unknown readable memory: 0x007265746e696f70 | 70 6f 69 6e 74 65 72 00
RSP=0x00007fcbd7bfdff8 is pointing into the stack for thread: 0x00007fcbd0018800
RBP=0x00007fcbd03df160 points into unknown readable memory: 0x00007fcbd03df170 | 70 f1 3d d0 cb 7f 00 00
RSI=0x0000000000000101 is an unknown value
RDI=0x0 is NULL
R8 =0x00000000c69e9120 points into unknown readable memory: 0x007265746e696f70 | 70 6f 69 6e 74 65 72 00
R9 =0x0000000000000002 is an unknown value
R10=0x00007fcb5d4d98a0: <offset 0x00000000000d98a0> in /home/ubuntu/.javacpp/cache/llvm-13.0.1-1.5.7-linux-x86_64.jar/org/bytedeco/llvm/linux-x86_64/libLLVM-13.so at 0x00007fcb5d400000
R11=0x00007fcb5e02c610: LLVMBuildAlloca+0x0000000000000000 in /home/ubuntu/.javacpp/cache/llvm-13.0.1-1.5.7-linux-x86_64.jar/org/bytedeco/llvm/linux-x86_64/libLLVM-13.so at 0x00007fcb5d400000
R12=0x0 is NULL
R13=0x00007fcbd0402bd8 points into unknown readable memory: 0x00007fcbd0402450 | 50 24 40 d0 cb 7f 00 00
R14=0x00007fcb6c002550 points into unknown readable memory: 0x007265746e696f70 | 70 6f 69 6e 74 65 72 00
R15=0x00007fcbd0018800 is a thread


Registers:
RAX=0x00007fcb6c002550, RBX=0x00007fcba9d4fec0, RCX=0x000000007265746e, RDX=0x00007fcb6c002550
RSP=0x00007fcbd7bfdff8, RBP=0x00007fcbd03df160, RSI=0x0000000000000101, RDI=0x0000000000000000
R8 =0x00000000c69e9120, R9 =0x0000000000000002, R10=0x00007fcb5d4d98a0, R11=0x00007fcb5e02c610
R12=0x0000000000000000, R13=0x00007fcbd0402bd8, R14=0x00007fcb6c002550, R15=0x00007fcbd0018800
RIP=0x00007fcb5dfede80, EFLAGS=0x0000000000010202, CSGSFS=0x002b000000000033, ERR=0x0000000000000004
  TRAPNO=0x000000000000000e

Top of Stack: (sp=0x00007fcbd7bfdff8)
0x00007fcbd7bfdff8:   00007fcb5e02c645 00007fcb6c002550
0x00007fcbd7bfe008:   00007fcbd0018800 00007fcbd0018800
0x00007fcbd7bfe018:   0000000000000000 00007fcbd0010103
0x00007fcbd7bfe028:   00007fcbd0129ca0 0000000000000008 

Instructions: (pc=0x00007fcb5dfede80)
0x00007fcb5dfedd80:   ff 66 0f ef c0 48 89 02 48 89 50 08 41 0f 11 45
0x00007fcb5dfedd90:   00 e8 5a 4b 17 00 4c 39 f3 75 c5 4d 8b 6c 24 30
0x00007fcb5dfedda0:   4c 39 ed 74 3b 0f 1f 00 4c 89 eb 48 89 ef 4d 8b
0x00007fcb5dfeddb0:   6d 08 4c 8d 73 e8 4c 89 f6 e8 42 fd ff ff 48 8b
0x00007fcb5dfeddc0:   03 48 8b 53 08 66 0f ef c9 4c 89 f7 48 89 02 48
0x00007fcb5dfeddd0:   89 50 08 0f 11 0b e8 15 4b 17 00 4c 39 ed 75 c8
0x00007fcb5dfedde0:   48 83 c4 08 4c 89 e7 5b 5d 41 5c 41 5d 41 5e 41
0x00007fcb5dfeddf0:   5f e9 fa 48 17 00 66 2e 0f 1f 84 00 00 00 00 00
0x00007fcb5dfede00:   48 8d 4b e8 48 89 c8 48 29 d0 e9 11 ff ff ff 90
0x00007fcb5dfede10:   48 8b 07 48 8b 38 e8 45 13 16 00 31 d2 be 01 00
0x00007fcb5dfede20:   00 00 48 89 c7 e8 b6 2a 02 00 48 89 c3 49 8b 44
0x00007fcb5dfede30:   24 08 48 85 c0 0f 84 a2 fe ff ff 0f 1f 44 00 00
0x00007fcb5dfede40:   48 8b 68 18 31 d2 48 89 df 48 8b 75 00 e8 ae bc
0x00007fcb5dfede50:   02 00 48 89 ef 48 89 c6 e8 63 65 17 00 48 89 ef
0x00007fcb5dfede60:   e8 4b 81 02 00 49 8b 44 24 08 48 85 c0 75 d1 e9
0x00007fcb5dfede70:   69 fe ff ff 66 2e 0f 1f 84 00 00 00 00 00 66 90
0x00007fcb5dfede80:   48 8b 47 38 48 8b 40 28 c3 0f 1f 80 00 00 00 00
0x00007fcb5dfede90:   48 8b 47 28 48 83 c7 28 48 39 f8 74 2b 48 85 c0
0x00007fcb5dfedea0:   0f 84 9e 9d d3 ff 4c 8d 40 e8 0f b6 40 f8 83 e8
0x00007fcb5dfedeb0:   1b 83 f8 0b b8 00 00 00 00 4c 0f 43 c0 4c 89 c0
0x00007fcb5dfedec0:   c3 0f 1f 80 00 00 00 00 45 31 c0 eb f0 0f 1f 00
0x00007fcb5dfeded0:   48 8b 47 28 48 8d 57 28 48 39 d0 0f 84 af 00 00
0x00007fcb5dfedee0:   00 48 85 c0 0f 84 64 9d d3 ff 45 31 c0 80 78 f8
0x00007fcb5dfedef0:   1b 75 23 48 8b 57 30 48 8d 48 e8 48 85 d2 74 09
0x00007fcb5dfedf00:   48 83 ea 18 48 39 d1 74 0d 48 8b 50 10 45 31 c0
0x00007fcb5dfedf10:   48 39 42 30 75 0a 4c 89 c0 c3 66 0f 1f 44 00 00
0x00007fcb5dfedf20:   4c 8b 00 4d 85 c0 74 ee 8b 50 fc 49 8d 48 e8 81
0x00007fcb5dfedf30:   e2 ff ff ff 07 74 3e 89 d2 48 f7 da 48 c1 e2 05
0x00007fcb5dfedf40:   48 8b 44 10 e8 48 85 c0 74 2b 48 39 c1 75 41 41
0x00007fcb5dfedf50:   80 78 f8 4b 75 1f 49 8b 40 10 4c 39 40 30 74 30
0x00007fcb5dfedf60:   49 8b 48 c8 4d 8b 00 4d 85 c0 74 aa 49 83 e8 18
0x00007fcb5dfedf70:   4c 39 c1 75 1b 45 31 c0 80 79 10 52 75 98 0f b7 


Stack slot to memory mapping:
stack at sp + 0 slots: 0x00007fcb5e02c645: LLVMBuildAlloca+0x0000000000000035 in /home/ubuntu/.javacpp/cache/llvm-13.0.1-1.5.7-linux-x86_64.jar/org/bytedeco/llvm/linux-x86_64/libLLVM-13.so at 0x00007fcb5d400000
stack at sp + 1 slots: 0x00007fcb6c002550 points into unknown readable memory: 0x007265746e696f70 | 70 6f 69 6e 74 65 72 00
stack at sp + 2 slots: 0x00007fcbd0018800 is a thread
stack at sp + 3 slots: 0x00007fcbd0018800 is a thread
stack at sp + 4 slots: 0x0 is NULL
stack at sp + 5 slots: 0x00007fcbd0010103 points into unknown readable memory: 00 00 00 06 00
stack at sp + 6 slots: 0x00007fcbd0129ca0 points into unknown readable memory: 0x00000000c69e9110 | 10 91 9e c6 00 00 00 00
stack at sp + 7 slots: 0x0000000000000008 is an unknown value


---------------  P R O C E S S  ---------------

Threads class SMR info:
_java_thread_list=0x00007fcb6c0015c0, length=11, elements={
0x00007fcbd0018800, 0x00007fcbd012b800, 0x00007fcbd012d800, 0x00007fcbd0132000,
0x00007fcbd0134000, 0x00007fcbd0136000, 0x00007fcbd0138000, 0x00007fcbd013a000,
0x00007fcbd0148000, 0x00007fcbd01bd800, 0x00007fcbd023f000
}

Java Threads: ( => current thread )
=>0x00007fcbd0018800 JavaThread "main" [_thread_in_native, id=32983, stack(0x00007fcbd7b00000,0x00007fcbd7c00000)]
  0x00007fcbd012b800 JavaThread "Reference Handler" daemon [_thread_blocked, id=33003, stack(0x00007fcbb80fc000,0x00007fcbb81fc000)]
  0x00007fcbd012d800 JavaThread "Finalizer" daemon [_thread_blocked, id=33004, stack(0x00007fcba9700000,0x00007fcba9800000)]
  0x00007fcbd0132000 JavaThread "Signal Dispatcher" daemon [_thread_blocked, id=33005, stack(0x00007fcba9600000,0x00007fcba9700000)]
  0x00007fcbd0134000 JavaThread "Service Thread" daemon [_thread_blocked, id=33006, stack(0x00007fcba9500000,0x00007fcba9600000)]
  0x00007fcbd0136000 JavaThread "C2 CompilerThread0" daemon [_thread_blocked, id=33007, stack(0x00007fcba9400000,0x00007fcba9500000)]
  0x00007fcbd0138000 JavaThread "C1 CompilerThread0" daemon [_thread_blocked, id=33008, stack(0x00007fcba9300000,0x00007fcba9400000)]
  0x00007fcbd013a000 JavaThread "Sweeper thread" daemon [_thread_blocked, id=33009, stack(0x00007fcba9200000,0x00007fcba9300000)]
  0x00007fcbd0148000 JavaThread "Common-Cleaner" daemon [_thread_blocked, id=33010, stack(0x00007fcba9100000,0x00007fcba9200000)]
  0x00007fcbd01bd800 JavaThread "JDWP Event Helper Thread" daemon [_thread_blocked, id=33016, stack(0x00007fcba8f00000,0x00007fcba9000000)]
  0x00007fcbd023f000 JavaThread "JavaCPP Deallocator" daemon [_thread_blocked, id=33020, stack(0x00007fcba8bff000,0x00007fcba8cff000)]

Other Threads:
  0x00007fcbd0128800 VMThread "VM Thread" [stack: 0x00007fcbb81fd000,0x00007fcbb82fd000] [id=33002]
  0x00007fcbd01cf000 WatcherThread [stack: 0x00007fcba8d00000,0x00007fcba8e00000] [id=33019]
  0x00007fcbd0033000 GCTaskThread "GC Thread#0" [stack: 0x00007fcbd6c15000,0x00007fcbd6d15000] [id=32989]
  0x00007fcbd004d800 ConcurrentGCThread "G1 Main Marker" [stack: 0x00007fcbd4324000,0x00007fcbd4424000] [id=32990]
  0x00007fcbd004f800 ConcurrentGCThread "G1 Conc#0" [stack: 0x00007fcbd4223000,0x00007fcbd4323000] [id=32991]
  0x00007fcbd0093000 ConcurrentGCThread "G1 Refine#0" [stack: 0x00007fcbb83ff000,0x00007fcbb84ff000] [id=32993]
  0x00007fcbd0095000 ConcurrentGCThread "G1 Young RemSet Sampling" [stack: 0x00007fcbb82fe000,0x00007fcbb83fe000] [id=32995]

Threads with active compile tasks:

VM state:not at safepoint (normal execution)

VM Mutex/Monitor currently owned by a thread: None

Heap address: 0x00000000c3800000, size: 968 MB, Compressed Oops mode: 32-bit
Narrow klass base: 0x0000000800000000, Narrow klass shift: 3
Compressed class space size: 1073741824 Address: 0x0000000840000000

Heap:
 garbage-first heap   total 65536K, used 13008K [0x00000000c3800000, 0x0000000100000000)
  region size 1024K, 13 young (13312K), 0 survivors (0K)
 Metaspace       used 3624K, capacity 6454K, committed 6656K, reserved 1056768K
  class space    used 397K, capacity 681K, committed 768K, reserved 1048576K
Heap Regions: E=young(eden), S=young(survivor), O=old, HS=humongous(starts), HC=humongous(continues), CS=collection set, F=free, A=archive, TAMS=top-at-mark-start (previous, next)
|   0|0x00000000c3800000, 0x00000000c3800000, 0x00000000c3900000|  0%| F|  |TAMS 0x00000000c3800000, 0x00000000c3800000| Untracked 
|   1|0x00000000c3900000, 0x00000000c3900000, 0x00000000c3a00000|  0%| F|  |TAMS 0x00000000c3900000, 0x00000000c3900000| Untracked 
|   2|0x00000000c3a00000, 0x00000000c3a00000, 0x00000000c3b00000|  0%| F|  |TAMS 0x00000000c3a00000, 0x00000000c3a00000| Untracked 
|   3|0x00000000c3b00000, 0x00000000c3b00000, 0x00000000c3c00000|  0%| F|  |TAMS 0x00000000c3b00000, 0x00000000c3b00000| Untracked 
|   4|0x00000000c3c00000, 0x00000000c3c00000, 0x00000000c3d00000|  0%| F|  |TAMS 0x00000000c3c00000, 0x00000000c3c00000| Untracked 
|   5|0x00000000c3d00000, 0x00000000c3d00000, 0x00000000c3e00000|  0%| F|  |TAMS 0x00000000c3d00000, 0x00000000c3d00000| Untracked 
|   6|0x00000000c3e00000, 0x00000000c3e00000, 0x00000000c3f00000|  0%| F|  |TAMS 0x00000000c3e00000, 0x00000000c3e00000| Untracked 
|   7|0x00000000c3f00000, 0x00000000c3f00000, 0x00000000c4000000|  0%| F|  |TAMS 0x00000000c3f00000, 0x00000000c3f00000| Untracked 
|   8|0x00000000c4000000, 0x00000000c4000000, 0x00000000c4100000|  0%| F|  |TAMS 0x00000000c4000000, 0x00000000c4000000| Untracked 
|   9|0x00000000c4100000, 0x00000000c4100000, 0x00000000c4200000|  0%| F|  |TAMS 0x00000000c4100000, 0x00000000c4100000| Untracked 
|  10|0x00000000c4200000, 0x00000000c4200000, 0x00000000c4300000|  0%| F|  |TAMS 0x00000000c4200000, 0x00000000c4200000| Untracked 
|  11|0x00000000c4300000, 0x00000000c4300000, 0x00000000c4400000|  0%| F|  |TAMS 0x00000000c4300000, 0x00000000c4300000| Untracked 
|  12|0x00000000c4400000, 0x00000000c4400000, 0x00000000c4500000|  0%| F|  |TAMS 0x00000000c4400000, 0x00000000c4400000| Untracked 
|  13|0x00000000c4500000, 0x00000000c4500000, 0x00000000c4600000|  0%| F|  |TAMS 0x00000000c4500000, 0x00000000c4500000| Untracked 
|  14|0x00000000c4600000, 0x00000000c4600000, 0x00000000c4700000|  0%| F|  |TAMS 0x00000000c4600000, 0x00000000c4600000| Untracked 
|  15|0x00000000c4700000, 0x00000000c4700000, 0x00000000c4800000|  0%| F|  |TAMS 0x00000000c4700000, 0x00000000c4700000| Untracked 
|  16|0x00000000c4800000, 0x00000000c4800000, 0x00000000c4900000|  0%| F|  |TAMS 0x00000000c4800000, 0x00000000c4800000| Untracked 
|  17|0x00000000c4900000, 0x00000000c4900000, 0x00000000c4a00000|  0%| F|  |TAMS 0x00000000c4900000, 0x00000000c4900000| Untracked 
|  18|0x00000000c4a00000, 0x00000000c4a00000, 0x00000000c4b00000|  0%| F|  |TAMS 0x00000000c4a00000, 0x00000000c4a00000| Untracked 
|  19|0x00000000c4b00000, 0x00000000c4b00000, 0x00000000c4c00000|  0%| F|  |TAMS 0x00000000c4b00000, 0x00000000c4b00000| Untracked 
|  20|0x00000000c4c00000, 0x00000000c4c00000, 0x00000000c4d00000|  0%| F|  |TAMS 0x00000000c4c00000, 0x00000000c4c00000| Untracked 
|  21|0x00000000c4d00000, 0x00000000c4d00000, 0x00000000c4e00000|  0%| F|  |TAMS 0x00000000c4d00000, 0x00000000c4d00000| Untracked 
|  22|0x00000000c4e00000, 0x00000000c4e00000, 0x00000000c4f00000|  0%| F|  |TAMS 0x00000000c4e00000, 0x00000000c4e00000| Untracked 
|  23|0x00000000c4f00000, 0x00000000c4f00000, 0x00000000c5000000|  0%| F|  |TAMS 0x00000000c4f00000, 0x00000000c4f00000| Untracked 
|  24|0x00000000c5000000, 0x00000000c5000000, 0x00000000c5100000|  0%| F|  |TAMS 0x00000000c5000000, 0x00000000c5000000| Untracked 
|  25|0x00000000c5100000, 0x00000000c5100000, 0x00000000c5200000|  0%| F|  |TAMS 0x00000000c5100000, 0x00000000c5100000| Untracked 
|  26|0x00000000c5200000, 0x00000000c5200000, 0x00000000c5300000|  0%| F|  |TAMS 0x00000000c5200000, 0x00000000c5200000| Untracked 
|  27|0x00000000c5300000, 0x00000000c5300000, 0x00000000c5400000|  0%| F|  |TAMS 0x00000000c5300000, 0x00000000c5300000| Untracked 
|  28|0x00000000c5400000, 0x00000000c5400000, 0x00000000c5500000|  0%| F|  |TAMS 0x00000000c5400000, 0x00000000c5400000| Untracked 
|  29|0x00000000c5500000, 0x00000000c5500000, 0x00000000c5600000|  0%| F|  |TAMS 0x00000000c5500000, 0x00000000c5500000| Untracked 
|  30|0x00000000c5600000, 0x00000000c5600000, 0x00000000c5700000|  0%| F|  |TAMS 0x00000000c5600000, 0x00000000c5600000| Untracked 
|  31|0x00000000c5700000, 0x00000000c5700000, 0x00000000c5800000|  0%| F|  |TAMS 0x00000000c5700000, 0x00000000c5700000| Untracked 
|  32|0x00000000c5800000, 0x00000000c5800000, 0x00000000c5900000|  0%| F|  |TAMS 0x00000000c5800000, 0x00000000c5800000| Untracked 
|  33|0x00000000c5900000, 0x00000000c5900000, 0x00000000c5a00000|  0%| F|  |TAMS 0x00000000c5900000, 0x00000000c5900000| Untracked 
|  34|0x00000000c5a00000, 0x00000000c5a00000, 0x00000000c5b00000|  0%| F|  |TAMS 0x00000000c5a00000, 0x00000000c5a00000| Untracked 
|  35|0x00000000c5b00000, 0x00000000c5b00000, 0x00000000c5c00000|  0%| F|  |TAMS 0x00000000c5b00000, 0x00000000c5b00000| Untracked 
|  36|0x00000000c5c00000, 0x00000000c5c00000, 0x00000000c5d00000|  0%| F|  |TAMS 0x00000000c5c00000, 0x00000000c5c00000| Untracked 
|  37|0x00000000c5d00000, 0x00000000c5d00000, 0x00000000c5e00000|  0%| F|  |TAMS 0x00000000c5d00000, 0x00000000c5d00000| Untracked 
|  38|0x00000000c5e00000, 0x00000000c5e00000, 0x00000000c5f00000|  0%| F|  |TAMS 0x00000000c5e00000, 0x00000000c5e00000| Untracked 
|  39|0x00000000c5f00000, 0x00000000c5f00000, 0x00000000c6000000|  0%| F|  |TAMS 0x00000000c5f00000, 0x00000000c5f00000| Untracked 
|  40|0x00000000c6000000, 0x00000000c6000000, 0x00000000c6100000|  0%| F|  |TAMS 0x00000000c6000000, 0x00000000c6000000| Untracked 
|  41|0x00000000c6100000, 0x00000000c6100000, 0x00000000c6200000|  0%| F|  |TAMS 0x00000000c6100000, 0x00000000c6100000| Untracked 
|  42|0x00000000c6200000, 0x00000000c6200000, 0x00000000c6300000|  0%| F|  |TAMS 0x00000000c6200000, 0x00000000c6200000| Untracked 
|  43|0x00000000c6300000, 0x00000000c6300000, 0x00000000c6400000|  0%| F|  |TAMS 0x00000000c6300000, 0x00000000c6300000| Untracked 
|  44|0x00000000c6400000, 0x00000000c6400000, 0x00000000c6500000|  0%| F|  |TAMS 0x00000000c6400000, 0x00000000c6400000| Untracked 
|  45|0x00000000c6500000, 0x00000000c6500000, 0x00000000c6600000|  0%| F|  |TAMS 0x00000000c6500000, 0x00000000c6500000| Untracked 
|  46|0x00000000c6600000, 0x00000000c6600000, 0x00000000c6700000|  0%| F|  |TAMS 0x00000000c6600000, 0x00000000c6600000| Untracked 
|  47|0x00000000c6700000, 0x00000000c6700000, 0x00000000c6800000|  0%| F|  |TAMS 0x00000000c6700000, 0x00000000c6700000| Untracked 
|  48|0x00000000c6800000, 0x00000000c6800000, 0x00000000c6900000|  0%| F|  |TAMS 0x00000000c6800000, 0x00000000c6800000| Untracked 
|  49|0x00000000c6900000, 0x00000000c6a00000, 0x00000000c6a00000|100%| E|  |TAMS 0x00000000c6900000, 0x00000000c6900000| Complete 
|  50|0x00000000c6a00000, 0x00000000c6b00000, 0x00000000c6b00000|100%| E|CS|TAMS 0x00000000c6a00000, 0x00000000c6a00000| Complete 
|  51|0x00000000c6b00000, 0x00000000c6c00000, 0x00000000c6c00000|100%| E|CS|TAMS 0x00000000c6b00000, 0x00000000c6b00000| Complete 
|  52|0x00000000c6c00000, 0x00000000c6d00000, 0x00000000c6d00000|100%| E|CS|TAMS 0x00000000c6c00000, 0x00000000c6c00000| Complete 
|  53|0x00000000c6d00000, 0x00000000c6e00000, 0x00000000c6e00000|100%| E|CS|TAMS 0x00000000c6d00000, 0x00000000c6d00000| Complete 
|  54|0x00000000c6e00000, 0x00000000c6f00000, 0x00000000c6f00000|100%| E|CS|TAMS 0x00000000c6e00000, 0x00000000c6e00000| Complete 
|  55|0x00000000c6f00000, 0x00000000c7000000, 0x00000000c7000000|100%| E|CS|TAMS 0x00000000c6f00000, 0x00000000c6f00000| Complete 
|  56|0x00000000c7000000, 0x00000000c7100000, 0x00000000c7100000|100%| E|CS|TAMS 0x00000000c7000000, 0x00000000c7000000| Complete 
|  57|0x00000000c7100000, 0x00000000c7200000, 0x00000000c7200000|100%| E|CS|TAMS 0x00000000c7100000, 0x00000000c7100000| Complete 
|  58|0x00000000c7200000, 0x00000000c7300000, 0x00000000c7300000|100%| E|CS|TAMS 0x00000000c7200000, 0x00000000c7200000| Complete 
|  59|0x00000000c7300000, 0x00000000c7400000, 0x00000000c7400000|100%| E|CS|TAMS 0x00000000c7300000, 0x00000000c7300000| Complete 
|  60|0x00000000c7400000, 0x00000000c7500000, 0x00000000c7500000|100%| E|CS|TAMS 0x00000000c7400000, 0x00000000c7400000| Complete 
|  61|0x00000000c7500000, 0x00000000c7600000, 0x00000000c7600000|100%| E|CS|TAMS 0x00000000c7500000, 0x00000000c7500000| Complete 
| 966|0x00000000ffe00000, 0x00000000ffe48000, 0x00000000fff00000| 28%|OA|  |TAMS 0x00000000ffe00000, 0x00000000ffe00000| Untracked 
| 967|0x00000000fff00000, 0x00000000fff6c000, 0x0000000100000000| 42%|CA|  |TAMS 0x00000000fff00000, 0x00000000fff00000| Untracked 

Card table byte_map: [0x00007fcbd6448000,0x00007fcbd662c000] _byte_map_base: 0x00007fcbd5e2c000

Marking Bits (Prev, Next): (CMBitMap*) 0x00007fcbd0048f88, (CMBitMap*) 0x00007fcbd0048fc0
 Prev Bits: [0x00007fcbd5344000, 0x00007fcbd6264000)
 Next Bits: [0x00007fcbd4424000, 0x00007fcbd5344000)

Polling page: 0x00007fcbd9268000

Metaspace:

Usage:
  Non-class:      5.64 MB capacity,     3.15 MB ( 56%) used,     2.48 MB ( 44%) free+waste,     5.69 KB ( <1%) overhead. 
      Class:    681.00 KB capacity,   397.26 KB ( 58%) used,   280.87 KB ( 41%) free+waste,     2.88 KB ( <1%) overhead. 
       Both:      6.30 MB capacity,     3.54 MB ( 56%) used,     2.75 MB ( 44%) free+waste,     8.56 KB ( <1%) overhead. 

Virtual space:
  Non-class space:        8.00 MB reserved,       5.75 MB ( 72%) committed 
      Class space:        1.00 GB reserved,     768.00 KB ( <1%) committed 
             Both:        1.01 GB reserved,       6.50 MB ( <1%) committed 

Chunk freelists:
   Non-Class:  51.00 KB
       Class:  23.00 KB
        Both:  74.00 KB

MaxMetaspaceSize: unlimited
CompressedClassSpaceSize: 1.00 GB
Initial GC threshold: 20.80 MB
Current GC threshold: 20.80 MB
CDS: on

CodeHeap 'non-profiled nmethods': size=120032Kb used=187Kb max_used=187Kb free=119844Kb
 bounds [0x00007fcbc00c8000, 0x00007fcbc0338000, 0x00007fcbc7600000]
CodeHeap 'profiled nmethods': size=120032Kb used=1224Kb max_used=1224Kb free=118807Kb
 bounds [0x00007fcbb8b90000, 0x00007fcbb8e00000, 0x00007fcbc00c8000]
CodeHeap 'non-nmethods': size=5696Kb used=1200Kb max_used=1214Kb free=4495Kb
 bounds [0x00007fcbb8600000, 0x00007fcbb8870000, 0x00007fcbb8b90000]
 total_blobs=1054 nmethods=663 adapters=313
 compilation: enabled
              stopped_count=0, restarted_count=0
 full_count=0

Compilation events (20 events):
Event: 0.438 Thread 0x00007fcbd0138000 nmethod 657 0x00007fcbb8cbd490 code [0x00007fcbb8cbd640, 0x00007fcbb8cbd870]
Event: 0.438 Thread 0x00007fcbd0138000  656       1       java.util.zip.ZipEntry::getName (5 bytes)
Event: 0.438 Thread 0x00007fcbd0138000 nmethod 656 0x00007fcbc00f4a90 code [0x00007fcbc00f4c40, 0x00007fcbc00f4d10]
Event: 0.438 Thread 0x00007fcbd0138000  658   !   3       jdk.internal.loader.URLClassPath$FileLoader::getResource (164 bytes)
Event: 0.438 Thread 0x00007fcbd0138000 nmethod 658 0x00007fcbb8cbd990 code [0x00007fcbb8cbdca0, 0x00007fcbb8cbec00]
Event: 0.438 Thread 0x00007fcbd0138000  659       3       java.util.zip.ZipFile$Source::getEntryPos (9 bytes)
Event: 0.439 Thread 0x00007fcbd0138000 nmethod 659 0x00007fcbb8cbf410 code [0x00007fcbb8cbf5c0, 0x00007fcbb8cbf710]
Event: 0.439 Thread 0x00007fcbd0138000  660       3       java.io.RandomAccessFile::seek (22 bytes)
Event: 0.439 Thread 0x00007fcbd0138000 nmethod 660 0x00007fcbb8cbf810 code [0x00007fcbb8cbf9e0, 0x00007fcbb8cbfc70]
Event: 0.439 Thread 0x00007fcbd0138000  661       3       java.lang.ClassLoader::definePackage (84 bytes)
Event: 0.441 Thread 0x00007fcbd0138000 nmethod 661 0x00007fcbb8cbfd90 code [0x00007fcbb8cc00a0, 0x00007fcbb8cc1270]
Event: 0.441 Thread 0x00007fcbd0138000  662       3       java.lang.Package::isSealed (26 bytes)
Event: 0.441 Thread 0x00007fcbd0138000 nmethod 662 0x00007fcbb8cc1810 code [0x00007fcbb8cc19e0, 0x00007fcbb8cc1d10]
Event: 0.441 Thread 0x00007fcbd0138000  663       3       java.lang.ref.PhantomReference::<init> (7 bytes)
Event: 0.441 Thread 0x00007fcbd0138000 nmethod 663 0x00007fcbb8cc1e10 code [0x00007fcbb8cc1fe0, 0x00007fcbb8cc22d0]
Event: 0.468 Thread 0x00007fcbd0136000 nmethod 618 0x00007fcbc00f4d90 code [0x00007fcbc00f4f60, 0x00007fcbc00f5bb8]
Event: 0.468 Thread 0x00007fcbd0136000  624       4       java.lang.AbstractStringBuilder::append (45 bytes)
Event: 0.472 Thread 0x00007fcbd0136000 nmethod 624 0x00007fcbc00f5f10 code [0x00007fcbc00f60c0, 0x00007fcbc00f6678]
Event: 0.472 Thread 0x00007fcbd0136000  632       4       java.util.zip.ZipUtils::get16 (21 bytes)
Event: 0.472 Thread 0x00007fcbd0136000 nmethod 632 0x00007fcbc00f6a90 code [0x00007fcbc00f6c20, 0x00007fcbc00f6cb8]

GC Heap History (0 events):
No events

Deoptimization events (20 events):
Event: 0.396 Thread 0x00007fcbd0018800 DEOPT PACKING pc=0x00007fcbb8c741d4 sp=0x00007fcbd7bfbaa0
Event: 0.396 Thread 0x00007fcbd0018800 DEOPT UNPACKING pc=0x00007fcbb864a64a sp=0x00007fcbd7bfaf90 mode 1
Event: 0.396 Thread 0x00007fcbd0018800 DEOPT PACKING pc=0x00007fcbb8c741d4 sp=0x00007fcbd7bfbaa0
Event: 0.396 Thread 0x00007fcbd0018800 DEOPT UNPACKING pc=0x00007fcbb864a64a sp=0x00007fcbd7bfaf90 mode 1
Event: 0.396 Thread 0x00007fcbd0018800 DEOPT PACKING pc=0x00007fcbb8c741d4 sp=0x00007fcbd7bfbaa0
Event: 0.396 Thread 0x00007fcbd0018800 DEOPT UNPACKING pc=0x00007fcbb864a64a sp=0x00007fcbd7bfaf90 mode 1
Event: 0.396 Thread 0x00007fcbd0018800 DEOPT PACKING pc=0x00007fcbb8c741d4 sp=0x00007fcbd7bfbaa0
Event: 0.396 Thread 0x00007fcbd0018800 DEOPT UNPACKING pc=0x00007fcbb864a64a sp=0x00007fcbd7bfaf90 mode 1
Event: 0.396 Thread 0x00007fcbd0018800 DEOPT PACKING pc=0x00007fcbb8c741d4 sp=0x00007fcbd7bfbaa0
Event: 0.396 Thread 0x00007fcbd0018800 DEOPT UNPACKING pc=0x00007fcbb864a64a sp=0x00007fcbd7bfaf90 mode 1
Event: 0.396 Thread 0x00007fcbd0018800 DEOPT PACKING pc=0x00007fcbb8c741d4 sp=0x00007fcbd7bfbaa0
Event: 0.396 Thread 0x00007fcbd0018800 DEOPT UNPACKING pc=0x00007fcbb864a64a sp=0x00007fcbd7bfaf90 mode 1
Event: 0.396 Thread 0x00007fcbd0018800 DEOPT PACKING pc=0x00007fcbb8c741d4 sp=0x00007fcbd7bfbaa0
Event: 0.396 Thread 0x00007fcbd0018800 DEOPT UNPACKING pc=0x00007fcbb864a64a sp=0x00007fcbd7bfaf90 mode 1
Event: 0.396 Thread 0x00007fcbd0018800 DEOPT PACKING pc=0x00007fcbb8c741d4 sp=0x00007fcbd7bfbaa0
Event: 0.396 Thread 0x00007fcbd0018800 DEOPT UNPACKING pc=0x00007fcbb864a64a sp=0x00007fcbd7bfaf90 mode 1
Event: 0.408 Thread 0x00007fcbd0018800 DEOPT PACKING pc=0x00007fcbb8c0fe7e sp=0x00007fcbd7bfd0f0
Event: 0.408 Thread 0x00007fcbd0018800 DEOPT UNPACKING pc=0x00007fcbb864a64a sp=0x00007fcbd7bfc578 mode 0
Event: 0.411 Thread 0x00007fcbd0018800 DEOPT PACKING pc=0x00007fcbb8c0eb0a sp=0x00007fcbd7bfd060
Event: 0.411 Thread 0x00007fcbd0018800 DEOPT UNPACKING pc=0x00007fcbb864a64a sp=0x00007fcbd7bfc508 mode 0

Classes redefined (0 events):
No events

Internal exceptions (20 events):
Event: 0.396 Thread 0x00007fcbd0018800 Exception <a 'java/security/PrivilegedActionException'{0x00000000c6cfc360}> (0x00000000c6cfc360) thrown at [./src/hotspot/share/prims/jvm.cpp, line 1304]
Event: 0.396 Thread 0x00007fcbd0018800 Exception <a 'java/security/PrivilegedActionException'{0x00000000c6cfc630}> (0x00000000c6cfc630) thrown at [./src/hotspot/share/prims/jvm.cpp, line 1304]
Event: 0.396 Thread 0x00007fcbd0018800 Exception <a 'java/security/PrivilegedActionException'{0x00000000c6cfcf80}> (0x00000000c6cfcf80) thrown at [./src/hotspot/share/prims/jvm.cpp, line 1304]
Event: 0.396 Thread 0x00007fcbd0018800 Exception <a 'java/security/PrivilegedActionException'{0x00000000c6cfd250}> (0x00000000c6cfd250) thrown at [./src/hotspot/share/prims/jvm.cpp, line 1304]
Event: 0.396 Thread 0x00007fcbd0018800 Exception <a 'java/security/PrivilegedActionException'{0x00000000c6cfdbd8}> (0x00000000c6cfdbd8) thrown at [./src/hotspot/share/prims/jvm.cpp, line 1304]
Event: 0.396 Thread 0x00007fcbd0018800 Exception <a 'java/security/PrivilegedActionException'{0x00000000c6cfdea8}> (0x00000000c6cfdea8) thrown at [./src/hotspot/share/prims/jvm.cpp, line 1304]
Event: 0.396 Thread 0x00007fcbd0018800 Exception <a 'java/security/PrivilegedActionException'{0x00000000c6cfe818}> (0x00000000c6cfe818) thrown at [./src/hotspot/share/prims/jvm.cpp, line 1304]
Event: 0.396 Thread 0x00007fcbd0018800 Exception <a 'java/security/PrivilegedActionException'{0x00000000c6cfeae8}> (0x00000000c6cfeae8) thrown at [./src/hotspot/share/prims/jvm.cpp, line 1304]
Event: 0.396 Thread 0x00007fcbd0018800 Exception <a 'java/security/PrivilegedActionException'{0x00000000c6cff458}> (0x00000000c6cff458) thrown at [./src/hotspot/share/prims/jvm.cpp, line 1304]
Event: 0.396 Thread 0x00007fcbd0018800 Exception <a 'java/security/PrivilegedActionException'{0x00000000c6cff728}> (0x00000000c6cff728) thrown at [./src/hotspot/share/prims/jvm.cpp, line 1304]
Event: 0.396 Thread 0x00007fcbd0018800 Exception <a 'java/security/PrivilegedActionException'{0x00000000c6b002f8}> (0x00000000c6b002f8) thrown at [./src/hotspot/share/prims/jvm.cpp, line 1304]
Event: 0.396 Thread 0x00007fcbd0018800 Exception <a 'java/security/PrivilegedActionException'{0x00000000c6b00910}> (0x00000000c6b00910) thrown at [./src/hotspot/share/prims/jvm.cpp, line 1304]
Event: 0.396 Thread 0x00007fcbd0018800 Exception <a 'java/security/PrivilegedActionException'{0x00000000c6b01298}> (0x00000000c6b01298) thrown at [./src/hotspot/share/prims/jvm.cpp, line 1304]
Event: 0.396 Thread 0x00007fcbd0018800 Exception <a 'java/security/PrivilegedActionException'{0x00000000c6b01568}> (0x00000000c6b01568) thrown at [./src/hotspot/share/prims/jvm.cpp, line 1304]
Event: 0.396 Thread 0x00007fcbd0018800 Exception <a 'java/security/PrivilegedActionException'{0x00000000c6b01ef0}> (0x00000000c6b01ef0) thrown at [./src/hotspot/share/prims/jvm.cpp, line 1304]
Event: 0.396 Thread 0x00007fcbd0018800 Exception <a 'java/security/PrivilegedActionException'{0x00000000c6b021c0}> (0x00000000c6b021c0) thrown at [./src/hotspot/share/prims/jvm.cpp, line 1304]
Event: 0.396 Thread 0x00007fcbd0018800 Exception <a 'java/security/PrivilegedActionException'{0x00000000c6b02b30}> (0x00000000c6b02b30) thrown at [./src/hotspot/share/prims/jvm.cpp, line 1304]
Event: 0.396 Thread 0x00007fcbd0018800 Exception <a 'java/security/PrivilegedActionException'{0x00000000c6b02e00}> (0x00000000c6b02e00) thrown at [./src/hotspot/share/prims/jvm.cpp, line 1304]
Event: 0.396 Thread 0x00007fcbd0018800 Exception <a 'java/security/PrivilegedActionException'{0x00000000c6b03788}> (0x00000000c6b03788) thrown at [./src/hotspot/share/prims/jvm.cpp, line 1304]
Event: 0.396 Thread 0x00007fcbd0018800 Exception <a 'java/security/PrivilegedActionException'{0x00000000c6b03a58}> (0x00000000c6b03a58) thrown at [./src/hotspot/share/prims/jvm.cpp, line 1304]

Events (20 events):
Event: 76.508 Executing VM operation: GetFrameCount
Event: 76.508 Executing VM operation: GetFrameCount done
Event: 76.509 Executing VM operation: GetFrameCount
Event: 76.509 Executing VM operation: GetFrameCount done
Event: 76.509 Executing VM operation: GetStackTrace
Event: 76.509 Executing VM operation: GetStackTrace done
Event: 76.510 Executing VM operation: GetOrSetLocal
Event: 76.510 Executing VM operation: GetOrSetLocal done
Event: 76.510 Executing VM operation: GetOrSetLocal
Event: 76.510 Executing VM operation: GetOrSetLocal done
Event: 79.475 Executing VM operation: ChangeBreakpoints
Event: 79.475 Executing VM operation: ChangeBreakpoints done
Event: 79.476 Thread 0x00007fcb74001800 Thread exited: 0x00007fcb74001800
Event: 79.476 Executing VM operation: ChangeBreakpoints
Event: 79.477 Executing VM operation: ChangeBreakpoints done
Event: 79.477 Executing VM operation: ChangeBreakpoints
Event: 79.477 Executing VM operation: ChangeBreakpoints done
Event: 79.477 Executing VM operation: ChangeBreakpoints
Event: 79.477 Executing VM operation: ChangeBreakpoints done
Event: 79.477 Thread 0x00007fcbd01b9800 Thread exited: 0x00007fcbd01b9800


Dynamic libraries:
c3800000-c7600000 rw-p 00000000 00:00 0 
c7600000-ffe00000 ---p 00000000 00:00 0 
ffe00000-ffe48000 rw-p 00b14000 08:03 265562                             /usr/lib/jvm/java-11-openjdk-amd64/lib/server/classes.jsa
ffe48000-fff00000 rw-p 00000000 00:00 0 
fff00000-fff6c000 rw-p 00aa8000 08:03 265562                             /usr/lib/jvm/java-11-openjdk-amd64/lib/server/classes.jsa
fff6c000-100000000 rw-p 00000000 00:00 0 
800000000-800002000 rwxp 00001000 08:03 265562                           /usr/lib/jvm/java-11-openjdk-amd64/lib/server/classes.jsa
800002000-800aa7000 rw-p 00003000 08:03 265562                           /usr/lib/jvm/java-11-openjdk-amd64/lib/server/classes.jsa
840000000-8400c0000 rw-p 00000000 00:00 0 
8400c0000-880000000 ---p 00000000 00:00 0 
557b563aa000-557b563ab000 r--p 00000000 08:03 265116                     /usr/lib/jvm/java-11-openjdk-amd64/bin/java
557b563ab000-557b563ac000 r-xp 00001000 08:03 265116                     /usr/lib/jvm/java-11-openjdk-amd64/bin/java
557b563ac000-557b563ad000 r--p 00002000 08:03 265116                     /usr/lib/jvm/java-11-openjdk-amd64/bin/java
557b563ad000-557b563ae000 r--p 00002000 08:03 265116                     /usr/lib/jvm/java-11-openjdk-amd64/bin/java
557b563ae000-557b563af000 rw-p 00003000 08:03 265116                     /usr/lib/jvm/java-11-openjdk-amd64/bin/java
557b5747e000-557b5749f000 rw-p 00000000 00:00 0                          [heap]
7fcb5d400000-7fcb5dd26000 r--p 00000000 08:03 1587749                    /home/ubuntu/.javacpp/cache/llvm-13.0.1-1.5.7-linux-x86_64.jar/org/bytedeco/llvm/linux-x86_64/libLLVM-13.so
7fcb5dd26000-7fcb616e9000 r-xp 00926000 08:03 1587749                    /home/ubuntu/.javacpp/cache/llvm-13.0.1-1.5.7-linux-x86_64.jar/org/bytedeco/llvm/linux-x86_64/libLLVM-13.so
7fcb616e9000-7fcb6393e000 r--p 042e9000 08:03 1587749                    /home/ubuntu/.javacpp/cache/llvm-13.0.1-1.5.7-linux-x86_64.jar/org/bytedeco/llvm/linux-x86_64/libLLVM-13.so
7fcb6393e000-7fcb63e53000 r--p 0653d000 08:03 1587749                    /home/ubuntu/.javacpp/cache/llvm-13.0.1-1.5.7-linux-x86_64.jar/org/bytedeco/llvm/linux-x86_64/libLLVM-13.so
7fcb63e53000-7fcb63e5e000 rw-p 06a52000 08:03 1587749                    /home/ubuntu/.javacpp/cache/llvm-13.0.1-1.5.7-linux-x86_64.jar/org/bytedeco/llvm/linux-x86_64/libLLVM-13.so
7fcb63e5e000-7fcb63ed4000 rw-p 00000000 00:00 0 
7fcb64000000-7fcb64021000 rw-p 00000000 00:00 0 
7fcb64021000-7fcb68000000 ---p 00000000 00:00 0 
7fcb6c000000-7fcb6c021000 rw-p 00000000 00:00 0 
7fcb6c021000-7fcb70000000 ---p 00000000 00:00 0 
7fcb70000000-7fcb70021000 rw-p 00000000 00:00 0 
7fcb70021000-7fcb74000000 ---p 00000000 00:00 0 
7fcb74000000-7fcb74028000 rw-p 00000000 00:00 0 
7fcb74028000-7fcb78000000 ---p 00000000 00:00 0 
7fcb78000000-7fcb78021000 rw-p 00000000 00:00 0 
7fcb78021000-7fcb7c000000 ---p 00000000 00:00 0 
7fcb7c000000-7fcb7c021000 rw-p 00000000 00:00 0 
7fcb7c021000-7fcb80000000 ---p 00000000 00:00 0 
7fcb80000000-7fcb80021000 rw-p 00000000 00:00 0 
7fcb80021000-7fcb84000000 ---p 00000000 00:00 0 
7fcb84000000-7fcb842c7000 rw-p 00000000 00:00 0 
7fcb842c7000-7fcb88000000 ---p 00000000 00:00 0 
7fcb88000000-7fcb8844a000 rw-p 00000000 00:00 0 
7fcb8844a000-7fcb8c000000 ---p 00000000 00:00 0 
7fcb8c000000-7fcb8c021000 rw-p 00000000 00:00 0 
7fcb8c021000-7fcb90000000 ---p 00000000 00:00 0 
7fcb90000000-7fcb90021000 rw-p 00000000 00:00 0 
7fcb90021000-7fcb94000000 ---p 00000000 00:00 0 
7fcb94000000-7fcb94021000 rw-p 00000000 00:00 0 
7fcb94021000-7fcb98000000 ---p 00000000 00:00 0 
7fcb98000000-7fcb98021000 rw-p 00000000 00:00 0 
7fcb98021000-7fcb9c000000 ---p 00000000 00:00 0 
7fcb9c000000-7fcb9c021000 rw-p 00000000 00:00 0 
7fcb9c021000-7fcba0000000 ---p 00000000 00:00 0 
7fcba0000000-7fcba0021000 rw-p 00000000 00:00 0 
7fcba0021000-7fcba4000000 ---p 00000000 00:00 0 
7fcba4000000-7fcba4021000 rw-p 00000000 00:00 0 
7fcba4021000-7fcba8000000 ---p 00000000 00:00 0 
7fcba8af9000-7fcba8b5e000 r--p 00000000 08:03 1589997                    /home/ubuntu/.javacpp/cache/llvm-13.0.1-1.5.7-linux-x86_64.jar/org/bytedeco/llvm/linux-x86_64/libjniLLVM.so
7fcba8b5e000-7fcba8bcc000 r-xp 00065000 08:03 1589997                    /home/ubuntu/.javacpp/cache/llvm-13.0.1-1.5.7-linux-x86_64.jar/org/bytedeco/llvm/linux-x86_64/libjniLLVM.so
7fcba8bcc000-7fcba8bf7000 r--p 000d3000 08:03 1589997                    /home/ubuntu/.javacpp/cache/llvm-13.0.1-1.5.7-linux-x86_64.jar/org/bytedeco/llvm/linux-x86_64/libjniLLVM.so
7fcba8bf7000-7fcba8bfa000 r--p 000fd000 08:03 1589997                    /home/ubuntu/.javacpp/cache/llvm-13.0.1-1.5.7-linux-x86_64.jar/org/bytedeco/llvm/linux-x86_64/libjniLLVM.so
7fcba8bfa000-7fcba8bfd000 rw-p 00100000 08:03 1589997                    /home/ubuntu/.javacpp/cache/llvm-13.0.1-1.5.7-linux-x86_64.jar/org/bytedeco/llvm/linux-x86_64/libjniLLVM.so
7fcba8bfd000-7fcba8bff000 rw-p 00000000 00:00 0 
7fcba8bff000-7fcba8c03000 ---p 00000000 00:00 0 
7fcba8c03000-7fcba8cff000 rw-p 00000000 00:00 0 
7fcba8cff000-7fcba8d00000 ---p 00000000 00:00 0 
7fcba8d00000-7fcba8e00000 rw-p 00000000 00:00 0 
7fcba8e00000-7fcba8e04000 ---p 00000000 00:00 0 
7fcba8e04000-7fcba8f00000 rw-p 00000000 00:00 0 
7fcba8f00000-7fcba8f04000 ---p 00000000 00:00 0 
7fcba8f04000-7fcba9000000 rw-p 00000000 00:00 0 
7fcba9000000-7fcba9004000 ---p 00000000 00:00 0 
7fcba9004000-7fcba9100000 rw-p 00000000 00:00 0 
7fcba9100000-7fcba9104000 ---p 00000000 00:00 0 
7fcba9104000-7fcba9200000 rw-p 00000000 00:00 0 
7fcba9200000-7fcba9204000 ---p 00000000 00:00 0 
7fcba9204000-7fcba9300000 rw-p 00000000 00:00 0 
7fcba9300000-7fcba9304000 ---p 00000000 00:00 0 
7fcba9304000-7fcba9400000 rw-p 00000000 00:00 0 
7fcba9400000-7fcba9404000 ---p 00000000 00:00 0 
7fcba9404000-7fcba9500000 rw-p 00000000 00:00 0 
7fcba9500000-7fcba9504000 ---p 00000000 00:00 0 
7fcba9504000-7fcba9600000 rw-p 00000000 00:00 0 
7fcba9600000-7fcba9604000 ---p 00000000 00:00 0 
7fcba9604000-7fcba9700000 rw-p 00000000 00:00 0 
7fcba9700000-7fcba9704000 ---p 00000000 00:00 0 
7fcba9704000-7fcba9dc0000 rw-p 00000000 00:00 0 
7fcba9dc0000-7fcbaa000000 ---p 00000000 00:00 0 
7fcbaa000000-7fcbac000000 rw-p 00000000 00:00 0 
7fcbac000000-7fcbac021000 rw-p 00000000 00:00 0 
7fcbac021000-7fcbb0000000 ---p 00000000 00:00 0 
7fcbb0000000-7fcbb0021000 rw-p 00000000 00:00 0 
7fcbb0021000-7fcbb4000000 ---p 00000000 00:00 0 
7fcbb4000000-7fcbb4021000 rw-p 00000000 00:00 0 
7fcbb4021000-7fcbb8000000 ---p 00000000 00:00 0 
7fcbb80fc000-7fcbb8100000 ---p 00000000 00:00 0 
7fcbb8100000-7fcbb81fc000 rw-p 00000000 00:00 0 
7fcbb81fc000-7fcbb81fd000 ---p 00000000 00:00 0 
7fcbb81fd000-7fcbb82fd000 rw-p 00000000 00:00 0 
7fcbb82fd000-7fcbb82fe000 ---p 00000000 00:00 0 
7fcbb82fe000-7fcbb83fe000 rw-p 00000000 00:00 0 
7fcbb83fe000-7fcbb83ff000 ---p 00000000 00:00 0 
7fcbb83ff000-7fcbb8600000 rw-p 00000000 00:00 0 
7fcbb8600000-7fcbb8870000 rwxp 00000000 00:00 0 
7fcbb8870000-7fcbb8b90000 ---p 00000000 00:00 0 
7fcbb8b90000-7fcbb8e00000 rwxp 00000000 00:00 0 
7fcbb8e00000-7fcbc00c8000 ---p 00000000 00:00 0 
7fcbc00c8000-7fcbc0338000 rwxp 00000000 00:00 0 
7fcbc0338000-7fcbc7600000 ---p 00000000 00:00 0 
7fcbc7600000-7fcbcfe25000 r--s 00000000 08:03 265275                     /usr/lib/jvm/java-11-openjdk-amd64/lib/modules
7fcbcfeff000-7fcbd0000000 rw-p 00000000 00:00 0 
7fcbd0000000-7fcbd0408000 rw-p 00000000 00:00 0 
7fcbd0408000-7fcbd4000000 ---p 00000000 00:00 0 
7fcbd4020000-7fcbd4222000 rw-p 00000000 00:00 0 
7fcbd4222000-7fcbd4223000 ---p 00000000 00:00 0 
7fcbd4223000-7fcbd4323000 rw-p 00000000 00:00 0 
7fcbd4323000-7fcbd4324000 ---p 00000000 00:00 0 
7fcbd4324000-7fcbd451c000 rw-p 00000000 00:00 0 
7fcbd451c000-7fcbd533c000 ---p 00000000 00:00 0 
7fcbd533c000-7fcbd543c000 rw-p 00000000 00:00 0 
7fcbd543c000-7fcbd625c000 ---p 00000000 00:00 0 
7fcbd625c000-7fcbd6283000 rw-p 00000000 00:00 0 
7fcbd6283000-7fcbd6447000 ---p 00000000 00:00 0 
7fcbd6447000-7fcbd6467000 rw-p 00000000 00:00 0 
7fcbd6467000-7fcbd662b000 ---p 00000000 00:00 0 
7fcbd662b000-7fcbd664b000 rw-p 00000000 00:00 0 
7fcbd664b000-7fcbd680f000 ---p 00000000 00:00 0 
7fcbd680f000-7fcbd6c14000 rw-p 00000000 00:00 0 
7fcbd6c14000-7fcbd6c15000 ---p 00000000 00:00 0 
7fcbd6c15000-7fcbd6d1a000 rw-p 00000000 00:00 0 
7fcbd6d1a000-7fcbd6e00000 ---p 00000000 00:00 0 
7fcbd6e00000-7fcbd7678000 r--p 00000000 08:03 2365202                    /usr/lib/locale/locale-archive
7fcbd7681000-7fcbd7688000 r--p 00000000 08:03 1587750                    /home/ubuntu/.javacpp/cache/llvm-13.0.1-1.5.7-linux-x86_64.jar/org/bytedeco/llvm/linux-x86_64/libLTO.so.13
7fcbd7688000-7fcbd7690000 r-xp 00007000 08:03 1587750                    /home/ubuntu/.javacpp/cache/llvm-13.0.1-1.5.7-linux-x86_64.jar/org/bytedeco/llvm/linux-x86_64/libLTO.so.13
7fcbd7690000-7fcbd7692000 r--p 0000f000 08:03 1587750                    /home/ubuntu/.javacpp/cache/llvm-13.0.1-1.5.7-linux-x86_64.jar/org/bytedeco/llvm/linux-x86_64/libLTO.so.13
7fcbd7692000-7fcbd7693000 r--p 00010000 08:03 1587750                    /home/ubuntu/.javacpp/cache/llvm-13.0.1-1.5.7-linux-x86_64.jar/org/bytedeco/llvm/linux-x86_64/libLTO.so.13
7fcbd7693000-7fcbd7694000 rw-p 00011000 08:03 1587750                    /home/ubuntu/.javacpp/cache/llvm-13.0.1-1.5.7-linux-x86_64.jar/org/bytedeco/llvm/linux-x86_64/libLTO.so.13
7fcbd7694000-7fcbd771a000 rw-p 00000000 00:00 0 
7fcbd771a000-7fcbd7800000 ---p 00000000 00:00 0 
7fcbd7800000-7fcbd789a000 r--p 00000000 08:03 2360832                    /usr/lib/x86_64-linux-gnu/libstdc++.so.6.0.30
7fcbd789a000-7fcbd79ab000 r-xp 0009a000 08:03 2360832                    /usr/lib/x86_64-linux-gnu/libstdc++.so.6.0.30
7fcbd79ab000-7fcbd7a1a000 r--p 001ab000 08:03 2360832                    /usr/lib/x86_64-linux-gnu/libstdc++.so.6.0.30
7fcbd7a1a000-7fcbd7a1b000 ---p 0021a000 08:03 2360832                    /usr/lib/x86_64-linux-gnu/libstdc++.so.6.0.30
7fcbd7a1b000-7fcbd7a26000 r--p 0021a000 08:03 2360832                    /usr/lib/x86_64-linux-gnu/libstdc++.so.6.0.30
7fcbd7a26000-7fcbd7a29000 rw-p 00225000 08:03 2360832                    /usr/lib/x86_64-linux-gnu/libstdc++.so.6.0.30
7fcbd7a29000-7fcbd7a2c000 rw-p 00000000 00:00 0 
7fcbd7a2c000-7fcbd7a2d000 r--p 00000000 08:03 2361439                    /usr/lib/x86_64-linux-gnu/libdl.so.2
7fcbd7a2d000-7fcbd7a2e000 r-xp 00001000 08:03 2361439                    /usr/lib/x86_64-linux-gnu/libdl.so.2
7fcbd7a2e000-7fcbd7a2f000 r--p 00002000 08:03 2361439                    /usr/lib/x86_64-linux-gnu/libdl.so.2
7fcbd7a2f000-7fcbd7a30000 r--p 00002000 08:03 2361439                    /usr/lib/x86_64-linux-gnu/libdl.so.2
7fcbd7a30000-7fcbd7a31000 rw-p 00003000 08:03 2361439                    /usr/lib/x86_64-linux-gnu/libdl.so.2
7fcbd7a31000-7fcbd7a32000 r--p 00000000 08:03 2361473                    /usr/lib/x86_64-linux-gnu/libpthread.so.0
7fcbd7a32000-7fcbd7a33000 r-xp 00001000 08:03 2361473                    /usr/lib/x86_64-linux-gnu/libpthread.so.0
7fcbd7a33000-7fcbd7a34000 r--p 00002000 08:03 2361473                    /usr/lib/x86_64-linux-gnu/libpthread.so.0
7fcbd7a34000-7fcbd7a35000 r--p 00002000 08:03 2361473                    /usr/lib/x86_64-linux-gnu/libpthread.so.0
7fcbd7a35000-7fcbd7a36000 rw-p 00003000 08:03 2361473                    /usr/lib/x86_64-linux-gnu/libpthread.so.0
7fcbd7a42000-7fcbd7a43000 r--p 00000000 08:03 1589995                    /home/ubuntu/.javacpp/cache/llvm-13.0.1-1.5.7-linux-x86_64.jar/org/bytedeco/llvm/linux-x86_64/libRemarks.so.13
7fcbd7a43000-7fcbd7a44000 r-xp 00001000 08:03 1589995                    /home/ubuntu/.javacpp/cache/llvm-13.0.1-1.5.7-linux-x86_64.jar/org/bytedeco/llvm/linux-x86_64/libRemarks.so.13
7fcbd7a44000-7fcbd7a45000 r--p 00002000 08:03 1589995                    /home/ubuntu/.javacpp/cache/llvm-13.0.1-1.5.7-linux-x86_64.jar/org/bytedeco/llvm/linux-x86_64/libRemarks.so.13
7fcbd7a45000-7fcbd7a46000 r--p 00002000 08:03 1589995                    /home/ubuntu/.javacpp/cache/llvm-13.0.1-1.5.7-linux-x86_64.jar/org/bytedeco/llvm/linux-x86_64/libRemarks.so.13
7fcbd7a46000-7fcbd7a47000 rw-p 00003000 08:03 1589995                    /home/ubuntu/.javacpp/cache/llvm-13.0.1-1.5.7-linux-x86_64.jar/org/bytedeco/llvm/linux-x86_64/libRemarks.so.13
7fcbd7a47000-7fcbd7a4b000 r--p 00000000 08:03 1587748                    /home/ubuntu/.javacpp/cache/javacpp-1.5.7-linux-x86_64.jar/org/bytedeco/javacpp/linux-x86_64/libjnijavacpp.so
7fcbd7a4b000-7fcbd7a52000 r-xp 00004000 08:03 1587748                    /home/ubuntu/.javacpp/cache/javacpp-1.5.7-linux-x86_64.jar/org/bytedeco/javacpp/linux-x86_64/libjnijavacpp.so
7fcbd7a52000-7fcbd7a56000 r--p 0000b000 08:03 1587748                    /home/ubuntu/.javacpp/cache/javacpp-1.5.7-linux-x86_64.jar/org/bytedeco/javacpp/linux-x86_64/libjnijavacpp.so
7fcbd7a56000-7fcbd7a57000 r--p 0000e000 08:03 1587748                    /home/ubuntu/.javacpp/cache/javacpp-1.5.7-linux-x86_64.jar/org/bytedeco/javacpp/linux-x86_64/libjnijavacpp.so
7fcbd7a57000-7fcbd7a58000 rw-p 0000f000 08:03 1587748                    /home/ubuntu/.javacpp/cache/javacpp-1.5.7-linux-x86_64.jar/org/bytedeco/javacpp/linux-x86_64/libjnijavacpp.so
7fcbd7a58000-7fcbd7a5c000 r--p 00000000 08:03 265265                     /usr/lib/jvm/java-11-openjdk-amd64/lib/libnet.so
7fcbd7a5c000-7fcbd7a6a000 r-xp 00004000 08:03 265265                     /usr/lib/jvm/java-11-openjdk-amd64/lib/libnet.so
7fcbd7a6a000-7fcbd7a6e000 r--p 00012000 08:03 265265                     /usr/lib/jvm/java-11-openjdk-amd64/lib/libnet.so
7fcbd7a6e000-7fcbd7a6f000 r--p 00015000 08:03 265265                     /usr/lib/jvm/java-11-openjdk-amd64/lib/libnet.so
7fcbd7a6f000-7fcbd7a70000 rw-p 00016000 08:03 265265                     /usr/lib/jvm/java-11-openjdk-amd64/lib/libnet.so
7fcbd7a70000-7fcbd7a77000 r--p 00000000 08:03 265266                     /usr/lib/jvm/java-11-openjdk-amd64/lib/libnio.so
7fcbd7a77000-7fcbd7a7f000 r-xp 00007000 08:03 265266                     /usr/lib/jvm/java-11-openjdk-amd64/lib/libnio.so
7fcbd7a7f000-7fcbd7a82000 r--p 0000f000 08:03 265266                     /usr/lib/jvm/java-11-openjdk-amd64/lib/libnio.so
7fcbd7a82000-7fcbd7a83000 r--p 00011000 08:03 265266                     /usr/lib/jvm/java-11-openjdk-amd64/lib/libnio.so
7fcbd7a83000-7fcbd7a84000 rw-p 00012000 08:03 265266                     /usr/lib/jvm/java-11-openjdk-amd64/lib/libnio.so
7fcbd7a84000-7fcbd7b00000 rw-p 00000000 00:00 0 
7fcbd7b00000-7fcbd7b04000 ---p 00000000 00:00 0 
7fcbd7b04000-7fcbd7c00000 rw-p 00000000 00:00 0 
7fcbd7c00000-7fcbd7e82000 r--p 00000000 08:03 265280                     /usr/lib/jvm/java-11-openjdk-amd64/lib/server/libjvm.so
7fcbd7e82000-7fcbd8b20000 r-xp 00282000 08:03 265280                     /usr/lib/jvm/java-11-openjdk-amd64/lib/server/libjvm.so
7fcbd8b20000-7fcbd8d7c000 r--p 00f20000 08:03 265280                     /usr/lib/jvm/java-11-openjdk-amd64/lib/server/libjvm.so
7fcbd8d7c000-7fcbd8e40000 r--p 0117b000 08:03 265280                     /usr/lib/jvm/java-11-openjdk-amd64/lib/server/libjvm.so
7fcbd8e40000-7fcbd8e7b000 rw-p 0123f000 08:03 265280                     /usr/lib/jvm/java-11-openjdk-amd64/lib/server/libjvm.so
7fcbd8e7b000-7fcbd8ed2000 rw-p 00000000 00:00 0 
7fcbd8ed6000-7fcbd8ed8000 r--p 00000000 08:03 265246                     /usr/lib/jvm/java-11-openjdk-amd64/lib/libdt_socket.so
7fcbd8ed8000-7fcbd8edb000 r-xp 00002000 08:03 265246                     /usr/lib/jvm/java-11-openjdk-amd64/lib/libdt_socket.so
7fcbd8edb000-7fcbd8edc000 r--p 00005000 08:03 265246                     /usr/lib/jvm/java-11-openjdk-amd64/lib/libdt_socket.so
7fcbd8edc000-7fcbd8edd000 ---p 00006000 08:03 265246                     /usr/lib/jvm/java-11-openjdk-amd64/lib/libdt_socket.so
7fcbd8edd000-7fcbd8ede000 r--p 00006000 08:03 265246                     /usr/lib/jvm/java-11-openjdk-amd64/lib/libdt_socket.so
7fcbd8ede000-7fcbd8edf000 rw-p 00007000 08:03 265246                     /usr/lib/jvm/java-11-openjdk-amd64/lib/libdt_socket.so
7fcbd8edf000-7fcbd8ee6000 r--s 00000000 08:03 659244                     /usr/lib/x86_64-linux-gnu/gconv/gconv-modules.cache
7fcbd8ee6000-7fcbd8eeb000 rw-p 00000000 00:00 0 
7fcbd8eeb000-7fcbd8ef2000 ---p 00000000 00:00 0 
7fcbd8ef2000-7fcbd8ef8000 r--s 000f8000 08:03 1582083                    /home/ubuntu/software/idea-IU-233.14475.28/plugins/java/lib/rt/debugger-agent.jar
7fcbd8ef8000-7fcbd8efa000 r--p 00000000 08:03 265274                     /usr/lib/jvm/java-11-openjdk-amd64/lib/libzip.so
7fcbd8efa000-7fcbd8eff000 r-xp 00002000 08:03 265274                     /usr/lib/jvm/java-11-openjdk-amd64/lib/libzip.so
7fcbd8eff000-7fcbd8f01000 r--p 00007000 08:03 265274                     /usr/lib/jvm/java-11-openjdk-amd64/lib/libzip.so
7fcbd8f01000-7fcbd8f02000 r--p 00008000 08:03 265274                     /usr/lib/jvm/java-11-openjdk-amd64/lib/libzip.so
7fcbd8f02000-7fcbd8f03000 rw-p 00009000 08:03 265274                     /usr/lib/jvm/java-11-openjdk-amd64/lib/libzip.so
7fcbd8f03000-7fcbd8f0b000 rw-s 00000000 08:03 393238                     /tmp/hsperfdata_ubuntu/32981
7fcbd8f0b000-7fcbd8f0d000 r--p 00000000 08:03 265249                     /usr/lib/jvm/java-11-openjdk-amd64/lib/libinstrument.so
7fcbd8f0d000-7fcbd8f14000 r-xp 00002000 08:03 265249                     /usr/lib/jvm/java-11-openjdk-amd64/lib/libinstrument.so
7fcbd8f14000-7fcbd8f17000 r--p 00009000 08:03 265249                     /usr/lib/jvm/java-11-openjdk-amd64/lib/libinstrument.so
7fcbd8f17000-7fcbd8f18000 r--p 0000b000 08:03 265249                     /usr/lib/jvm/java-11-openjdk-amd64/lib/libinstrument.so
7fcbd8f18000-7fcbd8f19000 rw-p 0000c000 08:03 265249                     /usr/lib/jvm/java-11-openjdk-amd64/lib/libinstrument.so
7fcbd8f19000-7fcbd8f27000 r--p 00000000 08:03 2361443                    /usr/lib/x86_64-linux-gnu/libm.so.6
7fcbd8f27000-7fcbd8fa3000 r-xp 0000e000 08:03 2361443                    /usr/lib/x86_64-linux-gnu/libm.so.6
7fcbd8fa3000-7fcbd8ffe000 r--p 0008a000 08:03 2361443                    /usr/lib/x86_64-linux-gnu/libm.so.6
7fcbd8ffe000-7fcbd8fff000 r--p 000e4000 08:03 2361443                    /usr/lib/x86_64-linux-gnu/libm.so.6
7fcbd8fff000-7fcbd9000000 rw-p 000e5000 08:03 2361443                    /usr/lib/x86_64-linux-gnu/libm.so.6
7fcbd9000000-7fcbd9028000 r--p 00000000 08:03 2361426                    /usr/lib/x86_64-linux-gnu/libc.so.6
7fcbd9028000-7fcbd91bd000 r-xp 00028000 08:03 2361426                    /usr/lib/x86_64-linux-gnu/libc.so.6
7fcbd91bd000-7fcbd9215000 r--p 001bd000 08:03 2361426                    /usr/lib/x86_64-linux-gnu/libc.so.6
7fcbd9215000-7fcbd9216000 ---p 00215000 08:03 2361426                    /usr/lib/x86_64-linux-gnu/libc.so.6
7fcbd9216000-7fcbd921a000 r--p 00215000 08:03 2361426                    /usr/lib/x86_64-linux-gnu/libc.so.6
7fcbd921a000-7fcbd921c000 rw-p 00219000 08:03 2361426                    /usr/lib/x86_64-linux-gnu/libc.so.6
7fcbd921c000-7fcbd9229000 rw-p 00000000 00:00 0 
7fcbd922a000-7fcbd922c000 r--p 00000000 08:03 265256                     /usr/lib/jvm/java-11-openjdk-amd64/lib/libjdwp.so
7fcbd922c000-7fcbd9258000 r-xp 00002000 08:03 265256                     /usr/lib/jvm/java-11-openjdk-amd64/lib/libjdwp.so
7fcbd9258000-7fcbd9266000 r--p 0002e000 08:03 265256                     /usr/lib/jvm/java-11-openjdk-amd64/lib/libjdwp.so
7fcbd9266000-7fcbd9267000 r--p 0003b000 08:03 265256                     /usr/lib/jvm/java-11-openjdk-amd64/lib/libjdwp.so
7fcbd9267000-7fcbd9268000 rw-p 0003c000 08:03 265256                     /usr/lib/jvm/java-11-openjdk-amd64/lib/libjdwp.so
7fcbd9268000-7fcbd9269000 ---p 00000000 00:00 0 
7fcbd9269000-7fcbd926a000 r--p 00000000 00:00 0 
7fcbd926a000-7fcbd926c000 r--p 00000000 08:03 265257                     /usr/lib/jvm/java-11-openjdk-amd64/lib/libjimage.so
7fcbd926c000-7fcbd926f000 r-xp 00002000 08:03 265257                     /usr/lib/jvm/java-11-openjdk-amd64/lib/libjimage.so
7fcbd926f000-7fcbd9270000 r--p 00005000 08:03 265257                     /usr/lib/jvm/java-11-openjdk-amd64/lib/libjimage.so
7fcbd9270000-7fcbd9271000 ---p 00006000 08:03 265257                     /usr/lib/jvm/java-11-openjdk-amd64/lib/libjimage.so
7fcbd9271000-7fcbd9272000 r--p 00006000 08:03 265257                     /usr/lib/jvm/java-11-openjdk-amd64/lib/libjimage.so
7fcbd9272000-7fcbd9273000 rw-p 00007000 08:03 265257                     /usr/lib/jvm/java-11-openjdk-amd64/lib/libjimage.so
7fcbd9273000-7fcbd9281000 r--p 00000000 08:03 265254                     /usr/lib/jvm/java-11-openjdk-amd64/lib/libjava.so
7fcbd9281000-7fcbd9297000 r-xp 0000e000 08:03 265254                     /usr/lib/jvm/java-11-openjdk-amd64/lib/libjava.so
7fcbd9297000-7fcbd929e000 r--p 00024000 08:03 265254                     /usr/lib/jvm/java-11-openjdk-amd64/lib/libjava.so
7fcbd929e000-7fcbd929f000 r--p 0002a000 08:03 265254                     /usr/lib/jvm/java-11-openjdk-amd64/lib/libjava.so
7fcbd929f000-7fcbd92a0000 rw-p 0002b000 08:03 265254                     /usr/lib/jvm/java-11-openjdk-amd64/lib/libjava.so
7fcbd92a0000-7fcbd92a1000 rw-p 00000000 00:00 0 
7fcbd92a1000-7fcbd92a2000 r--p 00000000 08:03 2361484                    /usr/lib/x86_64-linux-gnu/librt.so.1
7fcbd92a2000-7fcbd92a3000 r-xp 00001000 08:03 2361484                    /usr/lib/x86_64-linux-gnu/librt.so.1
7fcbd92a3000-7fcbd92a4000 r--p 00002000 08:03 2361484                    /usr/lib/x86_64-linux-gnu/librt.so.1
7fcbd92a4000-7fcbd92a5000 r--p 00002000 08:03 2361484                    /usr/lib/x86_64-linux-gnu/librt.so.1
7fcbd92a5000-7fcbd92a6000 rw-p 00003000 08:03 2361484                    /usr/lib/x86_64-linux-gnu/librt.so.1
7fcbd92a6000-7fcbd92a9000 r--p 00000000 08:03 2359493                    /usr/lib/x86_64-linux-gnu/libgcc_s.so.1
7fcbd92a9000-7fcbd92c0000 r-xp 00003000 08:03 2359493                    /usr/lib/x86_64-linux-gnu/libgcc_s.so.1
7fcbd92c0000-7fcbd92c4000 r--p 0001a000 08:03 2359493                    /usr/lib/x86_64-linux-gnu/libgcc_s.so.1
7fcbd92c4000-7fcbd92c5000 r--p 0001d000 08:03 2359493                    /usr/lib/x86_64-linux-gnu/libgcc_s.so.1
7fcbd92c5000-7fcbd92c6000 rw-p 0001e000 08:03 2359493                    /usr/lib/x86_64-linux-gnu/libgcc_s.so.1
7fcbd92c6000-7fcbd92c9000 rw-p 00000000 00:00 0 
7fcbd92c9000-7fcbd92cc000 r--p 00000000 08:03 265239                     /usr/lib/jvm/java-11-openjdk-amd64/lib/jli/libjli.so
7fcbd92cc000-7fcbd92d6000 r-xp 00003000 08:03 265239                     /usr/lib/jvm/java-11-openjdk-amd64/lib/jli/libjli.so
7fcbd92d6000-7fcbd92d9000 r--p 0000d000 08:03 265239                     /usr/lib/jvm/java-11-openjdk-amd64/lib/jli/libjli.so
7fcbd92d9000-7fcbd92da000 ---p 00010000 08:03 265239                     /usr/lib/jvm/java-11-openjdk-amd64/lib/jli/libjli.so
7fcbd92da000-7fcbd92db000 r--p 00010000 08:03 265239                     /usr/lib/jvm/java-11-openjdk-amd64/lib/jli/libjli.so
7fcbd92db000-7fcbd92dc000 rw-p 00011000 08:03 265239                     /usr/lib/jvm/java-11-openjdk-amd64/lib/jli/libjli.so
7fcbd92dc000-7fcbd92de000 r--p 00000000 08:03 2367120                    /usr/lib/x86_64-linux-gnu/libz.so.1.2.11
7fcbd92de000-7fcbd92f0000 r-xp 00002000 08:03 2367120                    /usr/lib/x86_64-linux-gnu/libz.so.1.2.11
7fcbd92f0000-7fcbd92f6000 r--p 00014000 08:03 2367120                    /usr/lib/x86_64-linux-gnu/libz.so.1.2.11
7fcbd92f6000-7fcbd92f7000 r--p 0001a000 08:03 2367120                    /usr/lib/x86_64-linux-gnu/libz.so.1.2.11
7fcbd92f7000-7fcbd92f8000 rw-p 0001b000 08:03 2367120                    /usr/lib/x86_64-linux-gnu/libz.so.1.2.11
7fcbd92f8000-7fcbd92fd000 r--p 00000000 08:03 265273                     /usr/lib/jvm/java-11-openjdk-amd64/lib/libverify.so
7fcbd92fd000-7fcbd9304000 r-xp 00005000 08:03 265273                     /usr/lib/jvm/java-11-openjdk-amd64/lib/libverify.so
7fcbd9304000-7fcbd9306000 r--p 0000c000 08:03 265273                     /usr/lib/jvm/java-11-openjdk-amd64/lib/libverify.so
7fcbd9306000-7fcbd9308000 r--p 0000d000 08:03 265273                     /usr/lib/jvm/java-11-openjdk-amd64/lib/libverify.so
7fcbd9308000-7fcbd9309000 rw-p 0000f000 08:03 265273                     /usr/lib/jvm/java-11-openjdk-amd64/lib/libverify.so
7fcbd9309000-7fcbd930b000 rw-p 00000000 00:00 0 
7fcbd930b000-7fcbd930d000 r--p 00000000 08:03 2361301                    /usr/lib/x86_64-linux-gnu/ld-linux-x86-64.so.2
7fcbd930d000-7fcbd9337000 r-xp 00002000 08:03 2361301                    /usr/lib/x86_64-linux-gnu/ld-linux-x86-64.so.2
7fcbd9337000-7fcbd9342000 r--p 0002c000 08:03 2361301                    /usr/lib/x86_64-linux-gnu/ld-linux-x86-64.so.2
7fcbd9343000-7fcbd9345000 r--p 00037000 08:03 2361301                    /usr/lib/x86_64-linux-gnu/ld-linux-x86-64.so.2
7fcbd9345000-7fcbd9347000 rw-p 00039000 08:03 2361301                    /usr/lib/x86_64-linux-gnu/ld-linux-x86-64.so.2
7fffa6195000-7fffa61b6000 rw-p 00000000 00:00 0                          [stack]
7fffa61d3000-7fffa61d7000 r--p 00000000 00:00 0                          [vvar]
7fffa61d7000-7fffa61d9000 r-xp 00000000 00:00 0                          [vdso]
ffffffffff600000-ffffffffff601000 --xp 00000000 00:00 0                  [vsyscall]


VM Arguments:
jvm_args: -agentlib:jdwp=transport=dt_socket,address=127.0.0.1:40897,suspend=y,server=n -javaagent:/home/ubuntu/software/idea-IU-233.14475.28/plugins/java/lib/rt/debugger-agent.jar -Dfile.encoding=UTF-8 
java_command: Main tests/test1.c tests/Actual.ll
java_class_path (initial): /home/ubuntu/Lab/out/production/Lab:/usr/local/lib/antlr-4.9.1-complete.jar:/usr/local/lib/javacpp-1.5.7-linux-x86_64.jar:/usr/local/lib/javacpp-1.5.7.jar:/usr/local/lib/llvm-13.0.1-1.5.7-linux-x86_64.jar:/usr/local/lib/llvm-13.0.1-1.5.7.jar:/usr/local/lib/llvm-platform-13.0.1-1.5.7.jar:/home/ubuntu/software/idea-IU-233.14475.28/lib/idea_rt.jar
Launcher Type: SUN_STANDARD

[Global flags]
     intx CICompilerCount                          = 3                                         {product} {ergonomic}
     uint ConcGCThreads                            = 1                                         {product} {ergonomic}
     uint G1ConcRefinementThreads                  = 4                                         {product} {ergonomic}
   size_t G1HeapRegionSize                         = 1048576                                   {product} {ergonomic}
    uintx GCDrainStackTargetSize                   = 64                                        {product} {ergonomic}
   size_t InitialHeapSize                          = 65011712                                  {product} {ergonomic}
   size_t MarkStackSize                            = 4194304                                   {product} {ergonomic}
   size_t MaxHeapSize                              = 1015021568                                {product} {ergonomic}
   size_t MaxNewSize                               = 608174080                                 {product} {ergonomic}
   size_t MinHeapDeltaBytes                        = 1048576                                   {product} {ergonomic}
    uintx NonNMethodCodeHeapSize                   = 5830732                                {pd product} {ergonomic}
    uintx NonProfiledCodeHeapSize                  = 122913754                              {pd product} {ergonomic}
    uintx ProfiledCodeHeapSize                     = 122913754                              {pd product} {ergonomic}
    uintx ReservedCodeCacheSize                    = 251658240                              {pd product} {ergonomic}
     bool SegmentedCodeCache                       = true                                      {product} {ergonomic}
     bool UseCompressedClassPointers               = true                                 {lp64_product} {ergonomic}
     bool UseCompressedOops                        = true                                 {lp64_product} {ergonomic}
     bool UseG1GC                                  = true                                      {product} {ergonomic}

Logging:
Log output configuration:
 #0: stdout all=warning uptime,level,tags
 #1: stderr all=off uptime,level,tags

Environment Variables:
PATH=/usr/local/sbin:/usr/local/bin:/usr/sbin:/usr/bin:/sbin:/bin:/usr/games:/usr/local/games:/snap/bin:/snap/bin
USERNAME=ubuntu
SHELL=/bin/bash
DISPLAY=:0
LANG=zh_CN.UTF-8

Signal Handlers:
SIGSEGV: [libjvm.so+0xead700], sa_mask[0]=11111111011111111101111111111110, sa_flags=SA_RESTART|SA_SIGINFO
SIGBUS: [libjvm.so+0xead700], sa_mask[0]=11111111011111111101111111111110, sa_flags=SA_RESTART|SA_SIGINFO
SIGFPE: [libjvm.so+0xead700], sa_mask[0]=11111111011111111101111111111110, sa_flags=SA_RESTART|SA_SIGINFO
SIGPIPE: [libjvm.so+0xbefa50], sa_mask[0]=11111111011111111101111111111110, sa_flags=SA_RESTART|SA_SIGINFO
SIGXFSZ: [libjvm.so+0xbefa50], sa_mask[0]=11111111011111111101111111111110, sa_flags=SA_RESTART|SA_SIGINFO
SIGILL: [libjvm.so+0xead700], sa_mask[0]=11111111011111111101111111111110, sa_flags=SA_RESTART|SA_SIGINFO
SIGUSR2: [libjvm.so+0xbef8f0], sa_mask[0]=00100000000000000000000000000000, sa_flags=SA_RESTART|SA_SIGINFO
SIGHUP: [libjvm.so+0xbf00b0], sa_mask[0]=11111111011111111101111111111110, sa_flags=SA_RESTART|SA_SIGINFO
SIGINT: [libjvm.so+0xbf00b0], sa_mask[0]=11111111011111111101111111111110, sa_flags=SA_RESTART|SA_SIGINFO
SIGTERM: [libjvm.so+0xbf00b0], sa_mask[0]=11111111011111111101111111111110, sa_flags=SA_RESTART|SA_SIGINFO
SIGQUIT: [libjvm.so+0xbf00b0], sa_mask[0]=11111111011111111101111111111110, sa_flags=SA_RESTART|SA_SIGINFO


---------------  S Y S T E M  ---------------

OS:DISTRIB_ID=Ubuntu
DISTRIB_RELEASE=22.10
DISTRIB_CODENAME=kinetic
DISTRIB_DESCRIPTION="Ubuntu 22.10"
uname:Linux 6.5.0-21-generic #21~22.04.1-Ubuntu SMP PREEMPT_DYNAMIC Fri Feb  9 13:32:52 UTC 2 x86_64
OS uptime: 0 days 6:09 hours
libc:glibc 2.35 NPTL 2.35 
rlimit (soft/hard): STACK 8192k/infinity , CORE 0k/infinity , NPROC 15188/15188 , NOFILE 1048576/1048576 , AS infinity/infinity , CPU infinity/infinity , DATA infinity/infinity , FSIZE infinity/infinity , MEMLOCK 495440k/495440k
load average:0.74 0.92 1.01

/proc/meminfo:
MemTotal:        3963524 kB
MemFree:          123212 kB
MemAvailable:     627936 kB
Buffers:           15492 kB
Cached:           568220 kB
SwapCached:       110244 kB
Active:          2583260 kB
Inactive:         461456 kB
Active(anon):    2311916 kB
Inactive(anon):   149320 kB
Active(file):     271344 kB
Inactive(file):   312136 kB
Unevictable:          16 kB
Mlocked:              16 kB
SwapTotal:       3991548 kB
SwapFree:        2654540 kB
Zswap:                 0 kB
Zswapped:              0 kB
Dirty:                80 kB
Writeback:             0 kB
AnonPages:       2445892 kB
Mapped:           220928 kB
Shmem:               232 kB
KReclaimable:     218376 kB
Slab:             375176 kB
SReclaimable:     218376 kB
SUnreclaim:       156800 kB
KernelStack:       13128 kB
PageTables:        25560 kB
SecPageTables:         0 kB
NFS_Unstable:          0 kB
Bounce:                0 kB
WritebackTmp:          0 kB
CommitLimit:     5973308 kB
Committed_AS:    5927580 kB
VmallocTotal:   34359738367 kB
VmallocUsed:       44012 kB
VmallocChunk:          0 kB
Percpu:           104448 kB
HardwareCorrupted:     0 kB
AnonHugePages:         0 kB
ShmemHugePages:        0 kB
ShmemPmdMapped:        0 kB
FileHugePages:         0 kB
FilePmdMapped:         0 kB
Unaccepted:            0 kB
HugePages_Total:       0
HugePages_Free:        0
HugePages_Rsvd:        0
HugePages_Surp:        0
Hugepagesize:       2048 kB
Hugetlb:               0 kB
DirectMap4k:      177984 kB
DirectMap2M:     4016128 kB
DirectMap1G:     2097152 kB

/sys/kernel/mm/transparent_hugepage/enabled:
always [madvise] never
/sys/kernel/mm/transparent_hugepage/defrag (defrag/compaction efforts parameter):
always defer defer+madvise [madvise] never

Process Memory:
Virtual Size: 4001812K (peak: 12387192K)
Resident Set Size: 98208K (peak: 99096K) (anon: 40732K, file: 57476K, shmem: 0K)
Swapped out: 0K
C-Heap outstanding allocations: 13484K, retained: 7931K
glibc malloc tunables: (default)

/proc/sys/kernel/threads-max (system-wide limit on the number of threads):
30377
/proc/sys/vm/max_map_count (maximum number of memory map areas a process may have):
65530
/proc/sys/kernel/pid_max (system-wide limit on number of process identifiers):
4194304

container (cgroup) information:
container_type: cgroupv2
cpu_cpuset_cpus: not supported
cpu_memory_nodes: not supported
active_processor_count: 4
cpu_quota: not supported
cpu_period: not supported
cpu_shares: not supported
memory_limit_in_bytes: unlimited
memory_and_swap_limit_in_bytes: unlimited
memory_soft_limit_in_bytes: unlimited
memory_usage_in_bytes: 2653796 k
memory_max_usage_in_bytes: not supported
memory_swap_current_in_bytes: 814864 k
memory_swap_max_limit_in_bytes: unlimited
maximum number of tasks: 4556
current number of tasks: 141

VMWare virtualization detected
Steal ticks since vm start: 0
Steal ticks percentage since vm start:  0.000

CPU:total 4 (initial active 4) (1 cores per cpu, 1 threads per core) family 25 model 80 stepping 0 microcode 0xffffffff, cmov, cx8, fxsr, mmx, sse, sse2, sse3, ssse3, sse4.1, sse4.2, popcnt, avx, avx2, aes, clmul, erms, mmxext, lzcnt, sse4a, tsc, tscinvbit, tscinv, bmi1, bmi2, adx, sha, fma
CPU Model and flags from /proc/cpuinfo:
model name	: AMD Ryzen 5 5600H with Radeon Graphics
flags		: fpu vme de pse tsc msr pae mce cx8 apic sep mtrr pge mca cmov pat pse36 clflush mmx fxsr sse sse2 syscall nx mmxext pdpe1gb rdtscp lm constant_tsc rep_good nopl tsc_reliable nonstop_tsc cpuid extd_apicid tsc_known_freq pni pclmulqdq ssse3 fma cx16 sse4_1 sse4_2 x2apic movbe popcnt aes xsave avx f16c rdrand hypervisor lahf_lm cr8_legacy abm sse4a misalignsse 3dnowprefetch osvw topoext ibpb vmmcall fsgsbase bmi1 avx2 smep bmi2 erms invpcid rdseed adx smap clflushopt clwb sha_ni xsaveopt xsavec xgetbv1 xsaves clzero arat umip vaes vpclmulqdq rdpid overflow_recov succor fsrm
Online cpus:
0-3
Offline cpus:
4-127
BIOS frequency limitation:
<Not Available>
Frequency switch latency (ns):
<Not Available>
Available cpu frequencies:
<Not Available>
Current governor:
<Not Available>
Core performance/turbo boost:
<Not Available>

Memory: 4k page, physical 3963524k(123212k free), swap 3991548k(2654540k free)

vm_info: OpenJDK 64-Bit Server VM (11.0.22+7-post-Ubuntu-0ubuntu222.04.1) for linux-amd64 JRE (11.0.22+7-post-Ubuntu-0ubuntu222.04.1), built on Feb  5 2024 20:45:01 by "unknown" with gcc 11.4.0

END.
