#
# A fatal error has been detected by the Java Runtime Environment:
#
#  SIGSEGV (0xb) at pc=0x00007f8da202a839, pid=14707, tid=14709
#
# JRE version: OpenJDK Runtime Environment (11.0.22+7) (build 11.0.22+7-post-Ubuntu-0ubuntu222.04.1)
# Java VM: OpenJDK 64-Bit Server VM (11.0.22+7-post-Ubuntu-0ubuntu222.04.1, mixed mode, sharing, tiered, compressed oops, g1 gc, linux-amd64)
# Problematic frame:
# C  [libLLVM-13.so+0xc2a839]  LLVMBuildSDiv+0x29
#
# Core dump will be written. Default location: Core dumps may be processed with "/usr/share/apport/apport -p%p -s%s -c%c -d%d -P%P -u%u -g%g -- %E" (or dumping to /home/ubuntu/Lab/core.14707)
#
# If you would like to submit a bug report, please visit:
#   https://bugs.launchpad.net/ubuntu/+source/openjdk-lts
# The crash happened outside the Java Virtual Machine in native code.
# See problematic frame for where to report the bug.
#

---------------  S U M M A R Y ------------

Command Line: -javaagent:/home/ubuntu/software/idea-IU-233.14475.28/lib/idea_rt.jar=34879:/home/ubuntu/software/idea-IU-233.14475.28/bin -Dfile.encoding=UTF-8 Main tests/test1.c tests/Expect.ll

Host: AMD Ryzen 5 5600H with Radeon Graphics, 4 cores, 3G, Ubuntu 22.10
Time: Fri May 17 11:17:31 2024 CST elapsed time: 0.641773 seconds (0d 0h 0m 0s)

---------------  T H R E A D  ---------------

Current thread (0x00007f8e0c016800):  JavaThread "main" [_thread_in_native, id=14709, stack(0x00007f8e14100000,0x00007f8e14200000)]

Stack: [0x00007f8e14100000,0x00007f8e14200000],  sp=0x00007f8e141fd770,  free space=1013k
Native frames: (J=compiled Java code, A=aot compiled Java code, j=interpreted, Vv=VM code, C=native code)
C  [libLLVM-13.so+0xc2a839]  LLVMBuildSDiv+0x29

Java frames: (J=compiled Java code, j=interpreted, Vv=VM code)
j  org.bytedeco.llvm.global.LLVM.LLVMBuildSDiv(Lorg/bytedeco/llvm/LLVM/LLVMBuilderRef;Lorg/bytedeco/llvm/LLVM/LLVMValueRef;Lorg/bytedeco/llvm/LLVM/LLVMValueRef;Ljava/lang/String;)Lorg/bytedeco/llvm/LLVM/LLVMValueRef;+0
j  myVisitor.visitExp(LSysYParser$ExpContext;)Lorg/bytedeco/llvm/LLVM/LLVMValueRef;+279
j  myVisitor.visitExp(LSysYParser$ExpContext;)Ljava/lang/Object;+2
j  SysYParser$ExpContext.accept(Lorg/antlr/v4/runtime/tree/ParseTreeVisitor;)Ljava/lang/Object;+12
j  org.antlr.v4.runtime.tree.AbstractParseTreeVisitor.visitChildren(Lorg/antlr/v4/runtime/tree/RuleNode;)Ljava/lang/Object;+46
j  SysYParserBaseVisitor.visitInitVal(LSysYParser$InitValContext;)Ljava/lang/Object;+2
j  SysYParser$InitValContext.accept(Lorg/antlr/v4/runtime/tree/ParseTreeVisitor;)Ljava/lang/Object;+12
j  org.antlr.v4.runtime.tree.AbstractParseTreeVisitor.visitChildren(Lorg/antlr/v4/runtime/tree/RuleNode;)Ljava/lang/Object;+46
j  SysYParserBaseVisitor.visitVarDef(LSysYParser$VarDefContext;)Ljava/lang/Object;+2
j  myVisitor.visitVarDef(LSysYParser$VarDefContext;)Lorg/bytedeco/llvm/LLVM/LLVMValueRef;+2
j  myVisitor.visitVarDef(LSysYParser$VarDefContext;)Ljava/lang/Object;+2
j  SysYParser$VarDefContext.accept(Lorg/antlr/v4/runtime/tree/ParseTreeVisitor;)Ljava/lang/Object;+12
j  org.antlr.v4.runtime.tree.AbstractParseTreeVisitor.visitChildren(Lorg/antlr/v4/runtime/tree/RuleNode;)Ljava/lang/Object;+46
j  SysYParserBaseVisitor.visitVarDecl(LSysYParser$VarDeclContext;)Ljava/lang/Object;+2
j  SysYParser$VarDeclContext.accept(Lorg/antlr/v4/runtime/tree/ParseTreeVisitor;)Ljava/lang/Object;+12
j  org.antlr.v4.runtime.tree.AbstractParseTreeVisitor.visitChildren(Lorg/antlr/v4/runtime/tree/RuleNode;)Ljava/lang/Object;+46
j  SysYParserBaseVisitor.visitDecl(LSysYParser$DeclContext;)Ljava/lang/Object;+2
j  SysYParser$DeclContext.accept(Lorg/antlr/v4/runtime/tree/ParseTreeVisitor;)Ljava/lang/Object;+12
j  org.antlr.v4.runtime.tree.AbstractParseTreeVisitor.visitChildren(Lorg/antlr/v4/runtime/tree/RuleNode;)Ljava/lang/Object;+46
j  SysYParserBaseVisitor.visitBlockItem(LSysYParser$BlockItemContext;)Ljava/lang/Object;+2
j  SysYParser$BlockItemContext.accept(Lorg/antlr/v4/runtime/tree/ParseTreeVisitor;)Ljava/lang/Object;+12
j  org.antlr.v4.runtime.tree.AbstractParseTreeVisitor.visitChildren(Lorg/antlr/v4/runtime/tree/RuleNode;)Ljava/lang/Object;+46
j  myVisitor.visitBlock(LSysYParser$BlockContext;)Lorg/bytedeco/llvm/LLVM/LLVMValueRef;+9
j  myVisitor.visitBlock(LSysYParser$BlockContext;)Ljava/lang/Object;+2
j  SysYParser$BlockContext.accept(Lorg/antlr/v4/runtime/tree/ParseTreeVisitor;)Ljava/lang/Object;+12
j  org.antlr.v4.runtime.tree.AbstractParseTreeVisitor.visit(Lorg/antlr/v4/runtime/tree/ParseTree;)Ljava/lang/Object;+2
j  myVisitor.visitFuncDef(LSysYParser$FuncDefContext;)Lorg/bytedeco/llvm/LLVM/LLVMValueRef;+65
j  myVisitor.visitFuncDef(LSysYParser$FuncDefContext;)Ljava/lang/Object;+2
j  SysYParser$FuncDefContext.accept(Lorg/antlr/v4/runtime/tree/ParseTreeVisitor;)Ljava/lang/Object;+12
j  org.antlr.v4.runtime.tree.AbstractParseTreeVisitor.visitChildren(Lorg/antlr/v4/runtime/tree/RuleNode;)Ljava/lang/Object;+46
j  SysYParserBaseVisitor.visitCompUnit(LSysYParser$CompUnitContext;)Ljava/lang/Object;+2
j  SysYParser$CompUnitContext.accept(Lorg/antlr/v4/runtime/tree/ParseTreeVisitor;)Ljava/lang/Object;+12
j  org.antlr.v4.runtime.tree.AbstractParseTreeVisitor.visitChildren(Lorg/antlr/v4/runtime/tree/RuleNode;)Ljava/lang/Object;+46
j  SysYParserBaseVisitor.visitProgram(LSysYParser$ProgramContext;)Ljava/lang/Object;+2
j  SysYParser$ProgramContext.accept(Lorg/antlr/v4/runtime/tree/ParseTreeVisitor;)Ljava/lang/Object;+12
j  org.antlr.v4.runtime.tree.AbstractParseTreeVisitor.visit(Lorg/antlr/v4/runtime/tree/ParseTree;)Ljava/lang/Object;+2
j  Main.main([Ljava/lang/String;)V+79
v  ~StubRoutines::call_stub

siginfo: si_signo: 11 (SIGSEGV), si_code: 1 (SEGV_MAPERR), si_addr: 0x0000000000000010

Register to memory mapping:

RAX=0x00007f8e0c42c740 points into unknown readable memory: 0x0000000700766964 | 64 69 76 00 07 00 00 00
RBX=0x00007f8e0c364960 points into unknown readable memory: 0x00007f8e0c364970 | 70 49 36 0c 8e 7f 00 00
RCX=0x00007f8e0c42c740 points into unknown readable memory: 0x0000000700766964 | 64 69 76 00 07 00 00 00
RDX=0x0000000000000101 is an unknown value
RSP=0x00007f8e141fd770 is pointing into the stack for thread: 0x00007f8e0c016800
RBP=0x00007f8e0c016b48 points into unknown readable memory: 0x00007f8e15446b40 | 40 6b 44 15 8e 7f 00 00
RSI=0x0 is NULL
RDI=0x0 is NULL
R8 =0x00000000c6b72ca8 points into unknown readable memory: 0x0000000000766964 | 64 69 76 00 00 00 00 00
R9 =0x0000000000000002 is an unknown value
R10=0x00007f8da145fed8: <offset 0x000000000005fed8> in /home/ubuntu/.javacpp/cache/llvm-13.0.1-1.5.7-linux-x86_64.jar/org/bytedeco/llvm/linux-x86_64/libLLVM-13.so at 0x00007f8da1400000
R11=0x00007f8da202a810: LLVMBuildSDiv+0x0000000000000000 in /home/ubuntu/.javacpp/cache/llvm-13.0.1-1.5.7-linux-x86_64.jar/org/bytedeco/llvm/linux-x86_64/libLLVM-13.so at 0x00007f8da1400000
R12=0x0 is NULL
R13=0x0 is NULL
R14=0x0 is NULL
R15=0x00007f8e0c364960 points into unknown readable memory: 0x00007f8e0c364970 | 70 49 36 0c 8e 7f 00 00


Registers:
RAX=0x00007f8e0c42c740, RBX=0x00007f8e0c364960, RCX=0x00007f8e0c42c740, RDX=0x0000000000000101
RSP=0x00007f8e141fd770, RBP=0x00007f8e0c016b48, RSI=0x0000000000000000, RDI=0x0000000000000000
R8 =0x00000000c6b72ca8, R9 =0x0000000000000002, R10=0x00007f8da145fed8, R11=0x00007f8da202a810
R12=0x0000000000000000, R13=0x0000000000000000, R14=0x0000000000000000, R15=0x00007f8e0c364960
RIP=0x00007f8da202a839, EFLAGS=0x0000000000010202, CSGSFS=0x002b000000000033, ERR=0x0000000000000004
  TRAPNO=0x000000000000000e

Top of Stack: (sp=0x00007f8e141fd770)
0x00007f8e141fd770:   00007f8e0c42c740 00007f8e0c1269f0
0x00007f8e141fd780:   0000000000000004 0000000000000003
0x00007f8e141fd790:   00007f8e0c420103 00007f8e0c1269f0
0x00007f8e141fd7a0:   0000000000000000 00007f8e0c364960 

Instructions: (pc=0x00007f8da202a839)
0x00007f8da202a739:   c3 66 0f 1f 44 00 00 48 8b 53 08 8b 33 4c 89 e7
0x00007f8da202a749:   48 83 c3 10 e8 ee 36 0e 00 48 39 dd 75 e9 48 83
0x00007f8da202a759:   c4 60 4c 89 e0 5b 5d 41 5c c3 0f 1f 44 00 00 48
0x00007f8da202a769:   89 f2 48 8d 4c 24 30 45 31 c0 48 89 fe b8 01 01
0x00007f8da202a779:   00 00 bf 13 00 00 00 66 89 44 24 50 e8 86 bb 09
0x00007f8da202a789:   00 be 01 00 00 00 48 89 c7 49 89 c4 e8 f6 e7 08
0x00007f8da202a799:   00 48 8b 7b 50 48 8b 4b 30 48 89 e2 4c 8b 43 38
0x00007f8da202a7a9:   4c 89 e6 48 8b 07 ff 50 10 8b 6b 08 48 8b 03 48
0x00007f8da202a7b9:   c1 e5 04 48 01 c5 48 39 e8 74 93 48 89 c3 66 0f
0x00007f8da202a7c9:   1f 84 00 00 00 00 00 48 8b 53 08 8b 33 4c 89 e7
0x00007f8da202a7d9:   48 83 c3 10 e8 5e 36 0e 00 48 39 dd 75 e9 48 83
0x00007f8da202a7e9:   c4 60 4c 89 e0 5b 5d 41 5c c3 0f 1f 44 00 00 48
0x00007f8da202a7f9:   89 f2 b9 01 00 00 00 48 89 fe 4c 89 c7 ff d0 49
0x00007f8da202a809:   89 c4 e9 f5 fe ff ff 41 54 55 53 48 89 fb 48 89
0x00007f8da202a819:   f7 48 89 d6 ba 01 01 00 00 48 83 ec 60 80 39 00
0x00007f8da202a829:   66 89 54 24 20 74 09 48 89 0c 24 c6 44 24 20 03
0x00007f8da202a839:   80 7f 10 12 0f 87 95 00 00 00 80 7e 10 12 0f 87
0x00007f8da202a849:   8b 00 00 00 4c 8b 43 48 48 8d 15 78 69 ff ff 49
0x00007f8da202a859:   8b 00 48 8b 40 48 48 39 d0 0f 85 f0 00 00 00 31
0x00007f8da202a869:   d2 e8 31 ff fe ff 49 89 c4 41 80 7c 24 10 19 76
0x00007f8da202a879:   4d 48 8b 7b 50 48 8b 4b 30 48 89 e2 4c 89 e6 4c
0x00007f8da202a889:   8b 43 38 48 8b 07 ff 50 10 8b 6b 08 48 8b 03 48
0x00007f8da202a899:   c1 e5 04 48 01 c5 48 39 e8 74 23 48 89 c3 66 0f
0x00007f8da202a8a9:   1f 84 00 00 00 00 00 48 8b 53 08 8b 33 4c 89 e7
0x00007f8da202a8b9:   48 83 c3 10 e8 7e 35 0e 00 48 39 dd 75 e9 48 83
0x00007f8da202a8c9:   c4 60 4c 89 e0 5b 5d 41 5c c3 0f 1f 44 00 00 48
0x00007f8da202a8d9:   89 f2 b8 01 01 00 00 48 89 fe 45 31 c0 48 8d 4c
0x00007f8da202a8e9:   24 30 bf 14 00 00 00 66 89 44 24 50 e8 16 ba 09
0x00007f8da202a8f9:   00 48 8b 7b 50 48 89 e2 48 8b 4b 30 49 89 c4 4c
0x00007f8da202a909:   8b 43 38 48 8b 07 4c 89 e6 ff 50 10 8b 6b 08 48
0x00007f8da202a919:   8b 13 48 c1 e5 04 48 01 d5 48 39 ea 74 a0 48 89
0x00007f8da202a929:   d3 66 0f 1f 44 00 00 48 8b 53 08 8b 33 4c 89 e7 


Stack slot to memory mapping:
stack at sp + 0 slots: 0x00007f8e0c42c740 points into unknown readable memory: 0x0000000700766964 | 64 69 76 00 07 00 00 00
stack at sp + 1 slots: 0x00007f8e0c1269f0 points into unknown readable memory: 0x00000000c6b72c98 | 98 2c b7 c6 00 00 00 00
stack at sp + 2 slots: 0x0000000000000004 is an unknown value
stack at sp + 3 slots: 0x0000000000000003 is an unknown value
stack at sp + 4 slots: 0x00007f8e0c420103 points into unknown readable memory: 00 00 00 00 00
stack at sp + 5 slots: 0x00007f8e0c1269f0 points into unknown readable memory: 0x00000000c6b72c98 | 98 2c b7 c6 00 00 00 00
stack at sp + 6 slots: 0x0 is NULL
stack at sp + 7 slots: 0x00007f8e0c364960 points into unknown readable memory: 0x00007f8e0c364970 | 70 49 36 0c 8e 7f 00 00


---------------  P R O C E S S  ---------------

Threads class SMR info:
_java_thread_list=0x00007f8e0c240d90, length=11, elements={
0x00007f8e0c016800, 0x00007f8e0c128000, 0x00007f8e0c12a000, 0x00007f8e0c12f800,
0x00007f8e0c131800, 0x00007f8e0c134000, 0x00007f8e0c136000, 0x00007f8e0c138000,
0x00007f8e0c14d800, 0x00007f8e0c222800, 0x00007f8e0c23e000
}

Java Threads: ( => current thread )
=>0x00007f8e0c016800 JavaThread "main" [_thread_in_native, id=14709, stack(0x00007f8e14100000,0x00007f8e14200000)]
  0x00007f8e0c128000 JavaThread "Reference Handler" daemon [_thread_blocked, id=14729, stack(0x00007f8e100af000,0x00007f8e101af000)]
  0x00007f8e0c12a000 JavaThread "Finalizer" daemon [_thread_blocked, id=14730, stack(0x00007f8e0bf00000,0x00007f8e0c000000)]
  0x00007f8e0c12f800 JavaThread "Signal Dispatcher" daemon [_thread_blocked, id=14731, stack(0x00007f8df4500000,0x00007f8df4600000)]
  0x00007f8e0c131800 JavaThread "Service Thread" daemon [_thread_blocked, id=14732, stack(0x00007f8df4400000,0x00007f8df4500000)]
  0x00007f8e0c134000 JavaThread "C2 CompilerThread0" daemon [_thread_blocked, id=14733, stack(0x00007f8df4300000,0x00007f8df4400000)]
  0x00007f8e0c136000 JavaThread "C1 CompilerThread0" daemon [_thread_blocked, id=14734, stack(0x00007f8df4200000,0x00007f8df4300000)]
  0x00007f8e0c138000 JavaThread "Sweeper thread" daemon [_thread_blocked, id=14735, stack(0x00007f8df4100000,0x00007f8df4200000)]
  0x00007f8e0c14d800 JavaThread "Common-Cleaner" daemon [_thread_blocked, id=14738, stack(0x00007f8df4000000,0x00007f8df4100000)]
  0x00007f8e0c222800 JavaThread "Monitor Ctrl-Break" daemon [_thread_in_native, id=14739, stack(0x00007f8de5f00000,0x00007f8de6000000)]
  0x00007f8e0c23e000 JavaThread "JavaCPP Deallocator" daemon [_thread_blocked, id=14741, stack(0x00007f8de53ff000,0x00007f8de54ff000)]

Other Threads:
  0x00007f8e0c125800 VMThread "VM Thread" [stack: 0x00007f8e101b0000,0x00007f8e102b0000] [id=14728]
  0x00007f8e0c225800 WatcherThread [stack: 0x00007f8de5500000,0x00007f8de5600000] [id=14740]
  0x00007f8e0c02f800 GCTaskThread "GC Thread#0" [stack: 0x00007f8e13b2a000,0x00007f8e13c2a000] [id=14715]
  0x00007f8e0c04a800 ConcurrentGCThread "G1 Main Marker" [stack: 0x00007f8e11239000,0x00007f8e11339000] [id=14716]
  0x00007f8e0c04c800 ConcurrentGCThread "G1 Conc#0" [stack: 0x00007f8e11138000,0x00007f8e11238000] [id=14717]
  0x00007f8e0c090000 ConcurrentGCThread "G1 Refine#0" [stack: 0x00007f8e10c33000,0x00007f8e10d33000] [id=14718]
  0x00007f8e0c092000 ConcurrentGCThread "G1 Young RemSet Sampling" [stack: 0x00007f8e10b32000,0x00007f8e10c32000] [id=14721]

Threads with active compile tasks:

VM state:not at safepoint (normal execution)

VM Mutex/Monitor currently owned by a thread: None

Heap address: 0x00000000c3800000, size: 968 MB, Compressed Oops mode: 32-bit
Narrow klass base: 0x0000000800000000, Narrow klass shift: 3
Compressed class space size: 1073741824 Address: 0x0000000840000000

Heap:
 garbage-first heap   total 65536K, used 9936K [0x00000000c3800000, 0x0000000100000000)
  region size 1024K, 11 young (11264K), 0 survivors (0K)
 Metaspace       used 3906K, capacity 6550K, committed 6656K, reserved 1056768K
  class space    used 431K, capacity 695K, committed 768K, reserved 1048576K
Heap Regions: E=young(eden), S=young(survivor), O=old, HS=humongous(starts), HC=humongous(continues), CS=collection set, F=free, A=archive, TAMS=top-at-mark-start (previous, next)
|   0|0x00000000c3800000, 0x00000000c3800000, 0x00000000c3900000|  0%| F|  |TAMS 0x00000000c3800000, 0x00000000c3800000| Untracked 
|   1|0x00000000c3900000, 0x00000000c3900000, 0x00000000c3a00000|  0%| F|  |TAMS 0x00000000c3900000, 0x00000000c3900000| Untracked 
|   2|0x00000000c3a00000, 0x00000000c3a00000, 0x00000000c3b00000|  0%| F|  |TAMS 0x00000000c3a00000, 0x00000000c3a00000| Untracked 
|   3|0x00000000c3b00000, 0x00000000c3b00000, 0x00000000c3c00000|  0%| F|  |TAMS 0x00000000c3b00000, 0x00000000c3b00000| Untracked 
|   4|0x00000000c3c00000, 0x00000000c3c00000, 0x00000000c3d00000|  0%| F|  |TAMS 0x00000000c3c00000, 0x00000000c3c00000| Untracked 
|   5|0x00000000c3d00000, 0x00000000c3d00000, 0x00000000c3e00000|  0%| F|  |TAMS 0x00000000c3d00000, 0x00000000c3d00000| Untracked 
|   6|0x00000000c3e00000, 0x00000000c3e00000, 0x00000000c3f00000|  0%| F|  |TAMS 0x00000000c3e00000, 0x00000000c3e00000| Untracked 
|   7|0x00000000c3f00000, 0x00000000c3f00000, 0x00000000c4000000|  0%| F|  |TAMS 0x00000000c3f00000, 0x00000000c3f00000| Untracked 
|   8|0x00000000c4000000, 0x00000000c4000000, 0x00000000c4100000|  0%| F|  |TAMS 0x00000000c4000000, 0x00000000c4000000| Untracked 
|   9|0x00000000c4100000, 0x00000000c4100000, 0x00000000c4200000|  0%| F|  |TAMS 0x00000000c4100000, 0x00000000c4100000| Untracked 
|  10|0x00000000c4200000, 0x00000000c4200000, 0x00000000c4300000|  0%| F|  |TAMS 0x00000000c4200000, 0x00000000c4200000| Untracked 
|  11|0x00000000c4300000, 0x00000000c4300000, 0x00000000c4400000|  0%| F|  |TAMS 0x00000000c4300000, 0x00000000c4300000| Untracked 
|  12|0x00000000c4400000, 0x00000000c4400000, 0x00000000c4500000|  0%| F|  |TAMS 0x00000000c4400000, 0x00000000c4400000| Untracked 
|  13|0x00000000c4500000, 0x00000000c4500000, 0x00000000c4600000|  0%| F|  |TAMS 0x00000000c4500000, 0x00000000c4500000| Untracked 
|  14|0x00000000c4600000, 0x00000000c4600000, 0x00000000c4700000|  0%| F|  |TAMS 0x00000000c4600000, 0x00000000c4600000| Untracked 
|  15|0x00000000c4700000, 0x00000000c4700000, 0x00000000c4800000|  0%| F|  |TAMS 0x00000000c4700000, 0x00000000c4700000| Untracked 
|  16|0x00000000c4800000, 0x00000000c4800000, 0x00000000c4900000|  0%| F|  |TAMS 0x00000000c4800000, 0x00000000c4800000| Untracked 
|  17|0x00000000c4900000, 0x00000000c4900000, 0x00000000c4a00000|  0%| F|  |TAMS 0x00000000c4900000, 0x00000000c4900000| Untracked 
|  18|0x00000000c4a00000, 0x00000000c4a00000, 0x00000000c4b00000|  0%| F|  |TAMS 0x00000000c4a00000, 0x00000000c4a00000| Untracked 
|  19|0x00000000c4b00000, 0x00000000c4b00000, 0x00000000c4c00000|  0%| F|  |TAMS 0x00000000c4b00000, 0x00000000c4b00000| Untracked 
|  20|0x00000000c4c00000, 0x00000000c4c00000, 0x00000000c4d00000|  0%| F|  |TAMS 0x00000000c4c00000, 0x00000000c4c00000| Untracked 
|  21|0x00000000c4d00000, 0x00000000c4d00000, 0x00000000c4e00000|  0%| F|  |TAMS 0x00000000c4d00000, 0x00000000c4d00000| Untracked 
|  22|0x00000000c4e00000, 0x00000000c4e00000, 0x00000000c4f00000|  0%| F|  |TAMS 0x00000000c4e00000, 0x00000000c4e00000| Untracked 
|  23|0x00000000c4f00000, 0x00000000c4f00000, 0x00000000c5000000|  0%| F|  |TAMS 0x00000000c4f00000, 0x00000000c4f00000| Untracked 
|  24|0x00000000c5000000, 0x00000000c5000000, 0x00000000c5100000|  0%| F|  |TAMS 0x00000000c5000000, 0x00000000c5000000| Untracked 
|  25|0x00000000c5100000, 0x00000000c5100000, 0x00000000c5200000|  0%| F|  |TAMS 0x00000000c5100000, 0x00000000c5100000| Untracked 
|  26|0x00000000c5200000, 0x00000000c5200000, 0x00000000c5300000|  0%| F|  |TAMS 0x00000000c5200000, 0x00000000c5200000| Untracked 
|  27|0x00000000c5300000, 0x00000000c5300000, 0x00000000c5400000|  0%| F|  |TAMS 0x00000000c5300000, 0x00000000c5300000| Untracked 
|  28|0x00000000c5400000, 0x00000000c5400000, 0x00000000c5500000|  0%| F|  |TAMS 0x00000000c5400000, 0x00000000c5400000| Untracked 
|  29|0x00000000c5500000, 0x00000000c5500000, 0x00000000c5600000|  0%| F|  |TAMS 0x00000000c5500000, 0x00000000c5500000| Untracked 
|  30|0x00000000c5600000, 0x00000000c5600000, 0x00000000c5700000|  0%| F|  |TAMS 0x00000000c5600000, 0x00000000c5600000| Untracked 
|  31|0x00000000c5700000, 0x00000000c5700000, 0x00000000c5800000|  0%| F|  |TAMS 0x00000000c5700000, 0x00000000c5700000| Untracked 
|  32|0x00000000c5800000, 0x00000000c5800000, 0x00000000c5900000|  0%| F|  |TAMS 0x00000000c5800000, 0x00000000c5800000| Untracked 
|  33|0x00000000c5900000, 0x00000000c5900000, 0x00000000c5a00000|  0%| F|  |TAMS 0x00000000c5900000, 0x00000000c5900000| Untracked 
|  34|0x00000000c5a00000, 0x00000000c5a00000, 0x00000000c5b00000|  0%| F|  |TAMS 0x00000000c5a00000, 0x00000000c5a00000| Untracked 
|  35|0x00000000c5b00000, 0x00000000c5b00000, 0x00000000c5c00000|  0%| F|  |TAMS 0x00000000c5b00000, 0x00000000c5b00000| Untracked 
|  36|0x00000000c5c00000, 0x00000000c5c00000, 0x00000000c5d00000|  0%| F|  |TAMS 0x00000000c5c00000, 0x00000000c5c00000| Untracked 
|  37|0x00000000c5d00000, 0x00000000c5d00000, 0x00000000c5e00000|  0%| F|  |TAMS 0x00000000c5d00000, 0x00000000c5d00000| Untracked 
|  38|0x00000000c5e00000, 0x00000000c5e00000, 0x00000000c5f00000|  0%| F|  |TAMS 0x00000000c5e00000, 0x00000000c5e00000| Untracked 
|  39|0x00000000c5f00000, 0x00000000c5f00000, 0x00000000c6000000|  0%| F|  |TAMS 0x00000000c5f00000, 0x00000000c5f00000| Untracked 
|  40|0x00000000c6000000, 0x00000000c6000000, 0x00000000c6100000|  0%| F|  |TAMS 0x00000000c6000000, 0x00000000c6000000| Untracked 
|  41|0x00000000c6100000, 0x00000000c6100000, 0x00000000c6200000|  0%| F|  |TAMS 0x00000000c6100000, 0x00000000c6100000| Untracked 
|  42|0x00000000c6200000, 0x00000000c6200000, 0x00000000c6300000|  0%| F|  |TAMS 0x00000000c6200000, 0x00000000c6200000| Untracked 
|  43|0x00000000c6300000, 0x00000000c6300000, 0x00000000c6400000|  0%| F|  |TAMS 0x00000000c6300000, 0x00000000c6300000| Untracked 
|  44|0x00000000c6400000, 0x00000000c6400000, 0x00000000c6500000|  0%| F|  |TAMS 0x00000000c6400000, 0x00000000c6400000| Untracked 
|  45|0x00000000c6500000, 0x00000000c6500000, 0x00000000c6600000|  0%| F|  |TAMS 0x00000000c6500000, 0x00000000c6500000| Untracked 
|  46|0x00000000c6600000, 0x00000000c6600000, 0x00000000c6700000|  0%| F|  |TAMS 0x00000000c6600000, 0x00000000c6600000| Untracked 
|  47|0x00000000c6700000, 0x00000000c6700000, 0x00000000c6800000|  0%| F|  |TAMS 0x00000000c6700000, 0x00000000c6700000| Untracked 
|  48|0x00000000c6800000, 0x00000000c6800000, 0x00000000c6900000|  0%| F|  |TAMS 0x00000000c6800000, 0x00000000c6800000| Untracked 
|  49|0x00000000c6900000, 0x00000000c6900000, 0x00000000c6a00000|  0%| F|  |TAMS 0x00000000c6900000, 0x00000000c6900000| Untracked 
|  50|0x00000000c6a00000, 0x00000000c6a00000, 0x00000000c6b00000|  0%| F|  |TAMS 0x00000000c6a00000, 0x00000000c6a00000| Untracked 
|  51|0x00000000c6b00000, 0x00000000c6b8fe40, 0x00000000c6c00000| 56%| E|  |TAMS 0x00000000c6b00000, 0x00000000c6b00000| Complete 
|  52|0x00000000c6c00000, 0x00000000c6d00000, 0x00000000c6d00000|100%| E|CS|TAMS 0x00000000c6c00000, 0x00000000c6c00000| Complete 
|  53|0x00000000c6d00000, 0x00000000c6e00000, 0x00000000c6e00000|100%| E|CS|TAMS 0x00000000c6d00000, 0x00000000c6d00000| Complete 
|  54|0x00000000c6e00000, 0x00000000c6f00000, 0x00000000c6f00000|100%| E|CS|TAMS 0x00000000c6e00000, 0x00000000c6e00000| Complete 
|  55|0x00000000c6f00000, 0x00000000c7000000, 0x00000000c7000000|100%| E|  |TAMS 0x00000000c6f00000, 0x00000000c6f00000| Complete 
|  56|0x00000000c7000000, 0x00000000c7100000, 0x00000000c7100000|100%| E|CS|TAMS 0x00000000c7000000, 0x00000000c7000000| Complete 
|  57|0x00000000c7100000, 0x00000000c7200000, 0x00000000c7200000|100%| E|CS|TAMS 0x00000000c7100000, 0x00000000c7100000| Complete 
|  58|0x00000000c7200000, 0x00000000c7300000, 0x00000000c7300000|100%| E|CS|TAMS 0x00000000c7200000, 0x00000000c7200000| Complete 
|  59|0x00000000c7300000, 0x00000000c7400000, 0x00000000c7400000|100%| E|CS|TAMS 0x00000000c7300000, 0x00000000c7300000| Complete 
|  60|0x00000000c7400000, 0x00000000c7500000, 0x00000000c7500000|100%| E|CS|TAMS 0x00000000c7400000, 0x00000000c7400000| Complete 
|  61|0x00000000c7500000, 0x00000000c7600000, 0x00000000c7600000|100%| E|CS|TAMS 0x00000000c7500000, 0x00000000c7500000| Complete 
| 966|0x00000000ffe00000, 0x00000000ffe48000, 0x00000000fff00000| 28%|OA|  |TAMS 0x00000000ffe00000, 0x00000000ffe00000| Untracked 
| 967|0x00000000fff00000, 0x00000000fff6c000, 0x0000000100000000| 42%|CA|  |TAMS 0x00000000fff00000, 0x00000000fff00000| Untracked 

Card table byte_map: [0x00007f8e1335d000,0x00007f8e13541000] _byte_map_base: 0x00007f8e12d41000

Marking Bits (Prev, Next): (CMBitMap*) 0x00007f8e0c045c68, (CMBitMap*) 0x00007f8e0c045ca0
 Prev Bits: [0x00007f8e12259000, 0x00007f8e13179000)
 Next Bits: [0x00007f8e11339000, 0x00007f8e12259000)

Polling page: 0x00007f8e15517000

Metaspace:

Usage:
  Non-class:      5.72 MB capacity,     3.39 MB ( 59%) used,     2.32 MB ( 41%) free+waste,     6.88 KB ( <1%) overhead. 
      Class:    695.00 KB capacity,   431.72 KB ( 62%) used,   259.53 KB ( 37%) free+waste,     3.75 KB ( <1%) overhead. 
       Both:      6.40 MB capacity,     3.81 MB ( 60%) used,     2.57 MB ( 40%) free+waste,    10.62 KB ( <1%) overhead. 

Virtual space:
  Non-class space:        8.00 MB reserved,       5.75 MB ( 72%) committed 
      Class space:        1.00 GB reserved,     768.00 KB ( <1%) committed 
             Both:        1.01 GB reserved,       6.50 MB ( <1%) committed 

Chunk freelists:
   Non-Class:  29.00 KB
       Class:  9.00 KB
        Both:  38.00 KB

MaxMetaspaceSize: unlimited
CompressedClassSpaceSize: 1.00 GB
Initial GC threshold: 20.80 MB
Current GC threshold: 20.80 MB
CDS: on

CodeHeap 'non-profiled nmethods': size=120032Kb used=218Kb max_used=218Kb free=119813Kb
 bounds [0x00007f8dfc0c8000, 0x00007f8dfc338000, 0x00007f8e03600000]
CodeHeap 'profiled nmethods': size=120032Kb used=1302Kb max_used=1302Kb free=118729Kb
 bounds [0x00007f8df4b90000, 0x00007f8df4e00000, 0x00007f8dfc0c8000]
CodeHeap 'non-nmethods': size=5696Kb used=1148Kb max_used=1157Kb free=4547Kb
 bounds [0x00007f8df4600000, 0x00007f8df4870000, 0x00007f8df4b90000]
 total_blobs=1150 nmethods=741 adapters=323
 compilation: enabled
              stopped_count=0, restarted_count=0
 full_count=0

Compilation events (20 events):
Event: 0.634 Thread 0x00007f8e0c136000 nmethod 714 0x00007f8dfc0fd590 code [0x00007f8dfc0fd740, 0x00007f8dfc0fd810]
Event: 0.634 Thread 0x00007f8e0c136000  710       3       java.util.Arrays::copyOf (10 bytes)
Event: 0.634 Thread 0x00007f8e0c136000 nmethod 710 0x00007f8df4cc2e10 code [0x00007f8df4cc2fc0, 0x00007f8df4cc3100]
Event: 0.634 Thread 0x00007f8e0c136000  726       1       java.lang.invoke.LambdaForm$Name::type (5 bytes)
Event: 0.634 Thread 0x00007f8e0c136000 nmethod 726 0x00007f8dfc0fd890 code [0x00007f8dfc0fda40, 0x00007f8dfc0fdb10]
Event: 0.634 Thread 0x00007f8e0c136000  722       1       java.lang.invoke.MethodTypeForm::basicType (5 bytes)
Event: 0.634 Thread 0x00007f8e0c136000 nmethod 722 0x00007f8dfc0fdb90 code [0x00007f8dfc0fdd40, 0x00007f8dfc0fde10]
Event: 0.634 Thread 0x00007f8e0c136000  727       3       java.lang.invoke.MethodTypeForm::canonicalize (64 bytes)
Event: 0.635 Thread 0x00007f8e0c136000 nmethod 727 0x00007f8df4cc3210 code [0x00007f8df4cc3400, 0x00007f8df4cc36e0]
Event: 0.635 Thread 0x00007f8e0c136000  730       3       java.lang.invoke.MethodType::insertParameterTypes (121 bytes)
Event: 0.636 Thread 0x00007f8e0c136000 nmethod 730 0x00007f8df4cc3810 code [0x00007f8df4cc3b00, 0x00007f8df4cc4990]
Event: 0.636 Thread 0x00007f8e0c136000  735       3       java.lang.invoke.LambdaForm$Name::useCount (42 bytes)
Event: 0.636 Thread 0x00007f8e0c136000 nmethod 735 0x00007f8df4cc4f10 code [0x00007f8df4cc50e0, 0x00007f8df4cc53f0]
Event: 0.636 Thread 0x00007f8e0c136000  737       3       java.util.ImmutableCollections$ListN::size (6 bytes)
Event: 0.636 Thread 0x00007f8e0c136000 nmethod 737 0x00007f8df4cc5510 code [0x00007f8df4cc56c0, 0x00007f8df4cc57f0]
Event: 0.636 Thread 0x00007f8e0c136000  732       3       java.lang.invoke.LambdaForm::internArgument (84 bytes)
Event: 0.637 Thread 0x00007f8e0c136000 nmethod 732 0x00007f8df4cc5890 code [0x00007f8df4cc5a80, 0x00007f8df4cc5e20]
Event: 0.637 Thread 0x00007f8e0c136000  734       3       jdk.internal.org.objectweb.asm.MethodWriter::visitVarInsn (300 bytes)
Event: 0.639 Thread 0x00007f8e0c136000 nmethod 734 0x00007f8df4cc6010 code [0x00007f8df4cc6280, 0x00007f8df4cc6c80]
Event: 0.639 Thread 0x00007f8e0c136000  740       3       jdk.internal.org.objectweb.asm.Frame::execute (2264 bytes)

GC Heap History (0 events):
No events

Deoptimization events (20 events):
Event: 0.399 Thread 0x00007f8e0c016800 Uncommon trap: trap_request=0xffffff4d fr.pc=0x00007f8dfc0d6888 relative=0x0000000000000068
Event: 0.399 Thread 0x00007f8e0c016800 Uncommon trap: reason=unstable_if action=reinterpret pc=0x00007f8dfc0d6888 method=java.lang.String.isLatin1()Z @ 10 c2
Event: 0.399 Thread 0x00007f8e0c016800 DEOPT PACKING pc=0x00007f8dfc0d6888 sp=0x00007f8e141fe2b0
Event: 0.399 Thread 0x00007f8e0c016800 DEOPT UNPACKING pc=0x00007f8df4649ea5 sp=0x00007f8e141fe260 mode 2
Event: 0.428 Thread 0x00007f8e0c016800 DEOPT PACKING pc=0x00007f8df4beaaa4 sp=0x00007f8e141fd4e0
Event: 0.428 Thread 0x00007f8e0c016800 DEOPT UNPACKING pc=0x00007f8df464a64a sp=0x00007f8e141fc958 mode 0
Event: 0.446 Thread 0x00007f8e0c016800 Uncommon trap: trap_request=0xffffff76 fr.pc=0x00007f8dfc0e87ec relative=0x00000000000003ac
Event: 0.446 Thread 0x00007f8e0c016800 Uncommon trap: reason=loop_limit_check action=maybe_recompile pc=0x00007f8dfc0e87ec method=java.lang.StringLatin1.indexOf([BI[BII)I @ 37 c2
Event: 0.446 Thread 0x00007f8e0c016800 DEOPT PACKING pc=0x00007f8dfc0e87ec sp=0x00007f8e141fbc20
Event: 0.446 Thread 0x00007f8e0c016800 DEOPT UNPACKING pc=0x00007f8df4649ea5 sp=0x00007f8e141fbba0 mode 2
Event: 0.486 Thread 0x00007f8e0c016800 Uncommon trap: trap_request=0xffffffc6 fr.pc=0x00007f8dfc0e0974 relative=0x0000000000000394
Event: 0.486 Thread 0x00007f8e0c016800 Uncommon trap: reason=bimorphic_or_optimized_type_check action=maybe_recompile pc=0x00007f8dfc0e0974 method=java.util.HashMap.getNode(ILjava/lang/Object;)Ljava/util/HashMap$Node; @ 126 c2
Event: 0.486 Thread 0x00007f8e0c016800 DEOPT PACKING pc=0x00007f8dfc0e0974 sp=0x00007f8e141fdf60
Event: 0.486 Thread 0x00007f8e0c016800 DEOPT UNPACKING pc=0x00007f8df4649ea5 sp=0x00007f8e141fdef8 mode 2
Event: 0.549 Thread 0x00007f8e0c016800 DEOPT PACKING pc=0x00007f8df4c0b9c2 sp=0x00007f8e141fcff0
Event: 0.549 Thread 0x00007f8e0c016800 DEOPT UNPACKING pc=0x00007f8df464a64a sp=0x00007f8e141fc478 mode 0
Event: 0.552 Thread 0x00007f8e0c016800 DEOPT PACKING pc=0x00007f8df4bce04f sp=0x00007f8e141fcfa0
Event: 0.552 Thread 0x00007f8e0c016800 DEOPT UNPACKING pc=0x00007f8df464a64a sp=0x00007f8e141fc448 mode 0
Event: 0.557 Thread 0x00007f8e0c016800 DEOPT PACKING pc=0x00007f8df4bce04f sp=0x00007f8e141fcf80
Event: 0.557 Thread 0x00007f8e0c016800 DEOPT UNPACKING pc=0x00007f8df464a64a sp=0x00007f8e141fc428 mode 0

Classes redefined (0 events):
No events

Internal exceptions (20 events):
Event: 0.236 Thread 0x00007f8e0c016800 Exception <a 'java/security/PrivilegedActionException'{0x00000000c7487420}> (0x00000000c7487420) thrown at [./src/hotspot/share/prims/jvm.cpp, line 1304]
Event: 0.236 Thread 0x00007f8e0c016800 Exception <a 'java/security/PrivilegedActionException'{0x00000000c74876f0}> (0x00000000c74876f0) thrown at [./src/hotspot/share/prims/jvm.cpp, line 1304]
Event: 0.236 Thread 0x00007f8e0c016800 Exception <a 'java/security/PrivilegedActionException'{0x00000000c7488060}> (0x00000000c7488060) thrown at [./src/hotspot/share/prims/jvm.cpp, line 1304]
Event: 0.237 Thread 0x00007f8e0c016800 Exception <a 'java/security/PrivilegedActionException'{0x00000000c7488330}> (0x00000000c7488330) thrown at [./src/hotspot/share/prims/jvm.cpp, line 1304]
Event: 0.237 Thread 0x00007f8e0c016800 Exception <a 'java/security/PrivilegedActionException'{0x00000000c7488ca0}> (0x00000000c7488ca0) thrown at [./src/hotspot/share/prims/jvm.cpp, line 1304]
Event: 0.237 Thread 0x00007f8e0c016800 Exception <a 'java/security/PrivilegedActionException'{0x00000000c7488f70}> (0x00000000c7488f70) thrown at [./src/hotspot/share/prims/jvm.cpp, line 1304]
Event: 0.237 Thread 0x00007f8e0c016800 Exception <a 'java/security/PrivilegedActionException'{0x00000000c74898f8}> (0x00000000c74898f8) thrown at [./src/hotspot/share/prims/jvm.cpp, line 1304]
Event: 0.237 Thread 0x00007f8e0c016800 Exception <a 'java/security/PrivilegedActionException'{0x00000000c7489bc8}> (0x00000000c7489bc8) thrown at [./src/hotspot/share/prims/jvm.cpp, line 1304]
Event: 0.237 Thread 0x00007f8e0c016800 Exception <a 'java/security/PrivilegedActionException'{0x00000000c748a550}> (0x00000000c748a550) thrown at [./src/hotspot/share/prims/jvm.cpp, line 1304]
Event: 0.237 Thread 0x00007f8e0c016800 Exception <a 'java/security/PrivilegedActionException'{0x00000000c748a820}> (0x00000000c748a820) thrown at [./src/hotspot/share/prims/jvm.cpp, line 1304]
Event: 0.237 Thread 0x00007f8e0c016800 Exception <a 'java/security/PrivilegedActionException'{0x00000000c748b1a8}> (0x00000000c748b1a8) thrown at [./src/hotspot/share/prims/jvm.cpp, line 1304]
Event: 0.237 Thread 0x00007f8e0c016800 Exception <a 'java/security/PrivilegedActionException'{0x00000000c748b478}> (0x00000000c748b478) thrown at [./src/hotspot/share/prims/jvm.cpp, line 1304]
Event: 0.237 Thread 0x00007f8e0c016800 Exception <a 'java/security/PrivilegedActionException'{0x00000000c748bde8}> (0x00000000c748bde8) thrown at [./src/hotspot/share/prims/jvm.cpp, line 1304]
Event: 0.237 Thread 0x00007f8e0c016800 Exception <a 'java/security/PrivilegedActionException'{0x00000000c748c0b8}> (0x00000000c748c0b8) thrown at [./src/hotspot/share/prims/jvm.cpp, line 1304]
Event: 0.237 Thread 0x00007f8e0c016800 Exception <a 'java/security/PrivilegedActionException'{0x00000000c748ca40}> (0x00000000c748ca40) thrown at [./src/hotspot/share/prims/jvm.cpp, line 1304]
Event: 0.237 Thread 0x00007f8e0c016800 Exception <a 'java/security/PrivilegedActionException'{0x00000000c748cd10}> (0x00000000c748cd10) thrown at [./src/hotspot/share/prims/jvm.cpp, line 1304]
Event: 0.277 Thread 0x00007f8e0c016800 Exception <a 'java/lang/NoSuchMethodError'{0x00000000c73bd240}: 'int java.lang.invoke.DirectMethodHandle$Holder.invokeStaticInit(java.lang.Object, java.lang.Object, java.lang.Object, java.lang.Object)'> (0x00000000c73bd240) thrown at [./src/hotspot/share/interpreter/linkResolver.cpp, line 772]
Event: 0.279 Thread 0x00007f8e0c016800 Exception <a 'java/lang/IncompatibleClassChangeError'{0x00000000c73c6fc0}: Found class java.lang.Object, but interface was expected> (0x00000000c73c6fc0) thrown at [./src/hotspot/share/interpreter/linkResolver.cpp, line 839]
Event: 0.280 Thread 0x00007f8e0c016800 Exception <a 'java/lang/NoSuchMethodError'{0x00000000c73ca170}: 'void java.lang.invoke.DirectMethodHandle$Holder.invokeStaticInit(java.lang.Object, java.lang.Object)'> (0x00000000c73ca170) thrown at [./src/hotspot/share/interpreter/linkResolver.cpp, line 772]
Event: 0.281 Thread 0x00007f8e0c016800 Exception <a 'java/lang/NoSuchMethodError'{0x00000000c73cf660}: 'int java.lang.invoke.DirectMethodHandle$Holder.invokeStaticInit(java.lang.Object, java.lang.Object)'> (0x00000000c73cf660) thrown at [./src/hotspot/share/interpreter/linkResolver.cpp, line 772]

Events (20 events):
Event: 0.610 loading class SymbolTable
Event: 0.610 loading class SymbolTable done
Event: 0.615 Executing VM operation: Deoptimize
Event: 0.616 Executing VM operation: Deoptimize done
Event: 0.618 loading class java/lang/invoke/BoundMethodHandle$Species_LL
Event: 0.618 loading class java/lang/invoke/BoundMethodHandle$Species_LL done
Event: 0.622 loading class java/lang/invoke/BoundMethodHandle$Species_LLL
Event: 0.622 loading class java/lang/invoke/BoundMethodHandle$Species_LLL done
Event: 0.624 loading class java/lang/invoke/BoundMethodHandle$Species_LLLL
Event: 0.624 loading class java/lang/invoke/BoundMethodHandle$Species_LLLL done
Event: 0.627 loading class java/lang/invoke/BoundMethodHandle$Species_LLLLL
Event: 0.627 loading class java/lang/invoke/BoundMethodHandle$Species_LLLLL done
Event: 0.628 loading class java/lang/invoke/BoundMethodHandle$Species_LLLLLL
Event: 0.628 loading class java/lang/invoke/BoundMethodHandle$Species_LLLLLL done
Event: 0.631 loading class java/lang/invoke/BoundMethodHandle$Species_LLLLLLI
Event: 0.631 loading class java/lang/invoke/BoundMethodHandle$Species_LLLLLLI done
Event: 0.634 loading class java/lang/invoke/BoundMethodHandle$Species_LLLLLLII
Event: 0.634 loading class java/lang/invoke/BoundMethodHandle$Species_LLLLLLII done
Event: 0.636 loading class java/lang/invoke/BoundMethodHandle$Species_LLLLLLIIL
Event: 0.636 loading class java/lang/invoke/BoundMethodHandle$Species_LLLLLLIIL done


Dynamic libraries:
c3800000-c7600000 rw-p 00000000 00:00 0 
c7600000-ffe00000 ---p 00000000 00:00 0 
ffe00000-ffe48000 rw-p 00b14000 08:03 265562                             /usr/lib/jvm/java-11-openjdk-amd64/lib/server/classes.jsa
ffe48000-fff00000 rw-p 00000000 00:00 0 
fff00000-fff6c000 rw-p 00aa8000 08:03 265562                             /usr/lib/jvm/java-11-openjdk-amd64/lib/server/classes.jsa
fff6c000-100000000 rw-p 00000000 00:00 0 
800000000-800002000 rwxp 00001000 08:03 265562                           /usr/lib/jvm/java-11-openjdk-amd64/lib/server/classes.jsa
800002000-8003ce000 rw-p 00003000 08:03 265562                           /usr/lib/jvm/java-11-openjdk-amd64/lib/server/classes.jsa
8003ce000-800aa6000 r--p 003cf000 08:03 265562                           /usr/lib/jvm/java-11-openjdk-amd64/lib/server/classes.jsa
800aa6000-800aa7000 rw-p 00aa7000 08:03 265562                           /usr/lib/jvm/java-11-openjdk-amd64/lib/server/classes.jsa
840000000-8400c0000 rw-p 00000000 00:00 0 
8400c0000-880000000 ---p 00000000 00:00 0 
55bdf4c8a000-55bdf4c8b000 r--p 00000000 08:03 265116                     /usr/lib/jvm/java-11-openjdk-amd64/bin/java
55bdf4c8b000-55bdf4c8c000 r-xp 00001000 08:03 265116                     /usr/lib/jvm/java-11-openjdk-amd64/bin/java
55bdf4c8c000-55bdf4c8d000 r--p 00002000 08:03 265116                     /usr/lib/jvm/java-11-openjdk-amd64/bin/java
55bdf4c8d000-55bdf4c8e000 r--p 00002000 08:03 265116                     /usr/lib/jvm/java-11-openjdk-amd64/bin/java
55bdf4c8e000-55bdf4c8f000 rw-p 00003000 08:03 265116                     /usr/lib/jvm/java-11-openjdk-amd64/bin/java
55bdf6bcb000-55bdf6bec000 rw-p 00000000 00:00 0                          [heap]
7f8da1400000-7f8da1d26000 r--p 00000000 08:03 1587749                    /home/ubuntu/.javacpp/cache/llvm-13.0.1-1.5.7-linux-x86_64.jar/org/bytedeco/llvm/linux-x86_64/libLLVM-13.so
7f8da1d26000-7f8da56e9000 r-xp 00926000 08:03 1587749                    /home/ubuntu/.javacpp/cache/llvm-13.0.1-1.5.7-linux-x86_64.jar/org/bytedeco/llvm/linux-x86_64/libLLVM-13.so
7f8da56e9000-7f8da793e000 r--p 042e9000 08:03 1587749                    /home/ubuntu/.javacpp/cache/llvm-13.0.1-1.5.7-linux-x86_64.jar/org/bytedeco/llvm/linux-x86_64/libLLVM-13.so
7f8da793e000-7f8da7e53000 r--p 0653d000 08:03 1587749                    /home/ubuntu/.javacpp/cache/llvm-13.0.1-1.5.7-linux-x86_64.jar/org/bytedeco/llvm/linux-x86_64/libLLVM-13.so
7f8da7e53000-7f8da7e5e000 rw-p 06a52000 08:03 1587749                    /home/ubuntu/.javacpp/cache/llvm-13.0.1-1.5.7-linux-x86_64.jar/org/bytedeco/llvm/linux-x86_64/libLLVM-13.so
7f8da7e5e000-7f8da7ed4000 rw-p 00000000 00:00 0 
7f8da8000000-7f8da8021000 rw-p 00000000 00:00 0 
7f8da8021000-7f8dac000000 ---p 00000000 00:00 0 
7f8db0000000-7f8db0021000 rw-p 00000000 00:00 0 
7f8db0021000-7f8db4000000 ---p 00000000 00:00 0 
7f8db4000000-7f8db4021000 rw-p 00000000 00:00 0 
7f8db4021000-7f8db8000000 ---p 00000000 00:00 0 
7f8db8000000-7f8db8021000 rw-p 00000000 00:00 0 
7f8db8021000-7f8dbc000000 ---p 00000000 00:00 0 
7f8dbc000000-7f8dbc021000 rw-p 00000000 00:00 0 
7f8dbc021000-7f8dc0000000 ---p 00000000 00:00 0 
7f8dc0000000-7f8dc03b4000 rw-p 00000000 00:00 0 
7f8dc03b4000-7f8dc4000000 ---p 00000000 00:00 0 
7f8dc4000000-7f8dc4343000 rw-p 00000000 00:00 0 
7f8dc4343000-7f8dc8000000 ---p 00000000 00:00 0 
7f8dc8000000-7f8dc8021000 rw-p 00000000 00:00 0 
7f8dc8021000-7f8dcc000000 ---p 00000000 00:00 0 
7f8dcc000000-7f8dcc021000 rw-p 00000000 00:00 0 
7f8dcc021000-7f8dd0000000 ---p 00000000 00:00 0 
7f8dd0000000-7f8dd0021000 rw-p 00000000 00:00 0 
7f8dd0021000-7f8dd4000000 ---p 00000000 00:00 0 
7f8dd4000000-7f8dd4021000 rw-p 00000000 00:00 0 
7f8dd4021000-7f8dd8000000 ---p 00000000 00:00 0 
7f8dd8000000-7f8dd8021000 rw-p 00000000 00:00 0 
7f8dd8021000-7f8ddc000000 ---p 00000000 00:00 0 
7f8ddc000000-7f8ddc021000 rw-p 00000000 00:00 0 
7f8ddc021000-7f8de0000000 ---p 00000000 00:00 0 
7f8de0000000-7f8de0021000 rw-p 00000000 00:00 0 
7f8de0021000-7f8de4000000 ---p 00000000 00:00 0 
7f8de52f9000-7f8de535e000 r--p 00000000 08:03 1589997                    /home/ubuntu/.javacpp/cache/llvm-13.0.1-1.5.7-linux-x86_64.jar/org/bytedeco/llvm/linux-x86_64/libjniLLVM.so
7f8de535e000-7f8de53cc000 r-xp 00065000 08:03 1589997                    /home/ubuntu/.javacpp/cache/llvm-13.0.1-1.5.7-linux-x86_64.jar/org/bytedeco/llvm/linux-x86_64/libjniLLVM.so
7f8de53cc000-7f8de53f7000 r--p 000d3000 08:03 1589997                    /home/ubuntu/.javacpp/cache/llvm-13.0.1-1.5.7-linux-x86_64.jar/org/bytedeco/llvm/linux-x86_64/libjniLLVM.so
7f8de53f7000-7f8de53fa000 r--p 000fd000 08:03 1589997                    /home/ubuntu/.javacpp/cache/llvm-13.0.1-1.5.7-linux-x86_64.jar/org/bytedeco/llvm/linux-x86_64/libjniLLVM.so
7f8de53fa000-7f8de53fd000 rw-p 00100000 08:03 1589997                    /home/ubuntu/.javacpp/cache/llvm-13.0.1-1.5.7-linux-x86_64.jar/org/bytedeco/llvm/linux-x86_64/libjniLLVM.so
7f8de53fd000-7f8de53ff000 rw-p 00000000 00:00 0 
7f8de53ff000-7f8de5403000 ---p 00000000 00:00 0 
7f8de5403000-7f8de54ff000 rw-p 00000000 00:00 0 
7f8de54ff000-7f8de5500000 ---p 00000000 00:00 0 
7f8de5500000-7f8de5600000 rw-p 00000000 00:00 0 
7f8de5600000-7f8de5e78000 r--p 00000000 08:03 2365202                    /usr/lib/locale/locale-archive
7f8de5f00000-7f8de5f04000 ---p 00000000 00:00 0 
7f8de5f04000-7f8de8000000 rw-p 00000000 00:00 0 
7f8de8000000-7f8de8021000 rw-p 00000000 00:00 0 
7f8de8021000-7f8dec000000 ---p 00000000 00:00 0 
7f8dec000000-7f8dec021000 rw-p 00000000 00:00 0 
7f8dec021000-7f8df0000000 ---p 00000000 00:00 0 
7f8df0000000-7f8df0021000 rw-p 00000000 00:00 0 
7f8df0021000-7f8df4000000 ---p 00000000 00:00 0 
7f8df4000000-7f8df4004000 ---p 00000000 00:00 0 
7f8df4004000-7f8df4100000 rw-p 00000000 00:00 0 
7f8df4100000-7f8df4104000 ---p 00000000 00:00 0 
7f8df4104000-7f8df4200000 rw-p 00000000 00:00 0 
7f8df4200000-7f8df4204000 ---p 00000000 00:00 0 
7f8df4204000-7f8df4300000 rw-p 00000000 00:00 0 
7f8df4300000-7f8df4304000 ---p 00000000 00:00 0 
7f8df4304000-7f8df4400000 rw-p 00000000 00:00 0 
7f8df4400000-7f8df4404000 ---p 00000000 00:00 0 
7f8df4404000-7f8df4500000 rw-p 00000000 00:00 0 
7f8df4500000-7f8df4504000 ---p 00000000 00:00 0 
7f8df4504000-7f8df4600000 rw-p 00000000 00:00 0 
7f8df4600000-7f8df4870000 rwxp 00000000 00:00 0 
7f8df4870000-7f8df4b90000 ---p 00000000 00:00 0 
7f8df4b90000-7f8df4e00000 rwxp 00000000 00:00 0 
7f8df4e00000-7f8dfc0c8000 ---p 00000000 00:00 0 
7f8dfc0c8000-7f8dfc338000 rwxp 00000000 00:00 0 
7f8dfc338000-7f8e03600000 ---p 00000000 00:00 0 
7f8e03600000-7f8e0be25000 r--s 00000000 08:03 265275                     /usr/lib/jvm/java-11-openjdk-amd64/lib/modules
7f8e0bf00000-7f8e0bf04000 ---p 00000000 00:00 0 
7f8e0bf04000-7f8e0c000000 rw-p 00000000 00:00 0 
7f8e0c000000-7f8e0c42e000 rw-p 00000000 00:00 0 
7f8e0c42e000-7f8e10000000 ---p 00000000 00:00 0 
7f8e1009c000-7f8e100a3000 r--p 00000000 08:03 1587750                    /home/ubuntu/.javacpp/cache/llvm-13.0.1-1.5.7-linux-x86_64.jar/org/bytedeco/llvm/linux-x86_64/libLTO.so.13
7f8e100a3000-7f8e100ab000 r-xp 00007000 08:03 1587750                    /home/ubuntu/.javacpp/cache/llvm-13.0.1-1.5.7-linux-x86_64.jar/org/bytedeco/llvm/linux-x86_64/libLTO.so.13
7f8e100ab000-7f8e100ad000 r--p 0000f000 08:03 1587750                    /home/ubuntu/.javacpp/cache/llvm-13.0.1-1.5.7-linux-x86_64.jar/org/bytedeco/llvm/linux-x86_64/libLTO.so.13
7f8e100ad000-7f8e100ae000 r--p 00010000 08:03 1587750                    /home/ubuntu/.javacpp/cache/llvm-13.0.1-1.5.7-linux-x86_64.jar/org/bytedeco/llvm/linux-x86_64/libLTO.so.13
7f8e100ae000-7f8e100af000 rw-p 00011000 08:03 1587750                    /home/ubuntu/.javacpp/cache/llvm-13.0.1-1.5.7-linux-x86_64.jar/org/bytedeco/llvm/linux-x86_64/libLTO.so.13
7f8e100af000-7f8e100b3000 ---p 00000000 00:00 0 
7f8e100b3000-7f8e101af000 rw-p 00000000 00:00 0 
7f8e101af000-7f8e101b0000 ---p 00000000 00:00 0 
7f8e101b0000-7f8e108f1000 rw-p 00000000 00:00 0 
7f8e108f1000-7f8e10b31000 ---p 00000000 00:00 0 
7f8e10b31000-7f8e10b32000 ---p 00000000 00:00 0 
7f8e10b32000-7f8e10c32000 rw-p 00000000 00:00 0 
7f8e10c32000-7f8e10c33000 ---p 00000000 00:00 0 
7f8e10c33000-7f8e11137000 rw-p 00000000 00:00 0 
7f8e11137000-7f8e11138000 ---p 00000000 00:00 0 
7f8e11138000-7f8e11238000 rw-p 00000000 00:00 0 
7f8e11238000-7f8e11239000 ---p 00000000 00:00 0 
7f8e11239000-7f8e11431000 rw-p 00000000 00:00 0 
7f8e11431000-7f8e12251000 ---p 00000000 00:00 0 
7f8e12251000-7f8e12351000 rw-p 00000000 00:00 0 
7f8e12351000-7f8e13171000 ---p 00000000 00:00 0 
7f8e13171000-7f8e13198000 rw-p 00000000 00:00 0 
7f8e13198000-7f8e1335c000 ---p 00000000 00:00 0 
7f8e1335c000-7f8e1337c000 rw-p 00000000 00:00 0 
7f8e1337c000-7f8e13540000 ---p 00000000 00:00 0 
7f8e13540000-7f8e13560000 rw-p 00000000 00:00 0 
7f8e13560000-7f8e13724000 ---p 00000000 00:00 0 
7f8e13724000-7f8e13b29000 rw-p 00000000 00:00 0 
7f8e13b29000-7f8e13b2a000 ---p 00000000 00:00 0 
7f8e13b2a000-7f8e13c2f000 rw-p 00000000 00:00 0 
7f8e13c2f000-7f8e13d15000 ---p 00000000 00:00 0 
7f8e13d15000-7f8e13d1a000 rw-p 00000000 00:00 0 
7f8e13d1a000-7f8e13e00000 ---p 00000000 00:00 0 
7f8e13e00000-7f8e13e9a000 r--p 00000000 08:03 2360832                    /usr/lib/x86_64-linux-gnu/libstdc++.so.6.0.30
7f8e13e9a000-7f8e13fab000 r-xp 0009a000 08:03 2360832                    /usr/lib/x86_64-linux-gnu/libstdc++.so.6.0.30
7f8e13fab000-7f8e1401a000 r--p 001ab000 08:03 2360832                    /usr/lib/x86_64-linux-gnu/libstdc++.so.6.0.30
7f8e1401a000-7f8e1401b000 ---p 0021a000 08:03 2360832                    /usr/lib/x86_64-linux-gnu/libstdc++.so.6.0.30
7f8e1401b000-7f8e14026000 r--p 0021a000 08:03 2360832                    /usr/lib/x86_64-linux-gnu/libstdc++.so.6.0.30
7f8e14026000-7f8e14029000 rw-p 00225000 08:03 2360832                    /usr/lib/x86_64-linux-gnu/libstdc++.so.6.0.30
7f8e14029000-7f8e1402c000 rw-p 00000000 00:00 0 
7f8e1403b000-7f8e1403c000 r--p 00000000 08:03 2361439                    /usr/lib/x86_64-linux-gnu/libdl.so.2
7f8e1403c000-7f8e1403d000 r-xp 00001000 08:03 2361439                    /usr/lib/x86_64-linux-gnu/libdl.so.2
7f8e1403d000-7f8e1403e000 r--p 00002000 08:03 2361439                    /usr/lib/x86_64-linux-gnu/libdl.so.2
7f8e1403e000-7f8e1403f000 r--p 00002000 08:03 2361439                    /usr/lib/x86_64-linux-gnu/libdl.so.2
7f8e1403f000-7f8e14040000 rw-p 00003000 08:03 2361439                    /usr/lib/x86_64-linux-gnu/libdl.so.2
7f8e14040000-7f8e14041000 r--p 00000000 08:03 2361473                    /usr/lib/x86_64-linux-gnu/libpthread.so.0
7f8e14041000-7f8e14042000 r-xp 00001000 08:03 2361473                    /usr/lib/x86_64-linux-gnu/libpthread.so.0
7f8e14042000-7f8e14043000 r--p 00002000 08:03 2361473                    /usr/lib/x86_64-linux-gnu/libpthread.so.0
7f8e14043000-7f8e14044000 r--p 00002000 08:03 2361473                    /usr/lib/x86_64-linux-gnu/libpthread.so.0
7f8e14044000-7f8e14045000 rw-p 00003000 08:03 2361473                    /usr/lib/x86_64-linux-gnu/libpthread.so.0
7f8e1404a000-7f8e14051000 r--s 00000000 08:03 659244                     /usr/lib/x86_64-linux-gnu/gconv/gconv-modules.cache
7f8e14051000-7f8e14052000 r--p 00000000 08:03 1589995                    /home/ubuntu/.javacpp/cache/llvm-13.0.1-1.5.7-linux-x86_64.jar/org/bytedeco/llvm/linux-x86_64/libRemarks.so.13
7f8e14052000-7f8e14053000 r-xp 00001000 08:03 1589995                    /home/ubuntu/.javacpp/cache/llvm-13.0.1-1.5.7-linux-x86_64.jar/org/bytedeco/llvm/linux-x86_64/libRemarks.so.13
7f8e14053000-7f8e14054000 r--p 00002000 08:03 1589995                    /home/ubuntu/.javacpp/cache/llvm-13.0.1-1.5.7-linux-x86_64.jar/org/bytedeco/llvm/linux-x86_64/libRemarks.so.13
7f8e14054000-7f8e14055000 r--p 00002000 08:03 1589995                    /home/ubuntu/.javacpp/cache/llvm-13.0.1-1.5.7-linux-x86_64.jar/org/bytedeco/llvm/linux-x86_64/libRemarks.so.13
7f8e14055000-7f8e14056000 rw-p 00003000 08:03 1589995                    /home/ubuntu/.javacpp/cache/llvm-13.0.1-1.5.7-linux-x86_64.jar/org/bytedeco/llvm/linux-x86_64/libRemarks.so.13
7f8e14056000-7f8e1405a000 r--p 00000000 08:03 1587748                    /home/ubuntu/.javacpp/cache/javacpp-1.5.7-linux-x86_64.jar/org/bytedeco/javacpp/linux-x86_64/libjnijavacpp.so
7f8e1405a000-7f8e14061000 r-xp 00004000 08:03 1587748                    /home/ubuntu/.javacpp/cache/javacpp-1.5.7-linux-x86_64.jar/org/bytedeco/javacpp/linux-x86_64/libjnijavacpp.so
7f8e14061000-7f8e14065000 r--p 0000b000 08:03 1587748                    /home/ubuntu/.javacpp/cache/javacpp-1.5.7-linux-x86_64.jar/org/bytedeco/javacpp/linux-x86_64/libjnijavacpp.so
7f8e14065000-7f8e14066000 r--p 0000e000 08:03 1587748                    /home/ubuntu/.javacpp/cache/javacpp-1.5.7-linux-x86_64.jar/org/bytedeco/javacpp/linux-x86_64/libjnijavacpp.so
7f8e14066000-7f8e14067000 rw-p 0000f000 08:03 1587748                    /home/ubuntu/.javacpp/cache/javacpp-1.5.7-linux-x86_64.jar/org/bytedeco/javacpp/linux-x86_64/libjnijavacpp.so
7f8e14067000-7f8e14068000 r--p 00000000 08:03 265247                     /usr/lib/jvm/java-11-openjdk-amd64/lib/libextnet.so
7f8e14068000-7f8e14069000 r-xp 00001000 08:03 265247                     /usr/lib/jvm/java-11-openjdk-amd64/lib/libextnet.so
7f8e14069000-7f8e1406a000 r--p 00002000 08:03 265247                     /usr/lib/jvm/java-11-openjdk-amd64/lib/libextnet.so
7f8e1406a000-7f8e1406b000 r--p 00002000 08:03 265247                     /usr/lib/jvm/java-11-openjdk-amd64/lib/libextnet.so
7f8e1406b000-7f8e1406c000 rw-p 00003000 08:03 265247                     /usr/lib/jvm/java-11-openjdk-amd64/lib/libextnet.so
7f8e1406c000-7f8e14070000 r--p 00000000 08:03 265265                     /usr/lib/jvm/java-11-openjdk-amd64/lib/libnet.so
7f8e14070000-7f8e1407e000 r-xp 00004000 08:03 265265                     /usr/lib/jvm/java-11-openjdk-amd64/lib/libnet.so
7f8e1407e000-7f8e14082000 r--p 00012000 08:03 265265                     /usr/lib/jvm/java-11-openjdk-amd64/lib/libnet.so
7f8e14082000-7f8e14083000 r--p 00015000 08:03 265265                     /usr/lib/jvm/java-11-openjdk-amd64/lib/libnet.so
7f8e14083000-7f8e14084000 rw-p 00016000 08:03 265265                     /usr/lib/jvm/java-11-openjdk-amd64/lib/libnet.so
7f8e14084000-7f8e14100000 rw-p 00000000 00:00 0 
7f8e14100000-7f8e14104000 ---p 00000000 00:00 0 
7f8e14104000-7f8e14200000 rw-p 00000000 00:00 0 
7f8e14200000-7f8e14482000 r--p 00000000 08:03 265280                     /usr/lib/jvm/java-11-openjdk-amd64/lib/server/libjvm.so
7f8e14482000-7f8e15120000 r-xp 00282000 08:03 265280                     /usr/lib/jvm/java-11-openjdk-amd64/lib/server/libjvm.so
7f8e15120000-7f8e1537c000 r--p 00f20000 08:03 265280                     /usr/lib/jvm/java-11-openjdk-amd64/lib/server/libjvm.so
7f8e1537c000-7f8e15440000 r--p 0117b000 08:03 265280                     /usr/lib/jvm/java-11-openjdk-amd64/lib/server/libjvm.so
7f8e15440000-7f8e1547b000 rw-p 0123f000 08:03 265280                     /usr/lib/jvm/java-11-openjdk-amd64/lib/server/libjvm.so
7f8e1547b000-7f8e154d2000 rw-p 00000000 00:00 0 
7f8e154d6000-7f8e154dd000 r--p 00000000 08:03 265266                     /usr/lib/jvm/java-11-openjdk-amd64/lib/libnio.so
7f8e154dd000-7f8e154e5000 r-xp 00007000 08:03 265266                     /usr/lib/jvm/java-11-openjdk-amd64/lib/libnio.so
7f8e154e5000-7f8e154e8000 r--p 0000f000 08:03 265266                     /usr/lib/jvm/java-11-openjdk-amd64/lib/libnio.so
7f8e154e8000-7f8e154e9000 r--p 00011000 08:03 265266                     /usr/lib/jvm/java-11-openjdk-amd64/lib/libnio.so
7f8e154e9000-7f8e154ea000 rw-p 00012000 08:03 265266                     /usr/lib/jvm/java-11-openjdk-amd64/lib/libnio.so
7f8e154ea000-7f8e154ef000 rw-p 00000000 00:00 0 
7f8e154ef000-7f8e154f6000 ---p 00000000 00:00 0 
7f8e154f6000-7f8e154f8000 r--p 00000000 08:03 265274                     /usr/lib/jvm/java-11-openjdk-amd64/lib/libzip.so
7f8e154f8000-7f8e154fd000 r-xp 00002000 08:03 265274                     /usr/lib/jvm/java-11-openjdk-amd64/lib/libzip.so
7f8e154fd000-7f8e154ff000 r--p 00007000 08:03 265274                     /usr/lib/jvm/java-11-openjdk-amd64/lib/libzip.so
7f8e154ff000-7f8e15500000 r--p 00008000 08:03 265274                     /usr/lib/jvm/java-11-openjdk-amd64/lib/libzip.so
7f8e15500000-7f8e15501000 rw-p 00009000 08:03 265274                     /usr/lib/jvm/java-11-openjdk-amd64/lib/libzip.so
7f8e15501000-7f8e15509000 rw-s 00000000 08:03 393238                     /tmp/hsperfdata_ubuntu/14707
7f8e15509000-7f8e1550b000 r--p 00000000 08:03 265249                     /usr/lib/jvm/java-11-openjdk-amd64/lib/libinstrument.so
7f8e1550b000-7f8e15512000 r-xp 00002000 08:03 265249                     /usr/lib/jvm/java-11-openjdk-amd64/lib/libinstrument.so
7f8e15512000-7f8e15515000 r--p 00009000 08:03 265249                     /usr/lib/jvm/java-11-openjdk-amd64/lib/libinstrument.so
7f8e15515000-7f8e15516000 r--p 0000b000 08:03 265249                     /usr/lib/jvm/java-11-openjdk-amd64/lib/libinstrument.so
7f8e15516000-7f8e15517000 rw-p 0000c000 08:03 265249                     /usr/lib/jvm/java-11-openjdk-amd64/lib/libinstrument.so
7f8e15517000-7f8e15518000 ---p 00000000 00:00 0 
7f8e15518000-7f8e15519000 r--p 00000000 00:00 0 
7f8e15519000-7f8e15527000 r--p 00000000 08:03 2361443                    /usr/lib/x86_64-linux-gnu/libm.so.6
7f8e15527000-7f8e155a3000 r-xp 0000e000 08:03 2361443                    /usr/lib/x86_64-linux-gnu/libm.so.6
7f8e155a3000-7f8e155fe000 r--p 0008a000 08:03 2361443                    /usr/lib/x86_64-linux-gnu/libm.so.6
7f8e155fe000-7f8e155ff000 r--p 000e4000 08:03 2361443                    /usr/lib/x86_64-linux-gnu/libm.so.6
7f8e155ff000-7f8e15600000 rw-p 000e5000 08:03 2361443                    /usr/lib/x86_64-linux-gnu/libm.so.6
7f8e15600000-7f8e15628000 r--p 00000000 08:03 2361426                    /usr/lib/x86_64-linux-gnu/libc.so.6
7f8e15628000-7f8e157bd000 r-xp 00028000 08:03 2361426                    /usr/lib/x86_64-linux-gnu/libc.so.6
7f8e157bd000-7f8e15815000 r--p 001bd000 08:03 2361426                    /usr/lib/x86_64-linux-gnu/libc.so.6
7f8e15815000-7f8e15816000 ---p 00215000 08:03 2361426                    /usr/lib/x86_64-linux-gnu/libc.so.6
7f8e15816000-7f8e1581a000 r--p 00215000 08:03 2361426                    /usr/lib/x86_64-linux-gnu/libc.so.6
7f8e1581a000-7f8e1581c000 rw-p 00219000 08:03 2361426                    /usr/lib/x86_64-linux-gnu/libc.so.6
7f8e1581c000-7f8e15829000 rw-p 00000000 00:00 0 
7f8e15829000-7f8e1582b000 r--p 00000000 08:03 265257                     /usr/lib/jvm/java-11-openjdk-amd64/lib/libjimage.so
7f8e1582b000-7f8e1582e000 r-xp 00002000 08:03 265257                     /usr/lib/jvm/java-11-openjdk-amd64/lib/libjimage.so
7f8e1582e000-7f8e1582f000 r--p 00005000 08:03 265257                     /usr/lib/jvm/java-11-openjdk-amd64/lib/libjimage.so
7f8e1582f000-7f8e15830000 ---p 00006000 08:03 265257                     /usr/lib/jvm/java-11-openjdk-amd64/lib/libjimage.so
7f8e15830000-7f8e15831000 r--p 00006000 08:03 265257                     /usr/lib/jvm/java-11-openjdk-amd64/lib/libjimage.so
7f8e15831000-7f8e15832000 rw-p 00007000 08:03 265257                     /usr/lib/jvm/java-11-openjdk-amd64/lib/libjimage.so
7f8e15832000-7f8e15840000 r--p 00000000 08:03 265254                     /usr/lib/jvm/java-11-openjdk-amd64/lib/libjava.so
7f8e15840000-7f8e15856000 r-xp 0000e000 08:03 265254                     /usr/lib/jvm/java-11-openjdk-amd64/lib/libjava.so
7f8e15856000-7f8e1585d000 r--p 00024000 08:03 265254                     /usr/lib/jvm/java-11-openjdk-amd64/lib/libjava.so
7f8e1585d000-7f8e1585e000 r--p 0002a000 08:03 265254                     /usr/lib/jvm/java-11-openjdk-amd64/lib/libjava.so
7f8e1585e000-7f8e1585f000 rw-p 0002b000 08:03 265254                     /usr/lib/jvm/java-11-openjdk-amd64/lib/libjava.so
7f8e1585f000-7f8e15860000 rw-p 00000000 00:00 0 
7f8e15860000-7f8e15861000 r--p 00000000 08:03 2361484                    /usr/lib/x86_64-linux-gnu/librt.so.1
7f8e15861000-7f8e15862000 r-xp 00001000 08:03 2361484                    /usr/lib/x86_64-linux-gnu/librt.so.1
7f8e15862000-7f8e15863000 r--p 00002000 08:03 2361484                    /usr/lib/x86_64-linux-gnu/librt.so.1
7f8e15863000-7f8e15864000 r--p 00002000 08:03 2361484                    /usr/lib/x86_64-linux-gnu/librt.so.1
7f8e15864000-7f8e15865000 rw-p 00003000 08:03 2361484                    /usr/lib/x86_64-linux-gnu/librt.so.1
7f8e15865000-7f8e15868000 r--p 00000000 08:03 2359493                    /usr/lib/x86_64-linux-gnu/libgcc_s.so.1
7f8e15868000-7f8e1587f000 r-xp 00003000 08:03 2359493                    /usr/lib/x86_64-linux-gnu/libgcc_s.so.1
7f8e1587f000-7f8e15883000 r--p 0001a000 08:03 2359493                    /usr/lib/x86_64-linux-gnu/libgcc_s.so.1
7f8e15883000-7f8e15884000 r--p 0001d000 08:03 2359493                    /usr/lib/x86_64-linux-gnu/libgcc_s.so.1
7f8e15884000-7f8e15885000 rw-p 0001e000 08:03 2359493                    /usr/lib/x86_64-linux-gnu/libgcc_s.so.1
7f8e15885000-7f8e15888000 rw-p 00000000 00:00 0 
7f8e15888000-7f8e1588b000 r--p 00000000 08:03 265239                     /usr/lib/jvm/java-11-openjdk-amd64/lib/jli/libjli.so
7f8e1588b000-7f8e15895000 r-xp 00003000 08:03 265239                     /usr/lib/jvm/java-11-openjdk-amd64/lib/jli/libjli.so
7f8e15895000-7f8e15898000 r--p 0000d000 08:03 265239                     /usr/lib/jvm/java-11-openjdk-amd64/lib/jli/libjli.so
7f8e15898000-7f8e15899000 ---p 00010000 08:03 265239                     /usr/lib/jvm/java-11-openjdk-amd64/lib/jli/libjli.so
7f8e15899000-7f8e1589a000 r--p 00010000 08:03 265239                     /usr/lib/jvm/java-11-openjdk-amd64/lib/jli/libjli.so
7f8e1589a000-7f8e1589b000 rw-p 00011000 08:03 265239                     /usr/lib/jvm/java-11-openjdk-amd64/lib/jli/libjli.so
7f8e1589b000-7f8e1589d000 r--p 00000000 08:03 2367120                    /usr/lib/x86_64-linux-gnu/libz.so.1.2.11
7f8e1589d000-7f8e158af000 r-xp 00002000 08:03 2367120                    /usr/lib/x86_64-linux-gnu/libz.so.1.2.11
7f8e158af000-7f8e158b5000 r--p 00014000 08:03 2367120                    /usr/lib/x86_64-linux-gnu/libz.so.1.2.11
7f8e158b5000-7f8e158b6000 r--p 0001a000 08:03 2367120                    /usr/lib/x86_64-linux-gnu/libz.so.1.2.11
7f8e158b6000-7f8e158b7000 rw-p 0001b000 08:03 2367120                    /usr/lib/x86_64-linux-gnu/libz.so.1.2.11
7f8e158b7000-7f8e158bc000 r--p 00000000 08:03 265273                     /usr/lib/jvm/java-11-openjdk-amd64/lib/libverify.so
7f8e158bc000-7f8e158c3000 r-xp 00005000 08:03 265273                     /usr/lib/jvm/java-11-openjdk-amd64/lib/libverify.so
7f8e158c3000-7f8e158c5000 r--p 0000c000 08:03 265273                     /usr/lib/jvm/java-11-openjdk-amd64/lib/libverify.so
7f8e158c5000-7f8e158c7000 r--p 0000d000 08:03 265273                     /usr/lib/jvm/java-11-openjdk-amd64/lib/libverify.so
7f8e158c7000-7f8e158c8000 rw-p 0000f000 08:03 265273                     /usr/lib/jvm/java-11-openjdk-amd64/lib/libverify.so
7f8e158c8000-7f8e158ca000 rw-p 00000000 00:00 0 
7f8e158ca000-7f8e158cc000 r--p 00000000 08:03 2361301                    /usr/lib/x86_64-linux-gnu/ld-linux-x86-64.so.2
7f8e158cc000-7f8e158f6000 r-xp 00002000 08:03 2361301                    /usr/lib/x86_64-linux-gnu/ld-linux-x86-64.so.2
7f8e158f6000-7f8e15901000 r--p 0002c000 08:03 2361301                    /usr/lib/x86_64-linux-gnu/ld-linux-x86-64.so.2
7f8e15902000-7f8e15904000 r--p 00037000 08:03 2361301                    /usr/lib/x86_64-linux-gnu/ld-linux-x86-64.so.2
7f8e15904000-7f8e15906000 rw-p 00039000 08:03 2361301                    /usr/lib/x86_64-linux-gnu/ld-linux-x86-64.so.2
7ffd6cfb3000-7ffd6cfd4000 rw-p 00000000 00:00 0                          [stack]
7ffd6cfe3000-7ffd6cfe7000 r--p 00000000 00:00 0                          [vvar]
7ffd6cfe7000-7ffd6cfe9000 r-xp 00000000 00:00 0                          [vdso]
ffffffffff600000-ffffffffff601000 --xp 00000000 00:00 0                  [vsyscall]


VM Arguments:
jvm_args: -javaagent:/home/ubuntu/software/idea-IU-233.14475.28/lib/idea_rt.jar=34879:/home/ubuntu/software/idea-IU-233.14475.28/bin -Dfile.encoding=UTF-8 
java_command: Main tests/test1.c tests/Expect.ll
java_class_path (initial): /home/ubuntu/Lab/out/production/Lab:/usr/local/lib/antlr-4.9.1-complete.jar:/usr/local/lib/javacpp-1.5.7-linux-x86_64.jar:/usr/local/lib/javacpp-1.5.7.jar:/usr/local/lib/llvm-13.0.1-1.5.7-linux-x86_64.jar:/usr/local/lib/llvm-13.0.1-1.5.7.jar:/usr/local/lib/llvm-platform-13.0.1-1.5.7.jar
Launcher Type: SUN_STANDARD

[Global flags]
     intx CICompilerCount                          = 3                                         {product} {ergonomic}
     uint ConcGCThreads                            = 1                                         {product} {ergonomic}
     uint G1ConcRefinementThreads                  = 4                                         {product} {ergonomic}
   size_t G1HeapRegionSize                         = 1048576                                   {product} {ergonomic}
    uintx GCDrainStackTargetSize                   = 64                                        {product} {ergonomic}
   size_t InitialHeapSize                          = 65011712                                  {product} {ergonomic}
   size_t MarkStackSize                            = 4194304                                   {product} {ergonomic}
   size_t MaxHeapSize                              = 1015021568                                {product} {ergonomic}
   size_t MaxNewSize                               = 608174080                                 {product} {ergonomic}
   size_t MinHeapDeltaBytes                        = 1048576                                   {product} {ergonomic}
    uintx NonNMethodCodeHeapSize                   = 5830732                                {pd product} {ergonomic}
    uintx NonProfiledCodeHeapSize                  = 122913754                              {pd product} {ergonomic}
    uintx ProfiledCodeHeapSize                     = 122913754                              {pd product} {ergonomic}
    uintx ReservedCodeCacheSize                    = 251658240                              {pd product} {ergonomic}
     bool SegmentedCodeCache                       = true                                      {product} {ergonomic}
     bool UseCompressedClassPointers               = true                                 {lp64_product} {ergonomic}
     bool UseCompressedOops                        = true                                 {lp64_product} {ergonomic}
     bool UseG1GC                                  = true                                      {product} {ergonomic}

Logging:
Log output configuration:
 #0: stdout all=warning uptime,level,tags
 #1: stderr all=off uptime,level,tags

Environment Variables:
PATH=/usr/local/sbin:/usr/local/bin:/usr/sbin:/usr/bin:/sbin:/bin:/usr/games:/usr/local/games:/snap/bin:/snap/bin
USERNAME=ubuntu
SHELL=/bin/bash
DISPLAY=:0
LANG=zh_CN.UTF-8

Signal Handlers:
SIGSEGV: [libjvm.so+0xead700], sa_mask[0]=11111111011111111101111111111110, sa_flags=SA_RESTART|SA_SIGINFO
SIGBUS: [libjvm.so+0xead700], sa_mask[0]=11111111011111111101111111111110, sa_flags=SA_RESTART|SA_SIGINFO
SIGFPE: [libjvm.so+0xead700], sa_mask[0]=11111111011111111101111111111110, sa_flags=SA_RESTART|SA_SIGINFO
SIGPIPE: [libjvm.so+0xbefa50], sa_mask[0]=11111111011111111101111111111110, sa_flags=SA_RESTART|SA_SIGINFO
SIGXFSZ: [libjvm.so+0xbefa50], sa_mask[0]=11111111011111111101111111111110, sa_flags=SA_RESTART|SA_SIGINFO
SIGILL: [libjvm.so+0xead700], sa_mask[0]=11111111011111111101111111111110, sa_flags=SA_RESTART|SA_SIGINFO
SIGUSR2: [libjvm.so+0xbef8f0], sa_mask[0]=00100000000000000000000000000000, sa_flags=SA_RESTART|SA_SIGINFO
SIGHUP: [libjvm.so+0xbf00b0], sa_mask[0]=11111111011111111101111111111110, sa_flags=SA_RESTART|SA_SIGINFO
SIGINT: [libjvm.so+0xbf00b0], sa_mask[0]=11111111011111111101111111111110, sa_flags=SA_RESTART|SA_SIGINFO
SIGTERM: [libjvm.so+0xbf00b0], sa_mask[0]=11111111011111111101111111111110, sa_flags=SA_RESTART|SA_SIGINFO
SIGQUIT: [libjvm.so+0xbf00b0], sa_mask[0]=11111111011111111101111111111110, sa_flags=SA_RESTART|SA_SIGINFO


---------------  S Y S T E M  ---------------

OS:DISTRIB_ID=Ubuntu
DISTRIB_RELEASE=22.10
DISTRIB_CODENAME=kinetic
DISTRIB_DESCRIPTION="Ubuntu 22.10"
uname:Linux 6.5.0-21-generic #21~22.04.1-Ubuntu SMP PREEMPT_DYNAMIC Fri Feb  9 13:32:52 UTC 2 x86_64
OS uptime: 0 days 2:50 hours
libc:glibc 2.35 NPTL 2.35 
rlimit (soft/hard): STACK 8192k/infinity , CORE 0k/infinity , NPROC 15188/15188 , NOFILE 1048576/1048576 , AS infinity/infinity , CPU infinity/infinity , DATA infinity/infinity , FSIZE infinity/infinity , MEMLOCK 495440k/495440k
load average:1.63 1.24 1.12

/proc/meminfo:
MemTotal:        3963524 kB
MemFree:          267868 kB
MemAvailable:     827336 kB
Buffers:            7076 kB
Cached:           710736 kB
SwapCached:        74300 kB
Active:          2146356 kB
Inactive:         909832 kB
Active(anon):    1958084 kB
Inactive(anon):   380452 kB
Active(file):     188272 kB
Inactive(file):   529380 kB
Unevictable:          16 kB
Mlocked:              16 kB
SwapTotal:       3991548 kB
SwapFree:        2755928 kB
Zswap:                 0 kB
Zswapped:              0 kB
Dirty:              5220 kB
Writeback:             0 kB
AnonPages:       2327768 kB
Mapped:           251208 kB
Shmem:               160 kB
KReclaimable:      92568 kB
Slab:             244952 kB
SReclaimable:      92568 kB
SUnreclaim:       152384 kB
KernelStack:       12592 kB
PageTables:        24888 kB
SecPageTables:         0 kB
NFS_Unstable:          0 kB
Bounce:                0 kB
WritebackTmp:          0 kB
CommitLimit:     5973308 kB
Committed_AS:    5794152 kB
VmallocTotal:   34359738367 kB
VmallocUsed:       43416 kB
VmallocChunk:          0 kB
Percpu:           104448 kB
HardwareCorrupted:     0 kB
AnonHugePages:         0 kB
ShmemHugePages:        0 kB
ShmemPmdMapped:        0 kB
FileHugePages:         0 kB
FilePmdMapped:         0 kB
Unaccepted:            0 kB
HugePages_Total:       0
HugePages_Free:        0
HugePages_Rsvd:        0
HugePages_Surp:        0
Hugepagesize:       2048 kB
Hugetlb:               0 kB
DirectMap4k:      177984 kB
DirectMap2M:     4016128 kB
DirectMap1G:     2097152 kB

/sys/kernel/mm/transparent_hugepage/enabled:
always [madvise] never
/sys/kernel/mm/transparent_hugepage/defrag (defrag/compaction efforts parameter):
always defer defer+madvise [madvise] never

Process Memory:
Virtual Size: 3868404K (peak: 12378248K)
Resident Set Size: 97432K (peak: 97432K) (anon: 39828K, file: 57604K, shmem: 0K)
Swapped out: 0K
C-Heap outstanding allocations: 19868K, retained: 2779K
glibc malloc tunables: (default)

/proc/sys/kernel/threads-max (system-wide limit on the number of threads):
30377
/proc/sys/vm/max_map_count (maximum number of memory map areas a process may have):
65530
/proc/sys/kernel/pid_max (system-wide limit on number of process identifiers):
4194304

container (cgroup) information:
container_type: cgroupv2
cpu_cpuset_cpus: not supported
cpu_memory_nodes: not supported
active_processor_count: 4
cpu_quota: not supported
cpu_period: not supported
cpu_shares: not supported
memory_limit_in_bytes: unlimited
memory_and_swap_limit_in_bytes: unlimited
memory_soft_limit_in_bytes: unlimited
memory_usage_in_bytes: 2732692 k
memory_max_usage_in_bytes: not supported
memory_swap_current_in_bytes: 726980 k
memory_swap_max_limit_in_bytes: unlimited
maximum number of tasks: 4556
current number of tasks: 129

VMWare virtualization detected
Steal ticks since vm start: 0
Steal ticks percentage since vm start:  0.000

CPU:total 4 (initial active 4) (1 cores per cpu, 1 threads per core) family 25 model 80 stepping 0 microcode 0xffffffff, cmov, cx8, fxsr, mmx, sse, sse2, sse3, ssse3, sse4.1, sse4.2, popcnt, avx, avx2, aes, clmul, erms, mmxext, lzcnt, sse4a, tsc, tscinvbit, tscinv, bmi1, bmi2, adx, sha, fma
CPU Model and flags from /proc/cpuinfo:
model name	: AMD Ryzen 5 5600H with Radeon Graphics
flags		: fpu vme de pse tsc msr pae mce cx8 apic sep mtrr pge mca cmov pat pse36 clflush mmx fxsr sse sse2 syscall nx mmxext pdpe1gb rdtscp lm constant_tsc rep_good nopl tsc_reliable nonstop_tsc cpuid extd_apicid tsc_known_freq pni pclmulqdq ssse3 fma cx16 sse4_1 sse4_2 x2apic movbe popcnt aes xsave avx f16c rdrand hypervisor lahf_lm cr8_legacy abm sse4a misalignsse 3dnowprefetch osvw topoext ibpb vmmcall fsgsbase bmi1 avx2 smep bmi2 erms invpcid rdseed adx smap clflushopt clwb sha_ni xsaveopt xsavec xgetbv1 xsaves clzero arat umip vaes vpclmulqdq rdpid overflow_recov succor fsrm
Online cpus:
0-3
Offline cpus:
4-127
BIOS frequency limitation:
<Not Available>
Frequency switch latency (ns):
<Not Available>
Available cpu frequencies:
<Not Available>
Current governor:
<Not Available>
Core performance/turbo boost:
<Not Available>

Memory: 4k page, physical 3963524k(267868k free), swap 3991548k(2755928k free)

vm_info: OpenJDK 64-Bit Server VM (11.0.22+7-post-Ubuntu-0ubuntu222.04.1) for linux-amd64 JRE (11.0.22+7-post-Ubuntu-0ubuntu222.04.1), built on Feb  5 2024 20:45:01 by "unknown" with gcc 11.4.0

END.
