#
# A fatal error has been detected by the Java Runtime Environment:
#
#  SIGSEGV (0xb) at pc=0x00007fdf560292d9, pid=17820, tid=17821
#
# JRE version: OpenJDK Runtime Environment (11.0.22+7) (build 11.0.22+7-post-Ubuntu-0ubuntu222.04.1)
# Java VM: OpenJDK 64-Bit Server VM (11.0.22+7-post-Ubuntu-0ubuntu222.04.1, mixed mode, sharing, tiered, compressed oops, g1 gc, linux-amd64)
# Problematic frame:
# C  [libLLVM-13.so+0xc292d9]  LLVMBuildAdd+0x29
#
# Core dump will be written. Default location: Core dumps may be processed with "/usr/share/apport/apport -p%p -s%s -c%c -d%d -P%P -u%u -g%g -- %E" (or dumping to /home/ubuntu/Lab/core.17820)
#
# If you would like to submit a bug report, please visit:
#   https://bugs.launchpad.net/ubuntu/+source/openjdk-lts
# The crash happened outside the Java Virtual Machine in native code.
# See problematic frame for where to report the bug.
#

---------------  S U M M A R Y ------------

Command Line: -javaagent:/home/ubuntu/software/idea-IU-233.14475.28/lib/idea_rt.jar=33165:/home/ubuntu/software/idea-IU-233.14475.28/bin -Dfile.encoding=UTF-8 Main tests/test1.c tests/Actual.ll

Host: AMD Ryzen 5 5600H with Radeon Graphics, 4 cores, 3G, Ubuntu 22.10
Time: Mon May 27 23:59:52 2024 CST elapsed time: 0.331490 seconds (0d 0h 0m 0s)

---------------  T H R E A D  ---------------

Current thread (0x00007fdfc0016800):  JavaThread "main" [_thread_in_native, id=17821, stack(0x00007fdfc6d00000,0x00007fdfc6e00000)]

Stack: [0x00007fdfc6d00000,0x00007fdfc6e00000],  sp=0x00007fdfc6dfda80,  free space=1014k
Native frames: (J=compiled Java code, A=aot compiled Java code, j=interpreted, Vv=VM code, C=native code)
C  [libLLVM-13.so+0xc292d9]  LLVMBuildAdd+0x29

Java frames: (J=compiled Java code, j=interpreted, Vv=VM code)
j  org.bytedeco.llvm.global.LLVM.LLVMBuildAdd(Lorg/bytedeco/llvm/LLVM/LLVMBuilderRef;Lorg/bytedeco/llvm/LLVM/LLVMValueRef;Lorg/bytedeco/llvm/LLVM/LLVMValueRef;Ljava/lang/String;)Lorg/bytedeco/llvm/LLVM/LLVMValueRef;+0
j  myVisitor.visitExp(LSysYParser$ExpContext;)Lorg/bytedeco/llvm/LLVM/LLVMValueRef;+430
j  myVisitor.visitVarDef(LSysYParser$VarDefContext;)Lorg/bytedeco/llvm/LLVM/LLVMValueRef;+137
j  myVisitor.visitVarDef(LSysYParser$VarDefContext;)Ljava/lang/Object;+2
j  SysYParser$VarDefContext.accept(Lorg/antlr/v4/runtime/tree/ParseTreeVisitor;)Ljava/lang/Object;+12
j  org.antlr.v4.runtime.tree.AbstractParseTreeVisitor.visitChildren(Lorg/antlr/v4/runtime/tree/RuleNode;)Ljava/lang/Object;+46
j  SysYParserBaseVisitor.visitVarDecl(LSysYParser$VarDeclContext;)Ljava/lang/Object;+2
j  SysYParser$VarDeclContext.accept(Lorg/antlr/v4/runtime/tree/ParseTreeVisitor;)Ljava/lang/Object;+12
j  org.antlr.v4.runtime.tree.AbstractParseTreeVisitor.visitChildren(Lorg/antlr/v4/runtime/tree/RuleNode;)Ljava/lang/Object;+46
j  SysYParserBaseVisitor.visitDecl(LSysYParser$DeclContext;)Ljava/lang/Object;+2
j  SysYParser$DeclContext.accept(Lorg/antlr/v4/runtime/tree/ParseTreeVisitor;)Ljava/lang/Object;+12
j  org.antlr.v4.runtime.tree.AbstractParseTreeVisitor.visitChildren(Lorg/antlr/v4/runtime/tree/RuleNode;)Ljava/lang/Object;+46
j  SysYParserBaseVisitor.visitBlockItem(LSysYParser$BlockItemContext;)Ljava/lang/Object;+2
j  SysYParser$BlockItemContext.accept(Lorg/antlr/v4/runtime/tree/ParseTreeVisitor;)Ljava/lang/Object;+12
j  org.antlr.v4.runtime.tree.AbstractParseTreeVisitor.visitChildren(Lorg/antlr/v4/runtime/tree/RuleNode;)Ljava/lang/Object;+46
j  myVisitor.visitBlock(LSysYParser$BlockContext;)Lorg/bytedeco/llvm/LLVM/LLVMValueRef;+9
j  myVisitor.visitBlock(LSysYParser$BlockContext;)Ljava/lang/Object;+2
j  SysYParser$BlockContext.accept(Lorg/antlr/v4/runtime/tree/ParseTreeVisitor;)Ljava/lang/Object;+12
j  org.antlr.v4.runtime.tree.AbstractParseTreeVisitor.visit(Lorg/antlr/v4/runtime/tree/ParseTree;)Ljava/lang/Object;+2
j  myVisitor.visitFuncDef(LSysYParser$FuncDefContext;)Lorg/bytedeco/llvm/LLVM/LLVMValueRef;+65
j  myVisitor.visitFuncDef(LSysYParser$FuncDefContext;)Ljava/lang/Object;+2
j  SysYParser$FuncDefContext.accept(Lorg/antlr/v4/runtime/tree/ParseTreeVisitor;)Ljava/lang/Object;+12
j  org.antlr.v4.runtime.tree.AbstractParseTreeVisitor.visitChildren(Lorg/antlr/v4/runtime/tree/RuleNode;)Ljava/lang/Object;+46
j  SysYParserBaseVisitor.visitCompUnit(LSysYParser$CompUnitContext;)Ljava/lang/Object;+2
j  SysYParser$CompUnitContext.accept(Lorg/antlr/v4/runtime/tree/ParseTreeVisitor;)Ljava/lang/Object;+12
j  org.antlr.v4.runtime.tree.AbstractParseTreeVisitor.visitChildren(Lorg/antlr/v4/runtime/tree/RuleNode;)Ljava/lang/Object;+46
j  SysYParserBaseVisitor.visitProgram(LSysYParser$ProgramContext;)Ljava/lang/Object;+2
j  SysYParser$ProgramContext.accept(Lorg/antlr/v4/runtime/tree/ParseTreeVisitor;)Ljava/lang/Object;+12
j  org.antlr.v4.runtime.tree.AbstractParseTreeVisitor.visit(Lorg/antlr/v4/runtime/tree/ParseTree;)Ljava/lang/Object;+2
j  Main.main([Ljava/lang/String;)V+79
v  ~StubRoutines::call_stub

siginfo: si_signo: 11 (SIGSEGV), si_code: 1 (SEGV_MAPERR), si_addr: 0x0000000000000010

Register to memory mapping:

RAX=0x00007fdfc0460af0 points into unknown readable memory: 0x0000000700646461 | 61 64 64 00 07 00 00 00
RBX=0x00007fdfc0430960 points into unknown readable memory: 0x00007fdfc0430970 | 70 09 43 c0 df 7f 00 00
RCX=0x00007fdfc0460af0 points into unknown readable memory: 0x0000000700646461 | 61 64 64 00 07 00 00 00
RDX=0x0000000000000101 is an unknown value
RSP=0x00007fdfc6dfda80 is pointing into the stack for thread: 0x00007fdfc0016800
RBP=0x00007fdfc0016b48 points into unknown readable memory: 0x00007fdfc8046b40 | 40 6b 04 c8 df 7f 00 00
RSI=0x00007fdfc045ff20 points into unknown readable memory: 0x00007fdfc04546d8 | d8 46 45 c0 df 7f 00 00
RDI=0x0 is NULL
R8 =0x00000000c6bdc878 points into unknown readable memory: 0x0000000000646461 | 61 64 64 00 00 00 00 00
R9 =0x0000000000000002 is an unknown value
R10=0x00007fdf55460568: <offset 0x0000000000060568> in /home/ubuntu/.javacpp/cache/llvm-13.0.1-1.5.7-linux-x86_64.jar/org/bytedeco/llvm/linux-x86_64/libLLVM-13.so at 0x00007fdf55400000
R11=0x00007fdf560292b0: LLVMBuildAdd+0x0000000000000000 in /home/ubuntu/.javacpp/cache/llvm-13.0.1-1.5.7-linux-x86_64.jar/org/bytedeco/llvm/linux-x86_64/libLLVM-13.so at 0x00007fdf55400000
R12=0x0 is NULL
R13=0x0 is NULL
R14=0x00007fdfc045ff20 points into unknown readable memory: 0x00007fdfc04546d8 | d8 46 45 c0 df 7f 00 00
R15=0x00007fdfc0430960 points into unknown readable memory: 0x00007fdfc0430970 | 70 09 43 c0 df 7f 00 00


Registers:
RAX=0x00007fdfc0460af0, RBX=0x00007fdfc0430960, RCX=0x00007fdfc0460af0, RDX=0x0000000000000101
RSP=0x00007fdfc6dfda80, RBP=0x00007fdfc0016b48, RSI=0x00007fdfc045ff20, RDI=0x0000000000000000
R8 =0x00000000c6bdc878, R9 =0x0000000000000002, R10=0x00007fdf55460568, R11=0x00007fdf560292b0
R12=0x0000000000000000, R13=0x0000000000000000, R14=0x00007fdfc045ff20, R15=0x00007fdfc0430960
RIP=0x00007fdf560292d9, EFLAGS=0x0000000000010202, CSGSFS=0x002b000000000033, ERR=0x0000000000000004
  TRAPNO=0x000000000000000e

Top of Stack: (sp=0x00007fdfc6dfda80)
0x00007fdfc6dfda80:   00007fdfc0460af0 00007fdfc01269f0
0x00007fdfc6dfda90:   0000000000000004 0000000000000003
0x00007fdfc6dfdaa0:   00007fdfc0460103 00007fdfc01269f0
0x00007fdfc6dfdab0:   00007fdfc045ff20 00007fdfc0430960 

Instructions: (pc=0x00007fdf560292d9)
0x00007fdf560291d9:   84 00 00 00 00 00 90 48 83 7f e0 00 74 14 48 8b
0x00007fdf560291e9:   47 e8 48 8b 57 f0 48 89 02 48 85 c0 74 04 48 89
0x00007fdf560291f9:   50 10 48 89 77 e0 48 85 f6 74 25 48 8b 46 08 48
0x00007fdf56029209:   8d 56 08 48 89 47 e8 48 85 c0 74 08 48 8d 4f e8
0x00007fdf56029219:   48 89 48 10 48 89 57 f0 48 83 ef 20 48 89 7e 08
0x00007fdf56029229:   c3 66 0f 1f 44 00 00 8b 47 14 89 f6 25 ff ff ff
0x00007fdf56029239:   07 48 29 c6 48 c1 e6 05 48 8b 04 37 c3 66 2e 0f
0x00007fdf56029249:   1f 84 00 00 00 00 00 48 89 f8 89 f7 8b 48 14 81
0x00007fdf56029259:   e1 ff ff ff 07 48 29 cf 48 c1 e7 05 48 01 c7 48
0x00007fdf56029269:   83 3f 00 74 14 48 8b 47 08 48 8b 4f 10 48 89 01
0x00007fdf56029279:   48 85 c0 74 04 48 89 48 10 48 89 17 48 85 d2 74
0x00007fdf56029289:   21 48 8b 42 08 48 8d 4a 08 48 89 47 08 48 85 c0
0x00007fdf56029299:   74 08 48 8d 77 08 48 89 70 10 48 89 4f 10 48 89
0x00007fdf560292a9:   7a 08 c3 0f 1f 40 00 41 54 55 53 48 89 fb 48 89
0x00007fdf560292b9:   f7 48 89 d6 ba 01 01 00 00 48 83 ec 60 80 39 00
0x00007fdf560292c9:   66 89 54 24 20 74 09 48 89 0c 24 c6 44 24 20 03
0x00007fdf560292d9:   80 7f 10 12 0f 87 95 00 00 00 80 7e 10 12 0f 87
0x00007fdf560292e9:   8b 00 00 00 4c 8b 4b 48 48 8d 15 18 19 fa ff 49
0x00007fdf560292f9:   8b 01 48 8b 40 10 48 39 d0 0f 85 f0 00 00 00 31
0x00007fdf56029309:   c9 31 d2 e8 7f 13 ff ff 49 89 c4 41 80 7c 24 10
0x00007fdf56029319:   19 76 4b 48 8b 7b 50 48 8b 4b 30 48 89 e2 4c 89
0x00007fdf56029329:   e6 4c 8b 43 38 48 8b 07 ff 50 10 8b 6b 08 48 8b
0x00007fdf56029339:   03 48 c1 e5 04 48 01 c5 48 39 e8 74 21 48 89 c3
0x00007fdf56029349:   0f 1f 80 00 00 00 00 48 8b 53 08 8b 33 4c 89 e7
0x00007fdf56029359:   48 83 c3 10 e8 de 4a 0e 00 48 39 dd 75 e9 48 83
0x00007fdf56029369:   c4 60 4c 89 e0 5b 5d 41 5c c3 0f 1f 44 00 00 48
0x00007fdf56029379:   89 f2 b8 01 01 00 00 48 89 fe 45 31 c0 48 8d 4c
0x00007fdf56029389:   24 30 bf 0d 00 00 00 66 89 44 24 50 e8 76 cf 09
0x00007fdf56029399:   00 48 8b 7b 50 48 89 e2 48 8b 4b 30 49 89 c4 4c
0x00007fdf560293a9:   8b 43 38 48 8b 07 4c 89 e6 ff 50 10 8b 6b 08 48
0x00007fdf560293b9:   8b 13 48 c1 e5 04 48 01 d5 48 39 ea 74 a0 48 89
0x00007fdf560293c9:   d3 66 0f 1f 44 00 00 48 8b 53 08 8b 33 4c 89 e7 


Stack slot to memory mapping:
stack at sp + 0 slots: 0x00007fdfc0460af0 points into unknown readable memory: 0x0000000700646461 | 61 64 64 00 07 00 00 00
stack at sp + 1 slots: 0x00007fdfc01269f0 points into unknown readable memory: 0x00000000c6bdc868 | 68 c8 bd c6 00 00 00 00
stack at sp + 2 slots: 0x0000000000000004 is an unknown value
stack at sp + 3 slots: 0x0000000000000003 is an unknown value
stack at sp + 4 slots: 0x00007fdfc0460103 points into unknown readable memory: 65 72 52 65 66
stack at sp + 5 slots: 0x00007fdfc01269f0 points into unknown readable memory: 0x00000000c6bdc868 | 68 c8 bd c6 00 00 00 00
stack at sp + 6 slots: 0x00007fdfc045ff20 points into unknown readable memory: 0x00007fdfc04546d8 | d8 46 45 c0 df 7f 00 00
stack at sp + 7 slots: 0x00007fdfc0430960 points into unknown readable memory: 0x00007fdfc0430970 | 70 09 43 c0 df 7f 00 00


---------------  P R O C E S S  ---------------

Threads class SMR info:
_java_thread_list=0x00007fdfc0258c40, length=11, elements={
0x00007fdfc0016800, 0x00007fdfc0128000, 0x00007fdfc012a000, 0x00007fdfc012f800,
0x00007fdfc0131800, 0x00007fdfc0134000, 0x00007fdfc0136000, 0x00007fdfc0138000,
0x00007fdfc014e000, 0x00007fdfc023b000, 0x00007fdfc0256800
}

Java Threads: ( => current thread )
=>0x00007fdfc0016800 JavaThread "main" [_thread_in_native, id=17821, stack(0x00007fdfc6d00000,0x00007fdfc6e00000)]
  0x00007fdfc0128000 JavaThread "Reference Handler" daemon [_thread_blocked, id=17828, stack(0x00007fdfc43cf000,0x00007fdfc44cf000)]
  0x00007fdfc012a000 JavaThread "Finalizer" daemon [_thread_blocked, id=17830, stack(0x00007fdfc42cf000,0x00007fdfc43cf000)]
  0x00007fdfc012f800 JavaThread "Signal Dispatcher" daemon [_thread_blocked, id=17832, stack(0x00007fdfc41cf000,0x00007fdfc42cf000)]
  0x00007fdfc0131800 JavaThread "Service Thread" daemon [_thread_blocked, id=17833, stack(0x00007fdfc40cf000,0x00007fdfc41cf000)]
  0x00007fdfc0134000 JavaThread "C2 CompilerThread0" daemon [_thread_blocked, id=17834, stack(0x00007fdfbff00000,0x00007fdfc0000000)]
  0x00007fdfc0136000 JavaThread "C1 CompilerThread0" daemon [_thread_blocked, id=17835, stack(0x00007fdfa8500000,0x00007fdfa8600000)]
  0x00007fdfc0138000 JavaThread "Sweeper thread" daemon [_thread_blocked, id=17836, stack(0x00007fdfa8400000,0x00007fdfa8500000)]
  0x00007fdfc014e000 JavaThread "Common-Cleaner" daemon [_thread_blocked, id=17837, stack(0x00007fdfa8300000,0x00007fdfa8400000)]
  0x00007fdfc023b000 JavaThread "Monitor Ctrl-Break" daemon [_thread_in_native, id=17838, stack(0x00007fdfa8200000,0x00007fdfa8300000)]
  0x00007fdfc0256800 JavaThread "JavaCPP Deallocator" daemon [_thread_blocked, id=17840, stack(0x00007fdfa07e0000,0x00007fdfa08e0000)]

Other Threads:
  0x00007fdfc0125800 VMThread "VM Thread" [stack: 0x00007fdfc44d0000,0x00007fdfc45d0000] [id=17827]
  0x00007fdfc023d800 WatcherThread [stack: 0x00007fdfa8100000,0x00007fdfa8200000] [id=17839]
  0x00007fdfc002f800 GCTaskThread "GC Thread#0" [stack: 0x00007fdfc672a000,0x00007fdfc682a000] [id=17822]
  0x00007fdfc004a800 ConcurrentGCThread "G1 Main Marker" [stack: 0x00007fdfc4d59000,0x00007fdfc4e59000] [id=17823]
  0x00007fdfc004c800 ConcurrentGCThread "G1 Conc#0" [stack: 0x00007fdfc4c58000,0x00007fdfc4d58000] [id=17824]
  0x00007fdfc0090000 ConcurrentGCThread "G1 Refine#0" [stack: 0x00007fdfc4753000,0x00007fdfc4853000] [id=17825]
  0x00007fdfc0092000 ConcurrentGCThread "G1 Young RemSet Sampling" [stack: 0x00007fdfc4652000,0x00007fdfc4752000] [id=17826]

Threads with active compile tasks:

VM state:not at safepoint (normal execution)

VM Mutex/Monitor currently owned by a thread: None

Heap address: 0x00000000c3800000, size: 968 MB, Compressed Oops mode: 32-bit
Narrow klass base: 0x0000000800000000, Narrow klass shift: 3
Compressed class space size: 1073741824 Address: 0x0000000840000000

Heap:
 garbage-first heap   total 65536K, used 9936K [0x00000000c3800000, 0x0000000100000000)
  region size 1024K, 11 young (11264K), 0 survivors (0K)
 Metaspace       used 3940K, capacity 6550K, committed 6656K, reserved 1056768K
  class space    used 432K, capacity 695K, committed 768K, reserved 1048576K
Heap Regions: E=young(eden), S=young(survivor), O=old, HS=humongous(starts), HC=humongous(continues), CS=collection set, F=free, A=archive, TAMS=top-at-mark-start (previous, next)
|   0|0x00000000c3800000, 0x00000000c3800000, 0x00000000c3900000|  0%| F|  |TAMS 0x00000000c3800000, 0x00000000c3800000| Untracked 
|   1|0x00000000c3900000, 0x00000000c3900000, 0x00000000c3a00000|  0%| F|  |TAMS 0x00000000c3900000, 0x00000000c3900000| Untracked 
|   2|0x00000000c3a00000, 0x00000000c3a00000, 0x00000000c3b00000|  0%| F|  |TAMS 0x00000000c3a00000, 0x00000000c3a00000| Untracked 
|   3|0x00000000c3b00000, 0x00000000c3b00000, 0x00000000c3c00000|  0%| F|  |TAMS 0x00000000c3b00000, 0x00000000c3b00000| Untracked 
|   4|0x00000000c3c00000, 0x00000000c3c00000, 0x00000000c3d00000|  0%| F|  |TAMS 0x00000000c3c00000, 0x00000000c3c00000| Untracked 
|   5|0x00000000c3d00000, 0x00000000c3d00000, 0x00000000c3e00000|  0%| F|  |TAMS 0x00000000c3d00000, 0x00000000c3d00000| Untracked 
|   6|0x00000000c3e00000, 0x00000000c3e00000, 0x00000000c3f00000|  0%| F|  |TAMS 0x00000000c3e00000, 0x00000000c3e00000| Untracked 
|   7|0x00000000c3f00000, 0x00000000c3f00000, 0x00000000c4000000|  0%| F|  |TAMS 0x00000000c3f00000, 0x00000000c3f00000| Untracked 
|   8|0x00000000c4000000, 0x00000000c4000000, 0x00000000c4100000|  0%| F|  |TAMS 0x00000000c4000000, 0x00000000c4000000| Untracked 
|   9|0x00000000c4100000, 0x00000000c4100000, 0x00000000c4200000|  0%| F|  |TAMS 0x00000000c4100000, 0x00000000c4100000| Untracked 
|  10|0x00000000c4200000, 0x00000000c4200000, 0x00000000c4300000|  0%| F|  |TAMS 0x00000000c4200000, 0x00000000c4200000| Untracked 
|  11|0x00000000c4300000, 0x00000000c4300000, 0x00000000c4400000|  0%| F|  |TAMS 0x00000000c4300000, 0x00000000c4300000| Untracked 
|  12|0x00000000c4400000, 0x00000000c4400000, 0x00000000c4500000|  0%| F|  |TAMS 0x00000000c4400000, 0x00000000c4400000| Untracked 
|  13|0x00000000c4500000, 0x00000000c4500000, 0x00000000c4600000|  0%| F|  |TAMS 0x00000000c4500000, 0x00000000c4500000| Untracked 
|  14|0x00000000c4600000, 0x00000000c4600000, 0x00000000c4700000|  0%| F|  |TAMS 0x00000000c4600000, 0x00000000c4600000| Untracked 
|  15|0x00000000c4700000, 0x00000000c4700000, 0x00000000c4800000|  0%| F|  |TAMS 0x00000000c4700000, 0x00000000c4700000| Untracked 
|  16|0x00000000c4800000, 0x00000000c4800000, 0x00000000c4900000|  0%| F|  |TAMS 0x00000000c4800000, 0x00000000c4800000| Untracked 
|  17|0x00000000c4900000, 0x00000000c4900000, 0x00000000c4a00000|  0%| F|  |TAMS 0x00000000c4900000, 0x00000000c4900000| Untracked 
|  18|0x00000000c4a00000, 0x00000000c4a00000, 0x00000000c4b00000|  0%| F|  |TAMS 0x00000000c4a00000, 0x00000000c4a00000| Untracked 
|  19|0x00000000c4b00000, 0x00000000c4b00000, 0x00000000c4c00000|  0%| F|  |TAMS 0x00000000c4b00000, 0x00000000c4b00000| Untracked 
|  20|0x00000000c4c00000, 0x00000000c4c00000, 0x00000000c4d00000|  0%| F|  |TAMS 0x00000000c4c00000, 0x00000000c4c00000| Untracked 
|  21|0x00000000c4d00000, 0x00000000c4d00000, 0x00000000c4e00000|  0%| F|  |TAMS 0x00000000c4d00000, 0x00000000c4d00000| Untracked 
|  22|0x00000000c4e00000, 0x00000000c4e00000, 0x00000000c4f00000|  0%| F|  |TAMS 0x00000000c4e00000, 0x00000000c4e00000| Untracked 
|  23|0x00000000c4f00000, 0x00000000c4f00000, 0x00000000c5000000|  0%| F|  |TAMS 0x00000000c4f00000, 0x00000000c4f00000| Untracked 
|  24|0x00000000c5000000, 0x00000000c5000000, 0x00000000c5100000|  0%| F|  |TAMS 0x00000000c5000000, 0x00000000c5000000| Untracked 
|  25|0x00000000c5100000, 0x00000000c5100000, 0x00000000c5200000|  0%| F|  |TAMS 0x00000000c5100000, 0x00000000c5100000| Untracked 
|  26|0x00000000c5200000, 0x00000000c5200000, 0x00000000c5300000|  0%| F|  |TAMS 0x00000000c5200000, 0x00000000c5200000| Untracked 
|  27|0x00000000c5300000, 0x00000000c5300000, 0x00000000c5400000|  0%| F|  |TAMS 0x00000000c5300000, 0x00000000c5300000| Untracked 
|  28|0x00000000c5400000, 0x00000000c5400000, 0x00000000c5500000|  0%| F|  |TAMS 0x00000000c5400000, 0x00000000c5400000| Untracked 
|  29|0x00000000c5500000, 0x00000000c5500000, 0x00000000c5600000|  0%| F|  |TAMS 0x00000000c5500000, 0x00000000c5500000| Untracked 
|  30|0x00000000c5600000, 0x00000000c5600000, 0x00000000c5700000|  0%| F|  |TAMS 0x00000000c5600000, 0x00000000c5600000| Untracked 
|  31|0x00000000c5700000, 0x00000000c5700000, 0x00000000c5800000|  0%| F|  |TAMS 0x00000000c5700000, 0x00000000c5700000| Untracked 
|  32|0x00000000c5800000, 0x00000000c5800000, 0x00000000c5900000|  0%| F|  |TAMS 0x00000000c5800000, 0x00000000c5800000| Untracked 
|  33|0x00000000c5900000, 0x00000000c5900000, 0x00000000c5a00000|  0%| F|  |TAMS 0x00000000c5900000, 0x00000000c5900000| Untracked 
|  34|0x00000000c5a00000, 0x00000000c5a00000, 0x00000000c5b00000|  0%| F|  |TAMS 0x00000000c5a00000, 0x00000000c5a00000| Untracked 
|  35|0x00000000c5b00000, 0x00000000c5b00000, 0x00000000c5c00000|  0%| F|  |TAMS 0x00000000c5b00000, 0x00000000c5b00000| Untracked 
|  36|0x00000000c5c00000, 0x00000000c5c00000, 0x00000000c5d00000|  0%| F|  |TAMS 0x00000000c5c00000, 0x00000000c5c00000| Untracked 
|  37|0x00000000c5d00000, 0x00000000c5d00000, 0x00000000c5e00000|  0%| F|  |TAMS 0x00000000c5d00000, 0x00000000c5d00000| Untracked 
|  38|0x00000000c5e00000, 0x00000000c5e00000, 0x00000000c5f00000|  0%| F|  |TAMS 0x00000000c5e00000, 0x00000000c5e00000| Untracked 
|  39|0x00000000c5f00000, 0x00000000c5f00000, 0x00000000c6000000|  0%| F|  |TAMS 0x00000000c5f00000, 0x00000000c5f00000| Untracked 
|  40|0x00000000c6000000, 0x00000000c6000000, 0x00000000c6100000|  0%| F|  |TAMS 0x00000000c6000000, 0x00000000c6000000| Untracked 
|  41|0x00000000c6100000, 0x00000000c6100000, 0x00000000c6200000|  0%| F|  |TAMS 0x00000000c6100000, 0x00000000c6100000| Untracked 
|  42|0x00000000c6200000, 0x00000000c6200000, 0x00000000c6300000|  0%| F|  |TAMS 0x00000000c6200000, 0x00000000c6200000| Untracked 
|  43|0x00000000c6300000, 0x00000000c6300000, 0x00000000c6400000|  0%| F|  |TAMS 0x00000000c6300000, 0x00000000c6300000| Untracked 
|  44|0x00000000c6400000, 0x00000000c6400000, 0x00000000c6500000|  0%| F|  |TAMS 0x00000000c6400000, 0x00000000c6400000| Untracked 
|  45|0x00000000c6500000, 0x00000000c6500000, 0x00000000c6600000|  0%| F|  |TAMS 0x00000000c6500000, 0x00000000c6500000| Untracked 
|  46|0x00000000c6600000, 0x00000000c6600000, 0x00000000c6700000|  0%| F|  |TAMS 0x00000000c6600000, 0x00000000c6600000| Untracked 
|  47|0x00000000c6700000, 0x00000000c6700000, 0x00000000c6800000|  0%| F|  |TAMS 0x00000000c6700000, 0x00000000c6700000| Untracked 
|  48|0x00000000c6800000, 0x00000000c6800000, 0x00000000c6900000|  0%| F|  |TAMS 0x00000000c6800000, 0x00000000c6800000| Untracked 
|  49|0x00000000c6900000, 0x00000000c6900000, 0x00000000c6a00000|  0%| F|  |TAMS 0x00000000c6900000, 0x00000000c6900000| Untracked 
|  50|0x00000000c6a00000, 0x00000000c6a00000, 0x00000000c6b00000|  0%| F|  |TAMS 0x00000000c6a00000, 0x00000000c6a00000| Untracked 
|  51|0x00000000c6b00000, 0x00000000c6c00000, 0x00000000c6c00000|100%| E|  |TAMS 0x00000000c6b00000, 0x00000000c6b00000| Complete 
|  52|0x00000000c6c00000, 0x00000000c6d00000, 0x00000000c6d00000|100%| E|CS|TAMS 0x00000000c6c00000, 0x00000000c6c00000| Complete 
|  53|0x00000000c6d00000, 0x00000000c6e00000, 0x00000000c6e00000|100%| E|CS|TAMS 0x00000000c6d00000, 0x00000000c6d00000| Complete 
|  54|0x00000000c6e00000, 0x00000000c6f00000, 0x00000000c6f00000|100%| E|CS|TAMS 0x00000000c6e00000, 0x00000000c6e00000| Complete 
|  55|0x00000000c6f00000, 0x00000000c7000000, 0x00000000c7000000|100%| E|CS|TAMS 0x00000000c6f00000, 0x00000000c6f00000| Complete 
|  56|0x00000000c7000000, 0x00000000c7100000, 0x00000000c7100000|100%| E|CS|TAMS 0x00000000c7000000, 0x00000000c7000000| Complete 
|  57|0x00000000c7100000, 0x00000000c7200000, 0x00000000c7200000|100%| E|CS|TAMS 0x00000000c7100000, 0x00000000c7100000| Complete 
|  58|0x00000000c7200000, 0x00000000c7300000, 0x00000000c7300000|100%| E|CS|TAMS 0x00000000c7200000, 0x00000000c7200000| Complete 
|  59|0x00000000c7300000, 0x00000000c7400000, 0x00000000c7400000|100%| E|  |TAMS 0x00000000c7300000, 0x00000000c7300000| Complete 
|  60|0x00000000c7400000, 0x00000000c7500000, 0x00000000c7500000|100%| E|CS|TAMS 0x00000000c7400000, 0x00000000c7400000| Complete 
|  61|0x00000000c7500000, 0x00000000c7600000, 0x00000000c7600000|100%| E|CS|TAMS 0x00000000c7500000, 0x00000000c7500000| Complete 
| 966|0x00000000ffe00000, 0x00000000ffe48000, 0x00000000fff00000| 28%|OA|  |TAMS 0x00000000ffe00000, 0x00000000ffe00000| Untracked 
| 967|0x00000000fff00000, 0x00000000fff6c000, 0x0000000100000000| 42%|CA|  |TAMS 0x00000000fff00000, 0x00000000fff00000| Untracked 

Card table byte_map: [0x00007fdfc5f5d000,0x00007fdfc6141000] _byte_map_base: 0x00007fdfc5941000

Marking Bits (Prev, Next): (CMBitMap*) 0x00007fdfc0045c68, (CMBitMap*) 0x00007fdfc0045ca0
 Prev Bits: [0x00007fdfc4e59000, 0x00007fdfc5d79000)
 Next Bits: [0x00007fdfa30e0000, 0x00007fdfa4000000)

Polling page: 0x00007fdfc8499000

Metaspace:

Usage:
  Non-class:      5.72 MB capacity,     3.43 MB ( 60%) used,     2.29 MB ( 40%) free+waste,     6.88 KB ( <1%) overhead. 
      Class:    695.00 KB capacity,   432.49 KB ( 62%) used,   258.76 KB ( 37%) free+waste,     3.75 KB ( <1%) overhead. 
       Both:      6.40 MB capacity,     3.85 MB ( 60%) used,     2.54 MB ( 40%) free+waste,    10.62 KB ( <1%) overhead. 

Virtual space:
  Non-class space:        8.00 MB reserved,       5.75 MB ( 72%) committed 
      Class space:        1.00 GB reserved,     768.00 KB ( <1%) committed 
             Both:        1.01 GB reserved,       6.50 MB ( <1%) committed 

Chunk freelists:
   Non-Class:  33.00 KB
       Class:  9.00 KB
        Both:  42.00 KB

MaxMetaspaceSize: unlimited
CompressedClassSpaceSize: 1.00 GB
Initial GC threshold: 20.80 MB
Current GC threshold: 20.80 MB
CDS: on

CodeHeap 'non-profiled nmethods': size=120032Kb used=227Kb max_used=227Kb free=119804Kb
 bounds [0x00007fdfb00c8000, 0x00007fdfb0338000, 0x00007fdfb7600000]
CodeHeap 'profiled nmethods': size=120032Kb used=1341Kb max_used=1341Kb free=118691Kb
 bounds [0x00007fdfa8b90000, 0x00007fdfa8e00000, 0x00007fdfb00c8000]
CodeHeap 'non-nmethods': size=5696Kb used=1149Kb max_used=1161Kb free=4546Kb
 bounds [0x00007fdfa8600000, 0x00007fdfa8870000, 0x00007fdfa8b90000]
 total_blobs=1165 nmethods=756 adapters=323
 compilation: enabled
              stopped_count=0, restarted_count=0
 full_count=0

Compilation events (20 events):
Event: 0.323 Thread 0x00007fdfc0136000  737   !   3       java.lang.invoke.MemberName::clone (14 bytes)
Event: 0.323 Thread 0x00007fdfc0136000 nmethod 737 0x00007fdfa8ccfa10 code [0x00007fdfa8ccfc00, 0x00007fdfa8ccff90]
Event: 0.323 Thread 0x00007fdfc0136000  738       1       java.lang.invoke.MethodTypeForm::basicType (5 bytes)
Event: 0.324 Thread 0x00007fdfc0136000 nmethod 738 0x00007fdfb00fdd10 code [0x00007fdfb00fdec0, 0x00007fdfb00fdf90]
Event: 0.324 Thread 0x00007fdfc0136000  740       3       java.lang.invoke.MemberName::flagsMods (72 bytes)
Event: 0.324 Thread 0x00007fdfc0136000 nmethod 740 0x00007fdfa8cd0110 code [0x00007fdfa8cd02c0, 0x00007fdfa8cd03d0]
Event: 0.324 Thread 0x00007fdfc0136000  743       3       java.lang.invoke.LambdaForm::parameterType (9 bytes)
Event: 0.324 Thread 0x00007fdfc0136000 nmethod 743 0x00007fdfa8cd0490 code [0x00007fdfa8cd0640, 0x00007fdfa8cd07a0]
Event: 0.324 Thread 0x00007fdfc0136000  744       3       java.lang.invoke.MethodHandles$Lookup::lookupClassOrNull (17 bytes)
Event: 0.324 Thread 0x00007fdfc0134000 nmethod 667 0x00007fdfb00fe310 code [0x00007fdfb00fe4e0, 0x00007fdfb00fef18]
Event: 0.324 Thread 0x00007fdfc0134000  646       4       java.lang.String::getBytes (44 bytes)
Event: 0.324 Thread 0x00007fdfc0136000 nmethod 744 0x00007fdfa8cd0890 code [0x00007fdfa8cd0a40, 0x00007fdfa8cd0bd0]
Event: 0.324 Thread 0x00007fdfc0136000  741       3       java.lang.invoke.MemberName::init (66 bytes)
Event: 0.324 Thread 0x00007fdfc0136000 nmethod 741 0x00007fdfa8cd0c90 code [0x00007fdfa8cd0e40, 0x00007fdfa8cd1090]
Event: 0.324 Thread 0x00007fdfc0136000  745       3       sun.invoke.util.Wrapper::forPrimitiveType (49 bytes)
Event: 0.325 Thread 0x00007fdfc0134000 nmethod 646 0x00007fdfb00ffb90 code [0x00007fdfb00ffd20, 0x00007fdfb00ffe58]
Event: 0.325 Thread 0x00007fdfc0134000  661       4       java.util.zip.ZipUtils::get16 (21 bytes)
Event: 0.325 Thread 0x00007fdfc0136000 nmethod 745 0x00007fdfa8cd1110 code [0x00007fdfa8cd14a0, 0x00007fdfa8cd2a00]
Event: 0.325 Thread 0x00007fdfc0136000  748       3       jdk.internal.org.objectweb.asm.Frame::execute (2264 bytes)
Event: 0.326 Thread 0x00007fdfc0134000 nmethod 661 0x00007fdfb0100290 code [0x00007fdfb0100420, 0x00007fdfb01004b8]

GC Heap History (0 events):
No events

Deoptimization events (20 events):
Event: 0.288 Thread 0x00007fdfc0016800 DEOPT PACKING pc=0x00007fdfa8bc67cf sp=0x00007fdfc6dfcfd0
Event: 0.288 Thread 0x00007fdfc0016800 DEOPT UNPACKING pc=0x00007fdfa864a64a sp=0x00007fdfc6dfc478 mode 0
Event: 0.290 Thread 0x00007fdfc0016800 DEOPT PACKING pc=0x00007fdfa8bc67cf sp=0x00007fdfc6dfcf80
Event: 0.290 Thread 0x00007fdfc0016800 DEOPT UNPACKING pc=0x00007fdfa864a64a sp=0x00007fdfc6dfc428 mode 0
Event: 0.318 Thread 0x00007fdfc0016800 Uncommon trap: trap_request=0xffffffc6 fr.pc=0x00007fdfb00d20a4 relative=0x0000000000000084
Event: 0.318 Thread 0x00007fdfc0016800 Uncommon trap: reason=bimorphic_or_optimized_type_check action=maybe_recompile pc=0x00007fdfb00d20a4 method=java.util.AbstractCollection.isEmpty()Z @ 1 c2
Event: 0.318 Thread 0x00007fdfc0016800 DEOPT PACKING pc=0x00007fdfb00d20a4 sp=0x00007fdfc6dfd2c0
Event: 0.318 Thread 0x00007fdfc0016800 DEOPT UNPACKING pc=0x00007fdfa8649ea5 sp=0x00007fdfc6dfd270 mode 2
Event: 0.318 Thread 0x00007fdfc0016800 Uncommon trap: trap_request=0xffffffc6 fr.pc=0x00007fdfb00d20a4 relative=0x0000000000000084
Event: 0.318 Thread 0x00007fdfc0016800 Uncommon trap: reason=bimorphic_or_optimized_type_check action=maybe_recompile pc=0x00007fdfb00d20a4 method=java.util.AbstractCollection.isEmpty()Z @ 1 c2
Event: 0.318 Thread 0x00007fdfc0016800 DEOPT PACKING pc=0x00007fdfb00d20a4 sp=0x00007fdfc6dfd490
Event: 0.318 Thread 0x00007fdfc0016800 DEOPT UNPACKING pc=0x00007fdfa8649ea5 sp=0x00007fdfc6dfd440 mode 2
Event: 0.319 Thread 0x00007fdfc0016800 Uncommon trap: trap_request=0xffffffc6 fr.pc=0x00007fdfb00d20a4 relative=0x0000000000000084
Event: 0.319 Thread 0x00007fdfc0016800 Uncommon trap: reason=bimorphic_or_optimized_type_check action=maybe_recompile pc=0x00007fdfb00d20a4 method=java.util.AbstractCollection.isEmpty()Z @ 1 c2
Event: 0.319 Thread 0x00007fdfc0016800 DEOPT PACKING pc=0x00007fdfb00d20a4 sp=0x00007fdfc6dfd4b0
Event: 0.319 Thread 0x00007fdfc0016800 DEOPT UNPACKING pc=0x00007fdfa8649ea5 sp=0x00007fdfc6dfd460 mode 2
Event: 0.319 Thread 0x00007fdfc0016800 Uncommon trap: trap_request=0xffffffc6 fr.pc=0x00007fdfb00d20a4 relative=0x0000000000000084
Event: 0.319 Thread 0x00007fdfc0016800 Uncommon trap: reason=bimorphic_or_optimized_type_check action=maybe_recompile pc=0x00007fdfb00d20a4 method=java.util.AbstractCollection.isEmpty()Z @ 1 c2
Event: 0.319 Thread 0x00007fdfc0016800 DEOPT PACKING pc=0x00007fdfb00d20a4 sp=0x00007fdfc6dfd2c0
Event: 0.319 Thread 0x00007fdfc0016800 DEOPT UNPACKING pc=0x00007fdfa8649ea5 sp=0x00007fdfc6dfd270 mode 2

Classes redefined (0 events):
No events

Internal exceptions (20 events):
Event: 0.131 Thread 0x00007fdfc0016800 Exception <a 'java/security/PrivilegedActionException'{0x00000000c74edfc0}> (0x00000000c74edfc0) thrown at [./src/hotspot/share/prims/jvm.cpp, line 1304]
Event: 0.131 Thread 0x00007fdfc0016800 Exception <a 'java/security/PrivilegedActionException'{0x00000000c74ee290}> (0x00000000c74ee290) thrown at [./src/hotspot/share/prims/jvm.cpp, line 1304]
Event: 0.131 Thread 0x00007fdfc0016800 Exception <a 'java/security/PrivilegedActionException'{0x00000000c74eec00}> (0x00000000c74eec00) thrown at [./src/hotspot/share/prims/jvm.cpp, line 1304]
Event: 0.131 Thread 0x00007fdfc0016800 Exception <a 'java/security/PrivilegedActionException'{0x00000000c74eeed0}> (0x00000000c74eeed0) thrown at [./src/hotspot/share/prims/jvm.cpp, line 1304]
Event: 0.131 Thread 0x00007fdfc0016800 Exception <a 'java/security/PrivilegedActionException'{0x00000000c74ef840}> (0x00000000c74ef840) thrown at [./src/hotspot/share/prims/jvm.cpp, line 1304]
Event: 0.131 Thread 0x00007fdfc0016800 Exception <a 'java/security/PrivilegedActionException'{0x00000000c74efb10}> (0x00000000c74efb10) thrown at [./src/hotspot/share/prims/jvm.cpp, line 1304]
Event: 0.131 Thread 0x00007fdfc0016800 Exception <a 'java/security/PrivilegedActionException'{0x00000000c74f0498}> (0x00000000c74f0498) thrown at [./src/hotspot/share/prims/jvm.cpp, line 1304]
Event: 0.131 Thread 0x00007fdfc0016800 Exception <a 'java/security/PrivilegedActionException'{0x00000000c74f0768}> (0x00000000c74f0768) thrown at [./src/hotspot/share/prims/jvm.cpp, line 1304]
Event: 0.131 Thread 0x00007fdfc0016800 Exception <a 'java/security/PrivilegedActionException'{0x00000000c74f10f0}> (0x00000000c74f10f0) thrown at [./src/hotspot/share/prims/jvm.cpp, line 1304]
Event: 0.131 Thread 0x00007fdfc0016800 Exception <a 'java/security/PrivilegedActionException'{0x00000000c74f13c0}> (0x00000000c74f13c0) thrown at [./src/hotspot/share/prims/jvm.cpp, line 1304]
Event: 0.131 Thread 0x00007fdfc0016800 Exception <a 'java/security/PrivilegedActionException'{0x00000000c74f1d48}> (0x00000000c74f1d48) thrown at [./src/hotspot/share/prims/jvm.cpp, line 1304]
Event: 0.131 Thread 0x00007fdfc0016800 Exception <a 'java/security/PrivilegedActionException'{0x00000000c74f2018}> (0x00000000c74f2018) thrown at [./src/hotspot/share/prims/jvm.cpp, line 1304]
Event: 0.132 Thread 0x00007fdfc0016800 Exception <a 'java/security/PrivilegedActionException'{0x00000000c74f2988}> (0x00000000c74f2988) thrown at [./src/hotspot/share/prims/jvm.cpp, line 1304]
Event: 0.132 Thread 0x00007fdfc0016800 Exception <a 'java/security/PrivilegedActionException'{0x00000000c74f2c58}> (0x00000000c74f2c58) thrown at [./src/hotspot/share/prims/jvm.cpp, line 1304]
Event: 0.132 Thread 0x00007fdfc0016800 Exception <a 'java/security/PrivilegedActionException'{0x00000000c74f35e0}> (0x00000000c74f35e0) thrown at [./src/hotspot/share/prims/jvm.cpp, line 1304]
Event: 0.132 Thread 0x00007fdfc0016800 Exception <a 'java/security/PrivilegedActionException'{0x00000000c74f38b0}> (0x00000000c74f38b0) thrown at [./src/hotspot/share/prims/jvm.cpp, line 1304]
Event: 0.148 Thread 0x00007fdfc0016800 Exception <a 'java/lang/NoSuchMethodError'{0x00000000c7223598}: 'int java.lang.invoke.DirectMethodHandle$Holder.invokeStaticInit(java.lang.Object, java.lang.Object, java.lang.Object, java.lang.Object)'> (0x00000000c7223598) thrown at [./src/hotspot/share/interpreter/linkResolver.cpp, line 772]
Event: 0.150 Thread 0x00007fdfc0016800 Exception <a 'java/lang/IncompatibleClassChangeError'{0x00000000c722d318}: Found class java.lang.Object, but interface was expected> (0x00000000c722d318) thrown at [./src/hotspot/share/interpreter/linkResolver.cpp, line 839]
Event: 0.150 Thread 0x00007fdfc0016800 Exception <a 'java/lang/NoSuchMethodError'{0x00000000c72304c8}: 'void java.lang.invoke.DirectMethodHandle$Holder.invokeStaticInit(java.lang.Object, java.lang.Object)'> (0x00000000c72304c8) thrown at [./src/hotspot/share/interpreter/linkResolver.cpp, line 772]
Event: 0.151 Thread 0x00007fdfc0016800 Exception <a 'java/lang/NoSuchMethodError'{0x00000000c7235b18}: 'int java.lang.invoke.DirectMethodHandle$Holder.invokeStaticInit(java.lang.Object, java.lang.Object)'> (0x00000000c7235b18) thrown at [./src/hotspot/share/interpreter/linkResolver.cpp, line 772]

Events (20 events):
Event: 0.313 loading class SymbolTable
Event: 0.313 loading class SymbolTable done
Event: 0.316 Executing VM operation: Deoptimize
Event: 0.316 Executing VM operation: Deoptimize done
Event: 0.317 loading class java/lang/invoke/BoundMethodHandle$Species_LL
Event: 0.317 loading class java/lang/invoke/BoundMethodHandle$Species_LL done
Event: 0.319 loading class java/lang/invoke/BoundMethodHandle$Species_LLL
Event: 0.319 loading class java/lang/invoke/BoundMethodHandle$Species_LLL done
Event: 0.320 loading class java/lang/invoke/BoundMethodHandle$Species_LLLL
Event: 0.320 loading class java/lang/invoke/BoundMethodHandle$Species_LLLL done
Event: 0.321 loading class java/lang/invoke/BoundMethodHandle$Species_LLLLL
Event: 0.321 loading class java/lang/invoke/BoundMethodHandle$Species_LLLLL done
Event: 0.322 loading class java/lang/invoke/BoundMethodHandle$Species_LLLLLL
Event: 0.322 loading class java/lang/invoke/BoundMethodHandle$Species_LLLLLL done
Event: 0.323 loading class java/lang/invoke/BoundMethodHandle$Species_LLLLLLI
Event: 0.323 loading class java/lang/invoke/BoundMethodHandle$Species_LLLLLLI done
Event: 0.325 loading class java/lang/invoke/BoundMethodHandle$Species_LLLLLLII
Event: 0.325 loading class java/lang/invoke/BoundMethodHandle$Species_LLLLLLII done
Event: 0.326 loading class java/lang/invoke/BoundMethodHandle$Species_LLLLLLIIL
Event: 0.326 loading class java/lang/invoke/BoundMethodHandle$Species_LLLLLLIIL done


Dynamic libraries:
c3800000-c7600000 rw-p 00000000 00:00 0 
c7600000-ffe00000 ---p 00000000 00:00 0 
ffe00000-ffe48000 rw-p 00b14000 08:03 265562                             /usr/lib/jvm/java-11-openjdk-amd64/lib/server/classes.jsa
ffe48000-fff00000 rw-p 00000000 00:00 0 
fff00000-fff6c000 rw-p 00aa8000 08:03 265562                             /usr/lib/jvm/java-11-openjdk-amd64/lib/server/classes.jsa
fff6c000-100000000 rw-p 00000000 00:00 0 
800000000-800002000 rwxp 00001000 08:03 265562                           /usr/lib/jvm/java-11-openjdk-amd64/lib/server/classes.jsa
800002000-8003ce000 rw-p 00003000 08:03 265562                           /usr/lib/jvm/java-11-openjdk-amd64/lib/server/classes.jsa
8003ce000-800aa6000 r--p 003cf000 08:03 265562                           /usr/lib/jvm/java-11-openjdk-amd64/lib/server/classes.jsa
800aa6000-800aa7000 rw-p 00aa7000 08:03 265562                           /usr/lib/jvm/java-11-openjdk-amd64/lib/server/classes.jsa
840000000-8400c0000 rw-p 00000000 00:00 0 
8400c0000-880000000 ---p 00000000 00:00 0 
55a606fd9000-55a606fda000 r--p 00000000 08:03 265116                     /usr/lib/jvm/java-11-openjdk-amd64/bin/java
55a606fda000-55a606fdb000 r-xp 00001000 08:03 265116                     /usr/lib/jvm/java-11-openjdk-amd64/bin/java
55a606fdb000-55a606fdc000 r--p 00002000 08:03 265116                     /usr/lib/jvm/java-11-openjdk-amd64/bin/java
55a606fdc000-55a606fdd000 r--p 00002000 08:03 265116                     /usr/lib/jvm/java-11-openjdk-amd64/bin/java
55a606fdd000-55a606fde000 rw-p 00003000 08:03 265116                     /usr/lib/jvm/java-11-openjdk-amd64/bin/java
55a60716d000-55a60718e000 rw-p 00000000 00:00 0                          [heap]
7fdf55400000-7fdf55d26000 r--p 00000000 08:03 1587749                    /home/ubuntu/.javacpp/cache/llvm-13.0.1-1.5.7-linux-x86_64.jar/org/bytedeco/llvm/linux-x86_64/libLLVM-13.so
7fdf55d26000-7fdf596e9000 r-xp 00926000 08:03 1587749                    /home/ubuntu/.javacpp/cache/llvm-13.0.1-1.5.7-linux-x86_64.jar/org/bytedeco/llvm/linux-x86_64/libLLVM-13.so
7fdf596e9000-7fdf5b93e000 r--p 042e9000 08:03 1587749                    /home/ubuntu/.javacpp/cache/llvm-13.0.1-1.5.7-linux-x86_64.jar/org/bytedeco/llvm/linux-x86_64/libLLVM-13.so
7fdf5b93e000-7fdf5be53000 r--p 0653d000 08:03 1587749                    /home/ubuntu/.javacpp/cache/llvm-13.0.1-1.5.7-linux-x86_64.jar/org/bytedeco/llvm/linux-x86_64/libLLVM-13.so
7fdf5be53000-7fdf5be5e000 rw-p 06a52000 08:03 1587749                    /home/ubuntu/.javacpp/cache/llvm-13.0.1-1.5.7-linux-x86_64.jar/org/bytedeco/llvm/linux-x86_64/libLLVM-13.so
7fdf5be5e000-7fdf5bed4000 rw-p 00000000 00:00 0 
7fdf5c000000-7fdf5c021000 rw-p 00000000 00:00 0 
7fdf5c021000-7fdf60000000 ---p 00000000 00:00 0 
7fdf60000000-7fdf60021000 rw-p 00000000 00:00 0 
7fdf60021000-7fdf64000000 ---p 00000000 00:00 0 
7fdf64000000-7fdf64021000 rw-p 00000000 00:00 0 
7fdf64021000-7fdf68000000 ---p 00000000 00:00 0 
7fdf68000000-7fdf68021000 rw-p 00000000 00:00 0 
7fdf68021000-7fdf6c000000 ---p 00000000 00:00 0 
7fdf6c000000-7fdf6c38e000 rw-p 00000000 00:00 0 
7fdf6c38e000-7fdf70000000 ---p 00000000 00:00 0 
7fdf70000000-7fdf70021000 rw-p 00000000 00:00 0 
7fdf70021000-7fdf74000000 ---p 00000000 00:00 0 
7fdf74000000-7fdf74021000 rw-p 00000000 00:00 0 
7fdf74021000-7fdf78000000 ---p 00000000 00:00 0 
7fdf78000000-7fdf78282000 rw-p 00000000 00:00 0 
7fdf78282000-7fdf7c000000 ---p 00000000 00:00 0 
7fdf7c000000-7fdf7c021000 rw-p 00000000 00:00 0 
7fdf7c021000-7fdf80000000 ---p 00000000 00:00 0 
7fdf83600000-7fdf83e78000 r--p 00000000 08:03 2365202                    /usr/lib/locale/locale-archive
7fdf84000000-7fdf84021000 rw-p 00000000 00:00 0 
7fdf84021000-7fdf88000000 ---p 00000000 00:00 0 
7fdf88000000-7fdf88021000 rw-p 00000000 00:00 0 
7fdf88021000-7fdf8c000000 ---p 00000000 00:00 0 
7fdf8c000000-7fdf8c021000 rw-p 00000000 00:00 0 
7fdf8c021000-7fdf90000000 ---p 00000000 00:00 0 
7fdf90000000-7fdf90021000 rw-p 00000000 00:00 0 
7fdf90021000-7fdf94000000 ---p 00000000 00:00 0 
7fdf94000000-7fdf94021000 rw-p 00000000 00:00 0 
7fdf94021000-7fdf98000000 ---p 00000000 00:00 0 
7fdf98000000-7fdf98021000 rw-p 00000000 00:00 0 
7fdf98021000-7fdf9c000000 ---p 00000000 00:00 0 
7fdf9c000000-7fdf9c021000 rw-p 00000000 00:00 0 
7fdf9c021000-7fdfa0000000 ---p 00000000 00:00 0 
7fdfa06da000-7fdfa073f000 r--p 00000000 08:03 1589997                    /home/ubuntu/.javacpp/cache/llvm-13.0.1-1.5.7-linux-x86_64.jar/org/bytedeco/llvm/linux-x86_64/libjniLLVM.so
7fdfa073f000-7fdfa07ad000 r-xp 00065000 08:03 1589997                    /home/ubuntu/.javacpp/cache/llvm-13.0.1-1.5.7-linux-x86_64.jar/org/bytedeco/llvm/linux-x86_64/libjniLLVM.so
7fdfa07ad000-7fdfa07d8000 r--p 000d3000 08:03 1589997                    /home/ubuntu/.javacpp/cache/llvm-13.0.1-1.5.7-linux-x86_64.jar/org/bytedeco/llvm/linux-x86_64/libjniLLVM.so
7fdfa07d8000-7fdfa07db000 r--p 000fd000 08:03 1589997                    /home/ubuntu/.javacpp/cache/llvm-13.0.1-1.5.7-linux-x86_64.jar/org/bytedeco/llvm/linux-x86_64/libjniLLVM.so
7fdfa07db000-7fdfa07de000 rw-p 00100000 08:03 1589997                    /home/ubuntu/.javacpp/cache/llvm-13.0.1-1.5.7-linux-x86_64.jar/org/bytedeco/llvm/linux-x86_64/libjniLLVM.so
7fdfa07de000-7fdfa07e0000 rw-p 00000000 00:00 0 
7fdfa07e0000-7fdfa07e4000 ---p 00000000 00:00 0 
7fdfa07e4000-7fdfa0ea0000 rw-p 00000000 00:00 0 
7fdfa0ea0000-7fdfa10e0000 ---p 00000000 00:00 0 
7fdfa10e0000-7fdfa31d8000 rw-p 00000000 00:00 0 
7fdfa31d8000-7fdfa3ff8000 ---p 00000000 00:00 0 
7fdfa3ff8000-7fdfa4000000 rw-p 00000000 00:00 0 
7fdfa4000000-7fdfa4021000 rw-p 00000000 00:00 0 
7fdfa4021000-7fdfa8000000 ---p 00000000 00:00 0 
7fdfa80ff000-7fdfa8100000 ---p 00000000 00:00 0 
7fdfa8100000-7fdfa8200000 rw-p 00000000 00:00 0 
7fdfa8200000-7fdfa8204000 ---p 00000000 00:00 0 
7fdfa8204000-7fdfa8300000 rw-p 00000000 00:00 0 
7fdfa8300000-7fdfa8304000 ---p 00000000 00:00 0 
7fdfa8304000-7fdfa8400000 rw-p 00000000 00:00 0 
7fdfa8400000-7fdfa8404000 ---p 00000000 00:00 0 
7fdfa8404000-7fdfa8500000 rw-p 00000000 00:00 0 
7fdfa8500000-7fdfa8504000 ---p 00000000 00:00 0 
7fdfa8504000-7fdfa8600000 rw-p 00000000 00:00 0 
7fdfa8600000-7fdfa8870000 rwxp 00000000 00:00 0 
7fdfa8870000-7fdfa8b90000 ---p 00000000 00:00 0 
7fdfa8b90000-7fdfa8e00000 rwxp 00000000 00:00 0 
7fdfa8e00000-7fdfb00c8000 ---p 00000000 00:00 0 
7fdfb00c8000-7fdfb0338000 rwxp 00000000 00:00 0 
7fdfb0338000-7fdfb7600000 ---p 00000000 00:00 0 
7fdfb7600000-7fdfbfe25000 r--s 00000000 08:03 265275                     /usr/lib/jvm/java-11-openjdk-amd64/lib/modules
7fdfbff00000-7fdfbff04000 ---p 00000000 00:00 0 
7fdfbff04000-7fdfc0000000 rw-p 00000000 00:00 0 
7fdfc0000000-7fdfc0462000 rw-p 00000000 00:00 0 
7fdfc0462000-7fdfc4000000 ---p 00000000 00:00 0 
7fdfc40cf000-7fdfc40d3000 ---p 00000000 00:00 0 
7fdfc40d3000-7fdfc41cf000 rw-p 00000000 00:00 0 
7fdfc41cf000-7fdfc41d3000 ---p 00000000 00:00 0 
7fdfc41d3000-7fdfc42cf000 rw-p 00000000 00:00 0 
7fdfc42cf000-7fdfc42d3000 ---p 00000000 00:00 0 
7fdfc42d3000-7fdfc43cf000 rw-p 00000000 00:00 0 
7fdfc43cf000-7fdfc43d3000 ---p 00000000 00:00 0 
7fdfc43d3000-7fdfc44cf000 rw-p 00000000 00:00 0 
7fdfc44cf000-7fdfc44d0000 ---p 00000000 00:00 0 
7fdfc44d0000-7fdfc4651000 rw-p 00000000 00:00 0 
7fdfc4651000-7fdfc4652000 ---p 00000000 00:00 0 
7fdfc4652000-7fdfc4752000 rw-p 00000000 00:00 0 
7fdfc4752000-7fdfc4753000 ---p 00000000 00:00 0 
7fdfc4753000-7fdfc4c57000 rw-p 00000000 00:00 0 
7fdfc4c57000-7fdfc4c58000 ---p 00000000 00:00 0 
7fdfc4c58000-7fdfc4d58000 rw-p 00000000 00:00 0 
7fdfc4d58000-7fdfc4d59000 ---p 00000000 00:00 0 
7fdfc4d59000-7fdfc4f51000 rw-p 00000000 00:00 0 
7fdfc4f51000-7fdfc5d71000 ---p 00000000 00:00 0 
7fdfc5d71000-7fdfc5d98000 rw-p 00000000 00:00 0 
7fdfc5d98000-7fdfc5f5c000 ---p 00000000 00:00 0 
7fdfc5f5c000-7fdfc5f7c000 rw-p 00000000 00:00 0 
7fdfc5f7c000-7fdfc6140000 ---p 00000000 00:00 0 
7fdfc6140000-7fdfc6160000 rw-p 00000000 00:00 0 
7fdfc6160000-7fdfc6324000 ---p 00000000 00:00 0 
7fdfc6324000-7fdfc6729000 rw-p 00000000 00:00 0 
7fdfc6729000-7fdfc672a000 ---p 00000000 00:00 0 
7fdfc672a000-7fdfc682f000 rw-p 00000000 00:00 0 
7fdfc682f000-7fdfc6915000 ---p 00000000 00:00 0 
7fdfc6915000-7fdfc691a000 rw-p 00000000 00:00 0 
7fdfc691a000-7fdfc6a00000 ---p 00000000 00:00 0 
7fdfc6a00000-7fdfc6a9a000 r--p 00000000 08:03 2360832                    /usr/lib/x86_64-linux-gnu/libstdc++.so.6.0.30
7fdfc6a9a000-7fdfc6bab000 r-xp 0009a000 08:03 2360832                    /usr/lib/x86_64-linux-gnu/libstdc++.so.6.0.30
7fdfc6bab000-7fdfc6c1a000 r--p 001ab000 08:03 2360832                    /usr/lib/x86_64-linux-gnu/libstdc++.so.6.0.30
7fdfc6c1a000-7fdfc6c1b000 ---p 0021a000 08:03 2360832                    /usr/lib/x86_64-linux-gnu/libstdc++.so.6.0.30
7fdfc6c1b000-7fdfc6c26000 r--p 0021a000 08:03 2360832                    /usr/lib/x86_64-linux-gnu/libstdc++.so.6.0.30
7fdfc6c26000-7fdfc6c29000 rw-p 00225000 08:03 2360832                    /usr/lib/x86_64-linux-gnu/libstdc++.so.6.0.30
7fdfc6c29000-7fdfc6c2c000 rw-p 00000000 00:00 0 
7fdfc6c92000-7fdfc6c99000 r--p 00000000 08:03 1587750                    /home/ubuntu/.javacpp/cache/llvm-13.0.1-1.5.7-linux-x86_64.jar/org/bytedeco/llvm/linux-x86_64/libLTO.so.13
7fdfc6c99000-7fdfc6ca1000 r-xp 00007000 08:03 1587750                    /home/ubuntu/.javacpp/cache/llvm-13.0.1-1.5.7-linux-x86_64.jar/org/bytedeco/llvm/linux-x86_64/libLTO.so.13
7fdfc6ca1000-7fdfc6ca3000 r--p 0000f000 08:03 1587750                    /home/ubuntu/.javacpp/cache/llvm-13.0.1-1.5.7-linux-x86_64.jar/org/bytedeco/llvm/linux-x86_64/libLTO.so.13
7fdfc6ca3000-7fdfc6ca4000 r--p 00010000 08:03 1587750                    /home/ubuntu/.javacpp/cache/llvm-13.0.1-1.5.7-linux-x86_64.jar/org/bytedeco/llvm/linux-x86_64/libLTO.so.13
7fdfc6ca4000-7fdfc6ca5000 rw-p 00011000 08:03 1587750                    /home/ubuntu/.javacpp/cache/llvm-13.0.1-1.5.7-linux-x86_64.jar/org/bytedeco/llvm/linux-x86_64/libLTO.so.13
7fdfc6ca5000-7fdfc6d00000 rw-p 00000000 00:00 0 
7fdfc6d00000-7fdfc6d04000 ---p 00000000 00:00 0 
7fdfc6d04000-7fdfc6e00000 rw-p 00000000 00:00 0 
7fdfc6e00000-7fdfc7082000 r--p 00000000 08:03 265280                     /usr/lib/jvm/java-11-openjdk-amd64/lib/server/libjvm.so
7fdfc7082000-7fdfc7d20000 r-xp 00282000 08:03 265280                     /usr/lib/jvm/java-11-openjdk-amd64/lib/server/libjvm.so
7fdfc7d20000-7fdfc7f7c000 r--p 00f20000 08:03 265280                     /usr/lib/jvm/java-11-openjdk-amd64/lib/server/libjvm.so
7fdfc7f7c000-7fdfc8040000 r--p 0117b000 08:03 265280                     /usr/lib/jvm/java-11-openjdk-amd64/lib/server/libjvm.so
7fdfc8040000-7fdfc807b000 rw-p 0123f000 08:03 265280                     /usr/lib/jvm/java-11-openjdk-amd64/lib/server/libjvm.so
7fdfc807b000-7fdfc80d2000 rw-p 00000000 00:00 0 
7fdfc80da000-7fdfc80db000 r--p 00000000 08:03 2361439                    /usr/lib/x86_64-linux-gnu/libdl.so.2
7fdfc80db000-7fdfc80dc000 r-xp 00001000 08:03 2361439                    /usr/lib/x86_64-linux-gnu/libdl.so.2
7fdfc80dc000-7fdfc80dd000 r--p 00002000 08:03 2361439                    /usr/lib/x86_64-linux-gnu/libdl.so.2
7fdfc80dd000-7fdfc80de000 r--p 00002000 08:03 2361439                    /usr/lib/x86_64-linux-gnu/libdl.so.2
7fdfc80de000-7fdfc80df000 rw-p 00003000 08:03 2361439                    /usr/lib/x86_64-linux-gnu/libdl.so.2
7fdfc80e4000-7fdfc80eb000 r--s 00000000 08:03 659244                     /usr/lib/x86_64-linux-gnu/gconv/gconv-modules.cache
7fdfc80eb000-7fdfc80ec000 r--p 00000000 08:03 1589995                    /home/ubuntu/.javacpp/cache/llvm-13.0.1-1.5.7-linux-x86_64.jar/org/bytedeco/llvm/linux-x86_64/libRemarks.so.13
7fdfc80ec000-7fdfc80ed000 r-xp 00001000 08:03 1589995                    /home/ubuntu/.javacpp/cache/llvm-13.0.1-1.5.7-linux-x86_64.jar/org/bytedeco/llvm/linux-x86_64/libRemarks.so.13
7fdfc80ed000-7fdfc80ee000 r--p 00002000 08:03 1589995                    /home/ubuntu/.javacpp/cache/llvm-13.0.1-1.5.7-linux-x86_64.jar/org/bytedeco/llvm/linux-x86_64/libRemarks.so.13
7fdfc80ee000-7fdfc80ef000 r--p 00002000 08:03 1589995                    /home/ubuntu/.javacpp/cache/llvm-13.0.1-1.5.7-linux-x86_64.jar/org/bytedeco/llvm/linux-x86_64/libRemarks.so.13
7fdfc80ef000-7fdfc80f0000 rw-p 00003000 08:03 1589995                    /home/ubuntu/.javacpp/cache/llvm-13.0.1-1.5.7-linux-x86_64.jar/org/bytedeco/llvm/linux-x86_64/libRemarks.so.13
7fdfc80f0000-7fdfc80f4000 r--p 00000000 08:03 1587748                    /home/ubuntu/.javacpp/cache/javacpp-1.5.7-linux-x86_64.jar/org/bytedeco/javacpp/linux-x86_64/libjnijavacpp.so
7fdfc80f4000-7fdfc80fb000 r-xp 00004000 08:03 1587748                    /home/ubuntu/.javacpp/cache/javacpp-1.5.7-linux-x86_64.jar/org/bytedeco/javacpp/linux-x86_64/libjnijavacpp.so
7fdfc80fb000-7fdfc80ff000 r--p 0000b000 08:03 1587748                    /home/ubuntu/.javacpp/cache/javacpp-1.5.7-linux-x86_64.jar/org/bytedeco/javacpp/linux-x86_64/libjnijavacpp.so
7fdfc80ff000-7fdfc8100000 r--p 0000e000 08:03 1587748                    /home/ubuntu/.javacpp/cache/javacpp-1.5.7-linux-x86_64.jar/org/bytedeco/javacpp/linux-x86_64/libjnijavacpp.so
7fdfc8100000-7fdfc8101000 rw-p 0000f000 08:03 1587748                    /home/ubuntu/.javacpp/cache/javacpp-1.5.7-linux-x86_64.jar/org/bytedeco/javacpp/linux-x86_64/libjnijavacpp.so
7fdfc8101000-7fdfc8105000 r--p 00000000 08:03 265265                     /usr/lib/jvm/java-11-openjdk-amd64/lib/libnet.so
7fdfc8105000-7fdfc8113000 r-xp 00004000 08:03 265265                     /usr/lib/jvm/java-11-openjdk-amd64/lib/libnet.so
7fdfc8113000-7fdfc8117000 r--p 00012000 08:03 265265                     /usr/lib/jvm/java-11-openjdk-amd64/lib/libnet.so
7fdfc8117000-7fdfc8118000 r--p 00015000 08:03 265265                     /usr/lib/jvm/java-11-openjdk-amd64/lib/libnet.so
7fdfc8118000-7fdfc8119000 rw-p 00016000 08:03 265265                     /usr/lib/jvm/java-11-openjdk-amd64/lib/libnet.so
7fdfc8119000-7fdfc8127000 r--p 00000000 08:03 2361443                    /usr/lib/x86_64-linux-gnu/libm.so.6
7fdfc8127000-7fdfc81a3000 r-xp 0000e000 08:03 2361443                    /usr/lib/x86_64-linux-gnu/libm.so.6
7fdfc81a3000-7fdfc81fe000 r--p 0008a000 08:03 2361443                    /usr/lib/x86_64-linux-gnu/libm.so.6
7fdfc81fe000-7fdfc81ff000 r--p 000e4000 08:03 2361443                    /usr/lib/x86_64-linux-gnu/libm.so.6
7fdfc81ff000-7fdfc8200000 rw-p 000e5000 08:03 2361443                    /usr/lib/x86_64-linux-gnu/libm.so.6
7fdfc8200000-7fdfc8228000 r--p 00000000 08:03 2361426                    /usr/lib/x86_64-linux-gnu/libc.so.6
7fdfc8228000-7fdfc83bd000 r-xp 00028000 08:03 2361426                    /usr/lib/x86_64-linux-gnu/libc.so.6
7fdfc83bd000-7fdfc8415000 r--p 001bd000 08:03 2361426                    /usr/lib/x86_64-linux-gnu/libc.so.6
7fdfc8415000-7fdfc8416000 ---p 00215000 08:03 2361426                    /usr/lib/x86_64-linux-gnu/libc.so.6
7fdfc8416000-7fdfc841a000 r--p 00215000 08:03 2361426                    /usr/lib/x86_64-linux-gnu/libc.so.6
7fdfc841a000-7fdfc841c000 rw-p 00219000 08:03 2361426                    /usr/lib/x86_64-linux-gnu/libc.so.6
7fdfc841c000-7fdfc8429000 rw-p 00000000 00:00 0 
7fdfc842d000-7fdfc842e000 r--p 00000000 08:03 2361473                    /usr/lib/x86_64-linux-gnu/libpthread.so.0
7fdfc842e000-7fdfc842f000 r-xp 00001000 08:03 2361473                    /usr/lib/x86_64-linux-gnu/libpthread.so.0
7fdfc842f000-7fdfc8430000 r--p 00002000 08:03 2361473                    /usr/lib/x86_64-linux-gnu/libpthread.so.0
7fdfc8430000-7fdfc8431000 r--p 00002000 08:03 2361473                    /usr/lib/x86_64-linux-gnu/libpthread.so.0
7fdfc8431000-7fdfc8432000 rw-p 00003000 08:03 2361473                    /usr/lib/x86_64-linux-gnu/libpthread.so.0
7fdfc8432000-7fdfc8433000 r--p 00000000 08:03 265247                     /usr/lib/jvm/java-11-openjdk-amd64/lib/libextnet.so
7fdfc8433000-7fdfc8434000 r-xp 00001000 08:03 265247                     /usr/lib/jvm/java-11-openjdk-amd64/lib/libextnet.so
7fdfc8434000-7fdfc8435000 r--p 00002000 08:03 265247                     /usr/lib/jvm/java-11-openjdk-amd64/lib/libextnet.so
7fdfc8435000-7fdfc8436000 r--p 00002000 08:03 265247                     /usr/lib/jvm/java-11-openjdk-amd64/lib/libextnet.so
7fdfc8436000-7fdfc8437000 rw-p 00003000 08:03 265247                     /usr/lib/jvm/java-11-openjdk-amd64/lib/libextnet.so
7fdfc8437000-7fdfc843e000 r--p 00000000 08:03 265266                     /usr/lib/jvm/java-11-openjdk-amd64/lib/libnio.so
7fdfc843e000-7fdfc8446000 r-xp 00007000 08:03 265266                     /usr/lib/jvm/java-11-openjdk-amd64/lib/libnio.so
7fdfc8446000-7fdfc8449000 r--p 0000f000 08:03 265266                     /usr/lib/jvm/java-11-openjdk-amd64/lib/libnio.so
7fdfc8449000-7fdfc844a000 r--p 00011000 08:03 265266                     /usr/lib/jvm/java-11-openjdk-amd64/lib/libnio.so
7fdfc844a000-7fdfc844b000 rw-p 00012000 08:03 265266                     /usr/lib/jvm/java-11-openjdk-amd64/lib/libnio.so
7fdfc844b000-7fdfc8471000 rw-p 00000000 00:00 0 
7fdfc8471000-7fdfc8478000 ---p 00000000 00:00 0 
7fdfc8478000-7fdfc847a000 r--p 00000000 08:03 265274                     /usr/lib/jvm/java-11-openjdk-amd64/lib/libzip.so
7fdfc847a000-7fdfc847f000 r-xp 00002000 08:03 265274                     /usr/lib/jvm/java-11-openjdk-amd64/lib/libzip.so
7fdfc847f000-7fdfc8481000 r--p 00007000 08:03 265274                     /usr/lib/jvm/java-11-openjdk-amd64/lib/libzip.so
7fdfc8481000-7fdfc8482000 r--p 00008000 08:03 265274                     /usr/lib/jvm/java-11-openjdk-amd64/lib/libzip.so
7fdfc8482000-7fdfc8483000 rw-p 00009000 08:03 265274                     /usr/lib/jvm/java-11-openjdk-amd64/lib/libzip.so
7fdfc8483000-7fdfc848b000 rw-s 00000000 08:03 393238                     /tmp/hsperfdata_ubuntu/17820
7fdfc848b000-7fdfc848d000 r--p 00000000 08:03 265249                     /usr/lib/jvm/java-11-openjdk-amd64/lib/libinstrument.so
7fdfc848d000-7fdfc8494000 r-xp 00002000 08:03 265249                     /usr/lib/jvm/java-11-openjdk-amd64/lib/libinstrument.so
7fdfc8494000-7fdfc8497000 r--p 00009000 08:03 265249                     /usr/lib/jvm/java-11-openjdk-amd64/lib/libinstrument.so
7fdfc8497000-7fdfc8498000 r--p 0000b000 08:03 265249                     /usr/lib/jvm/java-11-openjdk-amd64/lib/libinstrument.so
7fdfc8498000-7fdfc8499000 rw-p 0000c000 08:03 265249                     /usr/lib/jvm/java-11-openjdk-amd64/lib/libinstrument.so
7fdfc8499000-7fdfc849a000 ---p 00000000 00:00 0 
7fdfc849a000-7fdfc849b000 r--p 00000000 00:00 0 
7fdfc849b000-7fdfc849d000 r--p 00000000 08:03 265257                     /usr/lib/jvm/java-11-openjdk-amd64/lib/libjimage.so
7fdfc849d000-7fdfc84a0000 r-xp 00002000 08:03 265257                     /usr/lib/jvm/java-11-openjdk-amd64/lib/libjimage.so
7fdfc84a0000-7fdfc84a1000 r--p 00005000 08:03 265257                     /usr/lib/jvm/java-11-openjdk-amd64/lib/libjimage.so
7fdfc84a1000-7fdfc84a2000 ---p 00006000 08:03 265257                     /usr/lib/jvm/java-11-openjdk-amd64/lib/libjimage.so
7fdfc84a2000-7fdfc84a3000 r--p 00006000 08:03 265257                     /usr/lib/jvm/java-11-openjdk-amd64/lib/libjimage.so
7fdfc84a3000-7fdfc84a4000 rw-p 00007000 08:03 265257                     /usr/lib/jvm/java-11-openjdk-amd64/lib/libjimage.so
7fdfc84a4000-7fdfc84b2000 r--p 00000000 08:03 265254                     /usr/lib/jvm/java-11-openjdk-amd64/lib/libjava.so
7fdfc84b2000-7fdfc84c8000 r-xp 0000e000 08:03 265254                     /usr/lib/jvm/java-11-openjdk-amd64/lib/libjava.so
7fdfc84c8000-7fdfc84cf000 r--p 00024000 08:03 265254                     /usr/lib/jvm/java-11-openjdk-amd64/lib/libjava.so
7fdfc84cf000-7fdfc84d0000 r--p 0002a000 08:03 265254                     /usr/lib/jvm/java-11-openjdk-amd64/lib/libjava.so
7fdfc84d0000-7fdfc84d1000 rw-p 0002b000 08:03 265254                     /usr/lib/jvm/java-11-openjdk-amd64/lib/libjava.so
7fdfc84d1000-7fdfc84d2000 rw-p 00000000 00:00 0 
7fdfc84d2000-7fdfc84d3000 r--p 00000000 08:03 2361484                    /usr/lib/x86_64-linux-gnu/librt.so.1
7fdfc84d3000-7fdfc84d4000 r-xp 00001000 08:03 2361484                    /usr/lib/x86_64-linux-gnu/librt.so.1
7fdfc84d4000-7fdfc84d5000 r--p 00002000 08:03 2361484                    /usr/lib/x86_64-linux-gnu/librt.so.1
7fdfc84d5000-7fdfc84d6000 r--p 00002000 08:03 2361484                    /usr/lib/x86_64-linux-gnu/librt.so.1
7fdfc84d6000-7fdfc84d7000 rw-p 00003000 08:03 2361484                    /usr/lib/x86_64-linux-gnu/librt.so.1
7fdfc84d7000-7fdfc84da000 r--p 00000000 08:03 2359493                    /usr/lib/x86_64-linux-gnu/libgcc_s.so.1
7fdfc84da000-7fdfc84f1000 r-xp 00003000 08:03 2359493                    /usr/lib/x86_64-linux-gnu/libgcc_s.so.1
7fdfc84f1000-7fdfc84f5000 r--p 0001a000 08:03 2359493                    /usr/lib/x86_64-linux-gnu/libgcc_s.so.1
7fdfc84f5000-7fdfc84f6000 r--p 0001d000 08:03 2359493                    /usr/lib/x86_64-linux-gnu/libgcc_s.so.1
7fdfc84f6000-7fdfc84f7000 rw-p 0001e000 08:03 2359493                    /usr/lib/x86_64-linux-gnu/libgcc_s.so.1
7fdfc84f7000-7fdfc84fa000 rw-p 00000000 00:00 0 
7fdfc84fa000-7fdfc84fd000 r--p 00000000 08:03 265239                     /usr/lib/jvm/java-11-openjdk-amd64/lib/jli/libjli.so
7fdfc84fd000-7fdfc8507000 r-xp 00003000 08:03 265239                     /usr/lib/jvm/java-11-openjdk-amd64/lib/jli/libjli.so
7fdfc8507000-7fdfc850a000 r--p 0000d000 08:03 265239                     /usr/lib/jvm/java-11-openjdk-amd64/lib/jli/libjli.so
7fdfc850a000-7fdfc850b000 ---p 00010000 08:03 265239                     /usr/lib/jvm/java-11-openjdk-amd64/lib/jli/libjli.so
7fdfc850b000-7fdfc850c000 r--p 00010000 08:03 265239                     /usr/lib/jvm/java-11-openjdk-amd64/lib/jli/libjli.so
7fdfc850c000-7fdfc850d000 rw-p 00011000 08:03 265239                     /usr/lib/jvm/java-11-openjdk-amd64/lib/jli/libjli.so
7fdfc850d000-7fdfc850f000 r--p 00000000 08:03 2367120                    /usr/lib/x86_64-linux-gnu/libz.so.1.2.11
7fdfc850f000-7fdfc8521000 r-xp 00002000 08:03 2367120                    /usr/lib/x86_64-linux-gnu/libz.so.1.2.11
7fdfc8521000-7fdfc8527000 r--p 00014000 08:03 2367120                    /usr/lib/x86_64-linux-gnu/libz.so.1.2.11
7fdfc8527000-7fdfc8528000 r--p 0001a000 08:03 2367120                    /usr/lib/x86_64-linux-gnu/libz.so.1.2.11
7fdfc8528000-7fdfc8529000 rw-p 0001b000 08:03 2367120                    /usr/lib/x86_64-linux-gnu/libz.so.1.2.11
7fdfc8529000-7fdfc852e000 r--p 00000000 08:03 265273                     /usr/lib/jvm/java-11-openjdk-amd64/lib/libverify.so
7fdfc852e000-7fdfc8535000 r-xp 00005000 08:03 265273                     /usr/lib/jvm/java-11-openjdk-amd64/lib/libverify.so
7fdfc8535000-7fdfc8537000 r--p 0000c000 08:03 265273                     /usr/lib/jvm/java-11-openjdk-amd64/lib/libverify.so
7fdfc8537000-7fdfc8539000 r--p 0000d000 08:03 265273                     /usr/lib/jvm/java-11-openjdk-amd64/lib/libverify.so
7fdfc8539000-7fdfc853a000 rw-p 0000f000 08:03 265273                     /usr/lib/jvm/java-11-openjdk-amd64/lib/libverify.so
7fdfc853a000-7fdfc853c000 rw-p 00000000 00:00 0 
7fdfc853c000-7fdfc853e000 r--p 00000000 08:03 2361301                    /usr/lib/x86_64-linux-gnu/ld-linux-x86-64.so.2
7fdfc853e000-7fdfc8568000 r-xp 00002000 08:03 2361301                    /usr/lib/x86_64-linux-gnu/ld-linux-x86-64.so.2
7fdfc8568000-7fdfc8573000 r--p 0002c000 08:03 2361301                    /usr/lib/x86_64-linux-gnu/ld-linux-x86-64.so.2
7fdfc8574000-7fdfc8576000 r--p 00037000 08:03 2361301                    /usr/lib/x86_64-linux-gnu/ld-linux-x86-64.so.2
7fdfc8576000-7fdfc8578000 rw-p 00039000 08:03 2361301                    /usr/lib/x86_64-linux-gnu/ld-linux-x86-64.so.2
7ffc860c6000-7ffc860e7000 rw-p 00000000 00:00 0                          [stack]
7ffc86146000-7ffc8614a000 r--p 00000000 00:00 0                          [vvar]
7ffc8614a000-7ffc8614c000 r-xp 00000000 00:00 0                          [vdso]
ffffffffff600000-ffffffffff601000 --xp 00000000 00:00 0                  [vsyscall]


VM Arguments:
jvm_args: -javaagent:/home/ubuntu/software/idea-IU-233.14475.28/lib/idea_rt.jar=33165:/home/ubuntu/software/idea-IU-233.14475.28/bin -Dfile.encoding=UTF-8 
java_command: Main tests/test1.c tests/Actual.ll
java_class_path (initial): /home/ubuntu/Lab/out/production/Lab:/usr/local/lib/antlr-4.9.1-complete.jar:/usr/local/lib/javacpp-1.5.7-linux-x86_64.jar:/usr/local/lib/javacpp-1.5.7.jar:/usr/local/lib/llvm-13.0.1-1.5.7-linux-x86_64.jar:/usr/local/lib/llvm-13.0.1-1.5.7.jar:/usr/local/lib/llvm-platform-13.0.1-1.5.7.jar
Launcher Type: SUN_STANDARD

[Global flags]
     intx CICompilerCount                          = 3                                         {product} {ergonomic}
     uint ConcGCThreads                            = 1                                         {product} {ergonomic}
     uint G1ConcRefinementThreads                  = 4                                         {product} {ergonomic}
   size_t G1HeapRegionSize                         = 1048576                                   {product} {ergonomic}
    uintx GCDrainStackTargetSize                   = 64                                        {product} {ergonomic}
   size_t InitialHeapSize                          = 65011712                                  {product} {ergonomic}
   size_t MarkStackSize                            = 4194304                                   {product} {ergonomic}
   size_t MaxHeapSize                              = 1015021568                                {product} {ergonomic}
   size_t MaxNewSize                               = 608174080                                 {product} {ergonomic}
   size_t MinHeapDeltaBytes                        = 1048576                                   {product} {ergonomic}
    uintx NonNMethodCodeHeapSize                   = 5830732                                {pd product} {ergonomic}
    uintx NonProfiledCodeHeapSize                  = 122913754                              {pd product} {ergonomic}
    uintx ProfiledCodeHeapSize                     = 122913754                              {pd product} {ergonomic}
    uintx ReservedCodeCacheSize                    = 251658240                              {pd product} {ergonomic}
     bool SegmentedCodeCache                       = true                                      {product} {ergonomic}
     bool UseCompressedClassPointers               = true                                 {lp64_product} {ergonomic}
     bool UseCompressedOops                        = true                                 {lp64_product} {ergonomic}
     bool UseG1GC                                  = true                                      {product} {ergonomic}

Logging:
Log output configuration:
 #0: stdout all=warning uptime,level,tags
 #1: stderr all=off uptime,level,tags

Environment Variables:
PATH=/usr/local/sbin:/usr/local/bin:/usr/sbin:/usr/bin:/sbin:/bin:/usr/games:/usr/local/games:/snap/bin:/snap/bin
USERNAME=ubuntu
SHELL=/bin/bash
DISPLAY=:0
LANG=zh_CN.UTF-8

Signal Handlers:
SIGSEGV: [libjvm.so+0xead700], sa_mask[0]=11111111011111111101111111111110, sa_flags=SA_RESTART|SA_SIGINFO
SIGBUS: [libjvm.so+0xead700], sa_mask[0]=11111111011111111101111111111110, sa_flags=SA_RESTART|SA_SIGINFO
SIGFPE: [libjvm.so+0xead700], sa_mask[0]=11111111011111111101111111111110, sa_flags=SA_RESTART|SA_SIGINFO
SIGPIPE: [libjvm.so+0xbefa50], sa_mask[0]=11111111011111111101111111111110, sa_flags=SA_RESTART|SA_SIGINFO
SIGXFSZ: [libjvm.so+0xbefa50], sa_mask[0]=11111111011111111101111111111110, sa_flags=SA_RESTART|SA_SIGINFO
SIGILL: [libjvm.so+0xead700], sa_mask[0]=11111111011111111101111111111110, sa_flags=SA_RESTART|SA_SIGINFO
SIGUSR2: [libjvm.so+0xbef8f0], sa_mask[0]=00100000000000000000000000000000, sa_flags=SA_RESTART|SA_SIGINFO
SIGHUP: [libjvm.so+0xbf00b0], sa_mask[0]=11111111011111111101111111111110, sa_flags=SA_RESTART|SA_SIGINFO
SIGINT: [libjvm.so+0xbf00b0], sa_mask[0]=11111111011111111101111111111110, sa_flags=SA_RESTART|SA_SIGINFO
SIGTERM: [libjvm.so+0xbf00b0], sa_mask[0]=11111111011111111101111111111110, sa_flags=SA_RESTART|SA_SIGINFO
SIGQUIT: [libjvm.so+0xbf00b0], sa_mask[0]=11111111011111111101111111111110, sa_flags=SA_RESTART|SA_SIGINFO


---------------  S Y S T E M  ---------------

OS:DISTRIB_ID=Ubuntu
DISTRIB_RELEASE=22.10
DISTRIB_CODENAME=kinetic
DISTRIB_DESCRIPTION="Ubuntu 22.10"
uname:Linux 6.5.0-21-generic #21~22.04.1-Ubuntu SMP PREEMPT_DYNAMIC Fri Feb  9 13:32:52 UTC 2 x86_64
OS uptime: 0 days 4:13 hours
libc:glibc 2.35 NPTL 2.35 
rlimit (soft/hard): STACK 8192k/infinity , CORE 0k/infinity , NPROC 15188/15188 , NOFILE 1048576/1048576 , AS infinity/infinity , CPU infinity/infinity , DATA infinity/infinity , FSIZE infinity/infinity , MEMLOCK 495444k/495444k
load average:6.03 2.53 1.24

/proc/meminfo:
MemTotal:        3963576 kB
MemFree:          651124 kB
MemAvailable:    1427528 kB
Buffers:           11220 kB
Cached:           927076 kB
SwapCached:        75592 kB
Active:          1839508 kB
Inactive:         847592 kB
Active(anon):    1375044 kB
Inactive(anon):   373900 kB
Active(file):     464464 kB
Inactive(file):   473692 kB
Unevictable:          16 kB
Mlocked:              16 kB
SwapTotal:       3991548 kB
SwapFree:        2519216 kB
Zswap:                 0 kB
Zswapped:              0 kB
Dirty:             12576 kB
Writeback:             0 kB
AnonPages:       1732020 kB
Mapped:           273148 kB
Shmem:               140 kB
KReclaimable:      85432 kB
Slab:             243716 kB
SReclaimable:      85432 kB
SUnreclaim:       158284 kB
KernelStack:       12800 kB
PageTables:        23948 kB
SecPageTables:         0 kB
NFS_Unstable:          0 kB
Bounce:                0 kB
WritebackTmp:          0 kB
CommitLimit:     5973336 kB
Committed_AS:    5502212 kB
VmallocTotal:   34359738367 kB
VmallocUsed:       43536 kB
VmallocChunk:          0 kB
Percpu:           102912 kB
HardwareCorrupted:     0 kB
AnonHugePages:         0 kB
ShmemHugePages:        0 kB
ShmemPmdMapped:        0 kB
FileHugePages:         0 kB
FilePmdMapped:         0 kB
Unaccepted:            0 kB
HugePages_Total:       0
HugePages_Free:        0
HugePages_Rsvd:        0
HugePages_Surp:        0
Hugepagesize:       2048 kB
Hugetlb:               0 kB
DirectMap4k:      165696 kB
DirectMap2M:     2979840 kB
DirectMap1G:     3145728 kB

/sys/kernel/mm/transparent_hugepage/enabled:
always [madvise] never
/sys/kernel/mm/transparent_hugepage/defrag (defrag/compaction efforts parameter):
always defer defer+madvise [madvise] never

Process Memory:
Virtual Size: 3868404K (peak: 12378248K)
Resident Set Size: 96916K (peak: 96916K) (anon: 38672K, file: 58244K, shmem: 0K)
Swapped out: 0K
C-Heap outstanding allocations: 18981K, retained: 2354K
glibc malloc tunables: (default)

/proc/sys/kernel/threads-max (system-wide limit on the number of threads):
30377
/proc/sys/vm/max_map_count (maximum number of memory map areas a process may have):
65530
/proc/sys/kernel/pid_max (system-wide limit on number of process identifiers):
4194304

container (cgroup) information:
container_type: cgroupv2
cpu_cpuset_cpus: not supported
cpu_memory_nodes: not supported
active_processor_count: 4
cpu_quota: not supported
cpu_period: not supported
cpu_shares: not supported
memory_limit_in_bytes: unlimited
memory_and_swap_limit_in_bytes: unlimited
memory_soft_limit_in_bytes: unlimited
memory_usage_in_bytes: 2247108 k
memory_max_usage_in_bytes: not supported
memory_swap_current_in_bytes: 961360 k
memory_swap_max_limit_in_bytes: unlimited
maximum number of tasks: 4556
current number of tasks: 132

VMWare virtualization detected
Steal ticks since vm start: 0
Steal ticks percentage since vm start:  0.000

CPU:total 4 (initial active 4) (1 cores per cpu, 1 threads per core) family 25 model 80 stepping 0 microcode 0xffffffff, cmov, cx8, fxsr, mmx, sse, sse2, sse3, ssse3, sse4.1, sse4.2, popcnt, avx, avx2, aes, clmul, erms, mmxext, lzcnt, sse4a, tsc, tscinvbit, tscinv, bmi1, bmi2, adx, sha, fma
CPU Model and flags from /proc/cpuinfo:
model name	: AMD Ryzen 5 5600H with Radeon Graphics
flags		: fpu vme de pse tsc msr pae mce cx8 apic sep mtrr pge mca cmov pat pse36 clflush mmx fxsr sse sse2 syscall nx mmxext pdpe1gb rdtscp lm constant_tsc rep_good nopl tsc_reliable nonstop_tsc cpuid extd_apicid tsc_known_freq pni pclmulqdq ssse3 fma cx16 sse4_1 sse4_2 x2apic movbe popcnt aes xsave avx f16c rdrand hypervisor lahf_lm cr8_legacy abm sse4a misalignsse 3dnowprefetch osvw topoext ibpb vmmcall fsgsbase bmi1 avx2 smep bmi2 erms invpcid rdseed adx smap clflushopt clwb sha_ni xsaveopt xsavec xgetbv1 xsaves clzero arat umip vaes vpclmulqdq rdpid overflow_recov succor fsrm
Online cpus:
0-3
Offline cpus:
4-127
BIOS frequency limitation:
<Not Available>
Frequency switch latency (ns):
<Not Available>
Available cpu frequencies:
<Not Available>
Current governor:
<Not Available>
Core performance/turbo boost:
<Not Available>

Memory: 4k page, physical 3963576k(651124k free), swap 3991548k(2519216k free)

vm_info: OpenJDK 64-Bit Server VM (11.0.22+7-post-Ubuntu-0ubuntu222.04.1) for linux-amd64 JRE (11.0.22+7-post-Ubuntu-0ubuntu222.04.1), built on Feb  5 2024 20:45:01 by "unknown" with gcc 11.4.0

END.
