#
# A fatal error has been detected by the Java Runtime Environment:
#
#  SIGSEGV (0xb) at pc=0x00007fac9e02ca66, pid=45694, tid=45700
#
# JRE version: OpenJDK Runtime Environment (11.0.22+7) (build 11.0.22+7-post-Ubuntu-0ubuntu222.04.1)
# Java VM: OpenJDK 64-Bit Server VM (11.0.22+7-post-Ubuntu-0ubuntu222.04.1, mixed mode, sharing, tiered, compressed oops, g1 gc, linux-amd64)
# Problematic frame:
# C  [libLLVM-13.so+0xc2ca66]  LLVMBuildStore+0x26
#
# Core dump will be written. Default location: Core dumps may be processed with "/usr/share/apport/apport -p%p -s%s -c%c -d%d -P%P -u%u -g%g -- %E" (or dumping to /home/ubuntu/Lab/core.45694)
#
# If you would like to submit a bug report, please visit:
#   https://bugs.launchpad.net/ubuntu/+source/openjdk-lts
# The crash happened outside the Java Virtual Machine in native code.
# See problematic frame for where to report the bug.
#

---------------  S U M M A R Y ------------

Command Line: -javaagent:/home/ubuntu/software/idea-IU-233.14475.28/lib/idea_rt.jar=38159:/home/ubuntu/software/idea-IU-233.14475.28/bin -Dfile.encoding=UTF-8 Main tests/test1.c tests/Actual.ll

Host: AMD Ryzen 5 5600H with Radeon Graphics, 4 cores, 3G, Ubuntu 22.10
Time: Tue May 28 23:05:17 2024 CST elapsed time: 0.308468 seconds (0d 0h 0m 0s)

---------------  T H R E A D  ---------------

Current thread (0x00007fad0c016800):  JavaThread "main" [_thread_in_native, id=45700, stack(0x00007fad11f00000,0x00007fad12000000)]

Stack: [0x00007fad11f00000,0x00007fad12000000],  sp=0x00007fad11ffdb10,  free space=1014k
Native frames: (J=compiled Java code, A=aot compiled Java code, j=interpreted, Vv=VM code, C=native code)
C  [libLLVM-13.so+0xc2ca66]  LLVMBuildStore+0x26

Java frames: (J=compiled Java code, j=interpreted, Vv=VM code)
j  org.bytedeco.llvm.global.LLVM.LLVMBuildStore(Lorg/bytedeco/llvm/LLVM/LLVMBuilderRef;Lorg/bytedeco/llvm/LLVM/LLVMValueRef;Lorg/bytedeco/llvm/LLVM/LLVMValueRef;)Lorg/bytedeco/llvm/LLVM/LLVMValueRef;+0
j  myVisitor.visitVarDef(LSysYParser$VarDefContext;)Lorg/bytedeco/llvm/LLVM/LLVMValueRef;+146
j  myVisitor.visitVarDef(LSysYParser$VarDefContext;)Ljava/lang/Object;+2
j  SysYParser$VarDefContext.accept(Lorg/antlr/v4/runtime/tree/ParseTreeVisitor;)Ljava/lang/Object;+12
j  org.antlr.v4.runtime.tree.AbstractParseTreeVisitor.visitChildren(Lorg/antlr/v4/runtime/tree/RuleNode;)Ljava/lang/Object;+46
j  SysYParserBaseVisitor.visitVarDecl(LSysYParser$VarDeclContext;)Ljava/lang/Object;+2
j  SysYParser$VarDeclContext.accept(Lorg/antlr/v4/runtime/tree/ParseTreeVisitor;)Ljava/lang/Object;+12
j  org.antlr.v4.runtime.tree.AbstractParseTreeVisitor.visitChildren(Lorg/antlr/v4/runtime/tree/RuleNode;)Ljava/lang/Object;+46
j  SysYParserBaseVisitor.visitDecl(LSysYParser$DeclContext;)Ljava/lang/Object;+2
j  SysYParser$DeclContext.accept(Lorg/antlr/v4/runtime/tree/ParseTreeVisitor;)Ljava/lang/Object;+12
j  org.antlr.v4.runtime.tree.AbstractParseTreeVisitor.visitChildren(Lorg/antlr/v4/runtime/tree/RuleNode;)Ljava/lang/Object;+46
j  SysYParserBaseVisitor.visitBlockItem(LSysYParser$BlockItemContext;)Ljava/lang/Object;+2
j  SysYParser$BlockItemContext.accept(Lorg/antlr/v4/runtime/tree/ParseTreeVisitor;)Ljava/lang/Object;+12
j  org.antlr.v4.runtime.tree.AbstractParseTreeVisitor.visitChildren(Lorg/antlr/v4/runtime/tree/RuleNode;)Ljava/lang/Object;+46
j  myVisitor.visitBlock(LSysYParser$BlockContext;)Lorg/bytedeco/llvm/LLVM/LLVMValueRef;+9
j  myVisitor.visitBlock(LSysYParser$BlockContext;)Ljava/lang/Object;+2
j  SysYParser$BlockContext.accept(Lorg/antlr/v4/runtime/tree/ParseTreeVisitor;)Ljava/lang/Object;+12
j  org.antlr.v4.runtime.tree.AbstractParseTreeVisitor.visit(Lorg/antlr/v4/runtime/tree/ParseTree;)Ljava/lang/Object;+2
j  myVisitor.visitFuncDef(LSysYParser$FuncDefContext;)Lorg/bytedeco/llvm/LLVM/LLVMValueRef;+266
j  myVisitor.visitFuncDef(LSysYParser$FuncDefContext;)Ljava/lang/Object;+2
j  SysYParser$FuncDefContext.accept(Lorg/antlr/v4/runtime/tree/ParseTreeVisitor;)Ljava/lang/Object;+12
j  org.antlr.v4.runtime.tree.AbstractParseTreeVisitor.visitChildren(Lorg/antlr/v4/runtime/tree/RuleNode;)Ljava/lang/Object;+46
j  SysYParserBaseVisitor.visitCompUnit(LSysYParser$CompUnitContext;)Ljava/lang/Object;+2
j  SysYParser$CompUnitContext.accept(Lorg/antlr/v4/runtime/tree/ParseTreeVisitor;)Ljava/lang/Object;+12
j  org.antlr.v4.runtime.tree.AbstractParseTreeVisitor.visitChildren(Lorg/antlr/v4/runtime/tree/RuleNode;)Ljava/lang/Object;+46
j  SysYParserBaseVisitor.visitProgram(LSysYParser$ProgramContext;)Ljava/lang/Object;+2
j  SysYParser$ProgramContext.accept(Lorg/antlr/v4/runtime/tree/ParseTreeVisitor;)Ljava/lang/Object;+12
j  org.antlr.v4.runtime.tree.AbstractParseTreeVisitor.visit(Lorg/antlr/v4/runtime/tree/ParseTree;)Ljava/lang/Object;+2
j  Main.main([Ljava/lang/String;)V+79
v  ~StubRoutines::call_stub

siginfo: si_signo: 11 (SIGSEGV), si_code: 1 (SEGV_MAPERR), si_addr: 0x0000000000000000

Register to memory mapping:

RAX=0x00007fad0c412160 points into unknown readable memory: 0x000000000a000100 | 00 01 00 0a 00 00 00 00
RBX=0x0 is NULL
RCX=0x0 is NULL
RDX=0x00007fad0c4210a0 points into unknown readable memory: 0x00007fad0c418db0 | b0 8d 41 0c ad 7f 00 00
RSP=0x00007fad11ffdb10 is pointing into the stack for thread: 0x00007fad0c016800
RBP=0x00007fad0c3f0240 points into unknown readable memory: 0x00007fad0c3f0250 | 50 02 3f 0c ad 7f 00 00
RSI=0x0 is NULL
RDI=0x00007fad0c412090 points into unknown readable memory: 0x00007fad0c413640 | 40 36 41 0c ad 7f 00 00
R8 =0x00007fad11ffdc40 is pointing into the stack for thread: 0x00007fad0c016800
R9 =0x00000000c6bf8600 is an oop: org.bytedeco.llvm.LLVM.LLVMValueRef 
{0x00000000c6bf8600} - klass: 'org/bytedeco/llvm/LLVM/LLVMValueRef'
 - ---- fields (total size 6 words):
 - private 'deallocator' 'Lorg/bytedeco/javacpp/Pointer$Deallocator;' @12  NULL (0)
 - protected 'address' 'J' @16  140381211725984 (c4210a0 7fad)
 - protected 'position' 'J' @24  0 (0 0)
 - protected 'limit' 'J' @32  0 (0 0)
 - protected 'capacity' 'J' @40  0 (0 0)
R10=0x000000000000000c is an unknown value
R11=0x00007fad11eaaa84: <offset 0x00000000012aaa84> in /usr/lib/jvm/java-11-openjdk-amd64/lib/server/libjvm.so at 0x00007fad10c00000
R12=0x00007fad0c3f0240 points into unknown readable memory: 0x00007fad0c3f0250 | 50 02 3f 0c ad 7f 00 00
R13=0x0 is NULL
R14=0x00007fad0c4210a0 points into unknown readable memory: 0x00007fad0c418db0 | b0 8d 41 0c ad 7f 00 00
R15=0x00007fad0c4210a0 points into unknown readable memory: 0x00007fad0c418db0 | b0 8d 41 0c ad 7f 00 00


Registers:
RAX=0x00007fad0c412160, RBX=0x0000000000000000, RCX=0x0000000000000000, RDX=0x00007fad0c4210a0
RSP=0x00007fad11ffdb10, RBP=0x00007fad0c3f0240, RSI=0x0000000000000000, RDI=0x00007fad0c412090
R8 =0x00007fad11ffdc40, R9 =0x00000000c6bf8600, R10=0x000000000000000c, R11=0x00007fad11eaaa84
R12=0x00007fad0c3f0240, R13=0x0000000000000000, R14=0x00007fad0c4210a0, R15=0x00007fad0c4210a0
RIP=0x00007fac9e02ca66, EFLAGS=0x0000000000010202, CSGSFS=0x002b000000000033, ERR=0x0000000000000004
  TRAPNO=0x000000000000000e

Top of Stack: (sp=0x00007fad11ffdb10)
0x00007fad11ffdb10:   00007fad11ffdb38 00007fad11ffdb90
0x00007fad11ffdb20:   00007facf4609fc0 0000000000000000
0x00007fad11ffdb30:   00000000ffffffff 00000000c6bf8768
0x00007fad11ffdb40:   0000000000000000 00007fad0c016b48 

Instructions: (pc=0x00007fac9e02ca66)
0x00007fac9e02c966:   55 49 89 f5 be 01 01 00 00 41 54 55 48 89 fd 53
0x00007fac9e02c976:   48 83 ec 60 80 39 00 66 89 74 24 20 74 09 48 89
0x00007fac9e02c986:   0c 24 c6 44 24 20 03 48 8b 7d 30 e8 ea 14 fc ff
0x00007fac9e02c996:   48 89 c7 e8 62 46 0e 00 4c 89 ee 48 89 c7 e8 c7
0x00007fac9e02c9a6:   45 01 00 be 01 00 00 00 bf 40 00 00 00 89 c3 b8
0x00007fac9e02c9b6:   01 01 00 00 66 89 44 24 50 e8 bc 09 13 00 48 8d
0x00007fac9e02c9c6:   4c 24 30 41 89 d9 45 31 c0 48 83 ec 08 48 89 c7
0x00007fac9e02c9d6:   4c 89 f2 4c 89 ee 6a 00 49 89 c4 e8 3a 5c 09 00
0x00007fac9e02c9e6:   48 8b 7d 50 48 8b 4d 30 4c 89 e6 48 8d 54 24 10
0x00007fac9e02c9f6:   4c 8b 45 38 48 8b 07 ff 50 10 48 8b 5d 00 8b 6d
0x00007fac9e02ca06:   08 5a 59 48 c1 e5 04 48 01 dd 48 39 eb 74 1a 0f
0x00007fac9e02ca16:   1f 00 48 8b 53 08 8b 33 4c 89 e7 48 83 c3 10 e8
0x00007fac9e02ca26:   16 14 0e 00 48 39 dd 75 e9 48 83 c4 60 4c 89 e0
0x00007fac9e02ca36:   5b 5d 41 5c 41 5d 41 5e c3 90 41 56 49 89 d6 41
0x00007fac9e02ca46:   55 49 89 f5 41 54 55 48 89 fd 53 48 83 ec 30 48
0x00007fac9e02ca56:   8b 7f 30 e8 22 14 fc ff 48 89 c7 e8 9a 45 0e 00
0x00007fac9e02ca66:   49 8b 75 00 48 89 c7 e8 fe 44 01 00 be 02 00 00
0x00007fac9e02ca76:   00 bf 40 00 00 00 89 c3 b8 01 01 00 00 66 89 44
0x00007fac9e02ca86:   24 20 e8 f3 08 13 00 41 89 d8 45 31 c9 31 c9 48
0x00007fac9e02ca96:   89 c7 4c 89 f2 4c 89 ee 49 89 c4 e8 6a 62 09 00
0x00007fac9e02caa6:   48 8b 7d 50 48 8b 4d 30 48 89 e2 4c 8b 45 38 4c
0x00007fac9e02cab6:   89 e6 48 8b 07 ff 50 10 48 8b 5d 00 8b 6d 08 48
0x00007fac9e02cac6:   c1 e5 04 48 01 dd 48 39 eb 74 1e 0f 1f 80 00 00
0x00007fac9e02cad6:   00 00 48 8b 53 08 8b 33 4c 89 e7 48 83 c3 10 e8
0x00007fac9e02cae6:   56 13 0e 00 48 39 dd 75 e9 48 83 c4 30 4c 89 e0
0x00007fac9e02caf6:   5b 5d 41 5c 41 5d 41 5e c3 90 41 56 b8 01 01 00
0x00007fac9e02cb06:   00 41 55 41 89 f5 41 54 55 48 89 fd 53 48 83 ec
0x00007fac9e02cb16:   30 80 39 00 66 89 44 24 20 74 09 48 89 0c 24 c6
0x00007fac9e02cb26:   44 24 20 03 45 31 f6 85 d2 bf 40 00 00 00 41 0f
0x00007fac9e02cb36:   94 c6 31 f6 e8 41 08 13 00 48 8b 75 40 45 31 c0
0x00007fac9e02cb46:   44 89 f1 48 89 c7 44 89 ea 49 89 c4 e8 39 6f 09
0x00007fac9e02cb56:   00 48 8b 7d 50 48 8b 4d 30 48 89 e2 4c 8b 45 38 


Stack slot to memory mapping:
stack at sp + 0 slots: 0x00007fad11ffdb38 is pointing into the stack for thread: 0x00007fad0c016800
stack at sp + 1 slots: 0x00007fad11ffdb90 is pointing into the stack for thread: 0x00007fad0c016800
stack at sp + 2 slots: 0x00007facf4609fc0 is at code_begin+1664 in an Interpreter codelet
invoke return entry points  [0x00007facf4609940, 0x00007facf460a360]  2592 bytes
stack at sp + 3 slots: 0x0 is NULL
stack at sp + 4 slots: 0x00000000ffffffff is an unallocated location in the heap
stack at sp + 5 slots: 0x00000000c6bf8768 points into unknown readable memory: 0x0000000000000005 | 05 00 00 00 00 00 00 00
stack at sp + 6 slots: 0x0 is NULL
stack at sp + 7 slots: 0x00007fad0c016b48 points into unknown readable memory: 0x00007fad11e46b40 | 40 6b e4 11 ad 7f 00 00


---------------  P R O C E S S  ---------------

Threads class SMR info:
_java_thread_list=0x00007facc01aafb0, length=12, elements={
0x00007fad0c016800, 0x00007fad0c128000, 0x00007fad0c12a000, 0x00007fad0c12f800,
0x00007fad0c131800, 0x00007fad0c134000, 0x00007fad0c136000, 0x00007fad0c138000,
0x00007fad0c16e800, 0x00007fad0c227000, 0x00007fad0c242000, 0x00007facc01a9800
}

Java Threads: ( => current thread )
=>0x00007fad0c016800 JavaThread "main" [_thread_in_native, id=45700, stack(0x00007fad11f00000,0x00007fad12000000)]
  0x00007fad0c128000 JavaThread "Reference Handler" daemon [_thread_blocked, id=45711, stack(0x00007face71fb000,0x00007face72fb000)]
  0x00007fad0c12a000 JavaThread "Finalizer" daemon [_thread_blocked, id=45712, stack(0x00007face70fb000,0x00007face71fb000)]
  0x00007fad0c12f800 JavaThread "Signal Dispatcher" daemon [_thread_blocked, id=45716, stack(0x00007face6700000,0x00007face6800000)]
  0x00007fad0c131800 JavaThread "Service Thread" daemon [_thread_blocked, id=45718, stack(0x00007face6600000,0x00007face6700000)]
  0x00007fad0c134000 JavaThread "C2 CompilerThread0" daemon [_thread_blocked, id=45719, stack(0x00007face6500000,0x00007face6600000)]
  0x00007fad0c136000 JavaThread "C1 CompilerThread0" daemon [_thread_blocked, id=45721, stack(0x00007face6400000,0x00007face6500000)]
  0x00007fad0c138000 JavaThread "Sweeper thread" daemon [_thread_blocked, id=45722, stack(0x00007face6300000,0x00007face6400000)]
  0x00007fad0c16e800 JavaThread "Common-Cleaner" daemon [_thread_blocked, id=45723, stack(0x00007face6200000,0x00007face6300000)]
  0x00007fad0c227000 JavaThread "Monitor Ctrl-Break" daemon [_thread_in_native, id=45727, stack(0x00007face6100000,0x00007face6200000)]
  0x00007fad0c242000 JavaThread "JavaCPP Deallocator" daemon [_thread_blocked, id=45729, stack(0x00007face5eff000,0x00007face5fff000)]
  0x00007facc01a9800 JavaThread "C2 CompilerThread1" daemon [_thread_blocked, id=45730, stack(0x00007face5dff000,0x00007face5eff000)]

Other Threads:
  0x00007fad0c125800 VMThread "VM Thread" [stack: 0x00007face72fc000,0x00007face73fc000] [id=45710]
  0x00007fad0c229800 WatcherThread [stack: 0x00007face6000000,0x00007face6100000] [id=45728]
  0x00007fad0c02f800 GCTaskThread "GC Thread#0" [stack: 0x00007fad10615000,0x00007fad10715000] [id=45702]
  0x00007fad0c04a800 ConcurrentGCThread "G1 Main Marker" [stack: 0x00007fad0bf00000,0x00007fad0c000000] [id=45703]
  0x00007fad0c04c800 ConcurrentGCThread "G1 Conc#0" [stack: 0x00007facf4138000,0x00007facf4238000] [id=45704]
  0x00007fad0c090000 ConcurrentGCThread "G1 Refine#0" [stack: 0x00007face7cfe000,0x00007face7dfe000] [id=45705]
  0x00007fad0c092000 ConcurrentGCThread "G1 Young RemSet Sampling" [stack: 0x00007face7bfd000,0x00007face7cfd000] [id=45706]

Threads with active compile tasks:

VM state:not at safepoint (normal execution)

VM Mutex/Monitor currently owned by a thread: None

Heap address: 0x00000000c3800000, size: 968 MB, Compressed Oops mode: 32-bit
Narrow klass base: 0x0000000800000000, Narrow klass shift: 3
Compressed class space size: 1073741824 Address: 0x0000000840000000

Heap:
 garbage-first heap   total 65536K, used 9936K [0x00000000c3800000, 0x0000000100000000)
  region size 1024K, 11 young (11264K), 0 survivors (0K)
 Metaspace       used 3937K, capacity 6550K, committed 6656K, reserved 1056768K
  class space    used 433K, capacity 695K, committed 768K, reserved 1048576K
Heap Regions: E=young(eden), S=young(survivor), O=old, HS=humongous(starts), HC=humongous(continues), CS=collection set, F=free, A=archive, TAMS=top-at-mark-start (previous, next)
|   0|0x00000000c3800000, 0x00000000c3800000, 0x00000000c3900000|  0%| F|  |TAMS 0x00000000c3800000, 0x00000000c3800000| Untracked 
|   1|0x00000000c3900000, 0x00000000c3900000, 0x00000000c3a00000|  0%| F|  |TAMS 0x00000000c3900000, 0x00000000c3900000| Untracked 
|   2|0x00000000c3a00000, 0x00000000c3a00000, 0x00000000c3b00000|  0%| F|  |TAMS 0x00000000c3a00000, 0x00000000c3a00000| Untracked 
|   3|0x00000000c3b00000, 0x00000000c3b00000, 0x00000000c3c00000|  0%| F|  |TAMS 0x00000000c3b00000, 0x00000000c3b00000| Untracked 
|   4|0x00000000c3c00000, 0x00000000c3c00000, 0x00000000c3d00000|  0%| F|  |TAMS 0x00000000c3c00000, 0x00000000c3c00000| Untracked 
|   5|0x00000000c3d00000, 0x00000000c3d00000, 0x00000000c3e00000|  0%| F|  |TAMS 0x00000000c3d00000, 0x00000000c3d00000| Untracked 
|   6|0x00000000c3e00000, 0x00000000c3e00000, 0x00000000c3f00000|  0%| F|  |TAMS 0x00000000c3e00000, 0x00000000c3e00000| Untracked 
|   7|0x00000000c3f00000, 0x00000000c3f00000, 0x00000000c4000000|  0%| F|  |TAMS 0x00000000c3f00000, 0x00000000c3f00000| Untracked 
|   8|0x00000000c4000000, 0x00000000c4000000, 0x00000000c4100000|  0%| F|  |TAMS 0x00000000c4000000, 0x00000000c4000000| Untracked 
|   9|0x00000000c4100000, 0x00000000c4100000, 0x00000000c4200000|  0%| F|  |TAMS 0x00000000c4100000, 0x00000000c4100000| Untracked 
|  10|0x00000000c4200000, 0x00000000c4200000, 0x00000000c4300000|  0%| F|  |TAMS 0x00000000c4200000, 0x00000000c4200000| Untracked 
|  11|0x00000000c4300000, 0x00000000c4300000, 0x00000000c4400000|  0%| F|  |TAMS 0x00000000c4300000, 0x00000000c4300000| Untracked 
|  12|0x00000000c4400000, 0x00000000c4400000, 0x00000000c4500000|  0%| F|  |TAMS 0x00000000c4400000, 0x00000000c4400000| Untracked 
|  13|0x00000000c4500000, 0x00000000c4500000, 0x00000000c4600000|  0%| F|  |TAMS 0x00000000c4500000, 0x00000000c4500000| Untracked 
|  14|0x00000000c4600000, 0x00000000c4600000, 0x00000000c4700000|  0%| F|  |TAMS 0x00000000c4600000, 0x00000000c4600000| Untracked 
|  15|0x00000000c4700000, 0x00000000c4700000, 0x00000000c4800000|  0%| F|  |TAMS 0x00000000c4700000, 0x00000000c4700000| Untracked 
|  16|0x00000000c4800000, 0x00000000c4800000, 0x00000000c4900000|  0%| F|  |TAMS 0x00000000c4800000, 0x00000000c4800000| Untracked 
|  17|0x00000000c4900000, 0x00000000c4900000, 0x00000000c4a00000|  0%| F|  |TAMS 0x00000000c4900000, 0x00000000c4900000| Untracked 
|  18|0x00000000c4a00000, 0x00000000c4a00000, 0x00000000c4b00000|  0%| F|  |TAMS 0x00000000c4a00000, 0x00000000c4a00000| Untracked 
|  19|0x00000000c4b00000, 0x00000000c4b00000, 0x00000000c4c00000|  0%| F|  |TAMS 0x00000000c4b00000, 0x00000000c4b00000| Untracked 
|  20|0x00000000c4c00000, 0x00000000c4c00000, 0x00000000c4d00000|  0%| F|  |TAMS 0x00000000c4c00000, 0x00000000c4c00000| Untracked 
|  21|0x00000000c4d00000, 0x00000000c4d00000, 0x00000000c4e00000|  0%| F|  |TAMS 0x00000000c4d00000, 0x00000000c4d00000| Untracked 
|  22|0x00000000c4e00000, 0x00000000c4e00000, 0x00000000c4f00000|  0%| F|  |TAMS 0x00000000c4e00000, 0x00000000c4e00000| Untracked 
|  23|0x00000000c4f00000, 0x00000000c4f00000, 0x00000000c5000000|  0%| F|  |TAMS 0x00000000c4f00000, 0x00000000c4f00000| Untracked 
|  24|0x00000000c5000000, 0x00000000c5000000, 0x00000000c5100000|  0%| F|  |TAMS 0x00000000c5000000, 0x00000000c5000000| Untracked 
|  25|0x00000000c5100000, 0x00000000c5100000, 0x00000000c5200000|  0%| F|  |TAMS 0x00000000c5100000, 0x00000000c5100000| Untracked 
|  26|0x00000000c5200000, 0x00000000c5200000, 0x00000000c5300000|  0%| F|  |TAMS 0x00000000c5200000, 0x00000000c5200000| Untracked 
|  27|0x00000000c5300000, 0x00000000c5300000, 0x00000000c5400000|  0%| F|  |TAMS 0x00000000c5300000, 0x00000000c5300000| Untracked 
|  28|0x00000000c5400000, 0x00000000c5400000, 0x00000000c5500000|  0%| F|  |TAMS 0x00000000c5400000, 0x00000000c5400000| Untracked 
|  29|0x00000000c5500000, 0x00000000c5500000, 0x00000000c5600000|  0%| F|  |TAMS 0x00000000c5500000, 0x00000000c5500000| Untracked 
|  30|0x00000000c5600000, 0x00000000c5600000, 0x00000000c5700000|  0%| F|  |TAMS 0x00000000c5600000, 0x00000000c5600000| Untracked 
|  31|0x00000000c5700000, 0x00000000c5700000, 0x00000000c5800000|  0%| F|  |TAMS 0x00000000c5700000, 0x00000000c5700000| Untracked 
|  32|0x00000000c5800000, 0x00000000c5800000, 0x00000000c5900000|  0%| F|  |TAMS 0x00000000c5800000, 0x00000000c5800000| Untracked 
|  33|0x00000000c5900000, 0x00000000c5900000, 0x00000000c5a00000|  0%| F|  |TAMS 0x00000000c5900000, 0x00000000c5900000| Untracked 
|  34|0x00000000c5a00000, 0x00000000c5a00000, 0x00000000c5b00000|  0%| F|  |TAMS 0x00000000c5a00000, 0x00000000c5a00000| Untracked 
|  35|0x00000000c5b00000, 0x00000000c5b00000, 0x00000000c5c00000|  0%| F|  |TAMS 0x00000000c5b00000, 0x00000000c5b00000| Untracked 
|  36|0x00000000c5c00000, 0x00000000c5c00000, 0x00000000c5d00000|  0%| F|  |TAMS 0x00000000c5c00000, 0x00000000c5c00000| Untracked 
|  37|0x00000000c5d00000, 0x00000000c5d00000, 0x00000000c5e00000|  0%| F|  |TAMS 0x00000000c5d00000, 0x00000000c5d00000| Untracked 
|  38|0x00000000c5e00000, 0x00000000c5e00000, 0x00000000c5f00000|  0%| F|  |TAMS 0x00000000c5e00000, 0x00000000c5e00000| Untracked 
|  39|0x00000000c5f00000, 0x00000000c5f00000, 0x00000000c6000000|  0%| F|  |TAMS 0x00000000c5f00000, 0x00000000c5f00000| Untracked 
|  40|0x00000000c6000000, 0x00000000c6000000, 0x00000000c6100000|  0%| F|  |TAMS 0x00000000c6000000, 0x00000000c6000000| Untracked 
|  41|0x00000000c6100000, 0x00000000c6100000, 0x00000000c6200000|  0%| F|  |TAMS 0x00000000c6100000, 0x00000000c6100000| Untracked 
|  42|0x00000000c6200000, 0x00000000c6200000, 0x00000000c6300000|  0%| F|  |TAMS 0x00000000c6200000, 0x00000000c6200000| Untracked 
|  43|0x00000000c6300000, 0x00000000c6300000, 0x00000000c6400000|  0%| F|  |TAMS 0x00000000c6300000, 0x00000000c6300000| Untracked 
|  44|0x00000000c6400000, 0x00000000c6400000, 0x00000000c6500000|  0%| F|  |TAMS 0x00000000c6400000, 0x00000000c6400000| Untracked 
|  45|0x00000000c6500000, 0x00000000c6500000, 0x00000000c6600000|  0%| F|  |TAMS 0x00000000c6500000, 0x00000000c6500000| Untracked 
|  46|0x00000000c6600000, 0x00000000c6600000, 0x00000000c6700000|  0%| F|  |TAMS 0x00000000c6600000, 0x00000000c6600000| Untracked 
|  47|0x00000000c6700000, 0x00000000c6700000, 0x00000000c6800000|  0%| F|  |TAMS 0x00000000c6700000, 0x00000000c6700000| Untracked 
|  48|0x00000000c6800000, 0x00000000c6800000, 0x00000000c6900000|  0%| F|  |TAMS 0x00000000c6800000, 0x00000000c6800000| Untracked 
|  49|0x00000000c6900000, 0x00000000c6900000, 0x00000000c6a00000|  0%| F|  |TAMS 0x00000000c6900000, 0x00000000c6900000| Untracked 
|  50|0x00000000c6a00000, 0x00000000c6a00000, 0x00000000c6b00000|  0%| F|  |TAMS 0x00000000c6a00000, 0x00000000c6a00000| Untracked 
|  51|0x00000000c6b00000, 0x00000000c6c00000, 0x00000000c6c00000|100%| E|  |TAMS 0x00000000c6b00000, 0x00000000c6b00000| Complete 
|  52|0x00000000c6c00000, 0x00000000c6d00000, 0x00000000c6d00000|100%| E|CS|TAMS 0x00000000c6c00000, 0x00000000c6c00000| Complete 
|  53|0x00000000c6d00000, 0x00000000c6e00000, 0x00000000c6e00000|100%| E|CS|TAMS 0x00000000c6d00000, 0x00000000c6d00000| Complete 
|  54|0x00000000c6e00000, 0x00000000c6f00000, 0x00000000c6f00000|100%| E|CS|TAMS 0x00000000c6e00000, 0x00000000c6e00000| Complete 
|  55|0x00000000c6f00000, 0x00000000c7000000, 0x00000000c7000000|100%| E|CS|TAMS 0x00000000c6f00000, 0x00000000c6f00000| Complete 
|  56|0x00000000c7000000, 0x00000000c7100000, 0x00000000c7100000|100%| E|CS|TAMS 0x00000000c7000000, 0x00000000c7000000| Complete 
|  57|0x00000000c7100000, 0x00000000c7200000, 0x00000000c7200000|100%| E|CS|TAMS 0x00000000c7100000, 0x00000000c7100000| Complete 
|  58|0x00000000c7200000, 0x00000000c7300000, 0x00000000c7300000|100%| E|CS|TAMS 0x00000000c7200000, 0x00000000c7200000| Complete 
|  59|0x00000000c7300000, 0x00000000c7400000, 0x00000000c7400000|100%| E|  |TAMS 0x00000000c7300000, 0x00000000c7300000| Complete 
|  60|0x00000000c7400000, 0x00000000c7500000, 0x00000000c7500000|100%| E|CS|TAMS 0x00000000c7400000, 0x00000000c7400000| Complete 
|  61|0x00000000c7500000, 0x00000000c7600000, 0x00000000c7600000|100%| E|CS|TAMS 0x00000000c7500000, 0x00000000c7500000| Complete 
| 966|0x00000000ffe00000, 0x00000000ffe48000, 0x00000000fff00000| 28%|OA|  |TAMS 0x00000000ffe00000, 0x00000000ffe00000| Untracked 
| 967|0x00000000fff00000, 0x00000000fff6c000, 0x0000000100000000| 42%|CA|  |TAMS 0x00000000fff00000, 0x00000000fff00000| Untracked 

Card table byte_map: [0x00007facf441c000,0x00007facf4600000] _byte_map_base: 0x00007facf3e00000

Marking Bits (Prev, Next): (CMBitMap*) 0x00007fad0c045c68, (CMBitMap*) 0x00007fad0c045ca0
 Prev Bits: [0x00007facef0e0000, 0x00007facf0000000)
 Next Bits: [0x00007facee1c0000, 0x00007facef0e0000)

Polling page: 0x00007fad1228d000

Metaspace:

Usage:
  Non-class:      5.72 MB capacity,     3.42 MB ( 60%) used,     2.29 MB ( 40%) free+waste,     6.88 KB ( <1%) overhead. 
      Class:    695.00 KB capacity,   433.65 KB ( 62%) used,   257.60 KB ( 37%) free+waste,     3.75 KB ( <1%) overhead. 
       Both:      6.40 MB capacity,     3.85 MB ( 60%) used,     2.54 MB ( 40%) free+waste,    10.62 KB ( <1%) overhead. 

Virtual space:
  Non-class space:        8.00 MB reserved,       5.75 MB ( 72%) committed 
      Class space:        1.00 GB reserved,     768.00 KB ( <1%) committed 
             Both:        1.01 GB reserved,       6.50 MB ( <1%) committed 

Chunk freelists:
   Non-Class:  0 bytes
       Class:  9.00 KB
        Both:  9.00 KB

MaxMetaspaceSize: unlimited
CompressedClassSpaceSize: 1.00 GB
Initial GC threshold: 20.80 MB
Current GC threshold: 20.80 MB
CDS: on

CodeHeap 'non-profiled nmethods': size=120032Kb used=230Kb max_used=230Kb free=119801Kb
 bounds [0x00007facfc0c8000, 0x00007facfc338000, 0x00007fad03600000]
CodeHeap 'profiled nmethods': size=120032Kb used=1240Kb max_used=1240Kb free=118791Kb
 bounds [0x00007facf4b90000, 0x00007facf4e00000, 0x00007facfc0c8000]
CodeHeap 'non-nmethods': size=5696Kb used=1149Kb max_used=1169Kb free=4546Kb
 bounds [0x00007facf4600000, 0x00007facf4870000, 0x00007facf4b90000]
 total_blobs=1145 nmethods=736 adapters=323
 compilation: enabled
              stopped_count=0, restarted_count=0
 full_count=0

Compilation events (20 events):
Event: 0.306 Thread 0x00007fad0c136000 nmethod 717 0x00007facf4cc0810 code [0x00007facf4cc09c0, 0x00007facf4cc0af0]
Event: 0.306 Thread 0x00007fad0c136000  720       3       java.lang.invoke.MemberName::isConstructor (7 bytes)
Event: 0.306 Thread 0x00007fad0c136000 nmethod 720 0x00007facf4cc0b90 code [0x00007facf4cc0d40, 0x00007facf4cc0f90]
Event: 0.306 Thread 0x00007fad0c136000  713       3       jdk.internal.org.objectweb.asm.ClassWriter::put122 (15 bytes)
Event: 0.306 Thread 0x00007fad0c136000 nmethod 713 0x00007facf4cc1090 code [0x00007facf4cc1260, 0x00007facf4cc1410]
Event: 0.306 Thread 0x00007fad0c136000  726       1       java.lang.invoke.LambdaForm$Name::type (5 bytes)
Event: 0.306 Thread 0x00007fad0c136000 nmethod 726 0x00007facfc101210 code [0x00007facfc1013c0, 0x00007facfc101490]
Event: 0.306 Thread 0x00007fad0c136000  715       3       java.lang.invoke.LambdaForm::parameter (52 bytes)
Event: 0.306 Thread 0x00007fad0c136000 nmethod 715 0x00007facf4cc1510 code [0x00007facf4cc16c0, 0x00007facf4cc1810]
Event: 0.306 Thread 0x00007fad0c136000  730       3       java.util.ImmutableCollections$ListN::size (6 bytes)
Event: 0.306 Thread 0x00007fad0c136000 nmethod 730 0x00007facf4cc1910 code [0x00007facf4cc1ac0, 0x00007facf4cc1bf0]
Event: 0.306 Thread 0x00007fad0c136000  721       1       java.lang.invoke.MethodTypeForm::basicType (5 bytes)
Event: 0.306 Thread 0x00007fad0c136000 nmethod 721 0x00007facfc101510 code [0x00007facfc1016c0, 0x00007facfc101790]
Event: 0.306 Thread 0x00007fad0c136000  732       3       java.lang.invoke.LambdaForm$Name::useCount (42 bytes)
Event: 0.306 Thread 0x00007fad0c136000 nmethod 732 0x00007facf4cc1c90 code [0x00007facf4cc1e60, 0x00007facf4cc2170]
Event: 0.306 Thread 0x00007fad0c136000  734       3       java.lang.invoke.LambdaForm$NamedFunction::methodType (23 bytes)
Event: 0.306 Thread 0x00007fad0c136000 nmethod 734 0x00007facf4cc2290 code [0x00007facf4cc2460, 0x00007facf4cc26a0]
Event: 0.306 Thread 0x00007fad0c136000  733       3       java.lang.invoke.MemberName::getMethodOrFieldType (72 bytes)
Event: 0.307 Thread 0x00007fad0c136000 nmethod 733 0x00007facf4cc2790 code [0x00007facf4cc2b00, 0x00007facf4cc3e60]
Event: 0.307 Thread 0x00007fad0c136000  735       3       java.lang.invoke.InvokerBytecodeGenerator::emitImplicitConversion (159 bytes)

GC Heap History (0 events):
No events

Deoptimization events (20 events):
Event: 0.262 Thread 0x00007fad0c016800 DEOPT PACKING pc=0x00007facf4bc9e4f sp=0x00007fad11ffd040
Event: 0.262 Thread 0x00007fad0c016800 DEOPT UNPACKING pc=0x00007facf464a64a sp=0x00007fad11ffc4e8 mode 0
Event: 0.263 Thread 0x00007fad0c016800 DEOPT PACKING pc=0x00007facf4bc9e4f sp=0x00007fad11ffcfc0
Event: 0.263 Thread 0x00007fad0c016800 DEOPT UNPACKING pc=0x00007facf464a64a sp=0x00007fad11ffc468 mode 0
Event: 0.298 Thread 0x00007fad0c016800 Uncommon trap: trap_request=0xffffffc6 fr.pc=0x00007facfc0d1ba4 relative=0x0000000000000084
Event: 0.298 Thread 0x00007fad0c016800 Uncommon trap: reason=bimorphic_or_optimized_type_check action=maybe_recompile pc=0x00007facfc0d1ba4 method=java.util.AbstractCollection.isEmpty()Z @ 1 c2
Event: 0.298 Thread 0x00007fad0c016800 DEOPT PACKING pc=0x00007facfc0d1ba4 sp=0x00007fad11ffd290
Event: 0.298 Thread 0x00007fad0c016800 DEOPT UNPACKING pc=0x00007facf4649ea5 sp=0x00007fad11ffd240 mode 2
Event: 0.298 Thread 0x00007fad0c016800 Uncommon trap: trap_request=0xffffffc6 fr.pc=0x00007facfc0d1ba4 relative=0x0000000000000084
Event: 0.298 Thread 0x00007fad0c016800 Uncommon trap: reason=bimorphic_or_optimized_type_check action=maybe_recompile pc=0x00007facfc0d1ba4 method=java.util.AbstractCollection.isEmpty()Z @ 1 c2
Event: 0.298 Thread 0x00007fad0c016800 DEOPT PACKING pc=0x00007facfc0d1ba4 sp=0x00007fad11ffd460
Event: 0.298 Thread 0x00007fad0c016800 DEOPT UNPACKING pc=0x00007facf4649ea5 sp=0x00007fad11ffd410 mode 2
Event: 0.299 Thread 0x00007fad0c016800 Uncommon trap: trap_request=0xffffffc6 fr.pc=0x00007facfc0d1ba4 relative=0x0000000000000084
Event: 0.299 Thread 0x00007fad0c016800 Uncommon trap: reason=bimorphic_or_optimized_type_check action=maybe_recompile pc=0x00007facfc0d1ba4 method=java.util.AbstractCollection.isEmpty()Z @ 1 c2
Event: 0.299 Thread 0x00007fad0c016800 DEOPT PACKING pc=0x00007facfc0d1ba4 sp=0x00007fad11ffd480
Event: 0.299 Thread 0x00007fad0c016800 DEOPT UNPACKING pc=0x00007facf4649ea5 sp=0x00007fad11ffd430 mode 2
Event: 0.299 Thread 0x00007fad0c016800 Uncommon trap: trap_request=0xffffffc6 fr.pc=0x00007facfc0d1ba4 relative=0x0000000000000084
Event: 0.299 Thread 0x00007fad0c016800 Uncommon trap: reason=bimorphic_or_optimized_type_check action=maybe_recompile pc=0x00007facfc0d1ba4 method=java.util.AbstractCollection.isEmpty()Z @ 1 c2
Event: 0.299 Thread 0x00007fad0c016800 DEOPT PACKING pc=0x00007facfc0d1ba4 sp=0x00007fad11ffd290
Event: 0.299 Thread 0x00007fad0c016800 DEOPT UNPACKING pc=0x00007facf4649ea5 sp=0x00007fad11ffd240 mode 2

Classes redefined (0 events):
No events

Internal exceptions (20 events):
Event: 0.104 Thread 0x00007fad0c016800 Exception <a 'java/security/PrivilegedActionException'{0x00000000c74edfb0}> (0x00000000c74edfb0) thrown at [./src/hotspot/share/prims/jvm.cpp, line 1304]
Event: 0.104 Thread 0x00007fad0c016800 Exception <a 'java/security/PrivilegedActionException'{0x00000000c74ee280}> (0x00000000c74ee280) thrown at [./src/hotspot/share/prims/jvm.cpp, line 1304]
Event: 0.104 Thread 0x00007fad0c016800 Exception <a 'java/security/PrivilegedActionException'{0x00000000c74eebf0}> (0x00000000c74eebf0) thrown at [./src/hotspot/share/prims/jvm.cpp, line 1304]
Event: 0.104 Thread 0x00007fad0c016800 Exception <a 'java/security/PrivilegedActionException'{0x00000000c74eeec0}> (0x00000000c74eeec0) thrown at [./src/hotspot/share/prims/jvm.cpp, line 1304]
Event: 0.104 Thread 0x00007fad0c016800 Exception <a 'java/security/PrivilegedActionException'{0x00000000c74ef830}> (0x00000000c74ef830) thrown at [./src/hotspot/share/prims/jvm.cpp, line 1304]
Event: 0.104 Thread 0x00007fad0c016800 Exception <a 'java/security/PrivilegedActionException'{0x00000000c74efb00}> (0x00000000c74efb00) thrown at [./src/hotspot/share/prims/jvm.cpp, line 1304]
Event: 0.104 Thread 0x00007fad0c016800 Exception <a 'java/security/PrivilegedActionException'{0x00000000c74f0488}> (0x00000000c74f0488) thrown at [./src/hotspot/share/prims/jvm.cpp, line 1304]
Event: 0.104 Thread 0x00007fad0c016800 Exception <a 'java/security/PrivilegedActionException'{0x00000000c74f0758}> (0x00000000c74f0758) thrown at [./src/hotspot/share/prims/jvm.cpp, line 1304]
Event: 0.104 Thread 0x00007fad0c016800 Exception <a 'java/security/PrivilegedActionException'{0x00000000c74f10e0}> (0x00000000c74f10e0) thrown at [./src/hotspot/share/prims/jvm.cpp, line 1304]
Event: 0.104 Thread 0x00007fad0c016800 Exception <a 'java/security/PrivilegedActionException'{0x00000000c74f13b0}> (0x00000000c74f13b0) thrown at [./src/hotspot/share/prims/jvm.cpp, line 1304]
Event: 0.105 Thread 0x00007fad0c016800 Exception <a 'java/security/PrivilegedActionException'{0x00000000c74f1d38}> (0x00000000c74f1d38) thrown at [./src/hotspot/share/prims/jvm.cpp, line 1304]
Event: 0.105 Thread 0x00007fad0c016800 Exception <a 'java/security/PrivilegedActionException'{0x00000000c74f2008}> (0x00000000c74f2008) thrown at [./src/hotspot/share/prims/jvm.cpp, line 1304]
Event: 0.105 Thread 0x00007fad0c016800 Exception <a 'java/security/PrivilegedActionException'{0x00000000c74f2978}> (0x00000000c74f2978) thrown at [./src/hotspot/share/prims/jvm.cpp, line 1304]
Event: 0.105 Thread 0x00007fad0c016800 Exception <a 'java/security/PrivilegedActionException'{0x00000000c74f2c48}> (0x00000000c74f2c48) thrown at [./src/hotspot/share/prims/jvm.cpp, line 1304]
Event: 0.105 Thread 0x00007fad0c016800 Exception <a 'java/security/PrivilegedActionException'{0x00000000c74f35d0}> (0x00000000c74f35d0) thrown at [./src/hotspot/share/prims/jvm.cpp, line 1304]
Event: 0.105 Thread 0x00007fad0c016800 Exception <a 'java/security/PrivilegedActionException'{0x00000000c74f38a0}> (0x00000000c74f38a0) thrown at [./src/hotspot/share/prims/jvm.cpp, line 1304]
Event: 0.125 Thread 0x00007fad0c016800 Exception <a 'java/lang/NoSuchMethodError'{0x00000000c7223598}: 'int java.lang.invoke.DirectMethodHandle$Holder.invokeStaticInit(java.lang.Object, java.lang.Object, java.lang.Object, java.lang.Object)'> (0x00000000c7223598) thrown at [./src/hotspot/share/interpreter/linkResolver.cpp, line 772]
Event: 0.126 Thread 0x00007fad0c016800 Exception <a 'java/lang/IncompatibleClassChangeError'{0x00000000c722d318}: Found class java.lang.Object, but interface was expected> (0x00000000c722d318) thrown at [./src/hotspot/share/interpreter/linkResolver.cpp, line 839]
Event: 0.126 Thread 0x00007fad0c016800 Exception <a 'java/lang/NoSuchMethodError'{0x00000000c72304c8}: 'void java.lang.invoke.DirectMethodHandle$Holder.invokeStaticInit(java.lang.Object, java.lang.Object)'> (0x00000000c72304c8) thrown at [./src/hotspot/share/interpreter/linkResolver.cpp, line 772]
Event: 0.127 Thread 0x00007fad0c016800 Exception <a 'java/lang/NoSuchMethodError'{0x00000000c72359b8}: 'int java.lang.invoke.DirectMethodHandle$Holder.invokeStaticInit(java.lang.Object, java.lang.Object)'> (0x00000000c72359b8) thrown at [./src/hotspot/share/interpreter/linkResolver.cpp, line 772]

Events (20 events):
Event: 0.294 loading class org/bytedeco/javacpp/PointerScope$1
Event: 0.294 loading class org/bytedeco/javacpp/PointerScope$1 done
Event: 0.296 Executing VM operation: Deoptimize
Event: 0.297 Executing VM operation: Deoptimize done
Event: 0.298 loading class java/lang/invoke/BoundMethodHandle$Species_LL
Event: 0.298 loading class java/lang/invoke/BoundMethodHandle$Species_LL done
Event: 0.299 loading class java/lang/invoke/BoundMethodHandle$Species_LLL
Event: 0.299 loading class java/lang/invoke/BoundMethodHandle$Species_LLL done
Event: 0.300 loading class java/lang/invoke/BoundMethodHandle$Species_LLLL
Event: 0.300 loading class java/lang/invoke/BoundMethodHandle$Species_LLLL done
Event: 0.301 loading class java/lang/invoke/BoundMethodHandle$Species_LLLLL
Event: 0.301 loading class java/lang/invoke/BoundMethodHandle$Species_LLLLL done
Event: 0.302 loading class java/lang/invoke/BoundMethodHandle$Species_LLLLLL
Event: 0.302 loading class java/lang/invoke/BoundMethodHandle$Species_LLLLLL done
Event: 0.303 loading class java/lang/invoke/BoundMethodHandle$Species_LLLLLLI
Event: 0.303 loading class java/lang/invoke/BoundMethodHandle$Species_LLLLLLI done
Event: 0.304 loading class java/lang/invoke/BoundMethodHandle$Species_LLLLLLII
Event: 0.304 loading class java/lang/invoke/BoundMethodHandle$Species_LLLLLLII done
Event: 0.305 loading class java/lang/invoke/BoundMethodHandle$Species_LLLLLLIIL
Event: 0.305 loading class java/lang/invoke/BoundMethodHandle$Species_LLLLLLIIL done


Dynamic libraries:
c3800000-c7600000 rw-p 00000000 00:00 0 
c7600000-ffe00000 ---p 00000000 00:00 0 
ffe00000-ffe48000 rw-p 00b14000 08:03 265562                             /usr/lib/jvm/java-11-openjdk-amd64/lib/server/classes.jsa
ffe48000-fff00000 rw-p 00000000 00:00 0 
fff00000-fff6c000 rw-p 00aa8000 08:03 265562                             /usr/lib/jvm/java-11-openjdk-amd64/lib/server/classes.jsa
fff6c000-100000000 rw-p 00000000 00:00 0 
800000000-800002000 rwxp 00001000 08:03 265562                           /usr/lib/jvm/java-11-openjdk-amd64/lib/server/classes.jsa
800002000-8003ce000 rw-p 00003000 08:03 265562                           /usr/lib/jvm/java-11-openjdk-amd64/lib/server/classes.jsa
8003ce000-800aa6000 r--p 003cf000 08:03 265562                           /usr/lib/jvm/java-11-openjdk-amd64/lib/server/classes.jsa
800aa6000-800aa7000 rw-p 00aa7000 08:03 265562                           /usr/lib/jvm/java-11-openjdk-amd64/lib/server/classes.jsa
840000000-8400c0000 rw-p 00000000 00:00 0 
8400c0000-880000000 ---p 00000000 00:00 0 
5614b3b39000-5614b3b3a000 r--p 00000000 08:03 265116                     /usr/lib/jvm/java-11-openjdk-amd64/bin/java
5614b3b3a000-5614b3b3b000 r-xp 00001000 08:03 265116                     /usr/lib/jvm/java-11-openjdk-amd64/bin/java
5614b3b3b000-5614b3b3c000 r--p 00002000 08:03 265116                     /usr/lib/jvm/java-11-openjdk-amd64/bin/java
5614b3b3c000-5614b3b3d000 r--p 00002000 08:03 265116                     /usr/lib/jvm/java-11-openjdk-amd64/bin/java
5614b3b3d000-5614b3b3e000 rw-p 00003000 08:03 265116                     /usr/lib/jvm/java-11-openjdk-amd64/bin/java
5614b5690000-5614b56b1000 rw-p 00000000 00:00 0                          [heap]
7fac9d400000-7fac9dd26000 r--p 00000000 08:03 1587749                    /home/ubuntu/.javacpp/cache/llvm-13.0.1-1.5.7-linux-x86_64.jar/org/bytedeco/llvm/linux-x86_64/libLLVM-13.so
7fac9dd26000-7faca16e9000 r-xp 00926000 08:03 1587749                    /home/ubuntu/.javacpp/cache/llvm-13.0.1-1.5.7-linux-x86_64.jar/org/bytedeco/llvm/linux-x86_64/libLLVM-13.so
7faca16e9000-7faca393e000 r--p 042e9000 08:03 1587749                    /home/ubuntu/.javacpp/cache/llvm-13.0.1-1.5.7-linux-x86_64.jar/org/bytedeco/llvm/linux-x86_64/libLLVM-13.so
7faca393e000-7faca3e53000 r--p 0653d000 08:03 1587749                    /home/ubuntu/.javacpp/cache/llvm-13.0.1-1.5.7-linux-x86_64.jar/org/bytedeco/llvm/linux-x86_64/libLLVM-13.so
7faca3e53000-7faca3e5e000 rw-p 06a52000 08:03 1587749                    /home/ubuntu/.javacpp/cache/llvm-13.0.1-1.5.7-linux-x86_64.jar/org/bytedeco/llvm/linux-x86_64/libLLVM-13.so
7faca3e5e000-7faca3ed4000 rw-p 00000000 00:00 0 
7faca4000000-7faca4021000 rw-p 00000000 00:00 0 
7faca4021000-7faca8000000 ---p 00000000 00:00 0 
7faca8000000-7faca8083000 rw-p 00000000 00:00 0 
7faca8083000-7facac000000 ---p 00000000 00:00 0 
7facac000000-7facac021000 rw-p 00000000 00:00 0 
7facac021000-7facb0000000 ---p 00000000 00:00 0 
7facb0000000-7facb0021000 rw-p 00000000 00:00 0 
7facb0021000-7facb4000000 ---p 00000000 00:00 0 
7facb4000000-7facb4021000 rw-p 00000000 00:00 0 
7facb4021000-7facb8000000 ---p 00000000 00:00 0 
7facb8000000-7facb8021000 rw-p 00000000 00:00 0 
7facb8021000-7facbc000000 ---p 00000000 00:00 0 
7facbc000000-7facbc3dc000 rw-p 00000000 00:00 0 
7facbc3dc000-7facc0000000 ---p 00000000 00:00 0 
7facc0000000-7facc034d000 rw-p 00000000 00:00 0 
7facc034d000-7facc4000000 ---p 00000000 00:00 0 
7facc4000000-7facc4021000 rw-p 00000000 00:00 0 
7facc4021000-7facc8000000 ---p 00000000 00:00 0 
7facc8000000-7facc8021000 rw-p 00000000 00:00 0 
7facc8021000-7faccc000000 ---p 00000000 00:00 0 
7faccc000000-7faccc021000 rw-p 00000000 00:00 0 
7faccc021000-7facd0000000 ---p 00000000 00:00 0 
7facd0000000-7facd0021000 rw-p 00000000 00:00 0 
7facd0021000-7facd4000000 ---p 00000000 00:00 0 
7facd4000000-7facd4021000 rw-p 00000000 00:00 0 
7facd4021000-7facd8000000 ---p 00000000 00:00 0 
7facd8000000-7facd8021000 rw-p 00000000 00:00 0 
7facd8021000-7facdc000000 ---p 00000000 00:00 0 
7facdc000000-7facdc021000 rw-p 00000000 00:00 0 
7facdc021000-7face0000000 ---p 00000000 00:00 0 
7face0000000-7face0021000 rw-p 00000000 00:00 0 
7face0021000-7face4000000 ---p 00000000 00:00 0 
7face5cf9000-7face5d5e000 r--p 00000000 08:03 1589997                    /home/ubuntu/.javacpp/cache/llvm-13.0.1-1.5.7-linux-x86_64.jar/org/bytedeco/llvm/linux-x86_64/libjniLLVM.so
7face5d5e000-7face5dcc000 r-xp 00065000 08:03 1589997                    /home/ubuntu/.javacpp/cache/llvm-13.0.1-1.5.7-linux-x86_64.jar/org/bytedeco/llvm/linux-x86_64/libjniLLVM.so
7face5dcc000-7face5df7000 r--p 000d3000 08:03 1589997                    /home/ubuntu/.javacpp/cache/llvm-13.0.1-1.5.7-linux-x86_64.jar/org/bytedeco/llvm/linux-x86_64/libjniLLVM.so
7face5df7000-7face5dfa000 r--p 000fd000 08:03 1589997                    /home/ubuntu/.javacpp/cache/llvm-13.0.1-1.5.7-linux-x86_64.jar/org/bytedeco/llvm/linux-x86_64/libjniLLVM.so
7face5dfa000-7face5dfd000 rw-p 00100000 08:03 1589997                    /home/ubuntu/.javacpp/cache/llvm-13.0.1-1.5.7-linux-x86_64.jar/org/bytedeco/llvm/linux-x86_64/libjniLLVM.so
7face5dfd000-7face5dff000 rw-p 00000000 00:00 0 
7face5dff000-7face5e03000 ---p 00000000 00:00 0 
7face5e03000-7face5eff000 rw-p 00000000 00:00 0 
7face5eff000-7face5f03000 ---p 00000000 00:00 0 
7face5f03000-7face5fff000 rw-p 00000000 00:00 0 
7face5fff000-7face6000000 ---p 00000000 00:00 0 
7face6000000-7face6100000 rw-p 00000000 00:00 0 
7face6100000-7face6104000 ---p 00000000 00:00 0 
7face6104000-7face6200000 rw-p 00000000 00:00 0 
7face6200000-7face6204000 ---p 00000000 00:00 0 
7face6204000-7face6300000 rw-p 00000000 00:00 0 
7face6300000-7face6304000 ---p 00000000 00:00 0 
7face6304000-7face6400000 rw-p 00000000 00:00 0 
7face6400000-7face6404000 ---p 00000000 00:00 0 
7face6404000-7face6500000 rw-p 00000000 00:00 0 
7face6500000-7face6504000 ---p 00000000 00:00 0 
7face6504000-7face6600000 rw-p 00000000 00:00 0 
7face6600000-7face6604000 ---p 00000000 00:00 0 
7face6604000-7face6700000 rw-p 00000000 00:00 0 
7face6700000-7face6704000 ---p 00000000 00:00 0 
7face6704000-7face6800000 rw-p 00000000 00:00 0 
7face6800000-7face7078000 r--p 00000000 08:03 2365202                    /usr/lib/locale/locale-archive
7face70fb000-7face70ff000 ---p 00000000 00:00 0 
7face70ff000-7face71fb000 rw-p 00000000 00:00 0 
7face71fb000-7face71ff000 ---p 00000000 00:00 0 
7face71ff000-7face72fb000 rw-p 00000000 00:00 0 
7face72fb000-7face72fc000 ---p 00000000 00:00 0 
7face72fc000-7face79bc000 rw-p 00000000 00:00 0 
7face79bc000-7face7bfc000 ---p 00000000 00:00 0 
7face7bfc000-7face7bfd000 ---p 00000000 00:00 0 
7face7bfd000-7face7cfd000 rw-p 00000000 00:00 0 
7face7cfd000-7face7cfe000 ---p 00000000 00:00 0 
7face7cfe000-7face8000000 rw-p 00000000 00:00 0 
7face8000000-7face8021000 rw-p 00000000 00:00 0 
7face8021000-7facec000000 ---p 00000000 00:00 0 
7facec0bf000-7facee2b8000 rw-p 00000000 00:00 0 
7facee2b8000-7facef0d8000 ---p 00000000 00:00 0 
7facef0d8000-7facef1d8000 rw-p 00000000 00:00 0 
7facef1d8000-7facefff8000 ---p 00000000 00:00 0 
7facefff8000-7facf0000000 rw-p 00000000 00:00 0 
7facf0000000-7facf0021000 rw-p 00000000 00:00 0 
7facf0021000-7facf4000000 ---p 00000000 00:00 0 
7facf4036000-7facf4137000 rw-p 00000000 00:00 0 
7facf4137000-7facf4138000 ---p 00000000 00:00 0 
7facf4138000-7facf4257000 rw-p 00000000 00:00 0 
7facf4257000-7facf441b000 ---p 00000000 00:00 0 
7facf441b000-7facf443b000 rw-p 00000000 00:00 0 
7facf443b000-7facf45ff000 ---p 00000000 00:00 0 
7facf45ff000-7facf4600000 rw-p 00000000 00:00 0 
7facf4600000-7facf4870000 rwxp 00000000 00:00 0 
7facf4870000-7facf4b90000 ---p 00000000 00:00 0 
7facf4b90000-7facf4e00000 rwxp 00000000 00:00 0 
7facf4e00000-7facfc0c8000 ---p 00000000 00:00 0 
7facfc0c8000-7facfc338000 rwxp 00000000 00:00 0 
7facfc338000-7fad03600000 ---p 00000000 00:00 0 
7fad03600000-7fad0be25000 r--s 00000000 08:03 265275                     /usr/lib/jvm/java-11-openjdk-amd64/lib/modules
7fad0beff000-7fad0bf00000 ---p 00000000 00:00 0 
7fad0bf00000-7fad0c000000 rw-p 00000000 00:00 0 
7fad0c000000-7fad0c423000 rw-p 00000000 00:00 0 
7fad0c423000-7fad10000000 ---p 00000000 00:00 0 
7fad1000d000-7fad10014000 r--s 00000000 08:03 659244                     /usr/lib/x86_64-linux-gnu/gconv/gconv-modules.cache
7fad10014000-7fad10015000 r--p 00000000 08:03 1589995                    /home/ubuntu/.javacpp/cache/llvm-13.0.1-1.5.7-linux-x86_64.jar/org/bytedeco/llvm/linux-x86_64/libRemarks.so.13
7fad10015000-7fad10016000 r-xp 00001000 08:03 1589995                    /home/ubuntu/.javacpp/cache/llvm-13.0.1-1.5.7-linux-x86_64.jar/org/bytedeco/llvm/linux-x86_64/libRemarks.so.13
7fad10016000-7fad10017000 r--p 00002000 08:03 1589995                    /home/ubuntu/.javacpp/cache/llvm-13.0.1-1.5.7-linux-x86_64.jar/org/bytedeco/llvm/linux-x86_64/libRemarks.so.13
7fad10017000-7fad10018000 r--p 00002000 08:03 1589995                    /home/ubuntu/.javacpp/cache/llvm-13.0.1-1.5.7-linux-x86_64.jar/org/bytedeco/llvm/linux-x86_64/libRemarks.so.13
7fad10018000-7fad10019000 rw-p 00003000 08:03 1589995                    /home/ubuntu/.javacpp/cache/llvm-13.0.1-1.5.7-linux-x86_64.jar/org/bytedeco/llvm/linux-x86_64/libRemarks.so.13
7fad10019000-7fad10020000 r--p 00000000 08:03 1587750                    /home/ubuntu/.javacpp/cache/llvm-13.0.1-1.5.7-linux-x86_64.jar/org/bytedeco/llvm/linux-x86_64/libLTO.so.13
7fad10020000-7fad10028000 r-xp 00007000 08:03 1587750                    /home/ubuntu/.javacpp/cache/llvm-13.0.1-1.5.7-linux-x86_64.jar/org/bytedeco/llvm/linux-x86_64/libLTO.so.13
7fad10028000-7fad1002a000 r--p 0000f000 08:03 1587750                    /home/ubuntu/.javacpp/cache/llvm-13.0.1-1.5.7-linux-x86_64.jar/org/bytedeco/llvm/linux-x86_64/libLTO.so.13
7fad1002a000-7fad1002b000 r--p 00010000 08:03 1587750                    /home/ubuntu/.javacpp/cache/llvm-13.0.1-1.5.7-linux-x86_64.jar/org/bytedeco/llvm/linux-x86_64/libLTO.so.13
7fad1002b000-7fad1002c000 rw-p 00011000 08:03 1587750                    /home/ubuntu/.javacpp/cache/llvm-13.0.1-1.5.7-linux-x86_64.jar/org/bytedeco/llvm/linux-x86_64/libLTO.so.13
7fad1002c000-7fad1004b000 rw-p 00000000 00:00 0 
7fad1004b000-7fad1020f000 ---p 00000000 00:00 0 
7fad1020f000-7fad10614000 rw-p 00000000 00:00 0 
7fad10614000-7fad10615000 ---p 00000000 00:00 0 
7fad10615000-7fad1071a000 rw-p 00000000 00:00 0 
7fad1071a000-7fad10800000 ---p 00000000 00:00 0 
7fad10800000-7fad1089a000 r--p 00000000 08:03 2360832                    /usr/lib/x86_64-linux-gnu/libstdc++.so.6.0.30
7fad1089a000-7fad109ab000 r-xp 0009a000 08:03 2360832                    /usr/lib/x86_64-linux-gnu/libstdc++.so.6.0.30
7fad109ab000-7fad10a1a000 r--p 001ab000 08:03 2360832                    /usr/lib/x86_64-linux-gnu/libstdc++.so.6.0.30
7fad10a1a000-7fad10a1b000 ---p 0021a000 08:03 2360832                    /usr/lib/x86_64-linux-gnu/libstdc++.so.6.0.30
7fad10a1b000-7fad10a26000 r--p 0021a000 08:03 2360832                    /usr/lib/x86_64-linux-gnu/libstdc++.so.6.0.30
7fad10a26000-7fad10a29000 rw-p 00225000 08:03 2360832                    /usr/lib/x86_64-linux-gnu/libstdc++.so.6.0.30
7fad10a29000-7fad10a2c000 rw-p 00000000 00:00 0 
7fad10a2f000-7fad10a30000 r--p 00000000 08:03 2361439                    /usr/lib/x86_64-linux-gnu/libdl.so.2
7fad10a30000-7fad10a31000 r-xp 00001000 08:03 2361439                    /usr/lib/x86_64-linux-gnu/libdl.so.2
7fad10a31000-7fad10a32000 r--p 00002000 08:03 2361439                    /usr/lib/x86_64-linux-gnu/libdl.so.2
7fad10a32000-7fad10a33000 r--p 00002000 08:03 2361439                    /usr/lib/x86_64-linux-gnu/libdl.so.2
7fad10a33000-7fad10a34000 rw-p 00003000 08:03 2361439                    /usr/lib/x86_64-linux-gnu/libdl.so.2
7fad10a34000-7fad10a35000 r--p 00000000 08:03 2361473                    /usr/lib/x86_64-linux-gnu/libpthread.so.0
7fad10a35000-7fad10a36000 r-xp 00001000 08:03 2361473                    /usr/lib/x86_64-linux-gnu/libpthread.so.0
7fad10a36000-7fad10a37000 r--p 00002000 08:03 2361473                    /usr/lib/x86_64-linux-gnu/libpthread.so.0
7fad10a37000-7fad10a38000 r--p 00002000 08:03 2361473                    /usr/lib/x86_64-linux-gnu/libpthread.so.0
7fad10a38000-7fad10a39000 rw-p 00003000 08:03 2361473                    /usr/lib/x86_64-linux-gnu/libpthread.so.0
7fad10a39000-7fad10b1a000 rw-p 00000000 00:00 0 
7fad10b1a000-7fad10c00000 ---p 00000000 00:00 0 
7fad10c00000-7fad10e82000 r--p 00000000 08:03 265280                     /usr/lib/jvm/java-11-openjdk-amd64/lib/server/libjvm.so
7fad10e82000-7fad11b20000 r-xp 00282000 08:03 265280                     /usr/lib/jvm/java-11-openjdk-amd64/lib/server/libjvm.so
7fad11b20000-7fad11d7c000 r--p 00f20000 08:03 265280                     /usr/lib/jvm/java-11-openjdk-amd64/lib/server/libjvm.so
7fad11d7c000-7fad11e40000 r--p 0117b000 08:03 265280                     /usr/lib/jvm/java-11-openjdk-amd64/lib/server/libjvm.so
7fad11e40000-7fad11e7b000 rw-p 0123f000 08:03 265280                     /usr/lib/jvm/java-11-openjdk-amd64/lib/server/libjvm.so
7fad11e7b000-7fad11ed2000 rw-p 00000000 00:00 0 
7fad11ed2000-7fad11ed6000 r--p 00000000 08:03 1587748                    /home/ubuntu/.javacpp/cache/javacpp-1.5.7-linux-x86_64.jar/org/bytedeco/javacpp/linux-x86_64/libjnijavacpp.so
7fad11ed6000-7fad11edd000 r-xp 00004000 08:03 1587748                    /home/ubuntu/.javacpp/cache/javacpp-1.5.7-linux-x86_64.jar/org/bytedeco/javacpp/linux-x86_64/libjnijavacpp.so
7fad11edd000-7fad11ee1000 r--p 0000b000 08:03 1587748                    /home/ubuntu/.javacpp/cache/javacpp-1.5.7-linux-x86_64.jar/org/bytedeco/javacpp/linux-x86_64/libjnijavacpp.so
7fad11ee1000-7fad11ee2000 r--p 0000e000 08:03 1587748                    /home/ubuntu/.javacpp/cache/javacpp-1.5.7-linux-x86_64.jar/org/bytedeco/javacpp/linux-x86_64/libjnijavacpp.so
7fad11ee2000-7fad11ee3000 rw-p 0000f000 08:03 1587748                    /home/ubuntu/.javacpp/cache/javacpp-1.5.7-linux-x86_64.jar/org/bytedeco/javacpp/linux-x86_64/libjnijavacpp.so
7fad11ee3000-7fad11ee4000 r--p 00000000 08:03 265247                     /usr/lib/jvm/java-11-openjdk-amd64/lib/libextnet.so
7fad11ee4000-7fad11ee5000 r-xp 00001000 08:03 265247                     /usr/lib/jvm/java-11-openjdk-amd64/lib/libextnet.so
7fad11ee5000-7fad11ee6000 r--p 00002000 08:03 265247                     /usr/lib/jvm/java-11-openjdk-amd64/lib/libextnet.so
7fad11ee6000-7fad11ee7000 r--p 00002000 08:03 265247                     /usr/lib/jvm/java-11-openjdk-amd64/lib/libextnet.so
7fad11ee7000-7fad11ee8000 rw-p 00003000 08:03 265247                     /usr/lib/jvm/java-11-openjdk-amd64/lib/libextnet.so
7fad11ee8000-7fad11eec000 r--p 00000000 08:03 265265                     /usr/lib/jvm/java-11-openjdk-amd64/lib/libnet.so
7fad11eec000-7fad11efa000 r-xp 00004000 08:03 265265                     /usr/lib/jvm/java-11-openjdk-amd64/lib/libnet.so
7fad11efa000-7fad11efe000 r--p 00012000 08:03 265265                     /usr/lib/jvm/java-11-openjdk-amd64/lib/libnet.so
7fad11efe000-7fad11eff000 r--p 00015000 08:03 265265                     /usr/lib/jvm/java-11-openjdk-amd64/lib/libnet.so
7fad11eff000-7fad11f00000 rw-p 00016000 08:03 265265                     /usr/lib/jvm/java-11-openjdk-amd64/lib/libnet.so
7fad11f00000-7fad11f04000 ---p 00000000 00:00 0 
7fad11f04000-7fad12000000 rw-p 00000000 00:00 0 
7fad12000000-7fad12028000 r--p 00000000 08:03 2361426                    /usr/lib/x86_64-linux-gnu/libc.so.6
7fad12028000-7fad121bd000 r-xp 00028000 08:03 2361426                    /usr/lib/x86_64-linux-gnu/libc.so.6
7fad121bd000-7fad12215000 r--p 001bd000 08:03 2361426                    /usr/lib/x86_64-linux-gnu/libc.so.6
7fad12215000-7fad12216000 ---p 00215000 08:03 2361426                    /usr/lib/x86_64-linux-gnu/libc.so.6
7fad12216000-7fad1221a000 r--p 00215000 08:03 2361426                    /usr/lib/x86_64-linux-gnu/libc.so.6
7fad1221a000-7fad1221c000 rw-p 00219000 08:03 2361426                    /usr/lib/x86_64-linux-gnu/libc.so.6
7fad1221c000-7fad12229000 rw-p 00000000 00:00 0 
7fad1222b000-7fad12232000 r--p 00000000 08:03 265266                     /usr/lib/jvm/java-11-openjdk-amd64/lib/libnio.so
7fad12232000-7fad1223a000 r-xp 00007000 08:03 265266                     /usr/lib/jvm/java-11-openjdk-amd64/lib/libnio.so
7fad1223a000-7fad1223d000 r--p 0000f000 08:03 265266                     /usr/lib/jvm/java-11-openjdk-amd64/lib/libnio.so
7fad1223d000-7fad1223e000 r--p 00011000 08:03 265266                     /usr/lib/jvm/java-11-openjdk-amd64/lib/libnio.so
7fad1223e000-7fad1223f000 rw-p 00012000 08:03 265266                     /usr/lib/jvm/java-11-openjdk-amd64/lib/libnio.so
7fad1223f000-7fad12265000 rw-p 00000000 00:00 0 
7fad12265000-7fad1226c000 ---p 00000000 00:00 0 
7fad1226c000-7fad1226e000 r--p 00000000 08:03 265274                     /usr/lib/jvm/java-11-openjdk-amd64/lib/libzip.so
7fad1226e000-7fad12273000 r-xp 00002000 08:03 265274                     /usr/lib/jvm/java-11-openjdk-amd64/lib/libzip.so
7fad12273000-7fad12275000 r--p 00007000 08:03 265274                     /usr/lib/jvm/java-11-openjdk-amd64/lib/libzip.so
7fad12275000-7fad12276000 r--p 00008000 08:03 265274                     /usr/lib/jvm/java-11-openjdk-amd64/lib/libzip.so
7fad12276000-7fad12277000 rw-p 00009000 08:03 265274                     /usr/lib/jvm/java-11-openjdk-amd64/lib/libzip.so
7fad12277000-7fad1227f000 rw-s 00000000 08:03 393239                     /tmp/hsperfdata_ubuntu/45694
7fad1227f000-7fad12281000 r--p 00000000 08:03 265249                     /usr/lib/jvm/java-11-openjdk-amd64/lib/libinstrument.so
7fad12281000-7fad12288000 r-xp 00002000 08:03 265249                     /usr/lib/jvm/java-11-openjdk-amd64/lib/libinstrument.so
7fad12288000-7fad1228b000 r--p 00009000 08:03 265249                     /usr/lib/jvm/java-11-openjdk-amd64/lib/libinstrument.so
7fad1228b000-7fad1228c000 r--p 0000b000 08:03 265249                     /usr/lib/jvm/java-11-openjdk-amd64/lib/libinstrument.so
7fad1228c000-7fad1228d000 rw-p 0000c000 08:03 265249                     /usr/lib/jvm/java-11-openjdk-amd64/lib/libinstrument.so
7fad1228d000-7fad1228e000 ---p 00000000 00:00 0 
7fad1228e000-7fad1228f000 r--p 00000000 00:00 0 
7fad1228f000-7fad12291000 r--p 00000000 08:03 265257                     /usr/lib/jvm/java-11-openjdk-amd64/lib/libjimage.so
7fad12291000-7fad12294000 r-xp 00002000 08:03 265257                     /usr/lib/jvm/java-11-openjdk-amd64/lib/libjimage.so
7fad12294000-7fad12295000 r--p 00005000 08:03 265257                     /usr/lib/jvm/java-11-openjdk-amd64/lib/libjimage.so
7fad12295000-7fad12296000 ---p 00006000 08:03 265257                     /usr/lib/jvm/java-11-openjdk-amd64/lib/libjimage.so
7fad12296000-7fad12297000 r--p 00006000 08:03 265257                     /usr/lib/jvm/java-11-openjdk-amd64/lib/libjimage.so
7fad12297000-7fad12298000 rw-p 00007000 08:03 265257                     /usr/lib/jvm/java-11-openjdk-amd64/lib/libjimage.so
7fad12298000-7fad122a6000 r--p 00000000 08:03 265254                     /usr/lib/jvm/java-11-openjdk-amd64/lib/libjava.so
7fad122a6000-7fad122bc000 r-xp 0000e000 08:03 265254                     /usr/lib/jvm/java-11-openjdk-amd64/lib/libjava.so
7fad122bc000-7fad122c3000 r--p 00024000 08:03 265254                     /usr/lib/jvm/java-11-openjdk-amd64/lib/libjava.so
7fad122c3000-7fad122c4000 r--p 0002a000 08:03 265254                     /usr/lib/jvm/java-11-openjdk-amd64/lib/libjava.so
7fad122c4000-7fad122c5000 rw-p 0002b000 08:03 265254                     /usr/lib/jvm/java-11-openjdk-amd64/lib/libjava.so
7fad122c5000-7fad122c6000 rw-p 00000000 00:00 0 
7fad122c6000-7fad122c7000 r--p 00000000 08:03 2361484                    /usr/lib/x86_64-linux-gnu/librt.so.1
7fad122c7000-7fad122c8000 r-xp 00001000 08:03 2361484                    /usr/lib/x86_64-linux-gnu/librt.so.1
7fad122c8000-7fad122c9000 r--p 00002000 08:03 2361484                    /usr/lib/x86_64-linux-gnu/librt.so.1
7fad122c9000-7fad122ca000 r--p 00002000 08:03 2361484                    /usr/lib/x86_64-linux-gnu/librt.so.1
7fad122ca000-7fad122cb000 rw-p 00003000 08:03 2361484                    /usr/lib/x86_64-linux-gnu/librt.so.1
7fad122cb000-7fad122ce000 r--p 00000000 08:03 2359493                    /usr/lib/x86_64-linux-gnu/libgcc_s.so.1
7fad122ce000-7fad122e5000 r-xp 00003000 08:03 2359493                    /usr/lib/x86_64-linux-gnu/libgcc_s.so.1
7fad122e5000-7fad122e9000 r--p 0001a000 08:03 2359493                    /usr/lib/x86_64-linux-gnu/libgcc_s.so.1
7fad122e9000-7fad122ea000 r--p 0001d000 08:03 2359493                    /usr/lib/x86_64-linux-gnu/libgcc_s.so.1
7fad122ea000-7fad122eb000 rw-p 0001e000 08:03 2359493                    /usr/lib/x86_64-linux-gnu/libgcc_s.so.1
7fad122eb000-7fad122f9000 r--p 00000000 08:03 2361443                    /usr/lib/x86_64-linux-gnu/libm.so.6
7fad122f9000-7fad12375000 r-xp 0000e000 08:03 2361443                    /usr/lib/x86_64-linux-gnu/libm.so.6
7fad12375000-7fad123d0000 r--p 0008a000 08:03 2361443                    /usr/lib/x86_64-linux-gnu/libm.so.6
7fad123d0000-7fad123d1000 r--p 000e4000 08:03 2361443                    /usr/lib/x86_64-linux-gnu/libm.so.6
7fad123d1000-7fad123d2000 rw-p 000e5000 08:03 2361443                    /usr/lib/x86_64-linux-gnu/libm.so.6
7fad123d2000-7fad123d5000 rw-p 00000000 00:00 0 
7fad123d5000-7fad123d8000 r--p 00000000 08:03 265239                     /usr/lib/jvm/java-11-openjdk-amd64/lib/jli/libjli.so
7fad123d8000-7fad123e2000 r-xp 00003000 08:03 265239                     /usr/lib/jvm/java-11-openjdk-amd64/lib/jli/libjli.so
7fad123e2000-7fad123e5000 r--p 0000d000 08:03 265239                     /usr/lib/jvm/java-11-openjdk-amd64/lib/jli/libjli.so
7fad123e5000-7fad123e6000 ---p 00010000 08:03 265239                     /usr/lib/jvm/java-11-openjdk-amd64/lib/jli/libjli.so
7fad123e6000-7fad123e7000 r--p 00010000 08:03 265239                     /usr/lib/jvm/java-11-openjdk-amd64/lib/jli/libjli.so
7fad123e7000-7fad123e8000 rw-p 00011000 08:03 265239                     /usr/lib/jvm/java-11-openjdk-amd64/lib/jli/libjli.so
7fad123e8000-7fad123ea000 r--p 00000000 08:03 2367120                    /usr/lib/x86_64-linux-gnu/libz.so.1.2.11
7fad123ea000-7fad123fc000 r-xp 00002000 08:03 2367120                    /usr/lib/x86_64-linux-gnu/libz.so.1.2.11
7fad123fc000-7fad12402000 r--p 00014000 08:03 2367120                    /usr/lib/x86_64-linux-gnu/libz.so.1.2.11
7fad12402000-7fad12403000 r--p 0001a000 08:03 2367120                    /usr/lib/x86_64-linux-gnu/libz.so.1.2.11
7fad12403000-7fad12404000 rw-p 0001b000 08:03 2367120                    /usr/lib/x86_64-linux-gnu/libz.so.1.2.11
7fad12404000-7fad12409000 r--p 00000000 08:03 265273                     /usr/lib/jvm/java-11-openjdk-amd64/lib/libverify.so
7fad12409000-7fad12410000 r-xp 00005000 08:03 265273                     /usr/lib/jvm/java-11-openjdk-amd64/lib/libverify.so
7fad12410000-7fad12412000 r--p 0000c000 08:03 265273                     /usr/lib/jvm/java-11-openjdk-amd64/lib/libverify.so
7fad12412000-7fad12414000 r--p 0000d000 08:03 265273                     /usr/lib/jvm/java-11-openjdk-amd64/lib/libverify.so
7fad12414000-7fad12415000 rw-p 0000f000 08:03 265273                     /usr/lib/jvm/java-11-openjdk-amd64/lib/libverify.so
7fad12415000-7fad12417000 rw-p 00000000 00:00 0 
7fad12417000-7fad12419000 r--p 00000000 08:03 2361301                    /usr/lib/x86_64-linux-gnu/ld-linux-x86-64.so.2
7fad12419000-7fad12443000 r-xp 00002000 08:03 2361301                    /usr/lib/x86_64-linux-gnu/ld-linux-x86-64.so.2
7fad12443000-7fad1244e000 r--p 0002c000 08:03 2361301                    /usr/lib/x86_64-linux-gnu/ld-linux-x86-64.so.2
7fad1244f000-7fad12451000 r--p 00037000 08:03 2361301                    /usr/lib/x86_64-linux-gnu/ld-linux-x86-64.so.2
7fad12451000-7fad12453000 rw-p 00039000 08:03 2361301                    /usr/lib/x86_64-linux-gnu/ld-linux-x86-64.so.2
7ffe1c143000-7ffe1c164000 rw-p 00000000 00:00 0                          [stack]
7ffe1c1b9000-7ffe1c1bd000 r--p 00000000 00:00 0                          [vvar]
7ffe1c1bd000-7ffe1c1bf000 r-xp 00000000 00:00 0                          [vdso]
ffffffffff600000-ffffffffff601000 --xp 00000000 00:00 0                  [vsyscall]


VM Arguments:
jvm_args: -javaagent:/home/ubuntu/software/idea-IU-233.14475.28/lib/idea_rt.jar=38159:/home/ubuntu/software/idea-IU-233.14475.28/bin -Dfile.encoding=UTF-8 
java_command: Main tests/test1.c tests/Actual.ll
java_class_path (initial): /home/ubuntu/Lab/out/production/Lab:/usr/local/lib/antlr-4.9.1-complete.jar:/usr/local/lib/javacpp-1.5.7-linux-x86_64.jar:/usr/local/lib/javacpp-1.5.7.jar:/usr/local/lib/llvm-13.0.1-1.5.7-linux-x86_64.jar:/usr/local/lib/llvm-13.0.1-1.5.7.jar:/usr/local/lib/llvm-platform-13.0.1-1.5.7.jar
Launcher Type: SUN_STANDARD

[Global flags]
     intx CICompilerCount                          = 3                                         {product} {ergonomic}
     uint ConcGCThreads                            = 1                                         {product} {ergonomic}
     uint G1ConcRefinementThreads                  = 4                                         {product} {ergonomic}
   size_t G1HeapRegionSize                         = 1048576                                   {product} {ergonomic}
    uintx GCDrainStackTargetSize                   = 64                                        {product} {ergonomic}
   size_t InitialHeapSize                          = 65011712                                  {product} {ergonomic}
   size_t MarkStackSize                            = 4194304                                   {product} {ergonomic}
   size_t MaxHeapSize                              = 1015021568                                {product} {ergonomic}
   size_t MaxNewSize                               = 608174080                                 {product} {ergonomic}
   size_t MinHeapDeltaBytes                        = 1048576                                   {product} {ergonomic}
    uintx NonNMethodCodeHeapSize                   = 5830732                                {pd product} {ergonomic}
    uintx NonProfiledCodeHeapSize                  = 122913754                              {pd product} {ergonomic}
    uintx ProfiledCodeHeapSize                     = 122913754                              {pd product} {ergonomic}
    uintx ReservedCodeCacheSize                    = 251658240                              {pd product} {ergonomic}
     bool SegmentedCodeCache                       = true                                      {product} {ergonomic}
     bool UseCompressedClassPointers               = true                                 {lp64_product} {ergonomic}
     bool UseCompressedOops                        = true                                 {lp64_product} {ergonomic}
     bool UseG1GC                                  = true                                      {product} {ergonomic}

Logging:
Log output configuration:
 #0: stdout all=warning uptime,level,tags
 #1: stderr all=off uptime,level,tags

Environment Variables:
PATH=/usr/local/sbin:/usr/local/bin:/usr/sbin:/usr/bin:/sbin:/bin:/usr/games:/usr/local/games:/snap/bin:/snap/bin
USERNAME=ubuntu
SHELL=/bin/bash
DISPLAY=:0
LANG=zh_CN.UTF-8

Signal Handlers:
SIGSEGV: [libjvm.so+0xead700], sa_mask[0]=11111111011111111101111111111110, sa_flags=SA_RESTART|SA_SIGINFO
SIGBUS: [libjvm.so+0xead700], sa_mask[0]=11111111011111111101111111111110, sa_flags=SA_RESTART|SA_SIGINFO
SIGFPE: [libjvm.so+0xead700], sa_mask[0]=11111111011111111101111111111110, sa_flags=SA_RESTART|SA_SIGINFO
SIGPIPE: [libjvm.so+0xbefa50], sa_mask[0]=11111111011111111101111111111110, sa_flags=SA_RESTART|SA_SIGINFO
SIGXFSZ: [libjvm.so+0xbefa50], sa_mask[0]=11111111011111111101111111111110, sa_flags=SA_RESTART|SA_SIGINFO
SIGILL: [libjvm.so+0xead700], sa_mask[0]=11111111011111111101111111111110, sa_flags=SA_RESTART|SA_SIGINFO
SIGUSR2: [libjvm.so+0xbef8f0], sa_mask[0]=00100000000000000000000000000000, sa_flags=SA_RESTART|SA_SIGINFO
SIGHUP: [libjvm.so+0xbf00b0], sa_mask[0]=11111111011111111101111111111110, sa_flags=SA_RESTART|SA_SIGINFO
SIGINT: [libjvm.so+0xbf00b0], sa_mask[0]=11111111011111111101111111111110, sa_flags=SA_RESTART|SA_SIGINFO
SIGTERM: [libjvm.so+0xbf00b0], sa_mask[0]=11111111011111111101111111111110, sa_flags=SA_RESTART|SA_SIGINFO
SIGQUIT: [libjvm.so+0xbf00b0], sa_mask[0]=11111111011111111101111111111110, sa_flags=SA_RESTART|SA_SIGINFO


---------------  S Y S T E M  ---------------

OS:DISTRIB_ID=Ubuntu
DISTRIB_RELEASE=22.10
DISTRIB_CODENAME=kinetic
DISTRIB_DESCRIPTION="Ubuntu 22.10"
uname:Linux 6.5.0-21-generic #21~22.04.1-Ubuntu SMP PREEMPT_DYNAMIC Fri Feb  9 13:32:52 UTC 2 x86_64
OS uptime: 0 days 10:24 hours
libc:glibc 2.35 NPTL 2.35 
rlimit (soft/hard): STACK 8192k/infinity , CORE 0k/infinity , NPROC 15188/15188 , NOFILE 1048576/1048576 , AS infinity/infinity , CPU infinity/infinity , DATA infinity/infinity , FSIZE infinity/infinity , MEMLOCK 495444k/495444k
load average:1.00 0.67 0.59

/proc/meminfo:
MemTotal:        3963576 kB
MemFree:          801824 kB
MemAvailable:    1091272 kB
Buffers:            4596 kB
Cached:           441144 kB
SwapCached:       144624 kB
Active:          1813324 kB
Inactive:         686016 kB
Active(anon):    1619456 kB
Inactive(anon):   434244 kB
Active(file):     193868 kB
Inactive(file):   251772 kB
Unevictable:          16 kB
Mlocked:              16 kB
SwapTotal:       3991548 kB
SwapFree:        2010408 kB
Zswap:                 0 kB
Zswapped:              0 kB
Dirty:              2648 kB
Writeback:             0 kB
AnonPages:       2018828 kB
Mapped:           195012 kB
Shmem:               100 kB
KReclaimable:      96552 kB
Slab:             260028 kB
SReclaimable:      96552 kB
SUnreclaim:       163476 kB
KernelStack:       13240 kB
PageTables:        25240 kB
SecPageTables:         0 kB
NFS_Unstable:          0 kB
Bounce:                0 kB
WritebackTmp:          0 kB
CommitLimit:     5973336 kB
Committed_AS:    6140588 kB
VmallocTotal:   34359738367 kB
VmallocUsed:       44104 kB
VmallocChunk:          0 kB
Percpu:           102912 kB
HardwareCorrupted:     0 kB
AnonHugePages:         0 kB
ShmemHugePages:        0 kB
ShmemPmdMapped:        0 kB
FileHugePages:         0 kB
FilePmdMapped:         0 kB
Unaccepted:            0 kB
HugePages_Total:       0
HugePages_Free:        0
HugePages_Rsvd:        0
HugePages_Surp:        0
Hugepagesize:       2048 kB
Hugetlb:               0 kB
DirectMap4k:      165696 kB
DirectMap2M:     2979840 kB
DirectMap1G:     3145728 kB

/sys/kernel/mm/transparent_hugepage/enabled:
always [madvise] never
/sys/kernel/mm/transparent_hugepage/defrag (defrag/compaction efforts parameter):
always defer defer+madvise [madvise] never

Process Memory:
Virtual Size: 3934964K (peak: 12378248K)
Resident Set Size: 96720K (peak: 96720K) (anon: 40212K, file: 56508K, shmem: 0K)
Swapped out: 0K
C-Heap outstanding allocations: 19934K, retained: 3013K
glibc malloc tunables: (default)

/proc/sys/kernel/threads-max (system-wide limit on the number of threads):
30377
/proc/sys/vm/max_map_count (maximum number of memory map areas a process may have):
65530
/proc/sys/kernel/pid_max (system-wide limit on number of process identifiers):
4194304

container (cgroup) information:
container_type: cgroupv2
cpu_cpuset_cpus: not supported
cpu_memory_nodes: not supported
active_processor_count: 4
cpu_quota: not supported
cpu_period: not supported
cpu_shares: not supported
memory_limit_in_bytes: unlimited
memory_and_swap_limit_in_bytes: unlimited
memory_soft_limit_in_bytes: unlimited
memory_usage_in_bytes: 2221936 k
memory_max_usage_in_bytes: not supported
memory_swap_current_in_bytes: 1439956 k
memory_swap_max_limit_in_bytes: unlimited
maximum number of tasks: 4556
current number of tasks: 145

VMWare virtualization detected
Steal ticks since vm start: 0
Steal ticks percentage since vm start:  0.000

CPU:total 4 (initial active 4) (1 cores per cpu, 1 threads per core) family 25 model 80 stepping 0 microcode 0xffffffff, cmov, cx8, fxsr, mmx, sse, sse2, sse3, ssse3, sse4.1, sse4.2, popcnt, avx, avx2, aes, clmul, erms, mmxext, lzcnt, sse4a, tsc, tscinvbit, tscinv, bmi1, bmi2, adx, sha, fma
CPU Model and flags from /proc/cpuinfo:
model name	: AMD Ryzen 5 5600H with Radeon Graphics
flags		: fpu vme de pse tsc msr pae mce cx8 apic sep mtrr pge mca cmov pat pse36 clflush mmx fxsr sse sse2 syscall nx mmxext pdpe1gb rdtscp lm constant_tsc rep_good nopl tsc_reliable nonstop_tsc cpuid extd_apicid tsc_known_freq pni pclmulqdq ssse3 fma cx16 sse4_1 sse4_2 x2apic movbe popcnt aes xsave avx f16c rdrand hypervisor lahf_lm cr8_legacy abm sse4a misalignsse 3dnowprefetch osvw topoext ibpb vmmcall fsgsbase bmi1 avx2 smep bmi2 erms invpcid rdseed adx smap clflushopt clwb sha_ni xsaveopt xsavec xgetbv1 xsaves clzero arat umip vaes vpclmulqdq rdpid overflow_recov succor fsrm
Online cpus:
0-3
Offline cpus:
4-127
BIOS frequency limitation:
<Not Available>
Frequency switch latency (ns):
<Not Available>
Available cpu frequencies:
<Not Available>
Current governor:
<Not Available>
Core performance/turbo boost:
<Not Available>

Memory: 4k page, physical 3963576k(801572k free), swap 3991548k(2010408k free)

vm_info: OpenJDK 64-Bit Server VM (11.0.22+7-post-Ubuntu-0ubuntu222.04.1) for linux-amd64 JRE (11.0.22+7-post-Ubuntu-0ubuntu222.04.1), built on Feb  5 2024 20:45:01 by "unknown" with gcc 11.4.0

END.
