#
# A fatal error has been detected by the Java Runtime Environment:
#
#  SIGSEGV (0xb) at pc=0x00007f91960292d9, pid=17688, tid=17689
#
# JRE version: OpenJDK Runtime Environment (11.0.22+7) (build 11.0.22+7-post-Ubuntu-0ubuntu222.04.1)
# Java VM: OpenJDK 64-Bit Server VM (11.0.22+7-post-Ubuntu-0ubuntu222.04.1, mixed mode, sharing, tiered, compressed oops, g1 gc, linux-amd64)
# Problematic frame:
# C  [libLLVM-13.so+0xc292d9]  LLVMBuildAdd+0x29
#
# Core dump will be written. Default location: Core dumps may be processed with "/usr/share/apport/apport -p%p -s%s -c%c -d%d -P%P -u%u -g%g -- %E" (or dumping to /home/ubuntu/Lab/core.17688)
#
# If you would like to submit a bug report, please visit:
#   https://bugs.launchpad.net/ubuntu/+source/openjdk-lts
# The crash happened outside the Java Virtual Machine in native code.
# See problematic frame for where to report the bug.
#

---------------  S U M M A R Y ------------

Command Line: -javaagent:/home/ubuntu/software/idea-IU-233.14475.28/lib/idea_rt.jar=38513:/home/ubuntu/software/idea-IU-233.14475.28/bin -Dfile.encoding=UTF-8 Main tests/test1.c tests/Actual.ll

Host: AMD Ryzen 5 5600H with Radeon Graphics, 4 cores, 3G, Ubuntu 22.10
Time: Mon May 27 23:59:13 2024 CST elapsed time: 0.488941 seconds (0d 0h 0m 0s)

---------------  T H R E A D  ---------------

Current thread (0x00007f9200016800):  JavaThread "main" [_thread_in_native, id=17689, stack(0x00007f9206300000,0x00007f9206400000)]

Stack: [0x00007f9206300000,0x00007f9206400000],  sp=0x00007f92063fda70,  free space=1014k
Native frames: (J=compiled Java code, A=aot compiled Java code, j=interpreted, Vv=VM code, C=native code)
C  [libLLVM-13.so+0xc292d9]  LLVMBuildAdd+0x29

Java frames: (J=compiled Java code, j=interpreted, Vv=VM code)
j  org.bytedeco.llvm.global.LLVM.LLVMBuildAdd(Lorg/bytedeco/llvm/LLVM/LLVMBuilderRef;Lorg/bytedeco/llvm/LLVM/LLVMValueRef;Lorg/bytedeco/llvm/LLVM/LLVMValueRef;Ljava/lang/String;)Lorg/bytedeco/llvm/LLVM/LLVMValueRef;+0
j  myVisitor.visitExp(LSysYParser$ExpContext;)Lorg/bytedeco/llvm/LLVM/LLVMValueRef;+430
j  myVisitor.visitVarDef(LSysYParser$VarDefContext;)Lorg/bytedeco/llvm/LLVM/LLVMValueRef;+137
j  myVisitor.visitVarDef(LSysYParser$VarDefContext;)Ljava/lang/Object;+2
j  SysYParser$VarDefContext.accept(Lorg/antlr/v4/runtime/tree/ParseTreeVisitor;)Ljava/lang/Object;+12
j  org.antlr.v4.runtime.tree.AbstractParseTreeVisitor.visitChildren(Lorg/antlr/v4/runtime/tree/RuleNode;)Ljava/lang/Object;+46
j  SysYParserBaseVisitor.visitVarDecl(LSysYParser$VarDeclContext;)Ljava/lang/Object;+2
j  SysYParser$VarDeclContext.accept(Lorg/antlr/v4/runtime/tree/ParseTreeVisitor;)Ljava/lang/Object;+12
j  org.antlr.v4.runtime.tree.AbstractParseTreeVisitor.visitChildren(Lorg/antlr/v4/runtime/tree/RuleNode;)Ljava/lang/Object;+46
j  SysYParserBaseVisitor.visitDecl(LSysYParser$DeclContext;)Ljava/lang/Object;+2
j  SysYParser$DeclContext.accept(Lorg/antlr/v4/runtime/tree/ParseTreeVisitor;)Ljava/lang/Object;+12
j  org.antlr.v4.runtime.tree.AbstractParseTreeVisitor.visitChildren(Lorg/antlr/v4/runtime/tree/RuleNode;)Ljava/lang/Object;+46
j  SysYParserBaseVisitor.visitBlockItem(LSysYParser$BlockItemContext;)Ljava/lang/Object;+2
j  SysYParser$BlockItemContext.accept(Lorg/antlr/v4/runtime/tree/ParseTreeVisitor;)Ljava/lang/Object;+12
j  org.antlr.v4.runtime.tree.AbstractParseTreeVisitor.visitChildren(Lorg/antlr/v4/runtime/tree/RuleNode;)Ljava/lang/Object;+46
j  myVisitor.visitBlock(LSysYParser$BlockContext;)Lorg/bytedeco/llvm/LLVM/LLVMValueRef;+9
j  myVisitor.visitBlock(LSysYParser$BlockContext;)Ljava/lang/Object;+2
j  SysYParser$BlockContext.accept(Lorg/antlr/v4/runtime/tree/ParseTreeVisitor;)Ljava/lang/Object;+12
j  org.antlr.v4.runtime.tree.AbstractParseTreeVisitor.visit(Lorg/antlr/v4/runtime/tree/ParseTree;)Ljava/lang/Object;+2
j  myVisitor.visitFuncDef(LSysYParser$FuncDefContext;)Lorg/bytedeco/llvm/LLVM/LLVMValueRef;+93
j  myVisitor.visitFuncDef(LSysYParser$FuncDefContext;)Ljava/lang/Object;+2
j  SysYParser$FuncDefContext.accept(Lorg/antlr/v4/runtime/tree/ParseTreeVisitor;)Ljava/lang/Object;+12
j  org.antlr.v4.runtime.tree.AbstractParseTreeVisitor.visitChildren(Lorg/antlr/v4/runtime/tree/RuleNode;)Ljava/lang/Object;+46
j  SysYParserBaseVisitor.visitCompUnit(LSysYParser$CompUnitContext;)Ljava/lang/Object;+2
j  SysYParser$CompUnitContext.accept(Lorg/antlr/v4/runtime/tree/ParseTreeVisitor;)Ljava/lang/Object;+12
j  org.antlr.v4.runtime.tree.AbstractParseTreeVisitor.visitChildren(Lorg/antlr/v4/runtime/tree/RuleNode;)Ljava/lang/Object;+46
j  SysYParserBaseVisitor.visitProgram(LSysYParser$ProgramContext;)Ljava/lang/Object;+2
j  SysYParser$ProgramContext.accept(Lorg/antlr/v4/runtime/tree/ParseTreeVisitor;)Ljava/lang/Object;+12
j  org.antlr.v4.runtime.tree.AbstractParseTreeVisitor.visit(Lorg/antlr/v4/runtime/tree/ParseTree;)Ljava/lang/Object;+2
j  Main.main([Ljava/lang/String;)V+79
v  ~StubRoutines::call_stub

siginfo: si_signo: 11 (SIGSEGV), si_code: 1 (SEGV_MAPERR), si_addr: 0x0000000000000010

Register to memory mapping:

RAX=0x00007f920044fb60 points into unknown readable memory: 0x0000000700646461 | 61 64 64 00 07 00 00 00
RBX=0x00007f920041f350 points into unknown readable memory: 0x00007f920041f360 | 60 f3 41 00 92 7f 00 00
RCX=0x00007f920044fb60 points into unknown readable memory: 0x0000000700646461 | 61 64 64 00 07 00 00 00
RDX=0x0000000000000101 is an unknown value
RSP=0x00007f92063fda70 is pointing into the stack for thread: 0x00007f9200016800
RBP=0x00007f9200016b48 points into unknown readable memory: 0x00007f9206246b40 | 40 6b 24 06 92 7f 00 00
RSI=0x00007f920044ef70 points into unknown readable memory: 0x00007f9200442fc8 | c8 2f 44 00 92 7f 00 00
RDI=0x0 is NULL
R8 =0x00000000c6becac0 points into unknown readable memory: 0x0000000000646461 | 61 64 64 00 00 00 00 00
R9 =0x0000000000000002 is an unknown value
R10=0x00007f9195460568: <offset 0x0000000000060568> in /home/ubuntu/.javacpp/cache/llvm-13.0.1-1.5.7-linux-x86_64.jar/org/bytedeco/llvm/linux-x86_64/libLLVM-13.so at 0x00007f9195400000
R11=0x00007f91960292b0: LLVMBuildAdd+0x0000000000000000 in /home/ubuntu/.javacpp/cache/llvm-13.0.1-1.5.7-linux-x86_64.jar/org/bytedeco/llvm/linux-x86_64/libLLVM-13.so at 0x00007f9195400000
R12=0x0 is NULL
R13=0x0 is NULL
R14=0x00007f920044ef70 points into unknown readable memory: 0x00007f9200442fc8 | c8 2f 44 00 92 7f 00 00
R15=0x00007f920041f350 points into unknown readable memory: 0x00007f920041f360 | 60 f3 41 00 92 7f 00 00


Registers:
RAX=0x00007f920044fb60, RBX=0x00007f920041f350, RCX=0x00007f920044fb60, RDX=0x0000000000000101
RSP=0x00007f92063fda70, RBP=0x00007f9200016b48, RSI=0x00007f920044ef70, RDI=0x0000000000000000
R8 =0x00000000c6becac0, R9 =0x0000000000000002, R10=0x00007f9195460568, R11=0x00007f91960292b0
R12=0x0000000000000000, R13=0x0000000000000000, R14=0x00007f920044ef70, R15=0x00007f920041f350
RIP=0x00007f91960292d9, EFLAGS=0x0000000000010202, CSGSFS=0x002b000000000033, ERR=0x0000000000000004
  TRAPNO=0x000000000000000e

Top of Stack: (sp=0x00007f92063fda70)
0x00007f92063fda70:   00007f920044fb60 00007f92001269f0
0x00007f92063fda80:   0000000000000004 0000000000000003
0x00007f92063fda90:   00007f9200440103 00007f92001269f0
0x00007f92063fdaa0:   00007f920044ef70 00007f920041f350 

Instructions: (pc=0x00007f91960292d9)
0x00007f91960291d9:   84 00 00 00 00 00 90 48 83 7f e0 00 74 14 48 8b
0x00007f91960291e9:   47 e8 48 8b 57 f0 48 89 02 48 85 c0 74 04 48 89
0x00007f91960291f9:   50 10 48 89 77 e0 48 85 f6 74 25 48 8b 46 08 48
0x00007f9196029209:   8d 56 08 48 89 47 e8 48 85 c0 74 08 48 8d 4f e8
0x00007f9196029219:   48 89 48 10 48 89 57 f0 48 83 ef 20 48 89 7e 08
0x00007f9196029229:   c3 66 0f 1f 44 00 00 8b 47 14 89 f6 25 ff ff ff
0x00007f9196029239:   07 48 29 c6 48 c1 e6 05 48 8b 04 37 c3 66 2e 0f
0x00007f9196029249:   1f 84 00 00 00 00 00 48 89 f8 89 f7 8b 48 14 81
0x00007f9196029259:   e1 ff ff ff 07 48 29 cf 48 c1 e7 05 48 01 c7 48
0x00007f9196029269:   83 3f 00 74 14 48 8b 47 08 48 8b 4f 10 48 89 01
0x00007f9196029279:   48 85 c0 74 04 48 89 48 10 48 89 17 48 85 d2 74
0x00007f9196029289:   21 48 8b 42 08 48 8d 4a 08 48 89 47 08 48 85 c0
0x00007f9196029299:   74 08 48 8d 77 08 48 89 70 10 48 89 4f 10 48 89
0x00007f91960292a9:   7a 08 c3 0f 1f 40 00 41 54 55 53 48 89 fb 48 89
0x00007f91960292b9:   f7 48 89 d6 ba 01 01 00 00 48 83 ec 60 80 39 00
0x00007f91960292c9:   66 89 54 24 20 74 09 48 89 0c 24 c6 44 24 20 03
0x00007f91960292d9:   80 7f 10 12 0f 87 95 00 00 00 80 7e 10 12 0f 87
0x00007f91960292e9:   8b 00 00 00 4c 8b 4b 48 48 8d 15 18 19 fa ff 49
0x00007f91960292f9:   8b 01 48 8b 40 10 48 39 d0 0f 85 f0 00 00 00 31
0x00007f9196029309:   c9 31 d2 e8 7f 13 ff ff 49 89 c4 41 80 7c 24 10
0x00007f9196029319:   19 76 4b 48 8b 7b 50 48 8b 4b 30 48 89 e2 4c 89
0x00007f9196029329:   e6 4c 8b 43 38 48 8b 07 ff 50 10 8b 6b 08 48 8b
0x00007f9196029339:   03 48 c1 e5 04 48 01 c5 48 39 e8 74 21 48 89 c3
0x00007f9196029349:   0f 1f 80 00 00 00 00 48 8b 53 08 8b 33 4c 89 e7
0x00007f9196029359:   48 83 c3 10 e8 de 4a 0e 00 48 39 dd 75 e9 48 83
0x00007f9196029369:   c4 60 4c 89 e0 5b 5d 41 5c c3 0f 1f 44 00 00 48
0x00007f9196029379:   89 f2 b8 01 01 00 00 48 89 fe 45 31 c0 48 8d 4c
0x00007f9196029389:   24 30 bf 0d 00 00 00 66 89 44 24 50 e8 76 cf 09
0x00007f9196029399:   00 48 8b 7b 50 48 89 e2 48 8b 4b 30 49 89 c4 4c
0x00007f91960293a9:   8b 43 38 48 8b 07 4c 89 e6 ff 50 10 8b 6b 08 48
0x00007f91960293b9:   8b 13 48 c1 e5 04 48 01 d5 48 39 ea 74 a0 48 89
0x00007f91960293c9:   d3 66 0f 1f 44 00 00 48 8b 53 08 8b 33 4c 89 e7 


Stack slot to memory mapping:
stack at sp + 0 slots: 0x00007f920044fb60 points into unknown readable memory: 0x0000000700646461 | 61 64 64 00 07 00 00 00
stack at sp + 1 slots: 0x00007f92001269f0 points into unknown readable memory: 0x00000000c6becab0 | b0 ca be c6 00 00 00 00
stack at sp + 2 slots: 0x0000000000000004 is an unknown value
stack at sp + 3 slots: 0x0000000000000003 is an unknown value
stack at sp + 4 slots: 0x00007f9200440103 points into unknown readable memory: 6f 64 75 6c 65
stack at sp + 5 slots: 0x00007f92001269f0 points into unknown readable memory: 0x00000000c6becab0 | b0 ca be c6 00 00 00 00
stack at sp + 6 slots: 0x00007f920044ef70 points into unknown readable memory: 0x00007f9200442fc8 | c8 2f 44 00 92 7f 00 00
stack at sp + 7 slots: 0x00007f920041f350 points into unknown readable memory: 0x00007f920041f360 | 60 f3 41 00 92 7f 00 00


---------------  P R O C E S S  ---------------

Threads class SMR info:
_java_thread_list=0x00007f920025b610, length=11, elements={
0x00007f9200016800, 0x00007f9200128000, 0x00007f920012a000, 0x00007f920012f800,
0x00007f9200131800, 0x00007f9200134000, 0x00007f9200136000, 0x00007f9200138000,
0x00007f9200175800, 0x00007f920023b800, 0x00007f9200257000
}

Java Threads: ( => current thread )
=>0x00007f9200016800 JavaThread "main" [_thread_in_native, id=17689, stack(0x00007f9206300000,0x00007f9206400000)]
  0x00007f9200128000 JavaThread "Reference Handler" daemon [_thread_blocked, id=17697, stack(0x00007f91d34fe000,0x00007f91d35fe000)]
  0x00007f920012a000 JavaThread "Finalizer" daemon [_thread_blocked, id=17698, stack(0x00007f91d33fe000,0x00007f91d34fe000)]
  0x00007f920012f800 JavaThread "Signal Dispatcher" daemon [_thread_blocked, id=17701, stack(0x00007f91d32fe000,0x00007f91d33fe000)]
  0x00007f9200131800 JavaThread "Service Thread" daemon [_thread_blocked, id=17702, stack(0x00007f91d2900000,0x00007f91d2a00000)]
  0x00007f9200134000 JavaThread "C2 CompilerThread0" daemon [_thread_in_native, id=17703, stack(0x00007f91d2800000,0x00007f91d2900000)]
  0x00007f9200136000 JavaThread "C1 CompilerThread0" daemon [_thread_blocked, id=17704, stack(0x00007f91d2700000,0x00007f91d2800000)]
  0x00007f9200138000 JavaThread "Sweeper thread" daemon [_thread_blocked, id=17705, stack(0x00007f91d2600000,0x00007f91d2700000)]
  0x00007f9200175800 JavaThread "Common-Cleaner" daemon [_thread_blocked, id=17709, stack(0x00007f91d2500000,0x00007f91d2600000)]
  0x00007f920023b800 JavaThread "Monitor Ctrl-Break" daemon [_thread_in_native, id=17712, stack(0x00007f91d2400000,0x00007f91d2500000)]
  0x00007f9200257000 JavaThread "JavaCPP Deallocator" daemon [_thread_blocked, id=17716, stack(0x00007f91d21ff000,0x00007f91d22ff000)]

Other Threads:
  0x00007f9200125800 VMThread "VM Thread" [stack: 0x00007f91d35ff000,0x00007f91d36ff000] [id=17696]
  0x00007f920023e800 WatcherThread [stack: 0x00007f91d2300000,0x00007f91d2400000] [id=17714]
  0x00007f920002f800 GCTaskThread "GC Thread#0" [stack: 0x00007f9204a15000,0x00007f9204b15000] [id=17690]
  0x00007f920004a800 ConcurrentGCThread "G1 Main Marker" [stack: 0x00007f91fff00000,0x00007f9200000000] [id=17692]
  0x00007f920004c800 ConcurrentGCThread "G1 Conc#0" [stack: 0x00007f91e8500000,0x00007f91e8600000] [id=17693]
  0x00007f9200090000 ConcurrentGCThread "G1 Refine#0" [stack: 0x00007f91e00c0000,0x00007f91e01c0000] [id=17694]
  0x00007f9200092000 ConcurrentGCThread "G1 Young RemSet Sampling" [stack: 0x00007f91d3f00000,0x00007f91d4000000] [id=17695]

Threads with active compile tasks:

VM state:not at safepoint (normal execution)

VM Mutex/Monitor currently owned by a thread: None

Heap address: 0x00000000c3800000, size: 968 MB, Compressed Oops mode: 32-bit
Narrow klass base: 0x0000000800000000, Narrow klass shift: 3
Compressed class space size: 1073741824 Address: 0x0000000840000000

Heap:
 garbage-first heap   total 65536K, used 9936K [0x00000000c3800000, 0x0000000100000000)
  region size 1024K, 11 young (11264K), 0 survivors (0K)
 Metaspace       used 3938K, capacity 6551K, committed 6912K, reserved 1056768K
  class space    used 433K, capacity 695K, committed 768K, reserved 1048576K
Heap Regions: E=young(eden), S=young(survivor), O=old, HS=humongous(starts), HC=humongous(continues), CS=collection set, F=free, A=archive, TAMS=top-at-mark-start (previous, next)
|   0|0x00000000c3800000, 0x00000000c3800000, 0x00000000c3900000|  0%| F|  |TAMS 0x00000000c3800000, 0x00000000c3800000| Untracked 
|   1|0x00000000c3900000, 0x00000000c3900000, 0x00000000c3a00000|  0%| F|  |TAMS 0x00000000c3900000, 0x00000000c3900000| Untracked 
|   2|0x00000000c3a00000, 0x00000000c3a00000, 0x00000000c3b00000|  0%| F|  |TAMS 0x00000000c3a00000, 0x00000000c3a00000| Untracked 
|   3|0x00000000c3b00000, 0x00000000c3b00000, 0x00000000c3c00000|  0%| F|  |TAMS 0x00000000c3b00000, 0x00000000c3b00000| Untracked 
|   4|0x00000000c3c00000, 0x00000000c3c00000, 0x00000000c3d00000|  0%| F|  |TAMS 0x00000000c3c00000, 0x00000000c3c00000| Untracked 
|   5|0x00000000c3d00000, 0x00000000c3d00000, 0x00000000c3e00000|  0%| F|  |TAMS 0x00000000c3d00000, 0x00000000c3d00000| Untracked 
|   6|0x00000000c3e00000, 0x00000000c3e00000, 0x00000000c3f00000|  0%| F|  |TAMS 0x00000000c3e00000, 0x00000000c3e00000| Untracked 
|   7|0x00000000c3f00000, 0x00000000c3f00000, 0x00000000c4000000|  0%| F|  |TAMS 0x00000000c3f00000, 0x00000000c3f00000| Untracked 
|   8|0x00000000c4000000, 0x00000000c4000000, 0x00000000c4100000|  0%| F|  |TAMS 0x00000000c4000000, 0x00000000c4000000| Untracked 
|   9|0x00000000c4100000, 0x00000000c4100000, 0x00000000c4200000|  0%| F|  |TAMS 0x00000000c4100000, 0x00000000c4100000| Untracked 
|  10|0x00000000c4200000, 0x00000000c4200000, 0x00000000c4300000|  0%| F|  |TAMS 0x00000000c4200000, 0x00000000c4200000| Untracked 
|  11|0x00000000c4300000, 0x00000000c4300000, 0x00000000c4400000|  0%| F|  |TAMS 0x00000000c4300000, 0x00000000c4300000| Untracked 
|  12|0x00000000c4400000, 0x00000000c4400000, 0x00000000c4500000|  0%| F|  |TAMS 0x00000000c4400000, 0x00000000c4400000| Untracked 
|  13|0x00000000c4500000, 0x00000000c4500000, 0x00000000c4600000|  0%| F|  |TAMS 0x00000000c4500000, 0x00000000c4500000| Untracked 
|  14|0x00000000c4600000, 0x00000000c4600000, 0x00000000c4700000|  0%| F|  |TAMS 0x00000000c4600000, 0x00000000c4600000| Untracked 
|  15|0x00000000c4700000, 0x00000000c4700000, 0x00000000c4800000|  0%| F|  |TAMS 0x00000000c4700000, 0x00000000c4700000| Untracked 
|  16|0x00000000c4800000, 0x00000000c4800000, 0x00000000c4900000|  0%| F|  |TAMS 0x00000000c4800000, 0x00000000c4800000| Untracked 
|  17|0x00000000c4900000, 0x00000000c4900000, 0x00000000c4a00000|  0%| F|  |TAMS 0x00000000c4900000, 0x00000000c4900000| Untracked 
|  18|0x00000000c4a00000, 0x00000000c4a00000, 0x00000000c4b00000|  0%| F|  |TAMS 0x00000000c4a00000, 0x00000000c4a00000| Untracked 
|  19|0x00000000c4b00000, 0x00000000c4b00000, 0x00000000c4c00000|  0%| F|  |TAMS 0x00000000c4b00000, 0x00000000c4b00000| Untracked 
|  20|0x00000000c4c00000, 0x00000000c4c00000, 0x00000000c4d00000|  0%| F|  |TAMS 0x00000000c4c00000, 0x00000000c4c00000| Untracked 
|  21|0x00000000c4d00000, 0x00000000c4d00000, 0x00000000c4e00000|  0%| F|  |TAMS 0x00000000c4d00000, 0x00000000c4d00000| Untracked 
|  22|0x00000000c4e00000, 0x00000000c4e00000, 0x00000000c4f00000|  0%| F|  |TAMS 0x00000000c4e00000, 0x00000000c4e00000| Untracked 
|  23|0x00000000c4f00000, 0x00000000c4f00000, 0x00000000c5000000|  0%| F|  |TAMS 0x00000000c4f00000, 0x00000000c4f00000| Untracked 
|  24|0x00000000c5000000, 0x00000000c5000000, 0x00000000c5100000|  0%| F|  |TAMS 0x00000000c5000000, 0x00000000c5000000| Untracked 
|  25|0x00000000c5100000, 0x00000000c5100000, 0x00000000c5200000|  0%| F|  |TAMS 0x00000000c5100000, 0x00000000c5100000| Untracked 
|  26|0x00000000c5200000, 0x00000000c5200000, 0x00000000c5300000|  0%| F|  |TAMS 0x00000000c5200000, 0x00000000c5200000| Untracked 
|  27|0x00000000c5300000, 0x00000000c5300000, 0x00000000c5400000|  0%| F|  |TAMS 0x00000000c5300000, 0x00000000c5300000| Untracked 
|  28|0x00000000c5400000, 0x00000000c5400000, 0x00000000c5500000|  0%| F|  |TAMS 0x00000000c5400000, 0x00000000c5400000| Untracked 
|  29|0x00000000c5500000, 0x00000000c5500000, 0x00000000c5600000|  0%| F|  |TAMS 0x00000000c5500000, 0x00000000c5500000| Untracked 
|  30|0x00000000c5600000, 0x00000000c5600000, 0x00000000c5700000|  0%| F|  |TAMS 0x00000000c5600000, 0x00000000c5600000| Untracked 
|  31|0x00000000c5700000, 0x00000000c5700000, 0x00000000c5800000|  0%| F|  |TAMS 0x00000000c5700000, 0x00000000c5700000| Untracked 
|  32|0x00000000c5800000, 0x00000000c5800000, 0x00000000c5900000|  0%| F|  |TAMS 0x00000000c5800000, 0x00000000c5800000| Untracked 
|  33|0x00000000c5900000, 0x00000000c5900000, 0x00000000c5a00000|  0%| F|  |TAMS 0x00000000c5900000, 0x00000000c5900000| Untracked 
|  34|0x00000000c5a00000, 0x00000000c5a00000, 0x00000000c5b00000|  0%| F|  |TAMS 0x00000000c5a00000, 0x00000000c5a00000| Untracked 
|  35|0x00000000c5b00000, 0x00000000c5b00000, 0x00000000c5c00000|  0%| F|  |TAMS 0x00000000c5b00000, 0x00000000c5b00000| Untracked 
|  36|0x00000000c5c00000, 0x00000000c5c00000, 0x00000000c5d00000|  0%| F|  |TAMS 0x00000000c5c00000, 0x00000000c5c00000| Untracked 
|  37|0x00000000c5d00000, 0x00000000c5d00000, 0x00000000c5e00000|  0%| F|  |TAMS 0x00000000c5d00000, 0x00000000c5d00000| Untracked 
|  38|0x00000000c5e00000, 0x00000000c5e00000, 0x00000000c5f00000|  0%| F|  |TAMS 0x00000000c5e00000, 0x00000000c5e00000| Untracked 
|  39|0x00000000c5f00000, 0x00000000c5f00000, 0x00000000c6000000|  0%| F|  |TAMS 0x00000000c5f00000, 0x00000000c5f00000| Untracked 
|  40|0x00000000c6000000, 0x00000000c6000000, 0x00000000c6100000|  0%| F|  |TAMS 0x00000000c6000000, 0x00000000c6000000| Untracked 
|  41|0x00000000c6100000, 0x00000000c6100000, 0x00000000c6200000|  0%| F|  |TAMS 0x00000000c6100000, 0x00000000c6100000| Untracked 
|  42|0x00000000c6200000, 0x00000000c6200000, 0x00000000c6300000|  0%| F|  |TAMS 0x00000000c6200000, 0x00000000c6200000| Untracked 
|  43|0x00000000c6300000, 0x00000000c6300000, 0x00000000c6400000|  0%| F|  |TAMS 0x00000000c6300000, 0x00000000c6300000| Untracked 
|  44|0x00000000c6400000, 0x00000000c6400000, 0x00000000c6500000|  0%| F|  |TAMS 0x00000000c6400000, 0x00000000c6400000| Untracked 
|  45|0x00000000c6500000, 0x00000000c6500000, 0x00000000c6600000|  0%| F|  |TAMS 0x00000000c6500000, 0x00000000c6500000| Untracked 
|  46|0x00000000c6600000, 0x00000000c6600000, 0x00000000c6700000|  0%| F|  |TAMS 0x00000000c6600000, 0x00000000c6600000| Untracked 
|  47|0x00000000c6700000, 0x00000000c6700000, 0x00000000c6800000|  0%| F|  |TAMS 0x00000000c6700000, 0x00000000c6700000| Untracked 
|  48|0x00000000c6800000, 0x00000000c6800000, 0x00000000c6900000|  0%| F|  |TAMS 0x00000000c6800000, 0x00000000c6800000| Untracked 
|  49|0x00000000c6900000, 0x00000000c6900000, 0x00000000c6a00000|  0%| F|  |TAMS 0x00000000c6900000, 0x00000000c6900000| Untracked 
|  50|0x00000000c6a00000, 0x00000000c6a00000, 0x00000000c6b00000|  0%| F|  |TAMS 0x00000000c6a00000, 0x00000000c6a00000| Untracked 
|  51|0x00000000c6b00000, 0x00000000c6c00000, 0x00000000c6c00000|100%| E|  |TAMS 0x00000000c6b00000, 0x00000000c6b00000| Complete 
|  52|0x00000000c6c00000, 0x00000000c6d00000, 0x00000000c6d00000|100%| E|CS|TAMS 0x00000000c6c00000, 0x00000000c6c00000| Complete 
|  53|0x00000000c6d00000, 0x00000000c6e00000, 0x00000000c6e00000|100%| E|CS|TAMS 0x00000000c6d00000, 0x00000000c6d00000| Complete 
|  54|0x00000000c6e00000, 0x00000000c6f00000, 0x00000000c6f00000|100%| E|CS|TAMS 0x00000000c6e00000, 0x00000000c6e00000| Complete 
|  55|0x00000000c6f00000, 0x00000000c7000000, 0x00000000c7000000|100%| E|CS|TAMS 0x00000000c6f00000, 0x00000000c6f00000| Complete 
|  56|0x00000000c7000000, 0x00000000c7100000, 0x00000000c7100000|100%| E|CS|TAMS 0x00000000c7000000, 0x00000000c7000000| Complete 
|  57|0x00000000c7100000, 0x00000000c7200000, 0x00000000c7200000|100%| E|CS|TAMS 0x00000000c7100000, 0x00000000c7100000| Complete 
|  58|0x00000000c7200000, 0x00000000c7300000, 0x00000000c7300000|100%| E|CS|TAMS 0x00000000c7200000, 0x00000000c7200000| Complete 
|  59|0x00000000c7300000, 0x00000000c7400000, 0x00000000c7400000|100%| E|  |TAMS 0x00000000c7300000, 0x00000000c7300000| Complete 
|  60|0x00000000c7400000, 0x00000000c7500000, 0x00000000c7500000|100%| E|CS|TAMS 0x00000000c7400000, 0x00000000c7400000| Complete 
|  61|0x00000000c7500000, 0x00000000c7600000, 0x00000000c7600000|100%| E|CS|TAMS 0x00000000c7500000, 0x00000000c7500000| Complete 
| 966|0x00000000ffe00000, 0x00000000ffe48000, 0x00000000fff00000| 28%|OA|  |TAMS 0x00000000ffe00000, 0x00000000ffe00000| Untracked 
| 967|0x00000000fff00000, 0x00000000fff6c000, 0x0000000100000000| 42%|CA|  |TAMS 0x00000000fff00000, 0x00000000fff00000| Untracked 

Card table byte_map: [0x00007f9204248000,0x00007f920442c000] _byte_map_base: 0x00007f9203c2c000

Marking Bits (Prev, Next): (CMBitMap*) 0x00007f9200045c68, (CMBitMap*) 0x00007f9200045ca0
 Prev Bits: [0x00007f91e30e0000, 0x00007f91e4000000)
 Next Bits: [0x00007f91e21c0000, 0x00007f91e30e0000)

Polling page: 0x00007f92066d9000

Metaspace:

Usage:
  Non-class:      5.72 MB capacity,     3.42 MB ( 60%) used,     2.29 MB ( 40%) free+waste,     6.94 KB ( <1%) overhead. 
      Class:    695.00 KB capacity,   433.65 KB ( 62%) used,   257.60 KB ( 37%) free+waste,     3.75 KB ( <1%) overhead. 
       Both:      6.40 MB capacity,     3.85 MB ( 60%) used,     2.54 MB ( 40%) free+waste,    10.69 KB ( <1%) overhead. 

Virtual space:
  Non-class space:        8.00 MB reserved,       6.00 MB ( 75%) committed 
      Class space:        1.00 GB reserved,     768.00 KB ( <1%) committed 
             Both:        1.01 GB reserved,       6.75 MB ( <1%) committed 

Chunk freelists:
   Non-Class:  36.00 KB
       Class:  9.00 KB
        Both:  45.00 KB

MaxMetaspaceSize: unlimited
CompressedClassSpaceSize: 1.00 GB
Initial GC threshold: 20.80 MB
Current GC threshold: 20.80 MB
CDS: on

CodeHeap 'non-profiled nmethods': size=120032Kb used=220Kb max_used=220Kb free=119811Kb
 bounds [0x00007f91f00c8000, 0x00007f91f0338000, 0x00007f91f7600000]
CodeHeap 'profiled nmethods': size=120032Kb used=1310Kb max_used=1310Kb free=118721Kb
 bounds [0x00007f91e8b90000, 0x00007f91e8e00000, 0x00007f91f00c8000]
CodeHeap 'non-nmethods': size=5696Kb used=1149Kb max_used=1163Kb free=4546Kb
 bounds [0x00007f91e8600000, 0x00007f91e8870000, 0x00007f91e8b90000]
 total_blobs=1157 nmethods=748 adapters=323
 compilation: enabled
              stopped_count=0, restarted_count=0
 full_count=0

Compilation events (20 events):
Event: 0.485 Thread 0x00007f9200136000 nmethod 737 0x00007f91e8cc9c90 code [0x00007f91e8cc9e40, 0x00007f91e8cc9f70]
Event: 0.485 Thread 0x00007f9200136000  736       3       java.lang.invoke.MemberName::getReferenceKind (12 bytes)
Event: 0.485 Thread 0x00007f9200136000 nmethod 736 0x00007f91e8cca010 code [0x00007f91e8cca1c0, 0x00007f91e8cca2f0]
Event: 0.485 Thread 0x00007f9200136000  722       1       java.lang.invoke.LambdaForm$BasicType::basicTypeClass (5 bytes)
Event: 0.485 Thread 0x00007f9200136000 nmethod 722 0x00007f91f00fc890 code [0x00007f91f00fca40, 0x00007f91f00fcb10]
Event: 0.485 Thread 0x00007f9200136000  734       1       java.lang.invoke.LambdaForm$Name::type (5 bytes)
Event: 0.485 Thread 0x00007f9200136000 nmethod 734 0x00007f91f00fcb90 code [0x00007f91f00fcd40, 0x00007f91f00fce10]
Event: 0.485 Thread 0x00007f9200136000  726       3       java.util.ArrayList::grow (18 bytes)
Event: 0.486 Thread 0x00007f9200136000 nmethod 726 0x00007f91e8cca390 code [0x00007f91e8cca560, 0x00007f91e8cca7d0]
Event: 0.486 Thread 0x00007f9200136000  739       3       java.lang.invoke.MethodType$ConcurrentWeakInternSet$WeakEntry::<init> (15 bytes)
Event: 0.486 Thread 0x00007f9200136000 nmethod 739 0x00007f91e8cca910 code [0x00007f91e8ccab00, 0x00007f91e8ccaf20]
Event: 0.486 Thread 0x00007f9200136000  741       3       java.util.ImmutableCollections$ListN::size (6 bytes)
Event: 0.486 Thread 0x00007f9200136000 nmethod 741 0x00007f91e8ccb090 code [0x00007f91e8ccb240, 0x00007f91e8ccb370]
Event: 0.486 Thread 0x00007f9200136000  744       3       java.lang.invoke.LambdaForm$Name::useCount (42 bytes)
Event: 0.486 Thread 0x00007f9200136000 nmethod 744 0x00007f91e8ccb410 code [0x00007f91e8ccb5e0, 0x00007f91e8ccb8f0]
Event: 0.486 Thread 0x00007f9200136000  746       3       java.lang.invoke.MemberName::isStatic (8 bytes)
Event: 0.486 Thread 0x00007f9200136000 nmethod 746 0x00007f91e8ccba10 code [0x00007f91e8ccbbc0, 0x00007f91e8ccbd90]
Event: 0.486 Thread 0x00007f9200136000  747       3       java.lang.invoke.LambdaForm$NamedFunction::methodType (23 bytes)
Event: 0.487 Thread 0x00007f9200136000 nmethod 747 0x00007f91e8ccbe90 code [0x00007f91e8ccc060, 0x00007f91e8ccc2a0]
Event: 0.487 Thread 0x00007f9200136000  748       3       jdk.internal.org.objectweb.asm.Frame::execute (2264 bytes)

GC Heap History (0 events):
No events

Deoptimization events (20 events):
Event: 0.440 Thread 0x00007f9200016800 DEOPT PACKING pc=0x00007f91e8bbec4f sp=0x00007f92063fd030
Event: 0.440 Thread 0x00007f9200016800 DEOPT UNPACKING pc=0x00007f91e864a64a sp=0x00007f92063fc4f0 mode 0
Event: 0.442 Thread 0x00007f9200016800 DEOPT PACKING pc=0x00007f91e8bbec4f sp=0x00007f92063fd050
Event: 0.442 Thread 0x00007f9200016800 DEOPT UNPACKING pc=0x00007f91e864a64a sp=0x00007f92063fc4f8 mode 0
Event: 0.477 Thread 0x00007f9200016800 Uncommon trap: trap_request=0xffffffc6 fr.pc=0x00007f91f00d0b24 relative=0x0000000000000084
Event: 0.477 Thread 0x00007f9200016800 Uncommon trap: reason=bimorphic_or_optimized_type_check action=maybe_recompile pc=0x00007f91f00d0b24 method=java.util.AbstractCollection.isEmpty()Z @ 1 c2
Event: 0.477 Thread 0x00007f9200016800 DEOPT PACKING pc=0x00007f91f00d0b24 sp=0x00007f92063fd2b0
Event: 0.477 Thread 0x00007f9200016800 DEOPT UNPACKING pc=0x00007f91e8649ea5 sp=0x00007f92063fd260 mode 2
Event: 0.477 Thread 0x00007f9200016800 Uncommon trap: trap_request=0xffffffc6 fr.pc=0x00007f91f00d0b24 relative=0x0000000000000084
Event: 0.477 Thread 0x00007f9200016800 Uncommon trap: reason=bimorphic_or_optimized_type_check action=maybe_recompile pc=0x00007f91f00d0b24 method=java.util.AbstractCollection.isEmpty()Z @ 1 c2
Event: 0.477 Thread 0x00007f9200016800 DEOPT PACKING pc=0x00007f91f00d0b24 sp=0x00007f92063fd480
Event: 0.477 Thread 0x00007f9200016800 DEOPT UNPACKING pc=0x00007f91e8649ea5 sp=0x00007f92063fd430 mode 2
Event: 0.478 Thread 0x00007f9200016800 Uncommon trap: trap_request=0xffffffc6 fr.pc=0x00007f91f00d0b24 relative=0x0000000000000084
Event: 0.478 Thread 0x00007f9200016800 Uncommon trap: reason=bimorphic_or_optimized_type_check action=maybe_recompile pc=0x00007f91f00d0b24 method=java.util.AbstractCollection.isEmpty()Z @ 1 c2
Event: 0.478 Thread 0x00007f9200016800 DEOPT PACKING pc=0x00007f91f00d0b24 sp=0x00007f92063fd4a0
Event: 0.478 Thread 0x00007f9200016800 DEOPT UNPACKING pc=0x00007f91e8649ea5 sp=0x00007f92063fd450 mode 2
Event: 0.478 Thread 0x00007f9200016800 Uncommon trap: trap_request=0xffffffc6 fr.pc=0x00007f91f00d0b24 relative=0x0000000000000084
Event: 0.478 Thread 0x00007f9200016800 Uncommon trap: reason=bimorphic_or_optimized_type_check action=maybe_recompile pc=0x00007f91f00d0b24 method=java.util.AbstractCollection.isEmpty()Z @ 1 c2
Event: 0.479 Thread 0x00007f9200016800 DEOPT PACKING pc=0x00007f91f00d0b24 sp=0x00007f92063fd2b0
Event: 0.479 Thread 0x00007f9200016800 DEOPT UNPACKING pc=0x00007f91e8649ea5 sp=0x00007f92063fd260 mode 2

Classes redefined (0 events):
No events

Internal exceptions (20 events):
Event: 0.141 Thread 0x00007f9200016800 Exception <a 'java/security/PrivilegedActionException'{0x00000000c74edfc0}> (0x00000000c74edfc0) thrown at [./src/hotspot/share/prims/jvm.cpp, line 1304]
Event: 0.141 Thread 0x00007f9200016800 Exception <a 'java/security/PrivilegedActionException'{0x00000000c74ee290}> (0x00000000c74ee290) thrown at [./src/hotspot/share/prims/jvm.cpp, line 1304]
Event: 0.141 Thread 0x00007f9200016800 Exception <a 'java/security/PrivilegedActionException'{0x00000000c74eec00}> (0x00000000c74eec00) thrown at [./src/hotspot/share/prims/jvm.cpp, line 1304]
Event: 0.141 Thread 0x00007f9200016800 Exception <a 'java/security/PrivilegedActionException'{0x00000000c74eeed0}> (0x00000000c74eeed0) thrown at [./src/hotspot/share/prims/jvm.cpp, line 1304]
Event: 0.141 Thread 0x00007f9200016800 Exception <a 'java/security/PrivilegedActionException'{0x00000000c74ef840}> (0x00000000c74ef840) thrown at [./src/hotspot/share/prims/jvm.cpp, line 1304]
Event: 0.141 Thread 0x00007f9200016800 Exception <a 'java/security/PrivilegedActionException'{0x00000000c74efb10}> (0x00000000c74efb10) thrown at [./src/hotspot/share/prims/jvm.cpp, line 1304]
Event: 0.141 Thread 0x00007f9200016800 Exception <a 'java/security/PrivilegedActionException'{0x00000000c74f0498}> (0x00000000c74f0498) thrown at [./src/hotspot/share/prims/jvm.cpp, line 1304]
Event: 0.141 Thread 0x00007f9200016800 Exception <a 'java/security/PrivilegedActionException'{0x00000000c74f0768}> (0x00000000c74f0768) thrown at [./src/hotspot/share/prims/jvm.cpp, line 1304]
Event: 0.141 Thread 0x00007f9200016800 Exception <a 'java/security/PrivilegedActionException'{0x00000000c74f10f0}> (0x00000000c74f10f0) thrown at [./src/hotspot/share/prims/jvm.cpp, line 1304]
Event: 0.141 Thread 0x00007f9200016800 Exception <a 'java/security/PrivilegedActionException'{0x00000000c74f13c0}> (0x00000000c74f13c0) thrown at [./src/hotspot/share/prims/jvm.cpp, line 1304]
Event: 0.142 Thread 0x00007f9200016800 Exception <a 'java/security/PrivilegedActionException'{0x00000000c74f1d48}> (0x00000000c74f1d48) thrown at [./src/hotspot/share/prims/jvm.cpp, line 1304]
Event: 0.142 Thread 0x00007f9200016800 Exception <a 'java/security/PrivilegedActionException'{0x00000000c74f2018}> (0x00000000c74f2018) thrown at [./src/hotspot/share/prims/jvm.cpp, line 1304]
Event: 0.142 Thread 0x00007f9200016800 Exception <a 'java/security/PrivilegedActionException'{0x00000000c74f2988}> (0x00000000c74f2988) thrown at [./src/hotspot/share/prims/jvm.cpp, line 1304]
Event: 0.142 Thread 0x00007f9200016800 Exception <a 'java/security/PrivilegedActionException'{0x00000000c74f2c58}> (0x00000000c74f2c58) thrown at [./src/hotspot/share/prims/jvm.cpp, line 1304]
Event: 0.142 Thread 0x00007f9200016800 Exception <a 'java/security/PrivilegedActionException'{0x00000000c74f35e0}> (0x00000000c74f35e0) thrown at [./src/hotspot/share/prims/jvm.cpp, line 1304]
Event: 0.142 Thread 0x00007f9200016800 Exception <a 'java/security/PrivilegedActionException'{0x00000000c74f38b0}> (0x00000000c74f38b0) thrown at [./src/hotspot/share/prims/jvm.cpp, line 1304]
Event: 0.178 Thread 0x00007f9200016800 Exception <a 'java/lang/NoSuchMethodError'{0x00000000c7223598}: 'int java.lang.invoke.DirectMethodHandle$Holder.invokeStaticInit(java.lang.Object, java.lang.Object, java.lang.Object, java.lang.Object)'> (0x00000000c7223598) thrown at [./src/hotspot/share/interpreter/linkResolver.cpp, line 772]
Event: 0.179 Thread 0x00007f9200016800 Exception <a 'java/lang/IncompatibleClassChangeError'{0x00000000c722d318}: Found class java.lang.Object, but interface was expected> (0x00000000c722d318) thrown at [./src/hotspot/share/interpreter/linkResolver.cpp, line 839]
Event: 0.179 Thread 0x00007f9200016800 Exception <a 'java/lang/NoSuchMethodError'{0x00000000c72304c8}: 'void java.lang.invoke.DirectMethodHandle$Holder.invokeStaticInit(java.lang.Object, java.lang.Object)'> (0x00000000c72304c8) thrown at [./src/hotspot/share/interpreter/linkResolver.cpp, line 772]
Event: 0.186 Thread 0x00007f9200016800 Exception <a 'java/lang/NoSuchMethodError'{0x00000000c7235998}: 'int java.lang.invoke.DirectMethodHandle$Holder.invokeStaticInit(java.lang.Object, java.lang.Object)'> (0x00000000c7235998) thrown at [./src/hotspot/share/interpreter/linkResolver.cpp, line 772]

Events (20 events):
Event: 0.474 loading class org/bytedeco/javacpp/PointerScope$1
Event: 0.474 loading class org/bytedeco/javacpp/PointerScope$1 done
Event: 0.476 Executing VM operation: Deoptimize
Event: 0.476 Executing VM operation: Deoptimize done
Event: 0.477 loading class java/lang/invoke/BoundMethodHandle$Species_LL
Event: 0.477 loading class java/lang/invoke/BoundMethodHandle$Species_LL done
Event: 0.478 loading class java/lang/invoke/BoundMethodHandle$Species_LLL
Event: 0.478 loading class java/lang/invoke/BoundMethodHandle$Species_LLL done
Event: 0.479 loading class java/lang/invoke/BoundMethodHandle$Species_LLLL
Event: 0.479 loading class java/lang/invoke/BoundMethodHandle$Species_LLLL done
Event: 0.480 loading class java/lang/invoke/BoundMethodHandle$Species_LLLLL
Event: 0.480 loading class java/lang/invoke/BoundMethodHandle$Species_LLLLL done
Event: 0.481 loading class java/lang/invoke/BoundMethodHandle$Species_LLLLLL
Event: 0.481 loading class java/lang/invoke/BoundMethodHandle$Species_LLLLLL done
Event: 0.483 loading class java/lang/invoke/BoundMethodHandle$Species_LLLLLLI
Event: 0.483 loading class java/lang/invoke/BoundMethodHandle$Species_LLLLLLI done
Event: 0.484 loading class java/lang/invoke/BoundMethodHandle$Species_LLLLLLII
Event: 0.484 loading class java/lang/invoke/BoundMethodHandle$Species_LLLLLLII done
Event: 0.485 loading class java/lang/invoke/BoundMethodHandle$Species_LLLLLLIIL
Event: 0.485 loading class java/lang/invoke/BoundMethodHandle$Species_LLLLLLIIL done


Dynamic libraries:
c3800000-c7600000 rw-p 00000000 00:00 0 
c7600000-ffe00000 ---p 00000000 00:00 0 
ffe00000-ffe48000 rw-p 00b14000 08:03 265562                             /usr/lib/jvm/java-11-openjdk-amd64/lib/server/classes.jsa
ffe48000-fff00000 rw-p 00000000 00:00 0 
fff00000-fff6c000 rw-p 00aa8000 08:03 265562                             /usr/lib/jvm/java-11-openjdk-amd64/lib/server/classes.jsa
fff6c000-100000000 rw-p 00000000 00:00 0 
800000000-800002000 rwxp 00001000 08:03 265562                           /usr/lib/jvm/java-11-openjdk-amd64/lib/server/classes.jsa
800002000-8003ce000 rw-p 00003000 08:03 265562                           /usr/lib/jvm/java-11-openjdk-amd64/lib/server/classes.jsa
8003ce000-800aa6000 r--p 003cf000 08:03 265562                           /usr/lib/jvm/java-11-openjdk-amd64/lib/server/classes.jsa
800aa6000-800aa7000 rw-p 00aa7000 08:03 265562                           /usr/lib/jvm/java-11-openjdk-amd64/lib/server/classes.jsa
840000000-8400c0000 rw-p 00000000 00:00 0 
8400c0000-880000000 ---p 00000000 00:00 0 
558796f09000-558796f0a000 r--p 00000000 08:03 265116                     /usr/lib/jvm/java-11-openjdk-amd64/bin/java
558796f0a000-558796f0b000 r-xp 00001000 08:03 265116                     /usr/lib/jvm/java-11-openjdk-amd64/bin/java
558796f0b000-558796f0c000 r--p 00002000 08:03 265116                     /usr/lib/jvm/java-11-openjdk-amd64/bin/java
558796f0c000-558796f0d000 r--p 00002000 08:03 265116                     /usr/lib/jvm/java-11-openjdk-amd64/bin/java
558796f0d000-558796f0e000 rw-p 00003000 08:03 265116                     /usr/lib/jvm/java-11-openjdk-amd64/bin/java
558798e5f000-558798e80000 rw-p 00000000 00:00 0                          [heap]
7f9195400000-7f9195d26000 r--p 00000000 08:03 1587749                    /home/ubuntu/.javacpp/cache/llvm-13.0.1-1.5.7-linux-x86_64.jar/org/bytedeco/llvm/linux-x86_64/libLLVM-13.so
7f9195d26000-7f91996e9000 r-xp 00926000 08:03 1587749                    /home/ubuntu/.javacpp/cache/llvm-13.0.1-1.5.7-linux-x86_64.jar/org/bytedeco/llvm/linux-x86_64/libLLVM-13.so
7f91996e9000-7f919b93e000 r--p 042e9000 08:03 1587749                    /home/ubuntu/.javacpp/cache/llvm-13.0.1-1.5.7-linux-x86_64.jar/org/bytedeco/llvm/linux-x86_64/libLLVM-13.so
7f919b93e000-7f919be53000 r--p 0653d000 08:03 1587749                    /home/ubuntu/.javacpp/cache/llvm-13.0.1-1.5.7-linux-x86_64.jar/org/bytedeco/llvm/linux-x86_64/libLLVM-13.so
7f919be53000-7f919be5e000 rw-p 06a52000 08:03 1587749                    /home/ubuntu/.javacpp/cache/llvm-13.0.1-1.5.7-linux-x86_64.jar/org/bytedeco/llvm/linux-x86_64/libLLVM-13.so
7f919be5e000-7f919bed4000 rw-p 00000000 00:00 0 
7f919c000000-7f919c021000 rw-p 00000000 00:00 0 
7f919c021000-7f91a0000000 ---p 00000000 00:00 0 
7f91a0000000-7f91a0021000 rw-p 00000000 00:00 0 
7f91a0021000-7f91a4000000 ---p 00000000 00:00 0 
7f91a4000000-7f91a4021000 rw-p 00000000 00:00 0 
7f91a4021000-7f91a8000000 ---p 00000000 00:00 0 
7f91a8000000-7f91a8021000 rw-p 00000000 00:00 0 
7f91a8021000-7f91ac000000 ---p 00000000 00:00 0 
7f91ac000000-7f91ac3a6000 rw-p 00000000 00:00 0 
7f91ac3a6000-7f91b0000000 ---p 00000000 00:00 0 
7f91b0000000-7f91b0021000 rw-p 00000000 00:00 0 
7f91b0021000-7f91b4000000 ---p 00000000 00:00 0 
7f91b4000000-7f91b4021000 rw-p 00000000 00:00 0 
7f91b4021000-7f91b8000000 ---p 00000000 00:00 0 
7f91b8000000-7f91b8208000 rw-p 00000000 00:00 0 
7f91b8208000-7f91bc000000 ---p 00000000 00:00 0 
7f91bc000000-7f91bc021000 rw-p 00000000 00:00 0 
7f91bc021000-7f91c0000000 ---p 00000000 00:00 0 
7f91c0000000-7f91c0021000 rw-p 00000000 00:00 0 
7f91c0021000-7f91c4000000 ---p 00000000 00:00 0 
7f91c4000000-7f91c4021000 rw-p 00000000 00:00 0 
7f91c4021000-7f91c8000000 ---p 00000000 00:00 0 
7f91c8000000-7f91c8021000 rw-p 00000000 00:00 0 
7f91c8021000-7f91cc000000 ---p 00000000 00:00 0 
7f91cc000000-7f91cc021000 rw-p 00000000 00:00 0 
7f91cc021000-7f91d0000000 ---p 00000000 00:00 0 
7f91d20f9000-7f91d215e000 r--p 00000000 08:03 1589997                    /home/ubuntu/.javacpp/cache/llvm-13.0.1-1.5.7-linux-x86_64.jar/org/bytedeco/llvm/linux-x86_64/libjniLLVM.so
7f91d215e000-7f91d21cc000 r-xp 00065000 08:03 1589997                    /home/ubuntu/.javacpp/cache/llvm-13.0.1-1.5.7-linux-x86_64.jar/org/bytedeco/llvm/linux-x86_64/libjniLLVM.so
7f91d21cc000-7f91d21f7000 r--p 000d3000 08:03 1589997                    /home/ubuntu/.javacpp/cache/llvm-13.0.1-1.5.7-linux-x86_64.jar/org/bytedeco/llvm/linux-x86_64/libjniLLVM.so
7f91d21f7000-7f91d21fa000 r--p 000fd000 08:03 1589997                    /home/ubuntu/.javacpp/cache/llvm-13.0.1-1.5.7-linux-x86_64.jar/org/bytedeco/llvm/linux-x86_64/libjniLLVM.so
7f91d21fa000-7f91d21fd000 rw-p 00100000 08:03 1589997                    /home/ubuntu/.javacpp/cache/llvm-13.0.1-1.5.7-linux-x86_64.jar/org/bytedeco/llvm/linux-x86_64/libjniLLVM.so
7f91d21fd000-7f91d21ff000 rw-p 00000000 00:00 0 
7f91d21ff000-7f91d2203000 ---p 00000000 00:00 0 
7f91d2203000-7f91d22ff000 rw-p 00000000 00:00 0 
7f91d22ff000-7f91d2300000 ---p 00000000 00:00 0 
7f91d2300000-7f91d2400000 rw-p 00000000 00:00 0 
7f91d2400000-7f91d2404000 ---p 00000000 00:00 0 
7f91d2404000-7f91d2500000 rw-p 00000000 00:00 0 
7f91d2500000-7f91d2504000 ---p 00000000 00:00 0 
7f91d2504000-7f91d2600000 rw-p 00000000 00:00 0 
7f91d2600000-7f91d2604000 ---p 00000000 00:00 0 
7f91d2604000-7f91d2700000 rw-p 00000000 00:00 0 
7f91d2700000-7f91d2704000 ---p 00000000 00:00 0 
7f91d2704000-7f91d2800000 rw-p 00000000 00:00 0 
7f91d2800000-7f91d2804000 ---p 00000000 00:00 0 
7f91d2804000-7f91d2900000 rw-p 00000000 00:00 0 
7f91d2900000-7f91d2904000 ---p 00000000 00:00 0 
7f91d2904000-7f91d2a00000 rw-p 00000000 00:00 0 
7f91d2a00000-7f91d3278000 r--p 00000000 08:03 2365202                    /usr/lib/locale/locale-archive
7f91d32fe000-7f91d3302000 ---p 00000000 00:00 0 
7f91d3302000-7f91d33fe000 rw-p 00000000 00:00 0 
7f91d33fe000-7f91d3402000 ---p 00000000 00:00 0 
7f91d3402000-7f91d34fe000 rw-p 00000000 00:00 0 
7f91d34fe000-7f91d3502000 ---p 00000000 00:00 0 
7f91d3502000-7f91d35fe000 rw-p 00000000 00:00 0 
7f91d35fe000-7f91d35ff000 ---p 00000000 00:00 0 
7f91d35ff000-7f91d3cff000 rw-p 00000000 00:00 0 
7f91d3cff000-7f91d3eff000 ---p 00000000 00:00 0 
7f91d3eff000-7f91d3f00000 ---p 00000000 00:00 0 
7f91d3f00000-7f91d4000000 rw-p 00000000 00:00 0 
7f91d4000000-7f91d4021000 rw-p 00000000 00:00 0 
7f91d4021000-7f91d8000000 ---p 00000000 00:00 0 
7f91d8000000-7f91d8021000 rw-p 00000000 00:00 0 
7f91d8021000-7f91dc000000 ---p 00000000 00:00 0 
7f91dc000000-7f91dc021000 rw-p 00000000 00:00 0 
7f91dc021000-7f91e0000000 ---p 00000000 00:00 0 
7f91e00bf000-7f91e00c0000 ---p 00000000 00:00 0 
7f91e00c0000-7f91e22b8000 rw-p 00000000 00:00 0 
7f91e22b8000-7f91e30d8000 ---p 00000000 00:00 0 
7f91e30d8000-7f91e31d8000 rw-p 00000000 00:00 0 
7f91e31d8000-7f91e3ff8000 ---p 00000000 00:00 0 
7f91e3ff8000-7f91e4000000 rw-p 00000000 00:00 0 
7f91e4000000-7f91e4021000 rw-p 00000000 00:00 0 
7f91e4021000-7f91e8000000 ---p 00000000 00:00 0 
7f91e80fb000-7f91e84ff000 rw-p 00000000 00:00 0 
7f91e84ff000-7f91e8500000 ---p 00000000 00:00 0 
7f91e8500000-7f91e8600000 rw-p 00000000 00:00 0 
7f91e8600000-7f91e8870000 rwxp 00000000 00:00 0 
7f91e8870000-7f91e8b90000 ---p 00000000 00:00 0 
7f91e8b90000-7f91e8e00000 rwxp 00000000 00:00 0 
7f91e8e00000-7f91f00c8000 ---p 00000000 00:00 0 
7f91f00c8000-7f91f0338000 rwxp 00000000 00:00 0 
7f91f0338000-7f91f7600000 ---p 00000000 00:00 0 
7f91f7600000-7f91ffe25000 r--s 00000000 08:03 265275                     /usr/lib/jvm/java-11-openjdk-amd64/lib/modules
7f91ffeff000-7f91fff00000 ---p 00000000 00:00 0 
7f91fff00000-7f9200000000 rw-p 00000000 00:00 0 
7f9200000000-7f9200451000 rw-p 00000000 00:00 0 
7f9200451000-7f9204000000 ---p 00000000 00:00 0 
7f9204064000-7f9204083000 rw-p 00000000 00:00 0 
7f9204083000-7f9204247000 ---p 00000000 00:00 0 
7f9204247000-7f9204267000 rw-p 00000000 00:00 0 
7f9204267000-7f920442b000 ---p 00000000 00:00 0 
7f920442b000-7f920444b000 rw-p 00000000 00:00 0 
7f920444b000-7f920460f000 ---p 00000000 00:00 0 
7f920460f000-7f9204a14000 rw-p 00000000 00:00 0 
7f9204a14000-7f9204a15000 ---p 00000000 00:00 0 
7f9204a15000-7f9204b1a000 rw-p 00000000 00:00 0 
7f9204b1a000-7f9204c00000 ---p 00000000 00:00 0 
7f9204c00000-7f9204c9a000 r--p 00000000 08:03 2360832                    /usr/lib/x86_64-linux-gnu/libstdc++.so.6.0.30
7f9204c9a000-7f9204dab000 r-xp 0009a000 08:03 2360832                    /usr/lib/x86_64-linux-gnu/libstdc++.so.6.0.30
7f9204dab000-7f9204e1a000 r--p 001ab000 08:03 2360832                    /usr/lib/x86_64-linux-gnu/libstdc++.so.6.0.30
7f9204e1a000-7f9204e1b000 ---p 0021a000 08:03 2360832                    /usr/lib/x86_64-linux-gnu/libstdc++.so.6.0.30
7f9204e1b000-7f9204e26000 r--p 0021a000 08:03 2360832                    /usr/lib/x86_64-linux-gnu/libstdc++.so.6.0.30
7f9204e26000-7f9204e29000 rw-p 00225000 08:03 2360832                    /usr/lib/x86_64-linux-gnu/libstdc++.so.6.0.30
7f9204e29000-7f9204e2c000 rw-p 00000000 00:00 0 
7f9204e55000-7f9204e5c000 r--p 00000000 08:03 1587750                    /home/ubuntu/.javacpp/cache/llvm-13.0.1-1.5.7-linux-x86_64.jar/org/bytedeco/llvm/linux-x86_64/libLTO.so.13
7f9204e5c000-7f9204e64000 r-xp 00007000 08:03 1587750                    /home/ubuntu/.javacpp/cache/llvm-13.0.1-1.5.7-linux-x86_64.jar/org/bytedeco/llvm/linux-x86_64/libLTO.so.13
7f9204e64000-7f9204e66000 r--p 0000f000 08:03 1587750                    /home/ubuntu/.javacpp/cache/llvm-13.0.1-1.5.7-linux-x86_64.jar/org/bytedeco/llvm/linux-x86_64/libLTO.so.13
7f9204e66000-7f9204e67000 r--p 00010000 08:03 1587750                    /home/ubuntu/.javacpp/cache/llvm-13.0.1-1.5.7-linux-x86_64.jar/org/bytedeco/llvm/linux-x86_64/libLTO.so.13
7f9204e67000-7f9204e68000 rw-p 00011000 08:03 1587750                    /home/ubuntu/.javacpp/cache/llvm-13.0.1-1.5.7-linux-x86_64.jar/org/bytedeco/llvm/linux-x86_64/libLTO.so.13
7f9204e68000-7f9204e69000 r--p 00000000 08:03 2361439                    /usr/lib/x86_64-linux-gnu/libdl.so.2
7f9204e69000-7f9204e6a000 r-xp 00001000 08:03 2361439                    /usr/lib/x86_64-linux-gnu/libdl.so.2
7f9204e6a000-7f9204e6b000 r--p 00002000 08:03 2361439                    /usr/lib/x86_64-linux-gnu/libdl.so.2
7f9204e6b000-7f9204e6c000 r--p 00002000 08:03 2361439                    /usr/lib/x86_64-linux-gnu/libdl.so.2
7f9204e6c000-7f9204e6d000 rw-p 00003000 08:03 2361439                    /usr/lib/x86_64-linux-gnu/libdl.so.2
7f9204e6d000-7f9204e6e000 r--p 00000000 08:03 2361473                    /usr/lib/x86_64-linux-gnu/libpthread.so.0
7f9204e6e000-7f9204e6f000 r-xp 00001000 08:03 2361473                    /usr/lib/x86_64-linux-gnu/libpthread.so.0
7f9204e6f000-7f9204e70000 r--p 00002000 08:03 2361473                    /usr/lib/x86_64-linux-gnu/libpthread.so.0
7f9204e70000-7f9204e71000 r--p 00002000 08:03 2361473                    /usr/lib/x86_64-linux-gnu/libpthread.so.0
7f9204e71000-7f9204e72000 rw-p 00003000 08:03 2361473                    /usr/lib/x86_64-linux-gnu/libpthread.so.0
7f9204e77000-7f9204e7e000 r--s 00000000 08:03 659244                     /usr/lib/x86_64-linux-gnu/gconv/gconv-modules.cache
7f9204e7e000-7f9204e7f000 r--p 00000000 08:03 1589995                    /home/ubuntu/.javacpp/cache/llvm-13.0.1-1.5.7-linux-x86_64.jar/org/bytedeco/llvm/linux-x86_64/libRemarks.so.13
7f9204e7f000-7f9204e80000 r-xp 00001000 08:03 1589995                    /home/ubuntu/.javacpp/cache/llvm-13.0.1-1.5.7-linux-x86_64.jar/org/bytedeco/llvm/linux-x86_64/libRemarks.so.13
7f9204e80000-7f9204e81000 r--p 00002000 08:03 1589995                    /home/ubuntu/.javacpp/cache/llvm-13.0.1-1.5.7-linux-x86_64.jar/org/bytedeco/llvm/linux-x86_64/libRemarks.so.13
7f9204e81000-7f9204e82000 r--p 00002000 08:03 1589995                    /home/ubuntu/.javacpp/cache/llvm-13.0.1-1.5.7-linux-x86_64.jar/org/bytedeco/llvm/linux-x86_64/libRemarks.so.13
7f9204e82000-7f9204e83000 rw-p 00003000 08:03 1589995                    /home/ubuntu/.javacpp/cache/llvm-13.0.1-1.5.7-linux-x86_64.jar/org/bytedeco/llvm/linux-x86_64/libRemarks.so.13
7f9204e83000-7f9204e87000 r--p 00000000 08:03 1587748                    /home/ubuntu/.javacpp/cache/javacpp-1.5.7-linux-x86_64.jar/org/bytedeco/javacpp/linux-x86_64/libjnijavacpp.so
7f9204e87000-7f9204e8e000 r-xp 00004000 08:03 1587748                    /home/ubuntu/.javacpp/cache/javacpp-1.5.7-linux-x86_64.jar/org/bytedeco/javacpp/linux-x86_64/libjnijavacpp.so
7f9204e8e000-7f9204e92000 r--p 0000b000 08:03 1587748                    /home/ubuntu/.javacpp/cache/javacpp-1.5.7-linux-x86_64.jar/org/bytedeco/javacpp/linux-x86_64/libjnijavacpp.so
7f9204e92000-7f9204e93000 r--p 0000e000 08:03 1587748                    /home/ubuntu/.javacpp/cache/javacpp-1.5.7-linux-x86_64.jar/org/bytedeco/javacpp/linux-x86_64/libjnijavacpp.so
7f9204e93000-7f9204e94000 rw-p 0000f000 08:03 1587748                    /home/ubuntu/.javacpp/cache/javacpp-1.5.7-linux-x86_64.jar/org/bytedeco/javacpp/linux-x86_64/libjnijavacpp.so
7f9204e94000-7f9204f1a000 rw-p 00000000 00:00 0 
7f9204f1a000-7f9205000000 ---p 00000000 00:00 0 
7f9205000000-7f9205282000 r--p 00000000 08:03 265280                     /usr/lib/jvm/java-11-openjdk-amd64/lib/server/libjvm.so
7f9205282000-7f9205f20000 r-xp 00282000 08:03 265280                     /usr/lib/jvm/java-11-openjdk-amd64/lib/server/libjvm.so
7f9205f20000-7f920617c000 r--p 00f20000 08:03 265280                     /usr/lib/jvm/java-11-openjdk-amd64/lib/server/libjvm.so
7f920617c000-7f9206240000 r--p 0117b000 08:03 265280                     /usr/lib/jvm/java-11-openjdk-amd64/lib/server/libjvm.so
7f9206240000-7f920627b000 rw-p 0123f000 08:03 265280                     /usr/lib/jvm/java-11-openjdk-amd64/lib/server/libjvm.so
7f920627b000-7f92062d2000 rw-p 00000000 00:00 0 
7f92062d4000-7f92062d8000 r--p 00000000 08:03 265265                     /usr/lib/jvm/java-11-openjdk-amd64/lib/libnet.so
7f92062d8000-7f92062e6000 r-xp 00004000 08:03 265265                     /usr/lib/jvm/java-11-openjdk-amd64/lib/libnet.so
7f92062e6000-7f92062ea000 r--p 00012000 08:03 265265                     /usr/lib/jvm/java-11-openjdk-amd64/lib/libnet.so
7f92062ea000-7f92062eb000 r--p 00015000 08:03 265265                     /usr/lib/jvm/java-11-openjdk-amd64/lib/libnet.so
7f92062eb000-7f92062ec000 rw-p 00016000 08:03 265265                     /usr/lib/jvm/java-11-openjdk-amd64/lib/libnet.so
7f92062ec000-7f92062f3000 r--p 00000000 08:03 265266                     /usr/lib/jvm/java-11-openjdk-amd64/lib/libnio.so
7f92062f3000-7f92062fb000 r-xp 00007000 08:03 265266                     /usr/lib/jvm/java-11-openjdk-amd64/lib/libnio.so
7f92062fb000-7f92062fe000 r--p 0000f000 08:03 265266                     /usr/lib/jvm/java-11-openjdk-amd64/lib/libnio.so
7f92062fe000-7f92062ff000 r--p 00011000 08:03 265266                     /usr/lib/jvm/java-11-openjdk-amd64/lib/libnio.so
7f92062ff000-7f9206300000 rw-p 00012000 08:03 265266                     /usr/lib/jvm/java-11-openjdk-amd64/lib/libnio.so
7f9206300000-7f9206304000 ---p 00000000 00:00 0 
7f9206304000-7f9206400000 rw-p 00000000 00:00 0 
7f9206400000-7f9206428000 r--p 00000000 08:03 2361426                    /usr/lib/x86_64-linux-gnu/libc.so.6
7f9206428000-7f92065bd000 r-xp 00028000 08:03 2361426                    /usr/lib/x86_64-linux-gnu/libc.so.6
7f92065bd000-7f9206615000 r--p 001bd000 08:03 2361426                    /usr/lib/x86_64-linux-gnu/libc.so.6
7f9206615000-7f9206616000 ---p 00215000 08:03 2361426                    /usr/lib/x86_64-linux-gnu/libc.so.6
7f9206616000-7f920661a000 r--p 00215000 08:03 2361426                    /usr/lib/x86_64-linux-gnu/libc.so.6
7f920661a000-7f920661c000 rw-p 00219000 08:03 2361426                    /usr/lib/x86_64-linux-gnu/libc.so.6
7f920661c000-7f9206629000 rw-p 00000000 00:00 0 
7f920662b000-7f920662c000 r--p 00000000 08:03 265247                     /usr/lib/jvm/java-11-openjdk-amd64/lib/libextnet.so
7f920662c000-7f920662d000 r-xp 00001000 08:03 265247                     /usr/lib/jvm/java-11-openjdk-amd64/lib/libextnet.so
7f920662d000-7f920662e000 r--p 00002000 08:03 265247                     /usr/lib/jvm/java-11-openjdk-amd64/lib/libextnet.so
7f920662e000-7f920662f000 r--p 00002000 08:03 265247                     /usr/lib/jvm/java-11-openjdk-amd64/lib/libextnet.so
7f920662f000-7f9206630000 rw-p 00003000 08:03 265247                     /usr/lib/jvm/java-11-openjdk-amd64/lib/libextnet.so
7f9206630000-7f92066b1000 rw-p 00000000 00:00 0 
7f92066b1000-7f92066b8000 ---p 00000000 00:00 0 
7f92066b8000-7f92066ba000 r--p 00000000 08:03 265274                     /usr/lib/jvm/java-11-openjdk-amd64/lib/libzip.so
7f92066ba000-7f92066bf000 r-xp 00002000 08:03 265274                     /usr/lib/jvm/java-11-openjdk-amd64/lib/libzip.so
7f92066bf000-7f92066c1000 r--p 00007000 08:03 265274                     /usr/lib/jvm/java-11-openjdk-amd64/lib/libzip.so
7f92066c1000-7f92066c2000 r--p 00008000 08:03 265274                     /usr/lib/jvm/java-11-openjdk-amd64/lib/libzip.so
7f92066c2000-7f92066c3000 rw-p 00009000 08:03 265274                     /usr/lib/jvm/java-11-openjdk-amd64/lib/libzip.so
7f92066c3000-7f92066cb000 rw-s 00000000 08:03 393238                     /tmp/hsperfdata_ubuntu/17688
7f92066cb000-7f92066cd000 r--p 00000000 08:03 265249                     /usr/lib/jvm/java-11-openjdk-amd64/lib/libinstrument.so
7f92066cd000-7f92066d4000 r-xp 00002000 08:03 265249                     /usr/lib/jvm/java-11-openjdk-amd64/lib/libinstrument.so
7f92066d4000-7f92066d7000 r--p 00009000 08:03 265249                     /usr/lib/jvm/java-11-openjdk-amd64/lib/libinstrument.so
7f92066d7000-7f92066d8000 r--p 0000b000 08:03 265249                     /usr/lib/jvm/java-11-openjdk-amd64/lib/libinstrument.so
7f92066d8000-7f92066d9000 rw-p 0000c000 08:03 265249                     /usr/lib/jvm/java-11-openjdk-amd64/lib/libinstrument.so
7f92066d9000-7f92066da000 ---p 00000000 00:00 0 
7f92066da000-7f92066db000 r--p 00000000 00:00 0 
7f92066db000-7f92066dd000 r--p 00000000 08:03 265257                     /usr/lib/jvm/java-11-openjdk-amd64/lib/libjimage.so
7f92066dd000-7f92066e0000 r-xp 00002000 08:03 265257                     /usr/lib/jvm/java-11-openjdk-amd64/lib/libjimage.so
7f92066e0000-7f92066e1000 r--p 00005000 08:03 265257                     /usr/lib/jvm/java-11-openjdk-amd64/lib/libjimage.so
7f92066e1000-7f92066e2000 ---p 00006000 08:03 265257                     /usr/lib/jvm/java-11-openjdk-amd64/lib/libjimage.so
7f92066e2000-7f92066e3000 r--p 00006000 08:03 265257                     /usr/lib/jvm/java-11-openjdk-amd64/lib/libjimage.so
7f92066e3000-7f92066e4000 rw-p 00007000 08:03 265257                     /usr/lib/jvm/java-11-openjdk-amd64/lib/libjimage.so
7f92066e4000-7f92066f2000 r--p 00000000 08:03 265254                     /usr/lib/jvm/java-11-openjdk-amd64/lib/libjava.so
7f92066f2000-7f9206708000 r-xp 0000e000 08:03 265254                     /usr/lib/jvm/java-11-openjdk-amd64/lib/libjava.so
7f9206708000-7f920670f000 r--p 00024000 08:03 265254                     /usr/lib/jvm/java-11-openjdk-amd64/lib/libjava.so
7f920670f000-7f9206710000 r--p 0002a000 08:03 265254                     /usr/lib/jvm/java-11-openjdk-amd64/lib/libjava.so
7f9206710000-7f9206711000 rw-p 0002b000 08:03 265254                     /usr/lib/jvm/java-11-openjdk-amd64/lib/libjava.so
7f9206711000-7f9206712000 rw-p 00000000 00:00 0 
7f9206712000-7f9206713000 r--p 00000000 08:03 2361484                    /usr/lib/x86_64-linux-gnu/librt.so.1
7f9206713000-7f9206714000 r-xp 00001000 08:03 2361484                    /usr/lib/x86_64-linux-gnu/librt.so.1
7f9206714000-7f9206715000 r--p 00002000 08:03 2361484                    /usr/lib/x86_64-linux-gnu/librt.so.1
7f9206715000-7f9206716000 r--p 00002000 08:03 2361484                    /usr/lib/x86_64-linux-gnu/librt.so.1
7f9206716000-7f9206717000 rw-p 00003000 08:03 2361484                    /usr/lib/x86_64-linux-gnu/librt.so.1
7f9206717000-7f920671a000 r--p 00000000 08:03 2359493                    /usr/lib/x86_64-linux-gnu/libgcc_s.so.1
7f920671a000-7f9206731000 r-xp 00003000 08:03 2359493                    /usr/lib/x86_64-linux-gnu/libgcc_s.so.1
7f9206731000-7f9206735000 r--p 0001a000 08:03 2359493                    /usr/lib/x86_64-linux-gnu/libgcc_s.so.1
7f9206735000-7f9206736000 r--p 0001d000 08:03 2359493                    /usr/lib/x86_64-linux-gnu/libgcc_s.so.1
7f9206736000-7f9206737000 rw-p 0001e000 08:03 2359493                    /usr/lib/x86_64-linux-gnu/libgcc_s.so.1
7f9206737000-7f9206745000 r--p 00000000 08:03 2361443                    /usr/lib/x86_64-linux-gnu/libm.so.6
7f9206745000-7f92067c1000 r-xp 0000e000 08:03 2361443                    /usr/lib/x86_64-linux-gnu/libm.so.6
7f92067c1000-7f920681c000 r--p 0008a000 08:03 2361443                    /usr/lib/x86_64-linux-gnu/libm.so.6
7f920681c000-7f920681d000 r--p 000e4000 08:03 2361443                    /usr/lib/x86_64-linux-gnu/libm.so.6
7f920681d000-7f920681e000 rw-p 000e5000 08:03 2361443                    /usr/lib/x86_64-linux-gnu/libm.so.6
7f920681e000-7f9206821000 rw-p 00000000 00:00 0 
7f9206821000-7f9206824000 r--p 00000000 08:03 265239                     /usr/lib/jvm/java-11-openjdk-amd64/lib/jli/libjli.so
7f9206824000-7f920682e000 r-xp 00003000 08:03 265239                     /usr/lib/jvm/java-11-openjdk-amd64/lib/jli/libjli.so
7f920682e000-7f9206831000 r--p 0000d000 08:03 265239                     /usr/lib/jvm/java-11-openjdk-amd64/lib/jli/libjli.so
7f9206831000-7f9206832000 ---p 00010000 08:03 265239                     /usr/lib/jvm/java-11-openjdk-amd64/lib/jli/libjli.so
7f9206832000-7f9206833000 r--p 00010000 08:03 265239                     /usr/lib/jvm/java-11-openjdk-amd64/lib/jli/libjli.so
7f9206833000-7f9206834000 rw-p 00011000 08:03 265239                     /usr/lib/jvm/java-11-openjdk-amd64/lib/jli/libjli.so
7f9206834000-7f9206836000 r--p 00000000 08:03 2367120                    /usr/lib/x86_64-linux-gnu/libz.so.1.2.11
7f9206836000-7f9206848000 r-xp 00002000 08:03 2367120                    /usr/lib/x86_64-linux-gnu/libz.so.1.2.11
7f9206848000-7f920684e000 r--p 00014000 08:03 2367120                    /usr/lib/x86_64-linux-gnu/libz.so.1.2.11
7f920684e000-7f920684f000 r--p 0001a000 08:03 2367120                    /usr/lib/x86_64-linux-gnu/libz.so.1.2.11
7f920684f000-7f9206850000 rw-p 0001b000 08:03 2367120                    /usr/lib/x86_64-linux-gnu/libz.so.1.2.11
7f9206850000-7f9206855000 r--p 00000000 08:03 265273                     /usr/lib/jvm/java-11-openjdk-amd64/lib/libverify.so
7f9206855000-7f920685c000 r-xp 00005000 08:03 265273                     /usr/lib/jvm/java-11-openjdk-amd64/lib/libverify.so
7f920685c000-7f920685e000 r--p 0000c000 08:03 265273                     /usr/lib/jvm/java-11-openjdk-amd64/lib/libverify.so
7f920685e000-7f9206860000 r--p 0000d000 08:03 265273                     /usr/lib/jvm/java-11-openjdk-amd64/lib/libverify.so
7f9206860000-7f9206861000 rw-p 0000f000 08:03 265273                     /usr/lib/jvm/java-11-openjdk-amd64/lib/libverify.so
7f9206861000-7f9206863000 rw-p 00000000 00:00 0 
7f9206863000-7f9206865000 r--p 00000000 08:03 2361301                    /usr/lib/x86_64-linux-gnu/ld-linux-x86-64.so.2
7f9206865000-7f920688f000 r-xp 00002000 08:03 2361301                    /usr/lib/x86_64-linux-gnu/ld-linux-x86-64.so.2
7f920688f000-7f920689a000 r--p 0002c000 08:03 2361301                    /usr/lib/x86_64-linux-gnu/ld-linux-x86-64.so.2
7f920689b000-7f920689d000 r--p 00037000 08:03 2361301                    /usr/lib/x86_64-linux-gnu/ld-linux-x86-64.so.2
7f920689d000-7f920689f000 rw-p 00039000 08:03 2361301                    /usr/lib/x86_64-linux-gnu/ld-linux-x86-64.so.2
7ffc71a00000-7ffc71a21000 rw-p 00000000 00:00 0                          [stack]
7ffc71a68000-7ffc71a6c000 r--p 00000000 00:00 0                          [vvar]
7ffc71a6c000-7ffc71a6e000 r-xp 00000000 00:00 0                          [vdso]
ffffffffff600000-ffffffffff601000 --xp 00000000 00:00 0                  [vsyscall]


VM Arguments:
jvm_args: -javaagent:/home/ubuntu/software/idea-IU-233.14475.28/lib/idea_rt.jar=38513:/home/ubuntu/software/idea-IU-233.14475.28/bin -Dfile.encoding=UTF-8 
java_command: Main tests/test1.c tests/Actual.ll
java_class_path (initial): /home/ubuntu/Lab/out/production/Lab:/usr/local/lib/antlr-4.9.1-complete.jar:/usr/local/lib/javacpp-1.5.7-linux-x86_64.jar:/usr/local/lib/javacpp-1.5.7.jar:/usr/local/lib/llvm-13.0.1-1.5.7-linux-x86_64.jar:/usr/local/lib/llvm-13.0.1-1.5.7.jar:/usr/local/lib/llvm-platform-13.0.1-1.5.7.jar
Launcher Type: SUN_STANDARD

[Global flags]
     intx CICompilerCount                          = 3                                         {product} {ergonomic}
     uint ConcGCThreads                            = 1                                         {product} {ergonomic}
     uint G1ConcRefinementThreads                  = 4                                         {product} {ergonomic}
   size_t G1HeapRegionSize                         = 1048576                                   {product} {ergonomic}
    uintx GCDrainStackTargetSize                   = 64                                        {product} {ergonomic}
   size_t InitialHeapSize                          = 65011712                                  {product} {ergonomic}
   size_t MarkStackSize                            = 4194304                                   {product} {ergonomic}
   size_t MaxHeapSize                              = 1015021568                                {product} {ergonomic}
   size_t MaxNewSize                               = 608174080                                 {product} {ergonomic}
   size_t MinHeapDeltaBytes                        = 1048576                                   {product} {ergonomic}
    uintx NonNMethodCodeHeapSize                   = 5830732                                {pd product} {ergonomic}
    uintx NonProfiledCodeHeapSize                  = 122913754                              {pd product} {ergonomic}
    uintx ProfiledCodeHeapSize                     = 122913754                              {pd product} {ergonomic}
    uintx ReservedCodeCacheSize                    = 251658240                              {pd product} {ergonomic}
     bool SegmentedCodeCache                       = true                                      {product} {ergonomic}
     bool UseCompressedClassPointers               = true                                 {lp64_product} {ergonomic}
     bool UseCompressedOops                        = true                                 {lp64_product} {ergonomic}
     bool UseG1GC                                  = true                                      {product} {ergonomic}

Logging:
Log output configuration:
 #0: stdout all=warning uptime,level,tags
 #1: stderr all=off uptime,level,tags

Environment Variables:
PATH=/usr/local/sbin:/usr/local/bin:/usr/sbin:/usr/bin:/sbin:/bin:/usr/games:/usr/local/games:/snap/bin:/snap/bin
USERNAME=ubuntu
SHELL=/bin/bash
DISPLAY=:0
LANG=zh_CN.UTF-8

Signal Handlers:
SIGSEGV: [libjvm.so+0xead700], sa_mask[0]=11111111011111111101111111111110, sa_flags=SA_RESTART|SA_SIGINFO
SIGBUS: [libjvm.so+0xead700], sa_mask[0]=11111111011111111101111111111110, sa_flags=SA_RESTART|SA_SIGINFO
SIGFPE: [libjvm.so+0xead700], sa_mask[0]=11111111011111111101111111111110, sa_flags=SA_RESTART|SA_SIGINFO
SIGPIPE: [libjvm.so+0xbefa50], sa_mask[0]=11111111011111111101111111111110, sa_flags=SA_RESTART|SA_SIGINFO
SIGXFSZ: [libjvm.so+0xbefa50], sa_mask[0]=11111111011111111101111111111110, sa_flags=SA_RESTART|SA_SIGINFO
SIGILL: [libjvm.so+0xead700], sa_mask[0]=11111111011111111101111111111110, sa_flags=SA_RESTART|SA_SIGINFO
SIGUSR2: [libjvm.so+0xbef8f0], sa_mask[0]=00100000000000000000000000000000, sa_flags=SA_RESTART|SA_SIGINFO
SIGHUP: [libjvm.so+0xbf00b0], sa_mask[0]=11111111011111111101111111111110, sa_flags=SA_RESTART|SA_SIGINFO
SIGINT: [libjvm.so+0xbf00b0], sa_mask[0]=11111111011111111101111111111110, sa_flags=SA_RESTART|SA_SIGINFO
SIGTERM: [libjvm.so+0xbf00b0], sa_mask[0]=11111111011111111101111111111110, sa_flags=SA_RESTART|SA_SIGINFO
SIGQUIT: [libjvm.so+0xbf00b0], sa_mask[0]=11111111011111111101111111111110, sa_flags=SA_RESTART|SA_SIGINFO


---------------  S Y S T E M  ---------------

OS:DISTRIB_ID=Ubuntu
DISTRIB_RELEASE=22.10
DISTRIB_CODENAME=kinetic
DISTRIB_DESCRIPTION="Ubuntu 22.10"
uname:Linux 6.5.0-21-generic #21~22.04.1-Ubuntu SMP PREEMPT_DYNAMIC Fri Feb  9 13:32:52 UTC 2 x86_64
OS uptime: 0 days 4:12 hours
libc:glibc 2.35 NPTL 2.35 
rlimit (soft/hard): STACK 8192k/infinity , CORE 0k/infinity , NPROC 15188/15188 , NOFILE 1048576/1048576 , AS infinity/infinity , CPU infinity/infinity , DATA infinity/infinity , FSIZE infinity/infinity , MEMLOCK 495444k/495444k
load average:5.52 1.78 0.94

/proc/meminfo:
MemTotal:        3963576 kB
MemFree:          681020 kB
MemAvailable:    1334472 kB
Buffers:            2948 kB
Cached:           819332 kB
SwapCached:        74468 kB
Active:          1911120 kB
Inactive:         754664 kB
Active(anon):    1469920 kB
Inactive(anon):   375960 kB
Active(file):     441200 kB
Inactive(file):   378704 kB
Unevictable:          16 kB
Mlocked:              16 kB
SwapTotal:       3991548 kB
SwapFree:        2518192 kB
Zswap:                 0 kB
Zswapped:              0 kB
Dirty:             38872 kB
Writeback:             0 kB
AnonPages:       1826604 kB
Mapped:           285416 kB
Shmem:              2372 kB
KReclaimable:      76032 kB
Slab:             234316 kB
SReclaimable:      76032 kB
SUnreclaim:       158284 kB
KernelStack:       12864 kB
PageTables:        24276 kB
SecPageTables:         0 kB
NFS_Unstable:          0 kB
Bounce:                0 kB
WritebackTmp:          0 kB
CommitLimit:     5973336 kB
Committed_AS:    5683908 kB
VmallocTotal:   34359738367 kB
VmallocUsed:       43632 kB
VmallocChunk:          0 kB
Percpu:           102912 kB
HardwareCorrupted:     0 kB
AnonHugePages:         0 kB
ShmemHugePages:        0 kB
ShmemPmdMapped:        0 kB
FileHugePages:         0 kB
FilePmdMapped:         0 kB
Unaccepted:            0 kB
HugePages_Total:       0
HugePages_Free:        0
HugePages_Rsvd:        0
HugePages_Surp:        0
Hugepagesize:       2048 kB
Hugetlb:               0 kB
DirectMap4k:      165696 kB
DirectMap2M:     2979840 kB
DirectMap1G:     3145728 kB

/sys/kernel/mm/transparent_hugepage/enabled:
always [madvise] never
/sys/kernel/mm/transparent_hugepage/defrag (defrag/compaction efforts parameter):
always defer defer+madvise [madvise] never

Process Memory:
Virtual Size: 3868404K (peak: 12378248K)
Resident Set Size: 97160K (peak: 97160K) (anon: 38916K, file: 58244K, shmem: 0K)
Swapped out: 0K
C-Heap outstanding allocations: 18758K, retained: 2713K
glibc malloc tunables: (default)

/proc/sys/kernel/threads-max (system-wide limit on the number of threads):
30377
/proc/sys/vm/max_map_count (maximum number of memory map areas a process may have):
65530
/proc/sys/kernel/pid_max (system-wide limit on number of process identifiers):
4194304

container (cgroup) information:
container_type: cgroupv2
cpu_cpuset_cpus: not supported
cpu_memory_nodes: not supported
active_processor_count: 4
cpu_quota: not supported
cpu_period: not supported
cpu_shares: not supported
memory_limit_in_bytes: unlimited
memory_and_swap_limit_in_bytes: unlimited
memory_soft_limit_in_bytes: unlimited
memory_usage_in_bytes: 2213776 k
memory_max_usage_in_bytes: not supported
memory_swap_current_in_bytes: 962012 k
memory_swap_max_limit_in_bytes: unlimited
maximum number of tasks: 4556
current number of tasks: 132

VMWare virtualization detected
Steal ticks since vm start: 0
Steal ticks percentage since vm start:  0.000

CPU:total 4 (initial active 4) (1 cores per cpu, 1 threads per core) family 25 model 80 stepping 0 microcode 0xffffffff, cmov, cx8, fxsr, mmx, sse, sse2, sse3, ssse3, sse4.1, sse4.2, popcnt, avx, avx2, aes, clmul, erms, mmxext, lzcnt, sse4a, tsc, tscinvbit, tscinv, bmi1, bmi2, adx, sha, fma
CPU Model and flags from /proc/cpuinfo:
model name	: AMD Ryzen 5 5600H with Radeon Graphics
flags		: fpu vme de pse tsc msr pae mce cx8 apic sep mtrr pge mca cmov pat pse36 clflush mmx fxsr sse sse2 syscall nx mmxext pdpe1gb rdtscp lm constant_tsc rep_good nopl tsc_reliable nonstop_tsc cpuid extd_apicid tsc_known_freq pni pclmulqdq ssse3 fma cx16 sse4_1 sse4_2 x2apic movbe popcnt aes xsave avx f16c rdrand hypervisor lahf_lm cr8_legacy abm sse4a misalignsse 3dnowprefetch osvw topoext ibpb vmmcall fsgsbase bmi1 avx2 smep bmi2 erms invpcid rdseed adx smap clflushopt clwb sha_ni xsaveopt xsavec xgetbv1 xsaves clzero arat umip vaes vpclmulqdq rdpid overflow_recov succor fsrm
Online cpus:
0-3
Offline cpus:
4-127
BIOS frequency limitation:
<Not Available>
Frequency switch latency (ns):
<Not Available>
Available cpu frequencies:
<Not Available>
Current governor:
<Not Available>
Core performance/turbo boost:
<Not Available>

Memory: 4k page, physical 3963576k(680768k free), swap 3991548k(2518192k free)

vm_info: OpenJDK 64-Bit Server VM (11.0.22+7-post-Ubuntu-0ubuntu222.04.1) for linux-amd64 JRE (11.0.22+7-post-Ubuntu-0ubuntu222.04.1), built on Feb  5 2024 20:45:01 by "unknown" with gcc 11.4.0

END.
