#
# A fatal error has been detected by the Java Runtime Environment:
#
#  SIGSEGV (0xb) at pc=0x00007fb5be029913, pid=18625, tid=18627
#
# JRE version: OpenJDK Runtime Environment (11.0.22+7) (build 11.0.22+7-post-Ubuntu-0ubuntu222.04.1)
# Java VM: OpenJDK 64-Bit Server VM (11.0.22+7-post-Ubuntu-0ubuntu222.04.1, mixed mode, sharing, tiered, compressed oops, g1 gc, linux-amd64)
# Problematic frame:
# C  [libLLVM-13.so+0xc29913]  LLVMBuildSub+0x33
#
# Core dump will be written. Default location: Core dumps may be processed with "/usr/share/apport/apport -p%p -s%s -c%c -d%d -P%P -u%u -g%g -- %E" (or dumping to /home/ubuntu/Lab/core.18625)
#
# If you would like to submit a bug report, please visit:
#   https://bugs.launchpad.net/ubuntu/+source/openjdk-lts
# The crash happened outside the Java Virtual Machine in native code.
# See problematic frame for where to report the bug.
#

---------------  S U M M A R Y ------------

Command Line: -javaagent:/home/ubuntu/software/idea-IU-233.14475.28/lib/idea_rt.jar=38557:/home/ubuntu/software/idea-IU-233.14475.28/bin -Dfile.encoding=UTF-8 Main tests/test1.c tests/Actual.ll

Host: AMD Ryzen 5 5600H with Radeon Graphics, 4 cores, 3G, Ubuntu 22.10
Time: Fri May 17 12:50:09 2024 CST elapsed time: 0.280909 seconds (0d 0h 0m 0s)

---------------  T H R E A D  ---------------

Current thread (0x00007fb628016800):  JavaThread "main" [_thread_in_native, id=18627, stack(0x00007fb62cf00000,0x00007fb62d000000)]

Stack: [0x00007fb62cf00000,0x00007fb62d000000],  sp=0x00007fb62cffdd50,  free space=1015k
Native frames: (J=compiled Java code, A=aot compiled Java code, j=interpreted, Vv=VM code, C=native code)
C  [libLLVM-13.so+0xc29913]  LLVMBuildSub+0x33

Java frames: (J=compiled Java code, j=interpreted, Vv=VM code)
j  org.bytedeco.llvm.global.LLVM.LLVMBuildSub(Lorg/bytedeco/llvm/LLVM/LLVMBuilderRef;Lorg/bytedeco/llvm/LLVM/LLVMValueRef;Lorg/bytedeco/llvm/LLVM/LLVMValueRef;Ljava/lang/String;)Lorg/bytedeco/llvm/LLVM/LLVMValueRef;+0
j  myVisitor.visitExp(LSysYParser$ExpContext;)Lorg/bytedeco/llvm/LLVM/LLVMValueRef;+127
j  myVisitor.visitStmt(LSysYParser$StmtContext;)Lorg/bytedeco/llvm/LLVM/LLVMValueRef;+19
j  myVisitor.visitStmt(LSysYParser$StmtContext;)Ljava/lang/Object;+2
j  SysYParser$StmtContext.accept(Lorg/antlr/v4/runtime/tree/ParseTreeVisitor;)Ljava/lang/Object;+12
j  org.antlr.v4.runtime.tree.AbstractParseTreeVisitor.visitChildren(Lorg/antlr/v4/runtime/tree/RuleNode;)Ljava/lang/Object;+46
j  SysYParserBaseVisitor.visitBlockItem(LSysYParser$BlockItemContext;)Ljava/lang/Object;+2
j  SysYParser$BlockItemContext.accept(Lorg/antlr/v4/runtime/tree/ParseTreeVisitor;)Ljava/lang/Object;+12
j  org.antlr.v4.runtime.tree.AbstractParseTreeVisitor.visitChildren(Lorg/antlr/v4/runtime/tree/RuleNode;)Ljava/lang/Object;+46
j  myVisitor.visitBlock(LSysYParser$BlockContext;)Lorg/bytedeco/llvm/LLVM/LLVMValueRef;+9
j  myVisitor.visitBlock(LSysYParser$BlockContext;)Ljava/lang/Object;+2
j  SysYParser$BlockContext.accept(Lorg/antlr/v4/runtime/tree/ParseTreeVisitor;)Ljava/lang/Object;+12
j  org.antlr.v4.runtime.tree.AbstractParseTreeVisitor.visit(Lorg/antlr/v4/runtime/tree/ParseTree;)Ljava/lang/Object;+2
j  myVisitor.visitFuncDef(LSysYParser$FuncDefContext;)Lorg/bytedeco/llvm/LLVM/LLVMValueRef;+65
j  myVisitor.visitFuncDef(LSysYParser$FuncDefContext;)Ljava/lang/Object;+2
j  SysYParser$FuncDefContext.accept(Lorg/antlr/v4/runtime/tree/ParseTreeVisitor;)Ljava/lang/Object;+12
j  org.antlr.v4.runtime.tree.AbstractParseTreeVisitor.visitChildren(Lorg/antlr/v4/runtime/tree/RuleNode;)Ljava/lang/Object;+46
j  SysYParserBaseVisitor.visitCompUnit(LSysYParser$CompUnitContext;)Ljava/lang/Object;+2
j  SysYParser$CompUnitContext.accept(Lorg/antlr/v4/runtime/tree/ParseTreeVisitor;)Ljava/lang/Object;+12
j  org.antlr.v4.runtime.tree.AbstractParseTreeVisitor.visitChildren(Lorg/antlr/v4/runtime/tree/RuleNode;)Ljava/lang/Object;+46
j  SysYParserBaseVisitor.visitProgram(LSysYParser$ProgramContext;)Ljava/lang/Object;+2
j  SysYParser$ProgramContext.accept(Lorg/antlr/v4/runtime/tree/ParseTreeVisitor;)Ljava/lang/Object;+12
j  org.antlr.v4.runtime.tree.AbstractParseTreeVisitor.visit(Lorg/antlr/v4/runtime/tree/ParseTree;)Ljava/lang/Object;+2
j  Main.main([Ljava/lang/String;)V+79
v  ~StubRoutines::call_stub

siginfo: si_signo: 11 (SIGSEGV), si_code: 1 (SEGV_MAPERR), si_addr: 0x0000000000000010

Register to memory mapping:

RAX=0x00007fb6284047a0 points into unknown readable memory: 0x00000073756e696d | 6d 69 6e 75 73 00 00 00
RBX=0x00007fb6283d4a20 points into unknown readable memory: 0x00007fb6283d4a30 | 30 4a 3d 28 b6 7f 00 00
RCX=0x00007fb6284047a0 points into unknown readable memory: 0x00000073756e696d | 6d 69 6e 75 73 00 00 00
RDX=0x0000000000000101 is an unknown value
RSP=0x00007fb62cffdd50 is pointing into the stack for thread: 0x00007fb628016800
RBP=0x00007fb628016b48 points into unknown readable memory: 0x00007fb62e246b40 | 40 6b 24 2e b6 7f 00 00
RSI=0x0 is NULL
RDI=0x00007fb628404770 points into unknown readable memory: 0x00007fb6283f8618 | 18 86 3f 28 b6 7f 00 00
R8 =0x00000000c6bc2980 points into unknown readable memory: 0x00000073756e696d | 6d 69 6e 75 73 00 00 00
R9 =0x0000000000000002 is an unknown value
R10=0x00007fb5bd45a280: <offset 0x000000000005a280> in /home/ubuntu/.javacpp/cache/llvm-13.0.1-1.5.7-linux-x86_64.jar/org/bytedeco/llvm/linux-x86_64/libLLVM-13.so at 0x00007fb5bd400000
R11=0x00007fb5be0298e0: LLVMBuildSub+0x0000000000000000 in /home/ubuntu/.javacpp/cache/llvm-13.0.1-1.5.7-linux-x86_64.jar/org/bytedeco/llvm/linux-x86_64/libLLVM-13.so at 0x00007fb5bd400000
R12=0x00007fb62cffdeb8 is pointing into the stack for thread: 0x00007fb628016800
R13=0x00007fb628404770 points into unknown readable memory: 0x00007fb6283f8618 | 18 86 3f 28 b6 7f 00 00
R14=0x0 is NULL
R15=0x00007fb6283d4a20 points into unknown readable memory: 0x00007fb6283d4a30 | 30 4a 3d 28 b6 7f 00 00


Registers:
RAX=0x00007fb6284047a0, RBX=0x00007fb6283d4a20, RCX=0x00007fb6284047a0, RDX=0x0000000000000101
RSP=0x00007fb62cffdd50, RBP=0x00007fb628016b48, RSI=0x0000000000000000, RDI=0x00007fb628404770
R8 =0x00000000c6bc2980, R9 =0x0000000000000002, R10=0x00007fb5bd45a280, R11=0x00007fb5be0298e0
R12=0x00007fb62cffdeb8, R13=0x00007fb628404770, R14=0x0000000000000000, R15=0x00007fb6283d4a20
RIP=0x00007fb5be029913, EFLAGS=0x0000000000010283, CSGSFS=0x002b000000000033, ERR=0x0000000000000004
  TRAPNO=0x000000000000000e

Top of Stack: (sp=0x00007fb62cffdd50)
0x00007fb62cffdd50:   00007fb6284047a0 00007fb6281269f0
0x00007fb62cffdd60:   0000000000000006 0000000000000005
0x00007fb62cffdd70:   00007fb628400103 00007fb6281269f0
0x00007fb62cffdd80:   0000000000000000 00007fb6283d4a20 

Instructions: (pc=0x00007fb5be029913)
0x00007fb5be029813:   00 00 48 8d 4c 24 30 45 31 c0 bf 0e 00 00 00 66
0x00007fb5be029823:   89 44 24 50 e8 e4 ca 09 00 48 8b 55 58 44 8b 6d
0x00007fb5be029833:   60 49 89 c4 48 85 d2 74 0d be 03 00 00 00 48 89
0x00007fb5be029843:   c7 e8 f7 45 0e 00 44 89 ee 4c 89 e7 e8 3c f9 08
0x00007fb5be029853:   00 48 8b 7d 50 48 8b 4d 30 48 89 e2 4c 8b 45 38
0x00007fb5be029863:   4c 89 e6 48 8b 07 ff 50 10 8b 5d 08 48 8b 45 00
0x00007fb5be029873:   48 c1 e3 04 48 01 c3 48 39 d8 0f 84 c4 fe ff ff
0x00007fb5be029883:   48 89 c5 66 2e 0f 1f 84 00 00 00 00 00 48 8b 55
0x00007fb5be029893:   08 8b 75 00 4c 89 e7 48 83 c5 10 e8 9d 45 0e 00
0x00007fb5be0298a3:   48 39 eb 75 e8 48 83 c4 68 4c 89 e0 5b 5d 41 5c
0x00007fb5be0298b3:   41 5d c3 66 2e 0f 1f 84 00 00 00 00 00 48 89 d1
0x00007fb5be0298c3:   48 89 f2 be 0e 00 00 00 ff d0 49 89 c4 e9 c7 fe
0x00007fb5be0298d3:   ff ff 66 2e 0f 1f 84 00 00 00 00 00 90 41 54 55
0x00007fb5be0298e3:   53 48 89 fb 48 89 f7 48 89 d6 ba 01 01 00 00 48
0x00007fb5be0298f3:   83 ec 60 80 39 00 66 89 54 24 20 74 09 48 89 0c
0x00007fb5be029903:   24 c6 44 24 20 03 80 7f 10 12 0f 87 95 00 00 00
0x00007fb5be029913:   80 7e 10 12 0f 87 8b 00 00 00 4c 8b 4b 48 48 8d
0x00007fb5be029923:   15 08 13 fa ff 49 8b 01 48 8b 40 20 48 39 d0 0f
0x00007fb5be029933:   85 f0 00 00 00 31 c9 31 d2 e8 9f 0d ff ff 49 89
0x00007fb5be029943:   c4 41 80 7c 24 10 19 76 4b 48 8b 7b 50 48 8b 4b
0x00007fb5be029953:   30 48 89 e2 4c 89 e6 4c 8b 43 38 48 8b 07 ff 50
0x00007fb5be029963:   10 8b 6b 08 48 8b 03 48 c1 e5 04 48 01 c5 48 39
0x00007fb5be029973:   e8 74 21 48 89 c3 0f 1f 80 00 00 00 00 48 8b 53
0x00007fb5be029983:   08 8b 33 4c 89 e7 48 83 c3 10 e8 ae 44 0e 00 48
0x00007fb5be029993:   39 dd 75 e9 48 83 c4 60 4c 89 e0 5b 5d 41 5c c3
0x00007fb5be0299a3:   0f 1f 44 00 00 48 89 f2 b8 01 01 00 00 48 89 fe
0x00007fb5be0299b3:   45 31 c0 48 8d 4c 24 30 bf 0f 00 00 00 66 89 44
0x00007fb5be0299c3:   24 50 e8 46 c9 09 00 48 8b 7b 50 48 89 e2 48 8b
0x00007fb5be0299d3:   4b 30 49 89 c4 4c 8b 43 38 48 8b 07 4c 89 e6 ff
0x00007fb5be0299e3:   50 10 8b 6b 08 48 8b 13 48 c1 e5 04 48 01 d5 48
0x00007fb5be0299f3:   39 ea 74 a0 48 89 d3 66 0f 1f 44 00 00 48 8b 53
0x00007fb5be029a03:   08 8b 33 4c 89 e7 48 83 c3 10 e8 2e 44 0e 00 48 


Stack slot to memory mapping:
stack at sp + 0 slots: 0x00007fb6284047a0 points into unknown readable memory: 0x00000073756e696d | 6d 69 6e 75 73 00 00 00
stack at sp + 1 slots: 0x00007fb6281269f0 points into unknown readable memory: 0x00000000c6bc2970 | 70 29 bc c6 00 00 00 00
stack at sp + 2 slots: 0x0000000000000006 is an unknown value
stack at sp + 3 slots: 0x0000000000000005 is an unknown value
stack at sp + 4 slots: 0x00007fb628400103 points into unknown readable memory: 00 00 00 00 00
stack at sp + 5 slots: 0x00007fb6281269f0 points into unknown readable memory: 0x00000000c6bc2970 | 70 29 bc c6 00 00 00 00
stack at sp + 6 slots: 0x0 is NULL
stack at sp + 7 slots: 0x00007fb6283d4a20 points into unknown readable memory: 0x00007fb6283d4a30 | 30 4a 3d 28 b6 7f 00 00


---------------  P R O C E S S  ---------------

Threads class SMR info:
_java_thread_list=0x00007fb5d43ef8c0, length=12, elements={
0x00007fb628016800, 0x00007fb628128000, 0x00007fb62812a000, 0x00007fb62812f800,
0x00007fb628131800, 0x00007fb628134000, 0x00007fb628136000, 0x00007fb628138000,
0x00007fb62814d800, 0x00007fb62820b000, 0x00007fb628226800, 0x00007fb5d43ee000
}

Java Threads: ( => current thread )
=>0x00007fb628016800 JavaThread "main" [_thread_in_native, id=18627, stack(0x00007fb62cf00000,0x00007fb62d000000)]
  0x00007fb628128000 JavaThread "Reference Handler" daemon [_thread_blocked, id=18640, stack(0x00007fb5fb4fe000,0x00007fb5fb5fe000)]
  0x00007fb62812a000 JavaThread "Finalizer" daemon [_thread_blocked, id=18641, stack(0x00007fb5fb3fe000,0x00007fb5fb4fe000)]
  0x00007fb62812f800 JavaThread "Signal Dispatcher" daemon [_thread_blocked, id=18645, stack(0x00007fb5fb2fe000,0x00007fb5fb3fe000)]
  0x00007fb628131800 JavaThread "Service Thread" daemon [_thread_blocked, id=18647, stack(0x00007fb5fa900000,0x00007fb5faa00000)]
  0x00007fb628134000 JavaThread "C2 CompilerThread0" daemon [_thread_blocked, id=18648, stack(0x00007fb5fa800000,0x00007fb5fa900000)]
  0x00007fb628136000 JavaThread "C1 CompilerThread0" daemon [_thread_blocked, id=18650, stack(0x00007fb5fa700000,0x00007fb5fa800000)]
  0x00007fb628138000 JavaThread "Sweeper thread" daemon [_thread_blocked, id=18651, stack(0x00007fb5fa600000,0x00007fb5fa700000)]
  0x00007fb62814d800 JavaThread "Common-Cleaner" daemon [_thread_blocked, id=18656, stack(0x00007fb5fa500000,0x00007fb5fa600000)]
  0x00007fb62820b000 JavaThread "Monitor Ctrl-Break" daemon [_thread_in_native, id=18657, stack(0x00007fb5fa400000,0x00007fb5fa500000)]
  0x00007fb628226800 JavaThread "JavaCPP Deallocator" daemon [_thread_blocked, id=18660, stack(0x00007fb5fa1ff000,0x00007fb5fa2ff000)]
  0x00007fb5d43ee000 JavaThread "C2 CompilerThread1" daemon [_thread_blocked, id=18661, stack(0x00007fb5f9ff9000,0x00007fb5fa0f9000)]

Other Threads:
  0x00007fb628125800 VMThread "VM Thread" [stack: 0x00007fb5fb5ff000,0x00007fb5fb6ff000] [id=18638]
  0x00007fb62820e000 WatcherThread [stack: 0x00007fb5fa300000,0x00007fb5fa400000] [id=18659]
  0x00007fb62802f800 GCTaskThread "GC Thread#0" [stack: 0x00007fb62c92a000,0x00007fb62ca2a000] [id=18630]
  0x00007fb62804a800 ConcurrentGCThread "G1 Main Marker" [stack: 0x00007fb62c05d000,0x00007fb62c15d000] [id=18632]
  0x00007fb62804c800 ConcurrentGCThread "G1 Conc#0" [stack: 0x00007fb627f00000,0x00007fb628000000] [id=18633]
  0x00007fb628090000 ConcurrentGCThread "G1 Refine#0" [stack: 0x00007fb6080c0000,0x00007fb6081c0000] [id=18636]
  0x00007fb628092000 ConcurrentGCThread "G1 Young RemSet Sampling" [stack: 0x00007fb5fbf00000,0x00007fb5fc000000] [id=18637]

Threads with active compile tasks:

VM state:not at safepoint (normal execution)

VM Mutex/Monitor currently owned by a thread: None

Heap address: 0x00000000c3800000, size: 968 MB, Compressed Oops mode: 32-bit
Narrow klass base: 0x0000000800000000, Narrow klass shift: 3
Compressed class space size: 1073741824 Address: 0x0000000840000000

Heap:
 garbage-first heap   total 65536K, used 9936K [0x00000000c3800000, 0x0000000100000000)
  region size 1024K, 11 young (11264K), 0 survivors (0K)
 Metaspace       used 3901K, capacity 6551K, committed 6912K, reserved 1056768K
  class space    used 430K, capacity 695K, committed 768K, reserved 1048576K
Heap Regions: E=young(eden), S=young(survivor), O=old, HS=humongous(starts), HC=humongous(continues), CS=collection set, F=free, A=archive, TAMS=top-at-mark-start (previous, next)
|   0|0x00000000c3800000, 0x00000000c3800000, 0x00000000c3900000|  0%| F|  |TAMS 0x00000000c3800000, 0x00000000c3800000| Untracked 
|   1|0x00000000c3900000, 0x00000000c3900000, 0x00000000c3a00000|  0%| F|  |TAMS 0x00000000c3900000, 0x00000000c3900000| Untracked 
|   2|0x00000000c3a00000, 0x00000000c3a00000, 0x00000000c3b00000|  0%| F|  |TAMS 0x00000000c3a00000, 0x00000000c3a00000| Untracked 
|   3|0x00000000c3b00000, 0x00000000c3b00000, 0x00000000c3c00000|  0%| F|  |TAMS 0x00000000c3b00000, 0x00000000c3b00000| Untracked 
|   4|0x00000000c3c00000, 0x00000000c3c00000, 0x00000000c3d00000|  0%| F|  |TAMS 0x00000000c3c00000, 0x00000000c3c00000| Untracked 
|   5|0x00000000c3d00000, 0x00000000c3d00000, 0x00000000c3e00000|  0%| F|  |TAMS 0x00000000c3d00000, 0x00000000c3d00000| Untracked 
|   6|0x00000000c3e00000, 0x00000000c3e00000, 0x00000000c3f00000|  0%| F|  |TAMS 0x00000000c3e00000, 0x00000000c3e00000| Untracked 
|   7|0x00000000c3f00000, 0x00000000c3f00000, 0x00000000c4000000|  0%| F|  |TAMS 0x00000000c3f00000, 0x00000000c3f00000| Untracked 
|   8|0x00000000c4000000, 0x00000000c4000000, 0x00000000c4100000|  0%| F|  |TAMS 0x00000000c4000000, 0x00000000c4000000| Untracked 
|   9|0x00000000c4100000, 0x00000000c4100000, 0x00000000c4200000|  0%| F|  |TAMS 0x00000000c4100000, 0x00000000c4100000| Untracked 
|  10|0x00000000c4200000, 0x00000000c4200000, 0x00000000c4300000|  0%| F|  |TAMS 0x00000000c4200000, 0x00000000c4200000| Untracked 
|  11|0x00000000c4300000, 0x00000000c4300000, 0x00000000c4400000|  0%| F|  |TAMS 0x00000000c4300000, 0x00000000c4300000| Untracked 
|  12|0x00000000c4400000, 0x00000000c4400000, 0x00000000c4500000|  0%| F|  |TAMS 0x00000000c4400000, 0x00000000c4400000| Untracked 
|  13|0x00000000c4500000, 0x00000000c4500000, 0x00000000c4600000|  0%| F|  |TAMS 0x00000000c4500000, 0x00000000c4500000| Untracked 
|  14|0x00000000c4600000, 0x00000000c4600000, 0x00000000c4700000|  0%| F|  |TAMS 0x00000000c4600000, 0x00000000c4600000| Untracked 
|  15|0x00000000c4700000, 0x00000000c4700000, 0x00000000c4800000|  0%| F|  |TAMS 0x00000000c4700000, 0x00000000c4700000| Untracked 
|  16|0x00000000c4800000, 0x00000000c4800000, 0x00000000c4900000|  0%| F|  |TAMS 0x00000000c4800000, 0x00000000c4800000| Untracked 
|  17|0x00000000c4900000, 0x00000000c4900000, 0x00000000c4a00000|  0%| F|  |TAMS 0x00000000c4900000, 0x00000000c4900000| Untracked 
|  18|0x00000000c4a00000, 0x00000000c4a00000, 0x00000000c4b00000|  0%| F|  |TAMS 0x00000000c4a00000, 0x00000000c4a00000| Untracked 
|  19|0x00000000c4b00000, 0x00000000c4b00000, 0x00000000c4c00000|  0%| F|  |TAMS 0x00000000c4b00000, 0x00000000c4b00000| Untracked 
|  20|0x00000000c4c00000, 0x00000000c4c00000, 0x00000000c4d00000|  0%| F|  |TAMS 0x00000000c4c00000, 0x00000000c4c00000| Untracked 
|  21|0x00000000c4d00000, 0x00000000c4d00000, 0x00000000c4e00000|  0%| F|  |TAMS 0x00000000c4d00000, 0x00000000c4d00000| Untracked 
|  22|0x00000000c4e00000, 0x00000000c4e00000, 0x00000000c4f00000|  0%| F|  |TAMS 0x00000000c4e00000, 0x00000000c4e00000| Untracked 
|  23|0x00000000c4f00000, 0x00000000c4f00000, 0x00000000c5000000|  0%| F|  |TAMS 0x00000000c4f00000, 0x00000000c4f00000| Untracked 
|  24|0x00000000c5000000, 0x00000000c5000000, 0x00000000c5100000|  0%| F|  |TAMS 0x00000000c5000000, 0x00000000c5000000| Untracked 
|  25|0x00000000c5100000, 0x00000000c5100000, 0x00000000c5200000|  0%| F|  |TAMS 0x00000000c5100000, 0x00000000c5100000| Untracked 
|  26|0x00000000c5200000, 0x00000000c5200000, 0x00000000c5300000|  0%| F|  |TAMS 0x00000000c5200000, 0x00000000c5200000| Untracked 
|  27|0x00000000c5300000, 0x00000000c5300000, 0x00000000c5400000|  0%| F|  |TAMS 0x00000000c5300000, 0x00000000c5300000| Untracked 
|  28|0x00000000c5400000, 0x00000000c5400000, 0x00000000c5500000|  0%| F|  |TAMS 0x00000000c5400000, 0x00000000c5400000| Untracked 
|  29|0x00000000c5500000, 0x00000000c5500000, 0x00000000c5600000|  0%| F|  |TAMS 0x00000000c5500000, 0x00000000c5500000| Untracked 
|  30|0x00000000c5600000, 0x00000000c5600000, 0x00000000c5700000|  0%| F|  |TAMS 0x00000000c5600000, 0x00000000c5600000| Untracked 
|  31|0x00000000c5700000, 0x00000000c5700000, 0x00000000c5800000|  0%| F|  |TAMS 0x00000000c5700000, 0x00000000c5700000| Untracked 
|  32|0x00000000c5800000, 0x00000000c5800000, 0x00000000c5900000|  0%| F|  |TAMS 0x00000000c5800000, 0x00000000c5800000| Untracked 
|  33|0x00000000c5900000, 0x00000000c5900000, 0x00000000c5a00000|  0%| F|  |TAMS 0x00000000c5900000, 0x00000000c5900000| Untracked 
|  34|0x00000000c5a00000, 0x00000000c5a00000, 0x00000000c5b00000|  0%| F|  |TAMS 0x00000000c5a00000, 0x00000000c5a00000| Untracked 
|  35|0x00000000c5b00000, 0x00000000c5b00000, 0x00000000c5c00000|  0%| F|  |TAMS 0x00000000c5b00000, 0x00000000c5b00000| Untracked 
|  36|0x00000000c5c00000, 0x00000000c5c00000, 0x00000000c5d00000|  0%| F|  |TAMS 0x00000000c5c00000, 0x00000000c5c00000| Untracked 
|  37|0x00000000c5d00000, 0x00000000c5d00000, 0x00000000c5e00000|  0%| F|  |TAMS 0x00000000c5d00000, 0x00000000c5d00000| Untracked 
|  38|0x00000000c5e00000, 0x00000000c5e00000, 0x00000000c5f00000|  0%| F|  |TAMS 0x00000000c5e00000, 0x00000000c5e00000| Untracked 
|  39|0x00000000c5f00000, 0x00000000c5f00000, 0x00000000c6000000|  0%| F|  |TAMS 0x00000000c5f00000, 0x00000000c5f00000| Untracked 
|  40|0x00000000c6000000, 0x00000000c6000000, 0x00000000c6100000|  0%| F|  |TAMS 0x00000000c6000000, 0x00000000c6000000| Untracked 
|  41|0x00000000c6100000, 0x00000000c6100000, 0x00000000c6200000|  0%| F|  |TAMS 0x00000000c6100000, 0x00000000c6100000| Untracked 
|  42|0x00000000c6200000, 0x00000000c6200000, 0x00000000c6300000|  0%| F|  |TAMS 0x00000000c6200000, 0x00000000c6200000| Untracked 
|  43|0x00000000c6300000, 0x00000000c6300000, 0x00000000c6400000|  0%| F|  |TAMS 0x00000000c6300000, 0x00000000c6300000| Untracked 
|  44|0x00000000c6400000, 0x00000000c6400000, 0x00000000c6500000|  0%| F|  |TAMS 0x00000000c6400000, 0x00000000c6400000| Untracked 
|  45|0x00000000c6500000, 0x00000000c6500000, 0x00000000c6600000|  0%| F|  |TAMS 0x00000000c6500000, 0x00000000c6500000| Untracked 
|  46|0x00000000c6600000, 0x00000000c6600000, 0x00000000c6700000|  0%| F|  |TAMS 0x00000000c6600000, 0x00000000c6600000| Untracked 
|  47|0x00000000c6700000, 0x00000000c6700000, 0x00000000c6800000|  0%| F|  |TAMS 0x00000000c6700000, 0x00000000c6700000| Untracked 
|  48|0x00000000c6800000, 0x00000000c6800000, 0x00000000c6900000|  0%| F|  |TAMS 0x00000000c6800000, 0x00000000c6800000| Untracked 
|  49|0x00000000c6900000, 0x00000000c6900000, 0x00000000c6a00000|  0%| F|  |TAMS 0x00000000c6900000, 0x00000000c6900000| Untracked 
|  50|0x00000000c6a00000, 0x00000000c6a00000, 0x00000000c6b00000|  0%| F|  |TAMS 0x00000000c6a00000, 0x00000000c6a00000| Untracked 
|  51|0x00000000c6b00000, 0x00000000c6bd7938, 0x00000000c6c00000| 84%| E|  |TAMS 0x00000000c6b00000, 0x00000000c6b00000| Complete 
|  52|0x00000000c6c00000, 0x00000000c6d00000, 0x00000000c6d00000|100%| E|CS|TAMS 0x00000000c6c00000, 0x00000000c6c00000| Complete 
|  53|0x00000000c6d00000, 0x00000000c6e00000, 0x00000000c6e00000|100%| E|CS|TAMS 0x00000000c6d00000, 0x00000000c6d00000| Complete 
|  54|0x00000000c6e00000, 0x00000000c6f00000, 0x00000000c6f00000|100%| E|CS|TAMS 0x00000000c6e00000, 0x00000000c6e00000| Complete 
|  55|0x00000000c6f00000, 0x00000000c7000000, 0x00000000c7000000|100%| E|CS|TAMS 0x00000000c6f00000, 0x00000000c6f00000| Complete 
|  56|0x00000000c7000000, 0x00000000c7100000, 0x00000000c7100000|100%| E|CS|TAMS 0x00000000c7000000, 0x00000000c7000000| Complete 
|  57|0x00000000c7100000, 0x00000000c7200000, 0x00000000c7200000|100%| E|CS|TAMS 0x00000000c7100000, 0x00000000c7100000| Complete 
|  58|0x00000000c7200000, 0x00000000c7300000, 0x00000000c7300000|100%| E|CS|TAMS 0x00000000c7200000, 0x00000000c7200000| Complete 
|  59|0x00000000c7300000, 0x00000000c7400000, 0x00000000c7400000|100%| E|  |TAMS 0x00000000c7300000, 0x00000000c7300000| Complete 
|  60|0x00000000c7400000, 0x00000000c7500000, 0x00000000c7500000|100%| E|CS|TAMS 0x00000000c7400000, 0x00000000c7400000| Complete 
|  61|0x00000000c7500000, 0x00000000c7600000, 0x00000000c7600000|100%| E|CS|TAMS 0x00000000c7500000, 0x00000000c7500000| Complete 
| 966|0x00000000ffe00000, 0x00000000ffe48000, 0x00000000fff00000| 28%|OA|  |TAMS 0x00000000ffe00000, 0x00000000ffe00000| Untracked 
| 967|0x00000000fff00000, 0x00000000fff6c000, 0x0000000100000000| 42%|CA|  |TAMS 0x00000000fff00000, 0x00000000fff00000| Untracked 

Card table byte_map: [0x00007fb62c15d000,0x00007fb62c341000] _byte_map_base: 0x00007fb62bb41000

Marking Bits (Prev, Next): (CMBitMap*) 0x00007fb628045c68, (CMBitMap*) 0x00007fb628045ca0
 Prev Bits: [0x00007fb60b0e0000, 0x00007fb60c000000)
 Next Bits: [0x00007fb60a1c0000, 0x00007fb60b0e0000)

Polling page: 0x00007fb62e675000

Metaspace:

Usage:
  Non-class:      5.72 MB capacity,     3.39 MB ( 59%) used,     2.32 MB ( 41%) free+waste,     6.94 KB ( <1%) overhead. 
      Class:    695.00 KB capacity,   430.17 KB ( 62%) used,   261.08 KB ( 38%) free+waste,     3.75 KB ( <1%) overhead. 
       Both:      6.40 MB capacity,     3.81 MB ( 60%) used,     2.58 MB ( 40%) free+waste,    10.69 KB ( <1%) overhead. 

Virtual space:
  Non-class space:        8.00 MB reserved,       6.00 MB ( 75%) committed 
      Class space:        1.00 GB reserved,     768.00 KB ( <1%) committed 
             Both:        1.01 GB reserved,       6.75 MB ( <1%) committed 

Chunk freelists:
   Non-Class:  36.00 KB
       Class:  9.00 KB
        Both:  45.00 KB

MaxMetaspaceSize: unlimited
CompressedClassSpaceSize: 1.00 GB
Initial GC threshold: 20.80 MB
Current GC threshold: 20.80 MB
CDS: on

CodeHeap 'non-profiled nmethods': size=120032Kb used=210Kb max_used=210Kb free=119821Kb
 bounds [0x00007fb6180c8000, 0x00007fb618338000, 0x00007fb61f600000]
CodeHeap 'profiled nmethods': size=120032Kb used=1292Kb max_used=1292Kb free=118739Kb
 bounds [0x00007fb610b90000, 0x00007fb610e00000, 0x00007fb6180c8000]
CodeHeap 'non-nmethods': size=5696Kb used=1148Kb max_used=1157Kb free=4547Kb
 bounds [0x00007fb610600000, 0x00007fb610870000, 0x00007fb610b90000]
 total_blobs=1144 nmethods=735 adapters=323
 compilation: enabled
              stopped_count=0, restarted_count=0
 full_count=0

Compilation events (20 events):
Event: 0.274 Thread 0x00007fb628136000 nmethod 702 0x00007fb610cbee10 code [0x00007fb610cbefc0, 0x00007fb610cbf0f0]
Event: 0.274 Thread 0x00007fb628136000  708       3       java.lang.invoke.LambdaForm$Name::initIndex (26 bytes)
Event: 0.274 Thread 0x00007fb628136000 nmethod 708 0x00007fb610cbf190 code [0x00007fb610cbf340, 0x00007fb610cbf4f0]
Event: 0.274 Thread 0x00007fb628136000  706       1       java.lang.invoke.LambdaForm$Name::index (5 bytes)
Event: 0.274 Thread 0x00007fb628136000 nmethod 706 0x00007fb6180f9490 code [0x00007fb6180f9640, 0x00007fb6180f9710]
Event: 0.274 Thread 0x00007fb628136000  709       3       sun.invoke.util.Wrapper::findPrimitiveType (25 bytes)
Event: 0.275 Thread 0x00007fb628136000 nmethod 709 0x00007fb610cbf590 code [0x00007fb610cbf820, 0x00007fb610cc02e0]
Event: 0.275 Thread 0x00007fb628136000  711   !   3       java.util.concurrent.ConcurrentHashMap::computeIfAbsent (576 bytes)
Event: 0.276 Thread 0x00007fb628136000 nmethod 711 0x00007fb610cc0790 code [0x00007fb610cc0c00, 0x00007fb610cc3a40]
Event: 0.276 Thread 0x00007fb628136000  710       1       java.lang.invoke.LambdaForm$BasicType::basicTypeClass (5 bytes)
Event: 0.276 Thread 0x00007fb628136000 nmethod 710 0x00007fb6180fb090 code [0x00007fb6180fb240, 0x00007fb6180fb310]
Event: 0.276 Thread 0x00007fb628136000  713       3       java.lang.invoke.MemberName::isResolved (13 bytes)
Event: 0.276 Thread 0x00007fb628136000 nmethod 713 0x00007fb610cc4c10 code [0x00007fb610cc4dc0, 0x00007fb610cc4f30]
Event: 0.276 Thread 0x00007fb628136000  721       3       java.lang.Number::<init> (5 bytes)
Event: 0.276 Thread 0x00007fb628136000 nmethod 721 0x00007fb610cc4f90 code [0x00007fb610cc5140, 0x00007fb610cc52b0]
Event: 0.276 Thread 0x00007fb628136000  723       3       java.lang.invoke.MemberName::getReferenceKind (12 bytes)
Event: 0.276 Thread 0x00007fb628136000 nmethod 723 0x00007fb610cc5390 code [0x00007fb610cc5540, 0x00007fb610cc5670]
Event: 0.276 Thread 0x00007fb628136000  724       3       sun.invoke.util.Wrapper::forPrimitiveType (49 bytes)
Event: 0.277 Thread 0x00007fb628136000 nmethod 724 0x00007fb610cc5710 code [0x00007fb610cc5aa0, 0x00007fb610cc7000]
Event: 0.277 Thread 0x00007fb628136000  727       3       jdk.internal.org.objectweb.asm.Frame::execute (2264 bytes)

GC Heap History (0 events):
No events

Deoptimization events (20 events):
Event: 0.197 Thread 0x00007fb628016800 DEOPT PACKING pc=0x00007fb610bebba4 sp=0x00007fb62cffbd00
Event: 0.197 Thread 0x00007fb628016800 DEOPT UNPACKING pc=0x00007fb61064a64a sp=0x00007fb62cffb178 mode 0
Event: 0.216 Thread 0x00007fb628016800 Uncommon trap: trap_request=0xffffffc6 fr.pc=0x00007fb6180e115c relative=0x000000000000037c
Event: 0.216 Thread 0x00007fb628016800 Uncommon trap: reason=bimorphic_or_optimized_type_check action=maybe_recompile pc=0x00007fb6180e115c method=java.util.HashMap.getNode(ILjava/lang/Object;)Ljava/util/HashMap$Node; @ 126 c2
Event: 0.216 Thread 0x00007fb628016800 DEOPT PACKING pc=0x00007fb6180e115c sp=0x00007fb62cffe0e0
Event: 0.216 Thread 0x00007fb628016800 DEOPT UNPACKING pc=0x00007fb610649ea5 sp=0x00007fb62cffe078 mode 2
Event: 0.216 Thread 0x00007fb628016800 Uncommon trap: trap_request=0xffffffc6 fr.pc=0x00007fb6180e115c relative=0x000000000000037c
Event: 0.216 Thread 0x00007fb628016800 Uncommon trap: reason=bimorphic_or_optimized_type_check action=maybe_recompile pc=0x00007fb6180e115c method=java.util.HashMap.getNode(ILjava/lang/Object;)Ljava/util/HashMap$Node; @ 126 c2
Event: 0.216 Thread 0x00007fb628016800 DEOPT PACKING pc=0x00007fb6180e115c sp=0x00007fb62cffdd40
Event: 0.216 Thread 0x00007fb628016800 DEOPT UNPACKING pc=0x00007fb610649ea5 sp=0x00007fb62cffdcd8 mode 2
Event: 0.216 Thread 0x00007fb628016800 Uncommon trap: trap_request=0xffffffc6 fr.pc=0x00007fb6180e115c relative=0x000000000000037c
Event: 0.216 Thread 0x00007fb628016800 Uncommon trap: reason=bimorphic_or_optimized_type_check action=maybe_recompile pc=0x00007fb6180e115c method=java.util.HashMap.getNode(ILjava/lang/Object;)Ljava/util/HashMap$Node; @ 126 c2
Event: 0.216 Thread 0x00007fb628016800 DEOPT PACKING pc=0x00007fb6180e115c sp=0x00007fb62cffdd40
Event: 0.216 Thread 0x00007fb628016800 DEOPT UNPACKING pc=0x00007fb610649ea5 sp=0x00007fb62cffdcd8 mode 2
Event: 0.244 Thread 0x00007fb628016800 DEOPT PACKING pc=0x00007fb610c0c942 sp=0x00007fb62cffd010
Event: 0.244 Thread 0x00007fb628016800 DEOPT UNPACKING pc=0x00007fb61064a64a sp=0x00007fb62cffc498 mode 0
Event: 0.245 Thread 0x00007fb628016800 DEOPT PACKING pc=0x00007fb610bccbcf sp=0x00007fb62cffd040
Event: 0.245 Thread 0x00007fb628016800 DEOPT UNPACKING pc=0x00007fb61064a64a sp=0x00007fb62cffc4e8 mode 0
Event: 0.247 Thread 0x00007fb628016800 DEOPT PACKING pc=0x00007fb610bccbcf sp=0x00007fb62cffd020
Event: 0.247 Thread 0x00007fb628016800 DEOPT UNPACKING pc=0x00007fb61064a64a sp=0x00007fb62cffc4c8 mode 0

Classes redefined (0 events):
No events

Internal exceptions (20 events):
Event: 0.110 Thread 0x00007fb628016800 Exception <a 'java/security/PrivilegedActionException'{0x00000000c74edfa8}> (0x00000000c74edfa8) thrown at [./src/hotspot/share/prims/jvm.cpp, line 1304]
Event: 0.110 Thread 0x00007fb628016800 Exception <a 'java/security/PrivilegedActionException'{0x00000000c74ee278}> (0x00000000c74ee278) thrown at [./src/hotspot/share/prims/jvm.cpp, line 1304]
Event: 0.110 Thread 0x00007fb628016800 Exception <a 'java/security/PrivilegedActionException'{0x00000000c74eebe8}> (0x00000000c74eebe8) thrown at [./src/hotspot/share/prims/jvm.cpp, line 1304]
Event: 0.110 Thread 0x00007fb628016800 Exception <a 'java/security/PrivilegedActionException'{0x00000000c74eeeb8}> (0x00000000c74eeeb8) thrown at [./src/hotspot/share/prims/jvm.cpp, line 1304]
Event: 0.110 Thread 0x00007fb628016800 Exception <a 'java/security/PrivilegedActionException'{0x00000000c74ef828}> (0x00000000c74ef828) thrown at [./src/hotspot/share/prims/jvm.cpp, line 1304]
Event: 0.110 Thread 0x00007fb628016800 Exception <a 'java/security/PrivilegedActionException'{0x00000000c74efaf8}> (0x00000000c74efaf8) thrown at [./src/hotspot/share/prims/jvm.cpp, line 1304]
Event: 0.110 Thread 0x00007fb628016800 Exception <a 'java/security/PrivilegedActionException'{0x00000000c74f0480}> (0x00000000c74f0480) thrown at [./src/hotspot/share/prims/jvm.cpp, line 1304]
Event: 0.110 Thread 0x00007fb628016800 Exception <a 'java/security/PrivilegedActionException'{0x00000000c74f0750}> (0x00000000c74f0750) thrown at [./src/hotspot/share/prims/jvm.cpp, line 1304]
Event: 0.110 Thread 0x00007fb628016800 Exception <a 'java/security/PrivilegedActionException'{0x00000000c74f10d8}> (0x00000000c74f10d8) thrown at [./src/hotspot/share/prims/jvm.cpp, line 1304]
Event: 0.110 Thread 0x00007fb628016800 Exception <a 'java/security/PrivilegedActionException'{0x00000000c74f13a8}> (0x00000000c74f13a8) thrown at [./src/hotspot/share/prims/jvm.cpp, line 1304]
Event: 0.110 Thread 0x00007fb628016800 Exception <a 'java/security/PrivilegedActionException'{0x00000000c74f1d30}> (0x00000000c74f1d30) thrown at [./src/hotspot/share/prims/jvm.cpp, line 1304]
Event: 0.110 Thread 0x00007fb628016800 Exception <a 'java/security/PrivilegedActionException'{0x00000000c74f2000}> (0x00000000c74f2000) thrown at [./src/hotspot/share/prims/jvm.cpp, line 1304]
Event: 0.110 Thread 0x00007fb628016800 Exception <a 'java/security/PrivilegedActionException'{0x00000000c74f2970}> (0x00000000c74f2970) thrown at [./src/hotspot/share/prims/jvm.cpp, line 1304]
Event: 0.110 Thread 0x00007fb628016800 Exception <a 'java/security/PrivilegedActionException'{0x00000000c74f2c40}> (0x00000000c74f2c40) thrown at [./src/hotspot/share/prims/jvm.cpp, line 1304]
Event: 0.110 Thread 0x00007fb628016800 Exception <a 'java/security/PrivilegedActionException'{0x00000000c74f35c8}> (0x00000000c74f35c8) thrown at [./src/hotspot/share/prims/jvm.cpp, line 1304]
Event: 0.110 Thread 0x00007fb628016800 Exception <a 'java/security/PrivilegedActionException'{0x00000000c74f3898}> (0x00000000c74f3898) thrown at [./src/hotspot/share/prims/jvm.cpp, line 1304]
Event: 0.128 Thread 0x00007fb628016800 Exception <a 'java/lang/NoSuchMethodError'{0x00000000c7223598}: 'int java.lang.invoke.DirectMethodHandle$Holder.invokeStaticInit(java.lang.Object, java.lang.Object, java.lang.Object, java.lang.Object)'> (0x00000000c7223598) thrown at [./src/hotspot/share/interpreter/linkResolver.cpp, line 772]
Event: 0.129 Thread 0x00007fb628016800 Exception <a 'java/lang/IncompatibleClassChangeError'{0x00000000c722d318}: Found class java.lang.Object, but interface was expected> (0x00000000c722d318) thrown at [./src/hotspot/share/interpreter/linkResolver.cpp, line 839]
Event: 0.130 Thread 0x00007fb628016800 Exception <a 'java/lang/NoSuchMethodError'{0x00000000c72304c8}: 'void java.lang.invoke.DirectMethodHandle$Holder.invokeStaticInit(java.lang.Object, java.lang.Object)'> (0x00000000c72304c8) thrown at [./src/hotspot/share/interpreter/linkResolver.cpp, line 772]
Event: 0.130 Thread 0x00007fb628016800 Exception <a 'java/lang/NoSuchMethodError'{0x00000000c7235938}: 'int java.lang.invoke.DirectMethodHandle$Holder.invokeStaticInit(java.lang.Object, java.lang.Object)'> (0x00000000c7235938) thrown at [./src/hotspot/share/interpreter/linkResolver.cpp, line 772]

Events (20 events):
Event: 0.268 loading class SymbolTable
Event: 0.268 loading class SymbolTable done
Event: 0.270 Executing VM operation: Deoptimize
Event: 0.270 Executing VM operation: Deoptimize done
Event: 0.271 loading class java/lang/invoke/BoundMethodHandle$Species_LL
Event: 0.271 loading class java/lang/invoke/BoundMethodHandle$Species_LL done
Event: 0.272 loading class java/lang/invoke/BoundMethodHandle$Species_LLL
Event: 0.273 loading class java/lang/invoke/BoundMethodHandle$Species_LLL done
Event: 0.273 loading class java/lang/invoke/BoundMethodHandle$Species_LLLL
Event: 0.273 loading class java/lang/invoke/BoundMethodHandle$Species_LLLL done
Event: 0.274 loading class java/lang/invoke/BoundMethodHandle$Species_LLLLL
Event: 0.274 loading class java/lang/invoke/BoundMethodHandle$Species_LLLLL done
Event: 0.275 loading class java/lang/invoke/BoundMethodHandle$Species_LLLLLL
Event: 0.275 loading class java/lang/invoke/BoundMethodHandle$Species_LLLLLL done
Event: 0.276 loading class java/lang/invoke/BoundMethodHandle$Species_LLLLLLI
Event: 0.276 loading class java/lang/invoke/BoundMethodHandle$Species_LLLLLLI done
Event: 0.277 loading class java/lang/invoke/BoundMethodHandle$Species_LLLLLLII
Event: 0.277 loading class java/lang/invoke/BoundMethodHandle$Species_LLLLLLII done
Event: 0.278 loading class java/lang/invoke/BoundMethodHandle$Species_LLLLLLIIL
Event: 0.278 loading class java/lang/invoke/BoundMethodHandle$Species_LLLLLLIIL done


Dynamic libraries:
c3800000-c7600000 rw-p 00000000 00:00 0 
c7600000-ffe00000 ---p 00000000 00:00 0 
ffe00000-ffe48000 rw-p 00b14000 08:03 265562                             /usr/lib/jvm/java-11-openjdk-amd64/lib/server/classes.jsa
ffe48000-fff00000 rw-p 00000000 00:00 0 
fff00000-fff6c000 rw-p 00aa8000 08:03 265562                             /usr/lib/jvm/java-11-openjdk-amd64/lib/server/classes.jsa
fff6c000-100000000 rw-p 00000000 00:00 0 
800000000-800002000 rwxp 00001000 08:03 265562                           /usr/lib/jvm/java-11-openjdk-amd64/lib/server/classes.jsa
800002000-8003ce000 rw-p 00003000 08:03 265562                           /usr/lib/jvm/java-11-openjdk-amd64/lib/server/classes.jsa
8003ce000-800aa6000 r--p 003cf000 08:03 265562                           /usr/lib/jvm/java-11-openjdk-amd64/lib/server/classes.jsa
800aa6000-800aa7000 rw-p 00aa7000 08:03 265562                           /usr/lib/jvm/java-11-openjdk-amd64/lib/server/classes.jsa
840000000-8400c0000 rw-p 00000000 00:00 0 
8400c0000-880000000 ---p 00000000 00:00 0 
564cf2b56000-564cf2b57000 r--p 00000000 08:03 265116                     /usr/lib/jvm/java-11-openjdk-amd64/bin/java
564cf2b57000-564cf2b58000 r-xp 00001000 08:03 265116                     /usr/lib/jvm/java-11-openjdk-amd64/bin/java
564cf2b58000-564cf2b59000 r--p 00002000 08:03 265116                     /usr/lib/jvm/java-11-openjdk-amd64/bin/java
564cf2b59000-564cf2b5a000 r--p 00002000 08:03 265116                     /usr/lib/jvm/java-11-openjdk-amd64/bin/java
564cf2b5a000-564cf2b5b000 rw-p 00003000 08:03 265116                     /usr/lib/jvm/java-11-openjdk-amd64/bin/java
564cf46ea000-564cf470b000 rw-p 00000000 00:00 0                          [heap]
7fb5b8000000-7fb5b8023000 rw-p 00000000 00:00 0 
7fb5b8023000-7fb5bc000000 ---p 00000000 00:00 0 
7fb5bd400000-7fb5bdd26000 r--p 00000000 08:03 1587749                    /home/ubuntu/.javacpp/cache/llvm-13.0.1-1.5.7-linux-x86_64.jar/org/bytedeco/llvm/linux-x86_64/libLLVM-13.so
7fb5bdd26000-7fb5c16e9000 r-xp 00926000 08:03 1587749                    /home/ubuntu/.javacpp/cache/llvm-13.0.1-1.5.7-linux-x86_64.jar/org/bytedeco/llvm/linux-x86_64/libLLVM-13.so
7fb5c16e9000-7fb5c393e000 r--p 042e9000 08:03 1587749                    /home/ubuntu/.javacpp/cache/llvm-13.0.1-1.5.7-linux-x86_64.jar/org/bytedeco/llvm/linux-x86_64/libLLVM-13.so
7fb5c393e000-7fb5c3e53000 r--p 0653d000 08:03 1587749                    /home/ubuntu/.javacpp/cache/llvm-13.0.1-1.5.7-linux-x86_64.jar/org/bytedeco/llvm/linux-x86_64/libLLVM-13.so
7fb5c3e53000-7fb5c3e5e000 rw-p 06a52000 08:03 1587749                    /home/ubuntu/.javacpp/cache/llvm-13.0.1-1.5.7-linux-x86_64.jar/org/bytedeco/llvm/linux-x86_64/libLLVM-13.so
7fb5c3e5e000-7fb5c3ed4000 rw-p 00000000 00:00 0 
7fb5c4000000-7fb5c4021000 rw-p 00000000 00:00 0 
7fb5c4021000-7fb5c8000000 ---p 00000000 00:00 0 
7fb5c8000000-7fb5c8021000 rw-p 00000000 00:00 0 
7fb5c8021000-7fb5cc000000 ---p 00000000 00:00 0 
7fb5cc000000-7fb5cc021000 rw-p 00000000 00:00 0 
7fb5cc021000-7fb5d0000000 ---p 00000000 00:00 0 
7fb5d0000000-7fb5d0021000 rw-p 00000000 00:00 0 
7fb5d0021000-7fb5d4000000 ---p 00000000 00:00 0 
7fb5d4000000-7fb5d440f000 rw-p 00000000 00:00 0 
7fb5d440f000-7fb5d8000000 ---p 00000000 00:00 0 
7fb5d8000000-7fb5d8021000 rw-p 00000000 00:00 0 
7fb5d8021000-7fb5dc000000 ---p 00000000 00:00 0 
7fb5dc000000-7fb5dc021000 rw-p 00000000 00:00 0 
7fb5dc021000-7fb5e0000000 ---p 00000000 00:00 0 
7fb5e0000000-7fb5e01f9000 rw-p 00000000 00:00 0 
7fb5e01f9000-7fb5e4000000 ---p 00000000 00:00 0 
7fb5e4000000-7fb5e4021000 rw-p 00000000 00:00 0 
7fb5e4021000-7fb5e8000000 ---p 00000000 00:00 0 
7fb5e8000000-7fb5e8021000 rw-p 00000000 00:00 0 
7fb5e8021000-7fb5ec000000 ---p 00000000 00:00 0 
7fb5ec000000-7fb5ec021000 rw-p 00000000 00:00 0 
7fb5ec021000-7fb5f0000000 ---p 00000000 00:00 0 
7fb5f0000000-7fb5f0021000 rw-p 00000000 00:00 0 
7fb5f0021000-7fb5f4000000 ---p 00000000 00:00 0 
7fb5f4000000-7fb5f4021000 rw-p 00000000 00:00 0 
7fb5f4021000-7fb5f8000000 ---p 00000000 00:00 0 
7fb5f9ff9000-7fb5f9ffd000 ---p 00000000 00:00 0 
7fb5f9ffd000-7fb5fa0f9000 rw-p 00000000 00:00 0 
7fb5fa0f9000-7fb5fa15e000 r--p 00000000 08:03 1589997                    /home/ubuntu/.javacpp/cache/llvm-13.0.1-1.5.7-linux-x86_64.jar/org/bytedeco/llvm/linux-x86_64/libjniLLVM.so
7fb5fa15e000-7fb5fa1cc000 r-xp 00065000 08:03 1589997                    /home/ubuntu/.javacpp/cache/llvm-13.0.1-1.5.7-linux-x86_64.jar/org/bytedeco/llvm/linux-x86_64/libjniLLVM.so
7fb5fa1cc000-7fb5fa1f7000 r--p 000d3000 08:03 1589997                    /home/ubuntu/.javacpp/cache/llvm-13.0.1-1.5.7-linux-x86_64.jar/org/bytedeco/llvm/linux-x86_64/libjniLLVM.so
7fb5fa1f7000-7fb5fa1fa000 r--p 000fd000 08:03 1589997                    /home/ubuntu/.javacpp/cache/llvm-13.0.1-1.5.7-linux-x86_64.jar/org/bytedeco/llvm/linux-x86_64/libjniLLVM.so
7fb5fa1fa000-7fb5fa1fd000 rw-p 00100000 08:03 1589997                    /home/ubuntu/.javacpp/cache/llvm-13.0.1-1.5.7-linux-x86_64.jar/org/bytedeco/llvm/linux-x86_64/libjniLLVM.so
7fb5fa1fd000-7fb5fa1ff000 rw-p 00000000 00:00 0 
7fb5fa1ff000-7fb5fa203000 ---p 00000000 00:00 0 
7fb5fa203000-7fb5fa2ff000 rw-p 00000000 00:00 0 
7fb5fa2ff000-7fb5fa300000 ---p 00000000 00:00 0 
7fb5fa300000-7fb5fa400000 rw-p 00000000 00:00 0 
7fb5fa400000-7fb5fa404000 ---p 00000000 00:00 0 
7fb5fa404000-7fb5fa500000 rw-p 00000000 00:00 0 
7fb5fa500000-7fb5fa504000 ---p 00000000 00:00 0 
7fb5fa504000-7fb5fa600000 rw-p 00000000 00:00 0 
7fb5fa600000-7fb5fa604000 ---p 00000000 00:00 0 
7fb5fa604000-7fb5fa700000 rw-p 00000000 00:00 0 
7fb5fa700000-7fb5fa704000 ---p 00000000 00:00 0 
7fb5fa704000-7fb5fa800000 rw-p 00000000 00:00 0 
7fb5fa800000-7fb5fa804000 ---p 00000000 00:00 0 
7fb5fa804000-7fb5fa900000 rw-p 00000000 00:00 0 
7fb5fa900000-7fb5fa904000 ---p 00000000 00:00 0 
7fb5fa904000-7fb5faa00000 rw-p 00000000 00:00 0 
7fb5faa00000-7fb5fb278000 r--p 00000000 08:03 2365202                    /usr/lib/locale/locale-archive
7fb5fb2fe000-7fb5fb302000 ---p 00000000 00:00 0 
7fb5fb302000-7fb5fb3fe000 rw-p 00000000 00:00 0 
7fb5fb3fe000-7fb5fb402000 ---p 00000000 00:00 0 
7fb5fb402000-7fb5fb4fe000 rw-p 00000000 00:00 0 
7fb5fb4fe000-7fb5fb502000 ---p 00000000 00:00 0 
7fb5fb502000-7fb5fb5fe000 rw-p 00000000 00:00 0 
7fb5fb5fe000-7fb5fb5ff000 ---p 00000000 00:00 0 
7fb5fb5ff000-7fb5fbcff000 rw-p 00000000 00:00 0 
7fb5fbcff000-7fb5fbeff000 ---p 00000000 00:00 0 
7fb5fbeff000-7fb5fbf00000 ---p 00000000 00:00 0 
7fb5fbf00000-7fb5fc000000 rw-p 00000000 00:00 0 
7fb5fc000000-7fb5fc021000 rw-p 00000000 00:00 0 
7fb5fc021000-7fb600000000 ---p 00000000 00:00 0 
7fb600000000-7fb600021000 rw-p 00000000 00:00 0 
7fb600021000-7fb604000000 ---p 00000000 00:00 0 
7fb604000000-7fb604021000 rw-p 00000000 00:00 0 
7fb604021000-7fb608000000 ---p 00000000 00:00 0 
7fb6080bf000-7fb6080c0000 ---p 00000000 00:00 0 
7fb6080c0000-7fb60a2b8000 rw-p 00000000 00:00 0 
7fb60a2b8000-7fb60b0d8000 ---p 00000000 00:00 0 
7fb60b0d8000-7fb60b1d8000 rw-p 00000000 00:00 0 
7fb60b1d8000-7fb60bff8000 ---p 00000000 00:00 0 
7fb60bff8000-7fb60c000000 rw-p 00000000 00:00 0 
7fb60c000000-7fb60c021000 rw-p 00000000 00:00 0 
7fb60c021000-7fb610000000 ---p 00000000 00:00 0 
7fb610018000-7fb61043b000 rw-p 00000000 00:00 0 
7fb61043b000-7fb6105ff000 ---p 00000000 00:00 0 
7fb6105ff000-7fb610600000 rw-p 00000000 00:00 0 
7fb610600000-7fb610870000 rwxp 00000000 00:00 0 
7fb610870000-7fb610b90000 ---p 00000000 00:00 0 
7fb610b90000-7fb610e00000 rwxp 00000000 00:00 0 
7fb610e00000-7fb6180c8000 ---p 00000000 00:00 0 
7fb6180c8000-7fb618338000 rwxp 00000000 00:00 0 
7fb618338000-7fb61f600000 ---p 00000000 00:00 0 
7fb61f600000-7fb627e25000 r--s 00000000 08:03 265275                     /usr/lib/jvm/java-11-openjdk-amd64/lib/modules
7fb627e7e000-7fb627eff000 rw-p 00000000 00:00 0 
7fb627eff000-7fb627f00000 ---p 00000000 00:00 0 
7fb627f00000-7fb628000000 rw-p 00000000 00:00 0 
7fb628000000-7fb628406000 rw-p 00000000 00:00 0 
7fb628406000-7fb62c000000 ---p 00000000 00:00 0 
7fb62c05c000-7fb62c05d000 ---p 00000000 00:00 0 
7fb62c05d000-7fb62c17c000 rw-p 00000000 00:00 0 
7fb62c17c000-7fb62c340000 ---p 00000000 00:00 0 
7fb62c340000-7fb62c360000 rw-p 00000000 00:00 0 
7fb62c360000-7fb62c524000 ---p 00000000 00:00 0 
7fb62c524000-7fb62c929000 rw-p 00000000 00:00 0 
7fb62c929000-7fb62c92a000 ---p 00000000 00:00 0 
7fb62c92a000-7fb62ca2f000 rw-p 00000000 00:00 0 
7fb62ca2f000-7fb62cb15000 ---p 00000000 00:00 0 
7fb62cb15000-7fb62cb1a000 rw-p 00000000 00:00 0 
7fb62cb1a000-7fb62cc00000 ---p 00000000 00:00 0 
7fb62cc00000-7fb62cc9a000 r--p 00000000 08:03 2360832                    /usr/lib/x86_64-linux-gnu/libstdc++.so.6.0.30
7fb62cc9a000-7fb62cdab000 r-xp 0009a000 08:03 2360832                    /usr/lib/x86_64-linux-gnu/libstdc++.so.6.0.30
7fb62cdab000-7fb62ce1a000 r--p 001ab000 08:03 2360832                    /usr/lib/x86_64-linux-gnu/libstdc++.so.6.0.30
7fb62ce1a000-7fb62ce1b000 ---p 0021a000 08:03 2360832                    /usr/lib/x86_64-linux-gnu/libstdc++.so.6.0.30
7fb62ce1b000-7fb62ce26000 r--p 0021a000 08:03 2360832                    /usr/lib/x86_64-linux-gnu/libstdc++.so.6.0.30
7fb62ce26000-7fb62ce29000 rw-p 00225000 08:03 2360832                    /usr/lib/x86_64-linux-gnu/libstdc++.so.6.0.30
7fb62ce29000-7fb62ce2c000 rw-p 00000000 00:00 0 
7fb62ce7a000-7fb62ce81000 r--s 00000000 08:03 659244                     /usr/lib/x86_64-linux-gnu/gconv/gconv-modules.cache
7fb62ce81000-7fb62ce88000 r--p 00000000 08:03 1587750                    /home/ubuntu/.javacpp/cache/llvm-13.0.1-1.5.7-linux-x86_64.jar/org/bytedeco/llvm/linux-x86_64/libLTO.so.13
7fb62ce88000-7fb62ce90000 r-xp 00007000 08:03 1587750                    /home/ubuntu/.javacpp/cache/llvm-13.0.1-1.5.7-linux-x86_64.jar/org/bytedeco/llvm/linux-x86_64/libLTO.so.13
7fb62ce90000-7fb62ce92000 r--p 0000f000 08:03 1587750                    /home/ubuntu/.javacpp/cache/llvm-13.0.1-1.5.7-linux-x86_64.jar/org/bytedeco/llvm/linux-x86_64/libLTO.so.13
7fb62ce92000-7fb62ce93000 r--p 00010000 08:03 1587750                    /home/ubuntu/.javacpp/cache/llvm-13.0.1-1.5.7-linux-x86_64.jar/org/bytedeco/llvm/linux-x86_64/libLTO.so.13
7fb62ce93000-7fb62ce94000 rw-p 00011000 08:03 1587750                    /home/ubuntu/.javacpp/cache/llvm-13.0.1-1.5.7-linux-x86_64.jar/org/bytedeco/llvm/linux-x86_64/libLTO.so.13
7fb62ce94000-7fb62ce98000 r--p 00000000 08:03 1587748                    /home/ubuntu/.javacpp/cache/javacpp-1.5.7-linux-x86_64.jar/org/bytedeco/javacpp/linux-x86_64/libjnijavacpp.so
7fb62ce98000-7fb62ce9f000 r-xp 00004000 08:03 1587748                    /home/ubuntu/.javacpp/cache/javacpp-1.5.7-linux-x86_64.jar/org/bytedeco/javacpp/linux-x86_64/libjnijavacpp.so
7fb62ce9f000-7fb62cea3000 r--p 0000b000 08:03 1587748                    /home/ubuntu/.javacpp/cache/javacpp-1.5.7-linux-x86_64.jar/org/bytedeco/javacpp/linux-x86_64/libjnijavacpp.so
7fb62cea3000-7fb62cea4000 r--p 0000e000 08:03 1587748                    /home/ubuntu/.javacpp/cache/javacpp-1.5.7-linux-x86_64.jar/org/bytedeco/javacpp/linux-x86_64/libjnijavacpp.so
7fb62cea4000-7fb62cea5000 rw-p 0000f000 08:03 1587748                    /home/ubuntu/.javacpp/cache/javacpp-1.5.7-linux-x86_64.jar/org/bytedeco/javacpp/linux-x86_64/libjnijavacpp.so
7fb62cea5000-7fb62cf00000 rw-p 00000000 00:00 0 
7fb62cf00000-7fb62cf04000 ---p 00000000 00:00 0 
7fb62cf04000-7fb62d000000 rw-p 00000000 00:00 0 
7fb62d000000-7fb62d282000 r--p 00000000 08:03 265280                     /usr/lib/jvm/java-11-openjdk-amd64/lib/server/libjvm.so
7fb62d282000-7fb62df20000 r-xp 00282000 08:03 265280                     /usr/lib/jvm/java-11-openjdk-amd64/lib/server/libjvm.so
7fb62df20000-7fb62e17c000 r--p 00f20000 08:03 265280                     /usr/lib/jvm/java-11-openjdk-amd64/lib/server/libjvm.so
7fb62e17c000-7fb62e240000 r--p 0117b000 08:03 265280                     /usr/lib/jvm/java-11-openjdk-amd64/lib/server/libjvm.so
7fb62e240000-7fb62e27b000 rw-p 0123f000 08:03 265280                     /usr/lib/jvm/java-11-openjdk-amd64/lib/server/libjvm.so
7fb62e27b000-7fb62e2d2000 rw-p 00000000 00:00 0 
7fb62e2d6000-7fb62e2d7000 r--p 00000000 08:03 1589995                    /home/ubuntu/.javacpp/cache/llvm-13.0.1-1.5.7-linux-x86_64.jar/org/bytedeco/llvm/linux-x86_64/libRemarks.so.13
7fb62e2d7000-7fb62e2d8000 r-xp 00001000 08:03 1589995                    /home/ubuntu/.javacpp/cache/llvm-13.0.1-1.5.7-linux-x86_64.jar/org/bytedeco/llvm/linux-x86_64/libRemarks.so.13
7fb62e2d8000-7fb62e2d9000 r--p 00002000 08:03 1589995                    /home/ubuntu/.javacpp/cache/llvm-13.0.1-1.5.7-linux-x86_64.jar/org/bytedeco/llvm/linux-x86_64/libRemarks.so.13
7fb62e2d9000-7fb62e2da000 r--p 00002000 08:03 1589995                    /home/ubuntu/.javacpp/cache/llvm-13.0.1-1.5.7-linux-x86_64.jar/org/bytedeco/llvm/linux-x86_64/libRemarks.so.13
7fb62e2da000-7fb62e2db000 rw-p 00003000 08:03 1589995                    /home/ubuntu/.javacpp/cache/llvm-13.0.1-1.5.7-linux-x86_64.jar/org/bytedeco/llvm/linux-x86_64/libRemarks.so.13
7fb62e2db000-7fb62e2dc000 r--p 00000000 08:03 2361439                    /usr/lib/x86_64-linux-gnu/libdl.so.2
7fb62e2dc000-7fb62e2dd000 r-xp 00001000 08:03 2361439                    /usr/lib/x86_64-linux-gnu/libdl.so.2
7fb62e2dd000-7fb62e2de000 r--p 00002000 08:03 2361439                    /usr/lib/x86_64-linux-gnu/libdl.so.2
7fb62e2de000-7fb62e2df000 r--p 00002000 08:03 2361439                    /usr/lib/x86_64-linux-gnu/libdl.so.2
7fb62e2df000-7fb62e2e0000 rw-p 00003000 08:03 2361439                    /usr/lib/x86_64-linux-gnu/libdl.so.2
7fb62e2e0000-7fb62e2e4000 r--p 00000000 08:03 265265                     /usr/lib/jvm/java-11-openjdk-amd64/lib/libnet.so
7fb62e2e4000-7fb62e2f2000 r-xp 00004000 08:03 265265                     /usr/lib/jvm/java-11-openjdk-amd64/lib/libnet.so
7fb62e2f2000-7fb62e2f6000 r--p 00012000 08:03 265265                     /usr/lib/jvm/java-11-openjdk-amd64/lib/libnet.so
7fb62e2f6000-7fb62e2f7000 r--p 00015000 08:03 265265                     /usr/lib/jvm/java-11-openjdk-amd64/lib/libnet.so
7fb62e2f7000-7fb62e2f8000 rw-p 00016000 08:03 265265                     /usr/lib/jvm/java-11-openjdk-amd64/lib/libnet.so
7fb62e2f8000-7fb62e319000 rw-p 00000000 00:00 0 
7fb62e319000-7fb62e327000 r--p 00000000 08:03 2361443                    /usr/lib/x86_64-linux-gnu/libm.so.6
7fb62e327000-7fb62e3a3000 r-xp 0000e000 08:03 2361443                    /usr/lib/x86_64-linux-gnu/libm.so.6
7fb62e3a3000-7fb62e3fe000 r--p 0008a000 08:03 2361443                    /usr/lib/x86_64-linux-gnu/libm.so.6
7fb62e3fe000-7fb62e3ff000 r--p 000e4000 08:03 2361443                    /usr/lib/x86_64-linux-gnu/libm.so.6
7fb62e3ff000-7fb62e400000 rw-p 000e5000 08:03 2361443                    /usr/lib/x86_64-linux-gnu/libm.so.6
7fb62e400000-7fb62e428000 r--p 00000000 08:03 2361426                    /usr/lib/x86_64-linux-gnu/libc.so.6
7fb62e428000-7fb62e5bd000 r-xp 00028000 08:03 2361426                    /usr/lib/x86_64-linux-gnu/libc.so.6
7fb62e5bd000-7fb62e615000 r--p 001bd000 08:03 2361426                    /usr/lib/x86_64-linux-gnu/libc.so.6
7fb62e615000-7fb62e616000 ---p 00215000 08:03 2361426                    /usr/lib/x86_64-linux-gnu/libc.so.6
7fb62e616000-7fb62e61a000 r--p 00215000 08:03 2361426                    /usr/lib/x86_64-linux-gnu/libc.so.6
7fb62e61a000-7fb62e61c000 rw-p 00219000 08:03 2361426                    /usr/lib/x86_64-linux-gnu/libc.so.6
7fb62e61c000-7fb62e629000 rw-p 00000000 00:00 0 
7fb62e62a000-7fb62e62b000 r--p 00000000 08:03 2361473                    /usr/lib/x86_64-linux-gnu/libpthread.so.0
7fb62e62b000-7fb62e62c000 r-xp 00001000 08:03 2361473                    /usr/lib/x86_64-linux-gnu/libpthread.so.0
7fb62e62c000-7fb62e62d000 r--p 00002000 08:03 2361473                    /usr/lib/x86_64-linux-gnu/libpthread.so.0
7fb62e62d000-7fb62e62e000 r--p 00002000 08:03 2361473                    /usr/lib/x86_64-linux-gnu/libpthread.so.0
7fb62e62e000-7fb62e62f000 rw-p 00003000 08:03 2361473                    /usr/lib/x86_64-linux-gnu/libpthread.so.0
7fb62e62f000-7fb62e630000 r--p 00000000 08:03 265247                     /usr/lib/jvm/java-11-openjdk-amd64/lib/libextnet.so
7fb62e630000-7fb62e631000 r-xp 00001000 08:03 265247                     /usr/lib/jvm/java-11-openjdk-amd64/lib/libextnet.so
7fb62e631000-7fb62e632000 r--p 00002000 08:03 265247                     /usr/lib/jvm/java-11-openjdk-amd64/lib/libextnet.so
7fb62e632000-7fb62e633000 r--p 00002000 08:03 265247                     /usr/lib/jvm/java-11-openjdk-amd64/lib/libextnet.so
7fb62e633000-7fb62e634000 rw-p 00003000 08:03 265247                     /usr/lib/jvm/java-11-openjdk-amd64/lib/libextnet.so
7fb62e634000-7fb62e63b000 r--p 00000000 08:03 265266                     /usr/lib/jvm/java-11-openjdk-amd64/lib/libnio.so
7fb62e63b000-7fb62e643000 r-xp 00007000 08:03 265266                     /usr/lib/jvm/java-11-openjdk-amd64/lib/libnio.so
7fb62e643000-7fb62e646000 r--p 0000f000 08:03 265266                     /usr/lib/jvm/java-11-openjdk-amd64/lib/libnio.so
7fb62e646000-7fb62e647000 r--p 00011000 08:03 265266                     /usr/lib/jvm/java-11-openjdk-amd64/lib/libnio.so
7fb62e647000-7fb62e648000 rw-p 00012000 08:03 265266                     /usr/lib/jvm/java-11-openjdk-amd64/lib/libnio.so
7fb62e648000-7fb62e64d000 rw-p 00000000 00:00 0 
7fb62e64d000-7fb62e654000 ---p 00000000 00:00 0 
7fb62e654000-7fb62e656000 r--p 00000000 08:03 265274                     /usr/lib/jvm/java-11-openjdk-amd64/lib/libzip.so
7fb62e656000-7fb62e65b000 r-xp 00002000 08:03 265274                     /usr/lib/jvm/java-11-openjdk-amd64/lib/libzip.so
7fb62e65b000-7fb62e65d000 r--p 00007000 08:03 265274                     /usr/lib/jvm/java-11-openjdk-amd64/lib/libzip.so
7fb62e65d000-7fb62e65e000 r--p 00008000 08:03 265274                     /usr/lib/jvm/java-11-openjdk-amd64/lib/libzip.so
7fb62e65e000-7fb62e65f000 rw-p 00009000 08:03 265274                     /usr/lib/jvm/java-11-openjdk-amd64/lib/libzip.so
7fb62e65f000-7fb62e667000 rw-s 00000000 08:03 393239                     /tmp/hsperfdata_ubuntu/18625
7fb62e667000-7fb62e669000 r--p 00000000 08:03 265249                     /usr/lib/jvm/java-11-openjdk-amd64/lib/libinstrument.so
7fb62e669000-7fb62e670000 r-xp 00002000 08:03 265249                     /usr/lib/jvm/java-11-openjdk-amd64/lib/libinstrument.so
7fb62e670000-7fb62e673000 r--p 00009000 08:03 265249                     /usr/lib/jvm/java-11-openjdk-amd64/lib/libinstrument.so
7fb62e673000-7fb62e674000 r--p 0000b000 08:03 265249                     /usr/lib/jvm/java-11-openjdk-amd64/lib/libinstrument.so
7fb62e674000-7fb62e675000 rw-p 0000c000 08:03 265249                     /usr/lib/jvm/java-11-openjdk-amd64/lib/libinstrument.so
7fb62e675000-7fb62e676000 ---p 00000000 00:00 0 
7fb62e676000-7fb62e677000 r--p 00000000 00:00 0 
7fb62e677000-7fb62e679000 r--p 00000000 08:03 265257                     /usr/lib/jvm/java-11-openjdk-amd64/lib/libjimage.so
7fb62e679000-7fb62e67c000 r-xp 00002000 08:03 265257                     /usr/lib/jvm/java-11-openjdk-amd64/lib/libjimage.so
7fb62e67c000-7fb62e67d000 r--p 00005000 08:03 265257                     /usr/lib/jvm/java-11-openjdk-amd64/lib/libjimage.so
7fb62e67d000-7fb62e67e000 ---p 00006000 08:03 265257                     /usr/lib/jvm/java-11-openjdk-amd64/lib/libjimage.so
7fb62e67e000-7fb62e67f000 r--p 00006000 08:03 265257                     /usr/lib/jvm/java-11-openjdk-amd64/lib/libjimage.so
7fb62e67f000-7fb62e680000 rw-p 00007000 08:03 265257                     /usr/lib/jvm/java-11-openjdk-amd64/lib/libjimage.so
7fb62e680000-7fb62e68e000 r--p 00000000 08:03 265254                     /usr/lib/jvm/java-11-openjdk-amd64/lib/libjava.so
7fb62e68e000-7fb62e6a4000 r-xp 0000e000 08:03 265254                     /usr/lib/jvm/java-11-openjdk-amd64/lib/libjava.so
7fb62e6a4000-7fb62e6ab000 r--p 00024000 08:03 265254                     /usr/lib/jvm/java-11-openjdk-amd64/lib/libjava.so
7fb62e6ab000-7fb62e6ac000 r--p 0002a000 08:03 265254                     /usr/lib/jvm/java-11-openjdk-amd64/lib/libjava.so
7fb62e6ac000-7fb62e6ad000 rw-p 0002b000 08:03 265254                     /usr/lib/jvm/java-11-openjdk-amd64/lib/libjava.so
7fb62e6ad000-7fb62e6ae000 rw-p 00000000 00:00 0 
7fb62e6ae000-7fb62e6af000 r--p 00000000 08:03 2361484                    /usr/lib/x86_64-linux-gnu/librt.so.1
7fb62e6af000-7fb62e6b0000 r-xp 00001000 08:03 2361484                    /usr/lib/x86_64-linux-gnu/librt.so.1
7fb62e6b0000-7fb62e6b1000 r--p 00002000 08:03 2361484                    /usr/lib/x86_64-linux-gnu/librt.so.1
7fb62e6b1000-7fb62e6b2000 r--p 00002000 08:03 2361484                    /usr/lib/x86_64-linux-gnu/librt.so.1
7fb62e6b2000-7fb62e6b3000 rw-p 00003000 08:03 2361484                    /usr/lib/x86_64-linux-gnu/librt.so.1
7fb62e6b3000-7fb62e6b6000 r--p 00000000 08:03 2359493                    /usr/lib/x86_64-linux-gnu/libgcc_s.so.1
7fb62e6b6000-7fb62e6cd000 r-xp 00003000 08:03 2359493                    /usr/lib/x86_64-linux-gnu/libgcc_s.so.1
7fb62e6cd000-7fb62e6d1000 r--p 0001a000 08:03 2359493                    /usr/lib/x86_64-linux-gnu/libgcc_s.so.1
7fb62e6d1000-7fb62e6d2000 r--p 0001d000 08:03 2359493                    /usr/lib/x86_64-linux-gnu/libgcc_s.so.1
7fb62e6d2000-7fb62e6d3000 rw-p 0001e000 08:03 2359493                    /usr/lib/x86_64-linux-gnu/libgcc_s.so.1
7fb62e6d3000-7fb62e6d6000 rw-p 00000000 00:00 0 
7fb62e6d6000-7fb62e6d9000 r--p 00000000 08:03 265239                     /usr/lib/jvm/java-11-openjdk-amd64/lib/jli/libjli.so
7fb62e6d9000-7fb62e6e3000 r-xp 00003000 08:03 265239                     /usr/lib/jvm/java-11-openjdk-amd64/lib/jli/libjli.so
7fb62e6e3000-7fb62e6e6000 r--p 0000d000 08:03 265239                     /usr/lib/jvm/java-11-openjdk-amd64/lib/jli/libjli.so
7fb62e6e6000-7fb62e6e7000 ---p 00010000 08:03 265239                     /usr/lib/jvm/java-11-openjdk-amd64/lib/jli/libjli.so
7fb62e6e7000-7fb62e6e8000 r--p 00010000 08:03 265239                     /usr/lib/jvm/java-11-openjdk-amd64/lib/jli/libjli.so
7fb62e6e8000-7fb62e6e9000 rw-p 00011000 08:03 265239                     /usr/lib/jvm/java-11-openjdk-amd64/lib/jli/libjli.so
7fb62e6e9000-7fb62e6eb000 r--p 00000000 08:03 2367120                    /usr/lib/x86_64-linux-gnu/libz.so.1.2.11
7fb62e6eb000-7fb62e6fd000 r-xp 00002000 08:03 2367120                    /usr/lib/x86_64-linux-gnu/libz.so.1.2.11
7fb62e6fd000-7fb62e703000 r--p 00014000 08:03 2367120                    /usr/lib/x86_64-linux-gnu/libz.so.1.2.11
7fb62e703000-7fb62e704000 r--p 0001a000 08:03 2367120                    /usr/lib/x86_64-linux-gnu/libz.so.1.2.11
7fb62e704000-7fb62e705000 rw-p 0001b000 08:03 2367120                    /usr/lib/x86_64-linux-gnu/libz.so.1.2.11
7fb62e705000-7fb62e70a000 r--p 00000000 08:03 265273                     /usr/lib/jvm/java-11-openjdk-amd64/lib/libverify.so
7fb62e70a000-7fb62e711000 r-xp 00005000 08:03 265273                     /usr/lib/jvm/java-11-openjdk-amd64/lib/libverify.so
7fb62e711000-7fb62e713000 r--p 0000c000 08:03 265273                     /usr/lib/jvm/java-11-openjdk-amd64/lib/libverify.so
7fb62e713000-7fb62e715000 r--p 0000d000 08:03 265273                     /usr/lib/jvm/java-11-openjdk-amd64/lib/libverify.so
7fb62e715000-7fb62e716000 rw-p 0000f000 08:03 265273                     /usr/lib/jvm/java-11-openjdk-amd64/lib/libverify.so
7fb62e716000-7fb62e718000 rw-p 00000000 00:00 0 
7fb62e718000-7fb62e71a000 r--p 00000000 08:03 2361301                    /usr/lib/x86_64-linux-gnu/ld-linux-x86-64.so.2
7fb62e71a000-7fb62e744000 r-xp 00002000 08:03 2361301                    /usr/lib/x86_64-linux-gnu/ld-linux-x86-64.so.2
7fb62e744000-7fb62e74f000 r--p 0002c000 08:03 2361301                    /usr/lib/x86_64-linux-gnu/ld-linux-x86-64.so.2
7fb62e750000-7fb62e752000 r--p 00037000 08:03 2361301                    /usr/lib/x86_64-linux-gnu/ld-linux-x86-64.so.2
7fb62e752000-7fb62e754000 rw-p 00039000 08:03 2361301                    /usr/lib/x86_64-linux-gnu/ld-linux-x86-64.so.2
7ffe0410f000-7ffe04130000 rw-p 00000000 00:00 0                          [stack]
7ffe04140000-7ffe04144000 r--p 00000000 00:00 0                          [vvar]
7ffe04144000-7ffe04146000 r-xp 00000000 00:00 0                          [vdso]
ffffffffff600000-ffffffffff601000 --xp 00000000 00:00 0                  [vsyscall]


VM Arguments:
jvm_args: -javaagent:/home/ubuntu/software/idea-IU-233.14475.28/lib/idea_rt.jar=38557:/home/ubuntu/software/idea-IU-233.14475.28/bin -Dfile.encoding=UTF-8 
java_command: Main tests/test1.c tests/Actual.ll
java_class_path (initial): /home/ubuntu/Lab/out/production/Lab:/usr/local/lib/antlr-4.9.1-complete.jar:/usr/local/lib/javacpp-1.5.7-linux-x86_64.jar:/usr/local/lib/javacpp-1.5.7.jar:/usr/local/lib/llvm-13.0.1-1.5.7-linux-x86_64.jar:/usr/local/lib/llvm-13.0.1-1.5.7.jar:/usr/local/lib/llvm-platform-13.0.1-1.5.7.jar
Launcher Type: SUN_STANDARD

[Global flags]
     intx CICompilerCount                          = 3                                         {product} {ergonomic}
     uint ConcGCThreads                            = 1                                         {product} {ergonomic}
     uint G1ConcRefinementThreads                  = 4                                         {product} {ergonomic}
   size_t G1HeapRegionSize                         = 1048576                                   {product} {ergonomic}
    uintx GCDrainStackTargetSize                   = 64                                        {product} {ergonomic}
   size_t InitialHeapSize                          = 65011712                                  {product} {ergonomic}
   size_t MarkStackSize                            = 4194304                                   {product} {ergonomic}
   size_t MaxHeapSize                              = 1015021568                                {product} {ergonomic}
   size_t MaxNewSize                               = 608174080                                 {product} {ergonomic}
   size_t MinHeapDeltaBytes                        = 1048576                                   {product} {ergonomic}
    uintx NonNMethodCodeHeapSize                   = 5830732                                {pd product} {ergonomic}
    uintx NonProfiledCodeHeapSize                  = 122913754                              {pd product} {ergonomic}
    uintx ProfiledCodeHeapSize                     = 122913754                              {pd product} {ergonomic}
    uintx ReservedCodeCacheSize                    = 251658240                              {pd product} {ergonomic}
     bool SegmentedCodeCache                       = true                                      {product} {ergonomic}
     bool UseCompressedClassPointers               = true                                 {lp64_product} {ergonomic}
     bool UseCompressedOops                        = true                                 {lp64_product} {ergonomic}
     bool UseG1GC                                  = true                                      {product} {ergonomic}

Logging:
Log output configuration:
 #0: stdout all=warning uptime,level,tags
 #1: stderr all=off uptime,level,tags

Environment Variables:
PATH=/usr/local/sbin:/usr/local/bin:/usr/sbin:/usr/bin:/sbin:/bin:/usr/games:/usr/local/games:/snap/bin:/snap/bin
USERNAME=ubuntu
SHELL=/bin/bash
DISPLAY=:0
LANG=zh_CN.UTF-8

Signal Handlers:
SIGSEGV: [libjvm.so+0xead700], sa_mask[0]=11111111011111111101111111111110, sa_flags=SA_RESTART|SA_SIGINFO
SIGBUS: [libjvm.so+0xead700], sa_mask[0]=11111111011111111101111111111110, sa_flags=SA_RESTART|SA_SIGINFO
SIGFPE: [libjvm.so+0xead700], sa_mask[0]=11111111011111111101111111111110, sa_flags=SA_RESTART|SA_SIGINFO
SIGPIPE: [libjvm.so+0xbefa50], sa_mask[0]=11111111011111111101111111111110, sa_flags=SA_RESTART|SA_SIGINFO
SIGXFSZ: [libjvm.so+0xbefa50], sa_mask[0]=11111111011111111101111111111110, sa_flags=SA_RESTART|SA_SIGINFO
SIGILL: [libjvm.so+0xead700], sa_mask[0]=11111111011111111101111111111110, sa_flags=SA_RESTART|SA_SIGINFO
SIGUSR2: [libjvm.so+0xbef8f0], sa_mask[0]=00100000000000000000000000000000, sa_flags=SA_RESTART|SA_SIGINFO
SIGHUP: [libjvm.so+0xbf00b0], sa_mask[0]=11111111011111111101111111111110, sa_flags=SA_RESTART|SA_SIGINFO
SIGINT: [libjvm.so+0xbf00b0], sa_mask[0]=11111111011111111101111111111110, sa_flags=SA_RESTART|SA_SIGINFO
SIGTERM: [libjvm.so+0xbf00b0], sa_mask[0]=11111111011111111101111111111110, sa_flags=SA_RESTART|SA_SIGINFO
SIGQUIT: [libjvm.so+0xbf00b0], sa_mask[0]=11111111011111111101111111111110, sa_flags=SA_RESTART|SA_SIGINFO


---------------  S Y S T E M  ---------------

OS:DISTRIB_ID=Ubuntu
DISTRIB_RELEASE=22.10
DISTRIB_CODENAME=kinetic
DISTRIB_DESCRIPTION="Ubuntu 22.10"
uname:Linux 6.5.0-21-generic #21~22.04.1-Ubuntu SMP PREEMPT_DYNAMIC Fri Feb  9 13:32:52 UTC 2 x86_64
OS uptime: 0 days 3:28 hours
libc:glibc 2.35 NPTL 2.35 
rlimit (soft/hard): STACK 8192k/infinity , CORE 0k/infinity , NPROC 15188/15188 , NOFILE 1048576/1048576 , AS infinity/infinity , CPU infinity/infinity , DATA infinity/infinity , FSIZE infinity/infinity , MEMLOCK 495440k/495440k
load average:0.87 0.68 0.79

/proc/meminfo:
MemTotal:        3963524 kB
MemFree:          517924 kB
MemAvailable:     843472 kB
Buffers:            8296 kB
Cached:           456108 kB
SwapCached:        86396 kB
Active:          1923660 kB
Inactive:         857376 kB
Active(anon):    1703432 kB
Inactive(anon):   613408 kB
Active(file):     220228 kB
Inactive(file):   243968 kB
Unevictable:          16 kB
Mlocked:              16 kB
SwapTotal:       3991548 kB
SwapFree:        2682400 kB
Zswap:                 0 kB
Zswapped:              0 kB
Dirty:              8808 kB
Writeback:             0 kB
AnonPages:       2305232 kB
Mapped:           248128 kB
Shmem:               208 kB
KReclaimable:     131636 kB
Slab:             284568 kB
SReclaimable:     131636 kB
SUnreclaim:       152932 kB
KernelStack:       13104 kB
PageTables:        25020 kB
SecPageTables:         0 kB
NFS_Unstable:          0 kB
Bounce:                0 kB
WritebackTmp:          0 kB
CommitLimit:     5973308 kB
Committed_AS:    5829300 kB
VmallocTotal:   34359738367 kB
VmallocUsed:       44016 kB
VmallocChunk:          0 kB
Percpu:           104448 kB
HardwareCorrupted:     0 kB
AnonHugePages:         0 kB
ShmemHugePages:        0 kB
ShmemPmdMapped:        0 kB
FileHugePages:         0 kB
FilePmdMapped:         0 kB
Unaccepted:            0 kB
HugePages_Total:       0
HugePages_Free:        0
HugePages_Rsvd:        0
HugePages_Surp:        0
Hugepagesize:       2048 kB
Hugetlb:               0 kB
DirectMap4k:      177984 kB
DirectMap2M:     4016128 kB
DirectMap1G:     2097152 kB

/sys/kernel/mm/transparent_hugepage/enabled:
always [madvise] never
/sys/kernel/mm/transparent_hugepage/defrag (defrag/compaction efforts parameter):
always defer defer+madvise [madvise] never

Process Memory:
Virtual Size: 3934964K (peak: 12378248K)
Resident Set Size: 95744K (peak: 95744K) (anon: 38780K, file: 56964K, shmem: 0K)
Swapped out: 0K
C-Heap outstanding allocations: 18873K, retained: 2798K
glibc malloc tunables: (default)

/proc/sys/kernel/threads-max (system-wide limit on the number of threads):
30377
/proc/sys/vm/max_map_count (maximum number of memory map areas a process may have):
65530
/proc/sys/kernel/pid_max (system-wide limit on number of process identifiers):
4194304

container (cgroup) information:
container_type: cgroupv2
cpu_cpuset_cpus: not supported
cpu_memory_nodes: not supported
active_processor_count: 4
cpu_quota: not supported
cpu_period: not supported
cpu_shares: not supported
memory_limit_in_bytes: unlimited
memory_and_swap_limit_in_bytes: unlimited
memory_soft_limit_in_bytes: unlimited
memory_usage_in_bytes: 2476448 k
memory_max_usage_in_bytes: not supported
memory_swap_current_in_bytes: 769360 k
memory_swap_max_limit_in_bytes: unlimited
maximum number of tasks: 4556
current number of tasks: 133

VMWare virtualization detected
Steal ticks since vm start: 0
Steal ticks percentage since vm start:  0.000

CPU:total 4 (initial active 4) (1 cores per cpu, 1 threads per core) family 25 model 80 stepping 0 microcode 0xffffffff, cmov, cx8, fxsr, mmx, sse, sse2, sse3, ssse3, sse4.1, sse4.2, popcnt, avx, avx2, aes, clmul, erms, mmxext, lzcnt, sse4a, tsc, tscinvbit, tscinv, bmi1, bmi2, adx, sha, fma
CPU Model and flags from /proc/cpuinfo:
model name	: AMD Ryzen 5 5600H with Radeon Graphics
flags		: fpu vme de pse tsc msr pae mce cx8 apic sep mtrr pge mca cmov pat pse36 clflush mmx fxsr sse sse2 syscall nx mmxext pdpe1gb rdtscp lm constant_tsc rep_good nopl tsc_reliable nonstop_tsc cpuid extd_apicid tsc_known_freq pni pclmulqdq ssse3 fma cx16 sse4_1 sse4_2 x2apic movbe popcnt aes xsave avx f16c rdrand hypervisor lahf_lm cr8_legacy abm sse4a misalignsse 3dnowprefetch osvw topoext ibpb vmmcall fsgsbase bmi1 avx2 smep bmi2 erms invpcid rdseed adx smap clflushopt clwb sha_ni xsaveopt xsavec xgetbv1 xsaves clzero arat umip vaes vpclmulqdq rdpid overflow_recov succor fsrm
Online cpus:
0-3
Offline cpus:
4-127
BIOS frequency limitation:
<Not Available>
Frequency switch latency (ns):
<Not Available>
Available cpu frequencies:
<Not Available>
Current governor:
<Not Available>
Core performance/turbo boost:
<Not Available>

Memory: 4k page, physical 3963524k(517924k free), swap 3991548k(2682400k free)

vm_info: OpenJDK 64-Bit Server VM (11.0.22+7-post-Ubuntu-0ubuntu222.04.1) for linux-amd64 JRE (11.0.22+7-post-Ubuntu-0ubuntu222.04.1), built on Feb  5 2024 20:45:01 by "unknown" with gcc 11.4.0

END.
