#
# A fatal error has been detected by the Java Runtime Environment:
#
#  SIGSEGV (0xb) at pc=0x00007ff74a0292d9, pid=18248, tid=18256
#
# JRE version: OpenJDK Runtime Environment (11.0.22+7) (build 11.0.22+7-post-Ubuntu-0ubuntu222.04.1)
# Java VM: OpenJDK 64-Bit Server VM (11.0.22+7-post-Ubuntu-0ubuntu222.04.1, mixed mode, sharing, tiered, compressed oops, g1 gc, linux-amd64)
# Problematic frame:
# C  [libLLVM-13.so+0xc292d9]  LLVMBuildAdd+0x29
#
# Core dump will be written. Default location: Core dumps may be processed with "/usr/share/apport/apport -p%p -s%s -c%c -d%d -P%P -u%u -g%g -- %E" (or dumping to /home/ubuntu/Lab/core.18248)
#
# If you would like to submit a bug report, please visit:
#   https://bugs.launchpad.net/ubuntu/+source/openjdk-lts
# The crash happened outside the Java Virtual Machine in native code.
# See problematic frame for where to report the bug.
#

---------------  S U M M A R Y ------------

Command Line: -javaagent:/home/ubuntu/software/idea-IU-233.14475.28/lib/idea_rt.jar=41909:/home/ubuntu/software/idea-IU-233.14475.28/bin -Dfile.encoding=UTF-8 Main tests/test1.c tests/Actual.ll

Host: AMD Ryzen 5 5600H with Radeon Graphics, 4 cores, 3G, Ubuntu 22.10
Time: Tue May 28 00:01:36 2024 CST elapsed time: 0.326590 seconds (0d 0h 0m 0s)

---------------  T H R E A D  ---------------

Current thread (0x00007ff7b4016800):  JavaThread "main" [_thread_in_native, id=18256, stack(0x00007ff7bc700000,0x00007ff7bc800000)]

Stack: [0x00007ff7bc700000,0x00007ff7bc800000],  sp=0x00007ff7bc7fda80,  free space=1014k
Native frames: (J=compiled Java code, A=aot compiled Java code, j=interpreted, Vv=VM code, C=native code)
C  [libLLVM-13.so+0xc292d9]  LLVMBuildAdd+0x29

Java frames: (J=compiled Java code, j=interpreted, Vv=VM code)
j  org.bytedeco.llvm.global.LLVM.LLVMBuildAdd(Lorg/bytedeco/llvm/LLVM/LLVMBuilderRef;Lorg/bytedeco/llvm/LLVM/LLVMValueRef;Lorg/bytedeco/llvm/LLVM/LLVMValueRef;Ljava/lang/String;)Lorg/bytedeco/llvm/LLVM/LLVMValueRef;+0
j  myVisitor.visitExp(LSysYParser$ExpContext;)Lorg/bytedeco/llvm/LLVM/LLVMValueRef;+430
j  myVisitor.visitVarDef(LSysYParser$VarDefContext;)Lorg/bytedeco/llvm/LLVM/LLVMValueRef;+137
j  myVisitor.visitVarDef(LSysYParser$VarDefContext;)Ljava/lang/Object;+2
j  SysYParser$VarDefContext.accept(Lorg/antlr/v4/runtime/tree/ParseTreeVisitor;)Ljava/lang/Object;+12
j  org.antlr.v4.runtime.tree.AbstractParseTreeVisitor.visitChildren(Lorg/antlr/v4/runtime/tree/RuleNode;)Ljava/lang/Object;+46
j  SysYParserBaseVisitor.visitVarDecl(LSysYParser$VarDeclContext;)Ljava/lang/Object;+2
j  SysYParser$VarDeclContext.accept(Lorg/antlr/v4/runtime/tree/ParseTreeVisitor;)Ljava/lang/Object;+12
j  org.antlr.v4.runtime.tree.AbstractParseTreeVisitor.visitChildren(Lorg/antlr/v4/runtime/tree/RuleNode;)Ljava/lang/Object;+46
j  SysYParserBaseVisitor.visitDecl(LSysYParser$DeclContext;)Ljava/lang/Object;+2
j  SysYParser$DeclContext.accept(Lorg/antlr/v4/runtime/tree/ParseTreeVisitor;)Ljava/lang/Object;+12
j  org.antlr.v4.runtime.tree.AbstractParseTreeVisitor.visitChildren(Lorg/antlr/v4/runtime/tree/RuleNode;)Ljava/lang/Object;+46
j  SysYParserBaseVisitor.visitBlockItem(LSysYParser$BlockItemContext;)Ljava/lang/Object;+2
j  SysYParser$BlockItemContext.accept(Lorg/antlr/v4/runtime/tree/ParseTreeVisitor;)Ljava/lang/Object;+12
j  org.antlr.v4.runtime.tree.AbstractParseTreeVisitor.visitChildren(Lorg/antlr/v4/runtime/tree/RuleNode;)Ljava/lang/Object;+46
j  myVisitor.visitBlock(LSysYParser$BlockContext;)Lorg/bytedeco/llvm/LLVM/LLVMValueRef;+9
j  myVisitor.visitBlock(LSysYParser$BlockContext;)Ljava/lang/Object;+2
j  SysYParser$BlockContext.accept(Lorg/antlr/v4/runtime/tree/ParseTreeVisitor;)Ljava/lang/Object;+12
j  org.antlr.v4.runtime.tree.AbstractParseTreeVisitor.visit(Lorg/antlr/v4/runtime/tree/ParseTree;)Ljava/lang/Object;+2
j  myVisitor.visitFuncDef(LSysYParser$FuncDefContext;)Lorg/bytedeco/llvm/LLVM/LLVMValueRef;+65
j  myVisitor.visitFuncDef(LSysYParser$FuncDefContext;)Ljava/lang/Object;+2
j  SysYParser$FuncDefContext.accept(Lorg/antlr/v4/runtime/tree/ParseTreeVisitor;)Ljava/lang/Object;+12
j  org.antlr.v4.runtime.tree.AbstractParseTreeVisitor.visitChildren(Lorg/antlr/v4/runtime/tree/RuleNode;)Ljava/lang/Object;+46
j  SysYParserBaseVisitor.visitCompUnit(LSysYParser$CompUnitContext;)Ljava/lang/Object;+2
j  SysYParser$CompUnitContext.accept(Lorg/antlr/v4/runtime/tree/ParseTreeVisitor;)Ljava/lang/Object;+12
j  org.antlr.v4.runtime.tree.AbstractParseTreeVisitor.visitChildren(Lorg/antlr/v4/runtime/tree/RuleNode;)Ljava/lang/Object;+46
j  SysYParserBaseVisitor.visitProgram(LSysYParser$ProgramContext;)Ljava/lang/Object;+2
j  SysYParser$ProgramContext.accept(Lorg/antlr/v4/runtime/tree/ParseTreeVisitor;)Ljava/lang/Object;+12
j  org.antlr.v4.runtime.tree.AbstractParseTreeVisitor.visit(Lorg/antlr/v4/runtime/tree/ParseTree;)Ljava/lang/Object;+2
j  Main.main([Ljava/lang/String;)V+79
v  ~StubRoutines::call_stub

siginfo: si_signo: 11 (SIGSEGV), si_code: 1 (SEGV_MAPERR), si_addr: 0x0000000000000010

Register to memory mapping:

RAX=0x00007ff7b4426a30 points into unknown readable memory: 0x0000000700646461 | 61 64 64 00 07 00 00 00
RBX=0x00007ff7b4376bc0 points into unknown readable memory: 0x00007ff7b4376bd0 | d0 6b 37 b4 f7 7f 00 00
RCX=0x00007ff7b4426a30 points into unknown readable memory: 0x0000000700646461 | 61 64 64 00 07 00 00 00
RDX=0x0000000000000101 is an unknown value
RSP=0x00007ff7bc7fda80 is pointing into the stack for thread: 0x00007ff7b4016800
RBP=0x00007ff7b4016b48 points into unknown readable memory: 0x00007ff7bc646b40 | 40 6b 64 bc f7 7f 00 00
RSI=0x00007ff7b4425e60 points into unknown readable memory: 0x00007ff7b441a5e8 | e8 a5 41 b4 f7 7f 00 00
RDI=0x0 is NULL
R8 =0x00000000c6b77fc0 points into unknown readable memory: 0x0000000000646461 | 61 64 64 00 00 00 00 00
R9 =0x0000000000000002 is an unknown value
R10=0x00007ff749460568: <offset 0x0000000000060568> in /home/ubuntu/.javacpp/cache/llvm-13.0.1-1.5.7-linux-x86_64.jar/org/bytedeco/llvm/linux-x86_64/libLLVM-13.so at 0x00007ff749400000
R11=0x00007ff74a0292b0: LLVMBuildAdd+0x0000000000000000 in /home/ubuntu/.javacpp/cache/llvm-13.0.1-1.5.7-linux-x86_64.jar/org/bytedeco/llvm/linux-x86_64/libLLVM-13.so at 0x00007ff749400000
R12=0x0 is NULL
R13=0x0 is NULL
R14=0x00007ff7b4425e60 points into unknown readable memory: 0x00007ff7b441a5e8 | e8 a5 41 b4 f7 7f 00 00
R15=0x00007ff7b4376bc0 points into unknown readable memory: 0x00007ff7b4376bd0 | d0 6b 37 b4 f7 7f 00 00


Registers:
RAX=0x00007ff7b4426a30, RBX=0x00007ff7b4376bc0, RCX=0x00007ff7b4426a30, RDX=0x0000000000000101
RSP=0x00007ff7bc7fda80, RBP=0x00007ff7b4016b48, RSI=0x00007ff7b4425e60, RDI=0x0000000000000000
R8 =0x00000000c6b77fc0, R9 =0x0000000000000002, R10=0x00007ff749460568, R11=0x00007ff74a0292b0
R12=0x0000000000000000, R13=0x0000000000000000, R14=0x00007ff7b4425e60, R15=0x00007ff7b4376bc0
RIP=0x00007ff74a0292d9, EFLAGS=0x0000000000010202, CSGSFS=0x002b000000000033, ERR=0x0000000000000004
  TRAPNO=0x000000000000000e

Top of Stack: (sp=0x00007ff7bc7fda80)
0x00007ff7bc7fda80:   00007ff7b4426a30 00007ff7b41269f0
0x00007ff7bc7fda90:   0000000000000004 0000000000000003
0x00007ff7bc7fdaa0:   00007ff7b4420103 00007ff7b41269f0
0x00007ff7bc7fdab0:   00007ff7b4425e60 00007ff7b4376bc0 

Instructions: (pc=0x00007ff74a0292d9)
0x00007ff74a0291d9:   84 00 00 00 00 00 90 48 83 7f e0 00 74 14 48 8b
0x00007ff74a0291e9:   47 e8 48 8b 57 f0 48 89 02 48 85 c0 74 04 48 89
0x00007ff74a0291f9:   50 10 48 89 77 e0 48 85 f6 74 25 48 8b 46 08 48
0x00007ff74a029209:   8d 56 08 48 89 47 e8 48 85 c0 74 08 48 8d 4f e8
0x00007ff74a029219:   48 89 48 10 48 89 57 f0 48 83 ef 20 48 89 7e 08
0x00007ff74a029229:   c3 66 0f 1f 44 00 00 8b 47 14 89 f6 25 ff ff ff
0x00007ff74a029239:   07 48 29 c6 48 c1 e6 05 48 8b 04 37 c3 66 2e 0f
0x00007ff74a029249:   1f 84 00 00 00 00 00 48 89 f8 89 f7 8b 48 14 81
0x00007ff74a029259:   e1 ff ff ff 07 48 29 cf 48 c1 e7 05 48 01 c7 48
0x00007ff74a029269:   83 3f 00 74 14 48 8b 47 08 48 8b 4f 10 48 89 01
0x00007ff74a029279:   48 85 c0 74 04 48 89 48 10 48 89 17 48 85 d2 74
0x00007ff74a029289:   21 48 8b 42 08 48 8d 4a 08 48 89 47 08 48 85 c0
0x00007ff74a029299:   74 08 48 8d 77 08 48 89 70 10 48 89 4f 10 48 89
0x00007ff74a0292a9:   7a 08 c3 0f 1f 40 00 41 54 55 53 48 89 fb 48 89
0x00007ff74a0292b9:   f7 48 89 d6 ba 01 01 00 00 48 83 ec 60 80 39 00
0x00007ff74a0292c9:   66 89 54 24 20 74 09 48 89 0c 24 c6 44 24 20 03
0x00007ff74a0292d9:   80 7f 10 12 0f 87 95 00 00 00 80 7e 10 12 0f 87
0x00007ff74a0292e9:   8b 00 00 00 4c 8b 4b 48 48 8d 15 18 19 fa ff 49
0x00007ff74a0292f9:   8b 01 48 8b 40 10 48 39 d0 0f 85 f0 00 00 00 31
0x00007ff74a029309:   c9 31 d2 e8 7f 13 ff ff 49 89 c4 41 80 7c 24 10
0x00007ff74a029319:   19 76 4b 48 8b 7b 50 48 8b 4b 30 48 89 e2 4c 89
0x00007ff74a029329:   e6 4c 8b 43 38 48 8b 07 ff 50 10 8b 6b 08 48 8b
0x00007ff74a029339:   03 48 c1 e5 04 48 01 c5 48 39 e8 74 21 48 89 c3
0x00007ff74a029349:   0f 1f 80 00 00 00 00 48 8b 53 08 8b 33 4c 89 e7
0x00007ff74a029359:   48 83 c3 10 e8 de 4a 0e 00 48 39 dd 75 e9 48 83
0x00007ff74a029369:   c4 60 4c 89 e0 5b 5d 41 5c c3 0f 1f 44 00 00 48
0x00007ff74a029379:   89 f2 b8 01 01 00 00 48 89 fe 45 31 c0 48 8d 4c
0x00007ff74a029389:   24 30 bf 0d 00 00 00 66 89 44 24 50 e8 76 cf 09
0x00007ff74a029399:   00 48 8b 7b 50 48 89 e2 48 8b 4b 30 49 89 c4 4c
0x00007ff74a0293a9:   8b 43 38 48 8b 07 4c 89 e6 ff 50 10 8b 6b 08 48
0x00007ff74a0293b9:   8b 13 48 c1 e5 04 48 01 d5 48 39 ea 74 a0 48 89
0x00007ff74a0293c9:   d3 66 0f 1f 44 00 00 48 8b 53 08 8b 33 4c 89 e7 


Stack slot to memory mapping:
stack at sp + 0 slots: 0x00007ff7b4426a30 points into unknown readable memory: 0x0000000700646461 | 61 64 64 00 07 00 00 00
stack at sp + 1 slots: 0x00007ff7b41269f0 points into unknown readable memory: 0x00000000c6b77fb0 | b0 7f b7 c6 00 00 00 00
stack at sp + 2 slots: 0x0000000000000004 is an unknown value
stack at sp + 3 slots: 0x0000000000000003 is an unknown value
stack at sp + 4 slots: 0x00007ff7b4420103 points into unknown readable memory: 00 00 00 00 00
stack at sp + 5 slots: 0x00007ff7b41269f0 points into unknown readable memory: 0x00000000c6b77fb0 | b0 7f b7 c6 00 00 00 00
stack at sp + 6 slots: 0x00007ff7b4425e60 points into unknown readable memory: 0x00007ff7b441a5e8 | e8 a5 41 b4 f7 7f 00 00
stack at sp + 7 slots: 0x00007ff7b4376bc0 points into unknown readable memory: 0x00007ff7b4376bd0 | d0 6b 37 b4 f7 7f 00 00


---------------  P R O C E S S  ---------------

Threads class SMR info:
_java_thread_list=0x00007ff7b4250b60, length=12, elements={
0x00007ff7b4016800, 0x00007ff7b4128000, 0x00007ff7b412a000, 0x00007ff7b412f800,
0x00007ff7b4131800, 0x00007ff7b4134000, 0x00007ff7b4136000, 0x00007ff7b4138000,
0x00007ff7b415d800, 0x00007ff76c09f800, 0x00007ff7b4233000, 0x00007ff7b424e800
}

Java Threads: ( => current thread )
=>0x00007ff7b4016800 JavaThread "main" [_thread_in_native, id=18256, stack(0x00007ff7bc700000,0x00007ff7bc800000)]
  0x00007ff7b4128000 JavaThread "Reference Handler" daemon [_thread_blocked, id=18269, stack(0x00007ff79c2fe000,0x00007ff79c3fe000)]
  0x00007ff7b412a000 JavaThread "Finalizer" daemon [_thread_blocked, id=18270, stack(0x00007ff79c1fe000,0x00007ff79c2fe000)]
  0x00007ff7b412f800 JavaThread "Signal Dispatcher" daemon [_thread_blocked, id=18271, stack(0x00007ff79c0fe000,0x00007ff79c1fe000)]
  0x00007ff7b4131800 JavaThread "Service Thread" daemon [_thread_blocked, id=18272, stack(0x00007ff78d700000,0x00007ff78d800000)]
  0x00007ff7b4134000 JavaThread "C2 CompilerThread0" daemon [_thread_blocked, id=18273, stack(0x00007ff78cd00000,0x00007ff78ce00000)]
  0x00007ff7b4136000 JavaThread "C1 CompilerThread0" daemon [_thread_blocked, id=18275, stack(0x00007ff78cc00000,0x00007ff78cd00000)]
  0x00007ff7b4138000 JavaThread "Sweeper thread" daemon [_thread_blocked, id=18276, stack(0x00007ff78cb00000,0x00007ff78cc00000)]
  0x00007ff7b415d800 JavaThread "Common-Cleaner" daemon [_thread_blocked, id=18278, stack(0x00007ff78ca00000,0x00007ff78cb00000)]
  0x00007ff76c09f800 JavaThread "C2 CompilerThread1" daemon [_thread_blocked, id=18279, stack(0x00007ff78c900000,0x00007ff78ca00000)]
  0x00007ff7b4233000 JavaThread "Monitor Ctrl-Break" daemon [_thread_in_native, id=18280, stack(0x00007ff78c800000,0x00007ff78c900000)]
  0x00007ff7b424e800 JavaThread "JavaCPP Deallocator" daemon [_thread_blocked, id=18282, stack(0x00007ff78c5ff000,0x00007ff78c6ff000)]

Other Threads:
  0x00007ff7b4125800 VMThread "VM Thread" [stack: 0x00007ff79c3ff000,0x00007ff79c4ff000] [id=18268]
  0x00007ff7b4235800 WatcherThread [stack: 0x00007ff78c700000,0x00007ff78c800000] [id=18281]
  0x00007ff7b402f800 GCTaskThread "GC Thread#0" [stack: 0x00007ff7bae15000,0x00007ff7baf15000] [id=18263]
  0x00007ff7b404a800 ConcurrentGCThread "G1 Main Marker" [stack: 0x00007ff7b8524000,0x00007ff7b8624000] [id=18264]
  0x00007ff7b404c800 ConcurrentGCThread "G1 Conc#0" [stack: 0x00007ff7b8423000,0x00007ff7b8523000] [id=18265]
  0x00007ff7b4090000 ConcurrentGCThread "G1 Refine#0" [stack: 0x00007ff7b3f00000,0x00007ff7b4000000] [id=18266]
  0x00007ff7b4092000 ConcurrentGCThread "G1 Young RemSet Sampling" [stack: 0x00007ff79c500000,0x00007ff79c600000] [id=18267]

Threads with active compile tasks:

VM state:not at safepoint (normal execution)

VM Mutex/Monitor currently owned by a thread: None

Heap address: 0x00000000c3800000, size: 968 MB, Compressed Oops mode: 32-bit
Narrow klass base: 0x0000000800000000, Narrow klass shift: 3
Compressed class space size: 1073741824 Address: 0x0000000840000000

Heap:
 garbage-first heap   total 65536K, used 9936K [0x00000000c3800000, 0x0000000100000000)
  region size 1024K, 11 young (11264K), 0 survivors (0K)
 Metaspace       used 3905K, capacity 6550K, committed 6656K, reserved 1056768K
  class space    used 432K, capacity 695K, committed 768K, reserved 1048576K
Heap Regions: E=young(eden), S=young(survivor), O=old, HS=humongous(starts), HC=humongous(continues), CS=collection set, F=free, A=archive, TAMS=top-at-mark-start (previous, next)
|   0|0x00000000c3800000, 0x00000000c3800000, 0x00000000c3900000|  0%| F|  |TAMS 0x00000000c3800000, 0x00000000c3800000| Untracked 
|   1|0x00000000c3900000, 0x00000000c3900000, 0x00000000c3a00000|  0%| F|  |TAMS 0x00000000c3900000, 0x00000000c3900000| Untracked 
|   2|0x00000000c3a00000, 0x00000000c3a00000, 0x00000000c3b00000|  0%| F|  |TAMS 0x00000000c3a00000, 0x00000000c3a00000| Untracked 
|   3|0x00000000c3b00000, 0x00000000c3b00000, 0x00000000c3c00000|  0%| F|  |TAMS 0x00000000c3b00000, 0x00000000c3b00000| Untracked 
|   4|0x00000000c3c00000, 0x00000000c3c00000, 0x00000000c3d00000|  0%| F|  |TAMS 0x00000000c3c00000, 0x00000000c3c00000| Untracked 
|   5|0x00000000c3d00000, 0x00000000c3d00000, 0x00000000c3e00000|  0%| F|  |TAMS 0x00000000c3d00000, 0x00000000c3d00000| Untracked 
|   6|0x00000000c3e00000, 0x00000000c3e00000, 0x00000000c3f00000|  0%| F|  |TAMS 0x00000000c3e00000, 0x00000000c3e00000| Untracked 
|   7|0x00000000c3f00000, 0x00000000c3f00000, 0x00000000c4000000|  0%| F|  |TAMS 0x00000000c3f00000, 0x00000000c3f00000| Untracked 
|   8|0x00000000c4000000, 0x00000000c4000000, 0x00000000c4100000|  0%| F|  |TAMS 0x00000000c4000000, 0x00000000c4000000| Untracked 
|   9|0x00000000c4100000, 0x00000000c4100000, 0x00000000c4200000|  0%| F|  |TAMS 0x00000000c4100000, 0x00000000c4100000| Untracked 
|  10|0x00000000c4200000, 0x00000000c4200000, 0x00000000c4300000|  0%| F|  |TAMS 0x00000000c4200000, 0x00000000c4200000| Untracked 
|  11|0x00000000c4300000, 0x00000000c4300000, 0x00000000c4400000|  0%| F|  |TAMS 0x00000000c4300000, 0x00000000c4300000| Untracked 
|  12|0x00000000c4400000, 0x00000000c4400000, 0x00000000c4500000|  0%| F|  |TAMS 0x00000000c4400000, 0x00000000c4400000| Untracked 
|  13|0x00000000c4500000, 0x00000000c4500000, 0x00000000c4600000|  0%| F|  |TAMS 0x00000000c4500000, 0x00000000c4500000| Untracked 
|  14|0x00000000c4600000, 0x00000000c4600000, 0x00000000c4700000|  0%| F|  |TAMS 0x00000000c4600000, 0x00000000c4600000| Untracked 
|  15|0x00000000c4700000, 0x00000000c4700000, 0x00000000c4800000|  0%| F|  |TAMS 0x00000000c4700000, 0x00000000c4700000| Untracked 
|  16|0x00000000c4800000, 0x00000000c4800000, 0x00000000c4900000|  0%| F|  |TAMS 0x00000000c4800000, 0x00000000c4800000| Untracked 
|  17|0x00000000c4900000, 0x00000000c4900000, 0x00000000c4a00000|  0%| F|  |TAMS 0x00000000c4900000, 0x00000000c4900000| Untracked 
|  18|0x00000000c4a00000, 0x00000000c4a00000, 0x00000000c4b00000|  0%| F|  |TAMS 0x00000000c4a00000, 0x00000000c4a00000| Untracked 
|  19|0x00000000c4b00000, 0x00000000c4b00000, 0x00000000c4c00000|  0%| F|  |TAMS 0x00000000c4b00000, 0x00000000c4b00000| Untracked 
|  20|0x00000000c4c00000, 0x00000000c4c00000, 0x00000000c4d00000|  0%| F|  |TAMS 0x00000000c4c00000, 0x00000000c4c00000| Untracked 
|  21|0x00000000c4d00000, 0x00000000c4d00000, 0x00000000c4e00000|  0%| F|  |TAMS 0x00000000c4d00000, 0x00000000c4d00000| Untracked 
|  22|0x00000000c4e00000, 0x00000000c4e00000, 0x00000000c4f00000|  0%| F|  |TAMS 0x00000000c4e00000, 0x00000000c4e00000| Untracked 
|  23|0x00000000c4f00000, 0x00000000c4f00000, 0x00000000c5000000|  0%| F|  |TAMS 0x00000000c4f00000, 0x00000000c4f00000| Untracked 
|  24|0x00000000c5000000, 0x00000000c5000000, 0x00000000c5100000|  0%| F|  |TAMS 0x00000000c5000000, 0x00000000c5000000| Untracked 
|  25|0x00000000c5100000, 0x00000000c5100000, 0x00000000c5200000|  0%| F|  |TAMS 0x00000000c5100000, 0x00000000c5100000| Untracked 
|  26|0x00000000c5200000, 0x00000000c5200000, 0x00000000c5300000|  0%| F|  |TAMS 0x00000000c5200000, 0x00000000c5200000| Untracked 
|  27|0x00000000c5300000, 0x00000000c5300000, 0x00000000c5400000|  0%| F|  |TAMS 0x00000000c5300000, 0x00000000c5300000| Untracked 
|  28|0x00000000c5400000, 0x00000000c5400000, 0x00000000c5500000|  0%| F|  |TAMS 0x00000000c5400000, 0x00000000c5400000| Untracked 
|  29|0x00000000c5500000, 0x00000000c5500000, 0x00000000c5600000|  0%| F|  |TAMS 0x00000000c5500000, 0x00000000c5500000| Untracked 
|  30|0x00000000c5600000, 0x00000000c5600000, 0x00000000c5700000|  0%| F|  |TAMS 0x00000000c5600000, 0x00000000c5600000| Untracked 
|  31|0x00000000c5700000, 0x00000000c5700000, 0x00000000c5800000|  0%| F|  |TAMS 0x00000000c5700000, 0x00000000c5700000| Untracked 
|  32|0x00000000c5800000, 0x00000000c5800000, 0x00000000c5900000|  0%| F|  |TAMS 0x00000000c5800000, 0x00000000c5800000| Untracked 
|  33|0x00000000c5900000, 0x00000000c5900000, 0x00000000c5a00000|  0%| F|  |TAMS 0x00000000c5900000, 0x00000000c5900000| Untracked 
|  34|0x00000000c5a00000, 0x00000000c5a00000, 0x00000000c5b00000|  0%| F|  |TAMS 0x00000000c5a00000, 0x00000000c5a00000| Untracked 
|  35|0x00000000c5b00000, 0x00000000c5b00000, 0x00000000c5c00000|  0%| F|  |TAMS 0x00000000c5b00000, 0x00000000c5b00000| Untracked 
|  36|0x00000000c5c00000, 0x00000000c5c00000, 0x00000000c5d00000|  0%| F|  |TAMS 0x00000000c5c00000, 0x00000000c5c00000| Untracked 
|  37|0x00000000c5d00000, 0x00000000c5d00000, 0x00000000c5e00000|  0%| F|  |TAMS 0x00000000c5d00000, 0x00000000c5d00000| Untracked 
|  38|0x00000000c5e00000, 0x00000000c5e00000, 0x00000000c5f00000|  0%| F|  |TAMS 0x00000000c5e00000, 0x00000000c5e00000| Untracked 
|  39|0x00000000c5f00000, 0x00000000c5f00000, 0x00000000c6000000|  0%| F|  |TAMS 0x00000000c5f00000, 0x00000000c5f00000| Untracked 
|  40|0x00000000c6000000, 0x00000000c6000000, 0x00000000c6100000|  0%| F|  |TAMS 0x00000000c6000000, 0x00000000c6000000| Untracked 
|  41|0x00000000c6100000, 0x00000000c6100000, 0x00000000c6200000|  0%| F|  |TAMS 0x00000000c6100000, 0x00000000c6100000| Untracked 
|  42|0x00000000c6200000, 0x00000000c6200000, 0x00000000c6300000|  0%| F|  |TAMS 0x00000000c6200000, 0x00000000c6200000| Untracked 
|  43|0x00000000c6300000, 0x00000000c6300000, 0x00000000c6400000|  0%| F|  |TAMS 0x00000000c6300000, 0x00000000c6300000| Untracked 
|  44|0x00000000c6400000, 0x00000000c6400000, 0x00000000c6500000|  0%| F|  |TAMS 0x00000000c6400000, 0x00000000c6400000| Untracked 
|  45|0x00000000c6500000, 0x00000000c6500000, 0x00000000c6600000|  0%| F|  |TAMS 0x00000000c6500000, 0x00000000c6500000| Untracked 
|  46|0x00000000c6600000, 0x00000000c6600000, 0x00000000c6700000|  0%| F|  |TAMS 0x00000000c6600000, 0x00000000c6600000| Untracked 
|  47|0x00000000c6700000, 0x00000000c6700000, 0x00000000c6800000|  0%| F|  |TAMS 0x00000000c6700000, 0x00000000c6700000| Untracked 
|  48|0x00000000c6800000, 0x00000000c6800000, 0x00000000c6900000|  0%| F|  |TAMS 0x00000000c6800000, 0x00000000c6800000| Untracked 
|  49|0x00000000c6900000, 0x00000000c6900000, 0x00000000c6a00000|  0%| F|  |TAMS 0x00000000c6900000, 0x00000000c6900000| Untracked 
|  50|0x00000000c6a00000, 0x00000000c6a00000, 0x00000000c6b00000|  0%| F|  |TAMS 0x00000000c6a00000, 0x00000000c6a00000| Untracked 
|  51|0x00000000c6b00000, 0x00000000c6b90140, 0x00000000c6c00000| 56%| E|  |TAMS 0x00000000c6b00000, 0x00000000c6b00000| Complete 
|  52|0x00000000c6c00000, 0x00000000c6d00000, 0x00000000c6d00000|100%| E|CS|TAMS 0x00000000c6c00000, 0x00000000c6c00000| Complete 
|  53|0x00000000c6d00000, 0x00000000c6e00000, 0x00000000c6e00000|100%| E|CS|TAMS 0x00000000c6d00000, 0x00000000c6d00000| Complete 
|  54|0x00000000c6e00000, 0x00000000c6f00000, 0x00000000c6f00000|100%| E|CS|TAMS 0x00000000c6e00000, 0x00000000c6e00000| Complete 
|  55|0x00000000c6f00000, 0x00000000c7000000, 0x00000000c7000000|100%| E|  |TAMS 0x00000000c6f00000, 0x00000000c6f00000| Complete 
|  56|0x00000000c7000000, 0x00000000c7100000, 0x00000000c7100000|100%| E|CS|TAMS 0x00000000c7000000, 0x00000000c7000000| Complete 
|  57|0x00000000c7100000, 0x00000000c7200000, 0x00000000c7200000|100%| E|CS|TAMS 0x00000000c7100000, 0x00000000c7100000| Complete 
|  58|0x00000000c7200000, 0x00000000c7300000, 0x00000000c7300000|100%| E|CS|TAMS 0x00000000c7200000, 0x00000000c7200000| Complete 
|  59|0x00000000c7300000, 0x00000000c7400000, 0x00000000c7400000|100%| E|CS|TAMS 0x00000000c7300000, 0x00000000c7300000| Complete 
|  60|0x00000000c7400000, 0x00000000c7500000, 0x00000000c7500000|100%| E|CS|TAMS 0x00000000c7400000, 0x00000000c7400000| Complete 
|  61|0x00000000c7500000, 0x00000000c7600000, 0x00000000c7600000|100%| E|CS|TAMS 0x00000000c7500000, 0x00000000c7500000| Complete 
| 966|0x00000000ffe00000, 0x00000000ffe48000, 0x00000000fff00000| 28%|OA|  |TAMS 0x00000000ffe00000, 0x00000000ffe00000| Untracked 
| 967|0x00000000fff00000, 0x00000000fff6c000, 0x0000000100000000| 42%|CA|  |TAMS 0x00000000fff00000, 0x00000000fff00000| Untracked 

Card table byte_map: [0x00007ff7ba648000,0x00007ff7ba82c000] _byte_map_base: 0x00007ff7ba02c000

Marking Bits (Prev, Next): (CMBitMap*) 0x00007ff7b4045c68, (CMBitMap*) 0x00007ff7b4045ca0
 Prev Bits: [0x00007ff7b9544000, 0x00007ff7ba464000)
 Next Bits: [0x00007ff7b8624000, 0x00007ff7b9544000)

Polling page: 0x00007ff7bca2f000

Metaspace:

Usage:
  Non-class:      5.72 MB capacity,     3.39 MB ( 59%) used,     2.32 MB ( 41%) free+waste,     6.88 KB ( <1%) overhead. 
      Class:    695.00 KB capacity,   432.49 KB ( 62%) used,   258.76 KB ( 37%) free+waste,     3.75 KB ( <1%) overhead. 
       Both:      6.40 MB capacity,     3.81 MB ( 60%) used,     2.57 MB ( 40%) free+waste,    10.62 KB ( <1%) overhead. 

Virtual space:
  Non-class space:        8.00 MB reserved,       5.75 MB ( 72%) committed 
      Class space:        1.00 GB reserved,     768.00 KB ( <1%) committed 
             Both:        1.01 GB reserved,       6.50 MB ( <1%) committed 

Chunk freelists:
   Non-Class:  33.00 KB
       Class:  9.00 KB
        Both:  42.00 KB

MaxMetaspaceSize: unlimited
CompressedClassSpaceSize: 1.00 GB
Initial GC threshold: 20.80 MB
Current GC threshold: 20.80 MB
CDS: on

CodeHeap 'non-profiled nmethods': size=120032Kb used=230Kb max_used=230Kb free=119801Kb
 bounds [0x00007ff7a40c8000, 0x00007ff7a4338000, 0x00007ff7ab600000]
CodeHeap 'profiled nmethods': size=120032Kb used=1234Kb max_used=1234Kb free=118797Kb
 bounds [0x00007ff79cb90000, 0x00007ff79ce00000, 0x00007ff7a40c8000]
CodeHeap 'non-nmethods': size=5696Kb used=1147Kb max_used=1156Kb free=4548Kb
 bounds [0x00007ff79c600000, 0x00007ff79c870000, 0x00007ff79cb90000]
 total_blobs=1153 nmethods=744 adapters=323
 compilation: enabled
              stopped_count=0, restarted_count=0
 full_count=0

Compilation events (20 events):
Event: 0.322 Thread 0x00007ff7b4136000 nmethod 723 0x00007ff79ccbe990 code [0x00007ff79ccbeb40, 0x00007ff79ccbed90]
Event: 0.322 Thread 0x00007ff7b4136000  730       1       java.lang.invoke.LambdaForm$Name::type (5 bytes)
Event: 0.322 Thread 0x00007ff7b4136000 nmethod 730 0x00007ff7a4101110 code [0x00007ff7a41012c0, 0x00007ff7a4101390]
Event: 0.322 Thread 0x00007ff7b4136000  725       3       java.lang.invoke.MethodType::parameterSlotCount (8 bytes)
Event: 0.323 Thread 0x00007ff7b4136000 nmethod 725 0x00007ff79ccbee10 code [0x00007ff79ccbefc0, 0x00007ff79ccbf1d0]
Event: 0.323 Thread 0x00007ff7b4136000  732       3       java.lang.invoke.LambdaForm::internArgument (84 bytes)
Event: 0.323 Thread 0x00007ff7b4136000 nmethod 732 0x00007ff79ccbf310 code [0x00007ff79ccbf500, 0x00007ff79ccbf8a0]
Event: 0.323 Thread 0x00007ff7b4136000  734       3       java.lang.invoke.MemberName::getName (25 bytes)
Event: 0.323 Thread 0x00007ff7b4136000 nmethod 734 0x00007ff79ccbfa90 code [0x00007ff79ccbfc60, 0x00007ff79ccbffe0]
Event: 0.323 Thread 0x00007ff7b4136000  737       3       java.lang.invoke.LambdaForm$Name::useCount (42 bytes)
Event: 0.323 Thread 0x00007ff7b4136000 nmethod 737 0x00007ff79ccc0110 code [0x00007ff79ccc02e0, 0x00007ff79ccc05f0]
Event: 0.323 Thread 0x00007ff7b4136000  736       3       java.lang.invoke.LambdaForm$Name::lastUseIndex (36 bytes)
Event: 0.323 Thread 0x00007ff7b4136000 nmethod 736 0x00007ff79ccc0710 code [0x00007ff79ccc08e0, 0x00007ff79ccc0b90]
Event: 0.323 Thread 0x00007ff7b4136000  735       3       jdk.internal.org.objectweb.asm.MethodWriter::visitVarInsn (300 bytes)
Event: 0.324 Thread 0x00007ff7b4136000 nmethod 735 0x00007ff79ccc0c90 code [0x00007ff79ccc0f00, 0x00007ff79ccc1900]
Event: 0.324 Thread 0x00007ff7b4136000  739       3       java.lang.invoke.MethodTypeForm::canonicalizeAll (66 bytes)
Event: 0.324 Thread 0x00007ff7b4136000 nmethod 739 0x00007ff79ccc1c10 code [0x00007ff79ccc1e20, 0x00007ff79ccc2490]
Event: 0.324 Thread 0x00007ff7b4136000  741       3       java.util.ImmutableCollections$ListN::size (6 bytes)
Event: 0.324 Thread 0x00007ff7b4136000 nmethod 741 0x00007ff79ccc2690 code [0x00007ff79ccc2840, 0x00007ff79ccc2970]
Event: 0.324 Thread 0x00007ff7b4136000  738       3       jdk.internal.org.objectweb.asm.Frame::push (110 bytes)

GC Heap History (0 events):
No events

Deoptimization events (20 events):
Event: 0.158 Thread 0x00007ff7b4016800 DEOPT PACKING pc=0x00007ff7a40d5c54 sp=0x00007ff7bc7fb370
Event: 0.159 Thread 0x00007ff7b4016800 DEOPT UNPACKING pc=0x00007ff79c649ea5 sp=0x00007ff7bc7fb300 mode 2
Event: 0.197 Thread 0x00007ff7b4016800 Uncommon trap: trap_request=0xffffff4d fr.pc=0x00007ff7a40d7788 relative=0x0000000000000068
Event: 0.197 Thread 0x00007ff7b4016800 Uncommon trap: reason=unstable_if action=reinterpret pc=0x00007ff7a40d7788 method=java.lang.String.isLatin1()Z @ 10 c2
Event: 0.197 Thread 0x00007ff7b4016800 DEOPT PACKING pc=0x00007ff7a40d7788 sp=0x00007ff7bc7fe2b0
Event: 0.197 Thread 0x00007ff7b4016800 DEOPT UNPACKING pc=0x00007ff79c649ea5 sp=0x00007ff7bc7fe260 mode 2
Event: 0.213 Thread 0x00007ff7b4016800 Uncommon trap: trap_request=0xffffff76 fr.pc=0x00007ff7a40ea9ec relative=0x00000000000003ac
Event: 0.213 Thread 0x00007ff7b4016800 Uncommon trap: reason=loop_limit_check action=maybe_recompile pc=0x00007ff7a40ea9ec method=java.lang.StringLatin1.indexOf([BI[BII)I @ 37 c2
Event: 0.213 Thread 0x00007ff7b4016800 DEOPT PACKING pc=0x00007ff7a40ea9ec sp=0x00007ff7bc7fba20
Event: 0.213 Thread 0x00007ff7b4016800 DEOPT UNPACKING pc=0x00007ff79c649ea5 sp=0x00007ff7bc7fb9a0 mode 2
Event: 0.241 Thread 0x00007ff7b4016800 Uncommon trap: trap_request=0xffffffc6 fr.pc=0x00007ff7a40e3540 relative=0x00000000000003e0
Event: 0.241 Thread 0x00007ff7b4016800 Uncommon trap: reason=bimorphic_or_optimized_type_check action=maybe_recompile pc=0x00007ff7a40e3540 method=java.util.HashMap.getNode(ILjava/lang/Object;)Ljava/util/HashMap$Node; @ 126 c2
Event: 0.241 Thread 0x00007ff7b4016800 DEOPT PACKING pc=0x00007ff7a40e3540 sp=0x00007ff7bc7fdfd0
Event: 0.241 Thread 0x00007ff7b4016800 DEOPT UNPACKING pc=0x00007ff79c649ea5 sp=0x00007ff7bc7fdf08 mode 2
Event: 0.248 Thread 0x00007ff7b4016800 DEOPT PACKING pc=0x00007ff79cc05a24 sp=0x00007ff7bc7fb010
Event: 0.248 Thread 0x00007ff7b4016800 DEOPT UNPACKING pc=0x00007ff79c64a64a sp=0x00007ff7bc7fa488 mode 0
Event: 0.274 Thread 0x00007ff7b4016800 DEOPT PACKING pc=0x00007ff79cc072c2 sp=0x00007ff7bc7fcff0
Event: 0.274 Thread 0x00007ff7b4016800 DEOPT UNPACKING pc=0x00007ff79c64a64a sp=0x00007ff7bc7fc478 mode 0
Event: 0.276 Thread 0x00007ff7b4016800 DEOPT PACKING pc=0x00007ff79cbc70cf sp=0x00007ff7bc7fcfa0
Event: 0.276 Thread 0x00007ff7b4016800 DEOPT UNPACKING pc=0x00007ff79c64a64a sp=0x00007ff7bc7fc448 mode 0

Classes redefined (0 events):
No events

Internal exceptions (20 events):
Event: 0.112 Thread 0x00007ff7b4016800 Exception <a 'java/security/PrivilegedActionException'{0x00000000c7487308}> (0x00000000c7487308) thrown at [./src/hotspot/share/prims/jvm.cpp, line 1304]
Event: 0.112 Thread 0x00007ff7b4016800 Exception <a 'java/security/PrivilegedActionException'{0x00000000c74875d8}> (0x00000000c74875d8) thrown at [./src/hotspot/share/prims/jvm.cpp, line 1304]
Event: 0.112 Thread 0x00007ff7b4016800 Exception <a 'java/security/PrivilegedActionException'{0x00000000c7487f48}> (0x00000000c7487f48) thrown at [./src/hotspot/share/prims/jvm.cpp, line 1304]
Event: 0.112 Thread 0x00007ff7b4016800 Exception <a 'java/security/PrivilegedActionException'{0x00000000c7488218}> (0x00000000c7488218) thrown at [./src/hotspot/share/prims/jvm.cpp, line 1304]
Event: 0.112 Thread 0x00007ff7b4016800 Exception <a 'java/security/PrivilegedActionException'{0x00000000c7488b88}> (0x00000000c7488b88) thrown at [./src/hotspot/share/prims/jvm.cpp, line 1304]
Event: 0.112 Thread 0x00007ff7b4016800 Exception <a 'java/security/PrivilegedActionException'{0x00000000c7488e58}> (0x00000000c7488e58) thrown at [./src/hotspot/share/prims/jvm.cpp, line 1304]
Event: 0.112 Thread 0x00007ff7b4016800 Exception <a 'java/security/PrivilegedActionException'{0x00000000c74897e0}> (0x00000000c74897e0) thrown at [./src/hotspot/share/prims/jvm.cpp, line 1304]
Event: 0.112 Thread 0x00007ff7b4016800 Exception <a 'java/security/PrivilegedActionException'{0x00000000c7489ab0}> (0x00000000c7489ab0) thrown at [./src/hotspot/share/prims/jvm.cpp, line 1304]
Event: 0.112 Thread 0x00007ff7b4016800 Exception <a 'java/security/PrivilegedActionException'{0x00000000c748a438}> (0x00000000c748a438) thrown at [./src/hotspot/share/prims/jvm.cpp, line 1304]
Event: 0.112 Thread 0x00007ff7b4016800 Exception <a 'java/security/PrivilegedActionException'{0x00000000c748a708}> (0x00000000c748a708) thrown at [./src/hotspot/share/prims/jvm.cpp, line 1304]
Event: 0.112 Thread 0x00007ff7b4016800 Exception <a 'java/security/PrivilegedActionException'{0x00000000c748b090}> (0x00000000c748b090) thrown at [./src/hotspot/share/prims/jvm.cpp, line 1304]
Event: 0.112 Thread 0x00007ff7b4016800 Exception <a 'java/security/PrivilegedActionException'{0x00000000c748b360}> (0x00000000c748b360) thrown at [./src/hotspot/share/prims/jvm.cpp, line 1304]
Event: 0.112 Thread 0x00007ff7b4016800 Exception <a 'java/security/PrivilegedActionException'{0x00000000c748bcd0}> (0x00000000c748bcd0) thrown at [./src/hotspot/share/prims/jvm.cpp, line 1304]
Event: 0.112 Thread 0x00007ff7b4016800 Exception <a 'java/security/PrivilegedActionException'{0x00000000c748bfa0}> (0x00000000c748bfa0) thrown at [./src/hotspot/share/prims/jvm.cpp, line 1304]
Event: 0.112 Thread 0x00007ff7b4016800 Exception <a 'java/security/PrivilegedActionException'{0x00000000c748c928}> (0x00000000c748c928) thrown at [./src/hotspot/share/prims/jvm.cpp, line 1304]
Event: 0.112 Thread 0x00007ff7b4016800 Exception <a 'java/security/PrivilegedActionException'{0x00000000c748cbf8}> (0x00000000c748cbf8) thrown at [./src/hotspot/share/prims/jvm.cpp, line 1304]
Event: 0.133 Thread 0x00007ff7b4016800 Exception <a 'java/lang/NoSuchMethodError'{0x00000000c73bd190}: 'int java.lang.invoke.DirectMethodHandle$Holder.invokeStaticInit(java.lang.Object, java.lang.Object, java.lang.Object, java.lang.Object)'> (0x00000000c73bd190) thrown at [./src/hotspot/share/interpreter/linkResolver.cpp, line 772]
Event: 0.135 Thread 0x00007ff7b4016800 Exception <a 'java/lang/IncompatibleClassChangeError'{0x00000000c73c6f10}: Found class java.lang.Object, but interface was expected> (0x00000000c73c6f10) thrown at [./src/hotspot/share/interpreter/linkResolver.cpp, line 839]
Event: 0.136 Thread 0x00007ff7b4016800 Exception <a 'java/lang/NoSuchMethodError'{0x00000000c73ca0c0}: 'void java.lang.invoke.DirectMethodHandle$Holder.invokeStaticInit(java.lang.Object, java.lang.Object)'> (0x00000000c73ca0c0) thrown at [./src/hotspot/share/interpreter/linkResolver.cpp, line 772]
Event: 0.136 Thread 0x00007ff7b4016800 Exception <a 'java/lang/NoSuchMethodError'{0x00000000c73cf730}: 'int java.lang.invoke.DirectMethodHandle$Holder.invokeStaticInit(java.lang.Object, java.lang.Object)'> (0x00000000c73cf730) thrown at [./src/hotspot/share/interpreter/linkResolver.cpp, line 772]

Events (20 events):
Event: 0.310 loading class SymbolTable
Event: 0.310 loading class SymbolTable done
Event: 0.313 Executing VM operation: Deoptimize
Event: 0.313 Executing VM operation: Deoptimize done
Event: 0.315 loading class java/lang/invoke/BoundMethodHandle$Species_LL
Event: 0.315 loading class java/lang/invoke/BoundMethodHandle$Species_LL done
Event: 0.316 loading class java/lang/invoke/BoundMethodHandle$Species_LLL
Event: 0.316 loading class java/lang/invoke/BoundMethodHandle$Species_LLL done
Event: 0.317 loading class java/lang/invoke/BoundMethodHandle$Species_LLLL
Event: 0.317 loading class java/lang/invoke/BoundMethodHandle$Species_LLLL done
Event: 0.318 loading class java/lang/invoke/BoundMethodHandle$Species_LLLLL
Event: 0.318 loading class java/lang/invoke/BoundMethodHandle$Species_LLLLL done
Event: 0.319 loading class java/lang/invoke/BoundMethodHandle$Species_LLLLLL
Event: 0.319 loading class java/lang/invoke/BoundMethodHandle$Species_LLLLLL done
Event: 0.321 loading class java/lang/invoke/BoundMethodHandle$Species_LLLLLLI
Event: 0.321 loading class java/lang/invoke/BoundMethodHandle$Species_LLLLLLI done
Event: 0.322 loading class java/lang/invoke/BoundMethodHandle$Species_LLLLLLII
Event: 0.322 loading class java/lang/invoke/BoundMethodHandle$Species_LLLLLLII done
Event: 0.323 loading class java/lang/invoke/BoundMethodHandle$Species_LLLLLLIIL
Event: 0.323 loading class java/lang/invoke/BoundMethodHandle$Species_LLLLLLIIL done


Dynamic libraries:
c3800000-c7600000 rw-p 00000000 00:00 0 
c7600000-ffe00000 ---p 00000000 00:00 0 
ffe00000-ffe48000 rw-p 00b14000 08:03 265562                             /usr/lib/jvm/java-11-openjdk-amd64/lib/server/classes.jsa
ffe48000-fff00000 rw-p 00000000 00:00 0 
fff00000-fff6c000 rw-p 00aa8000 08:03 265562                             /usr/lib/jvm/java-11-openjdk-amd64/lib/server/classes.jsa
fff6c000-100000000 rw-p 00000000 00:00 0 
800000000-800002000 rwxp 00001000 08:03 265562                           /usr/lib/jvm/java-11-openjdk-amd64/lib/server/classes.jsa
800002000-8003ce000 rw-p 00003000 08:03 265562                           /usr/lib/jvm/java-11-openjdk-amd64/lib/server/classes.jsa
8003ce000-800aa6000 r--p 003cf000 08:03 265562                           /usr/lib/jvm/java-11-openjdk-amd64/lib/server/classes.jsa
800aa6000-800aa7000 rw-p 00aa7000 08:03 265562                           /usr/lib/jvm/java-11-openjdk-amd64/lib/server/classes.jsa
840000000-8400c0000 rw-p 00000000 00:00 0 
8400c0000-880000000 ---p 00000000 00:00 0 
55d1b5987000-55d1b5988000 r--p 00000000 08:03 265116                     /usr/lib/jvm/java-11-openjdk-amd64/bin/java
55d1b5988000-55d1b5989000 r-xp 00001000 08:03 265116                     /usr/lib/jvm/java-11-openjdk-amd64/bin/java
55d1b5989000-55d1b598a000 r--p 00002000 08:03 265116                     /usr/lib/jvm/java-11-openjdk-amd64/bin/java
55d1b598a000-55d1b598b000 r--p 00002000 08:03 265116                     /usr/lib/jvm/java-11-openjdk-amd64/bin/java
55d1b598b000-55d1b598c000 rw-p 00003000 08:03 265116                     /usr/lib/jvm/java-11-openjdk-amd64/bin/java
55d1b77fc000-55d1b781d000 rw-p 00000000 00:00 0                          [heap]
7ff749400000-7ff749d26000 r--p 00000000 08:03 1587749                    /home/ubuntu/.javacpp/cache/llvm-13.0.1-1.5.7-linux-x86_64.jar/org/bytedeco/llvm/linux-x86_64/libLLVM-13.so
7ff749d26000-7ff74d6e9000 r-xp 00926000 08:03 1587749                    /home/ubuntu/.javacpp/cache/llvm-13.0.1-1.5.7-linux-x86_64.jar/org/bytedeco/llvm/linux-x86_64/libLLVM-13.so
7ff74d6e9000-7ff74f93e000 r--p 042e9000 08:03 1587749                    /home/ubuntu/.javacpp/cache/llvm-13.0.1-1.5.7-linux-x86_64.jar/org/bytedeco/llvm/linux-x86_64/libLLVM-13.so
7ff74f93e000-7ff74fe53000 r--p 0653d000 08:03 1587749                    /home/ubuntu/.javacpp/cache/llvm-13.0.1-1.5.7-linux-x86_64.jar/org/bytedeco/llvm/linux-x86_64/libLLVM-13.so
7ff74fe53000-7ff74fe5e000 rw-p 06a52000 08:03 1587749                    /home/ubuntu/.javacpp/cache/llvm-13.0.1-1.5.7-linux-x86_64.jar/org/bytedeco/llvm/linux-x86_64/libLLVM-13.so
7ff74fe5e000-7ff74fed4000 rw-p 00000000 00:00 0 
7ff750000000-7ff750021000 rw-p 00000000 00:00 0 
7ff750021000-7ff754000000 ---p 00000000 00:00 0 
7ff754000000-7ff754021000 rw-p 00000000 00:00 0 
7ff754021000-7ff758000000 ---p 00000000 00:00 0 
7ff758000000-7ff758362000 rw-p 00000000 00:00 0 
7ff758362000-7ff75c000000 ---p 00000000 00:00 0 
7ff75c000000-7ff75c021000 rw-p 00000000 00:00 0 
7ff75c021000-7ff760000000 ---p 00000000 00:00 0 
7ff760000000-7ff760021000 rw-p 00000000 00:00 0 
7ff760021000-7ff764000000 ---p 00000000 00:00 0 
7ff764000000-7ff764021000 rw-p 00000000 00:00 0 
7ff764021000-7ff768000000 ---p 00000000 00:00 0 
7ff768000000-7ff768349000 rw-p 00000000 00:00 0 
7ff768349000-7ff76c000000 ---p 00000000 00:00 0 
7ff76c000000-7ff76c296000 rw-p 00000000 00:00 0 
7ff76c296000-7ff770000000 ---p 00000000 00:00 0 
7ff770000000-7ff770021000 rw-p 00000000 00:00 0 
7ff770021000-7ff774000000 ---p 00000000 00:00 0 
7ff774000000-7ff774021000 rw-p 00000000 00:00 0 
7ff774021000-7ff778000000 ---p 00000000 00:00 0 
7ff778000000-7ff778021000 rw-p 00000000 00:00 0 
7ff778021000-7ff77c000000 ---p 00000000 00:00 0 
7ff77c000000-7ff77c021000 rw-p 00000000 00:00 0 
7ff77c021000-7ff780000000 ---p 00000000 00:00 0 
7ff780000000-7ff780021000 rw-p 00000000 00:00 0 
7ff780021000-7ff784000000 ---p 00000000 00:00 0 
7ff784000000-7ff784021000 rw-p 00000000 00:00 0 
7ff784021000-7ff788000000 ---p 00000000 00:00 0 
7ff788000000-7ff788021000 rw-p 00000000 00:00 0 
7ff788021000-7ff78c000000 ---p 00000000 00:00 0 
7ff78c4f9000-7ff78c55e000 r--p 00000000 08:03 1589997                    /home/ubuntu/.javacpp/cache/llvm-13.0.1-1.5.7-linux-x86_64.jar/org/bytedeco/llvm/linux-x86_64/libjniLLVM.so
7ff78c55e000-7ff78c5cc000 r-xp 00065000 08:03 1589997                    /home/ubuntu/.javacpp/cache/llvm-13.0.1-1.5.7-linux-x86_64.jar/org/bytedeco/llvm/linux-x86_64/libjniLLVM.so
7ff78c5cc000-7ff78c5f7000 r--p 000d3000 08:03 1589997                    /home/ubuntu/.javacpp/cache/llvm-13.0.1-1.5.7-linux-x86_64.jar/org/bytedeco/llvm/linux-x86_64/libjniLLVM.so
7ff78c5f7000-7ff78c5fa000 r--p 000fd000 08:03 1589997                    /home/ubuntu/.javacpp/cache/llvm-13.0.1-1.5.7-linux-x86_64.jar/org/bytedeco/llvm/linux-x86_64/libjniLLVM.so
7ff78c5fa000-7ff78c5fd000 rw-p 00100000 08:03 1589997                    /home/ubuntu/.javacpp/cache/llvm-13.0.1-1.5.7-linux-x86_64.jar/org/bytedeco/llvm/linux-x86_64/libjniLLVM.so
7ff78c5fd000-7ff78c5ff000 rw-p 00000000 00:00 0 
7ff78c5ff000-7ff78c603000 ---p 00000000 00:00 0 
7ff78c603000-7ff78c6ff000 rw-p 00000000 00:00 0 
7ff78c6ff000-7ff78c700000 ---p 00000000 00:00 0 
7ff78c700000-7ff78c800000 rw-p 00000000 00:00 0 
7ff78c800000-7ff78c804000 ---p 00000000 00:00 0 
7ff78c804000-7ff78c900000 rw-p 00000000 00:00 0 
7ff78c900000-7ff78c904000 ---p 00000000 00:00 0 
7ff78c904000-7ff78ca00000 rw-p 00000000 00:00 0 
7ff78ca00000-7ff78ca04000 ---p 00000000 00:00 0 
7ff78ca04000-7ff78cb00000 rw-p 00000000 00:00 0 
7ff78cb00000-7ff78cb04000 ---p 00000000 00:00 0 
7ff78cb04000-7ff78cc00000 rw-p 00000000 00:00 0 
7ff78cc00000-7ff78cc04000 ---p 00000000 00:00 0 
7ff78cc04000-7ff78cd00000 rw-p 00000000 00:00 0 
7ff78cd00000-7ff78cd04000 ---p 00000000 00:00 0 
7ff78cd04000-7ff78ce00000 rw-p 00000000 00:00 0 
7ff78ce00000-7ff78d678000 r--p 00000000 08:03 2365202                    /usr/lib/locale/locale-archive
7ff78d700000-7ff78d704000 ---p 00000000 00:00 0 
7ff78d704000-7ff78ddc0000 rw-p 00000000 00:00 0 
7ff78ddc0000-7ff78e000000 ---p 00000000 00:00 0 
7ff78e000000-7ff790000000 rw-p 00000000 00:00 0 
7ff790000000-7ff790021000 rw-p 00000000 00:00 0 
7ff790021000-7ff794000000 ---p 00000000 00:00 0 
7ff794000000-7ff794021000 rw-p 00000000 00:00 0 
7ff794021000-7ff798000000 ---p 00000000 00:00 0 
7ff798000000-7ff798021000 rw-p 00000000 00:00 0 
7ff798021000-7ff79c000000 ---p 00000000 00:00 0 
7ff79c0fe000-7ff79c102000 ---p 00000000 00:00 0 
7ff79c102000-7ff79c1fe000 rw-p 00000000 00:00 0 
7ff79c1fe000-7ff79c202000 ---p 00000000 00:00 0 
7ff79c202000-7ff79c2fe000 rw-p 00000000 00:00 0 
7ff79c2fe000-7ff79c302000 ---p 00000000 00:00 0 
7ff79c302000-7ff79c3fe000 rw-p 00000000 00:00 0 
7ff79c3fe000-7ff79c3ff000 ---p 00000000 00:00 0 
7ff79c3ff000-7ff79c4ff000 rw-p 00000000 00:00 0 
7ff79c4ff000-7ff79c500000 ---p 00000000 00:00 0 
7ff79c500000-7ff79c600000 rw-p 00000000 00:00 0 
7ff79c600000-7ff79c870000 rwxp 00000000 00:00 0 
7ff79c870000-7ff79cb90000 ---p 00000000 00:00 0 
7ff79cb90000-7ff79ce00000 rwxp 00000000 00:00 0 
7ff79ce00000-7ff7a40c8000 ---p 00000000 00:00 0 
7ff7a40c8000-7ff7a4338000 rwxp 00000000 00:00 0 
7ff7a4338000-7ff7ab600000 ---p 00000000 00:00 0 
7ff7ab600000-7ff7b3e25000 r--s 00000000 08:03 265275                     /usr/lib/jvm/java-11-openjdk-amd64/lib/modules
7ff7b3e6b000-7ff7b3e72000 r--p 00000000 08:03 1587750                    /home/ubuntu/.javacpp/cache/llvm-13.0.1-1.5.7-linux-x86_64.jar/org/bytedeco/llvm/linux-x86_64/libLTO.so.13
7ff7b3e72000-7ff7b3e7a000 r-xp 00007000 08:03 1587750                    /home/ubuntu/.javacpp/cache/llvm-13.0.1-1.5.7-linux-x86_64.jar/org/bytedeco/llvm/linux-x86_64/libLTO.so.13
7ff7b3e7a000-7ff7b3e7c000 r--p 0000f000 08:03 1587750                    /home/ubuntu/.javacpp/cache/llvm-13.0.1-1.5.7-linux-x86_64.jar/org/bytedeco/llvm/linux-x86_64/libLTO.so.13
7ff7b3e7c000-7ff7b3e7d000 r--p 00010000 08:03 1587750                    /home/ubuntu/.javacpp/cache/llvm-13.0.1-1.5.7-linux-x86_64.jar/org/bytedeco/llvm/linux-x86_64/libLTO.so.13
7ff7b3e7d000-7ff7b3e7e000 rw-p 00011000 08:03 1587750                    /home/ubuntu/.javacpp/cache/llvm-13.0.1-1.5.7-linux-x86_64.jar/org/bytedeco/llvm/linux-x86_64/libLTO.so.13
7ff7b3e7e000-7ff7b3eff000 rw-p 00000000 00:00 0 
7ff7b3eff000-7ff7b3f00000 ---p 00000000 00:00 0 
7ff7b3f00000-7ff7b4000000 rw-p 00000000 00:00 0 
7ff7b4000000-7ff7b4428000 rw-p 00000000 00:00 0 
7ff7b4428000-7ff7b8000000 ---p 00000000 00:00 0 
7ff7b8003000-7ff7b8004000 r--p 00000000 08:03 2361439                    /usr/lib/x86_64-linux-gnu/libdl.so.2
7ff7b8004000-7ff7b8005000 r-xp 00001000 08:03 2361439                    /usr/lib/x86_64-linux-gnu/libdl.so.2
7ff7b8005000-7ff7b8006000 r--p 00002000 08:03 2361439                    /usr/lib/x86_64-linux-gnu/libdl.so.2
7ff7b8006000-7ff7b8007000 r--p 00002000 08:03 2361439                    /usr/lib/x86_64-linux-gnu/libdl.so.2
7ff7b8007000-7ff7b8008000 rw-p 00003000 08:03 2361439                    /usr/lib/x86_64-linux-gnu/libdl.so.2
7ff7b8008000-7ff7b8009000 r--p 00000000 08:03 2361473                    /usr/lib/x86_64-linux-gnu/libpthread.so.0
7ff7b8009000-7ff7b800a000 r-xp 00001000 08:03 2361473                    /usr/lib/x86_64-linux-gnu/libpthread.so.0
7ff7b800a000-7ff7b800b000 r--p 00002000 08:03 2361473                    /usr/lib/x86_64-linux-gnu/libpthread.so.0
7ff7b800b000-7ff7b800c000 r--p 00002000 08:03 2361473                    /usr/lib/x86_64-linux-gnu/libpthread.so.0
7ff7b800c000-7ff7b800d000 rw-p 00003000 08:03 2361473                    /usr/lib/x86_64-linux-gnu/libpthread.so.0
7ff7b8012000-7ff7b8019000 r--s 00000000 08:03 659244                     /usr/lib/x86_64-linux-gnu/gconv/gconv-modules.cache
7ff7b8019000-7ff7b801a000 r--p 00000000 08:03 1589995                    /home/ubuntu/.javacpp/cache/llvm-13.0.1-1.5.7-linux-x86_64.jar/org/bytedeco/llvm/linux-x86_64/libRemarks.so.13
7ff7b801a000-7ff7b801b000 r-xp 00001000 08:03 1589995                    /home/ubuntu/.javacpp/cache/llvm-13.0.1-1.5.7-linux-x86_64.jar/org/bytedeco/llvm/linux-x86_64/libRemarks.so.13
7ff7b801b000-7ff7b801c000 r--p 00002000 08:03 1589995                    /home/ubuntu/.javacpp/cache/llvm-13.0.1-1.5.7-linux-x86_64.jar/org/bytedeco/llvm/linux-x86_64/libRemarks.so.13
7ff7b801c000-7ff7b801d000 r--p 00002000 08:03 1589995                    /home/ubuntu/.javacpp/cache/llvm-13.0.1-1.5.7-linux-x86_64.jar/org/bytedeco/llvm/linux-x86_64/libRemarks.so.13
7ff7b801d000-7ff7b801e000 rw-p 00003000 08:03 1589995                    /home/ubuntu/.javacpp/cache/llvm-13.0.1-1.5.7-linux-x86_64.jar/org/bytedeco/llvm/linux-x86_64/libRemarks.so.13
7ff7b801e000-7ff7b8422000 rw-p 00000000 00:00 0 
7ff7b8422000-7ff7b8423000 ---p 00000000 00:00 0 
7ff7b8423000-7ff7b8523000 rw-p 00000000 00:00 0 
7ff7b8523000-7ff7b8524000 ---p 00000000 00:00 0 
7ff7b8524000-7ff7b871c000 rw-p 00000000 00:00 0 
7ff7b871c000-7ff7b953c000 ---p 00000000 00:00 0 
7ff7b953c000-7ff7b963c000 rw-p 00000000 00:00 0 
7ff7b963c000-7ff7ba45c000 ---p 00000000 00:00 0 
7ff7ba45c000-7ff7ba483000 rw-p 00000000 00:00 0 
7ff7ba483000-7ff7ba647000 ---p 00000000 00:00 0 
7ff7ba647000-7ff7ba667000 rw-p 00000000 00:00 0 
7ff7ba667000-7ff7ba82b000 ---p 00000000 00:00 0 
7ff7ba82b000-7ff7ba84b000 rw-p 00000000 00:00 0 
7ff7ba84b000-7ff7baa0f000 ---p 00000000 00:00 0 
7ff7baa0f000-7ff7bae14000 rw-p 00000000 00:00 0 
7ff7bae14000-7ff7bae15000 ---p 00000000 00:00 0 
7ff7bae15000-7ff7baf1a000 rw-p 00000000 00:00 0 
7ff7baf1a000-7ff7bb000000 ---p 00000000 00:00 0 
7ff7bb000000-7ff7bb09a000 r--p 00000000 08:03 2360832                    /usr/lib/x86_64-linux-gnu/libstdc++.so.6.0.30
7ff7bb09a000-7ff7bb1ab000 r-xp 0009a000 08:03 2360832                    /usr/lib/x86_64-linux-gnu/libstdc++.so.6.0.30
7ff7bb1ab000-7ff7bb21a000 r--p 001ab000 08:03 2360832                    /usr/lib/x86_64-linux-gnu/libstdc++.so.6.0.30
7ff7bb21a000-7ff7bb21b000 ---p 0021a000 08:03 2360832                    /usr/lib/x86_64-linux-gnu/libstdc++.so.6.0.30
7ff7bb21b000-7ff7bb226000 r--p 0021a000 08:03 2360832                    /usr/lib/x86_64-linux-gnu/libstdc++.so.6.0.30
7ff7bb226000-7ff7bb229000 rw-p 00225000 08:03 2360832                    /usr/lib/x86_64-linux-gnu/libstdc++.so.6.0.30
7ff7bb229000-7ff7bb22c000 rw-p 00000000 00:00 0 
7ff7bb22f000-7ff7bb233000 r--p 00000000 08:03 1587748                    /home/ubuntu/.javacpp/cache/javacpp-1.5.7-linux-x86_64.jar/org/bytedeco/javacpp/linux-x86_64/libjnijavacpp.so
7ff7bb233000-7ff7bb23a000 r-xp 00004000 08:03 1587748                    /home/ubuntu/.javacpp/cache/javacpp-1.5.7-linux-x86_64.jar/org/bytedeco/javacpp/linux-x86_64/libjnijavacpp.so
7ff7bb23a000-7ff7bb23e000 r--p 0000b000 08:03 1587748                    /home/ubuntu/.javacpp/cache/javacpp-1.5.7-linux-x86_64.jar/org/bytedeco/javacpp/linux-x86_64/libjnijavacpp.so
7ff7bb23e000-7ff7bb23f000 r--p 0000e000 08:03 1587748                    /home/ubuntu/.javacpp/cache/javacpp-1.5.7-linux-x86_64.jar/org/bytedeco/javacpp/linux-x86_64/libjnijavacpp.so
7ff7bb23f000-7ff7bb240000 rw-p 0000f000 08:03 1587748                    /home/ubuntu/.javacpp/cache/javacpp-1.5.7-linux-x86_64.jar/org/bytedeco/javacpp/linux-x86_64/libjnijavacpp.so
7ff7bb240000-7ff7bb244000 r--p 00000000 08:03 265265                     /usr/lib/jvm/java-11-openjdk-amd64/lib/libnet.so
7ff7bb244000-7ff7bb252000 r-xp 00004000 08:03 265265                     /usr/lib/jvm/java-11-openjdk-amd64/lib/libnet.so
7ff7bb252000-7ff7bb256000 r--p 00012000 08:03 265265                     /usr/lib/jvm/java-11-openjdk-amd64/lib/libnet.so
7ff7bb256000-7ff7bb257000 r--p 00015000 08:03 265265                     /usr/lib/jvm/java-11-openjdk-amd64/lib/libnet.so
7ff7bb257000-7ff7bb258000 rw-p 00016000 08:03 265265                     /usr/lib/jvm/java-11-openjdk-amd64/lib/libnet.so
7ff7bb258000-7ff7bb25f000 r--p 00000000 08:03 265266                     /usr/lib/jvm/java-11-openjdk-amd64/lib/libnio.so
7ff7bb25f000-7ff7bb267000 r-xp 00007000 08:03 265266                     /usr/lib/jvm/java-11-openjdk-amd64/lib/libnio.so
7ff7bb267000-7ff7bb26a000 r--p 0000f000 08:03 265266                     /usr/lib/jvm/java-11-openjdk-amd64/lib/libnio.so
7ff7bb26a000-7ff7bb26b000 r--p 00011000 08:03 265266                     /usr/lib/jvm/java-11-openjdk-amd64/lib/libnio.so
7ff7bb26b000-7ff7bb26c000 rw-p 00012000 08:03 265266                     /usr/lib/jvm/java-11-openjdk-amd64/lib/libnio.so
7ff7bb26c000-7ff7bb2ed000 rw-p 00000000 00:00 0 
7ff7bb2ed000-7ff7bb3d3000 ---p 00000000 00:00 0 
7ff7bb3d3000-7ff7bb3d8000 rw-p 00000000 00:00 0 
7ff7bb3d8000-7ff7bb3df000 ---p 00000000 00:00 0 
7ff7bb3df000-7ff7bb3e1000 r--p 00000000 08:03 265274                     /usr/lib/jvm/java-11-openjdk-amd64/lib/libzip.so
7ff7bb3e1000-7ff7bb3e6000 r-xp 00002000 08:03 265274                     /usr/lib/jvm/java-11-openjdk-amd64/lib/libzip.so
7ff7bb3e6000-7ff7bb3e8000 r--p 00007000 08:03 265274                     /usr/lib/jvm/java-11-openjdk-amd64/lib/libzip.so
7ff7bb3e8000-7ff7bb3e9000 r--p 00008000 08:03 265274                     /usr/lib/jvm/java-11-openjdk-amd64/lib/libzip.so
7ff7bb3e9000-7ff7bb3ea000 rw-p 00009000 08:03 265274                     /usr/lib/jvm/java-11-openjdk-amd64/lib/libzip.so
7ff7bb3ea000-7ff7bb3f2000 rw-s 00000000 08:03 393238                     /tmp/hsperfdata_ubuntu/18248
7ff7bb3f2000-7ff7bb3f4000 r--p 00000000 08:03 265249                     /usr/lib/jvm/java-11-openjdk-amd64/lib/libinstrument.so
7ff7bb3f4000-7ff7bb3fb000 r-xp 00002000 08:03 265249                     /usr/lib/jvm/java-11-openjdk-amd64/lib/libinstrument.so
7ff7bb3fb000-7ff7bb3fe000 r--p 00009000 08:03 265249                     /usr/lib/jvm/java-11-openjdk-amd64/lib/libinstrument.so
7ff7bb3fe000-7ff7bb3ff000 r--p 0000b000 08:03 265249                     /usr/lib/jvm/java-11-openjdk-amd64/lib/libinstrument.so
7ff7bb3ff000-7ff7bb400000 rw-p 0000c000 08:03 265249                     /usr/lib/jvm/java-11-openjdk-amd64/lib/libinstrument.so
7ff7bb400000-7ff7bb682000 r--p 00000000 08:03 265280                     /usr/lib/jvm/java-11-openjdk-amd64/lib/server/libjvm.so
7ff7bb682000-7ff7bc320000 r-xp 00282000 08:03 265280                     /usr/lib/jvm/java-11-openjdk-amd64/lib/server/libjvm.so
7ff7bc320000-7ff7bc57c000 r--p 00f20000 08:03 265280                     /usr/lib/jvm/java-11-openjdk-amd64/lib/server/libjvm.so
7ff7bc57c000-7ff7bc640000 r--p 0117b000 08:03 265280                     /usr/lib/jvm/java-11-openjdk-amd64/lib/server/libjvm.so
7ff7bc640000-7ff7bc67b000 rw-p 0123f000 08:03 265280                     /usr/lib/jvm/java-11-openjdk-amd64/lib/server/libjvm.so
7ff7bc67b000-7ff7bc6d2000 rw-p 00000000 00:00 0 
7ff7bc6d2000-7ff7bc6e0000 r--p 00000000 08:03 265254                     /usr/lib/jvm/java-11-openjdk-amd64/lib/libjava.so
7ff7bc6e0000-7ff7bc6f6000 r-xp 0000e000 08:03 265254                     /usr/lib/jvm/java-11-openjdk-amd64/lib/libjava.so
7ff7bc6f6000-7ff7bc6fd000 r--p 00024000 08:03 265254                     /usr/lib/jvm/java-11-openjdk-amd64/lib/libjava.so
7ff7bc6fd000-7ff7bc6fe000 r--p 0002a000 08:03 265254                     /usr/lib/jvm/java-11-openjdk-amd64/lib/libjava.so
7ff7bc6fe000-7ff7bc6ff000 rw-p 0002b000 08:03 265254                     /usr/lib/jvm/java-11-openjdk-amd64/lib/libjava.so
7ff7bc6ff000-7ff7bc700000 rw-p 00000000 00:00 0 
7ff7bc700000-7ff7bc704000 ---p 00000000 00:00 0 
7ff7bc704000-7ff7bc800000 rw-p 00000000 00:00 0 
7ff7bc800000-7ff7bc828000 r--p 00000000 08:03 2361426                    /usr/lib/x86_64-linux-gnu/libc.so.6
7ff7bc828000-7ff7bc9bd000 r-xp 00028000 08:03 2361426                    /usr/lib/x86_64-linux-gnu/libc.so.6
7ff7bc9bd000-7ff7bca15000 r--p 001bd000 08:03 2361426                    /usr/lib/x86_64-linux-gnu/libc.so.6
7ff7bca15000-7ff7bca16000 ---p 00215000 08:03 2361426                    /usr/lib/x86_64-linux-gnu/libc.so.6
7ff7bca16000-7ff7bca1a000 r--p 00215000 08:03 2361426                    /usr/lib/x86_64-linux-gnu/libc.so.6
7ff7bca1a000-7ff7bca1c000 rw-p 00219000 08:03 2361426                    /usr/lib/x86_64-linux-gnu/libc.so.6
7ff7bca1c000-7ff7bca29000 rw-p 00000000 00:00 0 
7ff7bca2a000-7ff7bca2b000 r--p 00000000 08:03 265247                     /usr/lib/jvm/java-11-openjdk-amd64/lib/libextnet.so
7ff7bca2b000-7ff7bca2c000 r-xp 00001000 08:03 265247                     /usr/lib/jvm/java-11-openjdk-amd64/lib/libextnet.so
7ff7bca2c000-7ff7bca2d000 r--p 00002000 08:03 265247                     /usr/lib/jvm/java-11-openjdk-amd64/lib/libextnet.so
7ff7bca2d000-7ff7bca2e000 r--p 00002000 08:03 265247                     /usr/lib/jvm/java-11-openjdk-amd64/lib/libextnet.so
7ff7bca2e000-7ff7bca2f000 rw-p 00003000 08:03 265247                     /usr/lib/jvm/java-11-openjdk-amd64/lib/libextnet.so
7ff7bca2f000-7ff7bca30000 ---p 00000000 00:00 0 
7ff7bca30000-7ff7bca31000 r--p 00000000 00:00 0 
7ff7bca31000-7ff7bca33000 r--p 00000000 08:03 265257                     /usr/lib/jvm/java-11-openjdk-amd64/lib/libjimage.so
7ff7bca33000-7ff7bca36000 r-xp 00002000 08:03 265257                     /usr/lib/jvm/java-11-openjdk-amd64/lib/libjimage.so
7ff7bca36000-7ff7bca37000 r--p 00005000 08:03 265257                     /usr/lib/jvm/java-11-openjdk-amd64/lib/libjimage.so
7ff7bca37000-7ff7bca38000 ---p 00006000 08:03 265257                     /usr/lib/jvm/java-11-openjdk-amd64/lib/libjimage.so
7ff7bca38000-7ff7bca39000 r--p 00006000 08:03 265257                     /usr/lib/jvm/java-11-openjdk-amd64/lib/libjimage.so
7ff7bca39000-7ff7bca3a000 rw-p 00007000 08:03 265257                     /usr/lib/jvm/java-11-openjdk-amd64/lib/libjimage.so
7ff7bca3a000-7ff7bca3b000 r--p 00000000 08:03 2361484                    /usr/lib/x86_64-linux-gnu/librt.so.1
7ff7bca3b000-7ff7bca3c000 r-xp 00001000 08:03 2361484                    /usr/lib/x86_64-linux-gnu/librt.so.1
7ff7bca3c000-7ff7bca3d000 r--p 00002000 08:03 2361484                    /usr/lib/x86_64-linux-gnu/librt.so.1
7ff7bca3d000-7ff7bca3e000 r--p 00002000 08:03 2361484                    /usr/lib/x86_64-linux-gnu/librt.so.1
7ff7bca3e000-7ff7bca3f000 rw-p 00003000 08:03 2361484                    /usr/lib/x86_64-linux-gnu/librt.so.1
7ff7bca3f000-7ff7bca42000 r--p 00000000 08:03 2359493                    /usr/lib/x86_64-linux-gnu/libgcc_s.so.1
7ff7bca42000-7ff7bca59000 r-xp 00003000 08:03 2359493                    /usr/lib/x86_64-linux-gnu/libgcc_s.so.1
7ff7bca59000-7ff7bca5d000 r--p 0001a000 08:03 2359493                    /usr/lib/x86_64-linux-gnu/libgcc_s.so.1
7ff7bca5d000-7ff7bca5e000 r--p 0001d000 08:03 2359493                    /usr/lib/x86_64-linux-gnu/libgcc_s.so.1
7ff7bca5e000-7ff7bca5f000 rw-p 0001e000 08:03 2359493                    /usr/lib/x86_64-linux-gnu/libgcc_s.so.1
7ff7bca5f000-7ff7bca6d000 r--p 00000000 08:03 2361443                    /usr/lib/x86_64-linux-gnu/libm.so.6
7ff7bca6d000-7ff7bcae9000 r-xp 0000e000 08:03 2361443                    /usr/lib/x86_64-linux-gnu/libm.so.6
7ff7bcae9000-7ff7bcb44000 r--p 0008a000 08:03 2361443                    /usr/lib/x86_64-linux-gnu/libm.so.6
7ff7bcb44000-7ff7bcb45000 r--p 000e4000 08:03 2361443                    /usr/lib/x86_64-linux-gnu/libm.so.6
7ff7bcb45000-7ff7bcb46000 rw-p 000e5000 08:03 2361443                    /usr/lib/x86_64-linux-gnu/libm.so.6
7ff7bcb46000-7ff7bcb49000 rw-p 00000000 00:00 0 
7ff7bcb49000-7ff7bcb4c000 r--p 00000000 08:03 265239                     /usr/lib/jvm/java-11-openjdk-amd64/lib/jli/libjli.so
7ff7bcb4c000-7ff7bcb56000 r-xp 00003000 08:03 265239                     /usr/lib/jvm/java-11-openjdk-amd64/lib/jli/libjli.so
7ff7bcb56000-7ff7bcb59000 r--p 0000d000 08:03 265239                     /usr/lib/jvm/java-11-openjdk-amd64/lib/jli/libjli.so
7ff7bcb59000-7ff7bcb5a000 ---p 00010000 08:03 265239                     /usr/lib/jvm/java-11-openjdk-amd64/lib/jli/libjli.so
7ff7bcb5a000-7ff7bcb5b000 r--p 00010000 08:03 265239                     /usr/lib/jvm/java-11-openjdk-amd64/lib/jli/libjli.so
7ff7bcb5b000-7ff7bcb5c000 rw-p 00011000 08:03 265239                     /usr/lib/jvm/java-11-openjdk-amd64/lib/jli/libjli.so
7ff7bcb5c000-7ff7bcb5e000 r--p 00000000 08:03 2367120                    /usr/lib/x86_64-linux-gnu/libz.so.1.2.11
7ff7bcb5e000-7ff7bcb70000 r-xp 00002000 08:03 2367120                    /usr/lib/x86_64-linux-gnu/libz.so.1.2.11
7ff7bcb70000-7ff7bcb76000 r--p 00014000 08:03 2367120                    /usr/lib/x86_64-linux-gnu/libz.so.1.2.11
7ff7bcb76000-7ff7bcb77000 r--p 0001a000 08:03 2367120                    /usr/lib/x86_64-linux-gnu/libz.so.1.2.11
7ff7bcb77000-7ff7bcb78000 rw-p 0001b000 08:03 2367120                    /usr/lib/x86_64-linux-gnu/libz.so.1.2.11
7ff7bcb78000-7ff7bcb7d000 r--p 00000000 08:03 265273                     /usr/lib/jvm/java-11-openjdk-amd64/lib/libverify.so
7ff7bcb7d000-7ff7bcb84000 r-xp 00005000 08:03 265273                     /usr/lib/jvm/java-11-openjdk-amd64/lib/libverify.so
7ff7bcb84000-7ff7bcb86000 r--p 0000c000 08:03 265273                     /usr/lib/jvm/java-11-openjdk-amd64/lib/libverify.so
7ff7bcb86000-7ff7bcb88000 r--p 0000d000 08:03 265273                     /usr/lib/jvm/java-11-openjdk-amd64/lib/libverify.so
7ff7bcb88000-7ff7bcb89000 rw-p 0000f000 08:03 265273                     /usr/lib/jvm/java-11-openjdk-amd64/lib/libverify.so
7ff7bcb89000-7ff7bcb8b000 rw-p 00000000 00:00 0 
7ff7bcb8b000-7ff7bcb8d000 r--p 00000000 08:03 2361301                    /usr/lib/x86_64-linux-gnu/ld-linux-x86-64.so.2
7ff7bcb8d000-7ff7bcbb7000 r-xp 00002000 08:03 2361301                    /usr/lib/x86_64-linux-gnu/ld-linux-x86-64.so.2
7ff7bcbb7000-7ff7bcbc2000 r--p 0002c000 08:03 2361301                    /usr/lib/x86_64-linux-gnu/ld-linux-x86-64.so.2
7ff7bcbc3000-7ff7bcbc5000 r--p 00037000 08:03 2361301                    /usr/lib/x86_64-linux-gnu/ld-linux-x86-64.so.2
7ff7bcbc5000-7ff7bcbc7000 rw-p 00039000 08:03 2361301                    /usr/lib/x86_64-linux-gnu/ld-linux-x86-64.so.2
7fff4b63e000-7fff4b65f000 rw-p 00000000 00:00 0                          [stack]
7fff4b7f7000-7fff4b7fb000 r--p 00000000 00:00 0                          [vvar]
7fff4b7fb000-7fff4b7fd000 r-xp 00000000 00:00 0                          [vdso]
ffffffffff600000-ffffffffff601000 --xp 00000000 00:00 0                  [vsyscall]


VM Arguments:
jvm_args: -javaagent:/home/ubuntu/software/idea-IU-233.14475.28/lib/idea_rt.jar=41909:/home/ubuntu/software/idea-IU-233.14475.28/bin -Dfile.encoding=UTF-8 
java_command: Main tests/test1.c tests/Actual.ll
java_class_path (initial): /home/ubuntu/Lab/out/production/Lab:/usr/local/lib/antlr-4.9.1-complete.jar:/usr/local/lib/javacpp-1.5.7-linux-x86_64.jar:/usr/local/lib/javacpp-1.5.7.jar:/usr/local/lib/llvm-13.0.1-1.5.7-linux-x86_64.jar:/usr/local/lib/llvm-13.0.1-1.5.7.jar:/usr/local/lib/llvm-platform-13.0.1-1.5.7.jar
Launcher Type: SUN_STANDARD

[Global flags]
     intx CICompilerCount                          = 3                                         {product} {ergonomic}
     uint ConcGCThreads                            = 1                                         {product} {ergonomic}
     uint G1ConcRefinementThreads                  = 4                                         {product} {ergonomic}
   size_t G1HeapRegionSize                         = 1048576                                   {product} {ergonomic}
    uintx GCDrainStackTargetSize                   = 64                                        {product} {ergonomic}
   size_t InitialHeapSize                          = 65011712                                  {product} {ergonomic}
   size_t MarkStackSize                            = 4194304                                   {product} {ergonomic}
   size_t MaxHeapSize                              = 1015021568                                {product} {ergonomic}
   size_t MaxNewSize                               = 608174080                                 {product} {ergonomic}
   size_t MinHeapDeltaBytes                        = 1048576                                   {product} {ergonomic}
    uintx NonNMethodCodeHeapSize                   = 5830732                                {pd product} {ergonomic}
    uintx NonProfiledCodeHeapSize                  = 122913754                              {pd product} {ergonomic}
    uintx ProfiledCodeHeapSize                     = 122913754                              {pd product} {ergonomic}
    uintx ReservedCodeCacheSize                    = 251658240                              {pd product} {ergonomic}
     bool SegmentedCodeCache                       = true                                      {product} {ergonomic}
     bool UseCompressedClassPointers               = true                                 {lp64_product} {ergonomic}
     bool UseCompressedOops                        = true                                 {lp64_product} {ergonomic}
     bool UseG1GC                                  = true                                      {product} {ergonomic}

Logging:
Log output configuration:
 #0: stdout all=warning uptime,level,tags
 #1: stderr all=off uptime,level,tags

Environment Variables:
PATH=/usr/local/sbin:/usr/local/bin:/usr/sbin:/usr/bin:/sbin:/bin:/usr/games:/usr/local/games:/snap/bin:/snap/bin
USERNAME=ubuntu
SHELL=/bin/bash
DISPLAY=:0
LANG=zh_CN.UTF-8

Signal Handlers:
SIGSEGV: [libjvm.so+0xead700], sa_mask[0]=11111111011111111101111111111110, sa_flags=SA_RESTART|SA_SIGINFO
SIGBUS: [libjvm.so+0xead700], sa_mask[0]=11111111011111111101111111111110, sa_flags=SA_RESTART|SA_SIGINFO
SIGFPE: [libjvm.so+0xead700], sa_mask[0]=11111111011111111101111111111110, sa_flags=SA_RESTART|SA_SIGINFO
SIGPIPE: [libjvm.so+0xbefa50], sa_mask[0]=11111111011111111101111111111110, sa_flags=SA_RESTART|SA_SIGINFO
SIGXFSZ: [libjvm.so+0xbefa50], sa_mask[0]=11111111011111111101111111111110, sa_flags=SA_RESTART|SA_SIGINFO
SIGILL: [libjvm.so+0xead700], sa_mask[0]=11111111011111111101111111111110, sa_flags=SA_RESTART|SA_SIGINFO
SIGUSR2: [libjvm.so+0xbef8f0], sa_mask[0]=00100000000000000000000000000000, sa_flags=SA_RESTART|SA_SIGINFO
SIGHUP: [libjvm.so+0xbf00b0], sa_mask[0]=11111111011111111101111111111110, sa_flags=SA_RESTART|SA_SIGINFO
SIGINT: [libjvm.so+0xbf00b0], sa_mask[0]=11111111011111111101111111111110, sa_flags=SA_RESTART|SA_SIGINFO
SIGTERM: [libjvm.so+0xbf00b0], sa_mask[0]=11111111011111111101111111111110, sa_flags=SA_RESTART|SA_SIGINFO
SIGQUIT: [libjvm.so+0xbf00b0], sa_mask[0]=11111111011111111101111111111110, sa_flags=SA_RESTART|SA_SIGINFO


---------------  S Y S T E M  ---------------

OS:DISTRIB_ID=Ubuntu
DISTRIB_RELEASE=22.10
DISTRIB_CODENAME=kinetic
DISTRIB_DESCRIPTION="Ubuntu 22.10"
uname:Linux 6.5.0-21-generic #21~22.04.1-Ubuntu SMP PREEMPT_DYNAMIC Fri Feb  9 13:32:52 UTC 2 x86_64
OS uptime: 0 days 4:14 hours
libc:glibc 2.35 NPTL 2.35 
rlimit (soft/hard): STACK 8192k/infinity , CORE 0k/infinity , NPROC 15188/15188 , NOFILE 1048576/1048576 , AS infinity/infinity , CPU infinity/infinity , DATA infinity/infinity , FSIZE infinity/infinity , MEMLOCK 495444k/495444k
load average:2.39 2.23 1.27

/proc/meminfo:
MemTotal:        3963576 kB
MemFree:          402008 kB
MemAvailable:    1235192 kB
Buffers:           17584 kB
Cached:           965560 kB
SwapCached:        82104 kB
Active:          2024192 kB
Inactive:         869740 kB
Active(anon):    1537884 kB
Inactive(anon):   375976 kB
Active(file):     486308 kB
Inactive(file):   493764 kB
Unevictable:          16 kB
Mlocked:              16 kB
SwapTotal:       3991548 kB
SwapFree:        2523568 kB
Zswap:                 0 kB
Zswapped:              0 kB
Dirty:              6224 kB
Writeback:             0 kB
AnonPages:       1892184 kB
Mapped:           320588 kB
Shmem:              3072 kB
KReclaimable:     115160 kB
Slab:             273580 kB
SReclaimable:     115160 kB
SUnreclaim:       158420 kB
KernelStack:       12880 kB
PageTables:        24308 kB
SecPageTables:         0 kB
NFS_Unstable:          0 kB
Bounce:                0 kB
WritebackTmp:          0 kB
CommitLimit:     5973336 kB
Committed_AS:    5712088 kB
VmallocTotal:   34359738367 kB
VmallocUsed:       43680 kB
VmallocChunk:          0 kB
Percpu:           102912 kB
HardwareCorrupted:     0 kB
AnonHugePages:         0 kB
ShmemHugePages:        0 kB
ShmemPmdMapped:        0 kB
FileHugePages:         0 kB
FilePmdMapped:         0 kB
Unaccepted:            0 kB
HugePages_Total:       0
HugePages_Free:        0
HugePages_Rsvd:        0
HugePages_Surp:        0
Hugepagesize:       2048 kB
Hugetlb:               0 kB
DirectMap4k:      165696 kB
DirectMap2M:     2979840 kB
DirectMap1G:     3145728 kB

/sys/kernel/mm/transparent_hugepage/enabled:
always [madvise] never
/sys/kernel/mm/transparent_hugepage/defrag (defrag/compaction efforts parameter):
always defer defer+madvise [madvise] never

Process Memory:
Virtual Size: 3934964K (peak: 12378248K)
Resident Set Size: 100040K (peak: 100040K) (anon: 41796K, file: 58244K, shmem: 0K)
Swapped out: 0K
C-Heap outstanding allocations: 21361K, retained: 3390K
glibc malloc tunables: (default)

/proc/sys/kernel/threads-max (system-wide limit on the number of threads):
30377
/proc/sys/vm/max_map_count (maximum number of memory map areas a process may have):
65530
/proc/sys/kernel/pid_max (system-wide limit on number of process identifiers):
4194304

container (cgroup) information:
container_type: cgroupv2
cpu_cpuset_cpus: not supported
cpu_memory_nodes: not supported
active_processor_count: 4
cpu_quota: not supported
cpu_period: not supported
cpu_shares: not supported
memory_limit_in_bytes: unlimited
memory_and_swap_limit_in_bytes: unlimited
memory_soft_limit_in_bytes: unlimited
memory_usage_in_bytes: 2275264 k
memory_max_usage_in_bytes: not supported
memory_swap_current_in_bytes: 961080 k
memory_swap_max_limit_in_bytes: unlimited
maximum number of tasks: 4556
current number of tasks: 134

VMWare virtualization detected
Steal ticks since vm start: 0
Steal ticks percentage since vm start:  0.000

CPU:total 4 (initial active 4) (1 cores per cpu, 1 threads per core) family 25 model 80 stepping 0 microcode 0xffffffff, cmov, cx8, fxsr, mmx, sse, sse2, sse3, ssse3, sse4.1, sse4.2, popcnt, avx, avx2, aes, clmul, erms, mmxext, lzcnt, sse4a, tsc, tscinvbit, tscinv, bmi1, bmi2, adx, sha, fma
CPU Model and flags from /proc/cpuinfo:
model name	: AMD Ryzen 5 5600H with Radeon Graphics
flags		: fpu vme de pse tsc msr pae mce cx8 apic sep mtrr pge mca cmov pat pse36 clflush mmx fxsr sse sse2 syscall nx mmxext pdpe1gb rdtscp lm constant_tsc rep_good nopl tsc_reliable nonstop_tsc cpuid extd_apicid tsc_known_freq pni pclmulqdq ssse3 fma cx16 sse4_1 sse4_2 x2apic movbe popcnt aes xsave avx f16c rdrand hypervisor lahf_lm cr8_legacy abm sse4a misalignsse 3dnowprefetch osvw topoext ibpb vmmcall fsgsbase bmi1 avx2 smep bmi2 erms invpcid rdseed adx smap clflushopt clwb sha_ni xsaveopt xsavec xgetbv1 xsaves clzero arat umip vaes vpclmulqdq rdpid overflow_recov succor fsrm
Online cpus:
0-3
Offline cpus:
4-127
BIOS frequency limitation:
<Not Available>
Frequency switch latency (ns):
<Not Available>
Available cpu frequencies:
<Not Available>
Current governor:
<Not Available>
Core performance/turbo boost:
<Not Available>

Memory: 4k page, physical 3963576k(402008k free), swap 3991548k(2523568k free)

vm_info: OpenJDK 64-Bit Server VM (11.0.22+7-post-Ubuntu-0ubuntu222.04.1) for linux-amd64 JRE (11.0.22+7-post-Ubuntu-0ubuntu222.04.1), built on Feb  5 2024 20:45:01 by "unknown" with gcc 11.4.0

END.
