#
# A fatal error has been detected by the Java Runtime Environment:
#
#  SIGSEGV (0xb) at pc=0x00007f075e027ab1, pid=68798, tid=68799
#
# JRE version: OpenJDK Runtime Environment (11.0.22+7) (build 11.0.22+7-post-Ubuntu-0ubuntu222.04.1)
# Java VM: OpenJDK 64-Bit Server VM (11.0.22+7-post-Ubuntu-0ubuntu222.04.1, mixed mode, sharing, tiered, compressed oops, g1 gc, linux-amd64)
# Problematic frame:
# C  [libLLVM-13.so+0xc27ab1]  LLVMAddIncoming+0xb1
#
# Core dump will be written. Default location: Core dumps may be processed with "/usr/share/apport/apport -p%p -s%s -c%c -d%d -P%P -u%u -g%g -- %E" (or dumping to /home/ubuntu/Lab/core.68798)
#
# If you would like to submit a bug report, please visit:
#   https://bugs.launchpad.net/ubuntu/+source/openjdk-lts
# The crash happened outside the Java Virtual Machine in native code.
# See problematic frame for where to report the bug.
#

---------------  S U M M A R Y ------------

Command Line: -javaagent:/home/ubuntu/software/idea-IU-233.14475.28/lib/idea_rt.jar=40081:/home/ubuntu/software/idea-IU-233.14475.28/bin -Dfile.encoding=UTF-8 Main tests/test1.c tests/Actual.ll

Host: AMD Ryzen 5 5600H with Radeon Graphics, 4 cores, 3G, Ubuntu 22.10
Time: Wed May 29 19:52:25 2024 CST elapsed time: 0.667625 seconds (0d 0h 0m 0s)

---------------  T H R E A D  ---------------

Current thread (0x00007f07d0016800):  JavaThread "main" [_thread_in_native, id=68799, stack(0x00007f07d6b00000,0x00007f07d6c00000)]

Stack: [0x00007f07d6b00000,0x00007f07d6c00000],  sp=0x00007f07d6bfdd70,  free space=1015k
Native frames: (J=compiled Java code, A=aot compiled Java code, j=interpreted, Vv=VM code, C=native code)
C  [libLLVM-13.so+0xc27ab1]  LLVMAddIncoming+0xb1

Java frames: (J=compiled Java code, j=interpreted, Vv=VM code)
j  org.bytedeco.llvm.global.LLVM.LLVMAddIncoming(Lorg/bytedeco/llvm/LLVM/LLVMValueRef;Lorg/bytedeco/javacpp/PointerPointer;Lorg/bytedeco/javacpp/PointerPointer;I)V+0
j  myVisitor.visitCond(LSysYParser$CondContext;)Lorg/bytedeco/llvm/LLVM/LLVMValueRef;+636
j  myVisitor.visitStmt(LSysYParser$StmtContext;)Lorg/bytedeco/llvm/LLVM/LLVMValueRef;+158
j  myVisitor.visitStmt(LSysYParser$StmtContext;)Ljava/lang/Object;+2
j  SysYParser$StmtContext.accept(Lorg/antlr/v4/runtime/tree/ParseTreeVisitor;)Ljava/lang/Object;+12
j  org.antlr.v4.runtime.tree.AbstractParseTreeVisitor.visitChildren(Lorg/antlr/v4/runtime/tree/RuleNode;)Ljava/lang/Object;+46
j  SysYParserBaseVisitor.visitBlockItem(LSysYParser$BlockItemContext;)Ljava/lang/Object;+2
j  SysYParser$BlockItemContext.accept(Lorg/antlr/v4/runtime/tree/ParseTreeVisitor;)Ljava/lang/Object;+12
j  org.antlr.v4.runtime.tree.AbstractParseTreeVisitor.visitChildren(Lorg/antlr/v4/runtime/tree/RuleNode;)Ljava/lang/Object;+46
j  myVisitor.visitBlock(LSysYParser$BlockContext;)Lorg/bytedeco/llvm/LLVM/LLVMValueRef;+9
j  myVisitor.visitBlock(LSysYParser$BlockContext;)Ljava/lang/Object;+2
j  SysYParser$BlockContext.accept(Lorg/antlr/v4/runtime/tree/ParseTreeVisitor;)Ljava/lang/Object;+12
j  org.antlr.v4.runtime.tree.AbstractParseTreeVisitor.visit(Lorg/antlr/v4/runtime/tree/ParseTree;)Ljava/lang/Object;+2
j  myVisitor.visitFuncDef(LSysYParser$FuncDefContext;)Lorg/bytedeco/llvm/LLVM/LLVMValueRef;+272
j  myVisitor.visitFuncDef(LSysYParser$FuncDefContext;)Ljava/lang/Object;+2
j  SysYParser$FuncDefContext.accept(Lorg/antlr/v4/runtime/tree/ParseTreeVisitor;)Ljava/lang/Object;+12
j  org.antlr.v4.runtime.tree.AbstractParseTreeVisitor.visitChildren(Lorg/antlr/v4/runtime/tree/RuleNode;)Ljava/lang/Object;+46
j  SysYParserBaseVisitor.visitCompUnit(LSysYParser$CompUnitContext;)Ljava/lang/Object;+2
j  SysYParser$CompUnitContext.accept(Lorg/antlr/v4/runtime/tree/ParseTreeVisitor;)Ljava/lang/Object;+12
j  org.antlr.v4.runtime.tree.AbstractParseTreeVisitor.visitChildren(Lorg/antlr/v4/runtime/tree/RuleNode;)Ljava/lang/Object;+46
j  SysYParserBaseVisitor.visitProgram(LSysYParser$ProgramContext;)Ljava/lang/Object;+2
j  SysYParser$ProgramContext.accept(Lorg/antlr/v4/runtime/tree/ParseTreeVisitor;)Ljava/lang/Object;+12
j  org.antlr.v4.runtime.tree.AbstractParseTreeVisitor.visit(Lorg/antlr/v4/runtime/tree/ParseTree;)Ljava/lang/Object;+2
j  Main.main([Ljava/lang/String;)V+79
v  ~StubRoutines::call_stub

siginfo: si_signo: 11 (SIGSEGV), si_code: 1 (SEGV_MAPERR), si_addr: 0x000000000000201d

Register to memory mapping:

RAX=0x00007f07d0445370 points into unknown readable memory: 0x00007f07d043b478 | 78 b4 43 d0 07 7f 00 00
RBX=0x00007f07d044ad48 points into unknown readable memory: 0x00007f07d043b430 | 30 b4 43 d0 07 7f 00 00
RCX=0x00007f07d043b480 points into unknown readable memory: 0x000000000000200d | 0d 20 00 00 00 00 00 00
RDX=0x000000000000200d is an unknown value
RSP=0x00007f07d6bfdd70 is pointing into the stack for thread: 0x00007f07d0016800
RBP=0x00007f07d043b478 points into unknown readable memory: 0x00007f07d043acf0 | f0 ac 43 d0 07 7f 00 00
RSI=0x00007f07d0445378 points into unknown readable memory: 0x000000000000200d | 0d 20 00 00 00 00 00 00
RDI=0x0000000000000002 is an unknown value
R8 =0x00007f07d044ad90 points into unknown readable memory: 0x00007f07d7e32140 | 40 21 e3 d7 07 7f 00 00
R9 =0x00000000c6b98c30 is an oop: org.bytedeco.javacpp.PointerPointer 
{0x00000000c6b98c30} - klass: 'org/bytedeco/javacpp/PointerPointer'
 - ---- fields (total size 7 words):
 - private 'deallocator' 'Lorg/bytedeco/javacpp/Pointer$Deallocator;' @12  NULL (0)
 - protected 'address' 'J' @16  139671535656304 (d0449d70 7f07)
 - protected 'position' 'J' @24  0 (0 0)
 - protected 'limit' 'J' @32  0 (0 0)
 - protected 'capacity' 'J' @40  0 (0 0)
 - private strict 'pointerArray' '[Lorg/bytedeco/javacpp/Pointer;' @48  NULL (0)
R10=0x00007f07d0445370 points into unknown readable memory: 0x00007f07d043b478 | 78 b4 43 d0 07 7f 00 00
R11=0x0964677f22e1da74 is an unknown value
R12=0x00007f07d0449d70 points into unknown readable memory: 0x00007f07d043b310 | 10 b3 43 d0 07 7f 00 00
R13=0x00007f07d044a560 points into unknown readable memory: 0x00007f07d043b478 | 78 b4 43 d0 07 7f 00 00
R14=0x00007f07d043b310 points into unknown readable memory: 0x00007f07d043acf0 | f0 ac 43 d0 07 7f 00 00
R15=0x00007f07d0449d78 points into unknown readable memory: 0x0000000000000000 | 00 00 00 00 00 00 00 00


Registers:
RAX=0x00007f07d0445370, RBX=0x00007f07d044ad48, RCX=0x00007f07d043b480, RDX=0x000000000000200d
RSP=0x00007f07d6bfdd70, RBP=0x00007f07d043b478, RSI=0x00007f07d0445378, RDI=0x0000000000000002
R8 =0x00007f07d044ad90, R9 =0x00000000c6b98c30, R10=0x00007f07d0445370, R11=0x0964677f22e1da74
R12=0x00007f07d0449d70, R13=0x00007f07d044a560, R14=0x00007f07d043b310, R15=0x00007f07d0449d78
RIP=0x00007f075e027ab1, EFLAGS=0x0000000000010202, CSGSFS=0x002b000000000033, ERR=0x0000000000000006
  TRAPNO=0x000000000000000e

Top of Stack: (sp=0x00007f07d6bfdd70)
0x00007f07d6bfdd70:   00007f07d0016800 00007f07b0e383a0
0x00007f07d6bfdd80:   00007f07d6bfde20 0000000000000000
0x00007f07d6bfdd90:   00007f07b0e38398 00007f07d6bfde58
0x00007f07d6bfdda0:   00007f07d0016800 00007f07b860fa10 

Instructions: (pc=0x00007f075e027ab1)
0x00007f075e0279b1:   47 20 c3 66 2e 0f 1f 84 00 00 00 00 00 66 90 48
0x00007f075e0279c1:   8b 47 40 c3 66 2e 0f 1f 84 00 00 00 00 00 90 48
0x00007f075e0279d1:   83 ec 08 e8 07 c7 09 00 48 83 c4 08 0f b6 c0 c3
0x00007f075e0279e1:   66 2e 0f 1f 84 00 00 00 00 00 0f 1f 44 00 00 85
0x00007f075e0279f1:   f6 40 0f 95 c6 40 0f b6 f6 e9 c1 c6 09 00 90 85
0x00007f075e027a01:   c9 0f 84 58 01 00 00 41 57 41 56 41 55 49 89 f5
0x00007f075e027a11:   41 54 49 89 d4 8d 51 ff 55 4d 8d 7c d4 08 53 48
0x00007f075e027a21:   89 fb 48 83 ec 08 8b 47 14 8b 7f 3c 25 ff ff ff
0x00007f075e027a31:   07 66 0f 1f 44 00 00 4d 8b 34 24 49 8b 6d 00 39
0x00007f075e027a41:   f8 0f 84 ef 00 00 00 8b 53 14 83 c0 01 25 ff ff
0x00007f075e027a51:   ff 07 81 e2 00 00 00 f8 8d 70 ff 09 c2 89 53 14
0x00007f075e027a61:   81 e2 00 00 00 40 0f 84 e3 00 00 00 48 8b 4b f8
0x00007f075e027a71:   89 f0 48 c1 e0 05 48 01 c8 48 83 38 00 74 14 48
0x00007f075e027a81:   8b 50 08 48 8b 48 10 48 89 11 48 85 d2 74 04 48
0x00007f075e027a91:   89 4a 10 48 89 28 48 85 ed 74 21 48 8b 55 08 48
0x00007f075e027aa1:   8d 4d 08 48 89 50 08 48 85 d2 74 08 48 8d 70 08
0x00007f075e027ab1:   48 89 72 10 48 89 48 10 48 89 45 08 8b 43 14 25
0x00007f075e027ac1:   ff ff ff 07 8d 50 ff f6 43 17 40 74 32 89 f9 49
0x00007f075e027ad1:   83 c4 08 49 83 c5 08 48 c1 e1 05 48 8d 14 d1 48
0x00007f075e027ae1:   03 53 f8 4c 89 32 4d 39 fc 0f 85 48 ff ff ff 48
0x00007f075e027af1:   83 c4 08 5b 5d 41 5c 41 5d 41 5e 41 5f c3 90 89
0x00007f075e027b01:   fe 89 c1 49 83 c4 08 49 83 c5 08 48 c1 e6 05 48
0x00007f075e027b11:   8d 34 d6 48 89 ca 48 c1 e2 05 48 29 d6 4c 89 34
0x00007f075e027b21:   33 4d 39 e7 74 c9 4d 8b 34 24 49 8b 6d 00 39 f8
0x00007f075e027b31:   0f 85 11 ff ff ff 48 89 df e8 41 50 09 00 8b 43
0x00007f075e027b41:   14 8b 7b 3c 25 ff ff ff 07 e9 f9 fe ff ff 90 48
0x00007f075e027b51:   c1 e0 05 48 89 d9 48 29 c1 e9 12 ff ff ff 90 c3
0x00007f075e027b61:   66 2e 0f 1f 84 00 00 00 00 00 0f 1f 44 00 00 8b
0x00007f075e027b71:   47 14 25 ff ff ff 07 c3 0f 1f 80 00 00 00 00 f6
0x00007f075e027b81:   47 17 40 74 12 48 8b 7f f8 89 f6 48 c1 e6 05 48
0x00007f075e027b91:   8b 04 37 c3 0f 1f 00 8b 47 14 89 f6 48 c1 e6 05
0x00007f075e027ba1:   25 ff ff ff 07 48 c1 e0 05 48 29 c7 48 8b 04 37 


Stack slot to memory mapping:
stack at sp + 0 slots: 0x00007f07d0016800 is a thread
stack at sp + 1 slots: {method} {0x00007f07b0e383a0} 'LLVMAddIncoming' '(Lorg/bytedeco/llvm/LLVM/LLVMValueRef;Lorg/bytedeco/javacpp/PointerPointer;Lorg/bytedeco/javacpp/PointerPointer;I)V' in 'org/bytedeco/llvm/global/LLVM'
stack at sp + 2 slots: 0x00007f07d6bfde20 is pointing into the stack for thread: 0x00007f07d0016800
stack at sp + 3 slots: 0x0 is NULL
stack at sp + 4 slots: 0x00007f07b0e38398 is pointing into metadata
stack at sp + 5 slots: 0x00007f07d6bfde58 is pointing into the stack for thread: 0x00007f07d0016800
stack at sp + 6 slots: 0x00007f07d0016800 is a thread
stack at sp + 7 slots: 0x00007f07b860fa10 is at code_begin+944 in an Interpreter codelet
method entry point (kind = native)  [0x00007f07b860f660, 0x00007f07b860ffe0]  2432 bytes


---------------  P R O C E S S  ---------------

Threads class SMR info:
_java_thread_list=0x00007f0764000b70, length=11, elements={
0x00007f07d0016800, 0x00007f07d0128000, 0x00007f07d012a000, 0x00007f07d012f800,
0x00007f07d0131800, 0x00007f07d0134000, 0x00007f07d0136000, 0x00007f07d0138000,
0x00007f07d0155800, 0x00007f07d0232800, 0x00007f07d024e000
}

Java Threads: ( => current thread )
=>0x00007f07d0016800 JavaThread "main" [_thread_in_native, id=68799, stack(0x00007f07d6b00000,0x00007f07d6c00000)]
  0x00007f07d0128000 JavaThread "Reference Handler" daemon [_thread_blocked, id=68806, stack(0x00007f07d41cf000,0x00007f07d42cf000)]
  0x00007f07d012a000 JavaThread "Finalizer" daemon [_thread_blocked, id=68807, stack(0x00007f07d40cf000,0x00007f07d41cf000)]
  0x00007f07d012f800 JavaThread "Signal Dispatcher" daemon [_thread_blocked, id=68808, stack(0x00007f07cff00000,0x00007f07d0000000)]
  0x00007f07d0131800 JavaThread "Service Thread" daemon [_thread_blocked, id=68809, stack(0x00007f07b8500000,0x00007f07b8600000)]
  0x00007f07d0134000 JavaThread "C2 CompilerThread0" daemon [_thread_blocked, id=68810, stack(0x00007f07b8400000,0x00007f07b8500000)]
  0x00007f07d0136000 JavaThread "C1 CompilerThread0" daemon [_thread_blocked, id=68811, stack(0x00007f07b8300000,0x00007f07b8400000)]
  0x00007f07d0138000 JavaThread "Sweeper thread" daemon [_thread_blocked, id=68812, stack(0x00007f07b8200000,0x00007f07b8300000)]
  0x00007f07d0155800 JavaThread "Common-Cleaner" daemon [_thread_blocked, id=68814, stack(0x00007f07b8100000,0x00007f07b8200000)]
  0x00007f07d0232800 JavaThread "Monitor Ctrl-Break" daemon [_thread_in_native, id=68820, stack(0x00007f07b8000000,0x00007f07b8100000)]
  0x00007f07d024e000 JavaThread "JavaCPP Deallocator" daemon [_thread_blocked, id=68822, stack(0x00007f07b06df000,0x00007f07b07df000)]

Other Threads:
  0x00007f07d0125800 VMThread "VM Thread" [stack: 0x00007f07d42d0000,0x00007f07d43d0000] [id=68805]
  0x00007f07d0235000 WatcherThread [stack: 0x00007f07b07e0000,0x00007f07b08e0000] [id=68821]
  0x00007f07d002f800 GCTaskThread "GC Thread#0" [stack: 0x00007f07d652a000,0x00007f07d662a000] [id=68800]
  0x00007f07d004a800 ConcurrentGCThread "G1 Main Marker" [stack: 0x00007f07d4b59000,0x00007f07d4c59000] [id=68801]
  0x00007f07d004c800 ConcurrentGCThread "G1 Conc#0" [stack: 0x00007f07d4a58000,0x00007f07d4b58000] [id=68802]
  0x00007f07d0090000 ConcurrentGCThread "G1 Refine#0" [stack: 0x00007f07d4553000,0x00007f07d4653000] [id=68803]
  0x00007f07d0092000 ConcurrentGCThread "G1 Young RemSet Sampling" [stack: 0x00007f07d4452000,0x00007f07d4552000] [id=68804]

Threads with active compile tasks:

VM state:not at safepoint (normal execution)

VM Mutex/Monitor currently owned by a thread: None

Heap address: 0x00000000c3800000, size: 968 MB, Compressed Oops mode: 32-bit
Narrow klass base: 0x0000000800000000, Narrow klass shift: 3
Compressed class space size: 1073741824 Address: 0x0000000840000000

Heap:
 garbage-first heap   total 65536K, used 9936K [0x00000000c3800000, 0x0000000100000000)
  region size 1024K, 11 young (11264K), 0 survivors (0K)
 Metaspace       used 3950K, capacity 6551K, committed 6656K, reserved 1056768K
  class space    used 434K, capacity 695K, committed 768K, reserved 1048576K
Heap Regions: E=young(eden), S=young(survivor), O=old, HS=humongous(starts), HC=humongous(continues), CS=collection set, F=free, A=archive, TAMS=top-at-mark-start (previous, next)
|   0|0x00000000c3800000, 0x00000000c3800000, 0x00000000c3900000|  0%| F|  |TAMS 0x00000000c3800000, 0x00000000c3800000| Untracked 
|   1|0x00000000c3900000, 0x00000000c3900000, 0x00000000c3a00000|  0%| F|  |TAMS 0x00000000c3900000, 0x00000000c3900000| Untracked 
|   2|0x00000000c3a00000, 0x00000000c3a00000, 0x00000000c3b00000|  0%| F|  |TAMS 0x00000000c3a00000, 0x00000000c3a00000| Untracked 
|   3|0x00000000c3b00000, 0x00000000c3b00000, 0x00000000c3c00000|  0%| F|  |TAMS 0x00000000c3b00000, 0x00000000c3b00000| Untracked 
|   4|0x00000000c3c00000, 0x00000000c3c00000, 0x00000000c3d00000|  0%| F|  |TAMS 0x00000000c3c00000, 0x00000000c3c00000| Untracked 
|   5|0x00000000c3d00000, 0x00000000c3d00000, 0x00000000c3e00000|  0%| F|  |TAMS 0x00000000c3d00000, 0x00000000c3d00000| Untracked 
|   6|0x00000000c3e00000, 0x00000000c3e00000, 0x00000000c3f00000|  0%| F|  |TAMS 0x00000000c3e00000, 0x00000000c3e00000| Untracked 
|   7|0x00000000c3f00000, 0x00000000c3f00000, 0x00000000c4000000|  0%| F|  |TAMS 0x00000000c3f00000, 0x00000000c3f00000| Untracked 
|   8|0x00000000c4000000, 0x00000000c4000000, 0x00000000c4100000|  0%| F|  |TAMS 0x00000000c4000000, 0x00000000c4000000| Untracked 
|   9|0x00000000c4100000, 0x00000000c4100000, 0x00000000c4200000|  0%| F|  |TAMS 0x00000000c4100000, 0x00000000c4100000| Untracked 
|  10|0x00000000c4200000, 0x00000000c4200000, 0x00000000c4300000|  0%| F|  |TAMS 0x00000000c4200000, 0x00000000c4200000| Untracked 
|  11|0x00000000c4300000, 0x00000000c4300000, 0x00000000c4400000|  0%| F|  |TAMS 0x00000000c4300000, 0x00000000c4300000| Untracked 
|  12|0x00000000c4400000, 0x00000000c4400000, 0x00000000c4500000|  0%| F|  |TAMS 0x00000000c4400000, 0x00000000c4400000| Untracked 
|  13|0x00000000c4500000, 0x00000000c4500000, 0x00000000c4600000|  0%| F|  |TAMS 0x00000000c4500000, 0x00000000c4500000| Untracked 
|  14|0x00000000c4600000, 0x00000000c4600000, 0x00000000c4700000|  0%| F|  |TAMS 0x00000000c4600000, 0x00000000c4600000| Untracked 
|  15|0x00000000c4700000, 0x00000000c4700000, 0x00000000c4800000|  0%| F|  |TAMS 0x00000000c4700000, 0x00000000c4700000| Untracked 
|  16|0x00000000c4800000, 0x00000000c4800000, 0x00000000c4900000|  0%| F|  |TAMS 0x00000000c4800000, 0x00000000c4800000| Untracked 
|  17|0x00000000c4900000, 0x00000000c4900000, 0x00000000c4a00000|  0%| F|  |TAMS 0x00000000c4900000, 0x00000000c4900000| Untracked 
|  18|0x00000000c4a00000, 0x00000000c4a00000, 0x00000000c4b00000|  0%| F|  |TAMS 0x00000000c4a00000, 0x00000000c4a00000| Untracked 
|  19|0x00000000c4b00000, 0x00000000c4b00000, 0x00000000c4c00000|  0%| F|  |TAMS 0x00000000c4b00000, 0x00000000c4b00000| Untracked 
|  20|0x00000000c4c00000, 0x00000000c4c00000, 0x00000000c4d00000|  0%| F|  |TAMS 0x00000000c4c00000, 0x00000000c4c00000| Untracked 
|  21|0x00000000c4d00000, 0x00000000c4d00000, 0x00000000c4e00000|  0%| F|  |TAMS 0x00000000c4d00000, 0x00000000c4d00000| Untracked 
|  22|0x00000000c4e00000, 0x00000000c4e00000, 0x00000000c4f00000|  0%| F|  |TAMS 0x00000000c4e00000, 0x00000000c4e00000| Untracked 
|  23|0x00000000c4f00000, 0x00000000c4f00000, 0x00000000c5000000|  0%| F|  |TAMS 0x00000000c4f00000, 0x00000000c4f00000| Untracked 
|  24|0x00000000c5000000, 0x00000000c5000000, 0x00000000c5100000|  0%| F|  |TAMS 0x00000000c5000000, 0x00000000c5000000| Untracked 
|  25|0x00000000c5100000, 0x00000000c5100000, 0x00000000c5200000|  0%| F|  |TAMS 0x00000000c5100000, 0x00000000c5100000| Untracked 
|  26|0x00000000c5200000, 0x00000000c5200000, 0x00000000c5300000|  0%| F|  |TAMS 0x00000000c5200000, 0x00000000c5200000| Untracked 
|  27|0x00000000c5300000, 0x00000000c5300000, 0x00000000c5400000|  0%| F|  |TAMS 0x00000000c5300000, 0x00000000c5300000| Untracked 
|  28|0x00000000c5400000, 0x00000000c5400000, 0x00000000c5500000|  0%| F|  |TAMS 0x00000000c5400000, 0x00000000c5400000| Untracked 
|  29|0x00000000c5500000, 0x00000000c5500000, 0x00000000c5600000|  0%| F|  |TAMS 0x00000000c5500000, 0x00000000c5500000| Untracked 
|  30|0x00000000c5600000, 0x00000000c5600000, 0x00000000c5700000|  0%| F|  |TAMS 0x00000000c5600000, 0x00000000c5600000| Untracked 
|  31|0x00000000c5700000, 0x00000000c5700000, 0x00000000c5800000|  0%| F|  |TAMS 0x00000000c5700000, 0x00000000c5700000| Untracked 
|  32|0x00000000c5800000, 0x00000000c5800000, 0x00000000c5900000|  0%| F|  |TAMS 0x00000000c5800000, 0x00000000c5800000| Untracked 
|  33|0x00000000c5900000, 0x00000000c5900000, 0x00000000c5a00000|  0%| F|  |TAMS 0x00000000c5900000, 0x00000000c5900000| Untracked 
|  34|0x00000000c5a00000, 0x00000000c5a00000, 0x00000000c5b00000|  0%| F|  |TAMS 0x00000000c5a00000, 0x00000000c5a00000| Untracked 
|  35|0x00000000c5b00000, 0x00000000c5b00000, 0x00000000c5c00000|  0%| F|  |TAMS 0x00000000c5b00000, 0x00000000c5b00000| Untracked 
|  36|0x00000000c5c00000, 0x00000000c5c00000, 0x00000000c5d00000|  0%| F|  |TAMS 0x00000000c5c00000, 0x00000000c5c00000| Untracked 
|  37|0x00000000c5d00000, 0x00000000c5d00000, 0x00000000c5e00000|  0%| F|  |TAMS 0x00000000c5d00000, 0x00000000c5d00000| Untracked 
|  38|0x00000000c5e00000, 0x00000000c5e00000, 0x00000000c5f00000|  0%| F|  |TAMS 0x00000000c5e00000, 0x00000000c5e00000| Untracked 
|  39|0x00000000c5f00000, 0x00000000c5f00000, 0x00000000c6000000|  0%| F|  |TAMS 0x00000000c5f00000, 0x00000000c5f00000| Untracked 
|  40|0x00000000c6000000, 0x00000000c6000000, 0x00000000c6100000|  0%| F|  |TAMS 0x00000000c6000000, 0x00000000c6000000| Untracked 
|  41|0x00000000c6100000, 0x00000000c6100000, 0x00000000c6200000|  0%| F|  |TAMS 0x00000000c6100000, 0x00000000c6100000| Untracked 
|  42|0x00000000c6200000, 0x00000000c6200000, 0x00000000c6300000|  0%| F|  |TAMS 0x00000000c6200000, 0x00000000c6200000| Untracked 
|  43|0x00000000c6300000, 0x00000000c6300000, 0x00000000c6400000|  0%| F|  |TAMS 0x00000000c6300000, 0x00000000c6300000| Untracked 
|  44|0x00000000c6400000, 0x00000000c6400000, 0x00000000c6500000|  0%| F|  |TAMS 0x00000000c6400000, 0x00000000c6400000| Untracked 
|  45|0x00000000c6500000, 0x00000000c6500000, 0x00000000c6600000|  0%| F|  |TAMS 0x00000000c6500000, 0x00000000c6500000| Untracked 
|  46|0x00000000c6600000, 0x00000000c6600000, 0x00000000c6700000|  0%| F|  |TAMS 0x00000000c6600000, 0x00000000c6600000| Untracked 
|  47|0x00000000c6700000, 0x00000000c6700000, 0x00000000c6800000|  0%| F|  |TAMS 0x00000000c6700000, 0x00000000c6700000| Untracked 
|  48|0x00000000c6800000, 0x00000000c6800000, 0x00000000c6900000|  0%| F|  |TAMS 0x00000000c6800000, 0x00000000c6800000| Untracked 
|  49|0x00000000c6900000, 0x00000000c6900000, 0x00000000c6a00000|  0%| F|  |TAMS 0x00000000c6900000, 0x00000000c6900000| Untracked 
|  50|0x00000000c6a00000, 0x00000000c6a00000, 0x00000000c6b00000|  0%| F|  |TAMS 0x00000000c6a00000, 0x00000000c6a00000| Untracked 
|  51|0x00000000c6b00000, 0x00000000c6bd7c30, 0x00000000c6c00000| 84%| E|  |TAMS 0x00000000c6b00000, 0x00000000c6b00000| Complete 
|  52|0x00000000c6c00000, 0x00000000c6d00000, 0x00000000c6d00000|100%| E|CS|TAMS 0x00000000c6c00000, 0x00000000c6c00000| Complete 
|  53|0x00000000c6d00000, 0x00000000c6e00000, 0x00000000c6e00000|100%| E|CS|TAMS 0x00000000c6d00000, 0x00000000c6d00000| Complete 
|  54|0x00000000c6e00000, 0x00000000c6f00000, 0x00000000c6f00000|100%| E|CS|TAMS 0x00000000c6e00000, 0x00000000c6e00000| Complete 
|  55|0x00000000c6f00000, 0x00000000c7000000, 0x00000000c7000000|100%| E|  |TAMS 0x00000000c6f00000, 0x00000000c6f00000| Complete 
|  56|0x00000000c7000000, 0x00000000c7100000, 0x00000000c7100000|100%| E|CS|TAMS 0x00000000c7000000, 0x00000000c7000000| Complete 
|  57|0x00000000c7100000, 0x00000000c7200000, 0x00000000c7200000|100%| E|CS|TAMS 0x00000000c7100000, 0x00000000c7100000| Complete 
|  58|0x00000000c7200000, 0x00000000c7300000, 0x00000000c7300000|100%| E|CS|TAMS 0x00000000c7200000, 0x00000000c7200000| Complete 
|  59|0x00000000c7300000, 0x00000000c7400000, 0x00000000c7400000|100%| E|CS|TAMS 0x00000000c7300000, 0x00000000c7300000| Complete 
|  60|0x00000000c7400000, 0x00000000c7500000, 0x00000000c7500000|100%| E|CS|TAMS 0x00000000c7400000, 0x00000000c7400000| Complete 
|  61|0x00000000c7500000, 0x00000000c7600000, 0x00000000c7600000|100%| E|CS|TAMS 0x00000000c7500000, 0x00000000c7500000| Complete 
| 966|0x00000000ffe00000, 0x00000000ffe48000, 0x00000000fff00000| 28%|OA|  |TAMS 0x00000000ffe00000, 0x00000000ffe00000| Untracked 
| 967|0x00000000fff00000, 0x00000000fff6c000, 0x0000000100000000| 42%|CA|  |TAMS 0x00000000fff00000, 0x00000000fff00000| Untracked 

Card table byte_map: [0x00007f07d5d5d000,0x00007f07d5f41000] _byte_map_base: 0x00007f07d5741000

Marking Bits (Prev, Next): (CMBitMap*) 0x00007f07d0045c68, (CMBitMap*) 0x00007f07d0045ca0
 Prev Bits: [0x00007f07d4c59000, 0x00007f07d5b79000)
 Next Bits: [0x00007f07b30e0000, 0x00007f07b4000000)

Polling page: 0x00007f07d828f000

Metaspace:

Usage:
  Non-class:      5.72 MB capacity,     3.43 MB ( 60%) used,     2.28 MB ( 40%) free+waste,     6.94 KB ( <1%) overhead. 
      Class:    695.00 KB capacity,   434.19 KB ( 62%) used,   257.06 KB ( 37%) free+waste,     3.75 KB ( <1%) overhead. 
       Both:      6.40 MB capacity,     3.86 MB ( 60%) used,     2.53 MB ( 40%) free+waste,    10.69 KB ( <1%) overhead. 

Virtual space:
  Non-class space:        8.00 MB reserved,       5.75 MB ( 72%) committed 
      Class space:        1.00 GB reserved,     768.00 KB ( <1%) committed 
             Both:        1.01 GB reserved,       6.50 MB ( <1%) committed 

Chunk freelists:
   Non-Class:  32.00 KB
       Class:  9.00 KB
        Both:  41.00 KB

MaxMetaspaceSize: unlimited
CompressedClassSpaceSize: 1.00 GB
Initial GC threshold: 20.80 MB
Current GC threshold: 20.80 MB
CDS: on

CodeHeap 'non-profiled nmethods': size=120032Kb used=223Kb max_used=223Kb free=119808Kb
 bounds [0x00007f07c00c8000, 0x00007f07c0338000, 0x00007f07c7600000]
CodeHeap 'profiled nmethods': size=120032Kb used=1349Kb max_used=1349Kb free=118682Kb
 bounds [0x00007f07b8b90000, 0x00007f07b8e00000, 0x00007f07c00c8000]
CodeHeap 'non-nmethods': size=5696Kb used=1149Kb max_used=1160Kb free=4547Kb
 bounds [0x00007f07b8600000, 0x00007f07b8870000, 0x00007f07b8b90000]
 total_blobs=1166 nmethods=757 adapters=323
 compilation: enabled
              stopped_count=0, restarted_count=0
 full_count=0

Compilation events (20 events):
Event: 0.659 Thread 0x00007f07d0134000 nmethod 747 0x00007f07c00fea10 code [0x00007f07c00feba0, 0x00007f07c00fed58]
Event: 0.660 Thread 0x00007f07d0136000 nmethod 739 0x00007f07b8cd4d10 code [0x00007f07b8cd5ba0, 0x00007f07b8cdc870]
Event: 0.660 Thread 0x00007f07d0136000  745       3       java.lang.Number::<init> (5 bytes)
Event: 0.660 Thread 0x00007f07d0136000 nmethod 745 0x00007f07b8cde710 code [0x00007f07b8cde8c0, 0x00007f07b8cdea30]
Event: 0.660 Thread 0x00007f07d0136000  743       3       java.lang.invoke.MemberName::isConstructor (7 bytes)
Event: 0.660 Thread 0x00007f07d0136000 nmethod 743 0x00007f07b8cdeb10 code [0x00007f07b8cdecc0, 0x00007f07b8cdef10]
Event: 0.660 Thread 0x00007f07d0136000  737       3       jdk.internal.org.objectweb.asm.MethodWriter::visitVarInsn (300 bytes)
Event: 0.661 Thread 0x00007f07d0136000 nmethod 737 0x00007f07b8cdf010 code [0x00007f07b8cdf280, 0x00007f07b8cdfc80]
Event: 0.661 Thread 0x00007f07d0136000  756       3       java.lang.invoke.LambdaForm$Name::useCount (42 bytes)
Event: 0.661 Thread 0x00007f07d0136000 nmethod 756 0x00007f07b8cdff90 code [0x00007f07b8ce0160, 0x00007f07b8ce0470]
Event: 0.661 Thread 0x00007f07d0136000  753       3       java.util.ImmutableCollections$ListN::size (6 bytes)
Event: 0.661 Thread 0x00007f07d0136000 nmethod 753 0x00007f07b8ce0590 code [0x00007f07b8ce0740, 0x00007f07b8ce0870]
Event: 0.661 Thread 0x00007f07d0136000  757       3       jdk.internal.org.objectweb.asm.Frame::push (110 bytes)
Event: 0.661 Thread 0x00007f07d0136000 nmethod 757 0x00007f07b8ce0910 code [0x00007f07b8ce0b00, 0x00007f07b8ce1080]
Event: 0.661 Thread 0x00007f07d0136000  754       3       java.util.Arrays::copyOf (10 bytes)
Event: 0.662 Thread 0x00007f07d0136000 nmethod 754 0x00007f07b8ce1290 code [0x00007f07b8ce1440, 0x00007f07b8ce1580]
Event: 0.662 Thread 0x00007f07d0136000  749       1       java.lang.invoke.LambdaForm$Name::type (5 bytes)
Event: 0.662 Thread 0x00007f07d0136000 nmethod 749 0x00007f07c00ff710 code [0x00007f07c00ff8c0, 0x00007f07c00ff990]
Event: 0.662 Thread 0x00007f07d0136000  744       1       java.lang.invoke.MethodTypeForm::basicType (5 bytes)
Event: 0.662 Thread 0x00007f07d0136000 nmethod 744 0x00007f07c00ffa10 code [0x00007f07c00ffbc0, 0x00007f07c00ffc90]

GC Heap History (0 events):
No events

Deoptimization events (20 events):
Event: 0.579 Thread 0x00007f07d0016800 DEOPT PACKING pc=0x00007f07b8bcbccf sp=0x00007f07d6bfd040
Event: 0.579 Thread 0x00007f07d0016800 DEOPT UNPACKING pc=0x00007f07b864a64a sp=0x00007f07d6bfc4e8 mode 0
Event: 0.580 Thread 0x00007f07d0016800 DEOPT PACKING pc=0x00007f07b8bcbccf sp=0x00007f07d6bfcfc0
Event: 0.580 Thread 0x00007f07d0016800 DEOPT UNPACKING pc=0x00007f07b864a64a sp=0x00007f07d6bfc468 mode 0
Event: 0.650 Thread 0x00007f07d0016800 Uncommon trap: trap_request=0xffffffc6 fr.pc=0x00007f07c00d1ca4 relative=0x0000000000000084
Event: 0.650 Thread 0x00007f07d0016800 Uncommon trap: reason=bimorphic_or_optimized_type_check action=maybe_recompile pc=0x00007f07c00d1ca4 method=java.util.AbstractCollection.isEmpty()Z @ 1 c2
Event: 0.650 Thread 0x00007f07d0016800 DEOPT PACKING pc=0x00007f07c00d1ca4 sp=0x00007f07d6bfd290
Event: 0.650 Thread 0x00007f07d0016800 DEOPT UNPACKING pc=0x00007f07b8649ea5 sp=0x00007f07d6bfd240 mode 2
Event: 0.650 Thread 0x00007f07d0016800 Uncommon trap: trap_request=0xffffffc6 fr.pc=0x00007f07c00d1ca4 relative=0x0000000000000084
Event: 0.650 Thread 0x00007f07d0016800 Uncommon trap: reason=bimorphic_or_optimized_type_check action=maybe_recompile pc=0x00007f07c00d1ca4 method=java.util.AbstractCollection.isEmpty()Z @ 1 c2
Event: 0.650 Thread 0x00007f07d0016800 DEOPT PACKING pc=0x00007f07c00d1ca4 sp=0x00007f07d6bfd460
Event: 0.650 Thread 0x00007f07d0016800 DEOPT UNPACKING pc=0x00007f07b8649ea5 sp=0x00007f07d6bfd410 mode 2
Event: 0.651 Thread 0x00007f07d0016800 Uncommon trap: trap_request=0xffffffc6 fr.pc=0x00007f07c00d1ca4 relative=0x0000000000000084
Event: 0.651 Thread 0x00007f07d0016800 Uncommon trap: reason=bimorphic_or_optimized_type_check action=maybe_recompile pc=0x00007f07c00d1ca4 method=java.util.AbstractCollection.isEmpty()Z @ 1 c2
Event: 0.651 Thread 0x00007f07d0016800 DEOPT PACKING pc=0x00007f07c00d1ca4 sp=0x00007f07d6bfd480
Event: 0.651 Thread 0x00007f07d0016800 DEOPT UNPACKING pc=0x00007f07b8649ea5 sp=0x00007f07d6bfd430 mode 2
Event: 0.652 Thread 0x00007f07d0016800 Uncommon trap: trap_request=0xffffffc6 fr.pc=0x00007f07c00d1ca4 relative=0x0000000000000084
Event: 0.652 Thread 0x00007f07d0016800 Uncommon trap: reason=bimorphic_or_optimized_type_check action=maybe_recompile pc=0x00007f07c00d1ca4 method=java.util.AbstractCollection.isEmpty()Z @ 1 c2
Event: 0.652 Thread 0x00007f07d0016800 DEOPT PACKING pc=0x00007f07c00d1ca4 sp=0x00007f07d6bfd290
Event: 0.652 Thread 0x00007f07d0016800 DEOPT UNPACKING pc=0x00007f07b8649ea5 sp=0x00007f07d6bfd240 mode 2

Classes redefined (0 events):
No events

Internal exceptions (20 events):
Event: 0.205 Thread 0x00007f07d0016800 Exception <a 'java/security/PrivilegedActionException'{0x00000000c7487370}> (0x00000000c7487370) thrown at [./src/hotspot/share/prims/jvm.cpp, line 1304]
Event: 0.205 Thread 0x00007f07d0016800 Exception <a 'java/security/PrivilegedActionException'{0x00000000c7487640}> (0x00000000c7487640) thrown at [./src/hotspot/share/prims/jvm.cpp, line 1304]
Event: 0.205 Thread 0x00007f07d0016800 Exception <a 'java/security/PrivilegedActionException'{0x00000000c7487fb0}> (0x00000000c7487fb0) thrown at [./src/hotspot/share/prims/jvm.cpp, line 1304]
Event: 0.205 Thread 0x00007f07d0016800 Exception <a 'java/security/PrivilegedActionException'{0x00000000c7488280}> (0x00000000c7488280) thrown at [./src/hotspot/share/prims/jvm.cpp, line 1304]
Event: 0.205 Thread 0x00007f07d0016800 Exception <a 'java/security/PrivilegedActionException'{0x00000000c7488bf0}> (0x00000000c7488bf0) thrown at [./src/hotspot/share/prims/jvm.cpp, line 1304]
Event: 0.205 Thread 0x00007f07d0016800 Exception <a 'java/security/PrivilegedActionException'{0x00000000c7488ec0}> (0x00000000c7488ec0) thrown at [./src/hotspot/share/prims/jvm.cpp, line 1304]
Event: 0.205 Thread 0x00007f07d0016800 Exception <a 'java/security/PrivilegedActionException'{0x00000000c7489848}> (0x00000000c7489848) thrown at [./src/hotspot/share/prims/jvm.cpp, line 1304]
Event: 0.205 Thread 0x00007f07d0016800 Exception <a 'java/security/PrivilegedActionException'{0x00000000c7489b18}> (0x00000000c7489b18) thrown at [./src/hotspot/share/prims/jvm.cpp, line 1304]
Event: 0.205 Thread 0x00007f07d0016800 Exception <a 'java/security/PrivilegedActionException'{0x00000000c748a4a0}> (0x00000000c748a4a0) thrown at [./src/hotspot/share/prims/jvm.cpp, line 1304]
Event: 0.205 Thread 0x00007f07d0016800 Exception <a 'java/security/PrivilegedActionException'{0x00000000c748a770}> (0x00000000c748a770) thrown at [./src/hotspot/share/prims/jvm.cpp, line 1304]
Event: 0.205 Thread 0x00007f07d0016800 Exception <a 'java/security/PrivilegedActionException'{0x00000000c748b0f8}> (0x00000000c748b0f8) thrown at [./src/hotspot/share/prims/jvm.cpp, line 1304]
Event: 0.205 Thread 0x00007f07d0016800 Exception <a 'java/security/PrivilegedActionException'{0x00000000c748b3c8}> (0x00000000c748b3c8) thrown at [./src/hotspot/share/prims/jvm.cpp, line 1304]
Event: 0.205 Thread 0x00007f07d0016800 Exception <a 'java/security/PrivilegedActionException'{0x00000000c748bd38}> (0x00000000c748bd38) thrown at [./src/hotspot/share/prims/jvm.cpp, line 1304]
Event: 0.205 Thread 0x00007f07d0016800 Exception <a 'java/security/PrivilegedActionException'{0x00000000c748c008}> (0x00000000c748c008) thrown at [./src/hotspot/share/prims/jvm.cpp, line 1304]
Event: 0.205 Thread 0x00007f07d0016800 Exception <a 'java/security/PrivilegedActionException'{0x00000000c748c990}> (0x00000000c748c990) thrown at [./src/hotspot/share/prims/jvm.cpp, line 1304]
Event: 0.205 Thread 0x00007f07d0016800 Exception <a 'java/security/PrivilegedActionException'{0x00000000c748cc60}> (0x00000000c748cc60) thrown at [./src/hotspot/share/prims/jvm.cpp, line 1304]
Event: 0.232 Thread 0x00007f07d0016800 Exception <a 'java/lang/NoSuchMethodError'{0x00000000c73bd198}: 'int java.lang.invoke.DirectMethodHandle$Holder.invokeStaticInit(java.lang.Object, java.lang.Object, java.lang.Object, java.lang.Object)'> (0x00000000c73bd198) thrown at [./src/hotspot/share/interpreter/linkResolver.cpp, line 772]
Event: 0.233 Thread 0x00007f07d0016800 Exception <a 'java/lang/IncompatibleClassChangeError'{0x00000000c73c6f18}: Found class java.lang.Object, but interface was expected> (0x00000000c73c6f18) thrown at [./src/hotspot/share/interpreter/linkResolver.cpp, line 839]
Event: 0.234 Thread 0x00007f07d0016800 Exception <a 'java/lang/NoSuchMethodError'{0x00000000c73ca0c8}: 'void java.lang.invoke.DirectMethodHandle$Holder.invokeStaticInit(java.lang.Object, java.lang.Object)'> (0x00000000c73ca0c8) thrown at [./src/hotspot/share/interpreter/linkResolver.cpp, line 772]
Event: 0.235 Thread 0x00007f07d0016800 Exception <a 'java/lang/NoSuchMethodError'{0x00000000c73cf598}: 'int java.lang.invoke.DirectMethodHandle$Holder.invokeStaticInit(java.lang.Object, java.lang.Object)'> (0x00000000c73cf598) thrown at [./src/hotspot/share/interpreter/linkResolver.cpp, line 772]

Events (20 events):
Event: 0.644 loading class org/bytedeco/javacpp/PointerScope$1
Event: 0.644 loading class org/bytedeco/javacpp/PointerScope$1 done
Event: 0.648 Executing VM operation: Deoptimize
Event: 0.648 Executing VM operation: Deoptimize done
Event: 0.650 loading class java/lang/invoke/BoundMethodHandle$Species_LL
Event: 0.650 loading class java/lang/invoke/BoundMethodHandle$Species_LL done
Event: 0.652 loading class java/lang/invoke/BoundMethodHandle$Species_LLL
Event: 0.652 loading class java/lang/invoke/BoundMethodHandle$Species_LLL done
Event: 0.652 loading class java/lang/invoke/BoundMethodHandle$Species_LLLL
Event: 0.653 loading class java/lang/invoke/BoundMethodHandle$Species_LLLL done
Event: 0.655 loading class java/lang/invoke/BoundMethodHandle$Species_LLLLL
Event: 0.655 loading class java/lang/invoke/BoundMethodHandle$Species_LLLLL done
Event: 0.656 loading class java/lang/invoke/BoundMethodHandle$Species_LLLLLL
Event: 0.656 loading class java/lang/invoke/BoundMethodHandle$Species_LLLLLL done
Event: 0.657 loading class java/lang/invoke/BoundMethodHandle$Species_LLLLLLI
Event: 0.657 loading class java/lang/invoke/BoundMethodHandle$Species_LLLLLLI done
Event: 0.658 loading class java/lang/invoke/BoundMethodHandle$Species_LLLLLLII
Event: 0.658 loading class java/lang/invoke/BoundMethodHandle$Species_LLLLLLII done
Event: 0.660 loading class java/lang/invoke/BoundMethodHandle$Species_LLLLLLIIL
Event: 0.660 loading class java/lang/invoke/BoundMethodHandle$Species_LLLLLLIIL done


Dynamic libraries:
c3800000-c7600000 rw-p 00000000 00:00 0 
c7600000-ffe00000 ---p 00000000 00:00 0 
ffe00000-ffe48000 rw-p 00b14000 08:03 265562                             /usr/lib/jvm/java-11-openjdk-amd64/lib/server/classes.jsa
ffe48000-fff00000 rw-p 00000000 00:00 0 
fff00000-fff6c000 rw-p 00aa8000 08:03 265562                             /usr/lib/jvm/java-11-openjdk-amd64/lib/server/classes.jsa
fff6c000-100000000 rw-p 00000000 00:00 0 
800000000-800002000 rwxp 00001000 08:03 265562                           /usr/lib/jvm/java-11-openjdk-amd64/lib/server/classes.jsa
800002000-8003ce000 rw-p 00003000 08:03 265562                           /usr/lib/jvm/java-11-openjdk-amd64/lib/server/classes.jsa
8003ce000-800aa6000 r--p 003cf000 08:03 265562                           /usr/lib/jvm/java-11-openjdk-amd64/lib/server/classes.jsa
800aa6000-800aa7000 rw-p 00aa7000 08:03 265562                           /usr/lib/jvm/java-11-openjdk-amd64/lib/server/classes.jsa
840000000-8400c0000 rw-p 00000000 00:00 0 
8400c0000-880000000 ---p 00000000 00:00 0 
561e2a774000-561e2a775000 r--p 00000000 08:03 265116                     /usr/lib/jvm/java-11-openjdk-amd64/bin/java
561e2a775000-561e2a776000 r-xp 00001000 08:03 265116                     /usr/lib/jvm/java-11-openjdk-amd64/bin/java
561e2a776000-561e2a777000 r--p 00002000 08:03 265116                     /usr/lib/jvm/java-11-openjdk-amd64/bin/java
561e2a777000-561e2a778000 r--p 00002000 08:03 265116                     /usr/lib/jvm/java-11-openjdk-amd64/bin/java
561e2a778000-561e2a779000 rw-p 00003000 08:03 265116                     /usr/lib/jvm/java-11-openjdk-amd64/bin/java
561e2a7a6000-561e2a7c7000 rw-p 00000000 00:00 0                          [heap]
7f075d400000-7f075dd26000 r--p 00000000 08:03 1587749                    /home/ubuntu/.javacpp/cache/llvm-13.0.1-1.5.7-linux-x86_64.jar/org/bytedeco/llvm/linux-x86_64/libLLVM-13.so
7f075dd26000-7f07616e9000 r-xp 00926000 08:03 1587749                    /home/ubuntu/.javacpp/cache/llvm-13.0.1-1.5.7-linux-x86_64.jar/org/bytedeco/llvm/linux-x86_64/libLLVM-13.so
7f07616e9000-7f076393e000 r--p 042e9000 08:03 1587749                    /home/ubuntu/.javacpp/cache/llvm-13.0.1-1.5.7-linux-x86_64.jar/org/bytedeco/llvm/linux-x86_64/libLLVM-13.so
7f076393e000-7f0763e53000 r--p 0653d000 08:03 1587749                    /home/ubuntu/.javacpp/cache/llvm-13.0.1-1.5.7-linux-x86_64.jar/org/bytedeco/llvm/linux-x86_64/libLLVM-13.so
7f0763e53000-7f0763e5e000 rw-p 06a52000 08:03 1587749                    /home/ubuntu/.javacpp/cache/llvm-13.0.1-1.5.7-linux-x86_64.jar/org/bytedeco/llvm/linux-x86_64/libLLVM-13.so
7f0763e5e000-7f0763ed4000 rw-p 00000000 00:00 0 
7f0764000000-7f0764021000 rw-p 00000000 00:00 0 
7f0764021000-7f0768000000 ---p 00000000 00:00 0 
7f076c000000-7f076c021000 rw-p 00000000 00:00 0 
7f076c021000-7f0770000000 ---p 00000000 00:00 0 
7f0770000000-7f0770021000 rw-p 00000000 00:00 0 
7f0770021000-7f0774000000 ---p 00000000 00:00 0 
7f0774000000-7f0774021000 rw-p 00000000 00:00 0 
7f0774021000-7f0778000000 ---p 00000000 00:00 0 
7f0778000000-7f0778021000 rw-p 00000000 00:00 0 
7f0778021000-7f077c000000 ---p 00000000 00:00 0 
7f077c000000-7f077c3a6000 rw-p 00000000 00:00 0 
7f077c3a6000-7f0780000000 ---p 00000000 00:00 0 
7f0780000000-7f0780021000 rw-p 00000000 00:00 0 
7f0780021000-7f0784000000 ---p 00000000 00:00 0 
7f0784000000-7f0784021000 rw-p 00000000 00:00 0 
7f0784021000-7f0788000000 ---p 00000000 00:00 0 
7f0788000000-7f07882ad000 rw-p 00000000 00:00 0 
7f07882ad000-7f078c000000 ---p 00000000 00:00 0 
7f078c000000-7f078c021000 rw-p 00000000 00:00 0 
7f078c021000-7f0790000000 ---p 00000000 00:00 0 
7f0793600000-7f0793e78000 r--p 00000000 08:03 2365202                    /usr/lib/locale/locale-archive
7f0794000000-7f0794021000 rw-p 00000000 00:00 0 
7f0794021000-7f0798000000 ---p 00000000 00:00 0 
7f0798000000-7f0798021000 rw-p 00000000 00:00 0 
7f0798021000-7f079c000000 ---p 00000000 00:00 0 
7f079c000000-7f079c021000 rw-p 00000000 00:00 0 
7f079c021000-7f07a0000000 ---p 00000000 00:00 0 
7f07a0000000-7f07a0021000 rw-p 00000000 00:00 0 
7f07a0021000-7f07a4000000 ---p 00000000 00:00 0 
7f07a4000000-7f07a4021000 rw-p 00000000 00:00 0 
7f07a4021000-7f07a8000000 ---p 00000000 00:00 0 
7f07a8000000-7f07a8021000 rw-p 00000000 00:00 0 
7f07a8021000-7f07ac000000 ---p 00000000 00:00 0 
7f07ac000000-7f07ac021000 rw-p 00000000 00:00 0 
7f07ac021000-7f07b0000000 ---p 00000000 00:00 0 
7f07b04d9000-7f07b053e000 r--p 00000000 08:03 1589997                    /home/ubuntu/.javacpp/cache/llvm-13.0.1-1.5.7-linux-x86_64.jar/org/bytedeco/llvm/linux-x86_64/libjniLLVM.so
7f07b053e000-7f07b05ac000 r-xp 00065000 08:03 1589997                    /home/ubuntu/.javacpp/cache/llvm-13.0.1-1.5.7-linux-x86_64.jar/org/bytedeco/llvm/linux-x86_64/libjniLLVM.so
7f07b05ac000-7f07b05d7000 r--p 000d3000 08:03 1589997                    /home/ubuntu/.javacpp/cache/llvm-13.0.1-1.5.7-linux-x86_64.jar/org/bytedeco/llvm/linux-x86_64/libjniLLVM.so
7f07b05d7000-7f07b05da000 r--p 000fd000 08:03 1589997                    /home/ubuntu/.javacpp/cache/llvm-13.0.1-1.5.7-linux-x86_64.jar/org/bytedeco/llvm/linux-x86_64/libjniLLVM.so
7f07b05da000-7f07b05dd000 rw-p 00100000 08:03 1589997                    /home/ubuntu/.javacpp/cache/llvm-13.0.1-1.5.7-linux-x86_64.jar/org/bytedeco/llvm/linux-x86_64/libjniLLVM.so
7f07b05dd000-7f07b05df000 rw-p 00000000 00:00 0 
7f07b05df000-7f07b05e3000 ---p 00000000 00:00 0 
7f07b05e3000-7f07b06df000 rw-p 00000000 00:00 0 
7f07b06df000-7f07b06e3000 ---p 00000000 00:00 0 
7f07b06e3000-7f07b07df000 rw-p 00000000 00:00 0 
7f07b07df000-7f07b07e0000 ---p 00000000 00:00 0 
7f07b07e0000-7f07b0ea0000 rw-p 00000000 00:00 0 
7f07b0ea0000-7f07b10e0000 ---p 00000000 00:00 0 
7f07b10e0000-7f07b31d8000 rw-p 00000000 00:00 0 
7f07b31d8000-7f07b3ff8000 ---p 00000000 00:00 0 
7f07b3ff8000-7f07b4000000 rw-p 00000000 00:00 0 
7f07b4000000-7f07b4021000 rw-p 00000000 00:00 0 
7f07b4021000-7f07b8000000 ---p 00000000 00:00 0 
7f07b8000000-7f07b8004000 ---p 00000000 00:00 0 
7f07b8004000-7f07b8100000 rw-p 00000000 00:00 0 
7f07b8100000-7f07b8104000 ---p 00000000 00:00 0 
7f07b8104000-7f07b8200000 rw-p 00000000 00:00 0 
7f07b8200000-7f07b8204000 ---p 00000000 00:00 0 
7f07b8204000-7f07b8300000 rw-p 00000000 00:00 0 
7f07b8300000-7f07b8304000 ---p 00000000 00:00 0 
7f07b8304000-7f07b8400000 rw-p 00000000 00:00 0 
7f07b8400000-7f07b8404000 ---p 00000000 00:00 0 
7f07b8404000-7f07b8500000 rw-p 00000000 00:00 0 
7f07b8500000-7f07b8504000 ---p 00000000 00:00 0 
7f07b8504000-7f07b8600000 rw-p 00000000 00:00 0 
7f07b8600000-7f07b8870000 rwxp 00000000 00:00 0 
7f07b8870000-7f07b8b90000 ---p 00000000 00:00 0 
7f07b8b90000-7f07b8e00000 rwxp 00000000 00:00 0 
7f07b8e00000-7f07c00c8000 ---p 00000000 00:00 0 
7f07c00c8000-7f07c0338000 rwxp 00000000 00:00 0 
7f07c0338000-7f07c7600000 ---p 00000000 00:00 0 
7f07c7600000-7f07cfe25000 r--s 00000000 08:03 265275                     /usr/lib/jvm/java-11-openjdk-amd64/lib/modules
7f07cff00000-7f07cff04000 ---p 00000000 00:00 0 
7f07cff04000-7f07d0000000 rw-p 00000000 00:00 0 
7f07d0000000-7f07d044c000 rw-p 00000000 00:00 0 
7f07d044c000-7f07d4000000 ---p 00000000 00:00 0 
7f07d40cf000-7f07d40d3000 ---p 00000000 00:00 0 
7f07d40d3000-7f07d41cf000 rw-p 00000000 00:00 0 
7f07d41cf000-7f07d41d3000 ---p 00000000 00:00 0 
7f07d41d3000-7f07d42cf000 rw-p 00000000 00:00 0 
7f07d42cf000-7f07d42d0000 ---p 00000000 00:00 0 
7f07d42d0000-7f07d4451000 rw-p 00000000 00:00 0 
7f07d4451000-7f07d4452000 ---p 00000000 00:00 0 
7f07d4452000-7f07d4552000 rw-p 00000000 00:00 0 
7f07d4552000-7f07d4553000 ---p 00000000 00:00 0 
7f07d4553000-7f07d4a57000 rw-p 00000000 00:00 0 
7f07d4a57000-7f07d4a58000 ---p 00000000 00:00 0 
7f07d4a58000-7f07d4b58000 rw-p 00000000 00:00 0 
7f07d4b58000-7f07d4b59000 ---p 00000000 00:00 0 
7f07d4b59000-7f07d4d51000 rw-p 00000000 00:00 0 
7f07d4d51000-7f07d5b71000 ---p 00000000 00:00 0 
7f07d5b71000-7f07d5b98000 rw-p 00000000 00:00 0 
7f07d5b98000-7f07d5d5c000 ---p 00000000 00:00 0 
7f07d5d5c000-7f07d5d7c000 rw-p 00000000 00:00 0 
7f07d5d7c000-7f07d5f40000 ---p 00000000 00:00 0 
7f07d5f40000-7f07d5f60000 rw-p 00000000 00:00 0 
7f07d5f60000-7f07d6124000 ---p 00000000 00:00 0 
7f07d6124000-7f07d6529000 rw-p 00000000 00:00 0 
7f07d6529000-7f07d652a000 ---p 00000000 00:00 0 
7f07d652a000-7f07d662f000 rw-p 00000000 00:00 0 
7f07d662f000-7f07d6715000 ---p 00000000 00:00 0 
7f07d6715000-7f07d671a000 rw-p 00000000 00:00 0 
7f07d671a000-7f07d6800000 ---p 00000000 00:00 0 
7f07d6800000-7f07d689a000 r--p 00000000 08:03 2360832                    /usr/lib/x86_64-linux-gnu/libstdc++.so.6.0.30
7f07d689a000-7f07d69ab000 r-xp 0009a000 08:03 2360832                    /usr/lib/x86_64-linux-gnu/libstdc++.so.6.0.30
7f07d69ab000-7f07d6a1a000 r--p 001ab000 08:03 2360832                    /usr/lib/x86_64-linux-gnu/libstdc++.so.6.0.30
7f07d6a1a000-7f07d6a1b000 ---p 0021a000 08:03 2360832                    /usr/lib/x86_64-linux-gnu/libstdc++.so.6.0.30
7f07d6a1b000-7f07d6a26000 r--p 0021a000 08:03 2360832                    /usr/lib/x86_64-linux-gnu/libstdc++.so.6.0.30
7f07d6a26000-7f07d6a29000 rw-p 00225000 08:03 2360832                    /usr/lib/x86_64-linux-gnu/libstdc++.so.6.0.30
7f07d6a29000-7f07d6a2c000 rw-p 00000000 00:00 0 
7f07d6a8d000-7f07d6a94000 r--p 00000000 08:03 1587750                    /home/ubuntu/.javacpp/cache/llvm-13.0.1-1.5.7-linux-x86_64.jar/org/bytedeco/llvm/linux-x86_64/libLTO.so.13
7f07d6a94000-7f07d6a9c000 r-xp 00007000 08:03 1587750                    /home/ubuntu/.javacpp/cache/llvm-13.0.1-1.5.7-linux-x86_64.jar/org/bytedeco/llvm/linux-x86_64/libLTO.so.13
7f07d6a9c000-7f07d6a9e000 r--p 0000f000 08:03 1587750                    /home/ubuntu/.javacpp/cache/llvm-13.0.1-1.5.7-linux-x86_64.jar/org/bytedeco/llvm/linux-x86_64/libLTO.so.13
7f07d6a9e000-7f07d6a9f000 r--p 00010000 08:03 1587750                    /home/ubuntu/.javacpp/cache/llvm-13.0.1-1.5.7-linux-x86_64.jar/org/bytedeco/llvm/linux-x86_64/libLTO.so.13
7f07d6a9f000-7f07d6aa0000 rw-p 00011000 08:03 1587750                    /home/ubuntu/.javacpp/cache/llvm-13.0.1-1.5.7-linux-x86_64.jar/org/bytedeco/llvm/linux-x86_64/libLTO.so.13
7f07d6aa0000-7f07d6aa1000 r--p 00000000 08:03 2361439                    /usr/lib/x86_64-linux-gnu/libdl.so.2
7f07d6aa1000-7f07d6aa2000 r-xp 00001000 08:03 2361439                    /usr/lib/x86_64-linux-gnu/libdl.so.2
7f07d6aa2000-7f07d6aa3000 r--p 00002000 08:03 2361439                    /usr/lib/x86_64-linux-gnu/libdl.so.2
7f07d6aa3000-7f07d6aa4000 r--p 00002000 08:03 2361439                    /usr/lib/x86_64-linux-gnu/libdl.so.2
7f07d6aa4000-7f07d6aa5000 rw-p 00003000 08:03 2361439                    /usr/lib/x86_64-linux-gnu/libdl.so.2
7f07d6aa5000-7f07d6b00000 rw-p 00000000 00:00 0 
7f07d6b00000-7f07d6b04000 ---p 00000000 00:00 0 
7f07d6b04000-7f07d6c00000 rw-p 00000000 00:00 0 
7f07d6c00000-7f07d6e82000 r--p 00000000 08:03 265280                     /usr/lib/jvm/java-11-openjdk-amd64/lib/server/libjvm.so
7f07d6e82000-7f07d7b20000 r-xp 00282000 08:03 265280                     /usr/lib/jvm/java-11-openjdk-amd64/lib/server/libjvm.so
7f07d7b20000-7f07d7d7c000 r--p 00f20000 08:03 265280                     /usr/lib/jvm/java-11-openjdk-amd64/lib/server/libjvm.so
7f07d7d7c000-7f07d7e40000 r--p 0117b000 08:03 265280                     /usr/lib/jvm/java-11-openjdk-amd64/lib/server/libjvm.so
7f07d7e40000-7f07d7e7b000 rw-p 0123f000 08:03 265280                     /usr/lib/jvm/java-11-openjdk-amd64/lib/server/libjvm.so
7f07d7e7b000-7f07d7ed2000 rw-p 00000000 00:00 0 
7f07d7ed5000-7f07d7ed6000 r--p 00000000 08:03 2361473                    /usr/lib/x86_64-linux-gnu/libpthread.so.0
7f07d7ed6000-7f07d7ed7000 r-xp 00001000 08:03 2361473                    /usr/lib/x86_64-linux-gnu/libpthread.so.0
7f07d7ed7000-7f07d7ed8000 r--p 00002000 08:03 2361473                    /usr/lib/x86_64-linux-gnu/libpthread.so.0
7f07d7ed8000-7f07d7ed9000 r--p 00002000 08:03 2361473                    /usr/lib/x86_64-linux-gnu/libpthread.so.0
7f07d7ed9000-7f07d7eda000 rw-p 00003000 08:03 2361473                    /usr/lib/x86_64-linux-gnu/libpthread.so.0
7f07d7edf000-7f07d7ee6000 r--s 00000000 08:03 659244                     /usr/lib/x86_64-linux-gnu/gconv/gconv-modules.cache
7f07d7ee6000-7f07d7ee7000 r--p 00000000 08:03 1589995                    /home/ubuntu/.javacpp/cache/llvm-13.0.1-1.5.7-linux-x86_64.jar/org/bytedeco/llvm/linux-x86_64/libRemarks.so.13
7f07d7ee7000-7f07d7ee8000 r-xp 00001000 08:03 1589995                    /home/ubuntu/.javacpp/cache/llvm-13.0.1-1.5.7-linux-x86_64.jar/org/bytedeco/llvm/linux-x86_64/libRemarks.so.13
7f07d7ee8000-7f07d7ee9000 r--p 00002000 08:03 1589995                    /home/ubuntu/.javacpp/cache/llvm-13.0.1-1.5.7-linux-x86_64.jar/org/bytedeco/llvm/linux-x86_64/libRemarks.so.13
7f07d7ee9000-7f07d7eea000 r--p 00002000 08:03 1589995                    /home/ubuntu/.javacpp/cache/llvm-13.0.1-1.5.7-linux-x86_64.jar/org/bytedeco/llvm/linux-x86_64/libRemarks.so.13
7f07d7eea000-7f07d7eeb000 rw-p 00003000 08:03 1589995                    /home/ubuntu/.javacpp/cache/llvm-13.0.1-1.5.7-linux-x86_64.jar/org/bytedeco/llvm/linux-x86_64/libRemarks.so.13
7f07d7eeb000-7f07d7eef000 r--p 00000000 08:03 1587748                    /home/ubuntu/.javacpp/cache/javacpp-1.5.7-linux-x86_64.jar/org/bytedeco/javacpp/linux-x86_64/libjnijavacpp.so
7f07d7eef000-7f07d7ef6000 r-xp 00004000 08:03 1587748                    /home/ubuntu/.javacpp/cache/javacpp-1.5.7-linux-x86_64.jar/org/bytedeco/javacpp/linux-x86_64/libjnijavacpp.so
7f07d7ef6000-7f07d7efa000 r--p 0000b000 08:03 1587748                    /home/ubuntu/.javacpp/cache/javacpp-1.5.7-linux-x86_64.jar/org/bytedeco/javacpp/linux-x86_64/libjnijavacpp.so
7f07d7efa000-7f07d7efb000 r--p 0000e000 08:03 1587748                    /home/ubuntu/.javacpp/cache/javacpp-1.5.7-linux-x86_64.jar/org/bytedeco/javacpp/linux-x86_64/libjnijavacpp.so
7f07d7efb000-7f07d7efc000 rw-p 0000f000 08:03 1587748                    /home/ubuntu/.javacpp/cache/javacpp-1.5.7-linux-x86_64.jar/org/bytedeco/javacpp/linux-x86_64/libjnijavacpp.so
7f07d7efc000-7f07d7efd000 r--p 00000000 08:03 265247                     /usr/lib/jvm/java-11-openjdk-amd64/lib/libextnet.so
7f07d7efd000-7f07d7efe000 r-xp 00001000 08:03 265247                     /usr/lib/jvm/java-11-openjdk-amd64/lib/libextnet.so
7f07d7efe000-7f07d7eff000 r--p 00002000 08:03 265247                     /usr/lib/jvm/java-11-openjdk-amd64/lib/libextnet.so
7f07d7eff000-7f07d7f00000 r--p 00002000 08:03 265247                     /usr/lib/jvm/java-11-openjdk-amd64/lib/libextnet.so
7f07d7f00000-7f07d7f01000 rw-p 00003000 08:03 265247                     /usr/lib/jvm/java-11-openjdk-amd64/lib/libextnet.so
7f07d7f01000-7f07d7f05000 r--p 00000000 08:03 265265                     /usr/lib/jvm/java-11-openjdk-amd64/lib/libnet.so
7f07d7f05000-7f07d7f13000 r-xp 00004000 08:03 265265                     /usr/lib/jvm/java-11-openjdk-amd64/lib/libnet.so
7f07d7f13000-7f07d7f17000 r--p 00012000 08:03 265265                     /usr/lib/jvm/java-11-openjdk-amd64/lib/libnet.so
7f07d7f17000-7f07d7f18000 r--p 00015000 08:03 265265                     /usr/lib/jvm/java-11-openjdk-amd64/lib/libnet.so
7f07d7f18000-7f07d7f19000 rw-p 00016000 08:03 265265                     /usr/lib/jvm/java-11-openjdk-amd64/lib/libnet.so
7f07d7f19000-7f07d7f27000 r--p 00000000 08:03 2361443                    /usr/lib/x86_64-linux-gnu/libm.so.6
7f07d7f27000-7f07d7fa3000 r-xp 0000e000 08:03 2361443                    /usr/lib/x86_64-linux-gnu/libm.so.6
7f07d7fa3000-7f07d7ffe000 r--p 0008a000 08:03 2361443                    /usr/lib/x86_64-linux-gnu/libm.so.6
7f07d7ffe000-7f07d7fff000 r--p 000e4000 08:03 2361443                    /usr/lib/x86_64-linux-gnu/libm.so.6
7f07d7fff000-7f07d8000000 rw-p 000e5000 08:03 2361443                    /usr/lib/x86_64-linux-gnu/libm.so.6
7f07d8000000-7f07d8028000 r--p 00000000 08:03 2361426                    /usr/lib/x86_64-linux-gnu/libc.so.6
7f07d8028000-7f07d81bd000 r-xp 00028000 08:03 2361426                    /usr/lib/x86_64-linux-gnu/libc.so.6
7f07d81bd000-7f07d8215000 r--p 001bd000 08:03 2361426                    /usr/lib/x86_64-linux-gnu/libc.so.6
7f07d8215000-7f07d8216000 ---p 00215000 08:03 2361426                    /usr/lib/x86_64-linux-gnu/libc.so.6
7f07d8216000-7f07d821a000 r--p 00215000 08:03 2361426                    /usr/lib/x86_64-linux-gnu/libc.so.6
7f07d821a000-7f07d821c000 rw-p 00219000 08:03 2361426                    /usr/lib/x86_64-linux-gnu/libc.so.6
7f07d821c000-7f07d8229000 rw-p 00000000 00:00 0 
7f07d822d000-7f07d8234000 r--p 00000000 08:03 265266                     /usr/lib/jvm/java-11-openjdk-amd64/lib/libnio.so
7f07d8234000-7f07d823c000 r-xp 00007000 08:03 265266                     /usr/lib/jvm/java-11-openjdk-amd64/lib/libnio.so
7f07d823c000-7f07d823f000 r--p 0000f000 08:03 265266                     /usr/lib/jvm/java-11-openjdk-amd64/lib/libnio.so
7f07d823f000-7f07d8240000 r--p 00011000 08:03 265266                     /usr/lib/jvm/java-11-openjdk-amd64/lib/libnio.so
7f07d8240000-7f07d8241000 rw-p 00012000 08:03 265266                     /usr/lib/jvm/java-11-openjdk-amd64/lib/libnio.so
7f07d8241000-7f07d8267000 rw-p 00000000 00:00 0 
7f07d8267000-7f07d826e000 ---p 00000000 00:00 0 
7f07d826e000-7f07d8270000 r--p 00000000 08:03 265274                     /usr/lib/jvm/java-11-openjdk-amd64/lib/libzip.so
7f07d8270000-7f07d8275000 r-xp 00002000 08:03 265274                     /usr/lib/jvm/java-11-openjdk-amd64/lib/libzip.so
7f07d8275000-7f07d8277000 r--p 00007000 08:03 265274                     /usr/lib/jvm/java-11-openjdk-amd64/lib/libzip.so
7f07d8277000-7f07d8278000 r--p 00008000 08:03 265274                     /usr/lib/jvm/java-11-openjdk-amd64/lib/libzip.so
7f07d8278000-7f07d8279000 rw-p 00009000 08:03 265274                     /usr/lib/jvm/java-11-openjdk-amd64/lib/libzip.so
7f07d8279000-7f07d8281000 rw-s 00000000 08:03 393238                     /tmp/hsperfdata_ubuntu/68798
7f07d8281000-7f07d8283000 r--p 00000000 08:03 265249                     /usr/lib/jvm/java-11-openjdk-amd64/lib/libinstrument.so
7f07d8283000-7f07d828a000 r-xp 00002000 08:03 265249                     /usr/lib/jvm/java-11-openjdk-amd64/lib/libinstrument.so
7f07d828a000-7f07d828d000 r--p 00009000 08:03 265249                     /usr/lib/jvm/java-11-openjdk-amd64/lib/libinstrument.so
7f07d828d000-7f07d828e000 r--p 0000b000 08:03 265249                     /usr/lib/jvm/java-11-openjdk-amd64/lib/libinstrument.so
7f07d828e000-7f07d828f000 rw-p 0000c000 08:03 265249                     /usr/lib/jvm/java-11-openjdk-amd64/lib/libinstrument.so
7f07d828f000-7f07d8290000 ---p 00000000 00:00 0 
7f07d8290000-7f07d8291000 r--p 00000000 00:00 0 
7f07d8291000-7f07d8293000 r--p 00000000 08:03 265257                     /usr/lib/jvm/java-11-openjdk-amd64/lib/libjimage.so
7f07d8293000-7f07d8296000 r-xp 00002000 08:03 265257                     /usr/lib/jvm/java-11-openjdk-amd64/lib/libjimage.so
7f07d8296000-7f07d8297000 r--p 00005000 08:03 265257                     /usr/lib/jvm/java-11-openjdk-amd64/lib/libjimage.so
7f07d8297000-7f07d8298000 ---p 00006000 08:03 265257                     /usr/lib/jvm/java-11-openjdk-amd64/lib/libjimage.so
7f07d8298000-7f07d8299000 r--p 00006000 08:03 265257                     /usr/lib/jvm/java-11-openjdk-amd64/lib/libjimage.so
7f07d8299000-7f07d829a000 rw-p 00007000 08:03 265257                     /usr/lib/jvm/java-11-openjdk-amd64/lib/libjimage.so
7f07d829a000-7f07d82a8000 r--p 00000000 08:03 265254                     /usr/lib/jvm/java-11-openjdk-amd64/lib/libjava.so
7f07d82a8000-7f07d82be000 r-xp 0000e000 08:03 265254                     /usr/lib/jvm/java-11-openjdk-amd64/lib/libjava.so
7f07d82be000-7f07d82c5000 r--p 00024000 08:03 265254                     /usr/lib/jvm/java-11-openjdk-amd64/lib/libjava.so
7f07d82c5000-7f07d82c6000 r--p 0002a000 08:03 265254                     /usr/lib/jvm/java-11-openjdk-amd64/lib/libjava.so
7f07d82c6000-7f07d82c7000 rw-p 0002b000 08:03 265254                     /usr/lib/jvm/java-11-openjdk-amd64/lib/libjava.so
7f07d82c7000-7f07d82c8000 rw-p 00000000 00:00 0 
7f07d82c8000-7f07d82c9000 r--p 00000000 08:03 2361484                    /usr/lib/x86_64-linux-gnu/librt.so.1
7f07d82c9000-7f07d82ca000 r-xp 00001000 08:03 2361484                    /usr/lib/x86_64-linux-gnu/librt.so.1
7f07d82ca000-7f07d82cb000 r--p 00002000 08:03 2361484                    /usr/lib/x86_64-linux-gnu/librt.so.1
7f07d82cb000-7f07d82cc000 r--p 00002000 08:03 2361484                    /usr/lib/x86_64-linux-gnu/librt.so.1
7f07d82cc000-7f07d82cd000 rw-p 00003000 08:03 2361484                    /usr/lib/x86_64-linux-gnu/librt.so.1
7f07d82cd000-7f07d82d0000 r--p 00000000 08:03 2359493                    /usr/lib/x86_64-linux-gnu/libgcc_s.so.1
7f07d82d0000-7f07d82e7000 r-xp 00003000 08:03 2359493                    /usr/lib/x86_64-linux-gnu/libgcc_s.so.1
7f07d82e7000-7f07d82eb000 r--p 0001a000 08:03 2359493                    /usr/lib/x86_64-linux-gnu/libgcc_s.so.1
7f07d82eb000-7f07d82ec000 r--p 0001d000 08:03 2359493                    /usr/lib/x86_64-linux-gnu/libgcc_s.so.1
7f07d82ec000-7f07d82ed000 rw-p 0001e000 08:03 2359493                    /usr/lib/x86_64-linux-gnu/libgcc_s.so.1
7f07d82ed000-7f07d82f0000 rw-p 00000000 00:00 0 
7f07d82f0000-7f07d82f3000 r--p 00000000 08:03 265239                     /usr/lib/jvm/java-11-openjdk-amd64/lib/jli/libjli.so
7f07d82f3000-7f07d82fd000 r-xp 00003000 08:03 265239                     /usr/lib/jvm/java-11-openjdk-amd64/lib/jli/libjli.so
7f07d82fd000-7f07d8300000 r--p 0000d000 08:03 265239                     /usr/lib/jvm/java-11-openjdk-amd64/lib/jli/libjli.so
7f07d8300000-7f07d8301000 ---p 00010000 08:03 265239                     /usr/lib/jvm/java-11-openjdk-amd64/lib/jli/libjli.so
7f07d8301000-7f07d8302000 r--p 00010000 08:03 265239                     /usr/lib/jvm/java-11-openjdk-amd64/lib/jli/libjli.so
7f07d8302000-7f07d8303000 rw-p 00011000 08:03 265239                     /usr/lib/jvm/java-11-openjdk-amd64/lib/jli/libjli.so
7f07d8303000-7f07d8305000 r--p 00000000 08:03 2367120                    /usr/lib/x86_64-linux-gnu/libz.so.1.2.11
7f07d8305000-7f07d8317000 r-xp 00002000 08:03 2367120                    /usr/lib/x86_64-linux-gnu/libz.so.1.2.11
7f07d8317000-7f07d831d000 r--p 00014000 08:03 2367120                    /usr/lib/x86_64-linux-gnu/libz.so.1.2.11
7f07d831d000-7f07d831e000 r--p 0001a000 08:03 2367120                    /usr/lib/x86_64-linux-gnu/libz.so.1.2.11
7f07d831e000-7f07d831f000 rw-p 0001b000 08:03 2367120                    /usr/lib/x86_64-linux-gnu/libz.so.1.2.11
7f07d831f000-7f07d8324000 r--p 00000000 08:03 265273                     /usr/lib/jvm/java-11-openjdk-amd64/lib/libverify.so
7f07d8324000-7f07d832b000 r-xp 00005000 08:03 265273                     /usr/lib/jvm/java-11-openjdk-amd64/lib/libverify.so
7f07d832b000-7f07d832d000 r--p 0000c000 08:03 265273                     /usr/lib/jvm/java-11-openjdk-amd64/lib/libverify.so
7f07d832d000-7f07d832f000 r--p 0000d000 08:03 265273                     /usr/lib/jvm/java-11-openjdk-amd64/lib/libverify.so
7f07d832f000-7f07d8330000 rw-p 0000f000 08:03 265273                     /usr/lib/jvm/java-11-openjdk-amd64/lib/libverify.so
7f07d8330000-7f07d8332000 rw-p 00000000 00:00 0 
7f07d8332000-7f07d8334000 r--p 00000000 08:03 2361301                    /usr/lib/x86_64-linux-gnu/ld-linux-x86-64.so.2
7f07d8334000-7f07d835e000 r-xp 00002000 08:03 2361301                    /usr/lib/x86_64-linux-gnu/ld-linux-x86-64.so.2
7f07d835e000-7f07d8369000 r--p 0002c000 08:03 2361301                    /usr/lib/x86_64-linux-gnu/ld-linux-x86-64.so.2
7f07d836a000-7f07d836c000 r--p 00037000 08:03 2361301                    /usr/lib/x86_64-linux-gnu/ld-linux-x86-64.so.2
7f07d836c000-7f07d836e000 rw-p 00039000 08:03 2361301                    /usr/lib/x86_64-linux-gnu/ld-linux-x86-64.so.2
7fff5ecce000-7fff5ecef000 rw-p 00000000 00:00 0                          [stack]
7fff5edd2000-7fff5edd6000 r--p 00000000 00:00 0                          [vvar]
7fff5edd6000-7fff5edd8000 r-xp 00000000 00:00 0                          [vdso]
ffffffffff600000-ffffffffff601000 --xp 00000000 00:00 0                  [vsyscall]


VM Arguments:
jvm_args: -javaagent:/home/ubuntu/software/idea-IU-233.14475.28/lib/idea_rt.jar=40081:/home/ubuntu/software/idea-IU-233.14475.28/bin -Dfile.encoding=UTF-8 
java_command: Main tests/test1.c tests/Actual.ll
java_class_path (initial): /home/ubuntu/Lab/out/production/Lab:/usr/local/lib/antlr-4.9.1-complete.jar:/usr/local/lib/javacpp-1.5.7-linux-x86_64.jar:/usr/local/lib/javacpp-1.5.7.jar:/usr/local/lib/llvm-13.0.1-1.5.7-linux-x86_64.jar:/usr/local/lib/llvm-13.0.1-1.5.7.jar:/usr/local/lib/llvm-platform-13.0.1-1.5.7.jar
Launcher Type: SUN_STANDARD

[Global flags]
     intx CICompilerCount                          = 3                                         {product} {ergonomic}
     uint ConcGCThreads                            = 1                                         {product} {ergonomic}
     uint G1ConcRefinementThreads                  = 4                                         {product} {ergonomic}
   size_t G1HeapRegionSize                         = 1048576                                   {product} {ergonomic}
    uintx GCDrainStackTargetSize                   = 64                                        {product} {ergonomic}
   size_t InitialHeapSize                          = 65011712                                  {product} {ergonomic}
   size_t MarkStackSize                            = 4194304                                   {product} {ergonomic}
   size_t MaxHeapSize                              = 1015021568                                {product} {ergonomic}
   size_t MaxNewSize                               = 608174080                                 {product} {ergonomic}
   size_t MinHeapDeltaBytes                        = 1048576                                   {product} {ergonomic}
    uintx NonNMethodCodeHeapSize                   = 5830732                                {pd product} {ergonomic}
    uintx NonProfiledCodeHeapSize                  = 122913754                              {pd product} {ergonomic}
    uintx ProfiledCodeHeapSize                     = 122913754                              {pd product} {ergonomic}
    uintx ReservedCodeCacheSize                    = 251658240                              {pd product} {ergonomic}
     bool SegmentedCodeCache                       = true                                      {product} {ergonomic}
     bool UseCompressedClassPointers               = true                                 {lp64_product} {ergonomic}
     bool UseCompressedOops                        = true                                 {lp64_product} {ergonomic}
     bool UseG1GC                                  = true                                      {product} {ergonomic}

Logging:
Log output configuration:
 #0: stdout all=warning uptime,level,tags
 #1: stderr all=off uptime,level,tags

Environment Variables:
PATH=/usr/local/sbin:/usr/local/bin:/usr/sbin:/usr/bin:/sbin:/bin:/usr/games:/usr/local/games:/snap/bin:/snap/bin
USERNAME=ubuntu
SHELL=/bin/bash
DISPLAY=:0
LANG=zh_CN.UTF-8

Signal Handlers:
SIGSEGV: [libjvm.so+0xead700], sa_mask[0]=11111111011111111101111111111110, sa_flags=SA_RESTART|SA_SIGINFO
SIGBUS: [libjvm.so+0xead700], sa_mask[0]=11111111011111111101111111111110, sa_flags=SA_RESTART|SA_SIGINFO
SIGFPE: [libjvm.so+0xead700], sa_mask[0]=11111111011111111101111111111110, sa_flags=SA_RESTART|SA_SIGINFO
SIGPIPE: [libjvm.so+0xbefa50], sa_mask[0]=11111111011111111101111111111110, sa_flags=SA_RESTART|SA_SIGINFO
SIGXFSZ: [libjvm.so+0xbefa50], sa_mask[0]=11111111011111111101111111111110, sa_flags=SA_RESTART|SA_SIGINFO
SIGILL: [libjvm.so+0xead700], sa_mask[0]=11111111011111111101111111111110, sa_flags=SA_RESTART|SA_SIGINFO
SIGUSR2: [libjvm.so+0xbef8f0], sa_mask[0]=00100000000000000000000000000000, sa_flags=SA_RESTART|SA_SIGINFO
SIGHUP: [libjvm.so+0xbf00b0], sa_mask[0]=11111111011111111101111111111110, sa_flags=SA_RESTART|SA_SIGINFO
SIGINT: [libjvm.so+0xbf00b0], sa_mask[0]=11111111011111111101111111111110, sa_flags=SA_RESTART|SA_SIGINFO
SIGTERM: [libjvm.so+0xbf00b0], sa_mask[0]=11111111011111111101111111111110, sa_flags=SA_RESTART|SA_SIGINFO
SIGQUIT: [libjvm.so+0xbf00b0], sa_mask[0]=11111111011111111101111111111110, sa_flags=SA_RESTART|SA_SIGINFO


---------------  S Y S T E M  ---------------

OS:DISTRIB_ID=Ubuntu
DISTRIB_RELEASE=22.10
DISTRIB_CODENAME=kinetic
DISTRIB_DESCRIPTION="Ubuntu 22.10"
uname:Linux 6.5.0-21-generic #21~22.04.1-Ubuntu SMP PREEMPT_DYNAMIC Fri Feb  9 13:32:52 UTC 2 x86_64
OS uptime: 0 days 16:31 hours
libc:glibc 2.35 NPTL 2.35 
rlimit (soft/hard): STACK 8192k/infinity , CORE 0k/infinity , NPROC 15188/15188 , NOFILE 1048576/1048576 , AS infinity/infinity , CPU infinity/infinity , DATA infinity/infinity , FSIZE infinity/infinity , MEMLOCK 495444k/495444k
load average:0.69 0.71 0.67

/proc/meminfo:
MemTotal:        3963576 kB
MemFree:          476272 kB
MemAvailable:     980020 kB
Buffers:           11936 kB
Cached:           313848 kB
SwapCached:       112344 kB
Active:           833200 kB
Inactive:        1544072 kB
Active(anon):     624464 kB
Inactive(anon):  1427212 kB
Active(file):     208736 kB
Inactive(file):   116860 kB
Unevictable:          16 kB
Mlocked:              16 kB
SwapTotal:       3991548 kB
SwapFree:        1943088 kB
Zswap:                 0 kB
Zswapped:              0 kB
Dirty:              5504 kB
Writeback:            32 kB
AnonPages:       2020276 kB
Mapped:           172532 kB
Shmem:               140 kB
KReclaimable:     467092 kB
Slab:             646308 kB
SReclaimable:     467092 kB
SUnreclaim:       179216 kB
KernelStack:       13192 kB
PageTables:        25660 kB
SecPageTables:         0 kB
NFS_Unstable:          0 kB
Bounce:                0 kB
WritebackTmp:          0 kB
CommitLimit:     5973336 kB
Committed_AS:    6226200 kB
VmallocTotal:   34359738367 kB
VmallocUsed:       44088 kB
VmallocChunk:          0 kB
Percpu:           102912 kB
HardwareCorrupted:     0 kB
AnonHugePages:         0 kB
ShmemHugePages:        0 kB
ShmemPmdMapped:        0 kB
FileHugePages:         0 kB
FilePmdMapped:         0 kB
Unaccepted:            0 kB
HugePages_Total:       0
HugePages_Free:        0
HugePages_Rsvd:        0
HugePages_Surp:        0
Hugepagesize:       2048 kB
Hugetlb:               0 kB
DirectMap4k:      165696 kB
DirectMap2M:     2979840 kB
DirectMap1G:     3145728 kB

/sys/kernel/mm/transparent_hugepage/enabled:
always [madvise] never
/sys/kernel/mm/transparent_hugepage/defrag (defrag/compaction efforts parameter):
always defer defer+madvise [madvise] never

Process Memory:
Virtual Size: 3934964K (peak: 12378248K)
Resident Set Size: 95216K (peak: 95216K) (anon: 39016K, file: 56200K, shmem: 0K)
Swapped out: 0K
C-Heap outstanding allocations: 19033K, retained: 2658K
glibc malloc tunables: (default)

/proc/sys/kernel/threads-max (system-wide limit on the number of threads):
30377
/proc/sys/vm/max_map_count (maximum number of memory map areas a process may have):
65530
/proc/sys/kernel/pid_max (system-wide limit on number of process identifiers):
4194304

container (cgroup) information:
container_type: cgroupv2
cpu_cpuset_cpus: not supported
cpu_memory_nodes: not supported
active_processor_count: 4
cpu_quota: not supported
cpu_period: not supported
cpu_shares: not supported
memory_limit_in_bytes: unlimited
memory_and_swap_limit_in_bytes: unlimited
memory_soft_limit_in_bytes: unlimited
memory_usage_in_bytes: 2051568 k
memory_max_usage_in_bytes: not supported
memory_swap_current_in_bytes: 1509052 k
memory_swap_max_limit_in_bytes: unlimited
maximum number of tasks: 4556
current number of tasks: 151

VMWare virtualization detected
Steal ticks since vm start: 0
Steal ticks percentage since vm start:  0.000

CPU:total 4 (initial active 4) (1 cores per cpu, 1 threads per core) family 25 model 80 stepping 0 microcode 0xffffffff, cmov, cx8, fxsr, mmx, sse, sse2, sse3, ssse3, sse4.1, sse4.2, popcnt, avx, avx2, aes, clmul, erms, mmxext, lzcnt, sse4a, tsc, tscinvbit, tscinv, bmi1, bmi2, adx, sha, fma
CPU Model and flags from /proc/cpuinfo:
model name	: AMD Ryzen 5 5600H with Radeon Graphics
flags		: fpu vme de pse tsc msr pae mce cx8 apic sep mtrr pge mca cmov pat pse36 clflush mmx fxsr sse sse2 syscall nx mmxext pdpe1gb rdtscp lm constant_tsc rep_good nopl tsc_reliable nonstop_tsc cpuid extd_apicid tsc_known_freq pni pclmulqdq ssse3 fma cx16 sse4_1 sse4_2 x2apic movbe popcnt aes xsave avx f16c rdrand hypervisor lahf_lm cr8_legacy abm sse4a misalignsse 3dnowprefetch osvw topoext ibpb vmmcall fsgsbase bmi1 avx2 smep bmi2 erms invpcid rdseed adx smap clflushopt clwb sha_ni xsaveopt xsavec xgetbv1 xsaves clzero arat umip vaes vpclmulqdq rdpid overflow_recov succor fsrm
Online cpus:
0-3
Offline cpus:
4-127
BIOS frequency limitation:
<Not Available>
Frequency switch latency (ns):
<Not Available>
Available cpu frequencies:
<Not Available>
Current governor:
<Not Available>
Core performance/turbo boost:
<Not Available>

Memory: 4k page, physical 3963576k(476272k free), swap 3991548k(1943088k free)

vm_info: OpenJDK 64-Bit Server VM (11.0.22+7-post-Ubuntu-0ubuntu222.04.1) for linux-amd64 JRE (11.0.22+7-post-Ubuntu-0ubuntu222.04.1), built on Feb  5 2024 20:45:01 by "unknown" with gcc 11.4.0

END.
