#
# A fatal error has been detected by the Java Runtime Environment:
#
#  SIGSEGV (0xb) at pc=0x00007fcbda027ab1, pid=68973, tid=68975
#
# JRE version: OpenJDK Runtime Environment (11.0.22+7) (build 11.0.22+7-post-Ubuntu-0ubuntu222.04.1)
# Java VM: OpenJDK 64-Bit Server VM (11.0.22+7-post-Ubuntu-0ubuntu222.04.1, mixed mode, sharing, tiered, compressed oops, g1 gc, linux-amd64)
# Problematic frame:
# C  [libLLVM-13.so+0xc27ab1]  LLVMAddIncoming+0xb1
#
# Core dump will be written. Default location: Core dumps may be processed with "/usr/share/apport/apport -p%p -s%s -c%c -d%d -P%P -u%u -g%g -- %E" (or dumping to /home/ubuntu/Lab/core.68973)
#
# If you would like to submit a bug report, please visit:
#   https://bugs.launchpad.net/ubuntu/+source/openjdk-lts
# The crash happened outside the Java Virtual Machine in native code.
# See problematic frame for where to report the bug.
#

---------------  S U M M A R Y ------------

Command Line: -javaagent:/home/ubuntu/software/idea-IU-233.14475.28/lib/idea_rt.jar=43485:/home/ubuntu/software/idea-IU-233.14475.28/bin -Dfile.encoding=UTF-8 Main tests/test1.c tests/Actual.ll

Host: AMD Ryzen 5 5600H with Radeon Graphics, 4 cores, 3G, Ubuntu 22.10
Time: Wed May 29 19:53:07 2024 CST elapsed time: 0.364248 seconds (0d 0h 0m 0s)

---------------  T H R E A D  ---------------

Current thread (0x00007fcc48016800):  JavaThread "main" [_thread_in_native, id=68975, stack(0x00007fcc4df00000,0x00007fcc4e000000)]

Stack: [0x00007fcc4df00000,0x00007fcc4e000000],  sp=0x00007fcc4dffdd70,  free space=1015k
Native frames: (J=compiled Java code, A=aot compiled Java code, j=interpreted, Vv=VM code, C=native code)
C  [libLLVM-13.so+0xc27ab1]  LLVMAddIncoming+0xb1

Java frames: (J=compiled Java code, j=interpreted, Vv=VM code)
j  org.bytedeco.llvm.global.LLVM.LLVMAddIncoming(Lorg/bytedeco/llvm/LLVM/LLVMValueRef;Lorg/bytedeco/javacpp/PointerPointer;Lorg/bytedeco/javacpp/PointerPointer;I)V+0
j  myVisitor.visitCond(LSysYParser$CondContext;)Lorg/bytedeco/llvm/LLVM/LLVMValueRef;+639
j  myVisitor.visitStmt(LSysYParser$StmtContext;)Lorg/bytedeco/llvm/LLVM/LLVMValueRef;+158
j  myVisitor.visitStmt(LSysYParser$StmtContext;)Ljava/lang/Object;+2
j  SysYParser$StmtContext.accept(Lorg/antlr/v4/runtime/tree/ParseTreeVisitor;)Ljava/lang/Object;+12
j  org.antlr.v4.runtime.tree.AbstractParseTreeVisitor.visitChildren(Lorg/antlr/v4/runtime/tree/RuleNode;)Ljava/lang/Object;+46
j  SysYParserBaseVisitor.visitBlockItem(LSysYParser$BlockItemContext;)Ljava/lang/Object;+2
j  SysYParser$BlockItemContext.accept(Lorg/antlr/v4/runtime/tree/ParseTreeVisitor;)Ljava/lang/Object;+12
j  org.antlr.v4.runtime.tree.AbstractParseTreeVisitor.visitChildren(Lorg/antlr/v4/runtime/tree/RuleNode;)Ljava/lang/Object;+46
j  myVisitor.visitBlock(LSysYParser$BlockContext;)Lorg/bytedeco/llvm/LLVM/LLVMValueRef;+9
j  myVisitor.visitBlock(LSysYParser$BlockContext;)Ljava/lang/Object;+2
j  SysYParser$BlockContext.accept(Lorg/antlr/v4/runtime/tree/ParseTreeVisitor;)Ljava/lang/Object;+12
j  org.antlr.v4.runtime.tree.AbstractParseTreeVisitor.visit(Lorg/antlr/v4/runtime/tree/ParseTree;)Ljava/lang/Object;+2
j  myVisitor.visitFuncDef(LSysYParser$FuncDefContext;)Lorg/bytedeco/llvm/LLVM/LLVMValueRef;+272
j  myVisitor.visitFuncDef(LSysYParser$FuncDefContext;)Ljava/lang/Object;+2
j  SysYParser$FuncDefContext.accept(Lorg/antlr/v4/runtime/tree/ParseTreeVisitor;)Ljava/lang/Object;+12
j  org.antlr.v4.runtime.tree.AbstractParseTreeVisitor.visitChildren(Lorg/antlr/v4/runtime/tree/RuleNode;)Ljava/lang/Object;+46
j  SysYParserBaseVisitor.visitCompUnit(LSysYParser$CompUnitContext;)Ljava/lang/Object;+2
j  SysYParser$CompUnitContext.accept(Lorg/antlr/v4/runtime/tree/ParseTreeVisitor;)Ljava/lang/Object;+12
j  org.antlr.v4.runtime.tree.AbstractParseTreeVisitor.visitChildren(Lorg/antlr/v4/runtime/tree/RuleNode;)Ljava/lang/Object;+46
j  SysYParserBaseVisitor.visitProgram(LSysYParser$ProgramContext;)Ljava/lang/Object;+2
j  SysYParser$ProgramContext.accept(Lorg/antlr/v4/runtime/tree/ParseTreeVisitor;)Ljava/lang/Object;+12
j  org.antlr.v4.runtime.tree.AbstractParseTreeVisitor.visit(Lorg/antlr/v4/runtime/tree/ParseTree;)Ljava/lang/Object;+2
j  Main.main([Ljava/lang/String;)V+79
v  ~StubRoutines::call_stub

siginfo: si_signo: 11 (SIGSEGV), si_code: 1 (SEGV_MAPERR), si_addr: 0x000000000000011d

Register to memory mapping:

RAX=0x00007fcc4842d1c0 points into unknown readable memory: 0x00007fcc48423220 | 20 32 42 48 cc 7f 00 00
RBX=0x00007fcc48432b68 points into unknown readable memory: 0x00007fcc48423220 | 20 32 42 48 cc 7f 00 00
RCX=0x00007fcc48423228 points into unknown readable memory: 0x000000000000010d | 0d 01 00 00 00 00 00 00
RDX=0x000000000000010d is an unknown value
RSP=0x00007fcc4dffdd70 is pointing into the stack for thread: 0x00007fcc48016800
RBP=0x00007fcc48423220 points into unknown readable memory: 0x00007fcc48422ae0 | e0 2a 42 48 cc 7f 00 00
RSI=0x00007fcc4842d1c8 points into unknown readable memory: 0x000000000000010d | 0d 01 00 00 00 00 00 00
RDI=0x0000000000000002 is an unknown value
R8 =0x00007fcc48432bb0 points into unknown readable memory: 0x00007fcc4de32140 | 40 21 e3 4d cc 7f 00 00
R9 =0x00000000c6bfe260 is an oop: org.bytedeco.javacpp.PointerPointer 
{0x00000000c6bfe260} - klass: 'org/bytedeco/javacpp/PointerPointer'
 - ---- fields (total size 7 words):
 - private 'deallocator' 'Lorg/bytedeco/javacpp/Pointer$Deallocator;' @12  NULL (0)
 - protected 'address' 'J' @16  140515362413456 (48431b90 7fcc)
 - protected 'position' 'J' @24  0 (0 0)
 - protected 'limit' 'J' @32  0 (0 0)
 - protected 'capacity' 'J' @40  0 (0 0)
 - private strict 'pointerArray' '[Lorg/bytedeco/javacpp/Pointer;' @48  NULL (0)
R10=0x00007fcc4842d1c0 points into unknown readable memory: 0x00007fcc48423220 | 20 32 42 48 cc 7f 00 00
R11=0xf636a5bb0e791718 is an unknown value
R12=0x00007fcc48431b90 points into unknown readable memory: 0x00007fcc48423100 | 00 31 42 48 cc 7f 00 00
R13=0x00007fcc48400fe0 points into unknown readable memory: 0x00007fcc48423220 | 20 32 42 48 cc 7f 00 00
R14=0x00007fcc48423100 points into unknown readable memory: 0x00007fcc48422ae0 | e0 2a 42 48 cc 7f 00 00
R15=0x00007fcc48431b98 points into unknown readable memory: 0x0000000000000000 | 00 00 00 00 00 00 00 00


Registers:
RAX=0x00007fcc4842d1c0, RBX=0x00007fcc48432b68, RCX=0x00007fcc48423228, RDX=0x000000000000010d
RSP=0x00007fcc4dffdd70, RBP=0x00007fcc48423220, RSI=0x00007fcc4842d1c8, RDI=0x0000000000000002
R8 =0x00007fcc48432bb0, R9 =0x00000000c6bfe260, R10=0x00007fcc4842d1c0, R11=0xf636a5bb0e791718
R12=0x00007fcc48431b90, R13=0x00007fcc48400fe0, R14=0x00007fcc48423100, R15=0x00007fcc48431b98
RIP=0x00007fcbda027ab1, EFLAGS=0x0000000000010202, CSGSFS=0x002b000000000033, ERR=0x0000000000000006
  TRAPNO=0x000000000000000e

Top of Stack: (sp=0x00007fcc4dffdd70)
0x00007fcc4dffdd70:   00007fcc48016800 00007fcc23946c10
0x00007fcc4dffdd80:   00007fcc4dffde20 0000000000000000
0x00007fcc4dffdd90:   00007fcc23946c08 00007fcc4dffde58
0x00007fcc4dffdda0:   00007fcc48016800 00007fcc3060fa10 

Instructions: (pc=0x00007fcbda027ab1)
0x00007fcbda0279b1:   47 20 c3 66 2e 0f 1f 84 00 00 00 00 00 66 90 48
0x00007fcbda0279c1:   8b 47 40 c3 66 2e 0f 1f 84 00 00 00 00 00 90 48
0x00007fcbda0279d1:   83 ec 08 e8 07 c7 09 00 48 83 c4 08 0f b6 c0 c3
0x00007fcbda0279e1:   66 2e 0f 1f 84 00 00 00 00 00 0f 1f 44 00 00 85
0x00007fcbda0279f1:   f6 40 0f 95 c6 40 0f b6 f6 e9 c1 c6 09 00 90 85
0x00007fcbda027a01:   c9 0f 84 58 01 00 00 41 57 41 56 41 55 49 89 f5
0x00007fcbda027a11:   41 54 49 89 d4 8d 51 ff 55 4d 8d 7c d4 08 53 48
0x00007fcbda027a21:   89 fb 48 83 ec 08 8b 47 14 8b 7f 3c 25 ff ff ff
0x00007fcbda027a31:   07 66 0f 1f 44 00 00 4d 8b 34 24 49 8b 6d 00 39
0x00007fcbda027a41:   f8 0f 84 ef 00 00 00 8b 53 14 83 c0 01 25 ff ff
0x00007fcbda027a51:   ff 07 81 e2 00 00 00 f8 8d 70 ff 09 c2 89 53 14
0x00007fcbda027a61:   81 e2 00 00 00 40 0f 84 e3 00 00 00 48 8b 4b f8
0x00007fcbda027a71:   89 f0 48 c1 e0 05 48 01 c8 48 83 38 00 74 14 48
0x00007fcbda027a81:   8b 50 08 48 8b 48 10 48 89 11 48 85 d2 74 04 48
0x00007fcbda027a91:   89 4a 10 48 89 28 48 85 ed 74 21 48 8b 55 08 48
0x00007fcbda027aa1:   8d 4d 08 48 89 50 08 48 85 d2 74 08 48 8d 70 08
0x00007fcbda027ab1:   48 89 72 10 48 89 48 10 48 89 45 08 8b 43 14 25
0x00007fcbda027ac1:   ff ff ff 07 8d 50 ff f6 43 17 40 74 32 89 f9 49
0x00007fcbda027ad1:   83 c4 08 49 83 c5 08 48 c1 e1 05 48 8d 14 d1 48
0x00007fcbda027ae1:   03 53 f8 4c 89 32 4d 39 fc 0f 85 48 ff ff ff 48
0x00007fcbda027af1:   83 c4 08 5b 5d 41 5c 41 5d 41 5e 41 5f c3 90 89
0x00007fcbda027b01:   fe 89 c1 49 83 c4 08 49 83 c5 08 48 c1 e6 05 48
0x00007fcbda027b11:   8d 34 d6 48 89 ca 48 c1 e2 05 48 29 d6 4c 89 34
0x00007fcbda027b21:   33 4d 39 e7 74 c9 4d 8b 34 24 49 8b 6d 00 39 f8
0x00007fcbda027b31:   0f 85 11 ff ff ff 48 89 df e8 41 50 09 00 8b 43
0x00007fcbda027b41:   14 8b 7b 3c 25 ff ff ff 07 e9 f9 fe ff ff 90 48
0x00007fcbda027b51:   c1 e0 05 48 89 d9 48 29 c1 e9 12 ff ff ff 90 c3
0x00007fcbda027b61:   66 2e 0f 1f 84 00 00 00 00 00 0f 1f 44 00 00 8b
0x00007fcbda027b71:   47 14 25 ff ff ff 07 c3 0f 1f 80 00 00 00 00 f6
0x00007fcbda027b81:   47 17 40 74 12 48 8b 7f f8 89 f6 48 c1 e6 05 48
0x00007fcbda027b91:   8b 04 37 c3 0f 1f 00 8b 47 14 89 f6 48 c1 e6 05
0x00007fcbda027ba1:   25 ff ff ff 07 48 c1 e0 05 48 29 c7 48 8b 04 37 


Stack slot to memory mapping:
stack at sp + 0 slots: 0x00007fcc48016800 is a thread
stack at sp + 1 slots: {method} {0x00007fcc23946c10} 'LLVMAddIncoming' '(Lorg/bytedeco/llvm/LLVM/LLVMValueRef;Lorg/bytedeco/javacpp/PointerPointer;Lorg/bytedeco/javacpp/PointerPointer;I)V' in 'org/bytedeco/llvm/global/LLVM'
stack at sp + 2 slots: 0x00007fcc4dffde20 is pointing into the stack for thread: 0x00007fcc48016800
stack at sp + 3 slots: 0x0 is NULL
stack at sp + 4 slots: 0x00007fcc23946c08 is pointing into metadata
stack at sp + 5 slots: 0x00007fcc4dffde58 is pointing into the stack for thread: 0x00007fcc48016800
stack at sp + 6 slots: 0x00007fcc48016800 is a thread
stack at sp + 7 slots: 0x00007fcc3060fa10 is at code_begin+944 in an Interpreter codelet
method entry point (kind = native)  [0x00007fcc3060f660, 0x00007fcc3060ffe0]  2432 bytes


---------------  P R O C E S S  ---------------

Threads class SMR info:
_java_thread_list=0x00007fcc48227340, length=12, elements={
0x00007fcc48016800, 0x00007fcc48128000, 0x00007fcc4812a000, 0x00007fcc4812f800,
0x00007fcc48131800, 0x00007fcc48134000, 0x00007fcc48136000, 0x00007fcc48138000,
0x00007fcc48145800, 0x00007fcbfc0f7800, 0x00007fcc4820b000, 0x00007fcc48226000
}

Java Threads: ( => current thread )
=>0x00007fcc48016800 JavaThread "main" [_thread_in_native, id=68975, stack(0x00007fcc4df00000,0x00007fcc4e000000)]
  0x00007fcc48128000 JavaThread "Reference Handler" daemon [_thread_blocked, id=68987, stack(0x00007fcc231fb000,0x00007fcc232fb000)]
  0x00007fcc4812a000 JavaThread "Finalizer" daemon [_thread_blocked, id=68988, stack(0x00007fcc230fb000,0x00007fcc231fb000)]
  0x00007fcc4812f800 JavaThread "Signal Dispatcher" daemon [_thread_blocked, id=68992, stack(0x00007fcc22700000,0x00007fcc22800000)]
  0x00007fcc48131800 JavaThread "Service Thread" daemon [_thread_blocked, id=68993, stack(0x00007fcc22600000,0x00007fcc22700000)]
  0x00007fcc48134000 JavaThread "C2 CompilerThread0" daemon [_thread_blocked, id=68994, stack(0x00007fcc22500000,0x00007fcc22600000)]
  0x00007fcc48136000 JavaThread "C1 CompilerThread0" daemon [_thread_blocked, id=68995, stack(0x00007fcc22400000,0x00007fcc22500000)]
  0x00007fcc48138000 JavaThread "Sweeper thread" daemon [_thread_blocked, id=68996, stack(0x00007fcc22300000,0x00007fcc22400000)]
  0x00007fcc48145800 JavaThread "Common-Cleaner" daemon [_thread_blocked, id=69002, stack(0x00007fcc22200000,0x00007fcc22300000)]
  0x00007fcbfc0f7800 JavaThread "C2 CompilerThread1" daemon [_thread_blocked, id=69005, stack(0x00007fcc22100000,0x00007fcc22200000)]
  0x00007fcc4820b000 JavaThread "Monitor Ctrl-Break" daemon [_thread_in_native, id=69007, stack(0x00007fcc22000000,0x00007fcc22100000)]
  0x00007fcc48226000 JavaThread "JavaCPP Deallocator" daemon [_thread_blocked, id=69009, stack(0x00007fcc21dff000,0x00007fcc21eff000)]

Other Threads:
  0x00007fcc48125800 VMThread "VM Thread" [stack: 0x00007fcc232fc000,0x00007fcc233fc000] [id=68986]
  0x00007fcc4820e000 WatcherThread [stack: 0x00007fcc21f00000,0x00007fcc22000000] [id=69008]
  0x00007fcc4802f800 GCTaskThread "GC Thread#0" [stack: 0x00007fcc4c615000,0x00007fcc4c715000] [id=68978]
  0x00007fcc4804a800 ConcurrentGCThread "G1 Main Marker" [stack: 0x00007fcc47f00000,0x00007fcc48000000] [id=68980]
  0x00007fcc4804c800 ConcurrentGCThread "G1 Conc#0" [stack: 0x00007fcc30138000,0x00007fcc30238000] [id=68981]
  0x00007fcc48090000 ConcurrentGCThread "G1 Refine#0" [stack: 0x00007fcc23cfe000,0x00007fcc23dfe000] [id=68982]
  0x00007fcc48092000 ConcurrentGCThread "G1 Young RemSet Sampling" [stack: 0x00007fcc23bfd000,0x00007fcc23cfd000] [id=68983]

Threads with active compile tasks:

VM state:not at safepoint (normal execution)

VM Mutex/Monitor currently owned by a thread: None

Heap address: 0x00000000c3800000, size: 968 MB, Compressed Oops mode: 32-bit
Narrow klass base: 0x0000000800000000, Narrow klass shift: 3
Compressed class space size: 1073741824 Address: 0x0000000840000000

Heap:
 garbage-first heap   total 65536K, used 9936K [0x00000000c3800000, 0x0000000100000000)
  region size 1024K, 11 young (11264K), 0 survivors (0K)
 Metaspace       used 3923K, capacity 6550K, committed 6656K, reserved 1056768K
  class space    used 434K, capacity 695K, committed 768K, reserved 1048576K
Heap Regions: E=young(eden), S=young(survivor), O=old, HS=humongous(starts), HC=humongous(continues), CS=collection set, F=free, A=archive, TAMS=top-at-mark-start (previous, next)
|   0|0x00000000c3800000, 0x00000000c3800000, 0x00000000c3900000|  0%| F|  |TAMS 0x00000000c3800000, 0x00000000c3800000| Untracked 
|   1|0x00000000c3900000, 0x00000000c3900000, 0x00000000c3a00000|  0%| F|  |TAMS 0x00000000c3900000, 0x00000000c3900000| Untracked 
|   2|0x00000000c3a00000, 0x00000000c3a00000, 0x00000000c3b00000|  0%| F|  |TAMS 0x00000000c3a00000, 0x00000000c3a00000| Untracked 
|   3|0x00000000c3b00000, 0x00000000c3b00000, 0x00000000c3c00000|  0%| F|  |TAMS 0x00000000c3b00000, 0x00000000c3b00000| Untracked 
|   4|0x00000000c3c00000, 0x00000000c3c00000, 0x00000000c3d00000|  0%| F|  |TAMS 0x00000000c3c00000, 0x00000000c3c00000| Untracked 
|   5|0x00000000c3d00000, 0x00000000c3d00000, 0x00000000c3e00000|  0%| F|  |TAMS 0x00000000c3d00000, 0x00000000c3d00000| Untracked 
|   6|0x00000000c3e00000, 0x00000000c3e00000, 0x00000000c3f00000|  0%| F|  |TAMS 0x00000000c3e00000, 0x00000000c3e00000| Untracked 
|   7|0x00000000c3f00000, 0x00000000c3f00000, 0x00000000c4000000|  0%| F|  |TAMS 0x00000000c3f00000, 0x00000000c3f00000| Untracked 
|   8|0x00000000c4000000, 0x00000000c4000000, 0x00000000c4100000|  0%| F|  |TAMS 0x00000000c4000000, 0x00000000c4000000| Untracked 
|   9|0x00000000c4100000, 0x00000000c4100000, 0x00000000c4200000|  0%| F|  |TAMS 0x00000000c4100000, 0x00000000c4100000| Untracked 
|  10|0x00000000c4200000, 0x00000000c4200000, 0x00000000c4300000|  0%| F|  |TAMS 0x00000000c4200000, 0x00000000c4200000| Untracked 
|  11|0x00000000c4300000, 0x00000000c4300000, 0x00000000c4400000|  0%| F|  |TAMS 0x00000000c4300000, 0x00000000c4300000| Untracked 
|  12|0x00000000c4400000, 0x00000000c4400000, 0x00000000c4500000|  0%| F|  |TAMS 0x00000000c4400000, 0x00000000c4400000| Untracked 
|  13|0x00000000c4500000, 0x00000000c4500000, 0x00000000c4600000|  0%| F|  |TAMS 0x00000000c4500000, 0x00000000c4500000| Untracked 
|  14|0x00000000c4600000, 0x00000000c4600000, 0x00000000c4700000|  0%| F|  |TAMS 0x00000000c4600000, 0x00000000c4600000| Untracked 
|  15|0x00000000c4700000, 0x00000000c4700000, 0x00000000c4800000|  0%| F|  |TAMS 0x00000000c4700000, 0x00000000c4700000| Untracked 
|  16|0x00000000c4800000, 0x00000000c4800000, 0x00000000c4900000|  0%| F|  |TAMS 0x00000000c4800000, 0x00000000c4800000| Untracked 
|  17|0x00000000c4900000, 0x00000000c4900000, 0x00000000c4a00000|  0%| F|  |TAMS 0x00000000c4900000, 0x00000000c4900000| Untracked 
|  18|0x00000000c4a00000, 0x00000000c4a00000, 0x00000000c4b00000|  0%| F|  |TAMS 0x00000000c4a00000, 0x00000000c4a00000| Untracked 
|  19|0x00000000c4b00000, 0x00000000c4b00000, 0x00000000c4c00000|  0%| F|  |TAMS 0x00000000c4b00000, 0x00000000c4b00000| Untracked 
|  20|0x00000000c4c00000, 0x00000000c4c00000, 0x00000000c4d00000|  0%| F|  |TAMS 0x00000000c4c00000, 0x00000000c4c00000| Untracked 
|  21|0x00000000c4d00000, 0x00000000c4d00000, 0x00000000c4e00000|  0%| F|  |TAMS 0x00000000c4d00000, 0x00000000c4d00000| Untracked 
|  22|0x00000000c4e00000, 0x00000000c4e00000, 0x00000000c4f00000|  0%| F|  |TAMS 0x00000000c4e00000, 0x00000000c4e00000| Untracked 
|  23|0x00000000c4f00000, 0x00000000c4f00000, 0x00000000c5000000|  0%| F|  |TAMS 0x00000000c4f00000, 0x00000000c4f00000| Untracked 
|  24|0x00000000c5000000, 0x00000000c5000000, 0x00000000c5100000|  0%| F|  |TAMS 0x00000000c5000000, 0x00000000c5000000| Untracked 
|  25|0x00000000c5100000, 0x00000000c5100000, 0x00000000c5200000|  0%| F|  |TAMS 0x00000000c5100000, 0x00000000c5100000| Untracked 
|  26|0x00000000c5200000, 0x00000000c5200000, 0x00000000c5300000|  0%| F|  |TAMS 0x00000000c5200000, 0x00000000c5200000| Untracked 
|  27|0x00000000c5300000, 0x00000000c5300000, 0x00000000c5400000|  0%| F|  |TAMS 0x00000000c5300000, 0x00000000c5300000| Untracked 
|  28|0x00000000c5400000, 0x00000000c5400000, 0x00000000c5500000|  0%| F|  |TAMS 0x00000000c5400000, 0x00000000c5400000| Untracked 
|  29|0x00000000c5500000, 0x00000000c5500000, 0x00000000c5600000|  0%| F|  |TAMS 0x00000000c5500000, 0x00000000c5500000| Untracked 
|  30|0x00000000c5600000, 0x00000000c5600000, 0x00000000c5700000|  0%| F|  |TAMS 0x00000000c5600000, 0x00000000c5600000| Untracked 
|  31|0x00000000c5700000, 0x00000000c5700000, 0x00000000c5800000|  0%| F|  |TAMS 0x00000000c5700000, 0x00000000c5700000| Untracked 
|  32|0x00000000c5800000, 0x00000000c5800000, 0x00000000c5900000|  0%| F|  |TAMS 0x00000000c5800000, 0x00000000c5800000| Untracked 
|  33|0x00000000c5900000, 0x00000000c5900000, 0x00000000c5a00000|  0%| F|  |TAMS 0x00000000c5900000, 0x00000000c5900000| Untracked 
|  34|0x00000000c5a00000, 0x00000000c5a00000, 0x00000000c5b00000|  0%| F|  |TAMS 0x00000000c5a00000, 0x00000000c5a00000| Untracked 
|  35|0x00000000c5b00000, 0x00000000c5b00000, 0x00000000c5c00000|  0%| F|  |TAMS 0x00000000c5b00000, 0x00000000c5b00000| Untracked 
|  36|0x00000000c5c00000, 0x00000000c5c00000, 0x00000000c5d00000|  0%| F|  |TAMS 0x00000000c5c00000, 0x00000000c5c00000| Untracked 
|  37|0x00000000c5d00000, 0x00000000c5d00000, 0x00000000c5e00000|  0%| F|  |TAMS 0x00000000c5d00000, 0x00000000c5d00000| Untracked 
|  38|0x00000000c5e00000, 0x00000000c5e00000, 0x00000000c5f00000|  0%| F|  |TAMS 0x00000000c5e00000, 0x00000000c5e00000| Untracked 
|  39|0x00000000c5f00000, 0x00000000c5f00000, 0x00000000c6000000|  0%| F|  |TAMS 0x00000000c5f00000, 0x00000000c5f00000| Untracked 
|  40|0x00000000c6000000, 0x00000000c6000000, 0x00000000c6100000|  0%| F|  |TAMS 0x00000000c6000000, 0x00000000c6000000| Untracked 
|  41|0x00000000c6100000, 0x00000000c6100000, 0x00000000c6200000|  0%| F|  |TAMS 0x00000000c6100000, 0x00000000c6100000| Untracked 
|  42|0x00000000c6200000, 0x00000000c6200000, 0x00000000c6300000|  0%| F|  |TAMS 0x00000000c6200000, 0x00000000c6200000| Untracked 
|  43|0x00000000c6300000, 0x00000000c6300000, 0x00000000c6400000|  0%| F|  |TAMS 0x00000000c6300000, 0x00000000c6300000| Untracked 
|  44|0x00000000c6400000, 0x00000000c6400000, 0x00000000c6500000|  0%| F|  |TAMS 0x00000000c6400000, 0x00000000c6400000| Untracked 
|  45|0x00000000c6500000, 0x00000000c6500000, 0x00000000c6600000|  0%| F|  |TAMS 0x00000000c6500000, 0x00000000c6500000| Untracked 
|  46|0x00000000c6600000, 0x00000000c6600000, 0x00000000c6700000|  0%| F|  |TAMS 0x00000000c6600000, 0x00000000c6600000| Untracked 
|  47|0x00000000c6700000, 0x00000000c6700000, 0x00000000c6800000|  0%| F|  |TAMS 0x00000000c6700000, 0x00000000c6700000| Untracked 
|  48|0x00000000c6800000, 0x00000000c6800000, 0x00000000c6900000|  0%| F|  |TAMS 0x00000000c6800000, 0x00000000c6800000| Untracked 
|  49|0x00000000c6900000, 0x00000000c6900000, 0x00000000c6a00000|  0%| F|  |TAMS 0x00000000c6900000, 0x00000000c6900000| Untracked 
|  50|0x00000000c6a00000, 0x00000000c6a00000, 0x00000000c6b00000|  0%| F|  |TAMS 0x00000000c6a00000, 0x00000000c6a00000| Untracked 
|  51|0x00000000c6b00000, 0x00000000c6c00000, 0x00000000c6c00000|100%| E|  |TAMS 0x00000000c6b00000, 0x00000000c6b00000| Complete 
|  52|0x00000000c6c00000, 0x00000000c6d00000, 0x00000000c6d00000|100%| E|CS|TAMS 0x00000000c6c00000, 0x00000000c6c00000| Complete 
|  53|0x00000000c6d00000, 0x00000000c6e00000, 0x00000000c6e00000|100%| E|CS|TAMS 0x00000000c6d00000, 0x00000000c6d00000| Complete 
|  54|0x00000000c6e00000, 0x00000000c6f00000, 0x00000000c6f00000|100%| E|CS|TAMS 0x00000000c6e00000, 0x00000000c6e00000| Complete 
|  55|0x00000000c6f00000, 0x00000000c7000000, 0x00000000c7000000|100%| E|CS|TAMS 0x00000000c6f00000, 0x00000000c6f00000| Complete 
|  56|0x00000000c7000000, 0x00000000c7100000, 0x00000000c7100000|100%| E|CS|TAMS 0x00000000c7000000, 0x00000000c7000000| Complete 
|  57|0x00000000c7100000, 0x00000000c7200000, 0x00000000c7200000|100%| E|CS|TAMS 0x00000000c7100000, 0x00000000c7100000| Complete 
|  58|0x00000000c7200000, 0x00000000c7300000, 0x00000000c7300000|100%| E|CS|TAMS 0x00000000c7200000, 0x00000000c7200000| Complete 
|  59|0x00000000c7300000, 0x00000000c7400000, 0x00000000c7400000|100%| E|  |TAMS 0x00000000c7300000, 0x00000000c7300000| Complete 
|  60|0x00000000c7400000, 0x00000000c7500000, 0x00000000c7500000|100%| E|CS|TAMS 0x00000000c7400000, 0x00000000c7400000| Complete 
|  61|0x00000000c7500000, 0x00000000c7600000, 0x00000000c7600000|100%| E|CS|TAMS 0x00000000c7500000, 0x00000000c7500000| Complete 
| 966|0x00000000ffe00000, 0x00000000ffe48000, 0x00000000fff00000| 28%|OA|  |TAMS 0x00000000ffe00000, 0x00000000ffe00000| Untracked 
| 967|0x00000000fff00000, 0x00000000fff6c000, 0x0000000100000000| 42%|CA|  |TAMS 0x00000000fff00000, 0x00000000fff00000| Untracked 

Card table byte_map: [0x00007fcc3041c000,0x00007fcc30600000] _byte_map_base: 0x00007fcc2fe00000

Marking Bits (Prev, Next): (CMBitMap*) 0x00007fcc48045c68, (CMBitMap*) 0x00007fcc48045ca0
 Prev Bits: [0x00007fcc2b0e0000, 0x00007fcc2c000000)
 Next Bits: [0x00007fcc2a1c0000, 0x00007fcc2b0e0000)

Polling page: 0x00007fcc4e24f000

Metaspace:

Usage:
  Non-class:      5.72 MB capacity,     3.41 MB ( 60%) used,     2.30 MB ( 40%) free+waste,     6.88 KB ( <1%) overhead. 
      Class:    695.00 KB capacity,   434.19 KB ( 62%) used,   257.06 KB ( 37%) free+waste,     3.75 KB ( <1%) overhead. 
       Both:      6.40 MB capacity,     3.83 MB ( 60%) used,     2.55 MB ( 40%) free+waste,    10.62 KB ( <1%) overhead. 

Virtual space:
  Non-class space:        8.00 MB reserved,       5.75 MB ( 72%) committed 
      Class space:        1.00 GB reserved,     768.00 KB ( <1%) committed 
             Both:        1.01 GB reserved,       6.50 MB ( <1%) committed 

Chunk freelists:
   Non-Class:  0 bytes
       Class:  9.00 KB
        Both:  9.00 KB

MaxMetaspaceSize: unlimited
CompressedClassSpaceSize: 1.00 GB
Initial GC threshold: 20.80 MB
Current GC threshold: 20.80 MB
CDS: on

CodeHeap 'non-profiled nmethods': size=120032Kb used=224Kb max_used=224Kb free=119808Kb
 bounds [0x00007fcc380c8000, 0x00007fcc38338000, 0x00007fcc3f600000]
CodeHeap 'profiled nmethods': size=120032Kb used=1221Kb max_used=1221Kb free=118810Kb
 bounds [0x00007fcc30b90000, 0x00007fcc30e00000, 0x00007fcc380c8000]
CodeHeap 'non-nmethods': size=5696Kb used=1149Kb max_used=1161Kb free=4546Kb
 bounds [0x00007fcc30600000, 0x00007fcc30870000, 0x00007fcc30b90000]
 total_blobs=1146 nmethods=737 adapters=323
 compilation: enabled
              stopped_count=0, restarted_count=0
 full_count=0

Compilation events (20 events):
Event: 0.355 Thread 0x00007fcc48136000 nmethod 713 0x00007fcc30cb0810 code [0x00007fcc30cb09c0, 0x00007fcc30cb0af0]
Event: 0.357 Thread 0x00007fcc48136000  715       3       java.lang.invoke.LambdaForm$NamedFunction::methodType (23 bytes)
Event: 0.357 Thread 0x00007fcc48136000 nmethod 715 0x00007fcc30cb0b90 code [0x00007fcc30cb0d60, 0x00007fcc30cb0fa0]
Event: 0.357 Thread 0x00007fcc48136000  716       3       jdk.internal.org.objectweb.asm.ClassWriter::newClass (11 bytes)
Event: 0.357 Thread 0x00007fcc48136000 nmethod 716 0x00007fcc30cb1090 code [0x00007fcc30cb1240, 0x00007fcc30cb13a0]
Event: 0.357 Thread 0x00007fcc48136000  722       3       java.lang.invoke.MethodType::checkPtypes (61 bytes)
Event: 0.358 Thread 0x00007fcc48136000 nmethod 722 0x00007fcc30cb1490 code [0x00007fcc30cb1720, 0x00007fcc30cb2120]
Event: 0.358 Thread 0x00007fcc48136000  720       3       java.lang.Number::<init> (5 bytes)
Event: 0.358 Thread 0x00007fcc48136000 nmethod 720 0x00007fcc30cb2510 code [0x00007fcc30cb26c0, 0x00007fcc30cb2830]
Event: 0.358 Thread 0x00007fcc48136000  718       3       java.lang.invoke.MemberName::isConstructor (7 bytes)
Event: 0.358 Thread 0x00007fcc48134000  723       4       java.lang.StringBuilder::<init> (7 bytes)
Event: 0.358 Thread 0x00007fcc48136000 nmethod 718 0x00007fcc30cb2910 code [0x00007fcc30cb2ac0, 0x00007fcc30cb2d10]
Event: 0.358 Thread 0x00007fcc48136000  719       1       java.lang.invoke.MethodTypeForm::basicType (5 bytes)
Event: 0.358 Thread 0x00007fcc48136000 nmethod 719 0x00007fcc380fea10 code [0x00007fcc380febc0, 0x00007fcc380fec90]
Event: 0.358 Thread 0x00007fcc48136000  724       3       sun.invoke.util.Wrapper::forPrimitiveType (49 bytes)
Event: 0.359 Thread 0x00007fcc48136000 nmethod 724 0x00007fcc30cb2e10 code [0x00007fcc30cb31a0, 0x00007fcc30cb4700]
Event: 0.359 Thread 0x00007fcc48136000  727       3       java.lang.invoke.LambdaForm$Name::useCount (42 bytes)
Event: 0.359 Thread 0x00007fcc48136000 nmethod 727 0x00007fcc30cb4f10 code [0x00007fcc30cb50e0, 0x00007fcc30cb53f0]
Event: 0.359 Thread 0x00007fcc48136000  728       3       jdk.internal.org.objectweb.asm.Frame::execute (2264 bytes)
Event: 0.359 Thread 0x00007fcc48134000 nmethod 723 0x00007fcc380ff310 code [0x00007fcc380ff4a0, 0x00007fcc380ff658]

GC Heap History (0 events):
No events

Deoptimization events (20 events):
Event: 0.306 Thread 0x00007fcc48016800 DEOPT PACKING pc=0x00007fcc30bfffc2 sp=0x00007fcc4dffd0a0
Event: 0.306 Thread 0x00007fcc48016800 DEOPT UNPACKING pc=0x00007fcc3064a64a sp=0x00007fcc4dffc528 mode 0
Event: 0.308 Thread 0x00007fcc48016800 DEOPT PACKING pc=0x00007fcc30bcb04f sp=0x00007fcc4dffcfd0
Event: 0.308 Thread 0x00007fcc48016800 DEOPT UNPACKING pc=0x00007fcc3064a64a sp=0x00007fcc4dffc478 mode 0
Event: 0.349 Thread 0x00007fcc48016800 Uncommon trap: trap_request=0xffffffc6 fr.pc=0x00007fcc380d18a4 relative=0x0000000000000084
Event: 0.349 Thread 0x00007fcc48016800 Uncommon trap: reason=bimorphic_or_optimized_type_check action=maybe_recompile pc=0x00007fcc380d18a4 method=java.util.AbstractCollection.isEmpty()Z @ 1 c2
Event: 0.349 Thread 0x00007fcc48016800 DEOPT PACKING pc=0x00007fcc380d18a4 sp=0x00007fcc4dffd290
Event: 0.349 Thread 0x00007fcc48016800 DEOPT UNPACKING pc=0x00007fcc30649ea5 sp=0x00007fcc4dffd240 mode 2
Event: 0.349 Thread 0x00007fcc48016800 Uncommon trap: trap_request=0xffffffc6 fr.pc=0x00007fcc380d18a4 relative=0x0000000000000084
Event: 0.349 Thread 0x00007fcc48016800 Uncommon trap: reason=bimorphic_or_optimized_type_check action=maybe_recompile pc=0x00007fcc380d18a4 method=java.util.AbstractCollection.isEmpty()Z @ 1 c2
Event: 0.349 Thread 0x00007fcc48016800 DEOPT PACKING pc=0x00007fcc380d18a4 sp=0x00007fcc4dffd460
Event: 0.349 Thread 0x00007fcc48016800 DEOPT UNPACKING pc=0x00007fcc30649ea5 sp=0x00007fcc4dffd410 mode 2
Event: 0.350 Thread 0x00007fcc48016800 Uncommon trap: trap_request=0xffffffc6 fr.pc=0x00007fcc380d18a4 relative=0x0000000000000084
Event: 0.350 Thread 0x00007fcc48016800 Uncommon trap: reason=bimorphic_or_optimized_type_check action=maybe_recompile pc=0x00007fcc380d18a4 method=java.util.AbstractCollection.isEmpty()Z @ 1 c2
Event: 0.350 Thread 0x00007fcc48016800 DEOPT PACKING pc=0x00007fcc380d18a4 sp=0x00007fcc4dffd480
Event: 0.350 Thread 0x00007fcc48016800 DEOPT UNPACKING pc=0x00007fcc30649ea5 sp=0x00007fcc4dffd430 mode 2
Event: 0.351 Thread 0x00007fcc48016800 Uncommon trap: trap_request=0xffffffc6 fr.pc=0x00007fcc380d18a4 relative=0x0000000000000084
Event: 0.351 Thread 0x00007fcc48016800 Uncommon trap: reason=bimorphic_or_optimized_type_check action=maybe_recompile pc=0x00007fcc380d18a4 method=java.util.AbstractCollection.isEmpty()Z @ 1 c2
Event: 0.351 Thread 0x00007fcc48016800 DEOPT PACKING pc=0x00007fcc380d18a4 sp=0x00007fcc4dffd290
Event: 0.351 Thread 0x00007fcc48016800 DEOPT UNPACKING pc=0x00007fcc30649ea5 sp=0x00007fcc4dffd240 mode 2

Classes redefined (0 events):
No events

Internal exceptions (20 events):
Event: 0.104 Thread 0x00007fcc48016800 Exception <a 'java/security/PrivilegedActionException'{0x00000000c74edfc0}> (0x00000000c74edfc0) thrown at [./src/hotspot/share/prims/jvm.cpp, line 1304]
Event: 0.104 Thread 0x00007fcc48016800 Exception <a 'java/security/PrivilegedActionException'{0x00000000c74ee290}> (0x00000000c74ee290) thrown at [./src/hotspot/share/prims/jvm.cpp, line 1304]
Event: 0.104 Thread 0x00007fcc48016800 Exception <a 'java/security/PrivilegedActionException'{0x00000000c74eec00}> (0x00000000c74eec00) thrown at [./src/hotspot/share/prims/jvm.cpp, line 1304]
Event: 0.104 Thread 0x00007fcc48016800 Exception <a 'java/security/PrivilegedActionException'{0x00000000c74eeed0}> (0x00000000c74eeed0) thrown at [./src/hotspot/share/prims/jvm.cpp, line 1304]
Event: 0.104 Thread 0x00007fcc48016800 Exception <a 'java/security/PrivilegedActionException'{0x00000000c74ef840}> (0x00000000c74ef840) thrown at [./src/hotspot/share/prims/jvm.cpp, line 1304]
Event: 0.104 Thread 0x00007fcc48016800 Exception <a 'java/security/PrivilegedActionException'{0x00000000c74efb10}> (0x00000000c74efb10) thrown at [./src/hotspot/share/prims/jvm.cpp, line 1304]
Event: 0.104 Thread 0x00007fcc48016800 Exception <a 'java/security/PrivilegedActionException'{0x00000000c74f0498}> (0x00000000c74f0498) thrown at [./src/hotspot/share/prims/jvm.cpp, line 1304]
Event: 0.104 Thread 0x00007fcc48016800 Exception <a 'java/security/PrivilegedActionException'{0x00000000c74f0768}> (0x00000000c74f0768) thrown at [./src/hotspot/share/prims/jvm.cpp, line 1304]
Event: 0.104 Thread 0x00007fcc48016800 Exception <a 'java/security/PrivilegedActionException'{0x00000000c74f10f0}> (0x00000000c74f10f0) thrown at [./src/hotspot/share/prims/jvm.cpp, line 1304]
Event: 0.104 Thread 0x00007fcc48016800 Exception <a 'java/security/PrivilegedActionException'{0x00000000c74f13c0}> (0x00000000c74f13c0) thrown at [./src/hotspot/share/prims/jvm.cpp, line 1304]
Event: 0.104 Thread 0x00007fcc48016800 Exception <a 'java/security/PrivilegedActionException'{0x00000000c74f1d48}> (0x00000000c74f1d48) thrown at [./src/hotspot/share/prims/jvm.cpp, line 1304]
Event: 0.104 Thread 0x00007fcc48016800 Exception <a 'java/security/PrivilegedActionException'{0x00000000c74f2018}> (0x00000000c74f2018) thrown at [./src/hotspot/share/prims/jvm.cpp, line 1304]
Event: 0.104 Thread 0x00007fcc48016800 Exception <a 'java/security/PrivilegedActionException'{0x00000000c74f2988}> (0x00000000c74f2988) thrown at [./src/hotspot/share/prims/jvm.cpp, line 1304]
Event: 0.104 Thread 0x00007fcc48016800 Exception <a 'java/security/PrivilegedActionException'{0x00000000c74f2c58}> (0x00000000c74f2c58) thrown at [./src/hotspot/share/prims/jvm.cpp, line 1304]
Event: 0.104 Thread 0x00007fcc48016800 Exception <a 'java/security/PrivilegedActionException'{0x00000000c74f35e0}> (0x00000000c74f35e0) thrown at [./src/hotspot/share/prims/jvm.cpp, line 1304]
Event: 0.104 Thread 0x00007fcc48016800 Exception <a 'java/security/PrivilegedActionException'{0x00000000c74f38b0}> (0x00000000c74f38b0) thrown at [./src/hotspot/share/prims/jvm.cpp, line 1304]
Event: 0.151 Thread 0x00007fcc48016800 Exception <a 'java/lang/NoSuchMethodError'{0x00000000c7223598}: 'int java.lang.invoke.DirectMethodHandle$Holder.invokeStaticInit(java.lang.Object, java.lang.Object, java.lang.Object, java.lang.Object)'> (0x00000000c7223598) thrown at [./src/hotspot/share/interpreter/linkResolver.cpp, line 772]
Event: 0.153 Thread 0x00007fcc48016800 Exception <a 'java/lang/IncompatibleClassChangeError'{0x00000000c722d318}: Found class java.lang.Object, but interface was expected> (0x00000000c722d318) thrown at [./src/hotspot/share/interpreter/linkResolver.cpp, line 839]
Event: 0.153 Thread 0x00007fcc48016800 Exception <a 'java/lang/NoSuchMethodError'{0x00000000c72304c8}: 'void java.lang.invoke.DirectMethodHandle$Holder.invokeStaticInit(java.lang.Object, java.lang.Object)'> (0x00000000c72304c8) thrown at [./src/hotspot/share/interpreter/linkResolver.cpp, line 772]
Event: 0.155 Thread 0x00007fcc48016800 Exception <a 'java/lang/NoSuchMethodError'{0x00000000c7235938}: 'int java.lang.invoke.DirectMethodHandle$Holder.invokeStaticInit(java.lang.Object, java.lang.Object)'> (0x00000000c7235938) thrown at [./src/hotspot/share/interpreter/linkResolver.cpp, line 772]

Events (20 events):
Event: 0.344 loading class org/bytedeco/javacpp/PointerScope$1
Event: 0.344 loading class org/bytedeco/javacpp/PointerScope$1 done
Event: 0.346 Executing VM operation: Deoptimize
Event: 0.347 Executing VM operation: Deoptimize done
Event: 0.349 loading class java/lang/invoke/BoundMethodHandle$Species_LL
Event: 0.349 loading class java/lang/invoke/BoundMethodHandle$Species_LL done
Event: 0.351 loading class java/lang/invoke/BoundMethodHandle$Species_LLL
Event: 0.351 loading class java/lang/invoke/BoundMethodHandle$Species_LLL done
Event: 0.352 loading class java/lang/invoke/BoundMethodHandle$Species_LLLL
Event: 0.352 loading class java/lang/invoke/BoundMethodHandle$Species_LLLL done
Event: 0.354 loading class java/lang/invoke/BoundMethodHandle$Species_LLLLL
Event: 0.354 loading class java/lang/invoke/BoundMethodHandle$Species_LLLLL done
Event: 0.355 loading class java/lang/invoke/BoundMethodHandle$Species_LLLLLL
Event: 0.355 loading class java/lang/invoke/BoundMethodHandle$Species_LLLLLL done
Event: 0.357 loading class java/lang/invoke/BoundMethodHandle$Species_LLLLLLI
Event: 0.357 loading class java/lang/invoke/BoundMethodHandle$Species_LLLLLLI done
Event: 0.359 loading class java/lang/invoke/BoundMethodHandle$Species_LLLLLLII
Event: 0.359 loading class java/lang/invoke/BoundMethodHandle$Species_LLLLLLII done
Event: 0.360 loading class java/lang/invoke/BoundMethodHandle$Species_LLLLLLIIL
Event: 0.360 loading class java/lang/invoke/BoundMethodHandle$Species_LLLLLLIIL done


Dynamic libraries:
c3800000-c7600000 rw-p 00000000 00:00 0 
c7600000-ffe00000 ---p 00000000 00:00 0 
ffe00000-ffe48000 rw-p 00b14000 08:03 265562                             /usr/lib/jvm/java-11-openjdk-amd64/lib/server/classes.jsa
ffe48000-fff00000 rw-p 00000000 00:00 0 
fff00000-fff6c000 rw-p 00aa8000 08:03 265562                             /usr/lib/jvm/java-11-openjdk-amd64/lib/server/classes.jsa
fff6c000-100000000 rw-p 00000000 00:00 0 
800000000-800002000 rwxp 00001000 08:03 265562                           /usr/lib/jvm/java-11-openjdk-amd64/lib/server/classes.jsa
800002000-8003ce000 rw-p 00003000 08:03 265562                           /usr/lib/jvm/java-11-openjdk-amd64/lib/server/classes.jsa
8003ce000-800aa6000 r--p 003cf000 08:03 265562                           /usr/lib/jvm/java-11-openjdk-amd64/lib/server/classes.jsa
800aa6000-800aa7000 rw-p 00aa7000 08:03 265562                           /usr/lib/jvm/java-11-openjdk-amd64/lib/server/classes.jsa
840000000-8400c0000 rw-p 00000000 00:00 0 
8400c0000-880000000 ---p 00000000 00:00 0 
564abf819000-564abf81a000 r--p 00000000 08:03 265116                     /usr/lib/jvm/java-11-openjdk-amd64/bin/java
564abf81a000-564abf81b000 r-xp 00001000 08:03 265116                     /usr/lib/jvm/java-11-openjdk-amd64/bin/java
564abf81b000-564abf81c000 r--p 00002000 08:03 265116                     /usr/lib/jvm/java-11-openjdk-amd64/bin/java
564abf81c000-564abf81d000 r--p 00002000 08:03 265116                     /usr/lib/jvm/java-11-openjdk-amd64/bin/java
564abf81d000-564abf81e000 rw-p 00003000 08:03 265116                     /usr/lib/jvm/java-11-openjdk-amd64/bin/java
564ac0612000-564ac0633000 rw-p 00000000 00:00 0                          [heap]
7fcbd9400000-7fcbd9d26000 r--p 00000000 08:03 1587749                    /home/ubuntu/.javacpp/cache/llvm-13.0.1-1.5.7-linux-x86_64.jar/org/bytedeco/llvm/linux-x86_64/libLLVM-13.so
7fcbd9d26000-7fcbdd6e9000 r-xp 00926000 08:03 1587749                    /home/ubuntu/.javacpp/cache/llvm-13.0.1-1.5.7-linux-x86_64.jar/org/bytedeco/llvm/linux-x86_64/libLLVM-13.so
7fcbdd6e9000-7fcbdf93e000 r--p 042e9000 08:03 1587749                    /home/ubuntu/.javacpp/cache/llvm-13.0.1-1.5.7-linux-x86_64.jar/org/bytedeco/llvm/linux-x86_64/libLLVM-13.so
7fcbdf93e000-7fcbdfe53000 r--p 0653d000 08:03 1587749                    /home/ubuntu/.javacpp/cache/llvm-13.0.1-1.5.7-linux-x86_64.jar/org/bytedeco/llvm/linux-x86_64/libLLVM-13.so
7fcbdfe53000-7fcbdfe5e000 rw-p 06a52000 08:03 1587749                    /home/ubuntu/.javacpp/cache/llvm-13.0.1-1.5.7-linux-x86_64.jar/org/bytedeco/llvm/linux-x86_64/libLLVM-13.so
7fcbdfe5e000-7fcbdfed4000 rw-p 00000000 00:00 0 
7fcbe0000000-7fcbe0021000 rw-p 00000000 00:00 0 
7fcbe0021000-7fcbe4000000 ---p 00000000 00:00 0 
7fcbe4000000-7fcbe4021000 rw-p 00000000 00:00 0 
7fcbe4021000-7fcbe8000000 ---p 00000000 00:00 0 
7fcbe8000000-7fcbe808f000 rw-p 00000000 00:00 0 
7fcbe808f000-7fcbec000000 ---p 00000000 00:00 0 
7fcbec000000-7fcbec021000 rw-p 00000000 00:00 0 
7fcbec021000-7fcbf0000000 ---p 00000000 00:00 0 
7fcbf0000000-7fcbf0021000 rw-p 00000000 00:00 0 
7fcbf0021000-7fcbf4000000 ---p 00000000 00:00 0 
7fcbf4000000-7fcbf4021000 rw-p 00000000 00:00 0 
7fcbf4021000-7fcbf8000000 ---p 00000000 00:00 0 
7fcbf8000000-7fcbf8264000 rw-p 00000000 00:00 0 
7fcbf8264000-7fcbfc000000 ---p 00000000 00:00 0 
7fcbfc000000-7fcbfc33e000 rw-p 00000000 00:00 0 
7fcbfc33e000-7fcc00000000 ---p 00000000 00:00 0 
7fcc00000000-7fcc00021000 rw-p 00000000 00:00 0 
7fcc00021000-7fcc04000000 ---p 00000000 00:00 0 
7fcc04000000-7fcc04021000 rw-p 00000000 00:00 0 
7fcc04021000-7fcc08000000 ---p 00000000 00:00 0 
7fcc08000000-7fcc08021000 rw-p 00000000 00:00 0 
7fcc08021000-7fcc0c000000 ---p 00000000 00:00 0 
7fcc0c000000-7fcc0c021000 rw-p 00000000 00:00 0 
7fcc0c021000-7fcc10000000 ---p 00000000 00:00 0 
7fcc10000000-7fcc10021000 rw-p 00000000 00:00 0 
7fcc10021000-7fcc14000000 ---p 00000000 00:00 0 
7fcc14000000-7fcc14021000 rw-p 00000000 00:00 0 
7fcc14021000-7fcc18000000 ---p 00000000 00:00 0 
7fcc18000000-7fcc18021000 rw-p 00000000 00:00 0 
7fcc18021000-7fcc1c000000 ---p 00000000 00:00 0 
7fcc1c000000-7fcc1c021000 rw-p 00000000 00:00 0 
7fcc1c021000-7fcc20000000 ---p 00000000 00:00 0 
7fcc21cf9000-7fcc21d5e000 r--p 00000000 08:03 1589997                    /home/ubuntu/.javacpp/cache/llvm-13.0.1-1.5.7-linux-x86_64.jar/org/bytedeco/llvm/linux-x86_64/libjniLLVM.so
7fcc21d5e000-7fcc21dcc000 r-xp 00065000 08:03 1589997                    /home/ubuntu/.javacpp/cache/llvm-13.0.1-1.5.7-linux-x86_64.jar/org/bytedeco/llvm/linux-x86_64/libjniLLVM.so
7fcc21dcc000-7fcc21df7000 r--p 000d3000 08:03 1589997                    /home/ubuntu/.javacpp/cache/llvm-13.0.1-1.5.7-linux-x86_64.jar/org/bytedeco/llvm/linux-x86_64/libjniLLVM.so
7fcc21df7000-7fcc21dfa000 r--p 000fd000 08:03 1589997                    /home/ubuntu/.javacpp/cache/llvm-13.0.1-1.5.7-linux-x86_64.jar/org/bytedeco/llvm/linux-x86_64/libjniLLVM.so
7fcc21dfa000-7fcc21dfd000 rw-p 00100000 08:03 1589997                    /home/ubuntu/.javacpp/cache/llvm-13.0.1-1.5.7-linux-x86_64.jar/org/bytedeco/llvm/linux-x86_64/libjniLLVM.so
7fcc21dfd000-7fcc21dff000 rw-p 00000000 00:00 0 
7fcc21dff000-7fcc21e03000 ---p 00000000 00:00 0 
7fcc21e03000-7fcc21eff000 rw-p 00000000 00:00 0 
7fcc21eff000-7fcc21f00000 ---p 00000000 00:00 0 
7fcc21f00000-7fcc22000000 rw-p 00000000 00:00 0 
7fcc22000000-7fcc22004000 ---p 00000000 00:00 0 
7fcc22004000-7fcc22100000 rw-p 00000000 00:00 0 
7fcc22100000-7fcc22104000 ---p 00000000 00:00 0 
7fcc22104000-7fcc22200000 rw-p 00000000 00:00 0 
7fcc22200000-7fcc22204000 ---p 00000000 00:00 0 
7fcc22204000-7fcc22300000 rw-p 00000000 00:00 0 
7fcc22300000-7fcc22304000 ---p 00000000 00:00 0 
7fcc22304000-7fcc22400000 rw-p 00000000 00:00 0 
7fcc22400000-7fcc22404000 ---p 00000000 00:00 0 
7fcc22404000-7fcc22500000 rw-p 00000000 00:00 0 
7fcc22500000-7fcc22504000 ---p 00000000 00:00 0 
7fcc22504000-7fcc22600000 rw-p 00000000 00:00 0 
7fcc22600000-7fcc22604000 ---p 00000000 00:00 0 
7fcc22604000-7fcc22700000 rw-p 00000000 00:00 0 
7fcc22700000-7fcc22704000 ---p 00000000 00:00 0 
7fcc22704000-7fcc22800000 rw-p 00000000 00:00 0 
7fcc22800000-7fcc23078000 r--p 00000000 08:03 2365202                    /usr/lib/locale/locale-archive
7fcc230fb000-7fcc230ff000 ---p 00000000 00:00 0 
7fcc230ff000-7fcc231fb000 rw-p 00000000 00:00 0 
7fcc231fb000-7fcc231ff000 ---p 00000000 00:00 0 
7fcc231ff000-7fcc232fb000 rw-p 00000000 00:00 0 
7fcc232fb000-7fcc232fc000 ---p 00000000 00:00 0 
7fcc232fc000-7fcc239bc000 rw-p 00000000 00:00 0 
7fcc239bc000-7fcc23bfc000 ---p 00000000 00:00 0 
7fcc23bfc000-7fcc23bfd000 ---p 00000000 00:00 0 
7fcc23bfd000-7fcc23cfd000 rw-p 00000000 00:00 0 
7fcc23cfd000-7fcc23cfe000 ---p 00000000 00:00 0 
7fcc23cfe000-7fcc24000000 rw-p 00000000 00:00 0 
7fcc24000000-7fcc24021000 rw-p 00000000 00:00 0 
7fcc24021000-7fcc28000000 ---p 00000000 00:00 0 
7fcc280bf000-7fcc2a2b8000 rw-p 00000000 00:00 0 
7fcc2a2b8000-7fcc2b0d8000 ---p 00000000 00:00 0 
7fcc2b0d8000-7fcc2b1d8000 rw-p 00000000 00:00 0 
7fcc2b1d8000-7fcc2bff8000 ---p 00000000 00:00 0 
7fcc2bff8000-7fcc2c000000 rw-p 00000000 00:00 0 
7fcc2c000000-7fcc2c021000 rw-p 00000000 00:00 0 
7fcc2c021000-7fcc30000000 ---p 00000000 00:00 0 
7fcc30036000-7fcc30137000 rw-p 00000000 00:00 0 
7fcc30137000-7fcc30138000 ---p 00000000 00:00 0 
7fcc30138000-7fcc30257000 rw-p 00000000 00:00 0 
7fcc30257000-7fcc3041b000 ---p 00000000 00:00 0 
7fcc3041b000-7fcc3043b000 rw-p 00000000 00:00 0 
7fcc3043b000-7fcc305ff000 ---p 00000000 00:00 0 
7fcc305ff000-7fcc30600000 rw-p 00000000 00:00 0 
7fcc30600000-7fcc30870000 rwxp 00000000 00:00 0 
7fcc30870000-7fcc30b90000 ---p 00000000 00:00 0 
7fcc30b90000-7fcc30e00000 rwxp 00000000 00:00 0 
7fcc30e00000-7fcc380c8000 ---p 00000000 00:00 0 
7fcc380c8000-7fcc38338000 rwxp 00000000 00:00 0 
7fcc38338000-7fcc3f600000 ---p 00000000 00:00 0 
7fcc3f600000-7fcc47e25000 r--s 00000000 08:03 265275                     /usr/lib/jvm/java-11-openjdk-amd64/lib/modules
7fcc47ecf000-7fcc47ed6000 r--s 00000000 08:03 659244                     /usr/lib/x86_64-linux-gnu/gconv/gconv-modules.cache
7fcc47ed6000-7fcc47ed7000 r--p 00000000 08:03 1589995                    /home/ubuntu/.javacpp/cache/llvm-13.0.1-1.5.7-linux-x86_64.jar/org/bytedeco/llvm/linux-x86_64/libRemarks.so.13
7fcc47ed7000-7fcc47ed8000 r-xp 00001000 08:03 1589995                    /home/ubuntu/.javacpp/cache/llvm-13.0.1-1.5.7-linux-x86_64.jar/org/bytedeco/llvm/linux-x86_64/libRemarks.so.13
7fcc47ed8000-7fcc47ed9000 r--p 00002000 08:03 1589995                    /home/ubuntu/.javacpp/cache/llvm-13.0.1-1.5.7-linux-x86_64.jar/org/bytedeco/llvm/linux-x86_64/libRemarks.so.13
7fcc47ed9000-7fcc47eda000 r--p 00002000 08:03 1589995                    /home/ubuntu/.javacpp/cache/llvm-13.0.1-1.5.7-linux-x86_64.jar/org/bytedeco/llvm/linux-x86_64/libRemarks.so.13
7fcc47eda000-7fcc47edb000 rw-p 00003000 08:03 1589995                    /home/ubuntu/.javacpp/cache/llvm-13.0.1-1.5.7-linux-x86_64.jar/org/bytedeco/llvm/linux-x86_64/libRemarks.so.13
7fcc47edb000-7fcc47ee2000 r--p 00000000 08:03 1587750                    /home/ubuntu/.javacpp/cache/llvm-13.0.1-1.5.7-linux-x86_64.jar/org/bytedeco/llvm/linux-x86_64/libLTO.so.13
7fcc47ee2000-7fcc47eea000 r-xp 00007000 08:03 1587750                    /home/ubuntu/.javacpp/cache/llvm-13.0.1-1.5.7-linux-x86_64.jar/org/bytedeco/llvm/linux-x86_64/libLTO.so.13
7fcc47eea000-7fcc47eec000 r--p 0000f000 08:03 1587750                    /home/ubuntu/.javacpp/cache/llvm-13.0.1-1.5.7-linux-x86_64.jar/org/bytedeco/llvm/linux-x86_64/libLTO.so.13
7fcc47eec000-7fcc47eed000 r--p 00010000 08:03 1587750                    /home/ubuntu/.javacpp/cache/llvm-13.0.1-1.5.7-linux-x86_64.jar/org/bytedeco/llvm/linux-x86_64/libLTO.so.13
7fcc47eed000-7fcc47eee000 rw-p 00011000 08:03 1587750                    /home/ubuntu/.javacpp/cache/llvm-13.0.1-1.5.7-linux-x86_64.jar/org/bytedeco/llvm/linux-x86_64/libLTO.so.13
7fcc47eee000-7fcc47ef2000 r--p 00000000 08:03 1587748                    /home/ubuntu/.javacpp/cache/javacpp-1.5.7-linux-x86_64.jar/org/bytedeco/javacpp/linux-x86_64/libjnijavacpp.so
7fcc47ef2000-7fcc47ef9000 r-xp 00004000 08:03 1587748                    /home/ubuntu/.javacpp/cache/javacpp-1.5.7-linux-x86_64.jar/org/bytedeco/javacpp/linux-x86_64/libjnijavacpp.so
7fcc47ef9000-7fcc47efd000 r--p 0000b000 08:03 1587748                    /home/ubuntu/.javacpp/cache/javacpp-1.5.7-linux-x86_64.jar/org/bytedeco/javacpp/linux-x86_64/libjnijavacpp.so
7fcc47efd000-7fcc47efe000 r--p 0000e000 08:03 1587748                    /home/ubuntu/.javacpp/cache/javacpp-1.5.7-linux-x86_64.jar/org/bytedeco/javacpp/linux-x86_64/libjnijavacpp.so
7fcc47efe000-7fcc47eff000 rw-p 0000f000 08:03 1587748                    /home/ubuntu/.javacpp/cache/javacpp-1.5.7-linux-x86_64.jar/org/bytedeco/javacpp/linux-x86_64/libjnijavacpp.so
7fcc47eff000-7fcc47f00000 ---p 00000000 00:00 0 
7fcc47f00000-7fcc48000000 rw-p 00000000 00:00 0 
7fcc48000000-7fcc48434000 rw-p 00000000 00:00 0 
7fcc48434000-7fcc4c000000 ---p 00000000 00:00 0 
7fcc4c000000-7fcc4c004000 r--p 00000000 08:03 265265                     /usr/lib/jvm/java-11-openjdk-amd64/lib/libnet.so
7fcc4c004000-7fcc4c012000 r-xp 00004000 08:03 265265                     /usr/lib/jvm/java-11-openjdk-amd64/lib/libnet.so
7fcc4c012000-7fcc4c016000 r--p 00012000 08:03 265265                     /usr/lib/jvm/java-11-openjdk-amd64/lib/libnet.so
7fcc4c016000-7fcc4c017000 r--p 00015000 08:03 265265                     /usr/lib/jvm/java-11-openjdk-amd64/lib/libnet.so
7fcc4c017000-7fcc4c018000 rw-p 00016000 08:03 265265                     /usr/lib/jvm/java-11-openjdk-amd64/lib/libnet.so
7fcc4c018000-7fcc4c01f000 r--p 00000000 08:03 265266                     /usr/lib/jvm/java-11-openjdk-amd64/lib/libnio.so
7fcc4c01f000-7fcc4c027000 r-xp 00007000 08:03 265266                     /usr/lib/jvm/java-11-openjdk-amd64/lib/libnio.so
7fcc4c027000-7fcc4c02a000 r--p 0000f000 08:03 265266                     /usr/lib/jvm/java-11-openjdk-amd64/lib/libnio.so
7fcc4c02a000-7fcc4c02b000 r--p 00011000 08:03 265266                     /usr/lib/jvm/java-11-openjdk-amd64/lib/libnio.so
7fcc4c02b000-7fcc4c02c000 rw-p 00012000 08:03 265266                     /usr/lib/jvm/java-11-openjdk-amd64/lib/libnio.so
7fcc4c02c000-7fcc4c04b000 rw-p 00000000 00:00 0 
7fcc4c04b000-7fcc4c20f000 ---p 00000000 00:00 0 
7fcc4c20f000-7fcc4c614000 rw-p 00000000 00:00 0 
7fcc4c614000-7fcc4c615000 ---p 00000000 00:00 0 
7fcc4c615000-7fcc4c71a000 rw-p 00000000 00:00 0 
7fcc4c71a000-7fcc4c800000 ---p 00000000 00:00 0 
7fcc4c800000-7fcc4c89a000 r--p 00000000 08:03 2360832                    /usr/lib/x86_64-linux-gnu/libstdc++.so.6.0.30
7fcc4c89a000-7fcc4c9ab000 r-xp 0009a000 08:03 2360832                    /usr/lib/x86_64-linux-gnu/libstdc++.so.6.0.30
7fcc4c9ab000-7fcc4ca1a000 r--p 001ab000 08:03 2360832                    /usr/lib/x86_64-linux-gnu/libstdc++.so.6.0.30
7fcc4ca1a000-7fcc4ca1b000 ---p 0021a000 08:03 2360832                    /usr/lib/x86_64-linux-gnu/libstdc++.so.6.0.30
7fcc4ca1b000-7fcc4ca26000 r--p 0021a000 08:03 2360832                    /usr/lib/x86_64-linux-gnu/libstdc++.so.6.0.30
7fcc4ca26000-7fcc4ca29000 rw-p 00225000 08:03 2360832                    /usr/lib/x86_64-linux-gnu/libstdc++.so.6.0.30
7fcc4ca29000-7fcc4ca2c000 rw-p 00000000 00:00 0 
7fcc4ca2f000-7fcc4ca30000 r--p 00000000 08:03 2361439                    /usr/lib/x86_64-linux-gnu/libdl.so.2
7fcc4ca30000-7fcc4ca31000 r-xp 00001000 08:03 2361439                    /usr/lib/x86_64-linux-gnu/libdl.so.2
7fcc4ca31000-7fcc4ca32000 r--p 00002000 08:03 2361439                    /usr/lib/x86_64-linux-gnu/libdl.so.2
7fcc4ca32000-7fcc4ca33000 r--p 00002000 08:03 2361439                    /usr/lib/x86_64-linux-gnu/libdl.so.2
7fcc4ca33000-7fcc4ca34000 rw-p 00003000 08:03 2361439                    /usr/lib/x86_64-linux-gnu/libdl.so.2
7fcc4ca34000-7fcc4ca35000 r--p 00000000 08:03 2361473                    /usr/lib/x86_64-linux-gnu/libpthread.so.0
7fcc4ca35000-7fcc4ca36000 r-xp 00001000 08:03 2361473                    /usr/lib/x86_64-linux-gnu/libpthread.so.0
7fcc4ca36000-7fcc4ca37000 r--p 00002000 08:03 2361473                    /usr/lib/x86_64-linux-gnu/libpthread.so.0
7fcc4ca37000-7fcc4ca38000 r--p 00002000 08:03 2361473                    /usr/lib/x86_64-linux-gnu/libpthread.so.0
7fcc4ca38000-7fcc4ca39000 rw-p 00003000 08:03 2361473                    /usr/lib/x86_64-linux-gnu/libpthread.so.0
7fcc4ca39000-7fcc4cb1a000 rw-p 00000000 00:00 0 
7fcc4cb1a000-7fcc4cc00000 ---p 00000000 00:00 0 
7fcc4cc00000-7fcc4ce82000 r--p 00000000 08:03 265280                     /usr/lib/jvm/java-11-openjdk-amd64/lib/server/libjvm.so
7fcc4ce82000-7fcc4db20000 r-xp 00282000 08:03 265280                     /usr/lib/jvm/java-11-openjdk-amd64/lib/server/libjvm.so
7fcc4db20000-7fcc4dd7c000 r--p 00f20000 08:03 265280                     /usr/lib/jvm/java-11-openjdk-amd64/lib/server/libjvm.so
7fcc4dd7c000-7fcc4de40000 r--p 0117b000 08:03 265280                     /usr/lib/jvm/java-11-openjdk-amd64/lib/server/libjvm.so
7fcc4de40000-7fcc4de7b000 rw-p 0123f000 08:03 265280                     /usr/lib/jvm/java-11-openjdk-amd64/lib/server/libjvm.so
7fcc4de7b000-7fcc4ded2000 rw-p 00000000 00:00 0 
7fcc4ded3000-7fcc4def9000 rw-p 00000000 00:00 0 
7fcc4def9000-7fcc4df00000 ---p 00000000 00:00 0 
7fcc4df00000-7fcc4df04000 ---p 00000000 00:00 0 
7fcc4df04000-7fcc4e000000 rw-p 00000000 00:00 0 
7fcc4e000000-7fcc4e028000 r--p 00000000 08:03 2361426                    /usr/lib/x86_64-linux-gnu/libc.so.6
7fcc4e028000-7fcc4e1bd000 r-xp 00028000 08:03 2361426                    /usr/lib/x86_64-linux-gnu/libc.so.6
7fcc4e1bd000-7fcc4e215000 r--p 001bd000 08:03 2361426                    /usr/lib/x86_64-linux-gnu/libc.so.6
7fcc4e215000-7fcc4e216000 ---p 00215000 08:03 2361426                    /usr/lib/x86_64-linux-gnu/libc.so.6
7fcc4e216000-7fcc4e21a000 r--p 00215000 08:03 2361426                    /usr/lib/x86_64-linux-gnu/libc.so.6
7fcc4e21a000-7fcc4e21c000 rw-p 00219000 08:03 2361426                    /usr/lib/x86_64-linux-gnu/libc.so.6
7fcc4e21c000-7fcc4e229000 rw-p 00000000 00:00 0 
7fcc4e229000-7fcc4e22a000 r--p 00000000 08:03 265247                     /usr/lib/jvm/java-11-openjdk-amd64/lib/libextnet.so
7fcc4e22a000-7fcc4e22b000 r-xp 00001000 08:03 265247                     /usr/lib/jvm/java-11-openjdk-amd64/lib/libextnet.so
7fcc4e22b000-7fcc4e22c000 r--p 00002000 08:03 265247                     /usr/lib/jvm/java-11-openjdk-amd64/lib/libextnet.so
7fcc4e22c000-7fcc4e22d000 r--p 00002000 08:03 265247                     /usr/lib/jvm/java-11-openjdk-amd64/lib/libextnet.so
7fcc4e22d000-7fcc4e22e000 rw-p 00003000 08:03 265247                     /usr/lib/jvm/java-11-openjdk-amd64/lib/libextnet.so
7fcc4e22e000-7fcc4e230000 r--p 00000000 08:03 265274                     /usr/lib/jvm/java-11-openjdk-amd64/lib/libzip.so
7fcc4e230000-7fcc4e235000 r-xp 00002000 08:03 265274                     /usr/lib/jvm/java-11-openjdk-amd64/lib/libzip.so
7fcc4e235000-7fcc4e237000 r--p 00007000 08:03 265274                     /usr/lib/jvm/java-11-openjdk-amd64/lib/libzip.so
7fcc4e237000-7fcc4e238000 r--p 00008000 08:03 265274                     /usr/lib/jvm/java-11-openjdk-amd64/lib/libzip.so
7fcc4e238000-7fcc4e239000 rw-p 00009000 08:03 265274                     /usr/lib/jvm/java-11-openjdk-amd64/lib/libzip.so
7fcc4e239000-7fcc4e241000 rw-s 00000000 08:03 393238                     /tmp/hsperfdata_ubuntu/68973
7fcc4e241000-7fcc4e243000 r--p 00000000 08:03 265249                     /usr/lib/jvm/java-11-openjdk-amd64/lib/libinstrument.so
7fcc4e243000-7fcc4e24a000 r-xp 00002000 08:03 265249                     /usr/lib/jvm/java-11-openjdk-amd64/lib/libinstrument.so
7fcc4e24a000-7fcc4e24d000 r--p 00009000 08:03 265249                     /usr/lib/jvm/java-11-openjdk-amd64/lib/libinstrument.so
7fcc4e24d000-7fcc4e24e000 r--p 0000b000 08:03 265249                     /usr/lib/jvm/java-11-openjdk-amd64/lib/libinstrument.so
7fcc4e24e000-7fcc4e24f000 rw-p 0000c000 08:03 265249                     /usr/lib/jvm/java-11-openjdk-amd64/lib/libinstrument.so
7fcc4e24f000-7fcc4e250000 ---p 00000000 00:00 0 
7fcc4e250000-7fcc4e251000 r--p 00000000 00:00 0 
7fcc4e251000-7fcc4e253000 r--p 00000000 08:03 265257                     /usr/lib/jvm/java-11-openjdk-amd64/lib/libjimage.so
7fcc4e253000-7fcc4e256000 r-xp 00002000 08:03 265257                     /usr/lib/jvm/java-11-openjdk-amd64/lib/libjimage.so
7fcc4e256000-7fcc4e257000 r--p 00005000 08:03 265257                     /usr/lib/jvm/java-11-openjdk-amd64/lib/libjimage.so
7fcc4e257000-7fcc4e258000 ---p 00006000 08:03 265257                     /usr/lib/jvm/java-11-openjdk-amd64/lib/libjimage.so
7fcc4e258000-7fcc4e259000 r--p 00006000 08:03 265257                     /usr/lib/jvm/java-11-openjdk-amd64/lib/libjimage.so
7fcc4e259000-7fcc4e25a000 rw-p 00007000 08:03 265257                     /usr/lib/jvm/java-11-openjdk-amd64/lib/libjimage.so
7fcc4e25a000-7fcc4e268000 r--p 00000000 08:03 265254                     /usr/lib/jvm/java-11-openjdk-amd64/lib/libjava.so
7fcc4e268000-7fcc4e27e000 r-xp 0000e000 08:03 265254                     /usr/lib/jvm/java-11-openjdk-amd64/lib/libjava.so
7fcc4e27e000-7fcc4e285000 r--p 00024000 08:03 265254                     /usr/lib/jvm/java-11-openjdk-amd64/lib/libjava.so
7fcc4e285000-7fcc4e286000 r--p 0002a000 08:03 265254                     /usr/lib/jvm/java-11-openjdk-amd64/lib/libjava.so
7fcc4e286000-7fcc4e287000 rw-p 0002b000 08:03 265254                     /usr/lib/jvm/java-11-openjdk-amd64/lib/libjava.so
7fcc4e287000-7fcc4e288000 rw-p 00000000 00:00 0 
7fcc4e288000-7fcc4e289000 r--p 00000000 08:03 2361484                    /usr/lib/x86_64-linux-gnu/librt.so.1
7fcc4e289000-7fcc4e28a000 r-xp 00001000 08:03 2361484                    /usr/lib/x86_64-linux-gnu/librt.so.1
7fcc4e28a000-7fcc4e28b000 r--p 00002000 08:03 2361484                    /usr/lib/x86_64-linux-gnu/librt.so.1
7fcc4e28b000-7fcc4e28c000 r--p 00002000 08:03 2361484                    /usr/lib/x86_64-linux-gnu/librt.so.1
7fcc4e28c000-7fcc4e28d000 rw-p 00003000 08:03 2361484                    /usr/lib/x86_64-linux-gnu/librt.so.1
7fcc4e28d000-7fcc4e290000 r--p 00000000 08:03 2359493                    /usr/lib/x86_64-linux-gnu/libgcc_s.so.1
7fcc4e290000-7fcc4e2a7000 r-xp 00003000 08:03 2359493                    /usr/lib/x86_64-linux-gnu/libgcc_s.so.1
7fcc4e2a7000-7fcc4e2ab000 r--p 0001a000 08:03 2359493                    /usr/lib/x86_64-linux-gnu/libgcc_s.so.1
7fcc4e2ab000-7fcc4e2ac000 r--p 0001d000 08:03 2359493                    /usr/lib/x86_64-linux-gnu/libgcc_s.so.1
7fcc4e2ac000-7fcc4e2ad000 rw-p 0001e000 08:03 2359493                    /usr/lib/x86_64-linux-gnu/libgcc_s.so.1
7fcc4e2ad000-7fcc4e2bb000 r--p 00000000 08:03 2361443                    /usr/lib/x86_64-linux-gnu/libm.so.6
7fcc4e2bb000-7fcc4e337000 r-xp 0000e000 08:03 2361443                    /usr/lib/x86_64-linux-gnu/libm.so.6
7fcc4e337000-7fcc4e392000 r--p 0008a000 08:03 2361443                    /usr/lib/x86_64-linux-gnu/libm.so.6
7fcc4e392000-7fcc4e393000 r--p 000e4000 08:03 2361443                    /usr/lib/x86_64-linux-gnu/libm.so.6
7fcc4e393000-7fcc4e394000 rw-p 000e5000 08:03 2361443                    /usr/lib/x86_64-linux-gnu/libm.so.6
7fcc4e394000-7fcc4e397000 rw-p 00000000 00:00 0 
7fcc4e397000-7fcc4e39a000 r--p 00000000 08:03 265239                     /usr/lib/jvm/java-11-openjdk-amd64/lib/jli/libjli.so
7fcc4e39a000-7fcc4e3a4000 r-xp 00003000 08:03 265239                     /usr/lib/jvm/java-11-openjdk-amd64/lib/jli/libjli.so
7fcc4e3a4000-7fcc4e3a7000 r--p 0000d000 08:03 265239                     /usr/lib/jvm/java-11-openjdk-amd64/lib/jli/libjli.so
7fcc4e3a7000-7fcc4e3a8000 ---p 00010000 08:03 265239                     /usr/lib/jvm/java-11-openjdk-amd64/lib/jli/libjli.so
7fcc4e3a8000-7fcc4e3a9000 r--p 00010000 08:03 265239                     /usr/lib/jvm/java-11-openjdk-amd64/lib/jli/libjli.so
7fcc4e3a9000-7fcc4e3aa000 rw-p 00011000 08:03 265239                     /usr/lib/jvm/java-11-openjdk-amd64/lib/jli/libjli.so
7fcc4e3aa000-7fcc4e3ac000 r--p 00000000 08:03 2367120                    /usr/lib/x86_64-linux-gnu/libz.so.1.2.11
7fcc4e3ac000-7fcc4e3be000 r-xp 00002000 08:03 2367120                    /usr/lib/x86_64-linux-gnu/libz.so.1.2.11
7fcc4e3be000-7fcc4e3c4000 r--p 00014000 08:03 2367120                    /usr/lib/x86_64-linux-gnu/libz.so.1.2.11
7fcc4e3c4000-7fcc4e3c5000 r--p 0001a000 08:03 2367120                    /usr/lib/x86_64-linux-gnu/libz.so.1.2.11
7fcc4e3c5000-7fcc4e3c6000 rw-p 0001b000 08:03 2367120                    /usr/lib/x86_64-linux-gnu/libz.so.1.2.11
7fcc4e3c6000-7fcc4e3cb000 r--p 00000000 08:03 265273                     /usr/lib/jvm/java-11-openjdk-amd64/lib/libverify.so
7fcc4e3cb000-7fcc4e3d2000 r-xp 00005000 08:03 265273                     /usr/lib/jvm/java-11-openjdk-amd64/lib/libverify.so
7fcc4e3d2000-7fcc4e3d4000 r--p 0000c000 08:03 265273                     /usr/lib/jvm/java-11-openjdk-amd64/lib/libverify.so
7fcc4e3d4000-7fcc4e3d6000 r--p 0000d000 08:03 265273                     /usr/lib/jvm/java-11-openjdk-amd64/lib/libverify.so
7fcc4e3d6000-7fcc4e3d7000 rw-p 0000f000 08:03 265273                     /usr/lib/jvm/java-11-openjdk-amd64/lib/libverify.so
7fcc4e3d7000-7fcc4e3d9000 rw-p 00000000 00:00 0 
7fcc4e3d9000-7fcc4e3db000 r--p 00000000 08:03 2361301                    /usr/lib/x86_64-linux-gnu/ld-linux-x86-64.so.2
7fcc4e3db000-7fcc4e405000 r-xp 00002000 08:03 2361301                    /usr/lib/x86_64-linux-gnu/ld-linux-x86-64.so.2
7fcc4e405000-7fcc4e410000 r--p 0002c000 08:03 2361301                    /usr/lib/x86_64-linux-gnu/ld-linux-x86-64.so.2
7fcc4e411000-7fcc4e413000 r--p 00037000 08:03 2361301                    /usr/lib/x86_64-linux-gnu/ld-linux-x86-64.so.2
7fcc4e413000-7fcc4e415000 rw-p 00039000 08:03 2361301                    /usr/lib/x86_64-linux-gnu/ld-linux-x86-64.so.2
7ffec59a1000-7ffec59c2000 rw-p 00000000 00:00 0                          [stack]
7ffec59da000-7ffec59de000 r--p 00000000 00:00 0                          [vvar]
7ffec59de000-7ffec59e0000 r-xp 00000000 00:00 0                          [vdso]
ffffffffff600000-ffffffffff601000 --xp 00000000 00:00 0                  [vsyscall]


VM Arguments:
jvm_args: -javaagent:/home/ubuntu/software/idea-IU-233.14475.28/lib/idea_rt.jar=43485:/home/ubuntu/software/idea-IU-233.14475.28/bin -Dfile.encoding=UTF-8 
java_command: Main tests/test1.c tests/Actual.ll
java_class_path (initial): /home/ubuntu/Lab/out/production/Lab:/usr/local/lib/antlr-4.9.1-complete.jar:/usr/local/lib/javacpp-1.5.7-linux-x86_64.jar:/usr/local/lib/javacpp-1.5.7.jar:/usr/local/lib/llvm-13.0.1-1.5.7-linux-x86_64.jar:/usr/local/lib/llvm-13.0.1-1.5.7.jar:/usr/local/lib/llvm-platform-13.0.1-1.5.7.jar
Launcher Type: SUN_STANDARD

[Global flags]
     intx CICompilerCount                          = 3                                         {product} {ergonomic}
     uint ConcGCThreads                            = 1                                         {product} {ergonomic}
     uint G1ConcRefinementThreads                  = 4                                         {product} {ergonomic}
   size_t G1HeapRegionSize                         = 1048576                                   {product} {ergonomic}
    uintx GCDrainStackTargetSize                   = 64                                        {product} {ergonomic}
   size_t InitialHeapSize                          = 65011712                                  {product} {ergonomic}
   size_t MarkStackSize                            = 4194304                                   {product} {ergonomic}
   size_t MaxHeapSize                              = 1015021568                                {product} {ergonomic}
   size_t MaxNewSize                               = 608174080                                 {product} {ergonomic}
   size_t MinHeapDeltaBytes                        = 1048576                                   {product} {ergonomic}
    uintx NonNMethodCodeHeapSize                   = 5830732                                {pd product} {ergonomic}
    uintx NonProfiledCodeHeapSize                  = 122913754                              {pd product} {ergonomic}
    uintx ProfiledCodeHeapSize                     = 122913754                              {pd product} {ergonomic}
    uintx ReservedCodeCacheSize                    = 251658240                              {pd product} {ergonomic}
     bool SegmentedCodeCache                       = true                                      {product} {ergonomic}
     bool UseCompressedClassPointers               = true                                 {lp64_product} {ergonomic}
     bool UseCompressedOops                        = true                                 {lp64_product} {ergonomic}
     bool UseG1GC                                  = true                                      {product} {ergonomic}

Logging:
Log output configuration:
 #0: stdout all=warning uptime,level,tags
 #1: stderr all=off uptime,level,tags

Environment Variables:
PATH=/usr/local/sbin:/usr/local/bin:/usr/sbin:/usr/bin:/sbin:/bin:/usr/games:/usr/local/games:/snap/bin:/snap/bin
USERNAME=ubuntu
SHELL=/bin/bash
DISPLAY=:0
LANG=zh_CN.UTF-8

Signal Handlers:
SIGSEGV: [libjvm.so+0xead700], sa_mask[0]=11111111011111111101111111111110, sa_flags=SA_RESTART|SA_SIGINFO
SIGBUS: [libjvm.so+0xead700], sa_mask[0]=11111111011111111101111111111110, sa_flags=SA_RESTART|SA_SIGINFO
SIGFPE: [libjvm.so+0xead700], sa_mask[0]=11111111011111111101111111111110, sa_flags=SA_RESTART|SA_SIGINFO
SIGPIPE: [libjvm.so+0xbefa50], sa_mask[0]=11111111011111111101111111111110, sa_flags=SA_RESTART|SA_SIGINFO
SIGXFSZ: [libjvm.so+0xbefa50], sa_mask[0]=11111111011111111101111111111110, sa_flags=SA_RESTART|SA_SIGINFO
SIGILL: [libjvm.so+0xead700], sa_mask[0]=11111111011111111101111111111110, sa_flags=SA_RESTART|SA_SIGINFO
SIGUSR2: [libjvm.so+0xbef8f0], sa_mask[0]=00100000000000000000000000000000, sa_flags=SA_RESTART|SA_SIGINFO
SIGHUP: [libjvm.so+0xbf00b0], sa_mask[0]=11111111011111111101111111111110, sa_flags=SA_RESTART|SA_SIGINFO
SIGINT: [libjvm.so+0xbf00b0], sa_mask[0]=11111111011111111101111111111110, sa_flags=SA_RESTART|SA_SIGINFO
SIGTERM: [libjvm.so+0xbf00b0], sa_mask[0]=11111111011111111101111111111110, sa_flags=SA_RESTART|SA_SIGINFO
SIGQUIT: [libjvm.so+0xbf00b0], sa_mask[0]=11111111011111111101111111111110, sa_flags=SA_RESTART|SA_SIGINFO


---------------  S Y S T E M  ---------------

OS:DISTRIB_ID=Ubuntu
DISTRIB_RELEASE=22.10
DISTRIB_CODENAME=kinetic
DISTRIB_DESCRIPTION="Ubuntu 22.10"
uname:Linux 6.5.0-21-generic #21~22.04.1-Ubuntu SMP PREEMPT_DYNAMIC Fri Feb  9 13:32:52 UTC 2 x86_64
OS uptime: 0 days 16:32 hours
libc:glibc 2.35 NPTL 2.35 
rlimit (soft/hard): STACK 8192k/infinity , CORE 0k/infinity , NPROC 15188/15188 , NOFILE 1048576/1048576 , AS infinity/infinity , CPU infinity/infinity , DATA infinity/infinity , FSIZE infinity/infinity , MEMLOCK 495444k/495444k
load average:3.77 1.67 1.01

/proc/meminfo:
MemTotal:        3963576 kB
MemFree:          478072 kB
MemAvailable:    1146204 kB
Buffers:           11036 kB
Cached:           662172 kB
SwapCached:        82168 kB
Active:          1566776 kB
Inactive:         967460 kB
Active(anon):    1135548 kB
Inactive(anon):   725840 kB
Active(file):     431228 kB
Inactive(file):   241620 kB
Unevictable:          16 kB
Mlocked:              16 kB
SwapTotal:       3991548 kB
SwapFree:        1801448 kB
Zswap:                 0 kB
Zswapped:              0 kB
Dirty:               192 kB
Writeback:             0 kB
AnonPages:       1846504 kB
Mapped:           166476 kB
Shmem:               212 kB
KReclaimable:     288320 kB
Slab:             464088 kB
SReclaimable:     288320 kB
SUnreclaim:       175768 kB
KernelStack:       13184 kB
PageTables:        25572 kB
SecPageTables:         0 kB
NFS_Unstable:          0 kB
Bounce:                0 kB
WritebackTmp:          0 kB
CommitLimit:     5973336 kB
Committed_AS:    6220944 kB
VmallocTotal:   34359738367 kB
VmallocUsed:       44072 kB
VmallocChunk:          0 kB
Percpu:           102912 kB
HardwareCorrupted:     0 kB
AnonHugePages:         0 kB
ShmemHugePages:        0 kB
ShmemPmdMapped:        0 kB
FileHugePages:         0 kB
FilePmdMapped:         0 kB
Unaccepted:            0 kB
HugePages_Total:       0
HugePages_Free:        0
HugePages_Rsvd:        0
HugePages_Surp:        0
Hugepagesize:       2048 kB
Hugetlb:               0 kB
DirectMap4k:      165696 kB
DirectMap2M:     2979840 kB
DirectMap1G:     3145728 kB

/sys/kernel/mm/transparent_hugepage/enabled:
always [madvise] never
/sys/kernel/mm/transparent_hugepage/defrag (defrag/compaction efforts parameter):
always defer defer+madvise [madvise] never

Process Memory:
Virtual Size: 3934964K (peak: 12378248K)
Resident Set Size: 96968K (peak: 96968K) (anon: 38852K, file: 58116K, shmem: 0K)
Swapped out: 0K
C-Heap outstanding allocations: 19013K, retained: 2490K
glibc malloc tunables: (default)

/proc/sys/kernel/threads-max (system-wide limit on the number of threads):
30377
/proc/sys/vm/max_map_count (maximum number of memory map areas a process may have):
65530
/proc/sys/kernel/pid_max (system-wide limit on number of process identifiers):
4194304

container (cgroup) information:
container_type: cgroupv2
cpu_cpuset_cpus: not supported
cpu_memory_nodes: not supported
active_processor_count: 4
cpu_quota: not supported
cpu_period: not supported
cpu_shares: not supported
memory_limit_in_bytes: unlimited
memory_and_swap_limit_in_bytes: unlimited
memory_soft_limit_in_bytes: unlimited
memory_usage_in_bytes: 2093120 k
memory_max_usage_in_bytes: not supported
memory_swap_current_in_bytes: 1649208 k
memory_swap_max_limit_in_bytes: unlimited
maximum number of tasks: 4556
current number of tasks: 151

VMWare virtualization detected
Steal ticks since vm start: 0
Steal ticks percentage since vm start:  0.000

CPU:total 4 (initial active 4) (1 cores per cpu, 1 threads per core) family 25 model 80 stepping 0 microcode 0xffffffff, cmov, cx8, fxsr, mmx, sse, sse2, sse3, ssse3, sse4.1, sse4.2, popcnt, avx, avx2, aes, clmul, erms, mmxext, lzcnt, sse4a, tsc, tscinvbit, tscinv, bmi1, bmi2, adx, sha, fma
CPU Model and flags from /proc/cpuinfo:
model name	: AMD Ryzen 5 5600H with Radeon Graphics
flags		: fpu vme de pse tsc msr pae mce cx8 apic sep mtrr pge mca cmov pat pse36 clflush mmx fxsr sse sse2 syscall nx mmxext pdpe1gb rdtscp lm constant_tsc rep_good nopl tsc_reliable nonstop_tsc cpuid extd_apicid tsc_known_freq pni pclmulqdq ssse3 fma cx16 sse4_1 sse4_2 x2apic movbe popcnt aes xsave avx f16c rdrand hypervisor lahf_lm cr8_legacy abm sse4a misalignsse 3dnowprefetch osvw topoext ibpb vmmcall fsgsbase bmi1 avx2 smep bmi2 erms invpcid rdseed adx smap clflushopt clwb sha_ni xsaveopt xsavec xgetbv1 xsaves clzero arat umip vaes vpclmulqdq rdpid overflow_recov succor fsrm
Online cpus:
0-3
Offline cpus:
4-127
BIOS frequency limitation:
<Not Available>
Frequency switch latency (ns):
<Not Available>
Available cpu frequencies:
<Not Available>
Current governor:
<Not Available>
Core performance/turbo boost:
<Not Available>

Memory: 4k page, physical 3963576k(478072k free), swap 3991548k(1801448k free)

vm_info: OpenJDK 64-Bit Server VM (11.0.22+7-post-Ubuntu-0ubuntu222.04.1) for linux-amd64 JRE (11.0.22+7-post-Ubuntu-0ubuntu222.04.1), built on Feb  5 2024 20:45:01 by "unknown" with gcc 11.4.0

END.
