#
# A fatal error has been detected by the Java Runtime Environment:
#
#  SIGSEGV (0xb) at pc=0x00007f904e02ca66, pid=46136, tid=46138
#
# JRE version: OpenJDK Runtime Environment (11.0.22+7) (build 11.0.22+7-post-Ubuntu-0ubuntu222.04.1)
# Java VM: OpenJDK 64-Bit Server VM (11.0.22+7-post-Ubuntu-0ubuntu222.04.1, mixed mode, sharing, tiered, compressed oops, g1 gc, linux-amd64)
# Problematic frame:
# C  [libLLVM-13.so+0xc2ca66]  LLVMBuildStore+0x26
#
# Core dump will be written. Default location: Core dumps may be processed with "/usr/share/apport/apport -p%p -s%s -c%c -d%d -P%P -u%u -g%g -- %E" (or dumping to /home/ubuntu/Lab/core.46136)
#
# If you would like to submit a bug report, please visit:
#   https://bugs.launchpad.net/ubuntu/+source/openjdk-lts
# The crash happened outside the Java Virtual Machine in native code.
# See problematic frame for where to report the bug.
#

---------------  S U M M A R Y ------------

Command Line: -javaagent:/home/ubuntu/software/idea-IU-233.14475.28/lib/idea_rt.jar=33165:/home/ubuntu/software/idea-IU-233.14475.28/bin -Dfile.encoding=UTF-8 Main tests/test1.c tests/Actual.ll

Host: AMD Ryzen 5 5600H with Radeon Graphics, 4 cores, 3G, Ubuntu 22.10
Time: Tue May 28 23:07:30 2024 CST elapsed time: 0.335431 seconds (0d 0h 0m 0s)

---------------  T H R E A D  ---------------

Current thread (0x00007f90b8016800):  JavaThread "main" [_thread_in_native, id=46138, stack(0x00007f90c1300000,0x00007f90c1400000)]

Stack: [0x00007f90c1300000,0x00007f90c1400000],  sp=0x00007f90c13fdb10,  free space=1014k
Native frames: (J=compiled Java code, A=aot compiled Java code, j=interpreted, Vv=VM code, C=native code)
C  [libLLVM-13.so+0xc2ca66]  LLVMBuildStore+0x26

Java frames: (J=compiled Java code, j=interpreted, Vv=VM code)
j  org.bytedeco.llvm.global.LLVM.LLVMBuildStore(Lorg/bytedeco/llvm/LLVM/LLVMBuilderRef;Lorg/bytedeco/llvm/LLVM/LLVMValueRef;Lorg/bytedeco/llvm/LLVM/LLVMValueRef;)Lorg/bytedeco/llvm/LLVM/LLVMValueRef;+0
j  myVisitor.visitVarDef(LSysYParser$VarDefContext;)Lorg/bytedeco/llvm/LLVM/LLVMValueRef;+146
j  myVisitor.visitVarDef(LSysYParser$VarDefContext;)Ljava/lang/Object;+2
j  SysYParser$VarDefContext.accept(Lorg/antlr/v4/runtime/tree/ParseTreeVisitor;)Ljava/lang/Object;+12
j  org.antlr.v4.runtime.tree.AbstractParseTreeVisitor.visitChildren(Lorg/antlr/v4/runtime/tree/RuleNode;)Ljava/lang/Object;+46
j  SysYParserBaseVisitor.visitVarDecl(LSysYParser$VarDeclContext;)Ljava/lang/Object;+2
j  SysYParser$VarDeclContext.accept(Lorg/antlr/v4/runtime/tree/ParseTreeVisitor;)Ljava/lang/Object;+12
j  org.antlr.v4.runtime.tree.AbstractParseTreeVisitor.visitChildren(Lorg/antlr/v4/runtime/tree/RuleNode;)Ljava/lang/Object;+46
j  SysYParserBaseVisitor.visitDecl(LSysYParser$DeclContext;)Ljava/lang/Object;+2
j  SysYParser$DeclContext.accept(Lorg/antlr/v4/runtime/tree/ParseTreeVisitor;)Ljava/lang/Object;+12
j  org.antlr.v4.runtime.tree.AbstractParseTreeVisitor.visitChildren(Lorg/antlr/v4/runtime/tree/RuleNode;)Ljava/lang/Object;+46
j  SysYParserBaseVisitor.visitBlockItem(LSysYParser$BlockItemContext;)Ljava/lang/Object;+2
j  SysYParser$BlockItemContext.accept(Lorg/antlr/v4/runtime/tree/ParseTreeVisitor;)Ljava/lang/Object;+12
j  org.antlr.v4.runtime.tree.AbstractParseTreeVisitor.visitChildren(Lorg/antlr/v4/runtime/tree/RuleNode;)Ljava/lang/Object;+46
j  myVisitor.visitBlock(LSysYParser$BlockContext;)Lorg/bytedeco/llvm/LLVM/LLVMValueRef;+9
j  myVisitor.visitBlock(LSysYParser$BlockContext;)Ljava/lang/Object;+2
j  SysYParser$BlockContext.accept(Lorg/antlr/v4/runtime/tree/ParseTreeVisitor;)Ljava/lang/Object;+12
j  org.antlr.v4.runtime.tree.AbstractParseTreeVisitor.visit(Lorg/antlr/v4/runtime/tree/ParseTree;)Ljava/lang/Object;+2
j  myVisitor.visitFuncDef(LSysYParser$FuncDefContext;)Lorg/bytedeco/llvm/LLVM/LLVMValueRef;+266
j  myVisitor.visitFuncDef(LSysYParser$FuncDefContext;)Ljava/lang/Object;+2
j  SysYParser$FuncDefContext.accept(Lorg/antlr/v4/runtime/tree/ParseTreeVisitor;)Ljava/lang/Object;+12
j  org.antlr.v4.runtime.tree.AbstractParseTreeVisitor.visitChildren(Lorg/antlr/v4/runtime/tree/RuleNode;)Ljava/lang/Object;+46
j  SysYParserBaseVisitor.visitCompUnit(LSysYParser$CompUnitContext;)Ljava/lang/Object;+2
j  SysYParser$CompUnitContext.accept(Lorg/antlr/v4/runtime/tree/ParseTreeVisitor;)Ljava/lang/Object;+12
j  org.antlr.v4.runtime.tree.AbstractParseTreeVisitor.visitChildren(Lorg/antlr/v4/runtime/tree/RuleNode;)Ljava/lang/Object;+46
j  SysYParserBaseVisitor.visitProgram(LSysYParser$ProgramContext;)Ljava/lang/Object;+2
j  SysYParser$ProgramContext.accept(Lorg/antlr/v4/runtime/tree/ParseTreeVisitor;)Ljava/lang/Object;+12
j  org.antlr.v4.runtime.tree.AbstractParseTreeVisitor.visit(Lorg/antlr/v4/runtime/tree/ParseTree;)Ljava/lang/Object;+2
j  Main.main([Ljava/lang/String;)V+79
v  ~StubRoutines::call_stub

siginfo: si_signo: 11 (SIGSEGV), si_code: 1 (SEGV_MAPERR), si_addr: 0x0000000000000000

Register to memory mapping:

RAX=0x00007f90b8498fa0 points into unknown readable memory: 0x000000000a000100 | 00 01 00 0a 00 00 00 00
RBX=0x0 is NULL
RCX=0x0 is NULL
RDX=0x00007f90b84a56b0 points into unknown readable memory: 0x00007f90b849fc50 | 50 fc 49 b8 90 7f 00 00
RSP=0x00007f90c13fdb10 is pointing into the stack for thread: 0x00007f90b8016800
RBP=0x00007f90b838f250 points into unknown readable memory: 0x00007f90b838f260 | 60 f2 38 b8 90 7f 00 00
RSI=0x0 is NULL
RDI=0x00007f90b8498ed0 points into unknown readable memory: 0x00007f90b849a330 | 30 a3 49 b8 90 7f 00 00
R8 =0x00007f90c13fdc40 is pointing into the stack for thread: 0x00007f90b8016800
R9 =0x00000000c6b82b38 is an oop: org.bytedeco.llvm.LLVM.LLVMValueRef 
{0x00000000c6b82b38} - klass: 'org/bytedeco/llvm/LLVM/LLVMValueRef'
 - ---- fields (total size 6 words):
 - private 'deallocator' 'Lorg/bytedeco/javacpp/Pointer$Deallocator;' @12  NULL (0)
 - protected 'address' 'J' @16  140259543897776 (b84a56b0 7f90)
 - protected 'position' 'J' @24  0 (0 0)
 - protected 'limit' 'J' @32  0 (0 0)
 - protected 'capacity' 'J' @40  0 (0 0)
R10=0x000000000000000a is an unknown value
R11=0x00007f90c12aaa84: <offset 0x00000000012aaa84> in /usr/lib/jvm/java-11-openjdk-amd64/lib/server/libjvm.so at 0x00007f90c0000000
R12=0x00007f90b838f250 points into unknown readable memory: 0x00007f90b838f260 | 60 f2 38 b8 90 7f 00 00
R13=0x0 is NULL
R14=0x00007f90b84a56b0 points into unknown readable memory: 0x00007f90b849fc50 | 50 fc 49 b8 90 7f 00 00
R15=0x00007f90b84a56b0 points into unknown readable memory: 0x00007f90b849fc50 | 50 fc 49 b8 90 7f 00 00


Registers:
RAX=0x00007f90b8498fa0, RBX=0x0000000000000000, RCX=0x0000000000000000, RDX=0x00007f90b84a56b0
RSP=0x00007f90c13fdb10, RBP=0x00007f90b838f250, RSI=0x0000000000000000, RDI=0x00007f90b8498ed0
R8 =0x00007f90c13fdc40, R9 =0x00000000c6b82b38, R10=0x000000000000000a, R11=0x00007f90c12aaa84
R12=0x00007f90b838f250, R13=0x0000000000000000, R14=0x00007f90b84a56b0, R15=0x00007f90b84a56b0
RIP=0x00007f904e02ca66, EFLAGS=0x0000000000010202, CSGSFS=0x002b000000000033, ERR=0x0000000000000004
  TRAPNO=0x000000000000000e

Top of Stack: (sp=0x00007f90c13fdb10)
0x00007f90c13fdb10:   00007f90c13fdb38 00007f90c13fdb90
0x00007f90c13fdb20:   00007f90a0609fc0 0000000000000000
0x00007f90c13fdb30:   00000000ffffffff 00000000c6b82ca0
0x00007f90c13fdb40:   0000000000000000 00007f90b8016b48 

Instructions: (pc=0x00007f904e02ca66)
0x00007f904e02c966:   55 49 89 f5 be 01 01 00 00 41 54 55 48 89 fd 53
0x00007f904e02c976:   48 83 ec 60 80 39 00 66 89 74 24 20 74 09 48 89
0x00007f904e02c986:   0c 24 c6 44 24 20 03 48 8b 7d 30 e8 ea 14 fc ff
0x00007f904e02c996:   48 89 c7 e8 62 46 0e 00 4c 89 ee 48 89 c7 e8 c7
0x00007f904e02c9a6:   45 01 00 be 01 00 00 00 bf 40 00 00 00 89 c3 b8
0x00007f904e02c9b6:   01 01 00 00 66 89 44 24 50 e8 bc 09 13 00 48 8d
0x00007f904e02c9c6:   4c 24 30 41 89 d9 45 31 c0 48 83 ec 08 48 89 c7
0x00007f904e02c9d6:   4c 89 f2 4c 89 ee 6a 00 49 89 c4 e8 3a 5c 09 00
0x00007f904e02c9e6:   48 8b 7d 50 48 8b 4d 30 4c 89 e6 48 8d 54 24 10
0x00007f904e02c9f6:   4c 8b 45 38 48 8b 07 ff 50 10 48 8b 5d 00 8b 6d
0x00007f904e02ca06:   08 5a 59 48 c1 e5 04 48 01 dd 48 39 eb 74 1a 0f
0x00007f904e02ca16:   1f 00 48 8b 53 08 8b 33 4c 89 e7 48 83 c3 10 e8
0x00007f904e02ca26:   16 14 0e 00 48 39 dd 75 e9 48 83 c4 60 4c 89 e0
0x00007f904e02ca36:   5b 5d 41 5c 41 5d 41 5e c3 90 41 56 49 89 d6 41
0x00007f904e02ca46:   55 49 89 f5 41 54 55 48 89 fd 53 48 83 ec 30 48
0x00007f904e02ca56:   8b 7f 30 e8 22 14 fc ff 48 89 c7 e8 9a 45 0e 00
0x00007f904e02ca66:   49 8b 75 00 48 89 c7 e8 fe 44 01 00 be 02 00 00
0x00007f904e02ca76:   00 bf 40 00 00 00 89 c3 b8 01 01 00 00 66 89 44
0x00007f904e02ca86:   24 20 e8 f3 08 13 00 41 89 d8 45 31 c9 31 c9 48
0x00007f904e02ca96:   89 c7 4c 89 f2 4c 89 ee 49 89 c4 e8 6a 62 09 00
0x00007f904e02caa6:   48 8b 7d 50 48 8b 4d 30 48 89 e2 4c 8b 45 38 4c
0x00007f904e02cab6:   89 e6 48 8b 07 ff 50 10 48 8b 5d 00 8b 6d 08 48
0x00007f904e02cac6:   c1 e5 04 48 01 dd 48 39 eb 74 1e 0f 1f 80 00 00
0x00007f904e02cad6:   00 00 48 8b 53 08 8b 33 4c 89 e7 48 83 c3 10 e8
0x00007f904e02cae6:   56 13 0e 00 48 39 dd 75 e9 48 83 c4 30 4c 89 e0
0x00007f904e02caf6:   5b 5d 41 5c 41 5d 41 5e c3 90 41 56 b8 01 01 00
0x00007f904e02cb06:   00 41 55 41 89 f5 41 54 55 48 89 fd 53 48 83 ec
0x00007f904e02cb16:   30 80 39 00 66 89 44 24 20 74 09 48 89 0c 24 c6
0x00007f904e02cb26:   44 24 20 03 45 31 f6 85 d2 bf 40 00 00 00 41 0f
0x00007f904e02cb36:   94 c6 31 f6 e8 41 08 13 00 48 8b 75 40 45 31 c0
0x00007f904e02cb46:   44 89 f1 48 89 c7 44 89 ea 49 89 c4 e8 39 6f 09
0x00007f904e02cb56:   00 48 8b 7d 50 48 8b 4d 30 48 89 e2 4c 8b 45 38 


Stack slot to memory mapping:
stack at sp + 0 slots: 0x00007f90c13fdb38 is pointing into the stack for thread: 0x00007f90b8016800
stack at sp + 1 slots: 0x00007f90c13fdb90 is pointing into the stack for thread: 0x00007f90b8016800
stack at sp + 2 slots: 0x00007f90a0609fc0 is at code_begin+1664 in an Interpreter codelet
invoke return entry points  [0x00007f90a0609940, 0x00007f90a060a360]  2592 bytes
stack at sp + 3 slots: 0x0 is NULL
stack at sp + 4 slots: 0x00000000ffffffff is an unallocated location in the heap
stack at sp + 5 slots: 0x00000000c6b82ca0 points into unknown readable memory: 0x0000000000000005 | 05 00 00 00 00 00 00 00
stack at sp + 6 slots: 0x0 is NULL
stack at sp + 7 slots: 0x00007f90b8016b48 points into unknown readable memory: 0x00007f90c1246b40 | 40 6b 24 c1 90 7f 00 00


---------------  P R O C E S S  ---------------

Threads class SMR info:
_java_thread_list=0x00007f90b8260e30, length=12, elements={
0x00007f90b8016800, 0x00007f90b8128000, 0x00007f90b812a000, 0x00007f90b812f800,
0x00007f90b8131800, 0x00007f90b8134000, 0x00007f90b8136000, 0x00007f90b8138000,
0x00007f90b8165800, 0x00007f906c056000, 0x00007f90b8243000, 0x00007f90b825e800
}

Java Threads: ( => current thread )
=>0x00007f90b8016800 JavaThread "main" [_thread_in_native, id=46138, stack(0x00007f90c1300000,0x00007f90c1400000)]
  0x00007f90b8128000 JavaThread "Reference Handler" daemon [_thread_blocked, id=46153, stack(0x00007f90b7f00000,0x00007f90b8000000)]
  0x00007f90b812a000 JavaThread "Finalizer" daemon [_thread_blocked, id=46154, stack(0x00007f90a0500000,0x00007f90a0600000)]
  0x00007f90b812f800 JavaThread "Signal Dispatcher" daemon [_thread_blocked, id=46157, stack(0x00007f90a0400000,0x00007f90a0500000)]
  0x00007f90b8131800 JavaThread "Service Thread" daemon [_thread_blocked, id=46159, stack(0x00007f90a0300000,0x00007f90a0400000)]
  0x00007f90b8134000 JavaThread "C2 CompilerThread0" daemon [_thread_blocked, id=46161, stack(0x00007f90a0200000,0x00007f90a0300000)]
  0x00007f90b8136000 JavaThread "C1 CompilerThread0" daemon [_thread_blocked, id=46163, stack(0x00007f90a0100000,0x00007f90a0200000)]
  0x00007f90b8138000 JavaThread "Sweeper thread" daemon [_thread_blocked, id=46164, stack(0x00007f90a0000000,0x00007f90a0100000)]
  0x00007f90b8165800 JavaThread "Common-Cleaner" daemon [_thread_blocked, id=46167, stack(0x00007f9091f00000,0x00007f9092000000)]
  0x00007f906c056000 JavaThread "C2 CompilerThread1" daemon [_thread_blocked, id=46168, stack(0x00007f9091500000,0x00007f9091600000)]
  0x00007f90b8243000 JavaThread "Monitor Ctrl-Break" daemon [_thread_in_native, id=46170, stack(0x00007f9091400000,0x00007f9091500000)]
  0x00007f90b825e800 JavaThread "JavaCPP Deallocator" daemon [_thread_blocked, id=46172, stack(0x00007f90911ff000,0x00007f90912ff000)]

Other Threads:
  0x00007f90b8125800 VMThread "VM Thread" [stack: 0x00007f90bc09b000,0x00007f90bc19b000] [id=46152]
  0x00007f90b8246000 WatcherThread [stack: 0x00007f9091300000,0x00007f9091400000] [id=46171]
  0x00007f90b802f800 GCTaskThread "GC Thread#0" [stack: 0x00007f90bfa15000,0x00007f90bfb15000] [id=46144]
  0x00007f90b804a800 ConcurrentGCThread "G1 Main Marker" [stack: 0x00007f90bd124000,0x00007f90bd224000] [id=46145]
  0x00007f90b804c800 ConcurrentGCThread "G1 Conc#0" [stack: 0x00007f90bd023000,0x00007f90bd123000] [id=46146]
  0x00007f90b8090000 ConcurrentGCThread "G1 Refine#0" [stack: 0x00007f90bcb1e000,0x00007f90bcc1e000] [id=46147]
  0x00007f90b8092000 ConcurrentGCThread "G1 Young RemSet Sampling" [stack: 0x00007f90bca1d000,0x00007f90bcb1d000] [id=46148]

Threads with active compile tasks:

VM state:not at safepoint (normal execution)

VM Mutex/Monitor currently owned by a thread: None

Heap address: 0x00000000c3800000, size: 968 MB, Compressed Oops mode: 32-bit
Narrow klass base: 0x0000000800000000, Narrow klass shift: 3
Compressed class space size: 1073741824 Address: 0x0000000840000000

Heap:
 garbage-first heap   total 65536K, used 9936K [0x00000000c3800000, 0x0000000100000000)
  region size 1024K, 11 young (11264K), 0 survivors (0K)
 Metaspace       used 3923K, capacity 6550K, committed 6656K, reserved 1056768K
  class space    used 432K, capacity 695K, committed 768K, reserved 1048576K
Heap Regions: E=young(eden), S=young(survivor), O=old, HS=humongous(starts), HC=humongous(continues), CS=collection set, F=free, A=archive, TAMS=top-at-mark-start (previous, next)
|   0|0x00000000c3800000, 0x00000000c3800000, 0x00000000c3900000|  0%| F|  |TAMS 0x00000000c3800000, 0x00000000c3800000| Untracked 
|   1|0x00000000c3900000, 0x00000000c3900000, 0x00000000c3a00000|  0%| F|  |TAMS 0x00000000c3900000, 0x00000000c3900000| Untracked 
|   2|0x00000000c3a00000, 0x00000000c3a00000, 0x00000000c3b00000|  0%| F|  |TAMS 0x00000000c3a00000, 0x00000000c3a00000| Untracked 
|   3|0x00000000c3b00000, 0x00000000c3b00000, 0x00000000c3c00000|  0%| F|  |TAMS 0x00000000c3b00000, 0x00000000c3b00000| Untracked 
|   4|0x00000000c3c00000, 0x00000000c3c00000, 0x00000000c3d00000|  0%| F|  |TAMS 0x00000000c3c00000, 0x00000000c3c00000| Untracked 
|   5|0x00000000c3d00000, 0x00000000c3d00000, 0x00000000c3e00000|  0%| F|  |TAMS 0x00000000c3d00000, 0x00000000c3d00000| Untracked 
|   6|0x00000000c3e00000, 0x00000000c3e00000, 0x00000000c3f00000|  0%| F|  |TAMS 0x00000000c3e00000, 0x00000000c3e00000| Untracked 
|   7|0x00000000c3f00000, 0x00000000c3f00000, 0x00000000c4000000|  0%| F|  |TAMS 0x00000000c3f00000, 0x00000000c3f00000| Untracked 
|   8|0x00000000c4000000, 0x00000000c4000000, 0x00000000c4100000|  0%| F|  |TAMS 0x00000000c4000000, 0x00000000c4000000| Untracked 
|   9|0x00000000c4100000, 0x00000000c4100000, 0x00000000c4200000|  0%| F|  |TAMS 0x00000000c4100000, 0x00000000c4100000| Untracked 
|  10|0x00000000c4200000, 0x00000000c4200000, 0x00000000c4300000|  0%| F|  |TAMS 0x00000000c4200000, 0x00000000c4200000| Untracked 
|  11|0x00000000c4300000, 0x00000000c4300000, 0x00000000c4400000|  0%| F|  |TAMS 0x00000000c4300000, 0x00000000c4300000| Untracked 
|  12|0x00000000c4400000, 0x00000000c4400000, 0x00000000c4500000|  0%| F|  |TAMS 0x00000000c4400000, 0x00000000c4400000| Untracked 
|  13|0x00000000c4500000, 0x00000000c4500000, 0x00000000c4600000|  0%| F|  |TAMS 0x00000000c4500000, 0x00000000c4500000| Untracked 
|  14|0x00000000c4600000, 0x00000000c4600000, 0x00000000c4700000|  0%| F|  |TAMS 0x00000000c4600000, 0x00000000c4600000| Untracked 
|  15|0x00000000c4700000, 0x00000000c4700000, 0x00000000c4800000|  0%| F|  |TAMS 0x00000000c4700000, 0x00000000c4700000| Untracked 
|  16|0x00000000c4800000, 0x00000000c4800000, 0x00000000c4900000|  0%| F|  |TAMS 0x00000000c4800000, 0x00000000c4800000| Untracked 
|  17|0x00000000c4900000, 0x00000000c4900000, 0x00000000c4a00000|  0%| F|  |TAMS 0x00000000c4900000, 0x00000000c4900000| Untracked 
|  18|0x00000000c4a00000, 0x00000000c4a00000, 0x00000000c4b00000|  0%| F|  |TAMS 0x00000000c4a00000, 0x00000000c4a00000| Untracked 
|  19|0x00000000c4b00000, 0x00000000c4b00000, 0x00000000c4c00000|  0%| F|  |TAMS 0x00000000c4b00000, 0x00000000c4b00000| Untracked 
|  20|0x00000000c4c00000, 0x00000000c4c00000, 0x00000000c4d00000|  0%| F|  |TAMS 0x00000000c4c00000, 0x00000000c4c00000| Untracked 
|  21|0x00000000c4d00000, 0x00000000c4d00000, 0x00000000c4e00000|  0%| F|  |TAMS 0x00000000c4d00000, 0x00000000c4d00000| Untracked 
|  22|0x00000000c4e00000, 0x00000000c4e00000, 0x00000000c4f00000|  0%| F|  |TAMS 0x00000000c4e00000, 0x00000000c4e00000| Untracked 
|  23|0x00000000c4f00000, 0x00000000c4f00000, 0x00000000c5000000|  0%| F|  |TAMS 0x00000000c4f00000, 0x00000000c4f00000| Untracked 
|  24|0x00000000c5000000, 0x00000000c5000000, 0x00000000c5100000|  0%| F|  |TAMS 0x00000000c5000000, 0x00000000c5000000| Untracked 
|  25|0x00000000c5100000, 0x00000000c5100000, 0x00000000c5200000|  0%| F|  |TAMS 0x00000000c5100000, 0x00000000c5100000| Untracked 
|  26|0x00000000c5200000, 0x00000000c5200000, 0x00000000c5300000|  0%| F|  |TAMS 0x00000000c5200000, 0x00000000c5200000| Untracked 
|  27|0x00000000c5300000, 0x00000000c5300000, 0x00000000c5400000|  0%| F|  |TAMS 0x00000000c5300000, 0x00000000c5300000| Untracked 
|  28|0x00000000c5400000, 0x00000000c5400000, 0x00000000c5500000|  0%| F|  |TAMS 0x00000000c5400000, 0x00000000c5400000| Untracked 
|  29|0x00000000c5500000, 0x00000000c5500000, 0x00000000c5600000|  0%| F|  |TAMS 0x00000000c5500000, 0x00000000c5500000| Untracked 
|  30|0x00000000c5600000, 0x00000000c5600000, 0x00000000c5700000|  0%| F|  |TAMS 0x00000000c5600000, 0x00000000c5600000| Untracked 
|  31|0x00000000c5700000, 0x00000000c5700000, 0x00000000c5800000|  0%| F|  |TAMS 0x00000000c5700000, 0x00000000c5700000| Untracked 
|  32|0x00000000c5800000, 0x00000000c5800000, 0x00000000c5900000|  0%| F|  |TAMS 0x00000000c5800000, 0x00000000c5800000| Untracked 
|  33|0x00000000c5900000, 0x00000000c5900000, 0x00000000c5a00000|  0%| F|  |TAMS 0x00000000c5900000, 0x00000000c5900000| Untracked 
|  34|0x00000000c5a00000, 0x00000000c5a00000, 0x00000000c5b00000|  0%| F|  |TAMS 0x00000000c5a00000, 0x00000000c5a00000| Untracked 
|  35|0x00000000c5b00000, 0x00000000c5b00000, 0x00000000c5c00000|  0%| F|  |TAMS 0x00000000c5b00000, 0x00000000c5b00000| Untracked 
|  36|0x00000000c5c00000, 0x00000000c5c00000, 0x00000000c5d00000|  0%| F|  |TAMS 0x00000000c5c00000, 0x00000000c5c00000| Untracked 
|  37|0x00000000c5d00000, 0x00000000c5d00000, 0x00000000c5e00000|  0%| F|  |TAMS 0x00000000c5d00000, 0x00000000c5d00000| Untracked 
|  38|0x00000000c5e00000, 0x00000000c5e00000, 0x00000000c5f00000|  0%| F|  |TAMS 0x00000000c5e00000, 0x00000000c5e00000| Untracked 
|  39|0x00000000c5f00000, 0x00000000c5f00000, 0x00000000c6000000|  0%| F|  |TAMS 0x00000000c5f00000, 0x00000000c5f00000| Untracked 
|  40|0x00000000c6000000, 0x00000000c6000000, 0x00000000c6100000|  0%| F|  |TAMS 0x00000000c6000000, 0x00000000c6000000| Untracked 
|  41|0x00000000c6100000, 0x00000000c6100000, 0x00000000c6200000|  0%| F|  |TAMS 0x00000000c6100000, 0x00000000c6100000| Untracked 
|  42|0x00000000c6200000, 0x00000000c6200000, 0x00000000c6300000|  0%| F|  |TAMS 0x00000000c6200000, 0x00000000c6200000| Untracked 
|  43|0x00000000c6300000, 0x00000000c6300000, 0x00000000c6400000|  0%| F|  |TAMS 0x00000000c6300000, 0x00000000c6300000| Untracked 
|  44|0x00000000c6400000, 0x00000000c6400000, 0x00000000c6500000|  0%| F|  |TAMS 0x00000000c6400000, 0x00000000c6400000| Untracked 
|  45|0x00000000c6500000, 0x00000000c6500000, 0x00000000c6600000|  0%| F|  |TAMS 0x00000000c6500000, 0x00000000c6500000| Untracked 
|  46|0x00000000c6600000, 0x00000000c6600000, 0x00000000c6700000|  0%| F|  |TAMS 0x00000000c6600000, 0x00000000c6600000| Untracked 
|  47|0x00000000c6700000, 0x00000000c6700000, 0x00000000c6800000|  0%| F|  |TAMS 0x00000000c6700000, 0x00000000c6700000| Untracked 
|  48|0x00000000c6800000, 0x00000000c6800000, 0x00000000c6900000|  0%| F|  |TAMS 0x00000000c6800000, 0x00000000c6800000| Untracked 
|  49|0x00000000c6900000, 0x00000000c6900000, 0x00000000c6a00000|  0%| F|  |TAMS 0x00000000c6900000, 0x00000000c6900000| Untracked 
|  50|0x00000000c6a00000, 0x00000000c6a00000, 0x00000000c6b00000|  0%| F|  |TAMS 0x00000000c6a00000, 0x00000000c6a00000| Untracked 
|  51|0x00000000c6b00000, 0x00000000c6b903e0, 0x00000000c6c00000| 56%| E|  |TAMS 0x00000000c6b00000, 0x00000000c6b00000| Complete 
|  52|0x00000000c6c00000, 0x00000000c6d00000, 0x00000000c6d00000|100%| E|CS|TAMS 0x00000000c6c00000, 0x00000000c6c00000| Complete 
|  53|0x00000000c6d00000, 0x00000000c6e00000, 0x00000000c6e00000|100%| E|CS|TAMS 0x00000000c6d00000, 0x00000000c6d00000| Complete 
|  54|0x00000000c6e00000, 0x00000000c6f00000, 0x00000000c6f00000|100%| E|CS|TAMS 0x00000000c6e00000, 0x00000000c6e00000| Complete 
|  55|0x00000000c6f00000, 0x00000000c7000000, 0x00000000c7000000|100%| E|  |TAMS 0x00000000c6f00000, 0x00000000c6f00000| Complete 
|  56|0x00000000c7000000, 0x00000000c7100000, 0x00000000c7100000|100%| E|CS|TAMS 0x00000000c7000000, 0x00000000c7000000| Complete 
|  57|0x00000000c7100000, 0x00000000c7200000, 0x00000000c7200000|100%| E|CS|TAMS 0x00000000c7100000, 0x00000000c7100000| Complete 
|  58|0x00000000c7200000, 0x00000000c7300000, 0x00000000c7300000|100%| E|CS|TAMS 0x00000000c7200000, 0x00000000c7200000| Complete 
|  59|0x00000000c7300000, 0x00000000c7400000, 0x00000000c7400000|100%| E|CS|TAMS 0x00000000c7300000, 0x00000000c7300000| Complete 
|  60|0x00000000c7400000, 0x00000000c7500000, 0x00000000c7500000|100%| E|CS|TAMS 0x00000000c7400000, 0x00000000c7400000| Complete 
|  61|0x00000000c7500000, 0x00000000c7600000, 0x00000000c7600000|100%| E|CS|TAMS 0x00000000c7500000, 0x00000000c7500000| Complete 
| 966|0x00000000ffe00000, 0x00000000ffe48000, 0x00000000fff00000| 28%|OA|  |TAMS 0x00000000ffe00000, 0x00000000ffe00000| Untracked 
| 967|0x00000000fff00000, 0x00000000fff6c000, 0x0000000100000000| 42%|CA|  |TAMS 0x00000000fff00000, 0x00000000fff00000| Untracked 

Card table byte_map: [0x00007f90bf248000,0x00007f90bf42c000] _byte_map_base: 0x00007f90bec2c000

Marking Bits (Prev, Next): (CMBitMap*) 0x00007f90b8045c68, (CMBitMap*) 0x00007f90b8045ca0
 Prev Bits: [0x00007f90be144000, 0x00007f90bf064000)
 Next Bits: [0x00007f90bd224000, 0x00007f90be144000)

Polling page: 0x00007f90bfffe000

Metaspace:

Usage:
  Non-class:      5.72 MB capacity,     3.41 MB ( 60%) used,     2.30 MB ( 40%) free+waste,     6.88 KB ( <1%) overhead. 
      Class:    695.00 KB capacity,   432.10 KB ( 62%) used,   259.15 KB ( 37%) free+waste,     3.75 KB ( <1%) overhead. 
       Both:      6.40 MB capacity,     3.83 MB ( 60%) used,     2.55 MB ( 40%) free+waste,    10.62 KB ( <1%) overhead. 

Virtual space:
  Non-class space:        8.00 MB reserved,       5.75 MB ( 72%) committed 
      Class space:        1.00 GB reserved,     768.00 KB ( <1%) committed 
             Both:        1.01 GB reserved,       6.50 MB ( <1%) committed 

Chunk freelists:
   Non-Class:  0 bytes
       Class:  9.00 KB
        Both:  9.00 KB

MaxMetaspaceSize: unlimited
CompressedClassSpaceSize: 1.00 GB
Initial GC threshold: 20.80 MB
Current GC threshold: 20.80 MB
CDS: on

CodeHeap 'non-profiled nmethods': size=120032Kb used=221Kb max_used=221Kb free=119810Kb
 bounds [0x00007f90a80c8000, 0x00007f90a8338000, 0x00007f90af600000]
CodeHeap 'profiled nmethods': size=120032Kb used=1268Kb max_used=1268Kb free=118763Kb
 bounds [0x00007f90a0b90000, 0x00007f90a0e00000, 0x00007f90a80c8000]
CodeHeap 'non-nmethods': size=5696Kb used=1150Kb max_used=1163Kb free=4546Kb
 bounds [0x00007f90a0600000, 0x00007f90a0870000, 0x00007f90a0b90000]
 total_blobs=1138 nmethods=729 adapters=323
 compilation: enabled
              stopped_count=0, restarted_count=0
 full_count=0

Compilation events (20 events):
Event: 0.330 Thread 0x00007f90b8136000 nmethod 708 0x00007f90a0cb9710 code [0x00007f90a0cb98c0, 0x00007f90a0cb9a90]
Event: 0.330 Thread 0x00007f90b8136000  709       3       java.lang.Class::getComponentType (14 bytes)
Event: 0.330 Thread 0x00007f90b8136000 nmethod 709 0x00007f90a0cb9b90 code [0x00007f90a0cb9d40, 0x00007f90a0cb9ee0]
Event: 0.330 Thread 0x00007f90b8136000  710       3       java.lang.invoke.MemberName::flagsMods (72 bytes)
Event: 0.330 Thread 0x00007f90b8136000 nmethod 710 0x00007f90a0cb9f90 code [0x00007f90a0cba140, 0x00007f90a0cba250]
Event: 0.330 Thread 0x00007f90b8136000  711       3       java.lang.invoke.MemberName::init (66 bytes)
Event: 0.330 Thread 0x00007f90b8136000 nmethod 711 0x00007f90a0cba310 code [0x00007f90a0cba4c0, 0x00007f90a0cba710]
Event: 0.330 Thread 0x00007f90b8136000  713       3       java.lang.invoke.MethodType::parameterSlotCount (8 bytes)
Event: 0.330 Thread 0x00007f90b8136000 nmethod 713 0x00007f90a0cba790 code [0x00007f90a0cba940, 0x00007f90a0cbab50]
Event: 0.330 Thread 0x00007f90b8136000  715       3       sun.invoke.util.Wrapper::forPrimitiveType (49 bytes)
Event: 0.331 Thread 0x00007f90b8136000 nmethod 715 0x00007f90a0cbac90 code [0x00007f90a0cbb020, 0x00007f90a0cbc580]
Event: 0.331 Thread 0x00007f90b8136000  714       3       java.lang.invoke.MethodTypeForm::parameterSlotCount (9 bytes)
Event: 0.331 Thread 0x00007f90b8136000 nmethod 714 0x00007f90a0cbcd90 code [0x00007f90a0cbcf40, 0x00007f90a0cbd0d0]
Event: 0.331 Thread 0x00007f90b8136000  718       1       java.lang.invoke.LambdaForm$Name::type (5 bytes)
Event: 0.331 Thread 0x00007f90b8136000 nmethod 718 0x00007f90a80fe590 code [0x00007f90a80fe740, 0x00007f90a80fe810]
Event: 0.331 Thread 0x00007f90b8136000  716       3       java.lang.invoke.MemberName::checkForTypeAlias (168 bytes)
Event: 0.333 Thread 0x00007f90b8136000 nmethod 716 0x00007f90a0cbd190 code [0x00007f90a0cbd640, 0x00007f90a0cbf910]
Event: 0.333 Thread 0x00007f90b8136000  725       3       java.lang.invoke.LambdaForm$Name::useCount (42 bytes)
Event: 0.333 Thread 0x00007f90b8136000 nmethod 725 0x00007f90a0cc0310 code [0x00007f90a0cc04e0, 0x00007f90a0cc07f0]
Event: 0.333 Thread 0x00007f90b8136000  724       3       jdk.internal.org.objectweb.asm.Frame::execute (2264 bytes)

GC Heap History (0 events):
No events

Deoptimization events (20 events):
Event: 0.277 Thread 0x00007f90b8016800 DEOPT PACKING pc=0x00007f90a0bc144f sp=0x00007f90c13fcfa0
Event: 0.277 Thread 0x00007f90b8016800 DEOPT UNPACKING pc=0x00007f90a064a64a sp=0x00007f90c13fc448 mode 0
Event: 0.278 Thread 0x00007f90b8016800 DEOPT PACKING pc=0x00007f90a0bc144f sp=0x00007f90c13fcfa0
Event: 0.278 Thread 0x00007f90b8016800 DEOPT UNPACKING pc=0x00007f90a064a64a sp=0x00007f90c13fc448 mode 0
Event: 0.323 Thread 0x00007f90b8016800 Uncommon trap: trap_request=0xffffffc6 fr.pc=0x00007f90a80d1924 relative=0x0000000000000084
Event: 0.323 Thread 0x00007f90b8016800 Uncommon trap: reason=bimorphic_or_optimized_type_check action=maybe_recompile pc=0x00007f90a80d1924 method=java.util.AbstractCollection.isEmpty()Z @ 1 c2
Event: 0.323 Thread 0x00007f90b8016800 DEOPT PACKING pc=0x00007f90a80d1924 sp=0x00007f90c13fd290
Event: 0.323 Thread 0x00007f90b8016800 DEOPT UNPACKING pc=0x00007f90a0649ea5 sp=0x00007f90c13fd240 mode 2
Event: 0.323 Thread 0x00007f90b8016800 Uncommon trap: trap_request=0xffffffc6 fr.pc=0x00007f90a80d1924 relative=0x0000000000000084
Event: 0.323 Thread 0x00007f90b8016800 Uncommon trap: reason=bimorphic_or_optimized_type_check action=maybe_recompile pc=0x00007f90a80d1924 method=java.util.AbstractCollection.isEmpty()Z @ 1 c2
Event: 0.323 Thread 0x00007f90b8016800 DEOPT PACKING pc=0x00007f90a80d1924 sp=0x00007f90c13fd460
Event: 0.323 Thread 0x00007f90b8016800 DEOPT UNPACKING pc=0x00007f90a0649ea5 sp=0x00007f90c13fd410 mode 2
Event: 0.324 Thread 0x00007f90b8016800 Uncommon trap: trap_request=0xffffffc6 fr.pc=0x00007f90a80d1924 relative=0x0000000000000084
Event: 0.324 Thread 0x00007f90b8016800 Uncommon trap: reason=bimorphic_or_optimized_type_check action=maybe_recompile pc=0x00007f90a80d1924 method=java.util.AbstractCollection.isEmpty()Z @ 1 c2
Event: 0.324 Thread 0x00007f90b8016800 DEOPT PACKING pc=0x00007f90a80d1924 sp=0x00007f90c13fd480
Event: 0.324 Thread 0x00007f90b8016800 DEOPT UNPACKING pc=0x00007f90a0649ea5 sp=0x00007f90c13fd430 mode 2
Event: 0.325 Thread 0x00007f90b8016800 Uncommon trap: trap_request=0xffffffc6 fr.pc=0x00007f90a80d1924 relative=0x0000000000000084
Event: 0.325 Thread 0x00007f90b8016800 Uncommon trap: reason=bimorphic_or_optimized_type_check action=maybe_recompile pc=0x00007f90a80d1924 method=java.util.AbstractCollection.isEmpty()Z @ 1 c2
Event: 0.325 Thread 0x00007f90b8016800 DEOPT PACKING pc=0x00007f90a80d1924 sp=0x00007f90c13fd290
Event: 0.325 Thread 0x00007f90b8016800 DEOPT UNPACKING pc=0x00007f90a0649ea5 sp=0x00007f90c13fd240 mode 2

Classes redefined (0 events):
No events

Internal exceptions (20 events):
Event: 0.108 Thread 0x00007f90b8016800 Exception <a 'java/security/PrivilegedActionException'{0x00000000c7487420}> (0x00000000c7487420) thrown at [./src/hotspot/share/prims/jvm.cpp, line 1304]
Event: 0.108 Thread 0x00007f90b8016800 Exception <a 'java/security/PrivilegedActionException'{0x00000000c74876f0}> (0x00000000c74876f0) thrown at [./src/hotspot/share/prims/jvm.cpp, line 1304]
Event: 0.108 Thread 0x00007f90b8016800 Exception <a 'java/security/PrivilegedActionException'{0x00000000c7488060}> (0x00000000c7488060) thrown at [./src/hotspot/share/prims/jvm.cpp, line 1304]
Event: 0.108 Thread 0x00007f90b8016800 Exception <a 'java/security/PrivilegedActionException'{0x00000000c7488330}> (0x00000000c7488330) thrown at [./src/hotspot/share/prims/jvm.cpp, line 1304]
Event: 0.108 Thread 0x00007f90b8016800 Exception <a 'java/security/PrivilegedActionException'{0x00000000c7488ca0}> (0x00000000c7488ca0) thrown at [./src/hotspot/share/prims/jvm.cpp, line 1304]
Event: 0.108 Thread 0x00007f90b8016800 Exception <a 'java/security/PrivilegedActionException'{0x00000000c7488f70}> (0x00000000c7488f70) thrown at [./src/hotspot/share/prims/jvm.cpp, line 1304]
Event: 0.108 Thread 0x00007f90b8016800 Exception <a 'java/security/PrivilegedActionException'{0x00000000c74898f8}> (0x00000000c74898f8) thrown at [./src/hotspot/share/prims/jvm.cpp, line 1304]
Event: 0.108 Thread 0x00007f90b8016800 Exception <a 'java/security/PrivilegedActionException'{0x00000000c7489bc8}> (0x00000000c7489bc8) thrown at [./src/hotspot/share/prims/jvm.cpp, line 1304]
Event: 0.108 Thread 0x00007f90b8016800 Exception <a 'java/security/PrivilegedActionException'{0x00000000c748a550}> (0x00000000c748a550) thrown at [./src/hotspot/share/prims/jvm.cpp, line 1304]
Event: 0.108 Thread 0x00007f90b8016800 Exception <a 'java/security/PrivilegedActionException'{0x00000000c748a820}> (0x00000000c748a820) thrown at [./src/hotspot/share/prims/jvm.cpp, line 1304]
Event: 0.108 Thread 0x00007f90b8016800 Exception <a 'java/security/PrivilegedActionException'{0x00000000c748b1a8}> (0x00000000c748b1a8) thrown at [./src/hotspot/share/prims/jvm.cpp, line 1304]
Event: 0.108 Thread 0x00007f90b8016800 Exception <a 'java/security/PrivilegedActionException'{0x00000000c748b478}> (0x00000000c748b478) thrown at [./src/hotspot/share/prims/jvm.cpp, line 1304]
Event: 0.108 Thread 0x00007f90b8016800 Exception <a 'java/security/PrivilegedActionException'{0x00000000c748bde8}> (0x00000000c748bde8) thrown at [./src/hotspot/share/prims/jvm.cpp, line 1304]
Event: 0.108 Thread 0x00007f90b8016800 Exception <a 'java/security/PrivilegedActionException'{0x00000000c748c0b8}> (0x00000000c748c0b8) thrown at [./src/hotspot/share/prims/jvm.cpp, line 1304]
Event: 0.109 Thread 0x00007f90b8016800 Exception <a 'java/security/PrivilegedActionException'{0x00000000c748ca40}> (0x00000000c748ca40) thrown at [./src/hotspot/share/prims/jvm.cpp, line 1304]
Event: 0.109 Thread 0x00007f90b8016800 Exception <a 'java/security/PrivilegedActionException'{0x00000000c748cd10}> (0x00000000c748cd10) thrown at [./src/hotspot/share/prims/jvm.cpp, line 1304]
Event: 0.128 Thread 0x00007f90b8016800 Exception <a 'java/lang/NoSuchMethodError'{0x00000000c73bd270}: 'int java.lang.invoke.DirectMethodHandle$Holder.invokeStaticInit(java.lang.Object, java.lang.Object, java.lang.Object, java.lang.Object)'> (0x00000000c73bd270) thrown at [./src/hotspot/share/interpreter/linkResolver.cpp, line 772]
Event: 0.129 Thread 0x00007f90b8016800 Exception <a 'java/lang/IncompatibleClassChangeError'{0x00000000c73c6ff0}: Found class java.lang.Object, but interface was expected> (0x00000000c73c6ff0) thrown at [./src/hotspot/share/interpreter/linkResolver.cpp, line 839]
Event: 0.130 Thread 0x00007f90b8016800 Exception <a 'java/lang/NoSuchMethodError'{0x00000000c73ca1a0}: 'void java.lang.invoke.DirectMethodHandle$Holder.invokeStaticInit(java.lang.Object, java.lang.Object)'> (0x00000000c73ca1a0) thrown at [./src/hotspot/share/interpreter/linkResolver.cpp, line 772]
Event: 0.130 Thread 0x00007f90b8016800 Exception <a 'java/lang/NoSuchMethodError'{0x00000000c73cf690}: 'int java.lang.invoke.DirectMethodHandle$Holder.invokeStaticInit(java.lang.Object, java.lang.Object)'> (0x00000000c73cf690) thrown at [./src/hotspot/share/interpreter/linkResolver.cpp, line 772]

Events (20 events):
Event: 0.318 loading class org/bytedeco/javacpp/PointerScope$1
Event: 0.318 loading class org/bytedeco/javacpp/PointerScope$1 done
Event: 0.321 Executing VM operation: Deoptimize
Event: 0.321 Executing VM operation: Deoptimize done
Event: 0.323 loading class java/lang/invoke/BoundMethodHandle$Species_LL
Event: 0.323 loading class java/lang/invoke/BoundMethodHandle$Species_LL done
Event: 0.325 loading class java/lang/invoke/BoundMethodHandle$Species_LLL
Event: 0.325 loading class java/lang/invoke/BoundMethodHandle$Species_LLL done
Event: 0.326 loading class java/lang/invoke/BoundMethodHandle$Species_LLLL
Event: 0.326 loading class java/lang/invoke/BoundMethodHandle$Species_LLLL done
Event: 0.327 loading class java/lang/invoke/BoundMethodHandle$Species_LLLLL
Event: 0.327 loading class java/lang/invoke/BoundMethodHandle$Species_LLLLL done
Event: 0.328 loading class java/lang/invoke/BoundMethodHandle$Species_LLLLLL
Event: 0.328 loading class java/lang/invoke/BoundMethodHandle$Species_LLLLLL done
Event: 0.330 loading class java/lang/invoke/BoundMethodHandle$Species_LLLLLLI
Event: 0.330 loading class java/lang/invoke/BoundMethodHandle$Species_LLLLLLI done
Event: 0.331 loading class java/lang/invoke/BoundMethodHandle$Species_LLLLLLII
Event: 0.331 loading class java/lang/invoke/BoundMethodHandle$Species_LLLLLLII done
Event: 0.333 loading class java/lang/invoke/BoundMethodHandle$Species_LLLLLLIIL
Event: 0.333 loading class java/lang/invoke/BoundMethodHandle$Species_LLLLLLIIL done


Dynamic libraries:
c3800000-c7600000 rw-p 00000000 00:00 0 
c7600000-ffe00000 ---p 00000000 00:00 0 
ffe00000-ffe48000 rw-p 00b14000 08:03 265562                             /usr/lib/jvm/java-11-openjdk-amd64/lib/server/classes.jsa
ffe48000-fff00000 rw-p 00000000 00:00 0 
fff00000-fff6c000 rw-p 00aa8000 08:03 265562                             /usr/lib/jvm/java-11-openjdk-amd64/lib/server/classes.jsa
fff6c000-100000000 rw-p 00000000 00:00 0 
800000000-800002000 rwxp 00001000 08:03 265562                           /usr/lib/jvm/java-11-openjdk-amd64/lib/server/classes.jsa
800002000-8003ce000 rw-p 00003000 08:03 265562                           /usr/lib/jvm/java-11-openjdk-amd64/lib/server/classes.jsa
8003ce000-800aa6000 r--p 003cf000 08:03 265562                           /usr/lib/jvm/java-11-openjdk-amd64/lib/server/classes.jsa
800aa6000-800aa7000 rw-p 00aa7000 08:03 265562                           /usr/lib/jvm/java-11-openjdk-amd64/lib/server/classes.jsa
840000000-8400c0000 rw-p 00000000 00:00 0 
8400c0000-880000000 ---p 00000000 00:00 0 
55e900229000-55e90022a000 r--p 00000000 08:03 265116                     /usr/lib/jvm/java-11-openjdk-amd64/bin/java
55e90022a000-55e90022b000 r-xp 00001000 08:03 265116                     /usr/lib/jvm/java-11-openjdk-amd64/bin/java
55e90022b000-55e90022c000 r--p 00002000 08:03 265116                     /usr/lib/jvm/java-11-openjdk-amd64/bin/java
55e90022c000-55e90022d000 r--p 00002000 08:03 265116                     /usr/lib/jvm/java-11-openjdk-amd64/bin/java
55e90022d000-55e90022e000 rw-p 00003000 08:03 265116                     /usr/lib/jvm/java-11-openjdk-amd64/bin/java
55e900502000-55e900523000 rw-p 00000000 00:00 0                          [heap]
7f904d400000-7f904dd26000 r--p 00000000 08:03 1587749                    /home/ubuntu/.javacpp/cache/llvm-13.0.1-1.5.7-linux-x86_64.jar/org/bytedeco/llvm/linux-x86_64/libLLVM-13.so
7f904dd26000-7f90516e9000 r-xp 00926000 08:03 1587749                    /home/ubuntu/.javacpp/cache/llvm-13.0.1-1.5.7-linux-x86_64.jar/org/bytedeco/llvm/linux-x86_64/libLLVM-13.so
7f90516e9000-7f905393e000 r--p 042e9000 08:03 1587749                    /home/ubuntu/.javacpp/cache/llvm-13.0.1-1.5.7-linux-x86_64.jar/org/bytedeco/llvm/linux-x86_64/libLLVM-13.so
7f905393e000-7f9053e53000 r--p 0653d000 08:03 1587749                    /home/ubuntu/.javacpp/cache/llvm-13.0.1-1.5.7-linux-x86_64.jar/org/bytedeco/llvm/linux-x86_64/libLLVM-13.so
7f9053e53000-7f9053e5e000 rw-p 06a52000 08:03 1587749                    /home/ubuntu/.javacpp/cache/llvm-13.0.1-1.5.7-linux-x86_64.jar/org/bytedeco/llvm/linux-x86_64/libLLVM-13.so
7f9053e5e000-7f9053ed4000 rw-p 00000000 00:00 0 
7f9054000000-7f9054021000 rw-p 00000000 00:00 0 
7f9054021000-7f9058000000 ---p 00000000 00:00 0 
7f9058000000-7f9058021000 rw-p 00000000 00:00 0 
7f9058021000-7f905c000000 ---p 00000000 00:00 0 
7f905c000000-7f905c13f000 rw-p 00000000 00:00 0 
7f905c13f000-7f9060000000 ---p 00000000 00:00 0 
7f9060000000-7f9060021000 rw-p 00000000 00:00 0 
7f9060021000-7f9064000000 ---p 00000000 00:00 0 
7f9064000000-7f9064021000 rw-p 00000000 00:00 0 
7f9064021000-7f9068000000 ---p 00000000 00:00 0 
7f9068000000-7f9068021000 rw-p 00000000 00:00 0 
7f9068021000-7f906c000000 ---p 00000000 00:00 0 
7f906c000000-7f906c314000 rw-p 00000000 00:00 0 
7f906c314000-7f9070000000 ---p 00000000 00:00 0 
7f9070000000-7f90702ea000 rw-p 00000000 00:00 0 
7f90702ea000-7f9074000000 ---p 00000000 00:00 0 
7f9074000000-7f9074021000 rw-p 00000000 00:00 0 
7f9074021000-7f9078000000 ---p 00000000 00:00 0 
7f9078000000-7f9078021000 rw-p 00000000 00:00 0 
7f9078021000-7f907c000000 ---p 00000000 00:00 0 
7f907c000000-7f907c021000 rw-p 00000000 00:00 0 
7f907c021000-7f9080000000 ---p 00000000 00:00 0 
7f9080000000-7f9080021000 rw-p 00000000 00:00 0 
7f9080021000-7f9084000000 ---p 00000000 00:00 0 
7f9084000000-7f9084021000 rw-p 00000000 00:00 0 
7f9084021000-7f9088000000 ---p 00000000 00:00 0 
7f9088000000-7f9088021000 rw-p 00000000 00:00 0 
7f9088021000-7f908c000000 ---p 00000000 00:00 0 
7f908c000000-7f908c021000 rw-p 00000000 00:00 0 
7f908c021000-7f9090000000 ---p 00000000 00:00 0 
7f90910f9000-7f909115e000 r--p 00000000 08:03 1589997                    /home/ubuntu/.javacpp/cache/llvm-13.0.1-1.5.7-linux-x86_64.jar/org/bytedeco/llvm/linux-x86_64/libjniLLVM.so
7f909115e000-7f90911cc000 r-xp 00065000 08:03 1589997                    /home/ubuntu/.javacpp/cache/llvm-13.0.1-1.5.7-linux-x86_64.jar/org/bytedeco/llvm/linux-x86_64/libjniLLVM.so
7f90911cc000-7f90911f7000 r--p 000d3000 08:03 1589997                    /home/ubuntu/.javacpp/cache/llvm-13.0.1-1.5.7-linux-x86_64.jar/org/bytedeco/llvm/linux-x86_64/libjniLLVM.so
7f90911f7000-7f90911fa000 r--p 000fd000 08:03 1589997                    /home/ubuntu/.javacpp/cache/llvm-13.0.1-1.5.7-linux-x86_64.jar/org/bytedeco/llvm/linux-x86_64/libjniLLVM.so
7f90911fa000-7f90911fd000 rw-p 00100000 08:03 1589997                    /home/ubuntu/.javacpp/cache/llvm-13.0.1-1.5.7-linux-x86_64.jar/org/bytedeco/llvm/linux-x86_64/libjniLLVM.so
7f90911fd000-7f90911ff000 rw-p 00000000 00:00 0 
7f90911ff000-7f9091203000 ---p 00000000 00:00 0 
7f9091203000-7f90912ff000 rw-p 00000000 00:00 0 
7f90912ff000-7f9091300000 ---p 00000000 00:00 0 
7f9091300000-7f9091400000 rw-p 00000000 00:00 0 
7f9091400000-7f9091404000 ---p 00000000 00:00 0 
7f9091404000-7f9091500000 rw-p 00000000 00:00 0 
7f9091500000-7f9091504000 ---p 00000000 00:00 0 
7f9091504000-7f9091600000 rw-p 00000000 00:00 0 
7f9091600000-7f9091e78000 r--p 00000000 08:03 2365202                    /usr/lib/locale/locale-archive
7f9091f00000-7f9091f04000 ---p 00000000 00:00 0 
7f9091f04000-7f9094000000 rw-p 00000000 00:00 0 
7f9094000000-7f9094021000 rw-p 00000000 00:00 0 
7f9094021000-7f9098000000 ---p 00000000 00:00 0 
7f9098000000-7f9098021000 rw-p 00000000 00:00 0 
7f9098021000-7f909c000000 ---p 00000000 00:00 0 
7f909c000000-7f909c021000 rw-p 00000000 00:00 0 
7f909c021000-7f90a0000000 ---p 00000000 00:00 0 
7f90a0000000-7f90a0004000 ---p 00000000 00:00 0 
7f90a0004000-7f90a0100000 rw-p 00000000 00:00 0 
7f90a0100000-7f90a0104000 ---p 00000000 00:00 0 
7f90a0104000-7f90a0200000 rw-p 00000000 00:00 0 
7f90a0200000-7f90a0204000 ---p 00000000 00:00 0 
7f90a0204000-7f90a0300000 rw-p 00000000 00:00 0 
7f90a0300000-7f90a0304000 ---p 00000000 00:00 0 
7f90a0304000-7f90a0400000 rw-p 00000000 00:00 0 
7f90a0400000-7f90a0404000 ---p 00000000 00:00 0 
7f90a0404000-7f90a0500000 rw-p 00000000 00:00 0 
7f90a0500000-7f90a0504000 ---p 00000000 00:00 0 
7f90a0504000-7f90a0600000 rw-p 00000000 00:00 0 
7f90a0600000-7f90a0870000 rwxp 00000000 00:00 0 
7f90a0870000-7f90a0b90000 ---p 00000000 00:00 0 
7f90a0b90000-7f90a0e00000 rwxp 00000000 00:00 0 
7f90a0e00000-7f90a80c8000 ---p 00000000 00:00 0 
7f90a80c8000-7f90a8338000 rwxp 00000000 00:00 0 
7f90a8338000-7f90af600000 ---p 00000000 00:00 0 
7f90af600000-7f90b7e25000 r--s 00000000 08:03 265275                     /usr/lib/jvm/java-11-openjdk-amd64/lib/modules
7f90b7f00000-7f90b7f04000 ---p 00000000 00:00 0 
7f90b7f04000-7f90b8000000 rw-p 00000000 00:00 0 
7f90b8000000-7f90b84aa000 rw-p 00000000 00:00 0 
7f90b84aa000-7f90bc000000 ---p 00000000 00:00 0 
7f90bc06a000-7f90bc071000 r--s 00000000 08:03 659244                     /usr/lib/x86_64-linux-gnu/gconv/gconv-modules.cache
7f90bc071000-7f90bc072000 r--p 00000000 08:03 1589995                    /home/ubuntu/.javacpp/cache/llvm-13.0.1-1.5.7-linux-x86_64.jar/org/bytedeco/llvm/linux-x86_64/libRemarks.so.13
7f90bc072000-7f90bc073000 r-xp 00001000 08:03 1589995                    /home/ubuntu/.javacpp/cache/llvm-13.0.1-1.5.7-linux-x86_64.jar/org/bytedeco/llvm/linux-x86_64/libRemarks.so.13
7f90bc073000-7f90bc074000 r--p 00002000 08:03 1589995                    /home/ubuntu/.javacpp/cache/llvm-13.0.1-1.5.7-linux-x86_64.jar/org/bytedeco/llvm/linux-x86_64/libRemarks.so.13
7f90bc074000-7f90bc075000 r--p 00002000 08:03 1589995                    /home/ubuntu/.javacpp/cache/llvm-13.0.1-1.5.7-linux-x86_64.jar/org/bytedeco/llvm/linux-x86_64/libRemarks.so.13
7f90bc075000-7f90bc076000 rw-p 00003000 08:03 1589995                    /home/ubuntu/.javacpp/cache/llvm-13.0.1-1.5.7-linux-x86_64.jar/org/bytedeco/llvm/linux-x86_64/libRemarks.so.13
7f90bc076000-7f90bc07d000 r--p 00000000 08:03 1587750                    /home/ubuntu/.javacpp/cache/llvm-13.0.1-1.5.7-linux-x86_64.jar/org/bytedeco/llvm/linux-x86_64/libLTO.so.13
7f90bc07d000-7f90bc085000 r-xp 00007000 08:03 1587750                    /home/ubuntu/.javacpp/cache/llvm-13.0.1-1.5.7-linux-x86_64.jar/org/bytedeco/llvm/linux-x86_64/libLTO.so.13
7f90bc085000-7f90bc087000 r--p 0000f000 08:03 1587750                    /home/ubuntu/.javacpp/cache/llvm-13.0.1-1.5.7-linux-x86_64.jar/org/bytedeco/llvm/linux-x86_64/libLTO.so.13
7f90bc087000-7f90bc088000 r--p 00010000 08:03 1587750                    /home/ubuntu/.javacpp/cache/llvm-13.0.1-1.5.7-linux-x86_64.jar/org/bytedeco/llvm/linux-x86_64/libLTO.so.13
7f90bc088000-7f90bc089000 rw-p 00011000 08:03 1587750                    /home/ubuntu/.javacpp/cache/llvm-13.0.1-1.5.7-linux-x86_64.jar/org/bytedeco/llvm/linux-x86_64/libLTO.so.13
7f90bc089000-7f90bc08d000 r--p 00000000 08:03 1587748                    /home/ubuntu/.javacpp/cache/javacpp-1.5.7-linux-x86_64.jar/org/bytedeco/javacpp/linux-x86_64/libjnijavacpp.so
7f90bc08d000-7f90bc094000 r-xp 00004000 08:03 1587748                    /home/ubuntu/.javacpp/cache/javacpp-1.5.7-linux-x86_64.jar/org/bytedeco/javacpp/linux-x86_64/libjnijavacpp.so
7f90bc094000-7f90bc098000 r--p 0000b000 08:03 1587748                    /home/ubuntu/.javacpp/cache/javacpp-1.5.7-linux-x86_64.jar/org/bytedeco/javacpp/linux-x86_64/libjnijavacpp.so
7f90bc098000-7f90bc099000 r--p 0000e000 08:03 1587748                    /home/ubuntu/.javacpp/cache/javacpp-1.5.7-linux-x86_64.jar/org/bytedeco/javacpp/linux-x86_64/libjnijavacpp.so
7f90bc099000-7f90bc09a000 rw-p 0000f000 08:03 1587748                    /home/ubuntu/.javacpp/cache/javacpp-1.5.7-linux-x86_64.jar/org/bytedeco/javacpp/linux-x86_64/libjnijavacpp.so
7f90bc09a000-7f90bc09b000 ---p 00000000 00:00 0 
7f90bc09b000-7f90bc7dc000 rw-p 00000000 00:00 0 
7f90bc7dc000-7f90bca1c000 ---p 00000000 00:00 0 
7f90bca1c000-7f90bca1d000 ---p 00000000 00:00 0 
7f90bca1d000-7f90bcb1d000 rw-p 00000000 00:00 0 
7f90bcb1d000-7f90bcb1e000 ---p 00000000 00:00 0 
7f90bcb1e000-7f90bd022000 rw-p 00000000 00:00 0 
7f90bd022000-7f90bd023000 ---p 00000000 00:00 0 
7f90bd023000-7f90bd123000 rw-p 00000000 00:00 0 
7f90bd123000-7f90bd124000 ---p 00000000 00:00 0 
7f90bd124000-7f90bd31c000 rw-p 00000000 00:00 0 
7f90bd31c000-7f90be13c000 ---p 00000000 00:00 0 
7f90be13c000-7f90be23c000 rw-p 00000000 00:00 0 
7f90be23c000-7f90bf05c000 ---p 00000000 00:00 0 
7f90bf05c000-7f90bf083000 rw-p 00000000 00:00 0 
7f90bf083000-7f90bf247000 ---p 00000000 00:00 0 
7f90bf247000-7f90bf267000 rw-p 00000000 00:00 0 
7f90bf267000-7f90bf42b000 ---p 00000000 00:00 0 
7f90bf42b000-7f90bf44b000 rw-p 00000000 00:00 0 
7f90bf44b000-7f90bf60f000 ---p 00000000 00:00 0 
7f90bf60f000-7f90bfa14000 rw-p 00000000 00:00 0 
7f90bfa14000-7f90bfa15000 ---p 00000000 00:00 0 
7f90bfa15000-7f90bfb1a000 rw-p 00000000 00:00 0 
7f90bfb1a000-7f90bfc00000 ---p 00000000 00:00 0 
7f90bfc00000-7f90bfc9a000 r--p 00000000 08:03 2360832                    /usr/lib/x86_64-linux-gnu/libstdc++.so.6.0.30
7f90bfc9a000-7f90bfdab000 r-xp 0009a000 08:03 2360832                    /usr/lib/x86_64-linux-gnu/libstdc++.so.6.0.30
7f90bfdab000-7f90bfe1a000 r--p 001ab000 08:03 2360832                    /usr/lib/x86_64-linux-gnu/libstdc++.so.6.0.30
7f90bfe1a000-7f90bfe1b000 ---p 0021a000 08:03 2360832                    /usr/lib/x86_64-linux-gnu/libstdc++.so.6.0.30
7f90bfe1b000-7f90bfe26000 r--p 0021a000 08:03 2360832                    /usr/lib/x86_64-linux-gnu/libstdc++.so.6.0.30
7f90bfe26000-7f90bfe29000 rw-p 00225000 08:03 2360832                    /usr/lib/x86_64-linux-gnu/libstdc++.so.6.0.30
7f90bfe29000-7f90bfe2c000 rw-p 00000000 00:00 0 
7f90bfe2f000-7f90bfe30000 r--p 00000000 08:03 2361439                    /usr/lib/x86_64-linux-gnu/libdl.so.2
7f90bfe30000-7f90bfe31000 r-xp 00001000 08:03 2361439                    /usr/lib/x86_64-linux-gnu/libdl.so.2
7f90bfe31000-7f90bfe32000 r--p 00002000 08:03 2361439                    /usr/lib/x86_64-linux-gnu/libdl.so.2
7f90bfe32000-7f90bfe33000 r--p 00002000 08:03 2361439                    /usr/lib/x86_64-linux-gnu/libdl.so.2
7f90bfe33000-7f90bfe34000 rw-p 00003000 08:03 2361439                    /usr/lib/x86_64-linux-gnu/libdl.so.2
7f90bfe34000-7f90bfe35000 r--p 00000000 08:03 2361473                    /usr/lib/x86_64-linux-gnu/libpthread.so.0
7f90bfe35000-7f90bfe36000 r-xp 00001000 08:03 2361473                    /usr/lib/x86_64-linux-gnu/libpthread.so.0
7f90bfe36000-7f90bfe37000 r--p 00002000 08:03 2361473                    /usr/lib/x86_64-linux-gnu/libpthread.so.0
7f90bfe37000-7f90bfe38000 r--p 00002000 08:03 2361473                    /usr/lib/x86_64-linux-gnu/libpthread.so.0
7f90bfe38000-7f90bfe39000 rw-p 00003000 08:03 2361473                    /usr/lib/x86_64-linux-gnu/libpthread.so.0
7f90bfe39000-7f90bfe3a000 r--p 00000000 08:03 265247                     /usr/lib/jvm/java-11-openjdk-amd64/lib/libextnet.so
7f90bfe3a000-7f90bfe3b000 r-xp 00001000 08:03 265247                     /usr/lib/jvm/java-11-openjdk-amd64/lib/libextnet.so
7f90bfe3b000-7f90bfe3c000 r--p 00002000 08:03 265247                     /usr/lib/jvm/java-11-openjdk-amd64/lib/libextnet.so
7f90bfe3c000-7f90bfe3d000 r--p 00002000 08:03 265247                     /usr/lib/jvm/java-11-openjdk-amd64/lib/libextnet.so
7f90bfe3d000-7f90bfe3e000 rw-p 00003000 08:03 265247                     /usr/lib/jvm/java-11-openjdk-amd64/lib/libextnet.so
7f90bfe3e000-7f90bfe42000 r--p 00000000 08:03 265265                     /usr/lib/jvm/java-11-openjdk-amd64/lib/libnet.so
7f90bfe42000-7f90bfe50000 r-xp 00004000 08:03 265265                     /usr/lib/jvm/java-11-openjdk-amd64/lib/libnet.so
7f90bfe50000-7f90bfe54000 r--p 00012000 08:03 265265                     /usr/lib/jvm/java-11-openjdk-amd64/lib/libnet.so
7f90bfe54000-7f90bfe55000 r--p 00015000 08:03 265265                     /usr/lib/jvm/java-11-openjdk-amd64/lib/libnet.so
7f90bfe55000-7f90bfe56000 rw-p 00016000 08:03 265265                     /usr/lib/jvm/java-11-openjdk-amd64/lib/libnet.so
7f90bfe56000-7f90bfe5d000 r--p 00000000 08:03 265266                     /usr/lib/jvm/java-11-openjdk-amd64/lib/libnio.so
7f90bfe5d000-7f90bfe65000 r-xp 00007000 08:03 265266                     /usr/lib/jvm/java-11-openjdk-amd64/lib/libnio.so
7f90bfe65000-7f90bfe68000 r--p 0000f000 08:03 265266                     /usr/lib/jvm/java-11-openjdk-amd64/lib/libnio.so
7f90bfe68000-7f90bfe69000 r--p 00011000 08:03 265266                     /usr/lib/jvm/java-11-openjdk-amd64/lib/libnio.so
7f90bfe69000-7f90bfe6a000 rw-p 00012000 08:03 265266                     /usr/lib/jvm/java-11-openjdk-amd64/lib/libnio.so
7f90bfe6a000-7f90bfeeb000 rw-p 00000000 00:00 0 
7f90bfeeb000-7f90bffd1000 ---p 00000000 00:00 0 
7f90bffd1000-7f90bffd6000 rw-p 00000000 00:00 0 
7f90bffd6000-7f90bffdd000 ---p 00000000 00:00 0 
7f90bffdd000-7f90bffdf000 r--p 00000000 08:03 265274                     /usr/lib/jvm/java-11-openjdk-amd64/lib/libzip.so
7f90bffdf000-7f90bffe4000 r-xp 00002000 08:03 265274                     /usr/lib/jvm/java-11-openjdk-amd64/lib/libzip.so
7f90bffe4000-7f90bffe6000 r--p 00007000 08:03 265274                     /usr/lib/jvm/java-11-openjdk-amd64/lib/libzip.so
7f90bffe6000-7f90bffe7000 r--p 00008000 08:03 265274                     /usr/lib/jvm/java-11-openjdk-amd64/lib/libzip.so
7f90bffe7000-7f90bffe8000 rw-p 00009000 08:03 265274                     /usr/lib/jvm/java-11-openjdk-amd64/lib/libzip.so
7f90bffe8000-7f90bfff0000 rw-s 00000000 08:03 393240                     /tmp/hsperfdata_ubuntu/46136
7f90bfff0000-7f90bfff2000 r--p 00000000 08:03 265249                     /usr/lib/jvm/java-11-openjdk-amd64/lib/libinstrument.so
7f90bfff2000-7f90bfff9000 r-xp 00002000 08:03 265249                     /usr/lib/jvm/java-11-openjdk-amd64/lib/libinstrument.so
7f90bfff9000-7f90bfffc000 r--p 00009000 08:03 265249                     /usr/lib/jvm/java-11-openjdk-amd64/lib/libinstrument.so
7f90bfffc000-7f90bfffd000 r--p 0000b000 08:03 265249                     /usr/lib/jvm/java-11-openjdk-amd64/lib/libinstrument.so
7f90bfffd000-7f90bfffe000 rw-p 0000c000 08:03 265249                     /usr/lib/jvm/java-11-openjdk-amd64/lib/libinstrument.so
7f90bfffe000-7f90bffff000 ---p 00000000 00:00 0 
7f90bffff000-7f90c0000000 r--p 00000000 00:00 0 
7f90c0000000-7f90c0282000 r--p 00000000 08:03 265280                     /usr/lib/jvm/java-11-openjdk-amd64/lib/server/libjvm.so
7f90c0282000-7f90c0f20000 r-xp 00282000 08:03 265280                     /usr/lib/jvm/java-11-openjdk-amd64/lib/server/libjvm.so
7f90c0f20000-7f90c117c000 r--p 00f20000 08:03 265280                     /usr/lib/jvm/java-11-openjdk-amd64/lib/server/libjvm.so
7f90c117c000-7f90c1240000 r--p 0117b000 08:03 265280                     /usr/lib/jvm/java-11-openjdk-amd64/lib/server/libjvm.so
7f90c1240000-7f90c127b000 rw-p 0123f000 08:03 265280                     /usr/lib/jvm/java-11-openjdk-amd64/lib/server/libjvm.so
7f90c127b000-7f90c12d2000 rw-p 00000000 00:00 0 
7f90c12d2000-7f90c12e0000 r--p 00000000 08:03 265254                     /usr/lib/jvm/java-11-openjdk-amd64/lib/libjava.so
7f90c12e0000-7f90c12f6000 r-xp 0000e000 08:03 265254                     /usr/lib/jvm/java-11-openjdk-amd64/lib/libjava.so
7f90c12f6000-7f90c12fd000 r--p 00024000 08:03 265254                     /usr/lib/jvm/java-11-openjdk-amd64/lib/libjava.so
7f90c12fd000-7f90c12fe000 r--p 0002a000 08:03 265254                     /usr/lib/jvm/java-11-openjdk-amd64/lib/libjava.so
7f90c12fe000-7f90c12ff000 rw-p 0002b000 08:03 265254                     /usr/lib/jvm/java-11-openjdk-amd64/lib/libjava.so
7f90c12ff000-7f90c1300000 rw-p 00000000 00:00 0 
7f90c1300000-7f90c1304000 ---p 00000000 00:00 0 
7f90c1304000-7f90c1400000 rw-p 00000000 00:00 0 
7f90c1400000-7f90c1428000 r--p 00000000 08:03 2361426                    /usr/lib/x86_64-linux-gnu/libc.so.6
7f90c1428000-7f90c15bd000 r-xp 00028000 08:03 2361426                    /usr/lib/x86_64-linux-gnu/libc.so.6
7f90c15bd000-7f90c1615000 r--p 001bd000 08:03 2361426                    /usr/lib/x86_64-linux-gnu/libc.so.6
7f90c1615000-7f90c1616000 ---p 00215000 08:03 2361426                    /usr/lib/x86_64-linux-gnu/libc.so.6
7f90c1616000-7f90c161a000 r--p 00215000 08:03 2361426                    /usr/lib/x86_64-linux-gnu/libc.so.6
7f90c161a000-7f90c161c000 rw-p 00219000 08:03 2361426                    /usr/lib/x86_64-linux-gnu/libc.so.6
7f90c161c000-7f90c1629000 rw-p 00000000 00:00 0 
7f90c1629000-7f90c162b000 r--p 00000000 08:03 265257                     /usr/lib/jvm/java-11-openjdk-amd64/lib/libjimage.so
7f90c162b000-7f90c162e000 r-xp 00002000 08:03 265257                     /usr/lib/jvm/java-11-openjdk-amd64/lib/libjimage.so
7f90c162e000-7f90c162f000 r--p 00005000 08:03 265257                     /usr/lib/jvm/java-11-openjdk-amd64/lib/libjimage.so
7f90c162f000-7f90c1630000 ---p 00006000 08:03 265257                     /usr/lib/jvm/java-11-openjdk-amd64/lib/libjimage.so
7f90c1630000-7f90c1631000 r--p 00006000 08:03 265257                     /usr/lib/jvm/java-11-openjdk-amd64/lib/libjimage.so
7f90c1631000-7f90c1632000 rw-p 00007000 08:03 265257                     /usr/lib/jvm/java-11-openjdk-amd64/lib/libjimage.so
7f90c1632000-7f90c1633000 r--p 00000000 08:03 2361484                    /usr/lib/x86_64-linux-gnu/librt.so.1
7f90c1633000-7f90c1634000 r-xp 00001000 08:03 2361484                    /usr/lib/x86_64-linux-gnu/librt.so.1
7f90c1634000-7f90c1635000 r--p 00002000 08:03 2361484                    /usr/lib/x86_64-linux-gnu/librt.so.1
7f90c1635000-7f90c1636000 r--p 00002000 08:03 2361484                    /usr/lib/x86_64-linux-gnu/librt.so.1
7f90c1636000-7f90c1637000 rw-p 00003000 08:03 2361484                    /usr/lib/x86_64-linux-gnu/librt.so.1
7f90c1637000-7f90c163a000 r--p 00000000 08:03 2359493                    /usr/lib/x86_64-linux-gnu/libgcc_s.so.1
7f90c163a000-7f90c1651000 r-xp 00003000 08:03 2359493                    /usr/lib/x86_64-linux-gnu/libgcc_s.so.1
7f90c1651000-7f90c1655000 r--p 0001a000 08:03 2359493                    /usr/lib/x86_64-linux-gnu/libgcc_s.so.1
7f90c1655000-7f90c1656000 r--p 0001d000 08:03 2359493                    /usr/lib/x86_64-linux-gnu/libgcc_s.so.1
7f90c1656000-7f90c1657000 rw-p 0001e000 08:03 2359493                    /usr/lib/x86_64-linux-gnu/libgcc_s.so.1
7f90c1657000-7f90c1665000 r--p 00000000 08:03 2361443                    /usr/lib/x86_64-linux-gnu/libm.so.6
7f90c1665000-7f90c16e1000 r-xp 0000e000 08:03 2361443                    /usr/lib/x86_64-linux-gnu/libm.so.6
7f90c16e1000-7f90c173c000 r--p 0008a000 08:03 2361443                    /usr/lib/x86_64-linux-gnu/libm.so.6
7f90c173c000-7f90c173d000 r--p 000e4000 08:03 2361443                    /usr/lib/x86_64-linux-gnu/libm.so.6
7f90c173d000-7f90c173e000 rw-p 000e5000 08:03 2361443                    /usr/lib/x86_64-linux-gnu/libm.so.6
7f90c173e000-7f90c1741000 rw-p 00000000 00:00 0 
7f90c1741000-7f90c1744000 r--p 00000000 08:03 265239                     /usr/lib/jvm/java-11-openjdk-amd64/lib/jli/libjli.so
7f90c1744000-7f90c174e000 r-xp 00003000 08:03 265239                     /usr/lib/jvm/java-11-openjdk-amd64/lib/jli/libjli.so
7f90c174e000-7f90c1751000 r--p 0000d000 08:03 265239                     /usr/lib/jvm/java-11-openjdk-amd64/lib/jli/libjli.so
7f90c1751000-7f90c1752000 ---p 00010000 08:03 265239                     /usr/lib/jvm/java-11-openjdk-amd64/lib/jli/libjli.so
7f90c1752000-7f90c1753000 r--p 00010000 08:03 265239                     /usr/lib/jvm/java-11-openjdk-amd64/lib/jli/libjli.so
7f90c1753000-7f90c1754000 rw-p 00011000 08:03 265239                     /usr/lib/jvm/java-11-openjdk-amd64/lib/jli/libjli.so
7f90c1754000-7f90c1756000 r--p 00000000 08:03 2367120                    /usr/lib/x86_64-linux-gnu/libz.so.1.2.11
7f90c1756000-7f90c1768000 r-xp 00002000 08:03 2367120                    /usr/lib/x86_64-linux-gnu/libz.so.1.2.11
7f90c1768000-7f90c176e000 r--p 00014000 08:03 2367120                    /usr/lib/x86_64-linux-gnu/libz.so.1.2.11
7f90c176e000-7f90c176f000 r--p 0001a000 08:03 2367120                    /usr/lib/x86_64-linux-gnu/libz.so.1.2.11
7f90c176f000-7f90c1770000 rw-p 0001b000 08:03 2367120                    /usr/lib/x86_64-linux-gnu/libz.so.1.2.11
7f90c1770000-7f90c1775000 r--p 00000000 08:03 265273                     /usr/lib/jvm/java-11-openjdk-amd64/lib/libverify.so
7f90c1775000-7f90c177c000 r-xp 00005000 08:03 265273                     /usr/lib/jvm/java-11-openjdk-amd64/lib/libverify.so
7f90c177c000-7f90c177e000 r--p 0000c000 08:03 265273                     /usr/lib/jvm/java-11-openjdk-amd64/lib/libverify.so
7f90c177e000-7f90c1780000 r--p 0000d000 08:03 265273                     /usr/lib/jvm/java-11-openjdk-amd64/lib/libverify.so
7f90c1780000-7f90c1781000 rw-p 0000f000 08:03 265273                     /usr/lib/jvm/java-11-openjdk-amd64/lib/libverify.so
7f90c1781000-7f90c1783000 rw-p 00000000 00:00 0 
7f90c1783000-7f90c1785000 r--p 00000000 08:03 2361301                    /usr/lib/x86_64-linux-gnu/ld-linux-x86-64.so.2
7f90c1785000-7f90c17af000 r-xp 00002000 08:03 2361301                    /usr/lib/x86_64-linux-gnu/ld-linux-x86-64.so.2
7f90c17af000-7f90c17ba000 r--p 0002c000 08:03 2361301                    /usr/lib/x86_64-linux-gnu/ld-linux-x86-64.so.2
7f90c17bb000-7f90c17bd000 r--p 00037000 08:03 2361301                    /usr/lib/x86_64-linux-gnu/ld-linux-x86-64.so.2
7f90c17bd000-7f90c17bf000 rw-p 00039000 08:03 2361301                    /usr/lib/x86_64-linux-gnu/ld-linux-x86-64.so.2
7ffc4af81000-7ffc4afa2000 rw-p 00000000 00:00 0                          [stack]
7ffc4afca000-7ffc4afce000 r--p 00000000 00:00 0                          [vvar]
7ffc4afce000-7ffc4afd0000 r-xp 00000000 00:00 0                          [vdso]
ffffffffff600000-ffffffffff601000 --xp 00000000 00:00 0                  [vsyscall]


VM Arguments:
jvm_args: -javaagent:/home/ubuntu/software/idea-IU-233.14475.28/lib/idea_rt.jar=33165:/home/ubuntu/software/idea-IU-233.14475.28/bin -Dfile.encoding=UTF-8 
java_command: Main tests/test1.c tests/Actual.ll
java_class_path (initial): /home/ubuntu/Lab/out/production/Lab:/usr/local/lib/antlr-4.9.1-complete.jar:/usr/local/lib/javacpp-1.5.7-linux-x86_64.jar:/usr/local/lib/javacpp-1.5.7.jar:/usr/local/lib/llvm-13.0.1-1.5.7-linux-x86_64.jar:/usr/local/lib/llvm-13.0.1-1.5.7.jar:/usr/local/lib/llvm-platform-13.0.1-1.5.7.jar
Launcher Type: SUN_STANDARD

[Global flags]
     intx CICompilerCount                          = 3                                         {product} {ergonomic}
     uint ConcGCThreads                            = 1                                         {product} {ergonomic}
     uint G1ConcRefinementThreads                  = 4                                         {product} {ergonomic}
   size_t G1HeapRegionSize                         = 1048576                                   {product} {ergonomic}
    uintx GCDrainStackTargetSize                   = 64                                        {product} {ergonomic}
   size_t InitialHeapSize                          = 65011712                                  {product} {ergonomic}
   size_t MarkStackSize                            = 4194304                                   {product} {ergonomic}
   size_t MaxHeapSize                              = 1015021568                                {product} {ergonomic}
   size_t MaxNewSize                               = 608174080                                 {product} {ergonomic}
   size_t MinHeapDeltaBytes                        = 1048576                                   {product} {ergonomic}
    uintx NonNMethodCodeHeapSize                   = 5830732                                {pd product} {ergonomic}
    uintx NonProfiledCodeHeapSize                  = 122913754                              {pd product} {ergonomic}
    uintx ProfiledCodeHeapSize                     = 122913754                              {pd product} {ergonomic}
    uintx ReservedCodeCacheSize                    = 251658240                              {pd product} {ergonomic}
     bool SegmentedCodeCache                       = true                                      {product} {ergonomic}
     bool UseCompressedClassPointers               = true                                 {lp64_product} {ergonomic}
     bool UseCompressedOops                        = true                                 {lp64_product} {ergonomic}
     bool UseG1GC                                  = true                                      {product} {ergonomic}

Logging:
Log output configuration:
 #0: stdout all=warning uptime,level,tags
 #1: stderr all=off uptime,level,tags

Environment Variables:
PATH=/usr/local/sbin:/usr/local/bin:/usr/sbin:/usr/bin:/sbin:/bin:/usr/games:/usr/local/games:/snap/bin:/snap/bin
USERNAME=ubuntu
SHELL=/bin/bash
DISPLAY=:0
LANG=zh_CN.UTF-8

Signal Handlers:
SIGSEGV: [libjvm.so+0xead700], sa_mask[0]=11111111011111111101111111111110, sa_flags=SA_RESTART|SA_SIGINFO
SIGBUS: [libjvm.so+0xead700], sa_mask[0]=11111111011111111101111111111110, sa_flags=SA_RESTART|SA_SIGINFO
SIGFPE: [libjvm.so+0xead700], sa_mask[0]=11111111011111111101111111111110, sa_flags=SA_RESTART|SA_SIGINFO
SIGPIPE: [libjvm.so+0xbefa50], sa_mask[0]=11111111011111111101111111111110, sa_flags=SA_RESTART|SA_SIGINFO
SIGXFSZ: [libjvm.so+0xbefa50], sa_mask[0]=11111111011111111101111111111110, sa_flags=SA_RESTART|SA_SIGINFO
SIGILL: [libjvm.so+0xead700], sa_mask[0]=11111111011111111101111111111110, sa_flags=SA_RESTART|SA_SIGINFO
SIGUSR2: [libjvm.so+0xbef8f0], sa_mask[0]=00100000000000000000000000000000, sa_flags=SA_RESTART|SA_SIGINFO
SIGHUP: [libjvm.so+0xbf00b0], sa_mask[0]=11111111011111111101111111111110, sa_flags=SA_RESTART|SA_SIGINFO
SIGINT: [libjvm.so+0xbf00b0], sa_mask[0]=11111111011111111101111111111110, sa_flags=SA_RESTART|SA_SIGINFO
SIGTERM: [libjvm.so+0xbf00b0], sa_mask[0]=11111111011111111101111111111110, sa_flags=SA_RESTART|SA_SIGINFO
SIGQUIT: [libjvm.so+0xbf00b0], sa_mask[0]=11111111011111111101111111111110, sa_flags=SA_RESTART|SA_SIGINFO


---------------  S Y S T E M  ---------------

OS:DISTRIB_ID=Ubuntu
DISTRIB_RELEASE=22.10
DISTRIB_CODENAME=kinetic
DISTRIB_DESCRIPTION="Ubuntu 22.10"
uname:Linux 6.5.0-21-generic #21~22.04.1-Ubuntu SMP PREEMPT_DYNAMIC Fri Feb  9 13:32:52 UTC 2 x86_64
OS uptime: 0 days 10:26 hours
libc:glibc 2.35 NPTL 2.35 
rlimit (soft/hard): STACK 8192k/infinity , CORE 0k/infinity , NPROC 15188/15188 , NOFILE 1048576/1048576 , AS infinity/infinity , CPU infinity/infinity , DATA infinity/infinity , FSIZE infinity/infinity , MEMLOCK 495444k/495444k
load average:2.21 1.28 0.83

/proc/meminfo:
MemTotal:        3963576 kB
MemFree:          702116 kB
MemAvailable:    1047320 kB
Buffers:            6420 kB
Cached:           475132 kB
SwapCached:       146200 kB
Active:          1856004 kB
Inactive:         688524 kB
Active(anon):    1628832 kB
Inactive(anon):   434236 kB
Active(file):     227172 kB
Inactive(file):   254288 kB
Unevictable:          16 kB
Mlocked:              16 kB
SwapTotal:       3991548 kB
SwapFree:        2010664 kB
Zswap:                 0 kB
Zswapped:              0 kB
Dirty:              1060 kB
Writeback:            32 kB
AnonPages:       2027688 kB
Mapped:           195236 kB
Shmem:                92 kB
KReclaimable:     136420 kB
Slab:             299772 kB
SReclaimable:     136420 kB
SUnreclaim:       163352 kB
KernelStack:       12800 kB
PageTables:        25312 kB
SecPageTables:         0 kB
NFS_Unstable:          0 kB
Bounce:                0 kB
WritebackTmp:          0 kB
CommitLimit:     5973336 kB
Committed_AS:    6141892 kB
VmallocTotal:   34359738367 kB
VmallocUsed:       43704 kB
VmallocChunk:          0 kB
Percpu:           102912 kB
HardwareCorrupted:     0 kB
AnonHugePages:         0 kB
ShmemHugePages:        0 kB
ShmemPmdMapped:        0 kB
FileHugePages:         0 kB
FilePmdMapped:         0 kB
Unaccepted:            0 kB
HugePages_Total:       0
HugePages_Free:        0
HugePages_Rsvd:        0
HugePages_Surp:        0
Hugepagesize:       2048 kB
Hugetlb:               0 kB
DirectMap4k:      165696 kB
DirectMap2M:     2979840 kB
DirectMap1G:     3145728 kB

/sys/kernel/mm/transparent_hugepage/enabled:
always [madvise] never
/sys/kernel/mm/transparent_hugepage/defrag (defrag/compaction efforts parameter):
always defer defer+madvise [madvise] never

Process Memory:
Virtual Size: 3934964K (peak: 12378248K)
Resident Set Size: 96832K (peak: 96832K) (anon: 40260K, file: 56572K, shmem: 0K)
Swapped out: 0K
C-Heap outstanding allocations: 19801K, retained: 3062K
glibc malloc tunables: (default)

/proc/sys/kernel/threads-max (system-wide limit on the number of threads):
30377
/proc/sys/vm/max_map_count (maximum number of memory map areas a process may have):
65530
/proc/sys/kernel/pid_max (system-wide limit on number of process identifiers):
4194304

container (cgroup) information:
container_type: cgroupv2
cpu_cpuset_cpus: not supported
cpu_memory_nodes: not supported
active_processor_count: 4
cpu_quota: not supported
cpu_period: not supported
cpu_shares: not supported
memory_limit_in_bytes: unlimited
memory_and_swap_limit_in_bytes: unlimited
memory_soft_limit_in_bytes: unlimited
memory_usage_in_bytes: 2266904 k
memory_max_usage_in_bytes: not supported
memory_swap_current_in_bytes: 1439720 k
memory_swap_max_limit_in_bytes: unlimited
maximum number of tasks: 4556
current number of tasks: 141

VMWare virtualization detected
Steal ticks since vm start: 0
Steal ticks percentage since vm start:  0.000

CPU:total 4 (initial active 4) (1 cores per cpu, 1 threads per core) family 25 model 80 stepping 0 microcode 0xffffffff, cmov, cx8, fxsr, mmx, sse, sse2, sse3, ssse3, sse4.1, sse4.2, popcnt, avx, avx2, aes, clmul, erms, mmxext, lzcnt, sse4a, tsc, tscinvbit, tscinv, bmi1, bmi2, adx, sha, fma
CPU Model and flags from /proc/cpuinfo:
model name	: AMD Ryzen 5 5600H with Radeon Graphics
flags		: fpu vme de pse tsc msr pae mce cx8 apic sep mtrr pge mca cmov pat pse36 clflush mmx fxsr sse sse2 syscall nx mmxext pdpe1gb rdtscp lm constant_tsc rep_good nopl tsc_reliable nonstop_tsc cpuid extd_apicid tsc_known_freq pni pclmulqdq ssse3 fma cx16 sse4_1 sse4_2 x2apic movbe popcnt aes xsave avx f16c rdrand hypervisor lahf_lm cr8_legacy abm sse4a misalignsse 3dnowprefetch osvw topoext ibpb vmmcall fsgsbase bmi1 avx2 smep bmi2 erms invpcid rdseed adx smap clflushopt clwb sha_ni xsaveopt xsavec xgetbv1 xsaves clzero arat umip vaes vpclmulqdq rdpid overflow_recov succor fsrm
Online cpus:
0-3
Offline cpus:
4-127
BIOS frequency limitation:
<Not Available>
Frequency switch latency (ns):
<Not Available>
Available cpu frequencies:
<Not Available>
Current governor:
<Not Available>
Core performance/turbo boost:
<Not Available>

Memory: 4k page, physical 3963576k(702116k free), swap 3991548k(2010664k free)

vm_info: OpenJDK 64-Bit Server VM (11.0.22+7-post-Ubuntu-0ubuntu222.04.1) for linux-amd64 JRE (11.0.22+7-post-Ubuntu-0ubuntu222.04.1), built on Feb  5 2024 20:45:01 by "unknown" with gcc 11.4.0

END.
