#
# A fatal error has been detected by the Java Runtime Environment:
#
#  SIGSEGV (0xb) at pc=0x00007fed8202ca66, pid=46247, tid=46248
#
# JRE version: OpenJDK Runtime Environment (11.0.22+7) (build 11.0.22+7-post-Ubuntu-0ubuntu222.04.1)
# Java VM: OpenJDK 64-Bit Server VM (11.0.22+7-post-Ubuntu-0ubuntu222.04.1, mixed mode, sharing, tiered, compressed oops, g1 gc, linux-amd64)
# Problematic frame:
# C  [libLLVM-13.so+0xc2ca66]  LLVMBuildStore+0x26
#
# Core dump will be written. Default location: Core dumps may be processed with "/usr/share/apport/apport -p%p -s%s -c%c -d%d -P%P -u%u -g%g -- %E" (or dumping to /home/ubuntu/Lab/core.46247)
#
# If you would like to submit a bug report, please visit:
#   https://bugs.launchpad.net/ubuntu/+source/openjdk-lts
# The crash happened outside the Java Virtual Machine in native code.
# See problematic frame for where to report the bug.
#

---------------  S U M M A R Y ------------

Command Line: -agentlib:jdwp=transport=dt_socket,address=127.0.0.1:45983,suspend=y,server=n -javaagent:/home/ubuntu/software/idea-IU-233.14475.28/plugins/java/lib/rt/debugger-agent.jar -Dfile.encoding=UTF-8 Main tests/test1.c tests/Actual.ll

Host: AMD Ryzen 5 5600H with Radeon Graphics, 4 cores, 3G, Ubuntu 22.10
Time: Tue May 28 23:10:13 2024 CST elapsed time: 126.964599 seconds (0d 0h 2m 6s)

---------------  T H R E A D  ---------------

Current thread (0x00007fedf8018800):  JavaThread "main" [_thread_in_native, id=46248, stack(0x00007fedfc500000,0x00007fedfc600000)]

Stack: [0x00007fedfc500000,0x00007fedfc600000],  sp=0x00007fedfc5fdb10,  free space=1014k
Native frames: (J=compiled Java code, A=aot compiled Java code, j=interpreted, Vv=VM code, C=native code)
C  [libLLVM-13.so+0xc2ca66]  LLVMBuildStore+0x26

Java frames: (J=compiled Java code, j=interpreted, Vv=VM code)
j  org.bytedeco.llvm.global.LLVM.LLVMBuildStore(Lorg/bytedeco/llvm/LLVM/LLVMBuilderRef;Lorg/bytedeco/llvm/LLVM/LLVMValueRef;Lorg/bytedeco/llvm/LLVM/LLVMValueRef;)Lorg/bytedeco/llvm/LLVM/LLVMValueRef;+0
j  myVisitor.visitVarDef(LSysYParser$VarDefContext;)Lorg/bytedeco/llvm/LLVM/LLVMValueRef;+146
j  myVisitor.visitVarDef(LSysYParser$VarDefContext;)Ljava/lang/Object;+2
j  SysYParser$VarDefContext.accept(Lorg/antlr/v4/runtime/tree/ParseTreeVisitor;)Ljava/lang/Object;+12
j  org.antlr.v4.runtime.tree.AbstractParseTreeVisitor.visitChildren(Lorg/antlr/v4/runtime/tree/RuleNode;)Ljava/lang/Object;+46
j  SysYParserBaseVisitor.visitVarDecl(LSysYParser$VarDeclContext;)Ljava/lang/Object;+2
j  SysYParser$VarDeclContext.accept(Lorg/antlr/v4/runtime/tree/ParseTreeVisitor;)Ljava/lang/Object;+12
j  org.antlr.v4.runtime.tree.AbstractParseTreeVisitor.visitChildren(Lorg/antlr/v4/runtime/tree/RuleNode;)Ljava/lang/Object;+46
j  SysYParserBaseVisitor.visitDecl(LSysYParser$DeclContext;)Ljava/lang/Object;+2
j  SysYParser$DeclContext.accept(Lorg/antlr/v4/runtime/tree/ParseTreeVisitor;)Ljava/lang/Object;+12
j  org.antlr.v4.runtime.tree.AbstractParseTreeVisitor.visitChildren(Lorg/antlr/v4/runtime/tree/RuleNode;)Ljava/lang/Object;+46
j  SysYParserBaseVisitor.visitBlockItem(LSysYParser$BlockItemContext;)Ljava/lang/Object;+2
j  SysYParser$BlockItemContext.accept(Lorg/antlr/v4/runtime/tree/ParseTreeVisitor;)Ljava/lang/Object;+12
j  org.antlr.v4.runtime.tree.AbstractParseTreeVisitor.visitChildren(Lorg/antlr/v4/runtime/tree/RuleNode;)Ljava/lang/Object;+46
j  myVisitor.visitBlock(LSysYParser$BlockContext;)Lorg/bytedeco/llvm/LLVM/LLVMValueRef;+9
j  myVisitor.visitBlock(LSysYParser$BlockContext;)Ljava/lang/Object;+2
j  SysYParser$BlockContext.accept(Lorg/antlr/v4/runtime/tree/ParseTreeVisitor;)Ljava/lang/Object;+12
j  org.antlr.v4.runtime.tree.AbstractParseTreeVisitor.visit(Lorg/antlr/v4/runtime/tree/ParseTree;)Ljava/lang/Object;+2
j  myVisitor.visitFuncDef(LSysYParser$FuncDefContext;)Lorg/bytedeco/llvm/LLVM/LLVMValueRef;+266
j  myVisitor.visitFuncDef(LSysYParser$FuncDefContext;)Ljava/lang/Object;+2
j  SysYParser$FuncDefContext.accept(Lorg/antlr/v4/runtime/tree/ParseTreeVisitor;)Ljava/lang/Object;+12
j  org.antlr.v4.runtime.tree.AbstractParseTreeVisitor.visitChildren(Lorg/antlr/v4/runtime/tree/RuleNode;)Ljava/lang/Object;+46
j  SysYParserBaseVisitor.visitCompUnit(LSysYParser$CompUnitContext;)Ljava/lang/Object;+2
j  SysYParser$CompUnitContext.accept(Lorg/antlr/v4/runtime/tree/ParseTreeVisitor;)Ljava/lang/Object;+12
j  org.antlr.v4.runtime.tree.AbstractParseTreeVisitor.visitChildren(Lorg/antlr/v4/runtime/tree/RuleNode;)Ljava/lang/Object;+46
j  SysYParserBaseVisitor.visitProgram(LSysYParser$ProgramContext;)Ljava/lang/Object;+2
j  SysYParser$ProgramContext.accept(Lorg/antlr/v4/runtime/tree/ParseTreeVisitor;)Ljava/lang/Object;+12
j  org.antlr.v4.runtime.tree.AbstractParseTreeVisitor.visit(Lorg/antlr/v4/runtime/tree/ParseTree;)Ljava/lang/Object;+2
j  Main.main([Ljava/lang/String;)V+79
v  ~StubRoutines::call_stub

siginfo: si_signo: 11 (SIGSEGV), si_code: 1 (SEGV_MAPERR), si_addr: 0x0000000000000000

Register to memory mapping:

RAX=0x00007fedf8450ef0 points into unknown readable memory: 0x000000000a000100 | 00 01 00 0a 00 00 00 00
RBX=0x0 is NULL
RCX=0x0000000840094620 is a pointer to class: 
org.bytedeco.llvm.LLVM.LLVMValueRef {0x0000000840094620}
 - instance size:     6
 - klass size:        99
 - access:            public synchronized 
 - state:             fully_initialized
 - name:              'org/bytedeco/llvm/LLVM/LLVMValueRef'
 - super:             'org/bytedeco/javacpp/Pointer'
 - sub:               
 - arrays:            NULL
 - methods:           Array<T>(0x00007feddca2b410)
 - method ordering:   Array<T>(0x00007feddca2b5d8)
 - default_methods:   Array<T>(0x0000000000000000)
 - local interfaces:  Array<T>(0x0000000800525c58)
 - trans. interfaces: Array<T>(0x00007feddc926008)
 - constants:         constant pool [27] {0x00007feddca2b2c8} for 'org/bytedeco/llvm/LLVM/LLVMValueRef' cache=0x00007feddcaba768
 - class loader data:  loader data: 0x00007fedf8163870 for instance a 'jdk/internal/loader/ClassLoaders$AppClassLoader'{0x00000000c75306e8}
 - host class:        NULL
 - source file:       'LLVMValueRef.java'
 - class annotations:       Array<T>(0x00007feddca2b590)
 - class type annotations:  Array<T>(0x0000000000000000)
 - field annotations:       Array<T>(0x0000000000000000)
 - field type annotations:  Array<T>(0x0000000000000000)
 - inner classes:     Array<T>(0x0000000800526228)
 - nest members:     Array<T>(0x0000000800526228)
 - java mirror:       a 'java/lang/Class'{0x00000000c6c022e8} = 'org/bytedeco/llvm/LLVM/LLVMValueRef'
 - vtable length      35  (start addr: 0x00000008400947f0)
 - itable length      5 (start addr: 0x0000000840094908)
 - ---- static fields (0 words):
 - ---- non-static fields (9 words):
 - private 'deallocator' 'Lorg/bytedeco/javacpp/Pointer$Deallocator;' @12 
 - protected 'address' 'J' @16 
 - protected 'position' 'J' @24 
 - protected 'limit' 'J' @32 
 - protected 'capacity' 'J' @40 
 - non-static oop maps: 12-12 
RDX=0x00007fedf846dc80 points into unknown readable memory: 0x00007fedf8146470 | 70 64 14 f8 ed 7f 00 00
RSP=0x00007fedfc5fdb10 is pointing into the stack for thread: 0x00007fedf8018800
RBP=0x00007fedf839f190 points into unknown readable memory: 0x00007fedf839f1a0 | a0 f1 39 f8 ed 7f 00 00
RSI=0x0 is NULL
RDI=0x00007fedf8450e20 points into unknown readable memory: 0x00007fedf8469fd0 | d0 9f 46 f8 ed 7f 00 00
R8 =0x00007fedfc5fdc40 is pointing into the stack for thread: 0x00007fedf8018800
R9 =0x0000000000000002 is an unknown value
R10=0x00007feddfc154d4 is at code_begin+1652 in an Interpreter codelet
method entry point (kind = native)  [0x00007feddfc14e60, 0x00007feddfc15e60]  4096 bytes
R11=0x00000000c6cc56b8 points into unknown readable memory: 0x000000735f7ae501 | 01 e5 7a 5f 73 00 00 00
R12=0x00007fedf839f190 points into unknown readable memory: 0x00007fedf839f1a0 | a0 f1 39 f8 ed 7f 00 00
R13=0x0 is NULL
R14=0x00007fedf846dc80 points into unknown readable memory: 0x00007fedf8146470 | 70 64 14 f8 ed 7f 00 00
R15=0x00007fedf846dc80 points into unknown readable memory: 0x00007fedf8146470 | 70 64 14 f8 ed 7f 00 00


Registers:
RAX=0x00007fedf8450ef0, RBX=0x0000000000000000, RCX=0x0000000840094620, RDX=0x00007fedf846dc80
RSP=0x00007fedfc5fdb10, RBP=0x00007fedf839f190, RSI=0x0000000000000000, RDI=0x00007fedf8450e20
R8 =0x00007fedfc5fdc40, R9 =0x0000000000000002, R10=0x00007feddfc154d4, R11=0x00000000c6cc56b8
R12=0x00007fedf839f190, R13=0x0000000000000000, R14=0x00007fedf846dc80, R15=0x00007fedf846dc80
RIP=0x00007fed8202ca66, EFLAGS=0x0000000000010202, CSGSFS=0x002b000000000033, ERR=0x0000000000000004
  TRAPNO=0x000000000000000e

Top of Stack: (sp=0x00007fedfc5fdb10)
0x00007fedfc5fdb10:   00007fedfc5fdbd8 00007feddfc15084
0x00007fedfc5fdb20:   00007feddfc08b10 0000000000000042
0x00007fedfc5fdb30:   00007fedfc5fdb60 00007fedfcee9531
0x00007fedfc5fdb40:   0000000000000000 00007fedf8018b48 

Instructions: (pc=0x00007fed8202ca66)
0x00007fed8202c966:   55 49 89 f5 be 01 01 00 00 41 54 55 48 89 fd 53
0x00007fed8202c976:   48 83 ec 60 80 39 00 66 89 74 24 20 74 09 48 89
0x00007fed8202c986:   0c 24 c6 44 24 20 03 48 8b 7d 30 e8 ea 14 fc ff
0x00007fed8202c996:   48 89 c7 e8 62 46 0e 00 4c 89 ee 48 89 c7 e8 c7
0x00007fed8202c9a6:   45 01 00 be 01 00 00 00 bf 40 00 00 00 89 c3 b8
0x00007fed8202c9b6:   01 01 00 00 66 89 44 24 50 e8 bc 09 13 00 48 8d
0x00007fed8202c9c6:   4c 24 30 41 89 d9 45 31 c0 48 83 ec 08 48 89 c7
0x00007fed8202c9d6:   4c 89 f2 4c 89 ee 6a 00 49 89 c4 e8 3a 5c 09 00
0x00007fed8202c9e6:   48 8b 7d 50 48 8b 4d 30 4c 89 e6 48 8d 54 24 10
0x00007fed8202c9f6:   4c 8b 45 38 48 8b 07 ff 50 10 48 8b 5d 00 8b 6d
0x00007fed8202ca06:   08 5a 59 48 c1 e5 04 48 01 dd 48 39 eb 74 1a 0f
0x00007fed8202ca16:   1f 00 48 8b 53 08 8b 33 4c 89 e7 48 83 c3 10 e8
0x00007fed8202ca26:   16 14 0e 00 48 39 dd 75 e9 48 83 c4 60 4c 89 e0
0x00007fed8202ca36:   5b 5d 41 5c 41 5d 41 5e c3 90 41 56 49 89 d6 41
0x00007fed8202ca46:   55 49 89 f5 41 54 55 48 89 fd 53 48 83 ec 30 48
0x00007fed8202ca56:   8b 7f 30 e8 22 14 fc ff 48 89 c7 e8 9a 45 0e 00
0x00007fed8202ca66:   49 8b 75 00 48 89 c7 e8 fe 44 01 00 be 02 00 00
0x00007fed8202ca76:   00 bf 40 00 00 00 89 c3 b8 01 01 00 00 66 89 44
0x00007fed8202ca86:   24 20 e8 f3 08 13 00 41 89 d8 45 31 c9 31 c9 48
0x00007fed8202ca96:   89 c7 4c 89 f2 4c 89 ee 49 89 c4 e8 6a 62 09 00
0x00007fed8202caa6:   48 8b 7d 50 48 8b 4d 30 48 89 e2 4c 8b 45 38 4c
0x00007fed8202cab6:   89 e6 48 8b 07 ff 50 10 48 8b 5d 00 8b 6d 08 48
0x00007fed8202cac6:   c1 e5 04 48 01 dd 48 39 eb 74 1e 0f 1f 80 00 00
0x00007fed8202cad6:   00 00 48 8b 53 08 8b 33 4c 89 e7 48 83 c3 10 e8
0x00007fed8202cae6:   56 13 0e 00 48 39 dd 75 e9 48 83 c4 30 4c 89 e0
0x00007fed8202caf6:   5b 5d 41 5c 41 5d 41 5e c3 90 41 56 b8 01 01 00
0x00007fed8202cb06:   00 41 55 41 89 f5 41 54 55 48 89 fd 53 48 83 ec
0x00007fed8202cb16:   30 80 39 00 66 89 44 24 20 74 09 48 89 0c 24 c6
0x00007fed8202cb26:   44 24 20 03 45 31 f6 85 d2 bf 40 00 00 00 41 0f
0x00007fed8202cb36:   94 c6 31 f6 e8 41 08 13 00 48 8b 75 40 45 31 c0
0x00007fed8202cb46:   44 89 f1 48 89 c7 44 89 ea 49 89 c4 e8 39 6f 09
0x00007fed8202cb56:   00 48 8b 7d 50 48 8b 4d 30 48 89 e2 4c 8b 45 38 


Stack slot to memory mapping:
stack at sp + 0 slots: 0x00007fedfc5fdbd8 is pointing into the stack for thread: 0x00007fedf8018800
stack at sp + 1 slots: 0x00007feddfc15084 is at code_begin+548 in an Interpreter codelet
method entry point (kind = native)  [0x00007feddfc14e60, 0x00007feddfc15e60]  4096 bytes
stack at sp + 2 slots: 0x00007feddfc08b10 is at code_begin+-112 in 
[CodeBlob (0x00007feddfc08b10)]
Framesize: 0
BufferBlob (0x00007feddfc08b10) used for Interpreter
stack at sp + 3 slots: 0x0000000000000042 is an unknown value
stack at sp + 4 slots: 0x00007fedfc5fdb60 is pointing into the stack for thread: 0x00007fedf8018800
stack at sp + 5 slots: 0x00007fedfcee9531: <offset 0x00000000008e9531> in /usr/lib/jvm/java-11-openjdk-amd64/lib/server/libjvm.so at 0x00007fedfc600000
stack at sp + 6 slots: 0x0 is NULL
stack at sp + 7 slots: 0x00007fedf8018b48 points into unknown readable memory: 0x00007fedfd846b40 | 40 6b 84 fd ed 7f 00 00


---------------  P R O C E S S  ---------------

Threads class SMR info:
_java_thread_list=0x00007fed90001f00, length=11, elements={
0x00007fedf8018800, 0x00007fedf812b800, 0x00007fedf812d800, 0x00007fedf8132000,
0x00007fedf8134000, 0x00007fedf8136000, 0x00007fedf8138000, 0x00007fedf813a000,
0x00007fedf8157800, 0x00007fedf81ad800, 0x00007fedf822e800
}

Java Threads: ( => current thread )
=>0x00007fedf8018800 JavaThread "main" [_thread_in_native, id=46248, stack(0x00007fedfc500000,0x00007fedfc600000)]
  0x00007fedf812b800 JavaThread "Reference Handler" daemon [_thread_blocked, id=46256, stack(0x00007feddc308000,0x00007feddc408000)]
  0x00007fedf812d800 JavaThread "Finalizer" daemon [_thread_blocked, id=46257, stack(0x00007feddc208000,0x00007feddc308000)]
  0x00007fedf8132000 JavaThread "Signal Dispatcher" daemon [_thread_blocked, id=46258, stack(0x00007feddc108000,0x00007feddc208000)]
  0x00007fedf8134000 JavaThread "Service Thread" daemon [_thread_blocked, id=46259, stack(0x00007feddc008000,0x00007feddc108000)]
  0x00007fedf8136000 JavaThread "C2 CompilerThread0" daemon [_thread_blocked, id=46260, stack(0x00007fedcdf00000,0x00007fedce000000)]
  0x00007fedf8138000 JavaThread "C1 CompilerThread0" daemon [_thread_blocked, id=46261, stack(0x00007fedcde00000,0x00007fedcdf00000)]
  0x00007fedf813a000 JavaThread "Sweeper thread" daemon [_thread_blocked, id=46262, stack(0x00007fedcdd00000,0x00007fedcde00000)]
  0x00007fedf8157800 JavaThread "Common-Cleaner" daemon [_thread_blocked, id=46263, stack(0x00007fedcdc00000,0x00007fedcdd00000)]
  0x00007fedf81ad800 JavaThread "JDWP Event Helper Thread" daemon [_thread_blocked, id=46265, stack(0x00007fedcda00000,0x00007fedcdb00000)]
  0x00007fedf822e800 JavaThread "JavaCPP Deallocator" daemon [_thread_blocked, id=46272, stack(0x00007fedcd6ff000,0x00007fedcd7ff000)]

Other Threads:
  0x00007fedf8128800 VMThread "VM Thread" [stack: 0x00007feddc409000,0x00007feddc509000] [id=46255]
  0x00007fedf81bf800 WatcherThread [stack: 0x00007fedcd800000,0x00007fedcd900000] [id=46271]
  0x00007fedf8033000 GCTaskThread "GC Thread#0" [stack: 0x00007fedf7f00000,0x00007fedf8000000] [id=46250]
  0x00007fedf804d800 ConcurrentGCThread "G1 Main Marker" [stack: 0x00007feddd411000,0x00007feddd511000] [id=46251]
  0x00007fedf804f800 ConcurrentGCThread "G1 Conc#0" [stack: 0x00007feddd310000,0x00007feddd410000] [id=46252]
  0x00007fedf8093000 ConcurrentGCThread "G1 Refine#0" [stack: 0x00007feddce0b000,0x00007feddcf0b000] [id=46253]
  0x00007fedf8095000 ConcurrentGCThread "G1 Young RemSet Sampling" [stack: 0x00007feddcd0a000,0x00007feddce0a000] [id=46254]

Threads with active compile tasks:

VM state:not at safepoint (normal execution)

VM Mutex/Monitor currently owned by a thread: None

Heap address: 0x00000000c3800000, size: 968 MB, Compressed Oops mode: 32-bit
Narrow klass base: 0x0000000800000000, Narrow klass shift: 3
Compressed class space size: 1073741824 Address: 0x0000000840000000

Heap:
 garbage-first heap   total 65536K, used 14032K [0x00000000c3800000, 0x0000000100000000)
  region size 1024K, 14 young (14336K), 0 survivors (0K)
 Metaspace       used 3721K, capacity 6553K, committed 6656K, reserved 1056768K
  class space    used 414K, capacity 694K, committed 768K, reserved 1048576K
Heap Regions: E=young(eden), S=young(survivor), O=old, HS=humongous(starts), HC=humongous(continues), CS=collection set, F=free, A=archive, TAMS=top-at-mark-start (previous, next)
|   0|0x00000000c3800000, 0x00000000c3800000, 0x00000000c3900000|  0%| F|  |TAMS 0x00000000c3800000, 0x00000000c3800000| Untracked 
|   1|0x00000000c3900000, 0x00000000c3900000, 0x00000000c3a00000|  0%| F|  |TAMS 0x00000000c3900000, 0x00000000c3900000| Untracked 
|   2|0x00000000c3a00000, 0x00000000c3a00000, 0x00000000c3b00000|  0%| F|  |TAMS 0x00000000c3a00000, 0x00000000c3a00000| Untracked 
|   3|0x00000000c3b00000, 0x00000000c3b00000, 0x00000000c3c00000|  0%| F|  |TAMS 0x00000000c3b00000, 0x00000000c3b00000| Untracked 
|   4|0x00000000c3c00000, 0x00000000c3c00000, 0x00000000c3d00000|  0%| F|  |TAMS 0x00000000c3c00000, 0x00000000c3c00000| Untracked 
|   5|0x00000000c3d00000, 0x00000000c3d00000, 0x00000000c3e00000|  0%| F|  |TAMS 0x00000000c3d00000, 0x00000000c3d00000| Untracked 
|   6|0x00000000c3e00000, 0x00000000c3e00000, 0x00000000c3f00000|  0%| F|  |TAMS 0x00000000c3e00000, 0x00000000c3e00000| Untracked 
|   7|0x00000000c3f00000, 0x00000000c3f00000, 0x00000000c4000000|  0%| F|  |TAMS 0x00000000c3f00000, 0x00000000c3f00000| Untracked 
|   8|0x00000000c4000000, 0x00000000c4000000, 0x00000000c4100000|  0%| F|  |TAMS 0x00000000c4000000, 0x00000000c4000000| Untracked 
|   9|0x00000000c4100000, 0x00000000c4100000, 0x00000000c4200000|  0%| F|  |TAMS 0x00000000c4100000, 0x00000000c4100000| Untracked 
|  10|0x00000000c4200000, 0x00000000c4200000, 0x00000000c4300000|  0%| F|  |TAMS 0x00000000c4200000, 0x00000000c4200000| Untracked 
|  11|0x00000000c4300000, 0x00000000c4300000, 0x00000000c4400000|  0%| F|  |TAMS 0x00000000c4300000, 0x00000000c4300000| Untracked 
|  12|0x00000000c4400000, 0x00000000c4400000, 0x00000000c4500000|  0%| F|  |TAMS 0x00000000c4400000, 0x00000000c4400000| Untracked 
|  13|0x00000000c4500000, 0x00000000c4500000, 0x00000000c4600000|  0%| F|  |TAMS 0x00000000c4500000, 0x00000000c4500000| Untracked 
|  14|0x00000000c4600000, 0x00000000c4600000, 0x00000000c4700000|  0%| F|  |TAMS 0x00000000c4600000, 0x00000000c4600000| Untracked 
|  15|0x00000000c4700000, 0x00000000c4700000, 0x00000000c4800000|  0%| F|  |TAMS 0x00000000c4700000, 0x00000000c4700000| Untracked 
|  16|0x00000000c4800000, 0x00000000c4800000, 0x00000000c4900000|  0%| F|  |TAMS 0x00000000c4800000, 0x00000000c4800000| Untracked 
|  17|0x00000000c4900000, 0x00000000c4900000, 0x00000000c4a00000|  0%| F|  |TAMS 0x00000000c4900000, 0x00000000c4900000| Untracked 
|  18|0x00000000c4a00000, 0x00000000c4a00000, 0x00000000c4b00000|  0%| F|  |TAMS 0x00000000c4a00000, 0x00000000c4a00000| Untracked 
|  19|0x00000000c4b00000, 0x00000000c4b00000, 0x00000000c4c00000|  0%| F|  |TAMS 0x00000000c4b00000, 0x00000000c4b00000| Untracked 
|  20|0x00000000c4c00000, 0x00000000c4c00000, 0x00000000c4d00000|  0%| F|  |TAMS 0x00000000c4c00000, 0x00000000c4c00000| Untracked 
|  21|0x00000000c4d00000, 0x00000000c4d00000, 0x00000000c4e00000|  0%| F|  |TAMS 0x00000000c4d00000, 0x00000000c4d00000| Untracked 
|  22|0x00000000c4e00000, 0x00000000c4e00000, 0x00000000c4f00000|  0%| F|  |TAMS 0x00000000c4e00000, 0x00000000c4e00000| Untracked 
|  23|0x00000000c4f00000, 0x00000000c4f00000, 0x00000000c5000000|  0%| F|  |TAMS 0x00000000c4f00000, 0x00000000c4f00000| Untracked 
|  24|0x00000000c5000000, 0x00000000c5000000, 0x00000000c5100000|  0%| F|  |TAMS 0x00000000c5000000, 0x00000000c5000000| Untracked 
|  25|0x00000000c5100000, 0x00000000c5100000, 0x00000000c5200000|  0%| F|  |TAMS 0x00000000c5100000, 0x00000000c5100000| Untracked 
|  26|0x00000000c5200000, 0x00000000c5200000, 0x00000000c5300000|  0%| F|  |TAMS 0x00000000c5200000, 0x00000000c5200000| Untracked 
|  27|0x00000000c5300000, 0x00000000c5300000, 0x00000000c5400000|  0%| F|  |TAMS 0x00000000c5300000, 0x00000000c5300000| Untracked 
|  28|0x00000000c5400000, 0x00000000c5400000, 0x00000000c5500000|  0%| F|  |TAMS 0x00000000c5400000, 0x00000000c5400000| Untracked 
|  29|0x00000000c5500000, 0x00000000c5500000, 0x00000000c5600000|  0%| F|  |TAMS 0x00000000c5500000, 0x00000000c5500000| Untracked 
|  30|0x00000000c5600000, 0x00000000c5600000, 0x00000000c5700000|  0%| F|  |TAMS 0x00000000c5600000, 0x00000000c5600000| Untracked 
|  31|0x00000000c5700000, 0x00000000c5700000, 0x00000000c5800000|  0%| F|  |TAMS 0x00000000c5700000, 0x00000000c5700000| Untracked 
|  32|0x00000000c5800000, 0x00000000c5800000, 0x00000000c5900000|  0%| F|  |TAMS 0x00000000c5800000, 0x00000000c5800000| Untracked 
|  33|0x00000000c5900000, 0x00000000c5900000, 0x00000000c5a00000|  0%| F|  |TAMS 0x00000000c5900000, 0x00000000c5900000| Untracked 
|  34|0x00000000c5a00000, 0x00000000c5a00000, 0x00000000c5b00000|  0%| F|  |TAMS 0x00000000c5a00000, 0x00000000c5a00000| Untracked 
|  35|0x00000000c5b00000, 0x00000000c5b00000, 0x00000000c5c00000|  0%| F|  |TAMS 0x00000000c5b00000, 0x00000000c5b00000| Untracked 
|  36|0x00000000c5c00000, 0x00000000c5c00000, 0x00000000c5d00000|  0%| F|  |TAMS 0x00000000c5c00000, 0x00000000c5c00000| Untracked 
|  37|0x00000000c5d00000, 0x00000000c5d00000, 0x00000000c5e00000|  0%| F|  |TAMS 0x00000000c5d00000, 0x00000000c5d00000| Untracked 
|  38|0x00000000c5e00000, 0x00000000c5e00000, 0x00000000c5f00000|  0%| F|  |TAMS 0x00000000c5e00000, 0x00000000c5e00000| Untracked 
|  39|0x00000000c5f00000, 0x00000000c5f00000, 0x00000000c6000000|  0%| F|  |TAMS 0x00000000c5f00000, 0x00000000c5f00000| Untracked 
|  40|0x00000000c6000000, 0x00000000c6000000, 0x00000000c6100000|  0%| F|  |TAMS 0x00000000c6000000, 0x00000000c6000000| Untracked 
|  41|0x00000000c6100000, 0x00000000c6100000, 0x00000000c6200000|  0%| F|  |TAMS 0x00000000c6100000, 0x00000000c6100000| Untracked 
|  42|0x00000000c6200000, 0x00000000c6200000, 0x00000000c6300000|  0%| F|  |TAMS 0x00000000c6200000, 0x00000000c6200000| Untracked 
|  43|0x00000000c6300000, 0x00000000c6300000, 0x00000000c6400000|  0%| F|  |TAMS 0x00000000c6300000, 0x00000000c6300000| Untracked 
|  44|0x00000000c6400000, 0x00000000c6400000, 0x00000000c6500000|  0%| F|  |TAMS 0x00000000c6400000, 0x00000000c6400000| Untracked 
|  45|0x00000000c6500000, 0x00000000c6500000, 0x00000000c6600000|  0%| F|  |TAMS 0x00000000c6500000, 0x00000000c6500000| Untracked 
|  46|0x00000000c6600000, 0x00000000c6600000, 0x00000000c6700000|  0%| F|  |TAMS 0x00000000c6600000, 0x00000000c6600000| Untracked 
|  47|0x00000000c6700000, 0x00000000c6700000, 0x00000000c6800000|  0%| F|  |TAMS 0x00000000c6700000, 0x00000000c6700000| Untracked 
|  48|0x00000000c6800000, 0x00000000c688ff08, 0x00000000c6900000| 56%| E|  |TAMS 0x00000000c6800000, 0x00000000c6800000| Complete 
|  49|0x00000000c6900000, 0x00000000c6a00000, 0x00000000c6a00000|100%| E|CS|TAMS 0x00000000c6900000, 0x00000000c6900000| Complete 
|  50|0x00000000c6a00000, 0x00000000c6b00000, 0x00000000c6b00000|100%| E|CS|TAMS 0x00000000c6a00000, 0x00000000c6a00000| Complete 
|  51|0x00000000c6b00000, 0x00000000c6c00000, 0x00000000c6c00000|100%| E|CS|TAMS 0x00000000c6b00000, 0x00000000c6b00000| Complete 
|  52|0x00000000c6c00000, 0x00000000c6d00000, 0x00000000c6d00000|100%| E|CS|TAMS 0x00000000c6c00000, 0x00000000c6c00000| Complete 
|  53|0x00000000c6d00000, 0x00000000c6e00000, 0x00000000c6e00000|100%| E|CS|TAMS 0x00000000c6d00000, 0x00000000c6d00000| Complete 
|  54|0x00000000c6e00000, 0x00000000c6f00000, 0x00000000c6f00000|100%| E|CS|TAMS 0x00000000c6e00000, 0x00000000c6e00000| Complete 
|  55|0x00000000c6f00000, 0x00000000c7000000, 0x00000000c7000000|100%| E|CS|TAMS 0x00000000c6f00000, 0x00000000c6f00000| Complete 
|  56|0x00000000c7000000, 0x00000000c7100000, 0x00000000c7100000|100%| E|CS|TAMS 0x00000000c7000000, 0x00000000c7000000| Complete 
|  57|0x00000000c7100000, 0x00000000c7200000, 0x00000000c7200000|100%| E|CS|TAMS 0x00000000c7100000, 0x00000000c7100000| Complete 
|  58|0x00000000c7200000, 0x00000000c7300000, 0x00000000c7300000|100%| E|CS|TAMS 0x00000000c7200000, 0x00000000c7200000| Complete 
|  59|0x00000000c7300000, 0x00000000c7400000, 0x00000000c7400000|100%| E|CS|TAMS 0x00000000c7300000, 0x00000000c7300000| Complete 
|  60|0x00000000c7400000, 0x00000000c7500000, 0x00000000c7500000|100%| E|CS|TAMS 0x00000000c7400000, 0x00000000c7400000| Complete 
|  61|0x00000000c7500000, 0x00000000c7600000, 0x00000000c7600000|100%| E|CS|TAMS 0x00000000c7500000, 0x00000000c7500000| Complete 
| 966|0x00000000ffe00000, 0x00000000ffe48000, 0x00000000fff00000| 28%|OA|  |TAMS 0x00000000ffe00000, 0x00000000ffe00000| Untracked 
| 967|0x00000000fff00000, 0x00000000fff6c000, 0x0000000100000000| 42%|CA|  |TAMS 0x00000000fff00000, 0x00000000fff00000| Untracked 

Card table byte_map: [0x00007feddf535000,0x00007feddf719000] _byte_map_base: 0x00007feddef19000

Marking Bits (Prev, Next): (CMBitMap*) 0x00007fedf8048f88, (CMBitMap*) 0x00007fedf8048fc0
 Prev Bits: [0x00007fedde431000, 0x00007feddf351000)
 Next Bits: [0x00007feddd511000, 0x00007fedde431000)

Polling page: 0x00007fedfdc35000

Metaspace:

Usage:
  Non-class:      5.72 MB capacity,     3.23 MB ( 56%) used,     2.49 MB ( 43%) free+waste,     7.12 KB ( <1%) overhead. 
      Class:    694.00 KB capacity,   414.85 KB ( 60%) used,   275.46 KB ( 40%) free+waste,     3.69 KB ( <1%) overhead. 
       Both:      6.40 MB capacity,     3.63 MB ( 57%) used,     2.75 MB ( 43%) free+waste,    10.81 KB ( <1%) overhead. 

Virtual space:
  Non-class space:        8.00 MB reserved,       5.75 MB ( 72%) committed 
      Class space:        1.00 GB reserved,     768.00 KB ( <1%) committed 
             Both:        1.01 GB reserved,       6.50 MB ( <1%) committed 

Chunk freelists:
   Non-Class:  0 bytes
       Class:  10.00 KB
        Both:  10.00 KB

MaxMetaspaceSize: unlimited
CompressedClassSpaceSize: 1.00 GB
Initial GC threshold: 20.80 MB
Current GC threshold: 20.80 MB
CDS: on

CodeHeap 'non-profiled nmethods': size=120032Kb used=217Kb max_used=217Kb free=119815Kb
 bounds [0x00007fede76c8000, 0x00007fede7938000, 0x00007fedeec00000]
CodeHeap 'profiled nmethods': size=120032Kb used=1158Kb max_used=1158Kb free=118873Kb
 bounds [0x00007fede0190000, 0x00007fede0400000, 0x00007fede76c8000]
CodeHeap 'non-nmethods': size=5696Kb used=1204Kb max_used=1213Kb free=4491Kb
 bounds [0x00007feddfc00000, 0x00007feddfe70000, 0x00007fede0190000]
 total_blobs=1067 nmethods=669 adapters=320
 compilation: enabled
              stopped_count=0, restarted_count=0
 full_count=0

Compilation events (20 events):
Event: 0.674 Thread 0x00007fedf8136000 nmethod 621 0x00007fede76f5c90 code [0x00007fede76f5e60, 0x00007fede76f6a48]
Event: 0.674 Thread 0x00007fedf8136000  635       4       java.lang.AbstractStringBuilder::append (45 bytes)
Event: 0.679 Thread 0x00007fedf8136000 nmethod 635 0x00007fede76f7110 code [0x00007fede76f72c0, 0x00007fede76f7878]
Event: 0.679 Thread 0x00007fedf8136000  638       4       java.lang.String::getBytes (44 bytes)
Event: 0.680 Thread 0x00007fedf8136000 nmethod 638 0x00007fede76f7c90 code [0x00007fede76f7e20, 0x00007fede76f7f98]
Event: 0.680 Thread 0x00007fedf8136000  632       4       java.util.zip.ZipUtils::get16 (21 bytes)
Event: 0.680 Thread 0x00007fedf8136000 nmethod 632 0x00007fede76f8110 code [0x00007fede76f82a0, 0x00007fede76f8338]
Event: 0.682 Thread 0x00007fedf8138000 nmethod 628 0x00007fede029bf10 code [0x00007fede029d220, 0x00007fede02a8aa0]
Event: 0.682 Thread 0x00007fedf8138000  634       3       java.io.InputStream::<init> (5 bytes)
Event: 0.682 Thread 0x00007fedf8138000 nmethod 634 0x00007fede02ad490 code [0x00007fede02ad640, 0x00007fede02ad7b0]
Event: 0.682 Thread 0x00007fedf8138000  630       3       jdk.internal.misc.SharedSecrets::javaUtilJarAccess (18 bytes)
Event: 0.682 Thread 0x00007fedf8138000 nmethod 630 0x00007fede02ad890 code [0x00007fede02ada60, 0x00007fede02adc40]
Event: 0.682 Thread 0x00007fedf8138000  631       3       java.io.File::exists (43 bytes)
Event: 0.682 Thread 0x00007fedf8138000 nmethod 631 0x00007fede02add10 code [0x00007fede02adf60, 0x00007fede02ae700]
Event: 0.682 Thread 0x00007fedf8138000  633       3       java.lang.ref.WeakReference::<init> (7 bytes)
Event: 0.682 Thread 0x00007fedf8138000 nmethod 633 0x00007fede02ae990 code [0x00007fede02aeb60, 0x00007fede02aee50]
Event: 0.682 Thread 0x00007fedf8138000  636       3       java.io.UnixFileSystem::resolve (103 bytes)
Event: 0.684 Thread 0x00007fedf8138000 nmethod 636 0x00007fede02aef10 code [0x00007fede02af360, 0x00007fede02b0f20]
Event: 0.684 Thread 0x00007fedf8138000  637       1       java.util.zip.ZipEntry::getName (5 bytes)
Event: 0.684 Thread 0x00007fedf8138000 nmethod 637 0x00007fede76f8410 code [0x00007fede76f85c0, 0x00007fede76f8690]

GC Heap History (0 events):
No events

Deoptimization events (20 events):
Event: 0.598 Thread 0x00007fedf8018800 DEOPT PACKING pc=0x00007fede026dd54 sp=0x00007fedfc5fbaa0
Event: 0.598 Thread 0x00007fedf8018800 DEOPT UNPACKING pc=0x00007feddfc4a64a sp=0x00007fedfc5faf90 mode 1
Event: 0.598 Thread 0x00007fedf8018800 DEOPT PACKING pc=0x00007fede026dd54 sp=0x00007fedfc5fbaa0
Event: 0.598 Thread 0x00007fedf8018800 DEOPT UNPACKING pc=0x00007feddfc4a64a sp=0x00007fedfc5faf90 mode 1
Event: 0.598 Thread 0x00007fedf8018800 DEOPT PACKING pc=0x00007fede026dd54 sp=0x00007fedfc5fbaa0
Event: 0.598 Thread 0x00007fedf8018800 DEOPT UNPACKING pc=0x00007feddfc4a64a sp=0x00007fedfc5faf90 mode 1
Event: 0.598 Thread 0x00007fedf8018800 DEOPT PACKING pc=0x00007fede026dd54 sp=0x00007fedfc5fbaa0
Event: 0.598 Thread 0x00007fedf8018800 DEOPT UNPACKING pc=0x00007feddfc4a64a sp=0x00007fedfc5faf90 mode 1
Event: 0.598 Thread 0x00007fedf8018800 DEOPT PACKING pc=0x00007fede026dd54 sp=0x00007fedfc5fbaa0
Event: 0.599 Thread 0x00007fedf8018800 DEOPT UNPACKING pc=0x00007feddfc4a64a sp=0x00007fedfc5faf90 mode 1
Event: 0.615 Thread 0x00007fedf8018800 DEOPT PACKING pc=0x00007fede020240a sp=0x00007fedfc5fcf80
Event: 0.615 Thread 0x00007fedf8018800 DEOPT UNPACKING pc=0x00007feddfc4a64a sp=0x00007fedfc5fc428 mode 0
Event: 0.616 Thread 0x00007fedf8018800 DEOPT PACKING pc=0x00007fede01c914f sp=0x00007fedfc5fcf40
Event: 0.616 Thread 0x00007fedf8018800 DEOPT UNPACKING pc=0x00007feddfc4a64a sp=0x00007fedfc5fc3e8 mode 0
Event: 0.617 Thread 0x00007fedf8018800 DEOPT PACKING pc=0x00007fede01c914f sp=0x00007fedfc5fd060
Event: 0.617 Thread 0x00007fedf8018800 DEOPT UNPACKING pc=0x00007feddfc4a64a sp=0x00007fedfc5fc508 mode 0
Event: 0.619 Thread 0x00007fedf8018800 DEOPT PACKING pc=0x00007fede01c914f sp=0x00007fedfc5fd060
Event: 0.619 Thread 0x00007fedf8018800 DEOPT UNPACKING pc=0x00007feddfc4a64a sp=0x00007fedfc5fc508 mode 0
Event: 0.621 Thread 0x00007fedf8018800 DEOPT PACKING pc=0x00007fede01c914f sp=0x00007fedfc5fcf10
Event: 0.621 Thread 0x00007fedf8018800 DEOPT UNPACKING pc=0x00007feddfc4a64a sp=0x00007fedfc5fc3b8 mode 0

Classes redefined (0 events):
No events

Internal exceptions (20 events):
Event: 0.598 Thread 0x00007fedf8018800 Exception <a 'java/security/PrivilegedActionException'{0x00000000c6b102c0}> (0x00000000c6b102c0) thrown at [./src/hotspot/share/prims/jvm.cpp, line 1304]
Event: 0.598 Thread 0x00007fedf8018800 Exception <a 'java/security/PrivilegedActionException'{0x00000000c6b10590}> (0x00000000c6b10590) thrown at [./src/hotspot/share/prims/jvm.cpp, line 1304]
Event: 0.598 Thread 0x00007fedf8018800 Exception <a 'java/security/PrivilegedActionException'{0x00000000c6b10ee0}> (0x00000000c6b10ee0) thrown at [./src/hotspot/share/prims/jvm.cpp, line 1304]
Event: 0.598 Thread 0x00007fedf8018800 Exception <a 'java/security/PrivilegedActionException'{0x00000000c6b111b0}> (0x00000000c6b111b0) thrown at [./src/hotspot/share/prims/jvm.cpp, line 1304]
Event: 0.598 Thread 0x00007fedf8018800 Exception <a 'java/security/PrivilegedActionException'{0x00000000c6b11b38}> (0x00000000c6b11b38) thrown at [./src/hotspot/share/prims/jvm.cpp, line 1304]
Event: 0.598 Thread 0x00007fedf8018800 Exception <a 'java/security/PrivilegedActionException'{0x00000000c6b11e08}> (0x00000000c6b11e08) thrown at [./src/hotspot/share/prims/jvm.cpp, line 1304]
Event: 0.598 Thread 0x00007fedf8018800 Exception <a 'java/security/PrivilegedActionException'{0x00000000c6b12778}> (0x00000000c6b12778) thrown at [./src/hotspot/share/prims/jvm.cpp, line 1304]
Event: 0.598 Thread 0x00007fedf8018800 Exception <a 'java/security/PrivilegedActionException'{0x00000000c6b12a48}> (0x00000000c6b12a48) thrown at [./src/hotspot/share/prims/jvm.cpp, line 1304]
Event: 0.598 Thread 0x00007fedf8018800 Exception <a 'java/security/PrivilegedActionException'{0x00000000c6b133b8}> (0x00000000c6b133b8) thrown at [./src/hotspot/share/prims/jvm.cpp, line 1304]
Event: 0.598 Thread 0x00007fedf8018800 Exception <a 'java/security/PrivilegedActionException'{0x00000000c6b13688}> (0x00000000c6b13688) thrown at [./src/hotspot/share/prims/jvm.cpp, line 1304]
Event: 0.598 Thread 0x00007fedf8018800 Exception <a 'java/security/PrivilegedActionException'{0x00000000c6b14010}> (0x00000000c6b14010) thrown at [./src/hotspot/share/prims/jvm.cpp, line 1304]
Event: 0.598 Thread 0x00007fedf8018800 Exception <a 'java/security/PrivilegedActionException'{0x00000000c6b142e0}> (0x00000000c6b142e0) thrown at [./src/hotspot/share/prims/jvm.cpp, line 1304]
Event: 0.598 Thread 0x00007fedf8018800 Exception <a 'java/security/PrivilegedActionException'{0x00000000c6b14c68}> (0x00000000c6b14c68) thrown at [./src/hotspot/share/prims/jvm.cpp, line 1304]
Event: 0.598 Thread 0x00007fedf8018800 Exception <a 'java/security/PrivilegedActionException'{0x00000000c6b14f38}> (0x00000000c6b14f38) thrown at [./src/hotspot/share/prims/jvm.cpp, line 1304]
Event: 0.598 Thread 0x00007fedf8018800 Exception <a 'java/security/PrivilegedActionException'{0x00000000c6b158c0}> (0x00000000c6b158c0) thrown at [./src/hotspot/share/prims/jvm.cpp, line 1304]
Event: 0.598 Thread 0x00007fedf8018800 Exception <a 'java/security/PrivilegedActionException'{0x00000000c6b15b90}> (0x00000000c6b15b90) thrown at [./src/hotspot/share/prims/jvm.cpp, line 1304]
Event: 0.598 Thread 0x00007fedf8018800 Exception <a 'java/security/PrivilegedActionException'{0x00000000c6b16500}> (0x00000000c6b16500) thrown at [./src/hotspot/share/prims/jvm.cpp, line 1304]
Event: 0.598 Thread 0x00007fedf8018800 Exception <a 'java/security/PrivilegedActionException'{0x00000000c6b167d0}> (0x00000000c6b167d0) thrown at [./src/hotspot/share/prims/jvm.cpp, line 1304]
Event: 0.598 Thread 0x00007fedf8018800 Exception <a 'java/security/PrivilegedActionException'{0x00000000c6b17158}> (0x00000000c6b17158) thrown at [./src/hotspot/share/prims/jvm.cpp, line 1304]
Event: 0.599 Thread 0x00007fedf8018800 Exception <a 'java/security/PrivilegedActionException'{0x00000000c6b17428}> (0x00000000c6b17428) thrown at [./src/hotspot/share/prims/jvm.cpp, line 1304]

Events (20 events):
Event: 90.094 Executing VM operation: GetStackTrace
Event: 90.095 Executing VM operation: GetStackTrace done
Event: 90.095 Executing VM operation: GetFrameCount
Event: 90.095 Executing VM operation: GetFrameCount done
Event: 90.096 Executing VM operation: GetStackTrace
Event: 90.096 Executing VM operation: GetStackTrace done
Event: 90.096 Executing VM operation: GetFrameCount
Event: 90.097 Executing VM operation: GetFrameCount done
Event: 90.097 Executing VM operation: GetStackTrace
Event: 90.097 Executing VM operation: GetStackTrace done
Event: 90.098 Executing VM operation: GetFrameCount
Event: 90.098 Executing VM operation: GetFrameCount done
Event: 90.098 Executing VM operation: GetStackTrace
Event: 90.098 Executing VM operation: GetStackTrace done
Event: 90.099 Executing VM operation: GetFrameCount
Event: 90.099 Executing VM operation: GetFrameCount done
Event: 90.099 Executing VM operation: GetStackTrace
Event: 90.099 Executing VM operation: GetStackTrace done
Event: 95.471 Executing VM operation: ChangeBreakpoints
Event: 95.471 Executing VM operation: ChangeBreakpoints done


Dynamic libraries:
c3800000-c7600000 rw-p 00000000 00:00 0 
c7600000-ffe00000 ---p 00000000 00:00 0 
ffe00000-ffe48000 rw-p 00b14000 08:03 265562                             /usr/lib/jvm/java-11-openjdk-amd64/lib/server/classes.jsa
ffe48000-fff00000 rw-p 00000000 00:00 0 
fff00000-fff6c000 rw-p 00aa8000 08:03 265562                             /usr/lib/jvm/java-11-openjdk-amd64/lib/server/classes.jsa
fff6c000-100000000 rw-p 00000000 00:00 0 
800000000-800002000 rwxp 00001000 08:03 265562                           /usr/lib/jvm/java-11-openjdk-amd64/lib/server/classes.jsa
800002000-800aa7000 rw-p 00003000 08:03 265562                           /usr/lib/jvm/java-11-openjdk-amd64/lib/server/classes.jsa
840000000-8400c0000 rw-p 00000000 00:00 0 
8400c0000-880000000 ---p 00000000 00:00 0 
5555fa957000-5555fa958000 r--p 00000000 08:03 265116                     /usr/lib/jvm/java-11-openjdk-amd64/bin/java
5555fa958000-5555fa959000 r-xp 00001000 08:03 265116                     /usr/lib/jvm/java-11-openjdk-amd64/bin/java
5555fa959000-5555fa95a000 r--p 00002000 08:03 265116                     /usr/lib/jvm/java-11-openjdk-amd64/bin/java
5555fa95a000-5555fa95b000 r--p 00002000 08:03 265116                     /usr/lib/jvm/java-11-openjdk-amd64/bin/java
5555fa95b000-5555fa95c000 rw-p 00003000 08:03 265116                     /usr/lib/jvm/java-11-openjdk-amd64/bin/java
5555fb15b000-5555fb17c000 rw-p 00000000 00:00 0                          [heap]
7fed81400000-7fed81d26000 r--p 00000000 08:03 1587749                    /home/ubuntu/.javacpp/cache/llvm-13.0.1-1.5.7-linux-x86_64.jar/org/bytedeco/llvm/linux-x86_64/libLLVM-13.so
7fed81d26000-7fed856e9000 r-xp 00926000 08:03 1587749                    /home/ubuntu/.javacpp/cache/llvm-13.0.1-1.5.7-linux-x86_64.jar/org/bytedeco/llvm/linux-x86_64/libLLVM-13.so
7fed856e9000-7fed8793e000 r--p 042e9000 08:03 1587749                    /home/ubuntu/.javacpp/cache/llvm-13.0.1-1.5.7-linux-x86_64.jar/org/bytedeco/llvm/linux-x86_64/libLLVM-13.so
7fed8793e000-7fed87e53000 r--p 0653d000 08:03 1587749                    /home/ubuntu/.javacpp/cache/llvm-13.0.1-1.5.7-linux-x86_64.jar/org/bytedeco/llvm/linux-x86_64/libLLVM-13.so
7fed87e53000-7fed87e5e000 rw-p 06a52000 08:03 1587749                    /home/ubuntu/.javacpp/cache/llvm-13.0.1-1.5.7-linux-x86_64.jar/org/bytedeco/llvm/linux-x86_64/libLLVM-13.so
7fed87e5e000-7fed87ed4000 rw-p 00000000 00:00 0 
7fed88000000-7fed88021000 rw-p 00000000 00:00 0 
7fed88021000-7fed8c000000 ---p 00000000 00:00 0 
7fed90000000-7fed90021000 rw-p 00000000 00:00 0 
7fed90021000-7fed94000000 ---p 00000000 00:00 0 
7fed94000000-7fed94021000 rw-p 00000000 00:00 0 
7fed94021000-7fed98000000 ---p 00000000 00:00 0 
7fed98000000-7fed98028000 rw-p 00000000 00:00 0 
7fed98028000-7fed9c000000 ---p 00000000 00:00 0 
7fed9c000000-7fed9c021000 rw-p 00000000 00:00 0 
7fed9c021000-7feda0000000 ---p 00000000 00:00 0 
7feda0000000-7feda0021000 rw-p 00000000 00:00 0 
7feda0021000-7feda4000000 ---p 00000000 00:00 0 
7feda4000000-7feda4021000 rw-p 00000000 00:00 0 
7feda4021000-7feda8000000 ---p 00000000 00:00 0 
7feda8000000-7feda83e7000 rw-p 00000000 00:00 0 
7feda83e7000-7fedac000000 ---p 00000000 00:00 0 
7fedac000000-7fedac368000 rw-p 00000000 00:00 0 
7fedac368000-7fedb0000000 ---p 00000000 00:00 0 
7fedb0000000-7fedb0021000 rw-p 00000000 00:00 0 
7fedb0021000-7fedb4000000 ---p 00000000 00:00 0 
7fedb4000000-7fedb4021000 rw-p 00000000 00:00 0 
7fedb4021000-7fedb8000000 ---p 00000000 00:00 0 
7fedb8000000-7fedb8021000 rw-p 00000000 00:00 0 
7fedb8021000-7fedbc000000 ---p 00000000 00:00 0 
7fedbc000000-7fedbc021000 rw-p 00000000 00:00 0 
7fedbc021000-7fedc0000000 ---p 00000000 00:00 0 
7fedc0000000-7fedc0021000 rw-p 00000000 00:00 0 
7fedc0021000-7fedc4000000 ---p 00000000 00:00 0 
7fedc4000000-7fedc402a000 rw-p 00000000 00:00 0 
7fedc402a000-7fedc8000000 ---p 00000000 00:00 0 
7fedc8000000-7fedc8021000 rw-p 00000000 00:00 0 
7fedc8021000-7fedcc000000 ---p 00000000 00:00 0 
7fedcd5f9000-7fedcd65e000 r--p 00000000 08:03 1589997                    /home/ubuntu/.javacpp/cache/llvm-13.0.1-1.5.7-linux-x86_64.jar/org/bytedeco/llvm/linux-x86_64/libjniLLVM.so
7fedcd65e000-7fedcd6cc000 r-xp 00065000 08:03 1589997                    /home/ubuntu/.javacpp/cache/llvm-13.0.1-1.5.7-linux-x86_64.jar/org/bytedeco/llvm/linux-x86_64/libjniLLVM.so
7fedcd6cc000-7fedcd6f7000 r--p 000d3000 08:03 1589997                    /home/ubuntu/.javacpp/cache/llvm-13.0.1-1.5.7-linux-x86_64.jar/org/bytedeco/llvm/linux-x86_64/libjniLLVM.so
7fedcd6f7000-7fedcd6fa000 r--p 000fd000 08:03 1589997                    /home/ubuntu/.javacpp/cache/llvm-13.0.1-1.5.7-linux-x86_64.jar/org/bytedeco/llvm/linux-x86_64/libjniLLVM.so
7fedcd6fa000-7fedcd6fd000 rw-p 00100000 08:03 1589997                    /home/ubuntu/.javacpp/cache/llvm-13.0.1-1.5.7-linux-x86_64.jar/org/bytedeco/llvm/linux-x86_64/libjniLLVM.so
7fedcd6fd000-7fedcd6ff000 rw-p 00000000 00:00 0 
7fedcd6ff000-7fedcd703000 ---p 00000000 00:00 0 
7fedcd703000-7fedcd7ff000 rw-p 00000000 00:00 0 
7fedcd7ff000-7fedcd800000 ---p 00000000 00:00 0 
7fedcd800000-7fedcd900000 rw-p 00000000 00:00 0 
7fedcd900000-7fedcd904000 ---p 00000000 00:00 0 
7fedcd904000-7fedcda00000 rw-p 00000000 00:00 0 
7fedcda00000-7fedcda04000 ---p 00000000 00:00 0 
7fedcda04000-7fedcdb00000 rw-p 00000000 00:00 0 
7fedcdb00000-7fedcdb04000 ---p 00000000 00:00 0 
7fedcdb04000-7fedcdc00000 rw-p 00000000 00:00 0 
7fedcdc00000-7fedcdc04000 ---p 00000000 00:00 0 
7fedcdc04000-7fedcdd00000 rw-p 00000000 00:00 0 
7fedcdd00000-7fedcdd04000 ---p 00000000 00:00 0 
7fedcdd04000-7fedcde00000 rw-p 00000000 00:00 0 
7fedcde00000-7fedcde04000 ---p 00000000 00:00 0 
7fedcde04000-7fedcdf00000 rw-p 00000000 00:00 0 
7fedcdf00000-7fedcdf04000 ---p 00000000 00:00 0 
7fedcdf04000-7fedd0000000 rw-p 00000000 00:00 0 
7fedd0000000-7fedd0021000 rw-p 00000000 00:00 0 
7fedd0021000-7fedd4000000 ---p 00000000 00:00 0 
7fedd4000000-7fedd4021000 rw-p 00000000 00:00 0 
7fedd4021000-7fedd8000000 ---p 00000000 00:00 0 
7fedd8000000-7fedd8021000 rw-p 00000000 00:00 0 
7fedd8021000-7feddc000000 ---p 00000000 00:00 0 
7feddc008000-7feddc00c000 ---p 00000000 00:00 0 
7feddc00c000-7feddc108000 rw-p 00000000 00:00 0 
7feddc108000-7feddc10c000 ---p 00000000 00:00 0 
7feddc10c000-7feddc208000 rw-p 00000000 00:00 0 
7feddc208000-7feddc20c000 ---p 00000000 00:00 0 
7feddc20c000-7feddc308000 rw-p 00000000 00:00 0 
7feddc308000-7feddc30c000 ---p 00000000 00:00 0 
7feddc30c000-7feddc408000 rw-p 00000000 00:00 0 
7feddc408000-7feddc409000 ---p 00000000 00:00 0 
7feddc409000-7feddcac9000 rw-p 00000000 00:00 0 
7feddcac9000-7feddcd09000 ---p 00000000 00:00 0 
7feddcd09000-7feddcd0a000 ---p 00000000 00:00 0 
7feddcd0a000-7feddce0a000 rw-p 00000000 00:00 0 
7feddce0a000-7feddce0b000 ---p 00000000 00:00 0 
7feddce0b000-7feddd30f000 rw-p 00000000 00:00 0 
7feddd30f000-7feddd310000 ---p 00000000 00:00 0 
7feddd310000-7feddd410000 rw-p 00000000 00:00 0 
7feddd410000-7feddd411000 ---p 00000000 00:00 0 
7feddd411000-7feddd609000 rw-p 00000000 00:00 0 
7feddd609000-7fedde429000 ---p 00000000 00:00 0 
7fedde429000-7fedde529000 rw-p 00000000 00:00 0 
7fedde529000-7feddf349000 ---p 00000000 00:00 0 
7feddf349000-7feddf370000 rw-p 00000000 00:00 0 
7feddf370000-7feddf534000 ---p 00000000 00:00 0 
7feddf534000-7feddf554000 rw-p 00000000 00:00 0 
7feddf554000-7feddf718000 ---p 00000000 00:00 0 
7feddf718000-7feddf738000 rw-p 00000000 00:00 0 
7feddf738000-7feddf8fc000 ---p 00000000 00:00 0 
7feddf8fc000-7feddfc00000 rw-p 00000000 00:00 0 
7feddfc00000-7feddfe70000 rwxp 00000000 00:00 0 
7feddfe70000-7fede0190000 ---p 00000000 00:00 0 
7fede0190000-7fede0400000 rwxp 00000000 00:00 0 
7fede0400000-7fede76c8000 ---p 00000000 00:00 0 
7fede76c8000-7fede7938000 rwxp 00000000 00:00 0 
7fede7938000-7fedeec00000 ---p 00000000 00:00 0 
7fedeec00000-7fedf7425000 r--s 00000000 08:03 265275                     /usr/lib/jvm/java-11-openjdk-amd64/lib/modules
7fedf747e000-7fedf7600000 rw-p 00000000 00:00 0 
7fedf7600000-7fedf7e78000 r--p 00000000 08:03 2365202                    /usr/lib/locale/locale-archive
7fedf7e91000-7fedf7e98000 r--p 00000000 08:03 1587750                    /home/ubuntu/.javacpp/cache/llvm-13.0.1-1.5.7-linux-x86_64.jar/org/bytedeco/llvm/linux-x86_64/libLTO.so.13
7fedf7e98000-7fedf7ea0000 r-xp 00007000 08:03 1587750                    /home/ubuntu/.javacpp/cache/llvm-13.0.1-1.5.7-linux-x86_64.jar/org/bytedeco/llvm/linux-x86_64/libLTO.so.13
7fedf7ea0000-7fedf7ea2000 r--p 0000f000 08:03 1587750                    /home/ubuntu/.javacpp/cache/llvm-13.0.1-1.5.7-linux-x86_64.jar/org/bytedeco/llvm/linux-x86_64/libLTO.so.13
7fedf7ea2000-7fedf7ea3000 r--p 00010000 08:03 1587750                    /home/ubuntu/.javacpp/cache/llvm-13.0.1-1.5.7-linux-x86_64.jar/org/bytedeco/llvm/linux-x86_64/libLTO.so.13
7fedf7ea3000-7fedf7ea4000 rw-p 00011000 08:03 1587750                    /home/ubuntu/.javacpp/cache/llvm-13.0.1-1.5.7-linux-x86_64.jar/org/bytedeco/llvm/linux-x86_64/libLTO.so.13
7fedf7ea4000-7fedf7eff000 rw-p 00000000 00:00 0 
7fedf7eff000-7fedf7f00000 ---p 00000000 00:00 0 
7fedf7f00000-7fedf8000000 rw-p 00000000 00:00 0 
7fedf8000000-7fedf8478000 rw-p 00000000 00:00 0 
7fedf8478000-7fedfc000000 ---p 00000000 00:00 0 
7fedfc003000-7fedfc004000 r--p 00000000 08:03 2361439                    /usr/lib/x86_64-linux-gnu/libdl.so.2
7fedfc004000-7fedfc005000 r-xp 00001000 08:03 2361439                    /usr/lib/x86_64-linux-gnu/libdl.so.2
7fedfc005000-7fedfc006000 r--p 00002000 08:03 2361439                    /usr/lib/x86_64-linux-gnu/libdl.so.2
7fedfc006000-7fedfc007000 r--p 00002000 08:03 2361439                    /usr/lib/x86_64-linux-gnu/libdl.so.2
7fedfc007000-7fedfc008000 rw-p 00003000 08:03 2361439                    /usr/lib/x86_64-linux-gnu/libdl.so.2
7fedfc014000-7fedfc015000 r--p 00000000 08:03 1589995                    /home/ubuntu/.javacpp/cache/llvm-13.0.1-1.5.7-linux-x86_64.jar/org/bytedeco/llvm/linux-x86_64/libRemarks.so.13
7fedfc015000-7fedfc016000 r-xp 00001000 08:03 1589995                    /home/ubuntu/.javacpp/cache/llvm-13.0.1-1.5.7-linux-x86_64.jar/org/bytedeco/llvm/linux-x86_64/libRemarks.so.13
7fedfc016000-7fedfc017000 r--p 00002000 08:03 1589995                    /home/ubuntu/.javacpp/cache/llvm-13.0.1-1.5.7-linux-x86_64.jar/org/bytedeco/llvm/linux-x86_64/libRemarks.so.13
7fedfc017000-7fedfc018000 r--p 00002000 08:03 1589995                    /home/ubuntu/.javacpp/cache/llvm-13.0.1-1.5.7-linux-x86_64.jar/org/bytedeco/llvm/linux-x86_64/libRemarks.so.13
7fedfc018000-7fedfc019000 rw-p 00003000 08:03 1589995                    /home/ubuntu/.javacpp/cache/llvm-13.0.1-1.5.7-linux-x86_64.jar/org/bytedeco/llvm/linux-x86_64/libRemarks.so.13
7fedfc019000-7fedfc01d000 r--p 00000000 08:03 1587748                    /home/ubuntu/.javacpp/cache/javacpp-1.5.7-linux-x86_64.jar/org/bytedeco/javacpp/linux-x86_64/libjnijavacpp.so
7fedfc01d000-7fedfc024000 r-xp 00004000 08:03 1587748                    /home/ubuntu/.javacpp/cache/javacpp-1.5.7-linux-x86_64.jar/org/bytedeco/javacpp/linux-x86_64/libjnijavacpp.so
7fedfc024000-7fedfc028000 r--p 0000b000 08:03 1587748                    /home/ubuntu/.javacpp/cache/javacpp-1.5.7-linux-x86_64.jar/org/bytedeco/javacpp/linux-x86_64/libjnijavacpp.so
7fedfc028000-7fedfc029000 r--p 0000e000 08:03 1587748                    /home/ubuntu/.javacpp/cache/javacpp-1.5.7-linux-x86_64.jar/org/bytedeco/javacpp/linux-x86_64/libjnijavacpp.so
7fedfc029000-7fedfc02a000 rw-p 0000f000 08:03 1587748                    /home/ubuntu/.javacpp/cache/javacpp-1.5.7-linux-x86_64.jar/org/bytedeco/javacpp/linux-x86_64/libjnijavacpp.so
7fedfc02a000-7fedfc02f000 rw-p 00000000 00:00 0 
7fedfc02f000-7fedfc115000 ---p 00000000 00:00 0 
7fedfc115000-7fedfc11a000 rw-p 00000000 00:00 0 
7fedfc11a000-7fedfc200000 ---p 00000000 00:00 0 
7fedfc200000-7fedfc29a000 r--p 00000000 08:03 2360832                    /usr/lib/x86_64-linux-gnu/libstdc++.so.6.0.30
7fedfc29a000-7fedfc3ab000 r-xp 0009a000 08:03 2360832                    /usr/lib/x86_64-linux-gnu/libstdc++.so.6.0.30
7fedfc3ab000-7fedfc41a000 r--p 001ab000 08:03 2360832                    /usr/lib/x86_64-linux-gnu/libstdc++.so.6.0.30
7fedfc41a000-7fedfc41b000 ---p 0021a000 08:03 2360832                    /usr/lib/x86_64-linux-gnu/libstdc++.so.6.0.30
7fedfc41b000-7fedfc426000 r--p 0021a000 08:03 2360832                    /usr/lib/x86_64-linux-gnu/libstdc++.so.6.0.30
7fedfc426000-7fedfc429000 rw-p 00225000 08:03 2360832                    /usr/lib/x86_64-linux-gnu/libstdc++.so.6.0.30
7fedfc429000-7fedfc42c000 rw-p 00000000 00:00 0 
7fedfc42d000-7fedfc42e000 r--p 00000000 08:03 2361473                    /usr/lib/x86_64-linux-gnu/libpthread.so.0
7fedfc42e000-7fedfc42f000 r-xp 00001000 08:03 2361473                    /usr/lib/x86_64-linux-gnu/libpthread.so.0
7fedfc42f000-7fedfc430000 r--p 00002000 08:03 2361473                    /usr/lib/x86_64-linux-gnu/libpthread.so.0
7fedfc430000-7fedfc431000 r--p 00002000 08:03 2361473                    /usr/lib/x86_64-linux-gnu/libpthread.so.0
7fedfc431000-7fedfc432000 rw-p 00003000 08:03 2361473                    /usr/lib/x86_64-linux-gnu/libpthread.so.0
7fedfc432000-7fedfc436000 r--p 00000000 08:03 265265                     /usr/lib/jvm/java-11-openjdk-amd64/lib/libnet.so
7fedfc436000-7fedfc444000 r-xp 00004000 08:03 265265                     /usr/lib/jvm/java-11-openjdk-amd64/lib/libnet.so
7fedfc444000-7fedfc448000 r--p 00012000 08:03 265265                     /usr/lib/jvm/java-11-openjdk-amd64/lib/libnet.so
7fedfc448000-7fedfc449000 r--p 00015000 08:03 265265                     /usr/lib/jvm/java-11-openjdk-amd64/lib/libnet.so
7fedfc449000-7fedfc44a000 rw-p 00016000 08:03 265265                     /usr/lib/jvm/java-11-openjdk-amd64/lib/libnet.so
7fedfc44a000-7fedfc451000 r--p 00000000 08:03 265266                     /usr/lib/jvm/java-11-openjdk-amd64/lib/libnio.so
7fedfc451000-7fedfc459000 r-xp 00007000 08:03 265266                     /usr/lib/jvm/java-11-openjdk-amd64/lib/libnio.so
7fedfc459000-7fedfc45c000 r--p 0000f000 08:03 265266                     /usr/lib/jvm/java-11-openjdk-amd64/lib/libnio.so
7fedfc45c000-7fedfc45d000 r--p 00011000 08:03 265266                     /usr/lib/jvm/java-11-openjdk-amd64/lib/libnio.so
7fedfc45d000-7fedfc45e000 rw-p 00012000 08:03 265266                     /usr/lib/jvm/java-11-openjdk-amd64/lib/libnio.so
7fedfc45e000-7fedfc460000 r--p 00000000 08:03 265246                     /usr/lib/jvm/java-11-openjdk-amd64/lib/libdt_socket.so
7fedfc460000-7fedfc463000 r-xp 00002000 08:03 265246                     /usr/lib/jvm/java-11-openjdk-amd64/lib/libdt_socket.so
7fedfc463000-7fedfc464000 r--p 00005000 08:03 265246                     /usr/lib/jvm/java-11-openjdk-amd64/lib/libdt_socket.so
7fedfc464000-7fedfc465000 ---p 00006000 08:03 265246                     /usr/lib/jvm/java-11-openjdk-amd64/lib/libdt_socket.so
7fedfc465000-7fedfc466000 r--p 00006000 08:03 265246                     /usr/lib/jvm/java-11-openjdk-amd64/lib/libdt_socket.so
7fedfc466000-7fedfc467000 rw-p 00007000 08:03 265246                     /usr/lib/jvm/java-11-openjdk-amd64/lib/libdt_socket.so
7fedfc467000-7fedfc48d000 rw-p 00000000 00:00 0 
7fedfc48d000-7fedfc494000 ---p 00000000 00:00 0 
7fedfc494000-7fedfc496000 r--p 00000000 08:03 265256                     /usr/lib/jvm/java-11-openjdk-amd64/lib/libjdwp.so
7fedfc496000-7fedfc4c2000 r-xp 00002000 08:03 265256                     /usr/lib/jvm/java-11-openjdk-amd64/lib/libjdwp.so
7fedfc4c2000-7fedfc4d0000 r--p 0002e000 08:03 265256                     /usr/lib/jvm/java-11-openjdk-amd64/lib/libjdwp.so
7fedfc4d0000-7fedfc4d1000 r--p 0003b000 08:03 265256                     /usr/lib/jvm/java-11-openjdk-amd64/lib/libjdwp.so
7fedfc4d1000-7fedfc4d2000 rw-p 0003c000 08:03 265256                     /usr/lib/jvm/java-11-openjdk-amd64/lib/libjdwp.so
7fedfc4d2000-7fedfc4e0000 r--p 00000000 08:03 265254                     /usr/lib/jvm/java-11-openjdk-amd64/lib/libjava.so
7fedfc4e0000-7fedfc4f6000 r-xp 0000e000 08:03 265254                     /usr/lib/jvm/java-11-openjdk-amd64/lib/libjava.so
7fedfc4f6000-7fedfc4fd000 r--p 00024000 08:03 265254                     /usr/lib/jvm/java-11-openjdk-amd64/lib/libjava.so
7fedfc4fd000-7fedfc4fe000 r--p 0002a000 08:03 265254                     /usr/lib/jvm/java-11-openjdk-amd64/lib/libjava.so
7fedfc4fe000-7fedfc4ff000 rw-p 0002b000 08:03 265254                     /usr/lib/jvm/java-11-openjdk-amd64/lib/libjava.so
7fedfc4ff000-7fedfc500000 rw-p 00000000 00:00 0 
7fedfc500000-7fedfc504000 ---p 00000000 00:00 0 
7fedfc504000-7fedfc600000 rw-p 00000000 00:00 0 
7fedfc600000-7fedfc882000 r--p 00000000 08:03 265280                     /usr/lib/jvm/java-11-openjdk-amd64/lib/server/libjvm.so
7fedfc882000-7fedfd520000 r-xp 00282000 08:03 265280                     /usr/lib/jvm/java-11-openjdk-amd64/lib/server/libjvm.so
7fedfd520000-7fedfd77c000 r--p 00f20000 08:03 265280                     /usr/lib/jvm/java-11-openjdk-amd64/lib/server/libjvm.so
7fedfd77c000-7fedfd840000 r--p 0117b000 08:03 265280                     /usr/lib/jvm/java-11-openjdk-amd64/lib/server/libjvm.so
7fedfd840000-7fedfd87b000 rw-p 0123f000 08:03 265280                     /usr/lib/jvm/java-11-openjdk-amd64/lib/server/libjvm.so
7fedfd87b000-7fedfd8d2000 rw-p 00000000 00:00 0 
7fedfd8d3000-7fedfd8da000 r--s 00000000 08:03 659244                     /usr/lib/x86_64-linux-gnu/gconv/gconv-modules.cache
7fedfd8da000-7fedfd8e0000 r--s 000f8000 08:03 1582083                    /home/ubuntu/software/idea-IU-233.14475.28/plugins/java/lib/rt/debugger-agent.jar
7fedfd8e0000-7fedfd8e2000 r--p 00000000 08:03 265274                     /usr/lib/jvm/java-11-openjdk-amd64/lib/libzip.so
7fedfd8e2000-7fedfd8e7000 r-xp 00002000 08:03 265274                     /usr/lib/jvm/java-11-openjdk-amd64/lib/libzip.so
7fedfd8e7000-7fedfd8e9000 r--p 00007000 08:03 265274                     /usr/lib/jvm/java-11-openjdk-amd64/lib/libzip.so
7fedfd8e9000-7fedfd8ea000 r--p 00008000 08:03 265274                     /usr/lib/jvm/java-11-openjdk-amd64/lib/libzip.so
7fedfd8ea000-7fedfd8eb000 rw-p 00009000 08:03 265274                     /usr/lib/jvm/java-11-openjdk-amd64/lib/libzip.so
7fedfd8eb000-7fedfd8ed000 r--p 00000000 08:03 265249                     /usr/lib/jvm/java-11-openjdk-amd64/lib/libinstrument.so
7fedfd8ed000-7fedfd8f4000 r-xp 00002000 08:03 265249                     /usr/lib/jvm/java-11-openjdk-amd64/lib/libinstrument.so
7fedfd8f4000-7fedfd8f7000 r--p 00009000 08:03 265249                     /usr/lib/jvm/java-11-openjdk-amd64/lib/libinstrument.so
7fedfd8f7000-7fedfd8f8000 r--p 0000b000 08:03 265249                     /usr/lib/jvm/java-11-openjdk-amd64/lib/libinstrument.so
7fedfd8f8000-7fedfd8f9000 rw-p 0000c000 08:03 265249                     /usr/lib/jvm/java-11-openjdk-amd64/lib/libinstrument.so
7fedfd8f9000-7fedfd8fc000 r--p 00000000 08:03 2359493                    /usr/lib/x86_64-linux-gnu/libgcc_s.so.1
7fedfd8fc000-7fedfd913000 r-xp 00003000 08:03 2359493                    /usr/lib/x86_64-linux-gnu/libgcc_s.so.1
7fedfd913000-7fedfd917000 r--p 0001a000 08:03 2359493                    /usr/lib/x86_64-linux-gnu/libgcc_s.so.1
7fedfd917000-7fedfd918000 r--p 0001d000 08:03 2359493                    /usr/lib/x86_64-linux-gnu/libgcc_s.so.1
7fedfd918000-7fedfd919000 rw-p 0001e000 08:03 2359493                    /usr/lib/x86_64-linux-gnu/libgcc_s.so.1
7fedfd919000-7fedfd927000 r--p 00000000 08:03 2361443                    /usr/lib/x86_64-linux-gnu/libm.so.6
7fedfd927000-7fedfd9a3000 r-xp 0000e000 08:03 2361443                    /usr/lib/x86_64-linux-gnu/libm.so.6
7fedfd9a3000-7fedfd9fe000 r--p 0008a000 08:03 2361443                    /usr/lib/x86_64-linux-gnu/libm.so.6
7fedfd9fe000-7fedfd9ff000 r--p 000e4000 08:03 2361443                    /usr/lib/x86_64-linux-gnu/libm.so.6
7fedfd9ff000-7fedfda00000 rw-p 000e5000 08:03 2361443                    /usr/lib/x86_64-linux-gnu/libm.so.6
7fedfda00000-7fedfda28000 r--p 00000000 08:03 2361426                    /usr/lib/x86_64-linux-gnu/libc.so.6
7fedfda28000-7fedfdbbd000 r-xp 00028000 08:03 2361426                    /usr/lib/x86_64-linux-gnu/libc.so.6
7fedfdbbd000-7fedfdc15000 r--p 001bd000 08:03 2361426                    /usr/lib/x86_64-linux-gnu/libc.so.6
7fedfdc15000-7fedfdc16000 ---p 00215000 08:03 2361426                    /usr/lib/x86_64-linux-gnu/libc.so.6
7fedfdc16000-7fedfdc1a000 r--p 00215000 08:03 2361426                    /usr/lib/x86_64-linux-gnu/libc.so.6
7fedfdc1a000-7fedfdc1c000 rw-p 00219000 08:03 2361426                    /usr/lib/x86_64-linux-gnu/libc.so.6
7fedfdc1c000-7fedfdc29000 rw-p 00000000 00:00 0 
7fedfdc2d000-7fedfdc35000 rw-s 00000000 08:03 393238                     /tmp/hsperfdata_ubuntu/46247
7fedfdc35000-7fedfdc36000 ---p 00000000 00:00 0 
7fedfdc36000-7fedfdc37000 r--p 00000000 00:00 0 
7fedfdc37000-7fedfdc39000 r--p 00000000 08:03 265257                     /usr/lib/jvm/java-11-openjdk-amd64/lib/libjimage.so
7fedfdc39000-7fedfdc3c000 r-xp 00002000 08:03 265257                     /usr/lib/jvm/java-11-openjdk-amd64/lib/libjimage.so
7fedfdc3c000-7fedfdc3d000 r--p 00005000 08:03 265257                     /usr/lib/jvm/java-11-openjdk-amd64/lib/libjimage.so
7fedfdc3d000-7fedfdc3e000 ---p 00006000 08:03 265257                     /usr/lib/jvm/java-11-openjdk-amd64/lib/libjimage.so
7fedfdc3e000-7fedfdc3f000 r--p 00006000 08:03 265257                     /usr/lib/jvm/java-11-openjdk-amd64/lib/libjimage.so
7fedfdc3f000-7fedfdc40000 rw-p 00007000 08:03 265257                     /usr/lib/jvm/java-11-openjdk-amd64/lib/libjimage.so
7fedfdc40000-7fedfdc41000 r--p 00000000 08:03 2361484                    /usr/lib/x86_64-linux-gnu/librt.so.1
7fedfdc41000-7fedfdc42000 r-xp 00001000 08:03 2361484                    /usr/lib/x86_64-linux-gnu/librt.so.1
7fedfdc42000-7fedfdc43000 r--p 00002000 08:03 2361484                    /usr/lib/x86_64-linux-gnu/librt.so.1
7fedfdc43000-7fedfdc44000 r--p 00002000 08:03 2361484                    /usr/lib/x86_64-linux-gnu/librt.so.1
7fedfdc44000-7fedfdc45000 rw-p 00003000 08:03 2361484                    /usr/lib/x86_64-linux-gnu/librt.so.1
7fedfdc45000-7fedfdc48000 rw-p 00000000 00:00 0 
7fedfdc48000-7fedfdc4b000 r--p 00000000 08:03 265239                     /usr/lib/jvm/java-11-openjdk-amd64/lib/jli/libjli.so
7fedfdc4b000-7fedfdc55000 r-xp 00003000 08:03 265239                     /usr/lib/jvm/java-11-openjdk-amd64/lib/jli/libjli.so
7fedfdc55000-7fedfdc58000 r--p 0000d000 08:03 265239                     /usr/lib/jvm/java-11-openjdk-amd64/lib/jli/libjli.so
7fedfdc58000-7fedfdc59000 ---p 00010000 08:03 265239                     /usr/lib/jvm/java-11-openjdk-amd64/lib/jli/libjli.so
7fedfdc59000-7fedfdc5a000 r--p 00010000 08:03 265239                     /usr/lib/jvm/java-11-openjdk-amd64/lib/jli/libjli.so
7fedfdc5a000-7fedfdc5b000 rw-p 00011000 08:03 265239                     /usr/lib/jvm/java-11-openjdk-amd64/lib/jli/libjli.so
7fedfdc5b000-7fedfdc5d000 r--p 00000000 08:03 2367120                    /usr/lib/x86_64-linux-gnu/libz.so.1.2.11
7fedfdc5d000-7fedfdc6f000 r-xp 00002000 08:03 2367120                    /usr/lib/x86_64-linux-gnu/libz.so.1.2.11
7fedfdc6f000-7fedfdc75000 r--p 00014000 08:03 2367120                    /usr/lib/x86_64-linux-gnu/libz.so.1.2.11
7fedfdc75000-7fedfdc76000 r--p 0001a000 08:03 2367120                    /usr/lib/x86_64-linux-gnu/libz.so.1.2.11
7fedfdc76000-7fedfdc77000 rw-p 0001b000 08:03 2367120                    /usr/lib/x86_64-linux-gnu/libz.so.1.2.11
7fedfdc77000-7fedfdc7c000 r--p 00000000 08:03 265273                     /usr/lib/jvm/java-11-openjdk-amd64/lib/libverify.so
7fedfdc7c000-7fedfdc83000 r-xp 00005000 08:03 265273                     /usr/lib/jvm/java-11-openjdk-amd64/lib/libverify.so
7fedfdc83000-7fedfdc85000 r--p 0000c000 08:03 265273                     /usr/lib/jvm/java-11-openjdk-amd64/lib/libverify.so
7fedfdc85000-7fedfdc87000 r--p 0000d000 08:03 265273                     /usr/lib/jvm/java-11-openjdk-amd64/lib/libverify.so
7fedfdc87000-7fedfdc88000 rw-p 0000f000 08:03 265273                     /usr/lib/jvm/java-11-openjdk-amd64/lib/libverify.so
7fedfdc88000-7fedfdc8a000 rw-p 00000000 00:00 0 
7fedfdc8a000-7fedfdc8c000 r--p 00000000 08:03 2361301                    /usr/lib/x86_64-linux-gnu/ld-linux-x86-64.so.2
7fedfdc8c000-7fedfdcb6000 r-xp 00002000 08:03 2361301                    /usr/lib/x86_64-linux-gnu/ld-linux-x86-64.so.2
7fedfdcb6000-7fedfdcc1000 r--p 0002c000 08:03 2361301                    /usr/lib/x86_64-linux-gnu/ld-linux-x86-64.so.2
7fedfdcc2000-7fedfdcc4000 r--p 00037000 08:03 2361301                    /usr/lib/x86_64-linux-gnu/ld-linux-x86-64.so.2
7fedfdcc4000-7fedfdcc6000 rw-p 00039000 08:03 2361301                    /usr/lib/x86_64-linux-gnu/ld-linux-x86-64.so.2
7ffeb2e0a000-7ffeb2e2b000 rw-p 00000000 00:00 0                          [stack]
7ffeb2e95000-7ffeb2e99000 r--p 00000000 00:00 0                          [vvar]
7ffeb2e99000-7ffeb2e9b000 r-xp 00000000 00:00 0                          [vdso]
ffffffffff600000-ffffffffff601000 --xp 00000000 00:00 0                  [vsyscall]


VM Arguments:
jvm_args: -agentlib:jdwp=transport=dt_socket,address=127.0.0.1:45983,suspend=y,server=n -javaagent:/home/ubuntu/software/idea-IU-233.14475.28/plugins/java/lib/rt/debugger-agent.jar -Dfile.encoding=UTF-8 
java_command: Main tests/test1.c tests/Actual.ll
java_class_path (initial): /home/ubuntu/Lab/out/production/Lab:/usr/local/lib/antlr-4.9.1-complete.jar:/usr/local/lib/javacpp-1.5.7-linux-x86_64.jar:/usr/local/lib/javacpp-1.5.7.jar:/usr/local/lib/llvm-13.0.1-1.5.7-linux-x86_64.jar:/usr/local/lib/llvm-13.0.1-1.5.7.jar:/usr/local/lib/llvm-platform-13.0.1-1.5.7.jar:/home/ubuntu/software/idea-IU-233.14475.28/lib/idea_rt.jar
Launcher Type: SUN_STANDARD

[Global flags]
     intx CICompilerCount                          = 3                                         {product} {ergonomic}
     uint ConcGCThreads                            = 1                                         {product} {ergonomic}
     uint G1ConcRefinementThreads                  = 4                                         {product} {ergonomic}
   size_t G1HeapRegionSize                         = 1048576                                   {product} {ergonomic}
    uintx GCDrainStackTargetSize                   = 64                                        {product} {ergonomic}
   size_t InitialHeapSize                          = 65011712                                  {product} {ergonomic}
   size_t MarkStackSize                            = 4194304                                   {product} {ergonomic}
   size_t MaxHeapSize                              = 1015021568                                {product} {ergonomic}
   size_t MaxNewSize                               = 608174080                                 {product} {ergonomic}
   size_t MinHeapDeltaBytes                        = 1048576                                   {product} {ergonomic}
    uintx NonNMethodCodeHeapSize                   = 5830732                                {pd product} {ergonomic}
    uintx NonProfiledCodeHeapSize                  = 122913754                              {pd product} {ergonomic}
    uintx ProfiledCodeHeapSize                     = 122913754                              {pd product} {ergonomic}
    uintx ReservedCodeCacheSize                    = 251658240                              {pd product} {ergonomic}
     bool SegmentedCodeCache                       = true                                      {product} {ergonomic}
     bool UseCompressedClassPointers               = true                                 {lp64_product} {ergonomic}
     bool UseCompressedOops                        = true                                 {lp64_product} {ergonomic}
     bool UseG1GC                                  = true                                      {product} {ergonomic}

Logging:
Log output configuration:
 #0: stdout all=warning uptime,level,tags
 #1: stderr all=off uptime,level,tags

Environment Variables:
PATH=/usr/local/sbin:/usr/local/bin:/usr/sbin:/usr/bin:/sbin:/bin:/usr/games:/usr/local/games:/snap/bin:/snap/bin
USERNAME=ubuntu
SHELL=/bin/bash
DISPLAY=:0
LANG=zh_CN.UTF-8

Signal Handlers:
SIGSEGV: [libjvm.so+0xead700], sa_mask[0]=11111111011111111101111111111110, sa_flags=SA_RESTART|SA_SIGINFO
SIGBUS: [libjvm.so+0xead700], sa_mask[0]=11111111011111111101111111111110, sa_flags=SA_RESTART|SA_SIGINFO
SIGFPE: [libjvm.so+0xead700], sa_mask[0]=11111111011111111101111111111110, sa_flags=SA_RESTART|SA_SIGINFO
SIGPIPE: [libjvm.so+0xbefa50], sa_mask[0]=11111111011111111101111111111110, sa_flags=SA_RESTART|SA_SIGINFO
SIGXFSZ: [libjvm.so+0xbefa50], sa_mask[0]=11111111011111111101111111111110, sa_flags=SA_RESTART|SA_SIGINFO
SIGILL: [libjvm.so+0xead700], sa_mask[0]=11111111011111111101111111111110, sa_flags=SA_RESTART|SA_SIGINFO
SIGUSR2: [libjvm.so+0xbef8f0], sa_mask[0]=00100000000000000000000000000000, sa_flags=SA_RESTART|SA_SIGINFO
SIGHUP: [libjvm.so+0xbf00b0], sa_mask[0]=11111111011111111101111111111110, sa_flags=SA_RESTART|SA_SIGINFO
SIGINT: [libjvm.so+0xbf00b0], sa_mask[0]=11111111011111111101111111111110, sa_flags=SA_RESTART|SA_SIGINFO
SIGTERM: [libjvm.so+0xbf00b0], sa_mask[0]=11111111011111111101111111111110, sa_flags=SA_RESTART|SA_SIGINFO
SIGQUIT: [libjvm.so+0xbf00b0], sa_mask[0]=11111111011111111101111111111110, sa_flags=SA_RESTART|SA_SIGINFO


---------------  S Y S T E M  ---------------

OS:DISTRIB_ID=Ubuntu
DISTRIB_RELEASE=22.10
DISTRIB_CODENAME=kinetic
DISTRIB_DESCRIPTION="Ubuntu 22.10"
uname:Linux 6.5.0-21-generic #21~22.04.1-Ubuntu SMP PREEMPT_DYNAMIC Fri Feb  9 13:32:52 UTC 2 x86_64
OS uptime: 0 days 10:29 hours
libc:glibc 2.35 NPTL 2.35 
rlimit (soft/hard): STACK 8192k/infinity , CORE 0k/infinity , NPROC 15188/15188 , NOFILE 1048576/1048576 , AS infinity/infinity , CPU infinity/infinity , DATA infinity/infinity , FSIZE infinity/infinity , MEMLOCK 495444k/495444k
load average:0.82 1.08 0.83

/proc/meminfo:
MemTotal:        3963576 kB
MemFree:          790476 kB
MemAvailable:    1027088 kB
Buffers:            3420 kB
Cached:           341220 kB
SwapCached:       146148 kB
Active:          1317364 kB
Inactive:        1102296 kB
Active(anon):    1245316 kB
Inactive(anon):   829792 kB
Active(file):      72048 kB
Inactive(file):   272504 kB
Unevictable:          16 kB
Mlocked:              16 kB
SwapTotal:       3991548 kB
SwapFree:        1931548 kB
Zswap:                 0 kB
Zswapped:              0 kB
Dirty:                44 kB
Writeback:             0 kB
AnonPages:       2054180 kB
Mapped:           190444 kB
Shmem:                80 kB
KReclaimable:     181000 kB
Slab:             344428 kB
SReclaimable:     181000 kB
SUnreclaim:       163428 kB
KernelStack:       12784 kB
PageTables:        25696 kB
SecPageTables:         0 kB
NFS_Unstable:          0 kB
Bounce:                0 kB
WritebackTmp:          0 kB
CommitLimit:     5973336 kB
Committed_AS:    6183584 kB
VmallocTotal:   34359738367 kB
VmallocUsed:       43720 kB
VmallocChunk:          0 kB
Percpu:           102912 kB
HardwareCorrupted:     0 kB
AnonHugePages:         0 kB
ShmemHugePages:        0 kB
ShmemPmdMapped:        0 kB
FileHugePages:         0 kB
FilePmdMapped:         0 kB
Unaccepted:            0 kB
HugePages_Total:       0
HugePages_Free:        0
HugePages_Rsvd:        0
HugePages_Surp:        0
Hugepagesize:       2048 kB
Hugetlb:               0 kB
DirectMap4k:      165696 kB
DirectMap2M:     2979840 kB
DirectMap1G:     3145728 kB

/sys/kernel/mm/transparent_hugepage/enabled:
always [madvise] never
/sys/kernel/mm/transparent_hugepage/defrag (defrag/compaction efforts parameter):
always defer defer+madvise [madvise] never

Process Memory:
Virtual Size: 4001812K (peak: 12387192K)
Resident Set Size: 99744K (peak: 99744K) (anon: 42660K, file: 57084K, shmem: 0K)
Swapped out: 0K
C-Heap outstanding allocations: 13544K, retained: 9051K
glibc malloc tunables: (default)

/proc/sys/kernel/threads-max (system-wide limit on the number of threads):
30377
/proc/sys/vm/max_map_count (maximum number of memory map areas a process may have):
65530
/proc/sys/kernel/pid_max (system-wide limit on number of process identifiers):
4194304

container (cgroup) information:
container_type: cgroupv2
cpu_cpuset_cpus: not supported
cpu_memory_nodes: not supported
active_processor_count: 4
cpu_quota: not supported
cpu_period: not supported
cpu_shares: not supported
memory_limit_in_bytes: unlimited
memory_and_swap_limit_in_bytes: unlimited
memory_soft_limit_in_bytes: unlimited
memory_usage_in_bytes: 2194816 k
memory_max_usage_in_bytes: not supported
memory_swap_current_in_bytes: 1509444 k
memory_swap_max_limit_in_bytes: unlimited
maximum number of tasks: 4556
current number of tasks: 148

VMWare virtualization detected
Steal ticks since vm start: 0
Steal ticks percentage since vm start:  0.000

CPU:total 4 (initial active 4) (1 cores per cpu, 1 threads per core) family 25 model 80 stepping 0 microcode 0xffffffff, cmov, cx8, fxsr, mmx, sse, sse2, sse3, ssse3, sse4.1, sse4.2, popcnt, avx, avx2, aes, clmul, erms, mmxext, lzcnt, sse4a, tsc, tscinvbit, tscinv, bmi1, bmi2, adx, sha, fma
CPU Model and flags from /proc/cpuinfo:
model name	: AMD Ryzen 5 5600H with Radeon Graphics
flags		: fpu vme de pse tsc msr pae mce cx8 apic sep mtrr pge mca cmov pat pse36 clflush mmx fxsr sse sse2 syscall nx mmxext pdpe1gb rdtscp lm constant_tsc rep_good nopl tsc_reliable nonstop_tsc cpuid extd_apicid tsc_known_freq pni pclmulqdq ssse3 fma cx16 sse4_1 sse4_2 x2apic movbe popcnt aes xsave avx f16c rdrand hypervisor lahf_lm cr8_legacy abm sse4a misalignsse 3dnowprefetch osvw topoext ibpb vmmcall fsgsbase bmi1 avx2 smep bmi2 erms invpcid rdseed adx smap clflushopt clwb sha_ni xsaveopt xsavec xgetbv1 xsaves clzero arat umip vaes vpclmulqdq rdpid overflow_recov succor fsrm
Online cpus:
0-3
Offline cpus:
4-127
BIOS frequency limitation:
<Not Available>
Frequency switch latency (ns):
<Not Available>
Available cpu frequencies:
<Not Available>
Current governor:
<Not Available>
Core performance/turbo boost:
<Not Available>

Memory: 4k page, physical 3963576k(790476k free), swap 3991548k(1931548k free)

vm_info: OpenJDK 64-Bit Server VM (11.0.22+7-post-Ubuntu-0ubuntu222.04.1) for linux-amd64 JRE (11.0.22+7-post-Ubuntu-0ubuntu222.04.1), built on Feb  5 2024 20:45:01 by "unknown" with gcc 11.4.0

END.
