#
# A fatal error has been detected by the Java Runtime Environment:
#
#  SIGSEGV (0xb) at pc=0x00007fa17a029913, pid=18332, tid=18341
#
# JRE version: OpenJDK Runtime Environment (11.0.22+7) (build 11.0.22+7-post-Ubuntu-0ubuntu222.04.1)
# Java VM: OpenJDK 64-Bit Server VM (11.0.22+7-post-Ubuntu-0ubuntu222.04.1, mixed mode, sharing, tiered, compressed oops, g1 gc, linux-amd64)
# Problematic frame:
# C  [libLLVM-13.so+0xc29913]  LLVMBuildSub+0x33
#
# Core dump will be written. Default location: Core dumps may be processed with "/usr/share/apport/apport -p%p -s%s -c%c -d%d -P%P -u%u -g%g -- %E" (or dumping to /home/ubuntu/Lab/core.18332)
#
# If you would like to submit a bug report, please visit:
#   https://bugs.launchpad.net/ubuntu/+source/openjdk-lts
# The crash happened outside the Java Virtual Machine in native code.
# See problematic frame for where to report the bug.
#

---------------  S U M M A R Y ------------

Command Line: -javaagent:/home/ubuntu/software/idea-IU-233.14475.28/lib/idea_rt.jar=45189:/home/ubuntu/software/idea-IU-233.14475.28/bin -Dfile.encoding=UTF-8 Main tests/test1.c tests/Actual.ll

Host: AMD Ryzen 5 5600H with Radeon Graphics, 4 cores, 3G, Ubuntu 22.10
Time: Fri May 17 12:47:56 2024 CST elapsed time: 0.507139 seconds (0d 0h 0m 0s)

---------------  T H R E A D  ---------------

Current thread (0x00007fa1e4016800):  JavaThread "main" [_thread_in_native, id=18341, stack(0x00007fa1ed100000,0x00007fa1ed200000)]

Stack: [0x00007fa1ed100000,0x00007fa1ed200000],  sp=0x00007fa1ed1fd9c0,  free space=1014k
Native frames: (J=compiled Java code, A=aot compiled Java code, j=interpreted, Vv=VM code, C=native code)
C  [libLLVM-13.so+0xc29913]  LLVMBuildSub+0x33

Java frames: (J=compiled Java code, j=interpreted, Vv=VM code)
j  org.bytedeco.llvm.global.LLVM.LLVMBuildSub(Lorg/bytedeco/llvm/LLVM/LLVMBuilderRef;Lorg/bytedeco/llvm/LLVM/LLVMValueRef;Lorg/bytedeco/llvm/LLVM/LLVMValueRef;Ljava/lang/String;)Lorg/bytedeco/llvm/LLVM/LLVMValueRef;+0
j  myVisitor.visitExp(LSysYParser$ExpContext;)Lorg/bytedeco/llvm/LLVM/LLVMValueRef;+127
j  myVisitor.visitExp(LSysYParser$ExpContext;)Ljava/lang/Object;+2
j  SysYParser$ExpContext.accept(Lorg/antlr/v4/runtime/tree/ParseTreeVisitor;)Ljava/lang/Object;+12
j  org.antlr.v4.runtime.tree.AbstractParseTreeVisitor.visit(Lorg/antlr/v4/runtime/tree/ParseTree;)Ljava/lang/Object;+2
j  myVisitor.visitExp(LSysYParser$ExpContext;)Lorg/bytedeco/llvm/LLVM/LLVMValueRef;+236
j  myVisitor.visitExp(LSysYParser$ExpContext;)Ljava/lang/Object;+2
j  SysYParser$ExpContext.accept(Lorg/antlr/v4/runtime/tree/ParseTreeVisitor;)Ljava/lang/Object;+12
j  org.antlr.v4.runtime.tree.AbstractParseTreeVisitor.visit(Lorg/antlr/v4/runtime/tree/ParseTree;)Ljava/lang/Object;+2
j  myVisitor.visitExp(LSysYParser$ExpContext;)Lorg/bytedeco/llvm/LLVM/LLVMValueRef;+236
j  myVisitor.visitStmt(LSysYParser$StmtContext;)Lorg/bytedeco/llvm/LLVM/LLVMValueRef;+19
j  myVisitor.visitStmt(LSysYParser$StmtContext;)Ljava/lang/Object;+2
j  SysYParser$StmtContext.accept(Lorg/antlr/v4/runtime/tree/ParseTreeVisitor;)Ljava/lang/Object;+12
j  org.antlr.v4.runtime.tree.AbstractParseTreeVisitor.visitChildren(Lorg/antlr/v4/runtime/tree/RuleNode;)Ljava/lang/Object;+46
j  SysYParserBaseVisitor.visitBlockItem(LSysYParser$BlockItemContext;)Ljava/lang/Object;+2
j  SysYParser$BlockItemContext.accept(Lorg/antlr/v4/runtime/tree/ParseTreeVisitor;)Ljava/lang/Object;+12
j  org.antlr.v4.runtime.tree.AbstractParseTreeVisitor.visitChildren(Lorg/antlr/v4/runtime/tree/RuleNode;)Ljava/lang/Object;+46
j  myVisitor.visitBlock(LSysYParser$BlockContext;)Lorg/bytedeco/llvm/LLVM/LLVMValueRef;+9
j  myVisitor.visitBlock(LSysYParser$BlockContext;)Ljava/lang/Object;+2
j  SysYParser$BlockContext.accept(Lorg/antlr/v4/runtime/tree/ParseTreeVisitor;)Ljava/lang/Object;+12
j  org.antlr.v4.runtime.tree.AbstractParseTreeVisitor.visit(Lorg/antlr/v4/runtime/tree/ParseTree;)Ljava/lang/Object;+2
j  myVisitor.visitFuncDef(LSysYParser$FuncDefContext;)Lorg/bytedeco/llvm/LLVM/LLVMValueRef;+65
j  myVisitor.visitFuncDef(LSysYParser$FuncDefContext;)Ljava/lang/Object;+2
j  SysYParser$FuncDefContext.accept(Lorg/antlr/v4/runtime/tree/ParseTreeVisitor;)Ljava/lang/Object;+12
j  org.antlr.v4.runtime.tree.AbstractParseTreeVisitor.visitChildren(Lorg/antlr/v4/runtime/tree/RuleNode;)Ljava/lang/Object;+46
j  SysYParserBaseVisitor.visitCompUnit(LSysYParser$CompUnitContext;)Ljava/lang/Object;+2
j  SysYParser$CompUnitContext.accept(Lorg/antlr/v4/runtime/tree/ParseTreeVisitor;)Ljava/lang/Object;+12
j  org.antlr.v4.runtime.tree.AbstractParseTreeVisitor.visitChildren(Lorg/antlr/v4/runtime/tree/RuleNode;)Ljava/lang/Object;+46
j  SysYParserBaseVisitor.visitProgram(LSysYParser$ProgramContext;)Ljava/lang/Object;+2
j  SysYParser$ProgramContext.accept(Lorg/antlr/v4/runtime/tree/ParseTreeVisitor;)Ljava/lang/Object;+12
j  org.antlr.v4.runtime.tree.AbstractParseTreeVisitor.visit(Lorg/antlr/v4/runtime/tree/ParseTree;)Ljava/lang/Object;+2
j  Main.main([Ljava/lang/String;)V+79
v  ~StubRoutines::call_stub

siginfo: si_signo: 11 (SIGSEGV), si_code: 1 (SEGV_MAPERR), si_addr: 0x0000000000000010

Register to memory mapping:

RAX=0x00007fa1e44065e0 points into unknown readable memory: 0x00000073756e696d | 6d 69 6e 75 73 00 00 00
RBX=0x00007fa1e43d67d0 points into unknown readable memory: 0x00007fa1e43d67e0 | e0 67 3d e4 a1 7f 00 00
RCX=0x00007fa1e44065e0 points into unknown readable memory: 0x00000073756e696d | 6d 69 6e 75 73 00 00 00
RDX=0x0000000000000101 is an unknown value
RSP=0x00007fa1ed1fd9c0 is pointing into the stack for thread: 0x00007fa1e4016800
RBP=0x00007fa1e4016b48 points into unknown readable memory: 0x00007fa1ed046b40 | 40 6b 04 ed a1 7f 00 00
RSI=0x0 is NULL
RDI=0x00007fa1e44065b0 points into unknown readable memory: 0x00007fa1e43fa438 | 38 a4 3f e4 a1 7f 00 00
R8 =0x00000000c6bd6990 points into unknown readable memory: 0x00000073756e696d | 6d 69 6e 75 73 00 00 00
R9 =0x0000000000000002 is an unknown value
R10=0x00007fa17945a280: <offset 0x000000000005a280> in /home/ubuntu/.javacpp/cache/llvm-13.0.1-1.5.7-linux-x86_64.jar/org/bytedeco/llvm/linux-x86_64/libLLVM-13.so at 0x00007fa179400000
R11=0x00007fa17a0298e0: LLVMBuildSub+0x0000000000000000 in /home/ubuntu/.javacpp/cache/llvm-13.0.1-1.5.7-linux-x86_64.jar/org/bytedeco/llvm/linux-x86_64/libLLVM-13.so at 0x00007fa179400000
R12=0x00007fa1ed1fdb28 is pointing into the stack for thread: 0x00007fa1e4016800
R13=0x00007fa1e44065b0 points into unknown readable memory: 0x00007fa1e43fa438 | 38 a4 3f e4 a1 7f 00 00
R14=0x0 is NULL
R15=0x00007fa1e43d67d0 points into unknown readable memory: 0x00007fa1e43d67e0 | e0 67 3d e4 a1 7f 00 00


Registers:
RAX=0x00007fa1e44065e0, RBX=0x00007fa1e43d67d0, RCX=0x00007fa1e44065e0, RDX=0x0000000000000101
RSP=0x00007fa1ed1fd9c0, RBP=0x00007fa1e4016b48, RSI=0x0000000000000000, RDI=0x00007fa1e44065b0
R8 =0x00000000c6bd6990, R9 =0x0000000000000002, R10=0x00007fa17945a280, R11=0x00007fa17a0298e0
R12=0x00007fa1ed1fdb28, R13=0x00007fa1e44065b0, R14=0x0000000000000000, R15=0x00007fa1e43d67d0
RIP=0x00007fa17a029913, EFLAGS=0x0000000000010283, CSGSFS=0x002b000000000033, ERR=0x0000000000000004
  TRAPNO=0x000000000000000e

Top of Stack: (sp=0x00007fa1ed1fd9c0)
0x00007fa1ed1fd9c0:   00007fa1e44065e0 00007fa1e41269f0
0x00007fa1ed1fd9d0:   0000000000000006 0000000000000005
0x00007fa1ed1fd9e0:   00007fa1e4400103 00007fa1e41269f0
0x00007fa1ed1fd9f0:   0000000000000000 00007fa1e43d67d0 

Instructions: (pc=0x00007fa17a029913)
0x00007fa17a029813:   00 00 48 8d 4c 24 30 45 31 c0 bf 0e 00 00 00 66
0x00007fa17a029823:   89 44 24 50 e8 e4 ca 09 00 48 8b 55 58 44 8b 6d
0x00007fa17a029833:   60 49 89 c4 48 85 d2 74 0d be 03 00 00 00 48 89
0x00007fa17a029843:   c7 e8 f7 45 0e 00 44 89 ee 4c 89 e7 e8 3c f9 08
0x00007fa17a029853:   00 48 8b 7d 50 48 8b 4d 30 48 89 e2 4c 8b 45 38
0x00007fa17a029863:   4c 89 e6 48 8b 07 ff 50 10 8b 5d 08 48 8b 45 00
0x00007fa17a029873:   48 c1 e3 04 48 01 c3 48 39 d8 0f 84 c4 fe ff ff
0x00007fa17a029883:   48 89 c5 66 2e 0f 1f 84 00 00 00 00 00 48 8b 55
0x00007fa17a029893:   08 8b 75 00 4c 89 e7 48 83 c5 10 e8 9d 45 0e 00
0x00007fa17a0298a3:   48 39 eb 75 e8 48 83 c4 68 4c 89 e0 5b 5d 41 5c
0x00007fa17a0298b3:   41 5d c3 66 2e 0f 1f 84 00 00 00 00 00 48 89 d1
0x00007fa17a0298c3:   48 89 f2 be 0e 00 00 00 ff d0 49 89 c4 e9 c7 fe
0x00007fa17a0298d3:   ff ff 66 2e 0f 1f 84 00 00 00 00 00 90 41 54 55
0x00007fa17a0298e3:   53 48 89 fb 48 89 f7 48 89 d6 ba 01 01 00 00 48
0x00007fa17a0298f3:   83 ec 60 80 39 00 66 89 54 24 20 74 09 48 89 0c
0x00007fa17a029903:   24 c6 44 24 20 03 80 7f 10 12 0f 87 95 00 00 00
0x00007fa17a029913:   80 7e 10 12 0f 87 8b 00 00 00 4c 8b 4b 48 48 8d
0x00007fa17a029923:   15 08 13 fa ff 49 8b 01 48 8b 40 20 48 39 d0 0f
0x00007fa17a029933:   85 f0 00 00 00 31 c9 31 d2 e8 9f 0d ff ff 49 89
0x00007fa17a029943:   c4 41 80 7c 24 10 19 76 4b 48 8b 7b 50 48 8b 4b
0x00007fa17a029953:   30 48 89 e2 4c 89 e6 4c 8b 43 38 48 8b 07 ff 50
0x00007fa17a029963:   10 8b 6b 08 48 8b 03 48 c1 e5 04 48 01 c5 48 39
0x00007fa17a029973:   e8 74 21 48 89 c3 0f 1f 80 00 00 00 00 48 8b 53
0x00007fa17a029983:   08 8b 33 4c 89 e7 48 83 c3 10 e8 ae 44 0e 00 48
0x00007fa17a029993:   39 dd 75 e9 48 83 c4 60 4c 89 e0 5b 5d 41 5c c3
0x00007fa17a0299a3:   0f 1f 44 00 00 48 89 f2 b8 01 01 00 00 48 89 fe
0x00007fa17a0299b3:   45 31 c0 48 8d 4c 24 30 bf 0f 00 00 00 66 89 44
0x00007fa17a0299c3:   24 50 e8 46 c9 09 00 48 8b 7b 50 48 89 e2 48 8b
0x00007fa17a0299d3:   4b 30 49 89 c4 4c 8b 43 38 48 8b 07 4c 89 e6 ff
0x00007fa17a0299e3:   50 10 8b 6b 08 48 8b 13 48 c1 e5 04 48 01 d5 48
0x00007fa17a0299f3:   39 ea 74 a0 48 89 d3 66 0f 1f 44 00 00 48 8b 53
0x00007fa17a029a03:   08 8b 33 4c 89 e7 48 83 c3 10 e8 2e 44 0e 00 48 


Stack slot to memory mapping:
stack at sp + 0 slots: 0x00007fa1e44065e0 points into unknown readable memory: 0x00000073756e696d | 6d 69 6e 75 73 00 00 00
stack at sp + 1 slots: 0x00007fa1e41269f0 points into unknown readable memory: 0x00000000c6bd6980 | 80 69 bd c6 00 00 00 00
stack at sp + 2 slots: 0x0000000000000006 is an unknown value
stack at sp + 3 slots: 0x0000000000000005 is an unknown value
stack at sp + 4 slots: 0x00007fa1e4400103 points into unknown readable memory: 00 00 00 00 00
stack at sp + 5 slots: 0x00007fa1e41269f0 points into unknown readable memory: 0x00000000c6bd6980 | 80 69 bd c6 00 00 00 00
stack at sp + 6 slots: 0x0 is NULL
stack at sp + 7 slots: 0x00007fa1e43d67d0 points into unknown readable memory: 0x00007fa1e43d67e0 | e0 67 3d e4 a1 7f 00 00


---------------  P R O C E S S  ---------------

Threads class SMR info:
_java_thread_list=0x00007fa1e423ac20, length=11, elements={
0x00007fa1e4016800, 0x00007fa1e4128000, 0x00007fa1e412a000, 0x00007fa1e412f800,
0x00007fa1e4131800, 0x00007fa1e4134000, 0x00007fa1e4136000, 0x00007fa1e4138000,
0x00007fa1e415e000, 0x00007fa1e421b000, 0x00007fa1e4236000
}

Java Threads: ( => current thread )
=>0x00007fa1e4016800 JavaThread "main" [_thread_in_native, id=18341, stack(0x00007fa1ed100000,0x00007fa1ed200000)]
  0x00007fa1e4128000 JavaThread "Reference Handler" daemon [_thread_blocked, id=18349, stack(0x00007fa1cc500000,0x00007fa1cc600000)]
  0x00007fa1e412a000 JavaThread "Finalizer" daemon [_thread_blocked, id=18350, stack(0x00007fa1cc400000,0x00007fa1cc500000)]
  0x00007fa1e412f800 JavaThread "Signal Dispatcher" daemon [_thread_blocked, id=18352, stack(0x00007fa1cc300000,0x00007fa1cc400000)]
  0x00007fa1e4131800 JavaThread "Service Thread" daemon [_thread_blocked, id=18353, stack(0x00007fa1cc200000,0x00007fa1cc300000)]
  0x00007fa1e4134000 JavaThread "C2 CompilerThread0" daemon [_thread_blocked, id=18354, stack(0x00007fa1cc100000,0x00007fa1cc200000)]
  0x00007fa1e4136000 JavaThread "C1 CompilerThread0" daemon [_thread_blocked, id=18355, stack(0x00007fa1cc000000,0x00007fa1cc100000)]
  0x00007fa1e4138000 JavaThread "Sweeper thread" daemon [_thread_blocked, id=18356, stack(0x00007fa1bdf00000,0x00007fa1be000000)]
  0x00007fa1e415e000 JavaThread "Common-Cleaner" daemon [_thread_blocked, id=18357, stack(0x00007fa1bd500000,0x00007fa1bd600000)]
  0x00007fa1e421b000 JavaThread "Monitor Ctrl-Break" daemon [_thread_in_native, id=18359, stack(0x00007fa1bd400000,0x00007fa1bd500000)]
  0x00007fa1e4236000 JavaThread "JavaCPP Deallocator" daemon [_thread_blocked, id=18361, stack(0x00007fa1bd1ff000,0x00007fa1bd2ff000)]

Other Threads:
  0x00007fa1e4125800 VMThread "VM Thread" [stack: 0x00007fa1e3f00000,0x00007fa1e4000000] [id=18347]
  0x00007fa1e421d800 WatcherThread [stack: 0x00007fa1bd300000,0x00007fa1bd400000] [id=18360]
  0x00007fa1e402f800 GCTaskThread "GC Thread#0" [stack: 0x00007fa1eb815000,0x00007fa1eb915000] [id=18342]
  0x00007fa1e404a800 ConcurrentGCThread "G1 Main Marker" [stack: 0x00007fa1e8f24000,0x00007fa1e9024000] [id=18343]
  0x00007fa1e404c800 ConcurrentGCThread "G1 Conc#0" [stack: 0x00007fa1e8e23000,0x00007fa1e8f23000] [id=18344]
  0x00007fa1e4090000 ConcurrentGCThread "G1 Refine#0" [stack: 0x00007fa1e891e000,0x00007fa1e8a1e000] [id=18345]
  0x00007fa1e4092000 ConcurrentGCThread "G1 Young RemSet Sampling" [stack: 0x00007fa1e881d000,0x00007fa1e891d000] [id=18346]

Threads with active compile tasks:

VM state:not at safepoint (normal execution)

VM Mutex/Monitor currently owned by a thread: None

Heap address: 0x00000000c3800000, size: 968 MB, Compressed Oops mode: 32-bit
Narrow klass base: 0x0000000800000000, Narrow klass shift: 3
Compressed class space size: 1073741824 Address: 0x0000000840000000

Heap:
 garbage-first heap   total 65536K, used 9936K [0x00000000c3800000, 0x0000000100000000)
  region size 1024K, 11 young (11264K), 0 survivors (0K)
 Metaspace       used 3950K, capacity 6551K, committed 6656K, reserved 1056768K
  class space    used 431K, capacity 695K, committed 768K, reserved 1048576K
Heap Regions: E=young(eden), S=young(survivor), O=old, HS=humongous(starts), HC=humongous(continues), CS=collection set, F=free, A=archive, TAMS=top-at-mark-start (previous, next)
|   0|0x00000000c3800000, 0x00000000c3800000, 0x00000000c3900000|  0%| F|  |TAMS 0x00000000c3800000, 0x00000000c3800000| Untracked 
|   1|0x00000000c3900000, 0x00000000c3900000, 0x00000000c3a00000|  0%| F|  |TAMS 0x00000000c3900000, 0x00000000c3900000| Untracked 
|   2|0x00000000c3a00000, 0x00000000c3a00000, 0x00000000c3b00000|  0%| F|  |TAMS 0x00000000c3a00000, 0x00000000c3a00000| Untracked 
|   3|0x00000000c3b00000, 0x00000000c3b00000, 0x00000000c3c00000|  0%| F|  |TAMS 0x00000000c3b00000, 0x00000000c3b00000| Untracked 
|   4|0x00000000c3c00000, 0x00000000c3c00000, 0x00000000c3d00000|  0%| F|  |TAMS 0x00000000c3c00000, 0x00000000c3c00000| Untracked 
|   5|0x00000000c3d00000, 0x00000000c3d00000, 0x00000000c3e00000|  0%| F|  |TAMS 0x00000000c3d00000, 0x00000000c3d00000| Untracked 
|   6|0x00000000c3e00000, 0x00000000c3e00000, 0x00000000c3f00000|  0%| F|  |TAMS 0x00000000c3e00000, 0x00000000c3e00000| Untracked 
|   7|0x00000000c3f00000, 0x00000000c3f00000, 0x00000000c4000000|  0%| F|  |TAMS 0x00000000c3f00000, 0x00000000c3f00000| Untracked 
|   8|0x00000000c4000000, 0x00000000c4000000, 0x00000000c4100000|  0%| F|  |TAMS 0x00000000c4000000, 0x00000000c4000000| Untracked 
|   9|0x00000000c4100000, 0x00000000c4100000, 0x00000000c4200000|  0%| F|  |TAMS 0x00000000c4100000, 0x00000000c4100000| Untracked 
|  10|0x00000000c4200000, 0x00000000c4200000, 0x00000000c4300000|  0%| F|  |TAMS 0x00000000c4200000, 0x00000000c4200000| Untracked 
|  11|0x00000000c4300000, 0x00000000c4300000, 0x00000000c4400000|  0%| F|  |TAMS 0x00000000c4300000, 0x00000000c4300000| Untracked 
|  12|0x00000000c4400000, 0x00000000c4400000, 0x00000000c4500000|  0%| F|  |TAMS 0x00000000c4400000, 0x00000000c4400000| Untracked 
|  13|0x00000000c4500000, 0x00000000c4500000, 0x00000000c4600000|  0%| F|  |TAMS 0x00000000c4500000, 0x00000000c4500000| Untracked 
|  14|0x00000000c4600000, 0x00000000c4600000, 0x00000000c4700000|  0%| F|  |TAMS 0x00000000c4600000, 0x00000000c4600000| Untracked 
|  15|0x00000000c4700000, 0x00000000c4700000, 0x00000000c4800000|  0%| F|  |TAMS 0x00000000c4700000, 0x00000000c4700000| Untracked 
|  16|0x00000000c4800000, 0x00000000c4800000, 0x00000000c4900000|  0%| F|  |TAMS 0x00000000c4800000, 0x00000000c4800000| Untracked 
|  17|0x00000000c4900000, 0x00000000c4900000, 0x00000000c4a00000|  0%| F|  |TAMS 0x00000000c4900000, 0x00000000c4900000| Untracked 
|  18|0x00000000c4a00000, 0x00000000c4a00000, 0x00000000c4b00000|  0%| F|  |TAMS 0x00000000c4a00000, 0x00000000c4a00000| Untracked 
|  19|0x00000000c4b00000, 0x00000000c4b00000, 0x00000000c4c00000|  0%| F|  |TAMS 0x00000000c4b00000, 0x00000000c4b00000| Untracked 
|  20|0x00000000c4c00000, 0x00000000c4c00000, 0x00000000c4d00000|  0%| F|  |TAMS 0x00000000c4c00000, 0x00000000c4c00000| Untracked 
|  21|0x00000000c4d00000, 0x00000000c4d00000, 0x00000000c4e00000|  0%| F|  |TAMS 0x00000000c4d00000, 0x00000000c4d00000| Untracked 
|  22|0x00000000c4e00000, 0x00000000c4e00000, 0x00000000c4f00000|  0%| F|  |TAMS 0x00000000c4e00000, 0x00000000c4e00000| Untracked 
|  23|0x00000000c4f00000, 0x00000000c4f00000, 0x00000000c5000000|  0%| F|  |TAMS 0x00000000c4f00000, 0x00000000c4f00000| Untracked 
|  24|0x00000000c5000000, 0x00000000c5000000, 0x00000000c5100000|  0%| F|  |TAMS 0x00000000c5000000, 0x00000000c5000000| Untracked 
|  25|0x00000000c5100000, 0x00000000c5100000, 0x00000000c5200000|  0%| F|  |TAMS 0x00000000c5100000, 0x00000000c5100000| Untracked 
|  26|0x00000000c5200000, 0x00000000c5200000, 0x00000000c5300000|  0%| F|  |TAMS 0x00000000c5200000, 0x00000000c5200000| Untracked 
|  27|0x00000000c5300000, 0x00000000c5300000, 0x00000000c5400000|  0%| F|  |TAMS 0x00000000c5300000, 0x00000000c5300000| Untracked 
|  28|0x00000000c5400000, 0x00000000c5400000, 0x00000000c5500000|  0%| F|  |TAMS 0x00000000c5400000, 0x00000000c5400000| Untracked 
|  29|0x00000000c5500000, 0x00000000c5500000, 0x00000000c5600000|  0%| F|  |TAMS 0x00000000c5500000, 0x00000000c5500000| Untracked 
|  30|0x00000000c5600000, 0x00000000c5600000, 0x00000000c5700000|  0%| F|  |TAMS 0x00000000c5600000, 0x00000000c5600000| Untracked 
|  31|0x00000000c5700000, 0x00000000c5700000, 0x00000000c5800000|  0%| F|  |TAMS 0x00000000c5700000, 0x00000000c5700000| Untracked 
|  32|0x00000000c5800000, 0x00000000c5800000, 0x00000000c5900000|  0%| F|  |TAMS 0x00000000c5800000, 0x00000000c5800000| Untracked 
|  33|0x00000000c5900000, 0x00000000c5900000, 0x00000000c5a00000|  0%| F|  |TAMS 0x00000000c5900000, 0x00000000c5900000| Untracked 
|  34|0x00000000c5a00000, 0x00000000c5a00000, 0x00000000c5b00000|  0%| F|  |TAMS 0x00000000c5a00000, 0x00000000c5a00000| Untracked 
|  35|0x00000000c5b00000, 0x00000000c5b00000, 0x00000000c5c00000|  0%| F|  |TAMS 0x00000000c5b00000, 0x00000000c5b00000| Untracked 
|  36|0x00000000c5c00000, 0x00000000c5c00000, 0x00000000c5d00000|  0%| F|  |TAMS 0x00000000c5c00000, 0x00000000c5c00000| Untracked 
|  37|0x00000000c5d00000, 0x00000000c5d00000, 0x00000000c5e00000|  0%| F|  |TAMS 0x00000000c5d00000, 0x00000000c5d00000| Untracked 
|  38|0x00000000c5e00000, 0x00000000c5e00000, 0x00000000c5f00000|  0%| F|  |TAMS 0x00000000c5e00000, 0x00000000c5e00000| Untracked 
|  39|0x00000000c5f00000, 0x00000000c5f00000, 0x00000000c6000000|  0%| F|  |TAMS 0x00000000c5f00000, 0x00000000c5f00000| Untracked 
|  40|0x00000000c6000000, 0x00000000c6000000, 0x00000000c6100000|  0%| F|  |TAMS 0x00000000c6000000, 0x00000000c6000000| Untracked 
|  41|0x00000000c6100000, 0x00000000c6100000, 0x00000000c6200000|  0%| F|  |TAMS 0x00000000c6100000, 0x00000000c6100000| Untracked 
|  42|0x00000000c6200000, 0x00000000c6200000, 0x00000000c6300000|  0%| F|  |TAMS 0x00000000c6200000, 0x00000000c6200000| Untracked 
|  43|0x00000000c6300000, 0x00000000c6300000, 0x00000000c6400000|  0%| F|  |TAMS 0x00000000c6300000, 0x00000000c6300000| Untracked 
|  44|0x00000000c6400000, 0x00000000c6400000, 0x00000000c6500000|  0%| F|  |TAMS 0x00000000c6400000, 0x00000000c6400000| Untracked 
|  45|0x00000000c6500000, 0x00000000c6500000, 0x00000000c6600000|  0%| F|  |TAMS 0x00000000c6500000, 0x00000000c6500000| Untracked 
|  46|0x00000000c6600000, 0x00000000c6600000, 0x00000000c6700000|  0%| F|  |TAMS 0x00000000c6600000, 0x00000000c6600000| Untracked 
|  47|0x00000000c6700000, 0x00000000c6700000, 0x00000000c6800000|  0%| F|  |TAMS 0x00000000c6700000, 0x00000000c6700000| Untracked 
|  48|0x00000000c6800000, 0x00000000c6800000, 0x00000000c6900000|  0%| F|  |TAMS 0x00000000c6800000, 0x00000000c6800000| Untracked 
|  49|0x00000000c6900000, 0x00000000c6900000, 0x00000000c6a00000|  0%| F|  |TAMS 0x00000000c6900000, 0x00000000c6900000| Untracked 
|  50|0x00000000c6a00000, 0x00000000c6a00000, 0x00000000c6b00000|  0%| F|  |TAMS 0x00000000c6a00000, 0x00000000c6a00000| Untracked 
|  51|0x00000000c6b00000, 0x00000000c6bd7980, 0x00000000c6c00000| 84%| E|  |TAMS 0x00000000c6b00000, 0x00000000c6b00000| Complete 
|  52|0x00000000c6c00000, 0x00000000c6d00000, 0x00000000c6d00000|100%| E|CS|TAMS 0x00000000c6c00000, 0x00000000c6c00000| Complete 
|  53|0x00000000c6d00000, 0x00000000c6e00000, 0x00000000c6e00000|100%| E|CS|TAMS 0x00000000c6d00000, 0x00000000c6d00000| Complete 
|  54|0x00000000c6e00000, 0x00000000c6f00000, 0x00000000c6f00000|100%| E|CS|TAMS 0x00000000c6e00000, 0x00000000c6e00000| Complete 
|  55|0x00000000c6f00000, 0x00000000c7000000, 0x00000000c7000000|100%| E|CS|TAMS 0x00000000c6f00000, 0x00000000c6f00000| Complete 
|  56|0x00000000c7000000, 0x00000000c7100000, 0x00000000c7100000|100%| E|CS|TAMS 0x00000000c7000000, 0x00000000c7000000| Complete 
|  57|0x00000000c7100000, 0x00000000c7200000, 0x00000000c7200000|100%| E|CS|TAMS 0x00000000c7100000, 0x00000000c7100000| Complete 
|  58|0x00000000c7200000, 0x00000000c7300000, 0x00000000c7300000|100%| E|CS|TAMS 0x00000000c7200000, 0x00000000c7200000| Complete 
|  59|0x00000000c7300000, 0x00000000c7400000, 0x00000000c7400000|100%| E|  |TAMS 0x00000000c7300000, 0x00000000c7300000| Complete 
|  60|0x00000000c7400000, 0x00000000c7500000, 0x00000000c7500000|100%| E|CS|TAMS 0x00000000c7400000, 0x00000000c7400000| Complete 
|  61|0x00000000c7500000, 0x00000000c7600000, 0x00000000c7600000|100%| E|CS|TAMS 0x00000000c7500000, 0x00000000c7500000| Complete 
| 966|0x00000000ffe00000, 0x00000000ffe48000, 0x00000000fff00000| 28%|OA|  |TAMS 0x00000000ffe00000, 0x00000000ffe00000| Untracked 
| 967|0x00000000fff00000, 0x00000000fff6c000, 0x0000000100000000| 42%|CA|  |TAMS 0x00000000fff00000, 0x00000000fff00000| Untracked 

Card table byte_map: [0x00007fa1eb048000,0x00007fa1eb22c000] _byte_map_base: 0x00007fa1eaa2c000

Marking Bits (Prev, Next): (CMBitMap*) 0x00007fa1e4045c68, (CMBitMap*) 0x00007fa1e4045ca0
 Prev Bits: [0x00007fa1e9f44000, 0x00007fa1eae64000)
 Next Bits: [0x00007fa1e9024000, 0x00007fa1e9f44000)

Polling page: 0x00007fa1ed4c3000

Metaspace:

Usage:
  Non-class:      5.72 MB capacity,     3.44 MB ( 60%) used,     2.28 MB ( 40%) free+waste,     6.94 KB ( <1%) overhead. 
      Class:    695.00 KB capacity,   431.72 KB ( 62%) used,   259.53 KB ( 37%) free+waste,     3.75 KB ( <1%) overhead. 
       Both:      6.40 MB capacity,     3.86 MB ( 60%) used,     2.53 MB ( 40%) free+waste,    10.69 KB ( <1%) overhead. 

Virtual space:
  Non-class space:        8.00 MB reserved,       5.75 MB ( 72%) committed 
      Class space:        1.00 GB reserved,     768.00 KB ( <1%) committed 
             Both:        1.01 GB reserved,       6.50 MB ( <1%) committed 

Chunk freelists:
   Non-Class:  0 bytes
       Class:  9.00 KB
        Both:  9.00 KB

MaxMetaspaceSize: unlimited
CompressedClassSpaceSize: 1.00 GB
Initial GC threshold: 20.80 MB
Current GC threshold: 20.80 MB
CDS: on

CodeHeap 'non-profiled nmethods': size=120032Kb used=221Kb max_used=221Kb free=119810Kb
 bounds [0x00007fa1d40c8000, 0x00007fa1d4338000, 0x00007fa1db600000]
CodeHeap 'profiled nmethods': size=120032Kb used=1425Kb max_used=1425Kb free=118606Kb
 bounds [0x00007fa1ccb90000, 0x00007fa1cce00000, 0x00007fa1d40c8000]
CodeHeap 'non-nmethods': size=5696Kb used=1149Kb max_used=1161Kb free=4546Kb
 bounds [0x00007fa1cc600000, 0x00007fa1cc870000, 0x00007fa1ccb90000]
 total_blobs=1185 nmethods=776 adapters=323
 compilation: enabled
              stopped_count=0, restarted_count=0
 full_count=0

Compilation events (20 events):
Event: 0.501 Thread 0x00007fa1e4136000 nmethod 747 0x00007fa1ccce2310 code [0x00007fa1ccce24c0, 0x00007fa1ccce2630]
Event: 0.501 Thread 0x00007fa1e4136000  749       1       java.lang.invoke.LambdaForm$BasicType::basicTypeClass (5 bytes)
Event: 0.501 Thread 0x00007fa1e4136000 nmethod 749 0x00007fa1d40fd890 code [0x00007fa1d40fda40, 0x00007fa1d40fdb10]
Event: 0.501 Thread 0x00007fa1e4136000  756       3       java.lang.Class::getComponentType (14 bytes)
Event: 0.501 Thread 0x00007fa1e4136000 nmethod 756 0x00007fa1ccce2690 code [0x00007fa1ccce2840, 0x00007fa1ccce29e0]
Event: 0.501 Thread 0x00007fa1e4136000  758   !   3       java.lang.invoke.MemberName::clone (14 bytes)
Event: 0.501 Thread 0x00007fa1e4136000 nmethod 758 0x00007fa1ccce2a90 code [0x00007fa1ccce2c80, 0x00007fa1ccce3010]
Event: 0.501 Thread 0x00007fa1e4136000  760       3       java.lang.Number::<init> (5 bytes)
Event: 0.501 Thread 0x00007fa1e4136000 nmethod 760 0x00007fa1ccce3190 code [0x00007fa1ccce3340, 0x00007fa1ccce34b0]
Event: 0.501 Thread 0x00007fa1e4136000  759       1       java.lang.invoke.MethodTypeForm::basicType (5 bytes)
Event: 0.501 Thread 0x00007fa1e4136000 nmethod 759 0x00007fa1d40fdb90 code [0x00007fa1d40fdd40, 0x00007fa1d40fde10]
Event: 0.502 Thread 0x00007fa1e4136000  761       3       java.lang.invoke.MemberName::flagsMods (72 bytes)
Event: 0.502 Thread 0x00007fa1e4136000 nmethod 761 0x00007fa1ccce3590 code [0x00007fa1ccce3740, 0x00007fa1ccce3850]
Event: 0.502 Thread 0x00007fa1e4136000  762       3       java.lang.invoke.MemberName::init (66 bytes)
Event: 0.502 Thread 0x00007fa1e4136000 nmethod 762 0x00007fa1ccce3910 code [0x00007fa1ccce3ac0, 0x00007fa1ccce3d10]
Event: 0.502 Thread 0x00007fa1e4136000  765       3       sun.invoke.util.Wrapper::forPrimitiveType (49 bytes)
Event: 0.503 Thread 0x00007fa1e4136000 nmethod 765 0x00007fa1ccce3d90 code [0x00007fa1ccce4120, 0x00007fa1ccce5680]
Event: 0.503 Thread 0x00007fa1e4136000  769       3       jdk.internal.org.objectweb.asm.Frame::execute (2264 bytes)
Event: 0.504 Thread 0x00007fa1e4134000  775       4       java.lang.StringBuilder::<init> (7 bytes)
Event: 0.504 Thread 0x00007fa1e4134000 nmethod 775 0x00007fa1d40ff090 code [0x00007fa1d40ff220, 0x00007fa1d40ff3d8]

GC Heap History (0 events):
No events

Deoptimization events (20 events):
Event: 0.256 Thread 0x00007fa1e4016800 DEOPT PACKING pc=0x00007fa1d40e18dc sp=0x00007fa1ed1fdd40
Event: 0.256 Thread 0x00007fa1e4016800 DEOPT UNPACKING pc=0x00007fa1cc649ea5 sp=0x00007fa1ed1fdcd8 mode 2
Event: 0.432 Thread 0x00007fa1e4016800 DEOPT PACKING pc=0x00007fa1ccc0eac2 sp=0x00007fa1ed1fcff0
Event: 0.432 Thread 0x00007fa1e4016800 DEOPT UNPACKING pc=0x00007fa1cc64a64a sp=0x00007fa1ed1fc478 mode 0
Event: 0.495 Thread 0x00007fa1e4016800 Uncommon trap: trap_request=0xffffffc6 fr.pc=0x00007fa1d40d1ea4 relative=0x0000000000000084
Event: 0.495 Thread 0x00007fa1e4016800 Uncommon trap: reason=bimorphic_or_optimized_type_check action=maybe_recompile pc=0x00007fa1d40d1ea4 method=java.util.AbstractCollection.isEmpty()Z @ 1 c2
Event: 0.495 Thread 0x00007fa1e4016800 DEOPT PACKING pc=0x00007fa1d40d1ea4 sp=0x00007fa1ed1fd2c0
Event: 0.495 Thread 0x00007fa1e4016800 DEOPT UNPACKING pc=0x00007fa1cc649ea5 sp=0x00007fa1ed1fd270 mode 2
Event: 0.495 Thread 0x00007fa1e4016800 Uncommon trap: trap_request=0xffffffc6 fr.pc=0x00007fa1d40d1ea4 relative=0x0000000000000084
Event: 0.495 Thread 0x00007fa1e4016800 Uncommon trap: reason=bimorphic_or_optimized_type_check action=maybe_recompile pc=0x00007fa1d40d1ea4 method=java.util.AbstractCollection.isEmpty()Z @ 1 c2
Event: 0.495 Thread 0x00007fa1e4016800 DEOPT PACKING pc=0x00007fa1d40d1ea4 sp=0x00007fa1ed1fd490
Event: 0.495 Thread 0x00007fa1e4016800 DEOPT UNPACKING pc=0x00007fa1cc649ea5 sp=0x00007fa1ed1fd440 mode 2
Event: 0.496 Thread 0x00007fa1e4016800 Uncommon trap: trap_request=0xffffffc6 fr.pc=0x00007fa1d40d1ea4 relative=0x0000000000000084
Event: 0.496 Thread 0x00007fa1e4016800 Uncommon trap: reason=bimorphic_or_optimized_type_check action=maybe_recompile pc=0x00007fa1d40d1ea4 method=java.util.AbstractCollection.isEmpty()Z @ 1 c2
Event: 0.496 Thread 0x00007fa1e4016800 DEOPT PACKING pc=0x00007fa1d40d1ea4 sp=0x00007fa1ed1fd4b0
Event: 0.496 Thread 0x00007fa1e4016800 DEOPT UNPACKING pc=0x00007fa1cc649ea5 sp=0x00007fa1ed1fd460 mode 2
Event: 0.497 Thread 0x00007fa1e4016800 Uncommon trap: trap_request=0xffffffc6 fr.pc=0x00007fa1d40d1ea4 relative=0x0000000000000084
Event: 0.497 Thread 0x00007fa1e4016800 Uncommon trap: reason=bimorphic_or_optimized_type_check action=maybe_recompile pc=0x00007fa1d40d1ea4 method=java.util.AbstractCollection.isEmpty()Z @ 1 c2
Event: 0.497 Thread 0x00007fa1e4016800 DEOPT PACKING pc=0x00007fa1d40d1ea4 sp=0x00007fa1ed1fd2c0
Event: 0.497 Thread 0x00007fa1e4016800 DEOPT UNPACKING pc=0x00007fa1cc649ea5 sp=0x00007fa1ed1fd270 mode 2

Classes redefined (0 events):
No events

Internal exceptions (20 events):
Event: 0.110 Thread 0x00007fa1e4016800 Exception <a 'java/security/PrivilegedActionException'{0x00000000c74edfc0}> (0x00000000c74edfc0) thrown at [./src/hotspot/share/prims/jvm.cpp, line 1304]
Event: 0.110 Thread 0x00007fa1e4016800 Exception <a 'java/security/PrivilegedActionException'{0x00000000c74ee290}> (0x00000000c74ee290) thrown at [./src/hotspot/share/prims/jvm.cpp, line 1304]
Event: 0.110 Thread 0x00007fa1e4016800 Exception <a 'java/security/PrivilegedActionException'{0x00000000c74eec00}> (0x00000000c74eec00) thrown at [./src/hotspot/share/prims/jvm.cpp, line 1304]
Event: 0.110 Thread 0x00007fa1e4016800 Exception <a 'java/security/PrivilegedActionException'{0x00000000c74eeed0}> (0x00000000c74eeed0) thrown at [./src/hotspot/share/prims/jvm.cpp, line 1304]
Event: 0.110 Thread 0x00007fa1e4016800 Exception <a 'java/security/PrivilegedActionException'{0x00000000c74ef840}> (0x00000000c74ef840) thrown at [./src/hotspot/share/prims/jvm.cpp, line 1304]
Event: 0.110 Thread 0x00007fa1e4016800 Exception <a 'java/security/PrivilegedActionException'{0x00000000c74efb10}> (0x00000000c74efb10) thrown at [./src/hotspot/share/prims/jvm.cpp, line 1304]
Event: 0.110 Thread 0x00007fa1e4016800 Exception <a 'java/security/PrivilegedActionException'{0x00000000c74f0498}> (0x00000000c74f0498) thrown at [./src/hotspot/share/prims/jvm.cpp, line 1304]
Event: 0.110 Thread 0x00007fa1e4016800 Exception <a 'java/security/PrivilegedActionException'{0x00000000c74f0768}> (0x00000000c74f0768) thrown at [./src/hotspot/share/prims/jvm.cpp, line 1304]
Event: 0.110 Thread 0x00007fa1e4016800 Exception <a 'java/security/PrivilegedActionException'{0x00000000c74f10f0}> (0x00000000c74f10f0) thrown at [./src/hotspot/share/prims/jvm.cpp, line 1304]
Event: 0.111 Thread 0x00007fa1e4016800 Exception <a 'java/security/PrivilegedActionException'{0x00000000c74f13c0}> (0x00000000c74f13c0) thrown at [./src/hotspot/share/prims/jvm.cpp, line 1304]
Event: 0.111 Thread 0x00007fa1e4016800 Exception <a 'java/security/PrivilegedActionException'{0x00000000c74f1d48}> (0x00000000c74f1d48) thrown at [./src/hotspot/share/prims/jvm.cpp, line 1304]
Event: 0.111 Thread 0x00007fa1e4016800 Exception <a 'java/security/PrivilegedActionException'{0x00000000c74f2018}> (0x00000000c74f2018) thrown at [./src/hotspot/share/prims/jvm.cpp, line 1304]
Event: 0.111 Thread 0x00007fa1e4016800 Exception <a 'java/security/PrivilegedActionException'{0x00000000c74f2988}> (0x00000000c74f2988) thrown at [./src/hotspot/share/prims/jvm.cpp, line 1304]
Event: 0.111 Thread 0x00007fa1e4016800 Exception <a 'java/security/PrivilegedActionException'{0x00000000c74f2c58}> (0x00000000c74f2c58) thrown at [./src/hotspot/share/prims/jvm.cpp, line 1304]
Event: 0.111 Thread 0x00007fa1e4016800 Exception <a 'java/security/PrivilegedActionException'{0x00000000c74f35e0}> (0x00000000c74f35e0) thrown at [./src/hotspot/share/prims/jvm.cpp, line 1304]
Event: 0.111 Thread 0x00007fa1e4016800 Exception <a 'java/security/PrivilegedActionException'{0x00000000c74f38b0}> (0x00000000c74f38b0) thrown at [./src/hotspot/share/prims/jvm.cpp, line 1304]
Event: 0.134 Thread 0x00007fa1e4016800 Exception <a 'java/lang/NoSuchMethodError'{0x00000000c7223598}: 'int java.lang.invoke.DirectMethodHandle$Holder.invokeStaticInit(java.lang.Object, java.lang.Object, java.lang.Object, java.lang.Object)'> (0x00000000c7223598) thrown at [./src/hotspot/share/interpreter/linkResolver.cpp, line 772]
Event: 0.136 Thread 0x00007fa1e4016800 Exception <a 'java/lang/IncompatibleClassChangeError'{0x00000000c722d318}: Found class java.lang.Object, but interface was expected> (0x00000000c722d318) thrown at [./src/hotspot/share/interpreter/linkResolver.cpp, line 839]
Event: 0.136 Thread 0x00007fa1e4016800 Exception <a 'java/lang/NoSuchMethodError'{0x00000000c72304c8}: 'void java.lang.invoke.DirectMethodHandle$Holder.invokeStaticInit(java.lang.Object, java.lang.Object)'> (0x00000000c72304c8) thrown at [./src/hotspot/share/interpreter/linkResolver.cpp, line 772]
Event: 0.137 Thread 0x00007fa1e4016800 Exception <a 'java/lang/NoSuchMethodError'{0x00000000c7235938}: 'int java.lang.invoke.DirectMethodHandle$Holder.invokeStaticInit(java.lang.Object, java.lang.Object)'> (0x00000000c7235938) thrown at [./src/hotspot/share/interpreter/linkResolver.cpp, line 772]

Events (20 events):
Event: 0.475 loading class SymbolTable
Event: 0.475 loading class SymbolTable done
Event: 0.491 Executing VM operation: Deoptimize
Event: 0.491 Executing VM operation: Deoptimize done
Event: 0.495 loading class java/lang/invoke/BoundMethodHandle$Species_LL
Event: 0.495 loading class java/lang/invoke/BoundMethodHandle$Species_LL done
Event: 0.497 loading class java/lang/invoke/BoundMethodHandle$Species_LLL
Event: 0.497 loading class java/lang/invoke/BoundMethodHandle$Species_LLL done
Event: 0.498 loading class java/lang/invoke/BoundMethodHandle$Species_LLLL
Event: 0.498 loading class java/lang/invoke/BoundMethodHandle$Species_LLLL done
Event: 0.499 loading class java/lang/invoke/BoundMethodHandle$Species_LLLLL
Event: 0.500 loading class java/lang/invoke/BoundMethodHandle$Species_LLLLL done
Event: 0.500 loading class java/lang/invoke/BoundMethodHandle$Species_LLLLLL
Event: 0.500 loading class java/lang/invoke/BoundMethodHandle$Species_LLLLLL done
Event: 0.501 loading class java/lang/invoke/BoundMethodHandle$Species_LLLLLLI
Event: 0.501 loading class java/lang/invoke/BoundMethodHandle$Species_LLLLLLI done
Event: 0.502 loading class java/lang/invoke/BoundMethodHandle$Species_LLLLLLII
Event: 0.502 loading class java/lang/invoke/BoundMethodHandle$Species_LLLLLLII done
Event: 0.503 loading class java/lang/invoke/BoundMethodHandle$Species_LLLLLLIIL
Event: 0.503 loading class java/lang/invoke/BoundMethodHandle$Species_LLLLLLIIL done


Dynamic libraries:
c3800000-c7600000 rw-p 00000000 00:00 0 
c7600000-ffe00000 ---p 00000000 00:00 0 
ffe00000-ffe48000 rw-p 00b14000 08:03 265562                             /usr/lib/jvm/java-11-openjdk-amd64/lib/server/classes.jsa
ffe48000-fff00000 rw-p 00000000 00:00 0 
fff00000-fff6c000 rw-p 00aa8000 08:03 265562                             /usr/lib/jvm/java-11-openjdk-amd64/lib/server/classes.jsa
fff6c000-100000000 rw-p 00000000 00:00 0 
800000000-800002000 rwxp 00001000 08:03 265562                           /usr/lib/jvm/java-11-openjdk-amd64/lib/server/classes.jsa
800002000-8003ce000 rw-p 00003000 08:03 265562                           /usr/lib/jvm/java-11-openjdk-amd64/lib/server/classes.jsa
8003ce000-800aa6000 r--p 003cf000 08:03 265562                           /usr/lib/jvm/java-11-openjdk-amd64/lib/server/classes.jsa
800aa6000-800aa7000 rw-p 00aa7000 08:03 265562                           /usr/lib/jvm/java-11-openjdk-amd64/lib/server/classes.jsa
840000000-8400c0000 rw-p 00000000 00:00 0 
8400c0000-880000000 ---p 00000000 00:00 0 
55ceb2f08000-55ceb2f09000 r--p 00000000 08:03 265116                     /usr/lib/jvm/java-11-openjdk-amd64/bin/java
55ceb2f09000-55ceb2f0a000 r-xp 00001000 08:03 265116                     /usr/lib/jvm/java-11-openjdk-amd64/bin/java
55ceb2f0a000-55ceb2f0b000 r--p 00002000 08:03 265116                     /usr/lib/jvm/java-11-openjdk-amd64/bin/java
55ceb2f0b000-55ceb2f0c000 r--p 00002000 08:03 265116                     /usr/lib/jvm/java-11-openjdk-amd64/bin/java
55ceb2f0c000-55ceb2f0d000 rw-p 00003000 08:03 265116                     /usr/lib/jvm/java-11-openjdk-amd64/bin/java
55ceb4990000-55ceb49b1000 rw-p 00000000 00:00 0                          [heap]
7fa179400000-7fa179d26000 r--p 00000000 08:03 1587749                    /home/ubuntu/.javacpp/cache/llvm-13.0.1-1.5.7-linux-x86_64.jar/org/bytedeco/llvm/linux-x86_64/libLLVM-13.so
7fa179d26000-7fa17d6e9000 r-xp 00926000 08:03 1587749                    /home/ubuntu/.javacpp/cache/llvm-13.0.1-1.5.7-linux-x86_64.jar/org/bytedeco/llvm/linux-x86_64/libLLVM-13.so
7fa17d6e9000-7fa17f93e000 r--p 042e9000 08:03 1587749                    /home/ubuntu/.javacpp/cache/llvm-13.0.1-1.5.7-linux-x86_64.jar/org/bytedeco/llvm/linux-x86_64/libLLVM-13.so
7fa17f93e000-7fa17fe53000 r--p 0653d000 08:03 1587749                    /home/ubuntu/.javacpp/cache/llvm-13.0.1-1.5.7-linux-x86_64.jar/org/bytedeco/llvm/linux-x86_64/libLLVM-13.so
7fa17fe53000-7fa17fe5e000 rw-p 06a52000 08:03 1587749                    /home/ubuntu/.javacpp/cache/llvm-13.0.1-1.5.7-linux-x86_64.jar/org/bytedeco/llvm/linux-x86_64/libLLVM-13.so
7fa17fe5e000-7fa17fed4000 rw-p 00000000 00:00 0 
7fa180000000-7fa180021000 rw-p 00000000 00:00 0 
7fa180021000-7fa184000000 ---p 00000000 00:00 0 
7fa188000000-7fa188021000 rw-p 00000000 00:00 0 
7fa188021000-7fa18c000000 ---p 00000000 00:00 0 
7fa18c000000-7fa18c021000 rw-p 00000000 00:00 0 
7fa18c021000-7fa190000000 ---p 00000000 00:00 0 
7fa190000000-7fa190021000 rw-p 00000000 00:00 0 
7fa190021000-7fa194000000 ---p 00000000 00:00 0 
7fa194000000-7fa194021000 rw-p 00000000 00:00 0 
7fa194021000-7fa198000000 ---p 00000000 00:00 0 
7fa198000000-7fa19830d000 rw-p 00000000 00:00 0 
7fa19830d000-7fa19c000000 ---p 00000000 00:00 0 
7fa19c000000-7fa19c38c000 rw-p 00000000 00:00 0 
7fa19c38c000-7fa1a0000000 ---p 00000000 00:00 0 
7fa1a0000000-7fa1a0021000 rw-p 00000000 00:00 0 
7fa1a0021000-7fa1a4000000 ---p 00000000 00:00 0 
7fa1a4000000-7fa1a4021000 rw-p 00000000 00:00 0 
7fa1a4021000-7fa1a8000000 ---p 00000000 00:00 0 
7fa1a8000000-7fa1a8021000 rw-p 00000000 00:00 0 
7fa1a8021000-7fa1ac000000 ---p 00000000 00:00 0 
7fa1ac000000-7fa1ac021000 rw-p 00000000 00:00 0 
7fa1ac021000-7fa1b0000000 ---p 00000000 00:00 0 
7fa1b0000000-7fa1b0021000 rw-p 00000000 00:00 0 
7fa1b0021000-7fa1b4000000 ---p 00000000 00:00 0 
7fa1b4000000-7fa1b4021000 rw-p 00000000 00:00 0 
7fa1b4021000-7fa1b8000000 ---p 00000000 00:00 0 
7fa1b8000000-7fa1b8021000 rw-p 00000000 00:00 0 
7fa1b8021000-7fa1bc000000 ---p 00000000 00:00 0 
7fa1bd0f9000-7fa1bd15e000 r--p 00000000 08:03 1589997                    /home/ubuntu/.javacpp/cache/llvm-13.0.1-1.5.7-linux-x86_64.jar/org/bytedeco/llvm/linux-x86_64/libjniLLVM.so
7fa1bd15e000-7fa1bd1cc000 r-xp 00065000 08:03 1589997                    /home/ubuntu/.javacpp/cache/llvm-13.0.1-1.5.7-linux-x86_64.jar/org/bytedeco/llvm/linux-x86_64/libjniLLVM.so
7fa1bd1cc000-7fa1bd1f7000 r--p 000d3000 08:03 1589997                    /home/ubuntu/.javacpp/cache/llvm-13.0.1-1.5.7-linux-x86_64.jar/org/bytedeco/llvm/linux-x86_64/libjniLLVM.so
7fa1bd1f7000-7fa1bd1fa000 r--p 000fd000 08:03 1589997                    /home/ubuntu/.javacpp/cache/llvm-13.0.1-1.5.7-linux-x86_64.jar/org/bytedeco/llvm/linux-x86_64/libjniLLVM.so
7fa1bd1fa000-7fa1bd1fd000 rw-p 00100000 08:03 1589997                    /home/ubuntu/.javacpp/cache/llvm-13.0.1-1.5.7-linux-x86_64.jar/org/bytedeco/llvm/linux-x86_64/libjniLLVM.so
7fa1bd1fd000-7fa1bd1ff000 rw-p 00000000 00:00 0 
7fa1bd1ff000-7fa1bd203000 ---p 00000000 00:00 0 
7fa1bd203000-7fa1bd2ff000 rw-p 00000000 00:00 0 
7fa1bd2ff000-7fa1bd300000 ---p 00000000 00:00 0 
7fa1bd300000-7fa1bd400000 rw-p 00000000 00:00 0 
7fa1bd400000-7fa1bd404000 ---p 00000000 00:00 0 
7fa1bd404000-7fa1bd500000 rw-p 00000000 00:00 0 
7fa1bd500000-7fa1bd504000 ---p 00000000 00:00 0 
7fa1bd504000-7fa1bd600000 rw-p 00000000 00:00 0 
7fa1bd600000-7fa1bde78000 r--p 00000000 08:03 2365202                    /usr/lib/locale/locale-archive
7fa1bdf00000-7fa1bdf04000 ---p 00000000 00:00 0 
7fa1bdf04000-7fa1c0000000 rw-p 00000000 00:00 0 
7fa1c0000000-7fa1c0021000 rw-p 00000000 00:00 0 
7fa1c0021000-7fa1c4000000 ---p 00000000 00:00 0 
7fa1c4000000-7fa1c4021000 rw-p 00000000 00:00 0 
7fa1c4021000-7fa1c8000000 ---p 00000000 00:00 0 
7fa1c8000000-7fa1c8021000 rw-p 00000000 00:00 0 
7fa1c8021000-7fa1cc000000 ---p 00000000 00:00 0 
7fa1cc000000-7fa1cc004000 ---p 00000000 00:00 0 
7fa1cc004000-7fa1cc100000 rw-p 00000000 00:00 0 
7fa1cc100000-7fa1cc104000 ---p 00000000 00:00 0 
7fa1cc104000-7fa1cc200000 rw-p 00000000 00:00 0 
7fa1cc200000-7fa1cc204000 ---p 00000000 00:00 0 
7fa1cc204000-7fa1cc300000 rw-p 00000000 00:00 0 
7fa1cc300000-7fa1cc304000 ---p 00000000 00:00 0 
7fa1cc304000-7fa1cc400000 rw-p 00000000 00:00 0 
7fa1cc400000-7fa1cc404000 ---p 00000000 00:00 0 
7fa1cc404000-7fa1cc500000 rw-p 00000000 00:00 0 
7fa1cc500000-7fa1cc504000 ---p 00000000 00:00 0 
7fa1cc504000-7fa1cc600000 rw-p 00000000 00:00 0 
7fa1cc600000-7fa1cc870000 rwxp 00000000 00:00 0 
7fa1cc870000-7fa1ccb90000 ---p 00000000 00:00 0 
7fa1ccb90000-7fa1cce00000 rwxp 00000000 00:00 0 
7fa1cce00000-7fa1d40c8000 ---p 00000000 00:00 0 
7fa1d40c8000-7fa1d4338000 rwxp 00000000 00:00 0 
7fa1d4338000-7fa1db600000 ---p 00000000 00:00 0 
7fa1db600000-7fa1e3e25000 r--s 00000000 08:03 265275                     /usr/lib/jvm/java-11-openjdk-amd64/lib/modules
7fa1e3eff000-7fa1e3f00000 ---p 00000000 00:00 0 
7fa1e3f00000-7fa1e4000000 rw-p 00000000 00:00 0 
7fa1e4000000-7fa1e4408000 rw-p 00000000 00:00 0 
7fa1e4408000-7fa1e8000000 ---p 00000000 00:00 0 
7fa1e801c000-7fa1e85dc000 rw-p 00000000 00:00 0 
7fa1e85dc000-7fa1e881c000 ---p 00000000 00:00 0 
7fa1e881c000-7fa1e881d000 ---p 00000000 00:00 0 
7fa1e881d000-7fa1e891d000 rw-p 00000000 00:00 0 
7fa1e891d000-7fa1e891e000 ---p 00000000 00:00 0 
7fa1e891e000-7fa1e8e22000 rw-p 00000000 00:00 0 
7fa1e8e22000-7fa1e8e23000 ---p 00000000 00:00 0 
7fa1e8e23000-7fa1e8f23000 rw-p 00000000 00:00 0 
7fa1e8f23000-7fa1e8f24000 ---p 00000000 00:00 0 
7fa1e8f24000-7fa1e911c000 rw-p 00000000 00:00 0 
7fa1e911c000-7fa1e9f3c000 ---p 00000000 00:00 0 
7fa1e9f3c000-7fa1ea03c000 rw-p 00000000 00:00 0 
7fa1ea03c000-7fa1eae5c000 ---p 00000000 00:00 0 
7fa1eae5c000-7fa1eae83000 rw-p 00000000 00:00 0 
7fa1eae83000-7fa1eb047000 ---p 00000000 00:00 0 
7fa1eb047000-7fa1eb067000 rw-p 00000000 00:00 0 
7fa1eb067000-7fa1eb22b000 ---p 00000000 00:00 0 
7fa1eb22b000-7fa1eb24b000 rw-p 00000000 00:00 0 
7fa1eb24b000-7fa1eb40f000 ---p 00000000 00:00 0 
7fa1eb40f000-7fa1eb814000 rw-p 00000000 00:00 0 
7fa1eb814000-7fa1eb815000 ---p 00000000 00:00 0 
7fa1eb815000-7fa1eb91a000 rw-p 00000000 00:00 0 
7fa1eb91a000-7fa1eba00000 ---p 00000000 00:00 0 
7fa1eba00000-7fa1eba9a000 r--p 00000000 08:03 2360832                    /usr/lib/x86_64-linux-gnu/libstdc++.so.6.0.30
7fa1eba9a000-7fa1ebbab000 r-xp 0009a000 08:03 2360832                    /usr/lib/x86_64-linux-gnu/libstdc++.so.6.0.30
7fa1ebbab000-7fa1ebc1a000 r--p 001ab000 08:03 2360832                    /usr/lib/x86_64-linux-gnu/libstdc++.so.6.0.30
7fa1ebc1a000-7fa1ebc1b000 ---p 0021a000 08:03 2360832                    /usr/lib/x86_64-linux-gnu/libstdc++.so.6.0.30
7fa1ebc1b000-7fa1ebc26000 r--p 0021a000 08:03 2360832                    /usr/lib/x86_64-linux-gnu/libstdc++.so.6.0.30
7fa1ebc26000-7fa1ebc29000 rw-p 00225000 08:03 2360832                    /usr/lib/x86_64-linux-gnu/libstdc++.so.6.0.30
7fa1ebc29000-7fa1ebc2c000 rw-p 00000000 00:00 0 
7fa1ebc39000-7fa1ebd1a000 rw-p 00000000 00:00 0 
7fa1ebd1a000-7fa1ebe00000 ---p 00000000 00:00 0 
7fa1ebe00000-7fa1ec082000 r--p 00000000 08:03 265280                     /usr/lib/jvm/java-11-openjdk-amd64/lib/server/libjvm.so
7fa1ec082000-7fa1ecd20000 r-xp 00282000 08:03 265280                     /usr/lib/jvm/java-11-openjdk-amd64/lib/server/libjvm.so
7fa1ecd20000-7fa1ecf7c000 r--p 00f20000 08:03 265280                     /usr/lib/jvm/java-11-openjdk-amd64/lib/server/libjvm.so
7fa1ecf7c000-7fa1ed040000 r--p 0117b000 08:03 265280                     /usr/lib/jvm/java-11-openjdk-amd64/lib/server/libjvm.so
7fa1ed040000-7fa1ed07b000 rw-p 0123f000 08:03 265280                     /usr/lib/jvm/java-11-openjdk-amd64/lib/server/libjvm.so
7fa1ed07b000-7fa1ed0d2000 rw-p 00000000 00:00 0 
7fa1ed0e1000-7fa1ed0e8000 r--s 00000000 08:03 659244                     /usr/lib/x86_64-linux-gnu/gconv/gconv-modules.cache
7fa1ed0e8000-7fa1ed0e9000 r--p 00000000 08:03 1589995                    /home/ubuntu/.javacpp/cache/llvm-13.0.1-1.5.7-linux-x86_64.jar/org/bytedeco/llvm/linux-x86_64/libRemarks.so.13
7fa1ed0e9000-7fa1ed0ea000 r-xp 00001000 08:03 1589995                    /home/ubuntu/.javacpp/cache/llvm-13.0.1-1.5.7-linux-x86_64.jar/org/bytedeco/llvm/linux-x86_64/libRemarks.so.13
7fa1ed0ea000-7fa1ed0eb000 r--p 00002000 08:03 1589995                    /home/ubuntu/.javacpp/cache/llvm-13.0.1-1.5.7-linux-x86_64.jar/org/bytedeco/llvm/linux-x86_64/libRemarks.so.13
7fa1ed0eb000-7fa1ed0ec000 r--p 00002000 08:03 1589995                    /home/ubuntu/.javacpp/cache/llvm-13.0.1-1.5.7-linux-x86_64.jar/org/bytedeco/llvm/linux-x86_64/libRemarks.so.13
7fa1ed0ec000-7fa1ed0ed000 rw-p 00003000 08:03 1589995                    /home/ubuntu/.javacpp/cache/llvm-13.0.1-1.5.7-linux-x86_64.jar/org/bytedeco/llvm/linux-x86_64/libRemarks.so.13
7fa1ed0ed000-7fa1ed0f4000 r--p 00000000 08:03 1587750                    /home/ubuntu/.javacpp/cache/llvm-13.0.1-1.5.7-linux-x86_64.jar/org/bytedeco/llvm/linux-x86_64/libLTO.so.13
7fa1ed0f4000-7fa1ed0fc000 r-xp 00007000 08:03 1587750                    /home/ubuntu/.javacpp/cache/llvm-13.0.1-1.5.7-linux-x86_64.jar/org/bytedeco/llvm/linux-x86_64/libLTO.so.13
7fa1ed0fc000-7fa1ed0fe000 r--p 0000f000 08:03 1587750                    /home/ubuntu/.javacpp/cache/llvm-13.0.1-1.5.7-linux-x86_64.jar/org/bytedeco/llvm/linux-x86_64/libLTO.so.13
7fa1ed0fe000-7fa1ed0ff000 r--p 00010000 08:03 1587750                    /home/ubuntu/.javacpp/cache/llvm-13.0.1-1.5.7-linux-x86_64.jar/org/bytedeco/llvm/linux-x86_64/libLTO.so.13
7fa1ed0ff000-7fa1ed100000 rw-p 00011000 08:03 1587750                    /home/ubuntu/.javacpp/cache/llvm-13.0.1-1.5.7-linux-x86_64.jar/org/bytedeco/llvm/linux-x86_64/libLTO.so.13
7fa1ed100000-7fa1ed104000 ---p 00000000 00:00 0 
7fa1ed104000-7fa1ed200000 rw-p 00000000 00:00 0 
7fa1ed200000-7fa1ed228000 r--p 00000000 08:03 2361426                    /usr/lib/x86_64-linux-gnu/libc.so.6
7fa1ed228000-7fa1ed3bd000 r-xp 00028000 08:03 2361426                    /usr/lib/x86_64-linux-gnu/libc.so.6
7fa1ed3bd000-7fa1ed415000 r--p 001bd000 08:03 2361426                    /usr/lib/x86_64-linux-gnu/libc.so.6
7fa1ed415000-7fa1ed416000 ---p 00215000 08:03 2361426                    /usr/lib/x86_64-linux-gnu/libc.so.6
7fa1ed416000-7fa1ed41a000 r--p 00215000 08:03 2361426                    /usr/lib/x86_64-linux-gnu/libc.so.6
7fa1ed41a000-7fa1ed41c000 rw-p 00219000 08:03 2361426                    /usr/lib/x86_64-linux-gnu/libc.so.6
7fa1ed41c000-7fa1ed429000 rw-p 00000000 00:00 0 
7fa1ed429000-7fa1ed42a000 r--p 00000000 08:03 2361439                    /usr/lib/x86_64-linux-gnu/libdl.so.2
7fa1ed42a000-7fa1ed42b000 r-xp 00001000 08:03 2361439                    /usr/lib/x86_64-linux-gnu/libdl.so.2
7fa1ed42b000-7fa1ed42c000 r--p 00002000 08:03 2361439                    /usr/lib/x86_64-linux-gnu/libdl.so.2
7fa1ed42c000-7fa1ed42d000 r--p 00002000 08:03 2361439                    /usr/lib/x86_64-linux-gnu/libdl.so.2
7fa1ed42d000-7fa1ed42e000 rw-p 00003000 08:03 2361439                    /usr/lib/x86_64-linux-gnu/libdl.so.2
7fa1ed42e000-7fa1ed42f000 r--p 00000000 08:03 2361473                    /usr/lib/x86_64-linux-gnu/libpthread.so.0
7fa1ed42f000-7fa1ed430000 r-xp 00001000 08:03 2361473                    /usr/lib/x86_64-linux-gnu/libpthread.so.0
7fa1ed430000-7fa1ed431000 r--p 00002000 08:03 2361473                    /usr/lib/x86_64-linux-gnu/libpthread.so.0
7fa1ed431000-7fa1ed432000 r--p 00002000 08:03 2361473                    /usr/lib/x86_64-linux-gnu/libpthread.so.0
7fa1ed432000-7fa1ed433000 rw-p 00003000 08:03 2361473                    /usr/lib/x86_64-linux-gnu/libpthread.so.0
7fa1ed433000-7fa1ed437000 r--p 00000000 08:03 1587748                    /home/ubuntu/.javacpp/cache/javacpp-1.5.7-linux-x86_64.jar/org/bytedeco/javacpp/linux-x86_64/libjnijavacpp.so
7fa1ed437000-7fa1ed43e000 r-xp 00004000 08:03 1587748                    /home/ubuntu/.javacpp/cache/javacpp-1.5.7-linux-x86_64.jar/org/bytedeco/javacpp/linux-x86_64/libjnijavacpp.so
7fa1ed43e000-7fa1ed442000 r--p 0000b000 08:03 1587748                    /home/ubuntu/.javacpp/cache/javacpp-1.5.7-linux-x86_64.jar/org/bytedeco/javacpp/linux-x86_64/libjnijavacpp.so
7fa1ed442000-7fa1ed443000 r--p 0000e000 08:03 1587748                    /home/ubuntu/.javacpp/cache/javacpp-1.5.7-linux-x86_64.jar/org/bytedeco/javacpp/linux-x86_64/libjnijavacpp.so
7fa1ed443000-7fa1ed444000 rw-p 0000f000 08:03 1587748                    /home/ubuntu/.javacpp/cache/javacpp-1.5.7-linux-x86_64.jar/org/bytedeco/javacpp/linux-x86_64/libjnijavacpp.so
7fa1ed444000-7fa1ed445000 r--p 00000000 08:03 265247                     /usr/lib/jvm/java-11-openjdk-amd64/lib/libextnet.so
7fa1ed445000-7fa1ed446000 r-xp 00001000 08:03 265247                     /usr/lib/jvm/java-11-openjdk-amd64/lib/libextnet.so
7fa1ed446000-7fa1ed447000 r--p 00002000 08:03 265247                     /usr/lib/jvm/java-11-openjdk-amd64/lib/libextnet.so
7fa1ed447000-7fa1ed448000 r--p 00002000 08:03 265247                     /usr/lib/jvm/java-11-openjdk-amd64/lib/libextnet.so
7fa1ed448000-7fa1ed449000 rw-p 00003000 08:03 265247                     /usr/lib/jvm/java-11-openjdk-amd64/lib/libextnet.so
7fa1ed449000-7fa1ed44d000 r--p 00000000 08:03 265265                     /usr/lib/jvm/java-11-openjdk-amd64/lib/libnet.so
7fa1ed44d000-7fa1ed45b000 r-xp 00004000 08:03 265265                     /usr/lib/jvm/java-11-openjdk-amd64/lib/libnet.so
7fa1ed45b000-7fa1ed45f000 r--p 00012000 08:03 265265                     /usr/lib/jvm/java-11-openjdk-amd64/lib/libnet.so
7fa1ed45f000-7fa1ed460000 r--p 00015000 08:03 265265                     /usr/lib/jvm/java-11-openjdk-amd64/lib/libnet.so
7fa1ed460000-7fa1ed461000 rw-p 00016000 08:03 265265                     /usr/lib/jvm/java-11-openjdk-amd64/lib/libnet.so
7fa1ed461000-7fa1ed468000 r--p 00000000 08:03 265266                     /usr/lib/jvm/java-11-openjdk-amd64/lib/libnio.so
7fa1ed468000-7fa1ed470000 r-xp 00007000 08:03 265266                     /usr/lib/jvm/java-11-openjdk-amd64/lib/libnio.so
7fa1ed470000-7fa1ed473000 r--p 0000f000 08:03 265266                     /usr/lib/jvm/java-11-openjdk-amd64/lib/libnio.so
7fa1ed473000-7fa1ed474000 r--p 00011000 08:03 265266                     /usr/lib/jvm/java-11-openjdk-amd64/lib/libnio.so
7fa1ed474000-7fa1ed475000 rw-p 00012000 08:03 265266                     /usr/lib/jvm/java-11-openjdk-amd64/lib/libnio.so
7fa1ed475000-7fa1ed49b000 rw-p 00000000 00:00 0 
7fa1ed49b000-7fa1ed4a2000 ---p 00000000 00:00 0 
7fa1ed4a2000-7fa1ed4a4000 r--p 00000000 08:03 265274                     /usr/lib/jvm/java-11-openjdk-amd64/lib/libzip.so
7fa1ed4a4000-7fa1ed4a9000 r-xp 00002000 08:03 265274                     /usr/lib/jvm/java-11-openjdk-amd64/lib/libzip.so
7fa1ed4a9000-7fa1ed4ab000 r--p 00007000 08:03 265274                     /usr/lib/jvm/java-11-openjdk-amd64/lib/libzip.so
7fa1ed4ab000-7fa1ed4ac000 r--p 00008000 08:03 265274                     /usr/lib/jvm/java-11-openjdk-amd64/lib/libzip.so
7fa1ed4ac000-7fa1ed4ad000 rw-p 00009000 08:03 265274                     /usr/lib/jvm/java-11-openjdk-amd64/lib/libzip.so
7fa1ed4ad000-7fa1ed4b5000 rw-s 00000000 08:03 393238                     /tmp/hsperfdata_ubuntu/18332
7fa1ed4b5000-7fa1ed4b7000 r--p 00000000 08:03 265249                     /usr/lib/jvm/java-11-openjdk-amd64/lib/libinstrument.so
7fa1ed4b7000-7fa1ed4be000 r-xp 00002000 08:03 265249                     /usr/lib/jvm/java-11-openjdk-amd64/lib/libinstrument.so
7fa1ed4be000-7fa1ed4c1000 r--p 00009000 08:03 265249                     /usr/lib/jvm/java-11-openjdk-amd64/lib/libinstrument.so
7fa1ed4c1000-7fa1ed4c2000 r--p 0000b000 08:03 265249                     /usr/lib/jvm/java-11-openjdk-amd64/lib/libinstrument.so
7fa1ed4c2000-7fa1ed4c3000 rw-p 0000c000 08:03 265249                     /usr/lib/jvm/java-11-openjdk-amd64/lib/libinstrument.so
7fa1ed4c3000-7fa1ed4c4000 ---p 00000000 00:00 0 
7fa1ed4c4000-7fa1ed4c5000 r--p 00000000 00:00 0 
7fa1ed4c5000-7fa1ed4c7000 r--p 00000000 08:03 265257                     /usr/lib/jvm/java-11-openjdk-amd64/lib/libjimage.so
7fa1ed4c7000-7fa1ed4ca000 r-xp 00002000 08:03 265257                     /usr/lib/jvm/java-11-openjdk-amd64/lib/libjimage.so
7fa1ed4ca000-7fa1ed4cb000 r--p 00005000 08:03 265257                     /usr/lib/jvm/java-11-openjdk-amd64/lib/libjimage.so
7fa1ed4cb000-7fa1ed4cc000 ---p 00006000 08:03 265257                     /usr/lib/jvm/java-11-openjdk-amd64/lib/libjimage.so
7fa1ed4cc000-7fa1ed4cd000 r--p 00006000 08:03 265257                     /usr/lib/jvm/java-11-openjdk-amd64/lib/libjimage.so
7fa1ed4cd000-7fa1ed4ce000 rw-p 00007000 08:03 265257                     /usr/lib/jvm/java-11-openjdk-amd64/lib/libjimage.so
7fa1ed4ce000-7fa1ed4dc000 r--p 00000000 08:03 265254                     /usr/lib/jvm/java-11-openjdk-amd64/lib/libjava.so
7fa1ed4dc000-7fa1ed4f2000 r-xp 0000e000 08:03 265254                     /usr/lib/jvm/java-11-openjdk-amd64/lib/libjava.so
7fa1ed4f2000-7fa1ed4f9000 r--p 00024000 08:03 265254                     /usr/lib/jvm/java-11-openjdk-amd64/lib/libjava.so
7fa1ed4f9000-7fa1ed4fa000 r--p 0002a000 08:03 265254                     /usr/lib/jvm/java-11-openjdk-amd64/lib/libjava.so
7fa1ed4fa000-7fa1ed4fb000 rw-p 0002b000 08:03 265254                     /usr/lib/jvm/java-11-openjdk-amd64/lib/libjava.so
7fa1ed4fb000-7fa1ed4fc000 rw-p 00000000 00:00 0 
7fa1ed4fc000-7fa1ed4fd000 r--p 00000000 08:03 2361484                    /usr/lib/x86_64-linux-gnu/librt.so.1
7fa1ed4fd000-7fa1ed4fe000 r-xp 00001000 08:03 2361484                    /usr/lib/x86_64-linux-gnu/librt.so.1
7fa1ed4fe000-7fa1ed4ff000 r--p 00002000 08:03 2361484                    /usr/lib/x86_64-linux-gnu/librt.so.1
7fa1ed4ff000-7fa1ed500000 r--p 00002000 08:03 2361484                    /usr/lib/x86_64-linux-gnu/librt.so.1
7fa1ed500000-7fa1ed501000 rw-p 00003000 08:03 2361484                    /usr/lib/x86_64-linux-gnu/librt.so.1
7fa1ed501000-7fa1ed504000 r--p 00000000 08:03 2359493                    /usr/lib/x86_64-linux-gnu/libgcc_s.so.1
7fa1ed504000-7fa1ed51b000 r-xp 00003000 08:03 2359493                    /usr/lib/x86_64-linux-gnu/libgcc_s.so.1
7fa1ed51b000-7fa1ed51f000 r--p 0001a000 08:03 2359493                    /usr/lib/x86_64-linux-gnu/libgcc_s.so.1
7fa1ed51f000-7fa1ed520000 r--p 0001d000 08:03 2359493                    /usr/lib/x86_64-linux-gnu/libgcc_s.so.1
7fa1ed520000-7fa1ed521000 rw-p 0001e000 08:03 2359493                    /usr/lib/x86_64-linux-gnu/libgcc_s.so.1
7fa1ed521000-7fa1ed52f000 r--p 00000000 08:03 2361443                    /usr/lib/x86_64-linux-gnu/libm.so.6
7fa1ed52f000-7fa1ed5ab000 r-xp 0000e000 08:03 2361443                    /usr/lib/x86_64-linux-gnu/libm.so.6
7fa1ed5ab000-7fa1ed606000 r--p 0008a000 08:03 2361443                    /usr/lib/x86_64-linux-gnu/libm.so.6
7fa1ed606000-7fa1ed607000 r--p 000e4000 08:03 2361443                    /usr/lib/x86_64-linux-gnu/libm.so.6
7fa1ed607000-7fa1ed608000 rw-p 000e5000 08:03 2361443                    /usr/lib/x86_64-linux-gnu/libm.so.6
7fa1ed608000-7fa1ed60b000 rw-p 00000000 00:00 0 
7fa1ed60b000-7fa1ed60e000 r--p 00000000 08:03 265239                     /usr/lib/jvm/java-11-openjdk-amd64/lib/jli/libjli.so
7fa1ed60e000-7fa1ed618000 r-xp 00003000 08:03 265239                     /usr/lib/jvm/java-11-openjdk-amd64/lib/jli/libjli.so
7fa1ed618000-7fa1ed61b000 r--p 0000d000 08:03 265239                     /usr/lib/jvm/java-11-openjdk-amd64/lib/jli/libjli.so
7fa1ed61b000-7fa1ed61c000 ---p 00010000 08:03 265239                     /usr/lib/jvm/java-11-openjdk-amd64/lib/jli/libjli.so
7fa1ed61c000-7fa1ed61d000 r--p 00010000 08:03 265239                     /usr/lib/jvm/java-11-openjdk-amd64/lib/jli/libjli.so
7fa1ed61d000-7fa1ed61e000 rw-p 00011000 08:03 265239                     /usr/lib/jvm/java-11-openjdk-amd64/lib/jli/libjli.so
7fa1ed61e000-7fa1ed620000 r--p 00000000 08:03 2367120                    /usr/lib/x86_64-linux-gnu/libz.so.1.2.11
7fa1ed620000-7fa1ed632000 r-xp 00002000 08:03 2367120                    /usr/lib/x86_64-linux-gnu/libz.so.1.2.11
7fa1ed632000-7fa1ed638000 r--p 00014000 08:03 2367120                    /usr/lib/x86_64-linux-gnu/libz.so.1.2.11
7fa1ed638000-7fa1ed639000 r--p 0001a000 08:03 2367120                    /usr/lib/x86_64-linux-gnu/libz.so.1.2.11
7fa1ed639000-7fa1ed63a000 rw-p 0001b000 08:03 2367120                    /usr/lib/x86_64-linux-gnu/libz.so.1.2.11
7fa1ed63a000-7fa1ed63f000 r--p 00000000 08:03 265273                     /usr/lib/jvm/java-11-openjdk-amd64/lib/libverify.so
7fa1ed63f000-7fa1ed646000 r-xp 00005000 08:03 265273                     /usr/lib/jvm/java-11-openjdk-amd64/lib/libverify.so
7fa1ed646000-7fa1ed648000 r--p 0000c000 08:03 265273                     /usr/lib/jvm/java-11-openjdk-amd64/lib/libverify.so
7fa1ed648000-7fa1ed64a000 r--p 0000d000 08:03 265273                     /usr/lib/jvm/java-11-openjdk-amd64/lib/libverify.so
7fa1ed64a000-7fa1ed64b000 rw-p 0000f000 08:03 265273                     /usr/lib/jvm/java-11-openjdk-amd64/lib/libverify.so
7fa1ed64b000-7fa1ed64d000 rw-p 00000000 00:00 0 
7fa1ed64d000-7fa1ed64f000 r--p 00000000 08:03 2361301                    /usr/lib/x86_64-linux-gnu/ld-linux-x86-64.so.2
7fa1ed64f000-7fa1ed679000 r-xp 00002000 08:03 2361301                    /usr/lib/x86_64-linux-gnu/ld-linux-x86-64.so.2
7fa1ed679000-7fa1ed684000 r--p 0002c000 08:03 2361301                    /usr/lib/x86_64-linux-gnu/ld-linux-x86-64.so.2
7fa1ed685000-7fa1ed687000 r--p 00037000 08:03 2361301                    /usr/lib/x86_64-linux-gnu/ld-linux-x86-64.so.2
7fa1ed687000-7fa1ed689000 rw-p 00039000 08:03 2361301                    /usr/lib/x86_64-linux-gnu/ld-linux-x86-64.so.2
7ffda9b8c000-7ffda9bad000 rw-p 00000000 00:00 0                          [stack]
7ffda9bf1000-7ffda9bf5000 r--p 00000000 00:00 0                          [vvar]
7ffda9bf5000-7ffda9bf7000 r-xp 00000000 00:00 0                          [vdso]
ffffffffff600000-ffffffffff601000 --xp 00000000 00:00 0                  [vsyscall]


VM Arguments:
jvm_args: -javaagent:/home/ubuntu/software/idea-IU-233.14475.28/lib/idea_rt.jar=45189:/home/ubuntu/software/idea-IU-233.14475.28/bin -Dfile.encoding=UTF-8 
java_command: Main tests/test1.c tests/Actual.ll
java_class_path (initial): /home/ubuntu/Lab/out/production/Lab:/usr/local/lib/antlr-4.9.1-complete.jar:/usr/local/lib/javacpp-1.5.7-linux-x86_64.jar:/usr/local/lib/javacpp-1.5.7.jar:/usr/local/lib/llvm-13.0.1-1.5.7-linux-x86_64.jar:/usr/local/lib/llvm-13.0.1-1.5.7.jar:/usr/local/lib/llvm-platform-13.0.1-1.5.7.jar
Launcher Type: SUN_STANDARD

[Global flags]
     intx CICompilerCount                          = 3                                         {product} {ergonomic}
     uint ConcGCThreads                            = 1                                         {product} {ergonomic}
     uint G1ConcRefinementThreads                  = 4                                         {product} {ergonomic}
   size_t G1HeapRegionSize                         = 1048576                                   {product} {ergonomic}
    uintx GCDrainStackTargetSize                   = 64                                        {product} {ergonomic}
   size_t InitialHeapSize                          = 65011712                                  {product} {ergonomic}
   size_t MarkStackSize                            = 4194304                                   {product} {ergonomic}
   size_t MaxHeapSize                              = 1015021568                                {product} {ergonomic}
   size_t MaxNewSize                               = 608174080                                 {product} {ergonomic}
   size_t MinHeapDeltaBytes                        = 1048576                                   {product} {ergonomic}
    uintx NonNMethodCodeHeapSize                   = 5830732                                {pd product} {ergonomic}
    uintx NonProfiledCodeHeapSize                  = 122913754                              {pd product} {ergonomic}
    uintx ProfiledCodeHeapSize                     = 122913754                              {pd product} {ergonomic}
    uintx ReservedCodeCacheSize                    = 251658240                              {pd product} {ergonomic}
     bool SegmentedCodeCache                       = true                                      {product} {ergonomic}
     bool UseCompressedClassPointers               = true                                 {lp64_product} {ergonomic}
     bool UseCompressedOops                        = true                                 {lp64_product} {ergonomic}
     bool UseG1GC                                  = true                                      {product} {ergonomic}

Logging:
Log output configuration:
 #0: stdout all=warning uptime,level,tags
 #1: stderr all=off uptime,level,tags

Environment Variables:
PATH=/usr/local/sbin:/usr/local/bin:/usr/sbin:/usr/bin:/sbin:/bin:/usr/games:/usr/local/games:/snap/bin:/snap/bin
USERNAME=ubuntu
SHELL=/bin/bash
DISPLAY=:0
LANG=zh_CN.UTF-8

Signal Handlers:
SIGSEGV: [libjvm.so+0xead700], sa_mask[0]=11111111011111111101111111111110, sa_flags=SA_RESTART|SA_SIGINFO
SIGBUS: [libjvm.so+0xead700], sa_mask[0]=11111111011111111101111111111110, sa_flags=SA_RESTART|SA_SIGINFO
SIGFPE: [libjvm.so+0xead700], sa_mask[0]=11111111011111111101111111111110, sa_flags=SA_RESTART|SA_SIGINFO
SIGPIPE: [libjvm.so+0xbefa50], sa_mask[0]=11111111011111111101111111111110, sa_flags=SA_RESTART|SA_SIGINFO
SIGXFSZ: [libjvm.so+0xbefa50], sa_mask[0]=11111111011111111101111111111110, sa_flags=SA_RESTART|SA_SIGINFO
SIGILL: [libjvm.so+0xead700], sa_mask[0]=11111111011111111101111111111110, sa_flags=SA_RESTART|SA_SIGINFO
SIGUSR2: [libjvm.so+0xbef8f0], sa_mask[0]=00100000000000000000000000000000, sa_flags=SA_RESTART|SA_SIGINFO
SIGHUP: [libjvm.so+0xbf00b0], sa_mask[0]=11111111011111111101111111111110, sa_flags=SA_RESTART|SA_SIGINFO
SIGINT: [libjvm.so+0xbf00b0], sa_mask[0]=11111111011111111101111111111110, sa_flags=SA_RESTART|SA_SIGINFO
SIGTERM: [libjvm.so+0xbf00b0], sa_mask[0]=11111111011111111101111111111110, sa_flags=SA_RESTART|SA_SIGINFO
SIGQUIT: [libjvm.so+0xbf00b0], sa_mask[0]=11111111011111111101111111111110, sa_flags=SA_RESTART|SA_SIGINFO


---------------  S Y S T E M  ---------------

OS:DISTRIB_ID=Ubuntu
DISTRIB_RELEASE=22.10
DISTRIB_CODENAME=kinetic
DISTRIB_DESCRIPTION="Ubuntu 22.10"
uname:Linux 6.5.0-21-generic #21~22.04.1-Ubuntu SMP PREEMPT_DYNAMIC Fri Feb  9 13:32:52 UTC 2 x86_64
OS uptime: 0 days 3:26 hours
libc:glibc 2.35 NPTL 2.35 
rlimit (soft/hard): STACK 8192k/infinity , CORE 0k/infinity , NPROC 15188/15188 , NOFILE 1048576/1048576 , AS infinity/infinity , CPU infinity/infinity , DATA infinity/infinity , FSIZE infinity/infinity , MEMLOCK 495440k/495440k
load average:0.51 0.67 0.81

/proc/meminfo:
MemTotal:        3963524 kB
MemFree:          570620 kB
MemAvailable:     830300 kB
Buffers:            5852 kB
Cached:           411808 kB
SwapCached:        85300 kB
Active:          1918388 kB
Inactive:         828440 kB
Active(anon):    1716016 kB
Inactive(anon):   613584 kB
Active(file):     202372 kB
Inactive(file):   214856 kB
Unevictable:          16 kB
Mlocked:              16 kB
SwapTotal:       3991548 kB
SwapFree:        2682144 kB
Zswap:                 0 kB
Zswapped:              0 kB
Dirty:               472 kB
Writeback:             0 kB
AnonPages:       2318256 kB
Mapped:           242480 kB
Shmem:               200 kB
KReclaimable:      93840 kB
Slab:             246816 kB
SReclaimable:      93840 kB
SUnreclaim:       152976 kB
KernelStack:       13312 kB
PageTables:        25056 kB
SecPageTables:         0 kB
NFS_Unstable:          0 kB
Bounce:                0 kB
WritebackTmp:          0 kB
CommitLimit:     5973308 kB
Committed_AS:    5829256 kB
VmallocTotal:   34359738367 kB
VmallocUsed:       44208 kB
VmallocChunk:          0 kB
Percpu:           104448 kB
HardwareCorrupted:     0 kB
AnonHugePages:         0 kB
ShmemHugePages:        0 kB
ShmemPmdMapped:        0 kB
FileHugePages:         0 kB
FilePmdMapped:         0 kB
Unaccepted:            0 kB
HugePages_Total:       0
HugePages_Free:        0
HugePages_Rsvd:        0
HugePages_Surp:        0
Hugepagesize:       2048 kB
Hugetlb:               0 kB
DirectMap4k:      177984 kB
DirectMap2M:     4016128 kB
DirectMap1G:     2097152 kB

/sys/kernel/mm/transparent_hugepage/enabled:
always [madvise] never
/sys/kernel/mm/transparent_hugepage/defrag (defrag/compaction efforts parameter):
always defer defer+madvise [madvise] never

Process Memory:
Virtual Size: 3868404K (peak: 12378248K)
Resident Set Size: 95476K (peak: 95476K) (anon: 39280K, file: 56196K, shmem: 0K)
Swapped out: 0K
C-Heap outstanding allocations: 19338K, retained: 2469K
glibc malloc tunables: (default)

/proc/sys/kernel/threads-max (system-wide limit on the number of threads):
30377
/proc/sys/vm/max_map_count (maximum number of memory map areas a process may have):
65530
/proc/sys/kernel/pid_max (system-wide limit on number of process identifiers):
4194304

container (cgroup) information:
container_type: cgroupv2
cpu_cpuset_cpus: not supported
cpu_memory_nodes: not supported
active_processor_count: 4
cpu_quota: not supported
cpu_period: not supported
cpu_shares: not supported
memory_limit_in_bytes: unlimited
memory_and_swap_limit_in_bytes: unlimited
memory_soft_limit_in_bytes: unlimited
memory_usage_in_bytes: 2455148 k
memory_max_usage_in_bytes: not supported
memory_swap_current_in_bytes: 769404 k
memory_swap_max_limit_in_bytes: unlimited
maximum number of tasks: 4556
current number of tasks: 130

VMWare virtualization detected
Steal ticks since vm start: 0
Steal ticks percentage since vm start:  0.000

CPU:total 4 (initial active 4) (1 cores per cpu, 1 threads per core) family 25 model 80 stepping 0 microcode 0xffffffff, cmov, cx8, fxsr, mmx, sse, sse2, sse3, ssse3, sse4.1, sse4.2, popcnt, avx, avx2, aes, clmul, erms, mmxext, lzcnt, sse4a, tsc, tscinvbit, tscinv, bmi1, bmi2, adx, sha, fma
CPU Model and flags from /proc/cpuinfo:
model name	: AMD Ryzen 5 5600H with Radeon Graphics
flags		: fpu vme de pse tsc msr pae mce cx8 apic sep mtrr pge mca cmov pat pse36 clflush mmx fxsr sse sse2 syscall nx mmxext pdpe1gb rdtscp lm constant_tsc rep_good nopl tsc_reliable nonstop_tsc cpuid extd_apicid tsc_known_freq pni pclmulqdq ssse3 fma cx16 sse4_1 sse4_2 x2apic movbe popcnt aes xsave avx f16c rdrand hypervisor lahf_lm cr8_legacy abm sse4a misalignsse 3dnowprefetch osvw topoext ibpb vmmcall fsgsbase bmi1 avx2 smep bmi2 erms invpcid rdseed adx smap clflushopt clwb sha_ni xsaveopt xsavec xgetbv1 xsaves clzero arat umip vaes vpclmulqdq rdpid overflow_recov succor fsrm
Online cpus:
0-3
Offline cpus:
4-127
BIOS frequency limitation:
<Not Available>
Frequency switch latency (ns):
<Not Available>
Available cpu frequencies:
<Not Available>
Current governor:
<Not Available>
Core performance/turbo boost:
<Not Available>

Memory: 4k page, physical 3963524k(570620k free), swap 3991548k(2682144k free)

vm_info: OpenJDK 64-Bit Server VM (11.0.22+7-post-Ubuntu-0ubuntu222.04.1) for linux-amd64 JRE (11.0.22+7-post-Ubuntu-0ubuntu222.04.1), built on Feb  5 2024 20:45:01 by "unknown" with gcc 11.4.0

END.
