#
# A fatal error has been detected by the Java Runtime Environment:
#
#  SIGSEGV (0xb) at pc=0x00007f33f602ca66, pid=45965, tid=45973
#
# JRE version: OpenJDK Runtime Environment (11.0.22+7) (build 11.0.22+7-post-Ubuntu-0ubuntu222.04.1)
# Java VM: OpenJDK 64-Bit Server VM (11.0.22+7-post-Ubuntu-0ubuntu222.04.1, mixed mode, sharing, tiered, compressed oops, g1 gc, linux-amd64)
# Problematic frame:
# C  [libLLVM-13.so+0xc2ca66]  LLVMBuildStore+0x26
#
# Core dump will be written. Default location: Core dumps may be processed with "/usr/share/apport/apport -p%p -s%s -c%c -d%d -P%P -u%u -g%g -- %E" (or dumping to /home/ubuntu/Lab/core.45965)
#
# If you would like to submit a bug report, please visit:
#   https://bugs.launchpad.net/ubuntu/+source/openjdk-lts
# The crash happened outside the Java Virtual Machine in native code.
# See problematic frame for where to report the bug.
#

---------------  S U M M A R Y ------------

Command Line: -javaagent:/home/ubuntu/software/idea-IU-233.14475.28/lib/idea_rt.jar=42629:/home/ubuntu/software/idea-IU-233.14475.28/bin -Dfile.encoding=UTF-8 Main tests/test1.c tests/Actual.ll

Host: AMD Ryzen 5 5600H with Radeon Graphics, 4 cores, 3G, Ubuntu 22.10
Time: Tue May 28 23:06:57 2024 CST elapsed time: 0.324120 seconds (0d 0h 0m 0s)

---------------  T H R E A D  ---------------

Current thread (0x00007f3468016800):  JavaThread "main" [_thread_in_native, id=45973, stack(0x00007f346fce0000,0x00007f346fde0000)]

Stack: [0x00007f346fce0000,0x00007f346fde0000],  sp=0x00007f346fdddb10,  free space=1014k
Native frames: (J=compiled Java code, A=aot compiled Java code, j=interpreted, Vv=VM code, C=native code)
C  [libLLVM-13.so+0xc2ca66]  LLVMBuildStore+0x26

Java frames: (J=compiled Java code, j=interpreted, Vv=VM code)
j  org.bytedeco.llvm.global.LLVM.LLVMBuildStore(Lorg/bytedeco/llvm/LLVM/LLVMBuilderRef;Lorg/bytedeco/llvm/LLVM/LLVMValueRef;Lorg/bytedeco/llvm/LLVM/LLVMValueRef;)Lorg/bytedeco/llvm/LLVM/LLVMValueRef;+0
j  myVisitor.visitVarDef(LSysYParser$VarDefContext;)Lorg/bytedeco/llvm/LLVM/LLVMValueRef;+146
j  myVisitor.visitVarDef(LSysYParser$VarDefContext;)Ljava/lang/Object;+2
j  SysYParser$VarDefContext.accept(Lorg/antlr/v4/runtime/tree/ParseTreeVisitor;)Ljava/lang/Object;+12
j  org.antlr.v4.runtime.tree.AbstractParseTreeVisitor.visitChildren(Lorg/antlr/v4/runtime/tree/RuleNode;)Ljava/lang/Object;+46
j  SysYParserBaseVisitor.visitVarDecl(LSysYParser$VarDeclContext;)Ljava/lang/Object;+2
j  SysYParser$VarDeclContext.accept(Lorg/antlr/v4/runtime/tree/ParseTreeVisitor;)Ljava/lang/Object;+12
j  org.antlr.v4.runtime.tree.AbstractParseTreeVisitor.visitChildren(Lorg/antlr/v4/runtime/tree/RuleNode;)Ljava/lang/Object;+46
j  SysYParserBaseVisitor.visitDecl(LSysYParser$DeclContext;)Ljava/lang/Object;+2
j  SysYParser$DeclContext.accept(Lorg/antlr/v4/runtime/tree/ParseTreeVisitor;)Ljava/lang/Object;+12
j  org.antlr.v4.runtime.tree.AbstractParseTreeVisitor.visitChildren(Lorg/antlr/v4/runtime/tree/RuleNode;)Ljava/lang/Object;+46
j  SysYParserBaseVisitor.visitBlockItem(LSysYParser$BlockItemContext;)Ljava/lang/Object;+2
j  SysYParser$BlockItemContext.accept(Lorg/antlr/v4/runtime/tree/ParseTreeVisitor;)Ljava/lang/Object;+12
j  org.antlr.v4.runtime.tree.AbstractParseTreeVisitor.visitChildren(Lorg/antlr/v4/runtime/tree/RuleNode;)Ljava/lang/Object;+46
j  myVisitor.visitBlock(LSysYParser$BlockContext;)Lorg/bytedeco/llvm/LLVM/LLVMValueRef;+9
j  myVisitor.visitBlock(LSysYParser$BlockContext;)Ljava/lang/Object;+2
j  SysYParser$BlockContext.accept(Lorg/antlr/v4/runtime/tree/ParseTreeVisitor;)Ljava/lang/Object;+12
j  org.antlr.v4.runtime.tree.AbstractParseTreeVisitor.visit(Lorg/antlr/v4/runtime/tree/ParseTree;)Ljava/lang/Object;+2
j  myVisitor.visitFuncDef(LSysYParser$FuncDefContext;)Lorg/bytedeco/llvm/LLVM/LLVMValueRef;+266
j  myVisitor.visitFuncDef(LSysYParser$FuncDefContext;)Ljava/lang/Object;+2
j  SysYParser$FuncDefContext.accept(Lorg/antlr/v4/runtime/tree/ParseTreeVisitor;)Ljava/lang/Object;+12
j  org.antlr.v4.runtime.tree.AbstractParseTreeVisitor.visitChildren(Lorg/antlr/v4/runtime/tree/RuleNode;)Ljava/lang/Object;+46
j  SysYParserBaseVisitor.visitCompUnit(LSysYParser$CompUnitContext;)Ljava/lang/Object;+2
j  SysYParser$CompUnitContext.accept(Lorg/antlr/v4/runtime/tree/ParseTreeVisitor;)Ljava/lang/Object;+12
j  org.antlr.v4.runtime.tree.AbstractParseTreeVisitor.visitChildren(Lorg/antlr/v4/runtime/tree/RuleNode;)Ljava/lang/Object;+46
j  SysYParserBaseVisitor.visitProgram(LSysYParser$ProgramContext;)Ljava/lang/Object;+2
j  SysYParser$ProgramContext.accept(Lorg/antlr/v4/runtime/tree/ParseTreeVisitor;)Ljava/lang/Object;+12
j  org.antlr.v4.runtime.tree.AbstractParseTreeVisitor.visit(Lorg/antlr/v4/runtime/tree/ParseTree;)Ljava/lang/Object;+2
j  Main.main([Ljava/lang/String;)V+79
v  ~StubRoutines::call_stub

siginfo: si_signo: 11 (SIGSEGV), si_code: 1 (SEGV_MAPERR), si_addr: 0x0000000000000000

Register to memory mapping:

RAX=0x00007f3468430ec0 points into unknown readable memory: 0x000000000a000100 | 00 01 00 0a 00 00 00 00
RBX=0x0 is NULL
RCX=0x0 is NULL
RDX=0x00007f346843fa60 points into unknown readable memory: 0x00007f3468437b70 | 70 7b 43 68 34 7f 00 00
RSP=0x00007f346fdddb10 is pointing into the stack for thread: 0x00007f3468016800
RBP=0x00007f346840f030 points into unknown readable memory: 0x00007f346840f040 | 40 f0 40 68 34 7f 00 00
RSI=0x0 is NULL
RDI=0x00007f3468430df0 points into unknown readable memory: 0x00007f3468432250 | 50 22 43 68 34 7f 00 00
R8 =0x00007f346fdddc40 is pointing into the stack for thread: 0x00007f3468016800
R9 =0x00000000c6b82b38 is an oop: org.bytedeco.llvm.LLVM.LLVMValueRef 
{0x00000000c6b82b38} - klass: 'org/bytedeco/llvm/LLVM/LLVMValueRef'
 - ---- fields (total size 6 words):
 - private 'deallocator' 'Lorg/bytedeco/javacpp/Pointer$Deallocator;' @12  NULL (0)
 - protected 'address' 'J' @16  139863064312416 (6843fa60 7f34)
 - protected 'position' 'J' @24  0 (0 0)
 - protected 'limit' 'J' @32  0 (0 0)
 - protected 'capacity' 'J' @40  0 (0 0)
R10=0x0000000000000008 is an unknown value
R11=0x00007f346fcaaa84: <offset 0x00000000012aaa84> in /usr/lib/jvm/java-11-openjdk-amd64/lib/server/libjvm.so at 0x00007f346ea00000
R12=0x00007f346840f030 points into unknown readable memory: 0x00007f346840f040 | 40 f0 40 68 34 7f 00 00
R13=0x0 is NULL
R14=0x00007f346843fa60 points into unknown readable memory: 0x00007f3468437b70 | 70 7b 43 68 34 7f 00 00
R15=0x00007f346843fa60 points into unknown readable memory: 0x00007f3468437b70 | 70 7b 43 68 34 7f 00 00


Registers:
RAX=0x00007f3468430ec0, RBX=0x0000000000000000, RCX=0x0000000000000000, RDX=0x00007f346843fa60
RSP=0x00007f346fdddb10, RBP=0x00007f346840f030, RSI=0x0000000000000000, RDI=0x00007f3468430df0
R8 =0x00007f346fdddc40, R9 =0x00000000c6b82b38, R10=0x0000000000000008, R11=0x00007f346fcaaa84
R12=0x00007f346840f030, R13=0x0000000000000000, R14=0x00007f346843fa60, R15=0x00007f346843fa60
RIP=0x00007f33f602ca66, EFLAGS=0x0000000000010202, CSGSFS=0x002b000000000033, ERR=0x0000000000000004
  TRAPNO=0x000000000000000e

Top of Stack: (sp=0x00007f346fdddb10)
0x00007f346fdddb10:   00007f346fdddb38 00007f346fdddb90
0x00007f346fdddb20:   00007f3450609fc0 0000000000000000
0x00007f346fdddb30:   00000000ffffffff 00000000c6b82ca0
0x00007f346fdddb40:   0000000000000000 00007f3468016b48 

Instructions: (pc=0x00007f33f602ca66)
0x00007f33f602c966:   55 49 89 f5 be 01 01 00 00 41 54 55 48 89 fd 53
0x00007f33f602c976:   48 83 ec 60 80 39 00 66 89 74 24 20 74 09 48 89
0x00007f33f602c986:   0c 24 c6 44 24 20 03 48 8b 7d 30 e8 ea 14 fc ff
0x00007f33f602c996:   48 89 c7 e8 62 46 0e 00 4c 89 ee 48 89 c7 e8 c7
0x00007f33f602c9a6:   45 01 00 be 01 00 00 00 bf 40 00 00 00 89 c3 b8
0x00007f33f602c9b6:   01 01 00 00 66 89 44 24 50 e8 bc 09 13 00 48 8d
0x00007f33f602c9c6:   4c 24 30 41 89 d9 45 31 c0 48 83 ec 08 48 89 c7
0x00007f33f602c9d6:   4c 89 f2 4c 89 ee 6a 00 49 89 c4 e8 3a 5c 09 00
0x00007f33f602c9e6:   48 8b 7d 50 48 8b 4d 30 4c 89 e6 48 8d 54 24 10
0x00007f33f602c9f6:   4c 8b 45 38 48 8b 07 ff 50 10 48 8b 5d 00 8b 6d
0x00007f33f602ca06:   08 5a 59 48 c1 e5 04 48 01 dd 48 39 eb 74 1a 0f
0x00007f33f602ca16:   1f 00 48 8b 53 08 8b 33 4c 89 e7 48 83 c3 10 e8
0x00007f33f602ca26:   16 14 0e 00 48 39 dd 75 e9 48 83 c4 60 4c 89 e0
0x00007f33f602ca36:   5b 5d 41 5c 41 5d 41 5e c3 90 41 56 49 89 d6 41
0x00007f33f602ca46:   55 49 89 f5 41 54 55 48 89 fd 53 48 83 ec 30 48
0x00007f33f602ca56:   8b 7f 30 e8 22 14 fc ff 48 89 c7 e8 9a 45 0e 00
0x00007f33f602ca66:   49 8b 75 00 48 89 c7 e8 fe 44 01 00 be 02 00 00
0x00007f33f602ca76:   00 bf 40 00 00 00 89 c3 b8 01 01 00 00 66 89 44
0x00007f33f602ca86:   24 20 e8 f3 08 13 00 41 89 d8 45 31 c9 31 c9 48
0x00007f33f602ca96:   89 c7 4c 89 f2 4c 89 ee 49 89 c4 e8 6a 62 09 00
0x00007f33f602caa6:   48 8b 7d 50 48 8b 4d 30 48 89 e2 4c 8b 45 38 4c
0x00007f33f602cab6:   89 e6 48 8b 07 ff 50 10 48 8b 5d 00 8b 6d 08 48
0x00007f33f602cac6:   c1 e5 04 48 01 dd 48 39 eb 74 1e 0f 1f 80 00 00
0x00007f33f602cad6:   00 00 48 8b 53 08 8b 33 4c 89 e7 48 83 c3 10 e8
0x00007f33f602cae6:   56 13 0e 00 48 39 dd 75 e9 48 83 c4 30 4c 89 e0
0x00007f33f602caf6:   5b 5d 41 5c 41 5d 41 5e c3 90 41 56 b8 01 01 00
0x00007f33f602cb06:   00 41 55 41 89 f5 41 54 55 48 89 fd 53 48 83 ec
0x00007f33f602cb16:   30 80 39 00 66 89 44 24 20 74 09 48 89 0c 24 c6
0x00007f33f602cb26:   44 24 20 03 45 31 f6 85 d2 bf 40 00 00 00 41 0f
0x00007f33f602cb36:   94 c6 31 f6 e8 41 08 13 00 48 8b 75 40 45 31 c0
0x00007f33f602cb46:   44 89 f1 48 89 c7 44 89 ea 49 89 c4 e8 39 6f 09
0x00007f33f602cb56:   00 48 8b 7d 50 48 8b 4d 30 48 89 e2 4c 8b 45 38 


Stack slot to memory mapping:
stack at sp + 0 slots: 0x00007f346fdddb38 is pointing into the stack for thread: 0x00007f3468016800
stack at sp + 1 slots: 0x00007f346fdddb90 is pointing into the stack for thread: 0x00007f3468016800
stack at sp + 2 slots: 0x00007f3450609fc0 is at code_begin+1664 in an Interpreter codelet
invoke return entry points  [0x00007f3450609940, 0x00007f345060a360]  2592 bytes
stack at sp + 3 slots: 0x0 is NULL
stack at sp + 4 slots: 0x00000000ffffffff is an unallocated location in the heap
stack at sp + 5 slots: 0x00000000c6b82ca0 points into unknown readable memory: 0x0000000000000005 | 05 00 00 00 00 00 00 00
stack at sp + 6 slots: 0x0 is NULL
stack at sp + 7 slots: 0x00007f3468016b48 points into unknown readable memory: 0x00007f346fc46b40 | 40 6b c4 6f 34 7f 00 00


---------------  P R O C E S S  ---------------

Threads class SMR info:
_java_thread_list=0x00007f34682537f0, length=12, elements={
0x00007f3468016800, 0x00007f3468128000, 0x00007f346812a000, 0x00007f346812f800,
0x00007f3468131800, 0x00007f3468134000, 0x00007f3468136000, 0x00007f3468138000,
0x00007f346814e000, 0x00007f3414120000, 0x00007f3468233000, 0x00007f3468252000
}

Java Threads: ( => current thread )
=>0x00007f3468016800 JavaThread "main" [_thread_in_native, id=45973, stack(0x00007f346fce0000,0x00007f346fde0000)]
  0x00007f3468128000 JavaThread "Reference Handler" daemon [_thread_blocked, id=45980, stack(0x00007f346c0ba000,0x00007f346c1ba000)]
  0x00007f346812a000 JavaThread "Finalizer" daemon [_thread_blocked, id=45981, stack(0x00007f3467f00000,0x00007f3468000000)]
  0x00007f346812f800 JavaThread "Signal Dispatcher" daemon [_thread_blocked, id=45982, stack(0x00007f3450500000,0x00007f3450600000)]
  0x00007f3468131800 JavaThread "Service Thread" daemon [_thread_blocked, id=45983, stack(0x00007f3450400000,0x00007f3450500000)]
  0x00007f3468134000 JavaThread "C2 CompilerThread0" daemon [_thread_blocked, id=45984, stack(0x00007f3450300000,0x00007f3450400000)]
  0x00007f3468136000 JavaThread "C1 CompilerThread0" daemon [_thread_blocked, id=45985, stack(0x00007f3450200000,0x00007f3450300000)]
  0x00007f3468138000 JavaThread "Sweeper thread" daemon [_thread_blocked, id=45986, stack(0x00007f3450100000,0x00007f3450200000)]
  0x00007f346814e000 JavaThread "Common-Cleaner" daemon [_thread_blocked, id=45989, stack(0x00007f3450000000,0x00007f3450100000)]
  0x00007f3414120000 JavaThread "C2 CompilerThread1" daemon [_thread_blocked, id=45991, stack(0x00007f34487e0000,0x00007f34488e0000)]
  0x00007f3468233000 JavaThread "Monitor Ctrl-Break" daemon [_thread_in_native, id=45992, stack(0x00007f34486e0000,0x00007f34487e0000)]
  0x00007f3468252000 JavaThread "JavaCPP Deallocator" daemon [_thread_blocked, id=45994, stack(0x00007f34484df000,0x00007f34485df000)]

Other Threads:
  0x00007f3468125800 VMThread "VM Thread" [stack: 0x00007f346c1bb000,0x00007f346c2bb000] [id=45979]
  0x00007f3468235800 WatcherThread [stack: 0x00007f34485e0000,0x00007f34486e0000] [id=45993]
  0x00007f346802f800 GCTaskThread "GC Thread#0" [stack: 0x00007f346e415000,0x00007f346e515000] [id=45974]
  0x00007f346804a800 ConcurrentGCThread "G1 Main Marker" [stack: 0x00007f346ca44000,0x00007f346cb44000] [id=45975]
  0x00007f346804c800 ConcurrentGCThread "G1 Conc#0" [stack: 0x00007f346c943000,0x00007f346ca43000] [id=45976]
  0x00007f3468090000 ConcurrentGCThread "G1 Refine#0" [stack: 0x00007f346c43e000,0x00007f346c53e000] [id=45977]
  0x00007f3468092000 ConcurrentGCThread "G1 Young RemSet Sampling" [stack: 0x00007f346c33d000,0x00007f346c43d000] [id=45978]

Threads with active compile tasks:

VM state:not at safepoint (normal execution)

VM Mutex/Monitor currently owned by a thread: None

Heap address: 0x00000000c3800000, size: 968 MB, Compressed Oops mode: 32-bit
Narrow klass base: 0x0000000800000000, Narrow klass shift: 3
Compressed class space size: 1073741824 Address: 0x0000000840000000

Heap:
 garbage-first heap   total 65536K, used 9936K [0x00000000c3800000, 0x0000000100000000)
  region size 1024K, 11 young (11264K), 0 survivors (0K)
 Metaspace       used 3906K, capacity 6550K, committed 6656K, reserved 1056768K
  class space    used 432K, capacity 695K, committed 768K, reserved 1048576K
Heap Regions: E=young(eden), S=young(survivor), O=old, HS=humongous(starts), HC=humongous(continues), CS=collection set, F=free, A=archive, TAMS=top-at-mark-start (previous, next)
|   0|0x00000000c3800000, 0x00000000c3800000, 0x00000000c3900000|  0%| F|  |TAMS 0x00000000c3800000, 0x00000000c3800000| Untracked 
|   1|0x00000000c3900000, 0x00000000c3900000, 0x00000000c3a00000|  0%| F|  |TAMS 0x00000000c3900000, 0x00000000c3900000| Untracked 
|   2|0x00000000c3a00000, 0x00000000c3a00000, 0x00000000c3b00000|  0%| F|  |TAMS 0x00000000c3a00000, 0x00000000c3a00000| Untracked 
|   3|0x00000000c3b00000, 0x00000000c3b00000, 0x00000000c3c00000|  0%| F|  |TAMS 0x00000000c3b00000, 0x00000000c3b00000| Untracked 
|   4|0x00000000c3c00000, 0x00000000c3c00000, 0x00000000c3d00000|  0%| F|  |TAMS 0x00000000c3c00000, 0x00000000c3c00000| Untracked 
|   5|0x00000000c3d00000, 0x00000000c3d00000, 0x00000000c3e00000|  0%| F|  |TAMS 0x00000000c3d00000, 0x00000000c3d00000| Untracked 
|   6|0x00000000c3e00000, 0x00000000c3e00000, 0x00000000c3f00000|  0%| F|  |TAMS 0x00000000c3e00000, 0x00000000c3e00000| Untracked 
|   7|0x00000000c3f00000, 0x00000000c3f00000, 0x00000000c4000000|  0%| F|  |TAMS 0x00000000c3f00000, 0x00000000c3f00000| Untracked 
|   8|0x00000000c4000000, 0x00000000c4000000, 0x00000000c4100000|  0%| F|  |TAMS 0x00000000c4000000, 0x00000000c4000000| Untracked 
|   9|0x00000000c4100000, 0x00000000c4100000, 0x00000000c4200000|  0%| F|  |TAMS 0x00000000c4100000, 0x00000000c4100000| Untracked 
|  10|0x00000000c4200000, 0x00000000c4200000, 0x00000000c4300000|  0%| F|  |TAMS 0x00000000c4200000, 0x00000000c4200000| Untracked 
|  11|0x00000000c4300000, 0x00000000c4300000, 0x00000000c4400000|  0%| F|  |TAMS 0x00000000c4300000, 0x00000000c4300000| Untracked 
|  12|0x00000000c4400000, 0x00000000c4400000, 0x00000000c4500000|  0%| F|  |TAMS 0x00000000c4400000, 0x00000000c4400000| Untracked 
|  13|0x00000000c4500000, 0x00000000c4500000, 0x00000000c4600000|  0%| F|  |TAMS 0x00000000c4500000, 0x00000000c4500000| Untracked 
|  14|0x00000000c4600000, 0x00000000c4600000, 0x00000000c4700000|  0%| F|  |TAMS 0x00000000c4600000, 0x00000000c4600000| Untracked 
|  15|0x00000000c4700000, 0x00000000c4700000, 0x00000000c4800000|  0%| F|  |TAMS 0x00000000c4700000, 0x00000000c4700000| Untracked 
|  16|0x00000000c4800000, 0x00000000c4800000, 0x00000000c4900000|  0%| F|  |TAMS 0x00000000c4800000, 0x00000000c4800000| Untracked 
|  17|0x00000000c4900000, 0x00000000c4900000, 0x00000000c4a00000|  0%| F|  |TAMS 0x00000000c4900000, 0x00000000c4900000| Untracked 
|  18|0x00000000c4a00000, 0x00000000c4a00000, 0x00000000c4b00000|  0%| F|  |TAMS 0x00000000c4a00000, 0x00000000c4a00000| Untracked 
|  19|0x00000000c4b00000, 0x00000000c4b00000, 0x00000000c4c00000|  0%| F|  |TAMS 0x00000000c4b00000, 0x00000000c4b00000| Untracked 
|  20|0x00000000c4c00000, 0x00000000c4c00000, 0x00000000c4d00000|  0%| F|  |TAMS 0x00000000c4c00000, 0x00000000c4c00000| Untracked 
|  21|0x00000000c4d00000, 0x00000000c4d00000, 0x00000000c4e00000|  0%| F|  |TAMS 0x00000000c4d00000, 0x00000000c4d00000| Untracked 
|  22|0x00000000c4e00000, 0x00000000c4e00000, 0x00000000c4f00000|  0%| F|  |TAMS 0x00000000c4e00000, 0x00000000c4e00000| Untracked 
|  23|0x00000000c4f00000, 0x00000000c4f00000, 0x00000000c5000000|  0%| F|  |TAMS 0x00000000c4f00000, 0x00000000c4f00000| Untracked 
|  24|0x00000000c5000000, 0x00000000c5000000, 0x00000000c5100000|  0%| F|  |TAMS 0x00000000c5000000, 0x00000000c5000000| Untracked 
|  25|0x00000000c5100000, 0x00000000c5100000, 0x00000000c5200000|  0%| F|  |TAMS 0x00000000c5100000, 0x00000000c5100000| Untracked 
|  26|0x00000000c5200000, 0x00000000c5200000, 0x00000000c5300000|  0%| F|  |TAMS 0x00000000c5200000, 0x00000000c5200000| Untracked 
|  27|0x00000000c5300000, 0x00000000c5300000, 0x00000000c5400000|  0%| F|  |TAMS 0x00000000c5300000, 0x00000000c5300000| Untracked 
|  28|0x00000000c5400000, 0x00000000c5400000, 0x00000000c5500000|  0%| F|  |TAMS 0x00000000c5400000, 0x00000000c5400000| Untracked 
|  29|0x00000000c5500000, 0x00000000c5500000, 0x00000000c5600000|  0%| F|  |TAMS 0x00000000c5500000, 0x00000000c5500000| Untracked 
|  30|0x00000000c5600000, 0x00000000c5600000, 0x00000000c5700000|  0%| F|  |TAMS 0x00000000c5600000, 0x00000000c5600000| Untracked 
|  31|0x00000000c5700000, 0x00000000c5700000, 0x00000000c5800000|  0%| F|  |TAMS 0x00000000c5700000, 0x00000000c5700000| Untracked 
|  32|0x00000000c5800000, 0x00000000c5800000, 0x00000000c5900000|  0%| F|  |TAMS 0x00000000c5800000, 0x00000000c5800000| Untracked 
|  33|0x00000000c5900000, 0x00000000c5900000, 0x00000000c5a00000|  0%| F|  |TAMS 0x00000000c5900000, 0x00000000c5900000| Untracked 
|  34|0x00000000c5a00000, 0x00000000c5a00000, 0x00000000c5b00000|  0%| F|  |TAMS 0x00000000c5a00000, 0x00000000c5a00000| Untracked 
|  35|0x00000000c5b00000, 0x00000000c5b00000, 0x00000000c5c00000|  0%| F|  |TAMS 0x00000000c5b00000, 0x00000000c5b00000| Untracked 
|  36|0x00000000c5c00000, 0x00000000c5c00000, 0x00000000c5d00000|  0%| F|  |TAMS 0x00000000c5c00000, 0x00000000c5c00000| Untracked 
|  37|0x00000000c5d00000, 0x00000000c5d00000, 0x00000000c5e00000|  0%| F|  |TAMS 0x00000000c5d00000, 0x00000000c5d00000| Untracked 
|  38|0x00000000c5e00000, 0x00000000c5e00000, 0x00000000c5f00000|  0%| F|  |TAMS 0x00000000c5e00000, 0x00000000c5e00000| Untracked 
|  39|0x00000000c5f00000, 0x00000000c5f00000, 0x00000000c6000000|  0%| F|  |TAMS 0x00000000c5f00000, 0x00000000c5f00000| Untracked 
|  40|0x00000000c6000000, 0x00000000c6000000, 0x00000000c6100000|  0%| F|  |TAMS 0x00000000c6000000, 0x00000000c6000000| Untracked 
|  41|0x00000000c6100000, 0x00000000c6100000, 0x00000000c6200000|  0%| F|  |TAMS 0x00000000c6100000, 0x00000000c6100000| Untracked 
|  42|0x00000000c6200000, 0x00000000c6200000, 0x00000000c6300000|  0%| F|  |TAMS 0x00000000c6200000, 0x00000000c6200000| Untracked 
|  43|0x00000000c6300000, 0x00000000c6300000, 0x00000000c6400000|  0%| F|  |TAMS 0x00000000c6300000, 0x00000000c6300000| Untracked 
|  44|0x00000000c6400000, 0x00000000c6400000, 0x00000000c6500000|  0%| F|  |TAMS 0x00000000c6400000, 0x00000000c6400000| Untracked 
|  45|0x00000000c6500000, 0x00000000c6500000, 0x00000000c6600000|  0%| F|  |TAMS 0x00000000c6500000, 0x00000000c6500000| Untracked 
|  46|0x00000000c6600000, 0x00000000c6600000, 0x00000000c6700000|  0%| F|  |TAMS 0x00000000c6600000, 0x00000000c6600000| Untracked 
|  47|0x00000000c6700000, 0x00000000c6700000, 0x00000000c6800000|  0%| F|  |TAMS 0x00000000c6700000, 0x00000000c6700000| Untracked 
|  48|0x00000000c6800000, 0x00000000c6800000, 0x00000000c6900000|  0%| F|  |TAMS 0x00000000c6800000, 0x00000000c6800000| Untracked 
|  49|0x00000000c6900000, 0x00000000c6900000, 0x00000000c6a00000|  0%| F|  |TAMS 0x00000000c6900000, 0x00000000c6900000| Untracked 
|  50|0x00000000c6a00000, 0x00000000c6a00000, 0x00000000c6b00000|  0%| F|  |TAMS 0x00000000c6a00000, 0x00000000c6a00000| Untracked 
|  51|0x00000000c6b00000, 0x00000000c6b903e0, 0x00000000c6c00000| 56%| E|  |TAMS 0x00000000c6b00000, 0x00000000c6b00000| Complete 
|  52|0x00000000c6c00000, 0x00000000c6d00000, 0x00000000c6d00000|100%| E|CS|TAMS 0x00000000c6c00000, 0x00000000c6c00000| Complete 
|  53|0x00000000c6d00000, 0x00000000c6e00000, 0x00000000c6e00000|100%| E|CS|TAMS 0x00000000c6d00000, 0x00000000c6d00000| Complete 
|  54|0x00000000c6e00000, 0x00000000c6f00000, 0x00000000c6f00000|100%| E|CS|TAMS 0x00000000c6e00000, 0x00000000c6e00000| Complete 
|  55|0x00000000c6f00000, 0x00000000c7000000, 0x00000000c7000000|100%| E|  |TAMS 0x00000000c6f00000, 0x00000000c6f00000| Complete 
|  56|0x00000000c7000000, 0x00000000c7100000, 0x00000000c7100000|100%| E|CS|TAMS 0x00000000c7000000, 0x00000000c7000000| Complete 
|  57|0x00000000c7100000, 0x00000000c7200000, 0x00000000c7200000|100%| E|CS|TAMS 0x00000000c7100000, 0x00000000c7100000| Complete 
|  58|0x00000000c7200000, 0x00000000c7300000, 0x00000000c7300000|100%| E|CS|TAMS 0x00000000c7200000, 0x00000000c7200000| Complete 
|  59|0x00000000c7300000, 0x00000000c7400000, 0x00000000c7400000|100%| E|CS|TAMS 0x00000000c7300000, 0x00000000c7300000| Complete 
|  60|0x00000000c7400000, 0x00000000c7500000, 0x00000000c7500000|100%| E|CS|TAMS 0x00000000c7400000, 0x00000000c7400000| Complete 
|  61|0x00000000c7500000, 0x00000000c7600000, 0x00000000c7600000|100%| E|CS|TAMS 0x00000000c7500000, 0x00000000c7500000| Complete 
| 966|0x00000000ffe00000, 0x00000000ffe48000, 0x00000000fff00000| 28%|OA|  |TAMS 0x00000000ffe00000, 0x00000000ffe00000| Untracked 
| 967|0x00000000fff00000, 0x00000000fff6c000, 0x0000000100000000| 42%|CA|  |TAMS 0x00000000fff00000, 0x00000000fff00000| Untracked 

Card table byte_map: [0x00007f346dc48000,0x00007f346de2c000] _byte_map_base: 0x00007f346d62c000

Marking Bits (Prev, Next): (CMBitMap*) 0x00007f3468045c68, (CMBitMap*) 0x00007f3468045ca0
 Prev Bits: [0x00007f346cb44000, 0x00007f346da64000)
 Next Bits: [0x00007f344b0e0000, 0x00007f344c000000)

Polling page: 0x00007f347002a000

Metaspace:

Usage:
  Non-class:      5.72 MB capacity,     3.39 MB ( 59%) used,     2.32 MB ( 41%) free+waste,     6.88 KB ( <1%) overhead. 
      Class:    695.00 KB capacity,   432.10 KB ( 62%) used,   259.15 KB ( 37%) free+waste,     3.75 KB ( <1%) overhead. 
       Both:      6.40 MB capacity,     3.81 MB ( 60%) used,     2.57 MB ( 40%) free+waste,    10.62 KB ( <1%) overhead. 

Virtual space:
  Non-class space:        8.00 MB reserved,       5.75 MB ( 72%) committed 
      Class space:        1.00 GB reserved,     768.00 KB ( <1%) committed 
             Both:        1.01 GB reserved,       6.50 MB ( <1%) committed 

Chunk freelists:
   Non-Class:  33.00 KB
       Class:  9.00 KB
        Both:  42.00 KB

MaxMetaspaceSize: unlimited
CompressedClassSpaceSize: 1.00 GB
Initial GC threshold: 20.80 MB
Current GC threshold: 20.80 MB
CDS: on

CodeHeap 'non-profiled nmethods': size=120032Kb used=226Kb max_used=226Kb free=119805Kb
 bounds [0x00007f34580c8000, 0x00007f3458338000, 0x00007f345f600000]
CodeHeap 'profiled nmethods': size=120032Kb used=1234Kb max_used=1234Kb free=118797Kb
 bounds [0x00007f3450b90000, 0x00007f3450e00000, 0x00007f34580c8000]
CodeHeap 'non-nmethods': size=5696Kb used=1147Kb max_used=1158Kb free=4548Kb
 bounds [0x00007f3450600000, 0x00007f3450870000, 0x00007f3450b90000]
 total_blobs=1126 nmethods=717 adapters=323
 compilation: enabled
              stopped_count=0, restarted_count=0
 full_count=0

Compilation events (20 events):
Event: 0.318 Thread 0x00007f3468136000 nmethod 688 0x00007f34580fda90 code [0x00007f34580fdc40, 0x00007f34580fdd10]
Event: 0.318 Thread 0x00007f3468136000  692       3       java.lang.invoke.LambdaForm$Name::<init> (54 bytes)
Event: 0.319 Thread 0x00007f3468136000 nmethod 692 0x00007f3450cb4090 code [0x00007f3450cb4260, 0x00007f3450cb4530]
Event: 0.319 Thread 0x00007f3468136000  696       3       java.lang.invoke.MemberName::getReferenceKind (12 bytes)
Event: 0.319 Thread 0x00007f3468136000 nmethod 696 0x00007f3450cb4610 code [0x00007f3450cb47c0, 0x00007f3450cb48f0]
Event: 0.319 Thread 0x00007f3468136000  695       3       sun.invoke.util.Wrapper::forPrimitiveType (49 bytes)
Event: 0.320 Thread 0x00007f3468136000 nmethod 695 0x00007f3450cb4990 code [0x00007f3450cb4d20, 0x00007f3450cb6280]
Event: 0.320 Thread 0x00007f3468136000  694       3       jdk.internal.org.objectweb.asm.MethodWriter::visitVarInsn (300 bytes)
Event: 0.320 Thread 0x00007f3414120000  709       4       java.lang.StringBuilder::<init> (7 bytes)
Event: 0.321 Thread 0x00007f3414120000 nmethod 709 0x00007f34580ffa90 code [0x00007f34580ffc20, 0x00007f34580ffdd8]
Event: 0.322 Thread 0x00007f3468136000 nmethod 694 0x00007f3450cb6a90 code [0x00007f3450cb6d00, 0x00007f3450cb7700]
Event: 0.322 Thread 0x00007f3468136000  700       3       java.util.ImmutableCollections$ListN::get (7 bytes)
Event: 0.322 Thread 0x00007f3468136000 nmethod 700 0x00007f3450cb7a10 code [0x00007f3450cb7bc0, 0x00007f3450cb7cf0]
Event: 0.322 Thread 0x00007f3468136000  705       3       java.lang.Number::<init> (5 bytes)
Event: 0.322 Thread 0x00007f3468136000 nmethod 705 0x00007f3450cb7d90 code [0x00007f3450cb7f40, 0x00007f3450cb80b0]
Event: 0.322 Thread 0x00007f3468136000  708       1       java.lang.invoke.LambdaForm$Name::type (5 bytes)
Event: 0.322 Thread 0x00007f3468136000 nmethod 708 0x00007f3458100190 code [0x00007f3458100340, 0x00007f3458100410]
Event: 0.322 Thread 0x00007f3468136000  698       3       java.lang.invoke.LambdaForm::parameter (52 bytes)
Event: 0.322 Thread 0x00007f3468136000 nmethod 698 0x00007f3450cb8190 code [0x00007f3450cb8340, 0x00007f3450cb8490]
Event: 0.322 Thread 0x00007f3468136000  712       3       jdk.internal.org.objectweb.asm.Frame::execute (2264 bytes)

GC Heap History (0 events):
No events

Deoptimization events (20 events):
Event: 0.266 Thread 0x00007f3468016800 DEOPT PACKING pc=0x00007f3450bc8ccf sp=0x00007f346fddcfc0
Event: 0.266 Thread 0x00007f3468016800 DEOPT UNPACKING pc=0x00007f345064a64a sp=0x00007f346fddc468 mode 0
Event: 0.267 Thread 0x00007f3468016800 DEOPT PACKING pc=0x00007f3450bc8ccf sp=0x00007f346fddd040
Event: 0.267 Thread 0x00007f3468016800 DEOPT UNPACKING pc=0x00007f345064a64a sp=0x00007f346fddc4e8 mode 0
Event: 0.315 Thread 0x00007f3468016800 Uncommon trap: trap_request=0xffffffc6 fr.pc=0x00007f34580d1b24 relative=0x0000000000000084
Event: 0.315 Thread 0x00007f3468016800 Uncommon trap: reason=bimorphic_or_optimized_type_check action=maybe_recompile pc=0x00007f34580d1b24 method=java.util.AbstractCollection.isEmpty()Z @ 1 c2
Event: 0.315 Thread 0x00007f3468016800 DEOPT PACKING pc=0x00007f34580d1b24 sp=0x00007f346fddd290
Event: 0.315 Thread 0x00007f3468016800 DEOPT UNPACKING pc=0x00007f3450649ea5 sp=0x00007f346fddd240 mode 2
Event: 0.315 Thread 0x00007f3468016800 Uncommon trap: trap_request=0xffffffc6 fr.pc=0x00007f34580d1b24 relative=0x0000000000000084
Event: 0.315 Thread 0x00007f3468016800 Uncommon trap: reason=bimorphic_or_optimized_type_check action=maybe_recompile pc=0x00007f34580d1b24 method=java.util.AbstractCollection.isEmpty()Z @ 1 c2
Event: 0.315 Thread 0x00007f3468016800 DEOPT PACKING pc=0x00007f34580d1b24 sp=0x00007f346fddd460
Event: 0.315 Thread 0x00007f3468016800 DEOPT UNPACKING pc=0x00007f3450649ea5 sp=0x00007f346fddd410 mode 2
Event: 0.315 Thread 0x00007f3468016800 Uncommon trap: trap_request=0xffffffc6 fr.pc=0x00007f34580d1b24 relative=0x0000000000000084
Event: 0.315 Thread 0x00007f3468016800 Uncommon trap: reason=bimorphic_or_optimized_type_check action=maybe_recompile pc=0x00007f34580d1b24 method=java.util.AbstractCollection.isEmpty()Z @ 1 c2
Event: 0.315 Thread 0x00007f3468016800 DEOPT PACKING pc=0x00007f34580d1b24 sp=0x00007f346fddd480
Event: 0.315 Thread 0x00007f3468016800 DEOPT UNPACKING pc=0x00007f3450649ea5 sp=0x00007f346fddd430 mode 2
Event: 0.316 Thread 0x00007f3468016800 Uncommon trap: trap_request=0xffffffc6 fr.pc=0x00007f34580d1b24 relative=0x0000000000000084
Event: 0.316 Thread 0x00007f3468016800 Uncommon trap: reason=bimorphic_or_optimized_type_check action=maybe_recompile pc=0x00007f34580d1b24 method=java.util.AbstractCollection.isEmpty()Z @ 1 c2
Event: 0.316 Thread 0x00007f3468016800 DEOPT PACKING pc=0x00007f34580d1b24 sp=0x00007f346fddd290
Event: 0.316 Thread 0x00007f3468016800 DEOPT UNPACKING pc=0x00007f3450649ea5 sp=0x00007f346fddd240 mode 2

Classes redefined (0 events):
No events

Internal exceptions (20 events):
Event: 0.091 Thread 0x00007f3468016800 Exception <a 'java/security/PrivilegedActionException'{0x00000000c7487360}> (0x00000000c7487360) thrown at [./src/hotspot/share/prims/jvm.cpp, line 1304]
Event: 0.091 Thread 0x00007f3468016800 Exception <a 'java/security/PrivilegedActionException'{0x00000000c7487630}> (0x00000000c7487630) thrown at [./src/hotspot/share/prims/jvm.cpp, line 1304]
Event: 0.091 Thread 0x00007f3468016800 Exception <a 'java/security/PrivilegedActionException'{0x00000000c7487fa0}> (0x00000000c7487fa0) thrown at [./src/hotspot/share/prims/jvm.cpp, line 1304]
Event: 0.091 Thread 0x00007f3468016800 Exception <a 'java/security/PrivilegedActionException'{0x00000000c7488270}> (0x00000000c7488270) thrown at [./src/hotspot/share/prims/jvm.cpp, line 1304]
Event: 0.091 Thread 0x00007f3468016800 Exception <a 'java/security/PrivilegedActionException'{0x00000000c7488be0}> (0x00000000c7488be0) thrown at [./src/hotspot/share/prims/jvm.cpp, line 1304]
Event: 0.091 Thread 0x00007f3468016800 Exception <a 'java/security/PrivilegedActionException'{0x00000000c7488eb0}> (0x00000000c7488eb0) thrown at [./src/hotspot/share/prims/jvm.cpp, line 1304]
Event: 0.091 Thread 0x00007f3468016800 Exception <a 'java/security/PrivilegedActionException'{0x00000000c7489838}> (0x00000000c7489838) thrown at [./src/hotspot/share/prims/jvm.cpp, line 1304]
Event: 0.091 Thread 0x00007f3468016800 Exception <a 'java/security/PrivilegedActionException'{0x00000000c7489b08}> (0x00000000c7489b08) thrown at [./src/hotspot/share/prims/jvm.cpp, line 1304]
Event: 0.091 Thread 0x00007f3468016800 Exception <a 'java/security/PrivilegedActionException'{0x00000000c748a490}> (0x00000000c748a490) thrown at [./src/hotspot/share/prims/jvm.cpp, line 1304]
Event: 0.091 Thread 0x00007f3468016800 Exception <a 'java/security/PrivilegedActionException'{0x00000000c748a760}> (0x00000000c748a760) thrown at [./src/hotspot/share/prims/jvm.cpp, line 1304]
Event: 0.091 Thread 0x00007f3468016800 Exception <a 'java/security/PrivilegedActionException'{0x00000000c748b0e8}> (0x00000000c748b0e8) thrown at [./src/hotspot/share/prims/jvm.cpp, line 1304]
Event: 0.091 Thread 0x00007f3468016800 Exception <a 'java/security/PrivilegedActionException'{0x00000000c748b3b8}> (0x00000000c748b3b8) thrown at [./src/hotspot/share/prims/jvm.cpp, line 1304]
Event: 0.091 Thread 0x00007f3468016800 Exception <a 'java/security/PrivilegedActionException'{0x00000000c748bd28}> (0x00000000c748bd28) thrown at [./src/hotspot/share/prims/jvm.cpp, line 1304]
Event: 0.091 Thread 0x00007f3468016800 Exception <a 'java/security/PrivilegedActionException'{0x00000000c748bff8}> (0x00000000c748bff8) thrown at [./src/hotspot/share/prims/jvm.cpp, line 1304]
Event: 0.091 Thread 0x00007f3468016800 Exception <a 'java/security/PrivilegedActionException'{0x00000000c748c980}> (0x00000000c748c980) thrown at [./src/hotspot/share/prims/jvm.cpp, line 1304]
Event: 0.091 Thread 0x00007f3468016800 Exception <a 'java/security/PrivilegedActionException'{0x00000000c748cc50}> (0x00000000c748cc50) thrown at [./src/hotspot/share/prims/jvm.cpp, line 1304]
Event: 0.121 Thread 0x00007f3468016800 Exception <a 'java/lang/NoSuchMethodError'{0x00000000c73bd1a0}: 'int java.lang.invoke.DirectMethodHandle$Holder.invokeStaticInit(java.lang.Object, java.lang.Object, java.lang.Object, java.lang.Object)'> (0x00000000c73bd1a0) thrown at [./src/hotspot/share/interpreter/linkResolver.cpp, line 772]
Event: 0.122 Thread 0x00007f3468016800 Exception <a 'java/lang/IncompatibleClassChangeError'{0x00000000c73c6f20}: Found class java.lang.Object, but interface was expected> (0x00000000c73c6f20) thrown at [./src/hotspot/share/interpreter/linkResolver.cpp, line 839]
Event: 0.123 Thread 0x00007f3468016800 Exception <a 'java/lang/NoSuchMethodError'{0x00000000c73ca0d0}: 'void java.lang.invoke.DirectMethodHandle$Holder.invokeStaticInit(java.lang.Object, java.lang.Object)'> (0x00000000c73ca0d0) thrown at [./src/hotspot/share/interpreter/linkResolver.cpp, line 772]
Event: 0.123 Thread 0x00007f3468016800 Exception <a 'java/lang/NoSuchMethodError'{0x00000000c73cf540}: 'int java.lang.invoke.DirectMethodHandle$Holder.invokeStaticInit(java.lang.Object, java.lang.Object)'> (0x00000000c73cf540) thrown at [./src/hotspot/share/interpreter/linkResolver.cpp, line 772]

Events (20 events):
Event: 0.310 loading class org/bytedeco/javacpp/PointerScope$1
Event: 0.310 loading class org/bytedeco/javacpp/PointerScope$1 done
Event: 0.313 Executing VM operation: Deoptimize
Event: 0.313 Executing VM operation: Deoptimize done
Event: 0.314 loading class java/lang/invoke/BoundMethodHandle$Species_LL
Event: 0.314 loading class java/lang/invoke/BoundMethodHandle$Species_LL done
Event: 0.316 loading class java/lang/invoke/BoundMethodHandle$Species_LLL
Event: 0.316 loading class java/lang/invoke/BoundMethodHandle$Species_LLL done
Event: 0.316 loading class java/lang/invoke/BoundMethodHandle$Species_LLLL
Event: 0.316 loading class java/lang/invoke/BoundMethodHandle$Species_LLLL done
Event: 0.318 loading class java/lang/invoke/BoundMethodHandle$Species_LLLLL
Event: 0.318 loading class java/lang/invoke/BoundMethodHandle$Species_LLLLL done
Event: 0.319 loading class java/lang/invoke/BoundMethodHandle$Species_LLLLLL
Event: 0.319 loading class java/lang/invoke/BoundMethodHandle$Species_LLLLLL done
Event: 0.320 loading class java/lang/invoke/BoundMethodHandle$Species_LLLLLLI
Event: 0.320 loading class java/lang/invoke/BoundMethodHandle$Species_LLLLLLI done
Event: 0.321 loading class java/lang/invoke/BoundMethodHandle$Species_LLLLLLII
Event: 0.321 loading class java/lang/invoke/BoundMethodHandle$Species_LLLLLLII done
Event: 0.322 loading class java/lang/invoke/BoundMethodHandle$Species_LLLLLLIIL
Event: 0.322 loading class java/lang/invoke/BoundMethodHandle$Species_LLLLLLIIL done


Dynamic libraries:
c3800000-c7600000 rw-p 00000000 00:00 0 
c7600000-ffe00000 ---p 00000000 00:00 0 
ffe00000-ffe48000 rw-p 00b14000 08:03 265562                             /usr/lib/jvm/java-11-openjdk-amd64/lib/server/classes.jsa
ffe48000-fff00000 rw-p 00000000 00:00 0 
fff00000-fff6c000 rw-p 00aa8000 08:03 265562                             /usr/lib/jvm/java-11-openjdk-amd64/lib/server/classes.jsa
fff6c000-100000000 rw-p 00000000 00:00 0 
800000000-800002000 rwxp 00001000 08:03 265562                           /usr/lib/jvm/java-11-openjdk-amd64/lib/server/classes.jsa
800002000-8003ce000 rw-p 00003000 08:03 265562                           /usr/lib/jvm/java-11-openjdk-amd64/lib/server/classes.jsa
8003ce000-800aa6000 r--p 003cf000 08:03 265562                           /usr/lib/jvm/java-11-openjdk-amd64/lib/server/classes.jsa
800aa6000-800aa7000 rw-p 00aa7000 08:03 265562                           /usr/lib/jvm/java-11-openjdk-amd64/lib/server/classes.jsa
840000000-8400c0000 rw-p 00000000 00:00 0 
8400c0000-880000000 ---p 00000000 00:00 0 
556e106ee000-556e106ef000 r--p 00000000 08:03 265116                     /usr/lib/jvm/java-11-openjdk-amd64/bin/java
556e106ef000-556e106f0000 r-xp 00001000 08:03 265116                     /usr/lib/jvm/java-11-openjdk-amd64/bin/java
556e106f0000-556e106f1000 r--p 00002000 08:03 265116                     /usr/lib/jvm/java-11-openjdk-amd64/bin/java
556e106f1000-556e106f2000 r--p 00002000 08:03 265116                     /usr/lib/jvm/java-11-openjdk-amd64/bin/java
556e106f2000-556e106f3000 rw-p 00003000 08:03 265116                     /usr/lib/jvm/java-11-openjdk-amd64/bin/java
556e1171a000-556e1173b000 rw-p 00000000 00:00 0                          [heap]
7f33f5400000-7f33f5d26000 r--p 00000000 08:03 1587749                    /home/ubuntu/.javacpp/cache/llvm-13.0.1-1.5.7-linux-x86_64.jar/org/bytedeco/llvm/linux-x86_64/libLLVM-13.so
7f33f5d26000-7f33f96e9000 r-xp 00926000 08:03 1587749                    /home/ubuntu/.javacpp/cache/llvm-13.0.1-1.5.7-linux-x86_64.jar/org/bytedeco/llvm/linux-x86_64/libLLVM-13.so
7f33f96e9000-7f33fb93e000 r--p 042e9000 08:03 1587749                    /home/ubuntu/.javacpp/cache/llvm-13.0.1-1.5.7-linux-x86_64.jar/org/bytedeco/llvm/linux-x86_64/libLLVM-13.so
7f33fb93e000-7f33fbe53000 r--p 0653d000 08:03 1587749                    /home/ubuntu/.javacpp/cache/llvm-13.0.1-1.5.7-linux-x86_64.jar/org/bytedeco/llvm/linux-x86_64/libLLVM-13.so
7f33fbe53000-7f33fbe5e000 rw-p 06a52000 08:03 1587749                    /home/ubuntu/.javacpp/cache/llvm-13.0.1-1.5.7-linux-x86_64.jar/org/bytedeco/llvm/linux-x86_64/libLLVM-13.so
7f33fbe5e000-7f33fbed4000 rw-p 00000000 00:00 0 
7f33fc000000-7f33fc021000 rw-p 00000000 00:00 0 
7f33fc021000-7f3400000000 ---p 00000000 00:00 0 
7f3404000000-7f3404021000 rw-p 00000000 00:00 0 
7f3404021000-7f3408000000 ---p 00000000 00:00 0 
7f3408000000-7f3408021000 rw-p 00000000 00:00 0 
7f3408021000-7f340c000000 ---p 00000000 00:00 0 
7f340c000000-7f340c021000 rw-p 00000000 00:00 0 
7f340c021000-7f3410000000 ---p 00000000 00:00 0 
7f3410000000-7f341011c000 rw-p 00000000 00:00 0 
7f341011c000-7f3414000000 ---p 00000000 00:00 0 
7f3414000000-7f3414417000 rw-p 00000000 00:00 0 
7f3414417000-7f3418000000 ---p 00000000 00:00 0 
7f3418000000-7f3418021000 rw-p 00000000 00:00 0 
7f3418021000-7f341c000000 ---p 00000000 00:00 0 
7f341c000000-7f341c021000 rw-p 00000000 00:00 0 
7f341c021000-7f3420000000 ---p 00000000 00:00 0 
7f3420000000-7f3420162000 rw-p 00000000 00:00 0 
7f3420162000-7f3424000000 ---p 00000000 00:00 0 
7f3424000000-7f3424021000 rw-p 00000000 00:00 0 
7f3424021000-7f3428000000 ---p 00000000 00:00 0 
7f342b600000-7f342be78000 r--p 00000000 08:03 2365202                    /usr/lib/locale/locale-archive
7f342c000000-7f342c021000 rw-p 00000000 00:00 0 
7f342c021000-7f3430000000 ---p 00000000 00:00 0 
7f3430000000-7f3430021000 rw-p 00000000 00:00 0 
7f3430021000-7f3434000000 ---p 00000000 00:00 0 
7f3434000000-7f3434021000 rw-p 00000000 00:00 0 
7f3434021000-7f3438000000 ---p 00000000 00:00 0 
7f3438000000-7f3438021000 rw-p 00000000 00:00 0 
7f3438021000-7f343c000000 ---p 00000000 00:00 0 
7f343c000000-7f343c021000 rw-p 00000000 00:00 0 
7f343c021000-7f3440000000 ---p 00000000 00:00 0 
7f3440000000-7f3440021000 rw-p 00000000 00:00 0 
7f3440021000-7f3444000000 ---p 00000000 00:00 0 
7f3444000000-7f3444021000 rw-p 00000000 00:00 0 
7f3444021000-7f3448000000 ---p 00000000 00:00 0 
7f34483d9000-7f344843e000 r--p 00000000 08:03 1589997                    /home/ubuntu/.javacpp/cache/llvm-13.0.1-1.5.7-linux-x86_64.jar/org/bytedeco/llvm/linux-x86_64/libjniLLVM.so
7f344843e000-7f34484ac000 r-xp 00065000 08:03 1589997                    /home/ubuntu/.javacpp/cache/llvm-13.0.1-1.5.7-linux-x86_64.jar/org/bytedeco/llvm/linux-x86_64/libjniLLVM.so
7f34484ac000-7f34484d7000 r--p 000d3000 08:03 1589997                    /home/ubuntu/.javacpp/cache/llvm-13.0.1-1.5.7-linux-x86_64.jar/org/bytedeco/llvm/linux-x86_64/libjniLLVM.so
7f34484d7000-7f34484da000 r--p 000fd000 08:03 1589997                    /home/ubuntu/.javacpp/cache/llvm-13.0.1-1.5.7-linux-x86_64.jar/org/bytedeco/llvm/linux-x86_64/libjniLLVM.so
7f34484da000-7f34484dd000 rw-p 00100000 08:03 1589997                    /home/ubuntu/.javacpp/cache/llvm-13.0.1-1.5.7-linux-x86_64.jar/org/bytedeco/llvm/linux-x86_64/libjniLLVM.so
7f34484dd000-7f34484df000 rw-p 00000000 00:00 0 
7f34484df000-7f34484e3000 ---p 00000000 00:00 0 
7f34484e3000-7f34485df000 rw-p 00000000 00:00 0 
7f34485df000-7f34485e0000 ---p 00000000 00:00 0 
7f34485e0000-7f34486e0000 rw-p 00000000 00:00 0 
7f34486e0000-7f34486e4000 ---p 00000000 00:00 0 
7f34486e4000-7f34487e0000 rw-p 00000000 00:00 0 
7f34487e0000-7f34487e4000 ---p 00000000 00:00 0 
7f34487e4000-7f3448ea0000 rw-p 00000000 00:00 0 
7f3448ea0000-7f34490e0000 ---p 00000000 00:00 0 
7f34490e0000-7f344b1d8000 rw-p 00000000 00:00 0 
7f344b1d8000-7f344bff8000 ---p 00000000 00:00 0 
7f344bff8000-7f344c000000 rw-p 00000000 00:00 0 
7f344c000000-7f344c021000 rw-p 00000000 00:00 0 
7f344c021000-7f3450000000 ---p 00000000 00:00 0 
7f3450000000-7f3450004000 ---p 00000000 00:00 0 
7f3450004000-7f3450100000 rw-p 00000000 00:00 0 
7f3450100000-7f3450104000 ---p 00000000 00:00 0 
7f3450104000-7f3450200000 rw-p 00000000 00:00 0 
7f3450200000-7f3450204000 ---p 00000000 00:00 0 
7f3450204000-7f3450300000 rw-p 00000000 00:00 0 
7f3450300000-7f3450304000 ---p 00000000 00:00 0 
7f3450304000-7f3450400000 rw-p 00000000 00:00 0 
7f3450400000-7f3450404000 ---p 00000000 00:00 0 
7f3450404000-7f3450500000 rw-p 00000000 00:00 0 
7f3450500000-7f3450504000 ---p 00000000 00:00 0 
7f3450504000-7f3450600000 rw-p 00000000 00:00 0 
7f3450600000-7f3450870000 rwxp 00000000 00:00 0 
7f3450870000-7f3450b90000 ---p 00000000 00:00 0 
7f3450b90000-7f3450e00000 rwxp 00000000 00:00 0 
7f3450e00000-7f34580c8000 ---p 00000000 00:00 0 
7f34580c8000-7f3458338000 rwxp 00000000 00:00 0 
7f3458338000-7f345f600000 ---p 00000000 00:00 0 
7f345f600000-7f3467e25000 r--s 00000000 08:03 265275                     /usr/lib/jvm/java-11-openjdk-amd64/lib/modules
7f3467f00000-7f3467f04000 ---p 00000000 00:00 0 
7f3467f04000-7f3468000000 rw-p 00000000 00:00 0 
7f3468000000-7f3468441000 rw-p 00000000 00:00 0 
7f3468441000-7f346c000000 ---p 00000000 00:00 0 
7f346c05e000-7f346c065000 r--s 00000000 08:03 659244                     /usr/lib/x86_64-linux-gnu/gconv/gconv-modules.cache
7f346c065000-7f346c066000 r--p 00000000 08:03 1589995                    /home/ubuntu/.javacpp/cache/llvm-13.0.1-1.5.7-linux-x86_64.jar/org/bytedeco/llvm/linux-x86_64/libRemarks.so.13
7f346c066000-7f346c067000 r-xp 00001000 08:03 1589995                    /home/ubuntu/.javacpp/cache/llvm-13.0.1-1.5.7-linux-x86_64.jar/org/bytedeco/llvm/linux-x86_64/libRemarks.so.13
7f346c067000-7f346c068000 r--p 00002000 08:03 1589995                    /home/ubuntu/.javacpp/cache/llvm-13.0.1-1.5.7-linux-x86_64.jar/org/bytedeco/llvm/linux-x86_64/libRemarks.so.13
7f346c068000-7f346c069000 r--p 00002000 08:03 1589995                    /home/ubuntu/.javacpp/cache/llvm-13.0.1-1.5.7-linux-x86_64.jar/org/bytedeco/llvm/linux-x86_64/libRemarks.so.13
7f346c069000-7f346c06a000 rw-p 00003000 08:03 1589995                    /home/ubuntu/.javacpp/cache/llvm-13.0.1-1.5.7-linux-x86_64.jar/org/bytedeco/llvm/linux-x86_64/libRemarks.so.13
7f346c06a000-7f346c071000 r--p 00000000 08:03 1587750                    /home/ubuntu/.javacpp/cache/llvm-13.0.1-1.5.7-linux-x86_64.jar/org/bytedeco/llvm/linux-x86_64/libLTO.so.13
7f346c071000-7f346c079000 r-xp 00007000 08:03 1587750                    /home/ubuntu/.javacpp/cache/llvm-13.0.1-1.5.7-linux-x86_64.jar/org/bytedeco/llvm/linux-x86_64/libLTO.so.13
7f346c079000-7f346c07b000 r--p 0000f000 08:03 1587750                    /home/ubuntu/.javacpp/cache/llvm-13.0.1-1.5.7-linux-x86_64.jar/org/bytedeco/llvm/linux-x86_64/libLTO.so.13
7f346c07b000-7f346c07c000 r--p 00010000 08:03 1587750                    /home/ubuntu/.javacpp/cache/llvm-13.0.1-1.5.7-linux-x86_64.jar/org/bytedeco/llvm/linux-x86_64/libLTO.so.13
7f346c07c000-7f346c07d000 rw-p 00011000 08:03 1587750                    /home/ubuntu/.javacpp/cache/llvm-13.0.1-1.5.7-linux-x86_64.jar/org/bytedeco/llvm/linux-x86_64/libLTO.so.13
7f346c07d000-7f346c081000 r--p 00000000 08:03 1587748                    /home/ubuntu/.javacpp/cache/javacpp-1.5.7-linux-x86_64.jar/org/bytedeco/javacpp/linux-x86_64/libjnijavacpp.so
7f346c081000-7f346c088000 r-xp 00004000 08:03 1587748                    /home/ubuntu/.javacpp/cache/javacpp-1.5.7-linux-x86_64.jar/org/bytedeco/javacpp/linux-x86_64/libjnijavacpp.so
7f346c088000-7f346c08c000 r--p 0000b000 08:03 1587748                    /home/ubuntu/.javacpp/cache/javacpp-1.5.7-linux-x86_64.jar/org/bytedeco/javacpp/linux-x86_64/libjnijavacpp.so
7f346c08c000-7f346c08d000 r--p 0000e000 08:03 1587748                    /home/ubuntu/.javacpp/cache/javacpp-1.5.7-linux-x86_64.jar/org/bytedeco/javacpp/linux-x86_64/libjnijavacpp.so
7f346c08d000-7f346c08e000 rw-p 0000f000 08:03 1587748                    /home/ubuntu/.javacpp/cache/javacpp-1.5.7-linux-x86_64.jar/org/bytedeco/javacpp/linux-x86_64/libjnijavacpp.so
7f346c08e000-7f346c092000 r--p 00000000 08:03 265265                     /usr/lib/jvm/java-11-openjdk-amd64/lib/libnet.so
7f346c092000-7f346c0a0000 r-xp 00004000 08:03 265265                     /usr/lib/jvm/java-11-openjdk-amd64/lib/libnet.so
7f346c0a0000-7f346c0a4000 r--p 00012000 08:03 265265                     /usr/lib/jvm/java-11-openjdk-amd64/lib/libnet.so
7f346c0a4000-7f346c0a5000 r--p 00015000 08:03 265265                     /usr/lib/jvm/java-11-openjdk-amd64/lib/libnet.so
7f346c0a5000-7f346c0a6000 rw-p 00016000 08:03 265265                     /usr/lib/jvm/java-11-openjdk-amd64/lib/libnet.so
7f346c0a6000-7f346c0ad000 r--p 00000000 08:03 265266                     /usr/lib/jvm/java-11-openjdk-amd64/lib/libnio.so
7f346c0ad000-7f346c0b5000 r-xp 00007000 08:03 265266                     /usr/lib/jvm/java-11-openjdk-amd64/lib/libnio.so
7f346c0b5000-7f346c0b8000 r--p 0000f000 08:03 265266                     /usr/lib/jvm/java-11-openjdk-amd64/lib/libnio.so
7f346c0b8000-7f346c0b9000 r--p 00011000 08:03 265266                     /usr/lib/jvm/java-11-openjdk-amd64/lib/libnio.so
7f346c0b9000-7f346c0ba000 rw-p 00012000 08:03 265266                     /usr/lib/jvm/java-11-openjdk-amd64/lib/libnio.so
7f346c0ba000-7f346c0be000 ---p 00000000 00:00 0 
7f346c0be000-7f346c1ba000 rw-p 00000000 00:00 0 
7f346c1ba000-7f346c1bb000 ---p 00000000 00:00 0 
7f346c1bb000-7f346c33c000 rw-p 00000000 00:00 0 
7f346c33c000-7f346c33d000 ---p 00000000 00:00 0 
7f346c33d000-7f346c43d000 rw-p 00000000 00:00 0 
7f346c43d000-7f346c43e000 ---p 00000000 00:00 0 
7f346c43e000-7f346c942000 rw-p 00000000 00:00 0 
7f346c942000-7f346c943000 ---p 00000000 00:00 0 
7f346c943000-7f346ca43000 rw-p 00000000 00:00 0 
7f346ca43000-7f346ca44000 ---p 00000000 00:00 0 
7f346ca44000-7f346cc3c000 rw-p 00000000 00:00 0 
7f346cc3c000-7f346da5c000 ---p 00000000 00:00 0 
7f346da5c000-7f346da83000 rw-p 00000000 00:00 0 
7f346da83000-7f346dc47000 ---p 00000000 00:00 0 
7f346dc47000-7f346dc67000 rw-p 00000000 00:00 0 
7f346dc67000-7f346de2b000 ---p 00000000 00:00 0 
7f346de2b000-7f346de4b000 rw-p 00000000 00:00 0 
7f346de4b000-7f346e00f000 ---p 00000000 00:00 0 
7f346e00f000-7f346e414000 rw-p 00000000 00:00 0 
7f346e414000-7f346e415000 ---p 00000000 00:00 0 
7f346e415000-7f346e51a000 rw-p 00000000 00:00 0 
7f346e51a000-7f346e600000 ---p 00000000 00:00 0 
7f346e600000-7f346e69a000 r--p 00000000 08:03 2360832                    /usr/lib/x86_64-linux-gnu/libstdc++.so.6.0.30
7f346e69a000-7f346e7ab000 r-xp 0009a000 08:03 2360832                    /usr/lib/x86_64-linux-gnu/libstdc++.so.6.0.30
7f346e7ab000-7f346e81a000 r--p 001ab000 08:03 2360832                    /usr/lib/x86_64-linux-gnu/libstdc++.so.6.0.30
7f346e81a000-7f346e81b000 ---p 0021a000 08:03 2360832                    /usr/lib/x86_64-linux-gnu/libstdc++.so.6.0.30
7f346e81b000-7f346e826000 r--p 0021a000 08:03 2360832                    /usr/lib/x86_64-linux-gnu/libstdc++.so.6.0.30
7f346e826000-7f346e829000 rw-p 00225000 08:03 2360832                    /usr/lib/x86_64-linux-gnu/libstdc++.so.6.0.30
7f346e829000-7f346e82c000 rw-p 00000000 00:00 0 
7f346e82f000-7f346e830000 r--p 00000000 08:03 2361439                    /usr/lib/x86_64-linux-gnu/libdl.so.2
7f346e830000-7f346e831000 r-xp 00001000 08:03 2361439                    /usr/lib/x86_64-linux-gnu/libdl.so.2
7f346e831000-7f346e832000 r--p 00002000 08:03 2361439                    /usr/lib/x86_64-linux-gnu/libdl.so.2
7f346e832000-7f346e833000 r--p 00002000 08:03 2361439                    /usr/lib/x86_64-linux-gnu/libdl.so.2
7f346e833000-7f346e834000 rw-p 00003000 08:03 2361439                    /usr/lib/x86_64-linux-gnu/libdl.so.2
7f346e834000-7f346e835000 r--p 00000000 08:03 2361473                    /usr/lib/x86_64-linux-gnu/libpthread.so.0
7f346e835000-7f346e836000 r-xp 00001000 08:03 2361473                    /usr/lib/x86_64-linux-gnu/libpthread.so.0
7f346e836000-7f346e837000 r--p 00002000 08:03 2361473                    /usr/lib/x86_64-linux-gnu/libpthread.so.0
7f346e837000-7f346e838000 r--p 00002000 08:03 2361473                    /usr/lib/x86_64-linux-gnu/libpthread.so.0
7f346e838000-7f346e839000 rw-p 00003000 08:03 2361473                    /usr/lib/x86_64-linux-gnu/libpthread.so.0
7f346e839000-7f346e83a000 r--p 00000000 08:03 265247                     /usr/lib/jvm/java-11-openjdk-amd64/lib/libextnet.so
7f346e83a000-7f346e83b000 r-xp 00001000 08:03 265247                     /usr/lib/jvm/java-11-openjdk-amd64/lib/libextnet.so
7f346e83b000-7f346e83c000 r--p 00002000 08:03 265247                     /usr/lib/jvm/java-11-openjdk-amd64/lib/libextnet.so
7f346e83c000-7f346e83d000 r--p 00002000 08:03 265247                     /usr/lib/jvm/java-11-openjdk-amd64/lib/libextnet.so
7f346e83d000-7f346e83e000 rw-p 00003000 08:03 265247                     /usr/lib/jvm/java-11-openjdk-amd64/lib/libextnet.so
7f346e83e000-7f346e8bf000 rw-p 00000000 00:00 0 
7f346e8bf000-7f346e9a5000 ---p 00000000 00:00 0 
7f346e9a5000-7f346e9aa000 rw-p 00000000 00:00 0 
7f346e9aa000-7f346e9b1000 ---p 00000000 00:00 0 
7f346e9b1000-7f346e9b3000 r--p 00000000 08:03 265274                     /usr/lib/jvm/java-11-openjdk-amd64/lib/libzip.so
7f346e9b3000-7f346e9b8000 r-xp 00002000 08:03 265274                     /usr/lib/jvm/java-11-openjdk-amd64/lib/libzip.so
7f346e9b8000-7f346e9ba000 r--p 00007000 08:03 265274                     /usr/lib/jvm/java-11-openjdk-amd64/lib/libzip.so
7f346e9ba000-7f346e9bb000 r--p 00008000 08:03 265274                     /usr/lib/jvm/java-11-openjdk-amd64/lib/libzip.so
7f346e9bb000-7f346e9bc000 rw-p 00009000 08:03 265274                     /usr/lib/jvm/java-11-openjdk-amd64/lib/libzip.so
7f346e9bc000-7f346e9c4000 rw-s 00000000 08:03 393239                     /tmp/hsperfdata_ubuntu/45965
7f346e9c4000-7f346e9c6000 r--p 00000000 08:03 265249                     /usr/lib/jvm/java-11-openjdk-amd64/lib/libinstrument.so
7f346e9c6000-7f346e9cd000 r-xp 00002000 08:03 265249                     /usr/lib/jvm/java-11-openjdk-amd64/lib/libinstrument.so
7f346e9cd000-7f346e9d0000 r--p 00009000 08:03 265249                     /usr/lib/jvm/java-11-openjdk-amd64/lib/libinstrument.so
7f346e9d0000-7f346e9d1000 r--p 0000b000 08:03 265249                     /usr/lib/jvm/java-11-openjdk-amd64/lib/libinstrument.so
7f346e9d1000-7f346e9d2000 rw-p 0000c000 08:03 265249                     /usr/lib/jvm/java-11-openjdk-amd64/lib/libinstrument.so
7f346e9d2000-7f346e9e0000 r--p 00000000 08:03 265254                     /usr/lib/jvm/java-11-openjdk-amd64/lib/libjava.so
7f346e9e0000-7f346e9f6000 r-xp 0000e000 08:03 265254                     /usr/lib/jvm/java-11-openjdk-amd64/lib/libjava.so
7f346e9f6000-7f346e9fd000 r--p 00024000 08:03 265254                     /usr/lib/jvm/java-11-openjdk-amd64/lib/libjava.so
7f346e9fd000-7f346e9fe000 r--p 0002a000 08:03 265254                     /usr/lib/jvm/java-11-openjdk-amd64/lib/libjava.so
7f346e9fe000-7f346e9ff000 rw-p 0002b000 08:03 265254                     /usr/lib/jvm/java-11-openjdk-amd64/lib/libjava.so
7f346e9ff000-7f346ea00000 rw-p 00000000 00:00 0 
7f346ea00000-7f346ec82000 r--p 00000000 08:03 265280                     /usr/lib/jvm/java-11-openjdk-amd64/lib/server/libjvm.so
7f346ec82000-7f346f920000 r-xp 00282000 08:03 265280                     /usr/lib/jvm/java-11-openjdk-amd64/lib/server/libjvm.so
7f346f920000-7f346fb7c000 r--p 00f20000 08:03 265280                     /usr/lib/jvm/java-11-openjdk-amd64/lib/server/libjvm.so
7f346fb7c000-7f346fc40000 r--p 0117b000 08:03 265280                     /usr/lib/jvm/java-11-openjdk-amd64/lib/server/libjvm.so
7f346fc40000-7f346fc7b000 rw-p 0123f000 08:03 265280                     /usr/lib/jvm/java-11-openjdk-amd64/lib/server/libjvm.so
7f346fc7b000-7f346fcd2000 rw-p 00000000 00:00 0 
7f346fcd2000-7f346fcd4000 r--p 00000000 08:03 265257                     /usr/lib/jvm/java-11-openjdk-amd64/lib/libjimage.so
7f346fcd4000-7f346fcd7000 r-xp 00002000 08:03 265257                     /usr/lib/jvm/java-11-openjdk-amd64/lib/libjimage.so
7f346fcd7000-7f346fcd8000 r--p 00005000 08:03 265257                     /usr/lib/jvm/java-11-openjdk-amd64/lib/libjimage.so
7f346fcd8000-7f346fcd9000 ---p 00006000 08:03 265257                     /usr/lib/jvm/java-11-openjdk-amd64/lib/libjimage.so
7f346fcd9000-7f346fcda000 r--p 00006000 08:03 265257                     /usr/lib/jvm/java-11-openjdk-amd64/lib/libjimage.so
7f346fcda000-7f346fcdb000 rw-p 00007000 08:03 265257                     /usr/lib/jvm/java-11-openjdk-amd64/lib/libjimage.so
7f346fcdb000-7f346fcdc000 r--p 00000000 08:03 2361484                    /usr/lib/x86_64-linux-gnu/librt.so.1
7f346fcdc000-7f346fcdd000 r-xp 00001000 08:03 2361484                    /usr/lib/x86_64-linux-gnu/librt.so.1
7f346fcdd000-7f346fcde000 r--p 00002000 08:03 2361484                    /usr/lib/x86_64-linux-gnu/librt.so.1
7f346fcde000-7f346fcdf000 r--p 00002000 08:03 2361484                    /usr/lib/x86_64-linux-gnu/librt.so.1
7f346fcdf000-7f346fce0000 rw-p 00003000 08:03 2361484                    /usr/lib/x86_64-linux-gnu/librt.so.1
7f346fce0000-7f346fce4000 ---p 00000000 00:00 0 
7f346fce4000-7f346fde0000 rw-p 00000000 00:00 0 
7f346fde0000-7f346fde3000 r--p 00000000 08:03 2359493                    /usr/lib/x86_64-linux-gnu/libgcc_s.so.1
7f346fde3000-7f346fdfa000 r-xp 00003000 08:03 2359493                    /usr/lib/x86_64-linux-gnu/libgcc_s.so.1
7f346fdfa000-7f346fdfe000 r--p 0001a000 08:03 2359493                    /usr/lib/x86_64-linux-gnu/libgcc_s.so.1
7f346fdfe000-7f346fdff000 r--p 0001d000 08:03 2359493                    /usr/lib/x86_64-linux-gnu/libgcc_s.so.1
7f346fdff000-7f346fe00000 rw-p 0001e000 08:03 2359493                    /usr/lib/x86_64-linux-gnu/libgcc_s.so.1
7f346fe00000-7f346fe28000 r--p 00000000 08:03 2361426                    /usr/lib/x86_64-linux-gnu/libc.so.6
7f346fe28000-7f346ffbd000 r-xp 00028000 08:03 2361426                    /usr/lib/x86_64-linux-gnu/libc.so.6
7f346ffbd000-7f3470015000 r--p 001bd000 08:03 2361426                    /usr/lib/x86_64-linux-gnu/libc.so.6
7f3470015000-7f3470016000 ---p 00215000 08:03 2361426                    /usr/lib/x86_64-linux-gnu/libc.so.6
7f3470016000-7f347001a000 r--p 00215000 08:03 2361426                    /usr/lib/x86_64-linux-gnu/libc.so.6
7f347001a000-7f347001c000 rw-p 00219000 08:03 2361426                    /usr/lib/x86_64-linux-gnu/libc.so.6
7f347001c000-7f3470029000 rw-p 00000000 00:00 0 
7f347002a000-7f347002b000 ---p 00000000 00:00 0 
7f347002b000-7f347002c000 r--p 00000000 00:00 0 
7f347002c000-7f347003a000 r--p 00000000 08:03 2361443                    /usr/lib/x86_64-linux-gnu/libm.so.6
7f347003a000-7f34700b6000 r-xp 0000e000 08:03 2361443                    /usr/lib/x86_64-linux-gnu/libm.so.6
7f34700b6000-7f3470111000 r--p 0008a000 08:03 2361443                    /usr/lib/x86_64-linux-gnu/libm.so.6
7f3470111000-7f3470112000 r--p 000e4000 08:03 2361443                    /usr/lib/x86_64-linux-gnu/libm.so.6
7f3470112000-7f3470113000 rw-p 000e5000 08:03 2361443                    /usr/lib/x86_64-linux-gnu/libm.so.6
7f3470113000-7f3470116000 rw-p 00000000 00:00 0 
7f3470116000-7f3470119000 r--p 00000000 08:03 265239                     /usr/lib/jvm/java-11-openjdk-amd64/lib/jli/libjli.so
7f3470119000-7f3470123000 r-xp 00003000 08:03 265239                     /usr/lib/jvm/java-11-openjdk-amd64/lib/jli/libjli.so
7f3470123000-7f3470126000 r--p 0000d000 08:03 265239                     /usr/lib/jvm/java-11-openjdk-amd64/lib/jli/libjli.so
7f3470126000-7f3470127000 ---p 00010000 08:03 265239                     /usr/lib/jvm/java-11-openjdk-amd64/lib/jli/libjli.so
7f3470127000-7f3470128000 r--p 00010000 08:03 265239                     /usr/lib/jvm/java-11-openjdk-amd64/lib/jli/libjli.so
7f3470128000-7f3470129000 rw-p 00011000 08:03 265239                     /usr/lib/jvm/java-11-openjdk-amd64/lib/jli/libjli.so
7f3470129000-7f347012b000 r--p 00000000 08:03 2367120                    /usr/lib/x86_64-linux-gnu/libz.so.1.2.11
7f347012b000-7f347013d000 r-xp 00002000 08:03 2367120                    /usr/lib/x86_64-linux-gnu/libz.so.1.2.11
7f347013d000-7f3470143000 r--p 00014000 08:03 2367120                    /usr/lib/x86_64-linux-gnu/libz.so.1.2.11
7f3470143000-7f3470144000 r--p 0001a000 08:03 2367120                    /usr/lib/x86_64-linux-gnu/libz.so.1.2.11
7f3470144000-7f3470145000 rw-p 0001b000 08:03 2367120                    /usr/lib/x86_64-linux-gnu/libz.so.1.2.11
7f3470145000-7f347014a000 r--p 00000000 08:03 265273                     /usr/lib/jvm/java-11-openjdk-amd64/lib/libverify.so
7f347014a000-7f3470151000 r-xp 00005000 08:03 265273                     /usr/lib/jvm/java-11-openjdk-amd64/lib/libverify.so
7f3470151000-7f3470153000 r--p 0000c000 08:03 265273                     /usr/lib/jvm/java-11-openjdk-amd64/lib/libverify.so
7f3470153000-7f3470155000 r--p 0000d000 08:03 265273                     /usr/lib/jvm/java-11-openjdk-amd64/lib/libverify.so
7f3470155000-7f3470156000 rw-p 0000f000 08:03 265273                     /usr/lib/jvm/java-11-openjdk-amd64/lib/libverify.so
7f3470156000-7f3470158000 rw-p 00000000 00:00 0 
7f3470158000-7f347015a000 r--p 00000000 08:03 2361301                    /usr/lib/x86_64-linux-gnu/ld-linux-x86-64.so.2
7f347015a000-7f3470184000 r-xp 00002000 08:03 2361301                    /usr/lib/x86_64-linux-gnu/ld-linux-x86-64.so.2
7f3470184000-7f347018f000 r--p 0002c000 08:03 2361301                    /usr/lib/x86_64-linux-gnu/ld-linux-x86-64.so.2
7f3470190000-7f3470192000 r--p 00037000 08:03 2361301                    /usr/lib/x86_64-linux-gnu/ld-linux-x86-64.so.2
7f3470192000-7f3470194000 rw-p 00039000 08:03 2361301                    /usr/lib/x86_64-linux-gnu/ld-linux-x86-64.so.2
7ffd85379000-7ffd8539a000 rw-p 00000000 00:00 0                          [stack]
7ffd8539a000-7ffd8539e000 r--p 00000000 00:00 0                          [vvar]
7ffd8539e000-7ffd853a0000 r-xp 00000000 00:00 0                          [vdso]
ffffffffff600000-ffffffffff601000 --xp 00000000 00:00 0                  [vsyscall]


VM Arguments:
jvm_args: -javaagent:/home/ubuntu/software/idea-IU-233.14475.28/lib/idea_rt.jar=42629:/home/ubuntu/software/idea-IU-233.14475.28/bin -Dfile.encoding=UTF-8 
java_command: Main tests/test1.c tests/Actual.ll
java_class_path (initial): /home/ubuntu/Lab/out/production/Lab:/usr/local/lib/antlr-4.9.1-complete.jar:/usr/local/lib/javacpp-1.5.7-linux-x86_64.jar:/usr/local/lib/javacpp-1.5.7.jar:/usr/local/lib/llvm-13.0.1-1.5.7-linux-x86_64.jar:/usr/local/lib/llvm-13.0.1-1.5.7.jar:/usr/local/lib/llvm-platform-13.0.1-1.5.7.jar
Launcher Type: SUN_STANDARD

[Global flags]
     intx CICompilerCount                          = 3                                         {product} {ergonomic}
     uint ConcGCThreads                            = 1                                         {product} {ergonomic}
     uint G1ConcRefinementThreads                  = 4                                         {product} {ergonomic}
   size_t G1HeapRegionSize                         = 1048576                                   {product} {ergonomic}
    uintx GCDrainStackTargetSize                   = 64                                        {product} {ergonomic}
   size_t InitialHeapSize                          = 65011712                                  {product} {ergonomic}
   size_t MarkStackSize                            = 4194304                                   {product} {ergonomic}
   size_t MaxHeapSize                              = 1015021568                                {product} {ergonomic}
   size_t MaxNewSize                               = 608174080                                 {product} {ergonomic}
   size_t MinHeapDeltaBytes                        = 1048576                                   {product} {ergonomic}
    uintx NonNMethodCodeHeapSize                   = 5830732                                {pd product} {ergonomic}
    uintx NonProfiledCodeHeapSize                  = 122913754                              {pd product} {ergonomic}
    uintx ProfiledCodeHeapSize                     = 122913754                              {pd product} {ergonomic}
    uintx ReservedCodeCacheSize                    = 251658240                              {pd product} {ergonomic}
     bool SegmentedCodeCache                       = true                                      {product} {ergonomic}
     bool UseCompressedClassPointers               = true                                 {lp64_product} {ergonomic}
     bool UseCompressedOops                        = true                                 {lp64_product} {ergonomic}
     bool UseG1GC                                  = true                                      {product} {ergonomic}

Logging:
Log output configuration:
 #0: stdout all=warning uptime,level,tags
 #1: stderr all=off uptime,level,tags

Environment Variables:
PATH=/usr/local/sbin:/usr/local/bin:/usr/sbin:/usr/bin:/sbin:/bin:/usr/games:/usr/local/games:/snap/bin:/snap/bin
USERNAME=ubuntu
SHELL=/bin/bash
DISPLAY=:0
LANG=zh_CN.UTF-8

Signal Handlers:
SIGSEGV: [libjvm.so+0xead700], sa_mask[0]=11111111011111111101111111111110, sa_flags=SA_RESTART|SA_SIGINFO
SIGBUS: [libjvm.so+0xead700], sa_mask[0]=11111111011111111101111111111110, sa_flags=SA_RESTART|SA_SIGINFO
SIGFPE: [libjvm.so+0xead700], sa_mask[0]=11111111011111111101111111111110, sa_flags=SA_RESTART|SA_SIGINFO
SIGPIPE: [libjvm.so+0xbefa50], sa_mask[0]=11111111011111111101111111111110, sa_flags=SA_RESTART|SA_SIGINFO
SIGXFSZ: [libjvm.so+0xbefa50], sa_mask[0]=11111111011111111101111111111110, sa_flags=SA_RESTART|SA_SIGINFO
SIGILL: [libjvm.so+0xead700], sa_mask[0]=11111111011111111101111111111110, sa_flags=SA_RESTART|SA_SIGINFO
SIGUSR2: [libjvm.so+0xbef8f0], sa_mask[0]=00100000000000000000000000000000, sa_flags=SA_RESTART|SA_SIGINFO
SIGHUP: [libjvm.so+0xbf00b0], sa_mask[0]=11111111011111111101111111111110, sa_flags=SA_RESTART|SA_SIGINFO
SIGINT: [libjvm.so+0xbf00b0], sa_mask[0]=11111111011111111101111111111110, sa_flags=SA_RESTART|SA_SIGINFO
SIGTERM: [libjvm.so+0xbf00b0], sa_mask[0]=11111111011111111101111111111110, sa_flags=SA_RESTART|SA_SIGINFO
SIGQUIT: [libjvm.so+0xbf00b0], sa_mask[0]=11111111011111111101111111111110, sa_flags=SA_RESTART|SA_SIGINFO


---------------  S Y S T E M  ---------------

OS:DISTRIB_ID=Ubuntu
DISTRIB_RELEASE=22.10
DISTRIB_CODENAME=kinetic
DISTRIB_DESCRIPTION="Ubuntu 22.10"
uname:Linux 6.5.0-21-generic #21~22.04.1-Ubuntu SMP PREEMPT_DYNAMIC Fri Feb  9 13:32:52 UTC 2 x86_64
OS uptime: 0 days 10:25 hours
libc:glibc 2.35 NPTL 2.35 
rlimit (soft/hard): STACK 8192k/infinity , CORE 0k/infinity , NPROC 15188/15188 , NOFILE 1048576/1048576 , AS infinity/infinity , CPU infinity/infinity , DATA infinity/infinity , FSIZE infinity/infinity , MEMLOCK 495444k/495444k
load average:1.17 0.95 0.71

/proc/meminfo:
MemTotal:        3963576 kB
MemFree:          752056 kB
MemAvailable:    1056240 kB
Buffers:            4884 kB
Cached:           441512 kB
SwapCached:       145664 kB
Active:          1819504 kB
Inactive:         686696 kB
Active(anon):    1625648 kB
Inactive(anon):   434248 kB
Active(file):     193856 kB
Inactive(file):   252448 kB
Unevictable:          16 kB
Mlocked:              16 kB
SwapTotal:       3991548 kB
SwapFree:        2010664 kB
Zswap:                 0 kB
Zswapped:              0 kB
Dirty:              8344 kB
Writeback:             0 kB
AnonPages:       2024388 kB
Mapped:           195104 kB
Shmem:                92 kB
KReclaimable:     124696 kB
Slab:             288040 kB
SReclaimable:     124696 kB
SUnreclaim:       163344 kB
KernelStack:       13056 kB
PageTables:        25460 kB
SecPageTables:         0 kB
NFS_Unstable:          0 kB
Bounce:                0 kB
WritebackTmp:          0 kB
CommitLimit:     5973336 kB
Committed_AS:    6141168 kB
VmallocTotal:   34359738367 kB
VmallocUsed:       43864 kB
VmallocChunk:          0 kB
Percpu:           102912 kB
HardwareCorrupted:     0 kB
AnonHugePages:         0 kB
ShmemHugePages:        0 kB
ShmemPmdMapped:        0 kB
FileHugePages:         0 kB
FilePmdMapped:         0 kB
Unaccepted:            0 kB
HugePages_Total:       0
HugePages_Free:        0
HugePages_Rsvd:        0
HugePages_Surp:        0
Hugepagesize:       2048 kB
Hugetlb:               0 kB
DirectMap4k:      165696 kB
DirectMap2M:     2979840 kB
DirectMap1G:     3145728 kB

/sys/kernel/mm/transparent_hugepage/enabled:
always [madvise] never
/sys/kernel/mm/transparent_hugepage/defrag (defrag/compaction efforts parameter):
always defer defer+madvise [madvise] never

Process Memory:
Virtual Size: 3934964K (peak: 12378248K)
Resident Set Size: 96340K (peak: 96340K) (anon: 39640K, file: 56700K, shmem: 0K)
Swapped out: 0K
C-Heap outstanding allocations: 19142K, retained: 3189K
glibc malloc tunables: (default)

/proc/sys/kernel/threads-max (system-wide limit on the number of threads):
30377
/proc/sys/vm/max_map_count (maximum number of memory map areas a process may have):
65530
/proc/sys/kernel/pid_max (system-wide limit on number of process identifiers):
4194304

container (cgroup) information:
container_type: cgroupv2
cpu_cpuset_cpus: not supported
cpu_memory_nodes: not supported
active_processor_count: 4
cpu_quota: not supported
cpu_period: not supported
cpu_shares: not supported
memory_limit_in_bytes: unlimited
memory_and_swap_limit_in_bytes: unlimited
memory_soft_limit_in_bytes: unlimited
memory_usage_in_bytes: 2228764 k
memory_max_usage_in_bytes: not supported
memory_swap_current_in_bytes: 1439720 k
memory_swap_max_limit_in_bytes: unlimited
maximum number of tasks: 4556
current number of tasks: 139

VMWare virtualization detected
Steal ticks since vm start: 0
Steal ticks percentage since vm start:  0.000

CPU:total 4 (initial active 4) (1 cores per cpu, 1 threads per core) family 25 model 80 stepping 0 microcode 0xffffffff, cmov, cx8, fxsr, mmx, sse, sse2, sse3, ssse3, sse4.1, sse4.2, popcnt, avx, avx2, aes, clmul, erms, mmxext, lzcnt, sse4a, tsc, tscinvbit, tscinv, bmi1, bmi2, adx, sha, fma
CPU Model and flags from /proc/cpuinfo:
model name	: AMD Ryzen 5 5600H with Radeon Graphics
flags		: fpu vme de pse tsc msr pae mce cx8 apic sep mtrr pge mca cmov pat pse36 clflush mmx fxsr sse sse2 syscall nx mmxext pdpe1gb rdtscp lm constant_tsc rep_good nopl tsc_reliable nonstop_tsc cpuid extd_apicid tsc_known_freq pni pclmulqdq ssse3 fma cx16 sse4_1 sse4_2 x2apic movbe popcnt aes xsave avx f16c rdrand hypervisor lahf_lm cr8_legacy abm sse4a misalignsse 3dnowprefetch osvw topoext ibpb vmmcall fsgsbase bmi1 avx2 smep bmi2 erms invpcid rdseed adx smap clflushopt clwb sha_ni xsaveopt xsavec xgetbv1 xsaves clzero arat umip vaes vpclmulqdq rdpid overflow_recov succor fsrm
Online cpus:
0-3
Offline cpus:
4-127
BIOS frequency limitation:
<Not Available>
Frequency switch latency (ns):
<Not Available>
Available cpu frequencies:
<Not Available>
Current governor:
<Not Available>
Core performance/turbo boost:
<Not Available>

Memory: 4k page, physical 3963576k(751804k free), swap 3991548k(2010664k free)

vm_info: OpenJDK 64-Bit Server VM (11.0.22+7-post-Ubuntu-0ubuntu222.04.1) for linux-amd64 JRE (11.0.22+7-post-Ubuntu-0ubuntu222.04.1), built on Feb  5 2024 20:45:01 by "unknown" with gcc 11.4.0

END.
