#
# A fatal error has been detected by the Java Runtime Environment:
#
#  SIGSEGV (0xb) at pc=0x00007f0c59fede80, pid=33396, tid=33398
#
# JRE version: OpenJDK Runtime Environment (11.0.22+7) (build 11.0.22+7-post-Ubuntu-0ubuntu222.04.1)
# Java VM: OpenJDK 64-Bit Server VM (11.0.22+7-post-Ubuntu-0ubuntu222.04.1, mixed mode, sharing, tiered, compressed oops, g1 gc, linux-amd64)
# Problematic frame:
# C  [libLLVM-13.so+0xbede80]  llvm::BasicBlock::getModule() const+0x0
#
# Core dump will be written. Default location: Core dumps may be processed with "/usr/share/apport/apport -p%p -s%s -c%c -d%d -P%P -u%u -g%g -- %E" (or dumping to /home/ubuntu/Lab/core.33396)
#
# If you would like to submit a bug report, please visit:
#   https://bugs.launchpad.net/ubuntu/+source/openjdk-lts
# The crash happened outside the Java Virtual Machine in native code.
# See problematic frame for where to report the bug.
#

---------------  S U M M A R Y ------------

Command Line: -agentlib:jdwp=transport=dt_socket,address=127.0.0.1:39437,suspend=y,server=n -javaagent:/home/ubuntu/software/idea-IU-233.14475.28/plugins/java/lib/rt/debugger-agent.jar -Dfile.encoding=UTF-8 Main tests/test1.c tests/Actual.ll

Host: AMD Ryzen 5 5600H with Radeon Graphics, 4 cores, 3G, Ubuntu 22.10
Time: Fri May 17 16:12:14 2024 CST elapsed time: 14.105170 seconds (0d 0h 0m 14s)

---------------  T H R E A D  ---------------

Current thread (0x00007f0cd0018800):  JavaThread "main" [_thread_in_native, id=33398, stack(0x00007f0cd6500000,0x00007f0cd6600000)]

Stack: [0x00007f0cd6500000,0x00007f0cd6600000],  sp=0x00007f0cd65fdff8,  free space=1015k
Native frames: (J=compiled Java code, A=aot compiled Java code, j=interpreted, Vv=VM code, C=native code)
C  [libLLVM-13.so+0xbede80]  llvm::BasicBlock::getModule() const+0x0

Java frames: (J=compiled Java code, j=interpreted, Vv=VM code)
j  org.bytedeco.llvm.global.LLVM.LLVMBuildAlloca(Lorg/bytedeco/llvm/LLVM/LLVMBuilderRef;Lorg/bytedeco/llvm/LLVM/LLVMTypeRef;Ljava/lang/String;)Lorg/bytedeco/llvm/LLVM/LLVMValueRef;+0
j  myVisitor.visitVarDef(LSysYParser$VarDefContext;)Lorg/bytedeco/llvm/LLVM/LLVMValueRef;+146
j  myVisitor.visitVarDef(LSysYParser$VarDefContext;)Ljava/lang/Object;+2
j  SysYParser$VarDefContext.accept(Lorg/antlr/v4/runtime/tree/ParseTreeVisitor;)Ljava/lang/Object;+12
j  org.antlr.v4.runtime.tree.AbstractParseTreeVisitor.visitChildren(Lorg/antlr/v4/runtime/tree/RuleNode;)Ljava/lang/Object;+46
j  SysYParserBaseVisitor.visitVarDecl(LSysYParser$VarDeclContext;)Ljava/lang/Object;+2
j  SysYParser$VarDeclContext.accept(Lorg/antlr/v4/runtime/tree/ParseTreeVisitor;)Ljava/lang/Object;+12
j  org.antlr.v4.runtime.tree.AbstractParseTreeVisitor.visitChildren(Lorg/antlr/v4/runtime/tree/RuleNode;)Ljava/lang/Object;+46
j  SysYParserBaseVisitor.visitDecl(LSysYParser$DeclContext;)Ljava/lang/Object;+2
j  SysYParser$DeclContext.accept(Lorg/antlr/v4/runtime/tree/ParseTreeVisitor;)Ljava/lang/Object;+12
j  org.antlr.v4.runtime.tree.AbstractParseTreeVisitor.visitChildren(Lorg/antlr/v4/runtime/tree/RuleNode;)Ljava/lang/Object;+46
j  SysYParserBaseVisitor.visitCompUnit(LSysYParser$CompUnitContext;)Ljava/lang/Object;+2
j  SysYParser$CompUnitContext.accept(Lorg/antlr/v4/runtime/tree/ParseTreeVisitor;)Ljava/lang/Object;+12
j  org.antlr.v4.runtime.tree.AbstractParseTreeVisitor.visitChildren(Lorg/antlr/v4/runtime/tree/RuleNode;)Ljava/lang/Object;+46
j  SysYParserBaseVisitor.visitProgram(LSysYParser$ProgramContext;)Ljava/lang/Object;+2
j  SysYParser$ProgramContext.accept(Lorg/antlr/v4/runtime/tree/ParseTreeVisitor;)Ljava/lang/Object;+12
j  org.antlr.v4.runtime.tree.AbstractParseTreeVisitor.visit(Lorg/antlr/v4/runtime/tree/ParseTree;)Ljava/lang/Object;+2
j  Main.main([Ljava/lang/String;)V+79
v  ~StubRoutines::call_stub

siginfo: si_signo: 11 (SIGSEGV), si_code: 1 (SEGV_MAPERR), si_addr: 0x0000000000000038

Register to memory mapping:

RAX=0x00007f0c68002ff0 points into unknown readable memory: 0x007265746e696f70 | 70 6f 69 6e 74 65 72 00
RBX={method} {0x00007f0cb1626d68} 'LLVMBuildAlloca' '(Lorg/bytedeco/llvm/LLVM/LLVMBuilderRef;Lorg/bytedeco/llvm/LLVM/LLVMTypeRef;Ljava/lang/String;)Lorg/bytedeco/llvm/LLVM/LLVMValueRef;' in 'org/bytedeco/llvm/global/LLVM'
RCX=0x000000007265746e is an unknown value
RDX=0x00007f0c68002ff0 points into unknown readable memory: 0x007265746e696f70 | 70 6f 69 6e 74 65 72 00
RSP=0x00007f0cd65fdff8 is pointing into the stack for thread: 0x00007f0cd0018800
RBP=0x00007f0cd03e68b0 points into unknown readable memory: 0x00007f0cd03e68c0 | c0 68 3e d0 0c 7f 00 00
RSI=0x0000000000000101 is an unknown value
RDI=0x0 is NULL
R8 =0x00000000c69cd0e8 points into unknown readable memory: 0x007265746e696f70 | 70 6f 69 6e 74 65 72 00
R9 =0x0000000000000002 is an unknown value
R10=0x00007f0c594d98a0: <offset 0x00000000000d98a0> in /home/ubuntu/.javacpp/cache/llvm-13.0.1-1.5.7-linux-x86_64.jar/org/bytedeco/llvm/linux-x86_64/libLLVM-13.so at 0x00007f0c59400000
R11=0x00007f0c5a02c610: LLVMBuildAlloca+0x0000000000000000 in /home/ubuntu/.javacpp/cache/llvm-13.0.1-1.5.7-linux-x86_64.jar/org/bytedeco/llvm/linux-x86_64/libLLVM-13.so at 0x00007f0c59400000
R12=0x0 is NULL
R13=0x00007f0cd040a068 points into unknown readable memory: 0x00007f0cd04098e0 | e0 98 40 d0 0c 7f 00 00
R14=0x00007f0c68002ff0 points into unknown readable memory: 0x007265746e696f70 | 70 6f 69 6e 74 65 72 00
R15=0x00007f0cd0018800 is a thread


Registers:
RAX=0x00007f0c68002ff0, RBX=0x00007f0cb1626d68, RCX=0x000000007265746e, RDX=0x00007f0c68002ff0
RSP=0x00007f0cd65fdff8, RBP=0x00007f0cd03e68b0, RSI=0x0000000000000101, RDI=0x0000000000000000
R8 =0x00000000c69cd0e8, R9 =0x0000000000000002, R10=0x00007f0c594d98a0, R11=0x00007f0c5a02c610
R12=0x0000000000000000, R13=0x00007f0cd040a068, R14=0x00007f0c68002ff0, R15=0x00007f0cd0018800
RIP=0x00007f0c59fede80, EFLAGS=0x0000000000010202, CSGSFS=0x002b000000000033, ERR=0x0000000000000004
  TRAPNO=0x000000000000000e

Top of Stack: (sp=0x00007f0cd65fdff8)
0x00007f0cd65fdff8:   00007f0c5a02c645 00007f0c68002ff0
0x00007f0cd65fe008:   00007f0cd0018800 00007f0cd0018800
0x00007f0cd65fe018:   0000000000000000 00007f0cd0010103
0x00007f0cd65fe028:   00007f0cd0129ca0 0000000000000008 

Instructions: (pc=0x00007f0c59fede80)
0x00007f0c59fedd80:   ff 66 0f ef c0 48 89 02 48 89 50 08 41 0f 11 45
0x00007f0c59fedd90:   00 e8 5a 4b 17 00 4c 39 f3 75 c5 4d 8b 6c 24 30
0x00007f0c59fedda0:   4c 39 ed 74 3b 0f 1f 00 4c 89 eb 48 89 ef 4d 8b
0x00007f0c59feddb0:   6d 08 4c 8d 73 e8 4c 89 f6 e8 42 fd ff ff 48 8b
0x00007f0c59feddc0:   03 48 8b 53 08 66 0f ef c9 4c 89 f7 48 89 02 48
0x00007f0c59feddd0:   89 50 08 0f 11 0b e8 15 4b 17 00 4c 39 ed 75 c8
0x00007f0c59fedde0:   48 83 c4 08 4c 89 e7 5b 5d 41 5c 41 5d 41 5e 41
0x00007f0c59feddf0:   5f e9 fa 48 17 00 66 2e 0f 1f 84 00 00 00 00 00
0x00007f0c59fede00:   48 8d 4b e8 48 89 c8 48 29 d0 e9 11 ff ff ff 90
0x00007f0c59fede10:   48 8b 07 48 8b 38 e8 45 13 16 00 31 d2 be 01 00
0x00007f0c59fede20:   00 00 48 89 c7 e8 b6 2a 02 00 48 89 c3 49 8b 44
0x00007f0c59fede30:   24 08 48 85 c0 0f 84 a2 fe ff ff 0f 1f 44 00 00
0x00007f0c59fede40:   48 8b 68 18 31 d2 48 89 df 48 8b 75 00 e8 ae bc
0x00007f0c59fede50:   02 00 48 89 ef 48 89 c6 e8 63 65 17 00 48 89 ef
0x00007f0c59fede60:   e8 4b 81 02 00 49 8b 44 24 08 48 85 c0 75 d1 e9
0x00007f0c59fede70:   69 fe ff ff 66 2e 0f 1f 84 00 00 00 00 00 66 90
0x00007f0c59fede80:   48 8b 47 38 48 8b 40 28 c3 0f 1f 80 00 00 00 00
0x00007f0c59fede90:   48 8b 47 28 48 83 c7 28 48 39 f8 74 2b 48 85 c0
0x00007f0c59fedea0:   0f 84 9e 9d d3 ff 4c 8d 40 e8 0f b6 40 f8 83 e8
0x00007f0c59fedeb0:   1b 83 f8 0b b8 00 00 00 00 4c 0f 43 c0 4c 89 c0
0x00007f0c59fedec0:   c3 0f 1f 80 00 00 00 00 45 31 c0 eb f0 0f 1f 00
0x00007f0c59feded0:   48 8b 47 28 48 8d 57 28 48 39 d0 0f 84 af 00 00
0x00007f0c59fedee0:   00 48 85 c0 0f 84 64 9d d3 ff 45 31 c0 80 78 f8
0x00007f0c59fedef0:   1b 75 23 48 8b 57 30 48 8d 48 e8 48 85 d2 74 09
0x00007f0c59fedf00:   48 83 ea 18 48 39 d1 74 0d 48 8b 50 10 45 31 c0
0x00007f0c59fedf10:   48 39 42 30 75 0a 4c 89 c0 c3 66 0f 1f 44 00 00
0x00007f0c59fedf20:   4c 8b 00 4d 85 c0 74 ee 8b 50 fc 49 8d 48 e8 81
0x00007f0c59fedf30:   e2 ff ff ff 07 74 3e 89 d2 48 f7 da 48 c1 e2 05
0x00007f0c59fedf40:   48 8b 44 10 e8 48 85 c0 74 2b 48 39 c1 75 41 41
0x00007f0c59fedf50:   80 78 f8 4b 75 1f 49 8b 40 10 4c 39 40 30 74 30
0x00007f0c59fedf60:   49 8b 48 c8 4d 8b 00 4d 85 c0 74 aa 49 83 e8 18
0x00007f0c59fedf70:   4c 39 c1 75 1b 45 31 c0 80 79 10 52 75 98 0f b7 


Stack slot to memory mapping:
stack at sp + 0 slots: 0x00007f0c5a02c645: LLVMBuildAlloca+0x0000000000000035 in /home/ubuntu/.javacpp/cache/llvm-13.0.1-1.5.7-linux-x86_64.jar/org/bytedeco/llvm/linux-x86_64/libLLVM-13.so at 0x00007f0c59400000
stack at sp + 1 slots: 0x00007f0c68002ff0 points into unknown readable memory: 0x007265746e696f70 | 70 6f 69 6e 74 65 72 00
stack at sp + 2 slots: 0x00007f0cd0018800 is a thread
stack at sp + 3 slots: 0x00007f0cd0018800 is a thread
stack at sp + 4 slots: 0x0 is NULL
stack at sp + 5 slots: 0x00007f0cd0010103 points into unknown readable memory: 00 00 00 06 00
stack at sp + 6 slots: 0x00007f0cd0129ca0 points into unknown readable memory: 0x00000000c69cd0d8 | d8 d0 9c c6 00 00 00 00
stack at sp + 7 slots: 0x0000000000000008 is an unknown value


---------------  P R O C E S S  ---------------

Threads class SMR info:
_java_thread_list=0x00007f0cd021c5e0, length=13, elements={
0x00007f0cd0018800, 0x00007f0cd012b800, 0x00007f0cd012d800, 0x00007f0cd0132000,
0x00007f0cd0134000, 0x00007f0cd0136000, 0x00007f0cd0138000, 0x00007f0cd013a000,
0x00007f0cd0148000, 0x00007f0cd0194000, 0x00007f0cd0198800, 0x00007f0c70001800,
0x00007f0cd021b000
}

Java Threads: ( => current thread )
=>0x00007f0cd0018800 JavaThread "main" [_thread_in_native, id=33398, stack(0x00007f0cd6500000,0x00007f0cd6600000)]
  0x00007f0cd012b800 JavaThread "Reference Handler" daemon [_thread_blocked, id=33412, stack(0x00007f0cb0ed4000,0x00007f0cb0fd4000)]
  0x00007f0cd012d800 JavaThread "Finalizer" daemon [_thread_blocked, id=33413, stack(0x00007f0cb0dd4000,0x00007f0cb0ed4000)]
  0x00007f0cd0132000 JavaThread "Signal Dispatcher" daemon [_thread_blocked, id=33416, stack(0x00007f0cb0cd4000,0x00007f0cb0dd4000)]
  0x00007f0cd0134000 JavaThread "Service Thread" daemon [_thread_blocked, id=33417, stack(0x00007f0cb0bd4000,0x00007f0cb0cd4000)]
  0x00007f0cd0136000 JavaThread "C2 CompilerThread0" daemon [_thread_blocked, id=33419, stack(0x00007f0cb0ad4000,0x00007f0cb0bd4000)]
  0x00007f0cd0138000 JavaThread "C1 CompilerThread0" daemon [_thread_blocked, id=33420, stack(0x00007f0cb09d4000,0x00007f0cb0ad4000)]
  0x00007f0cd013a000 JavaThread "Sweeper thread" daemon [_thread_blocked, id=33422, stack(0x00007f0cb08d4000,0x00007f0cb09d4000)]
  0x00007f0cd0148000 JavaThread "Common-Cleaner" daemon [_thread_blocked, id=33425, stack(0x00007f0cb07d4000,0x00007f0cb08d4000)]
  0x00007f0cd0194000 JavaThread "JDWP Transport Listener: dt_socket" daemon [_thread_blocked, id=33428, stack(0x00007f0cb06d4000,0x00007f0cb07d4000)]
  0x00007f0cd0198800 JavaThread "JDWP Event Helper Thread" daemon [_thread_blocked, id=33430, stack(0x00007f0cb05d4000,0x00007f0cb06d4000)]
  0x00007f0c70001800 JavaThread "JDWP Command Reader" daemon [_thread_in_native, id=33432, stack(0x00007f0cb04d4000,0x00007f0cb05d4000)]
  0x00007f0cd021b000 JavaThread "JavaCPP Deallocator" daemon [_thread_blocked, id=33436, stack(0x00007f0cb02d3000,0x00007f0cb03d3000)]

Other Threads:
  0x00007f0cd0128800 VMThread "VM Thread" [stack: 0x00007f0cb0fd5000,0x00007f0cb10d5000] [id=33410]
  0x00007f0cd01a9800 WatcherThread [stack: 0x00007f0cb03d4000,0x00007f0cb04d4000] [id=33434]
  0x00007f0cd0033000 GCTaskThread "GC Thread#0" [stack: 0x00007f0cd4300000,0x00007f0cd4400000] [id=33400]
  0x00007f0cd004d800 ConcurrentGCThread "G1 Main Marker" [stack: 0x00007f0cb8037000,0x00007f0cb8137000] [id=33401]
  0x00007f0cd004f800 ConcurrentGCThread "G1 Conc#0" [stack: 0x00007f0cb1edc000,0x00007f0cb1fdc000] [id=33404]
  0x00007f0cd0093000 ConcurrentGCThread "G1 Refine#0" [stack: 0x00007f0cb19d7000,0x00007f0cb1ad7000] [id=33407]
  0x00007f0cd0095000 ConcurrentGCThread "G1 Young RemSet Sampling" [stack: 0x00007f0cb18d6000,0x00007f0cb19d6000] [id=33408]

Threads with active compile tasks:

VM state:not at safepoint (normal execution)

VM Mutex/Monitor currently owned by a thread: None

Heap address: 0x00000000c3800000, size: 968 MB, Compressed Oops mode: 32-bit
Narrow klass base: 0x0000000800000000, Narrow klass shift: 3
Compressed class space size: 1073741824 Address: 0x0000000840000000

Heap:
 garbage-first heap   total 65536K, used 11984K [0x00000000c3800000, 0x0000000100000000)
  region size 1024K, 13 young (13312K), 0 survivors (0K)
 Metaspace       used 3663K, capacity 6518K, committed 6656K, reserved 1056768K
  class space    used 397K, capacity 681K, committed 768K, reserved 1048576K
Heap Regions: E=young(eden), S=young(survivor), O=old, HS=humongous(starts), HC=humongous(continues), CS=collection set, F=free, A=archive, TAMS=top-at-mark-start (previous, next)
|   0|0x00000000c3800000, 0x00000000c3800000, 0x00000000c3900000|  0%| F|  |TAMS 0x00000000c3800000, 0x00000000c3800000| Untracked 
|   1|0x00000000c3900000, 0x00000000c3900000, 0x00000000c3a00000|  0%| F|  |TAMS 0x00000000c3900000, 0x00000000c3900000| Untracked 
|   2|0x00000000c3a00000, 0x00000000c3a00000, 0x00000000c3b00000|  0%| F|  |TAMS 0x00000000c3a00000, 0x00000000c3a00000| Untracked 
|   3|0x00000000c3b00000, 0x00000000c3b00000, 0x00000000c3c00000|  0%| F|  |TAMS 0x00000000c3b00000, 0x00000000c3b00000| Untracked 
|   4|0x00000000c3c00000, 0x00000000c3c00000, 0x00000000c3d00000|  0%| F|  |TAMS 0x00000000c3c00000, 0x00000000c3c00000| Untracked 
|   5|0x00000000c3d00000, 0x00000000c3d00000, 0x00000000c3e00000|  0%| F|  |TAMS 0x00000000c3d00000, 0x00000000c3d00000| Untracked 
|   6|0x00000000c3e00000, 0x00000000c3e00000, 0x00000000c3f00000|  0%| F|  |TAMS 0x00000000c3e00000, 0x00000000c3e00000| Untracked 
|   7|0x00000000c3f00000, 0x00000000c3f00000, 0x00000000c4000000|  0%| F|  |TAMS 0x00000000c3f00000, 0x00000000c3f00000| Untracked 
|   8|0x00000000c4000000, 0x00000000c4000000, 0x00000000c4100000|  0%| F|  |TAMS 0x00000000c4000000, 0x00000000c4000000| Untracked 
|   9|0x00000000c4100000, 0x00000000c4100000, 0x00000000c4200000|  0%| F|  |TAMS 0x00000000c4100000, 0x00000000c4100000| Untracked 
|  10|0x00000000c4200000, 0x00000000c4200000, 0x00000000c4300000|  0%| F|  |TAMS 0x00000000c4200000, 0x00000000c4200000| Untracked 
|  11|0x00000000c4300000, 0x00000000c4300000, 0x00000000c4400000|  0%| F|  |TAMS 0x00000000c4300000, 0x00000000c4300000| Untracked 
|  12|0x00000000c4400000, 0x00000000c4400000, 0x00000000c4500000|  0%| F|  |TAMS 0x00000000c4400000, 0x00000000c4400000| Untracked 
|  13|0x00000000c4500000, 0x00000000c4500000, 0x00000000c4600000|  0%| F|  |TAMS 0x00000000c4500000, 0x00000000c4500000| Untracked 
|  14|0x00000000c4600000, 0x00000000c4600000, 0x00000000c4700000|  0%| F|  |TAMS 0x00000000c4600000, 0x00000000c4600000| Untracked 
|  15|0x00000000c4700000, 0x00000000c4700000, 0x00000000c4800000|  0%| F|  |TAMS 0x00000000c4700000, 0x00000000c4700000| Untracked 
|  16|0x00000000c4800000, 0x00000000c4800000, 0x00000000c4900000|  0%| F|  |TAMS 0x00000000c4800000, 0x00000000c4800000| Untracked 
|  17|0x00000000c4900000, 0x00000000c4900000, 0x00000000c4a00000|  0%| F|  |TAMS 0x00000000c4900000, 0x00000000c4900000| Untracked 
|  18|0x00000000c4a00000, 0x00000000c4a00000, 0x00000000c4b00000|  0%| F|  |TAMS 0x00000000c4a00000, 0x00000000c4a00000| Untracked 
|  19|0x00000000c4b00000, 0x00000000c4b00000, 0x00000000c4c00000|  0%| F|  |TAMS 0x00000000c4b00000, 0x00000000c4b00000| Untracked 
|  20|0x00000000c4c00000, 0x00000000c4c00000, 0x00000000c4d00000|  0%| F|  |TAMS 0x00000000c4c00000, 0x00000000c4c00000| Untracked 
|  21|0x00000000c4d00000, 0x00000000c4d00000, 0x00000000c4e00000|  0%| F|  |TAMS 0x00000000c4d00000, 0x00000000c4d00000| Untracked 
|  22|0x00000000c4e00000, 0x00000000c4e00000, 0x00000000c4f00000|  0%| F|  |TAMS 0x00000000c4e00000, 0x00000000c4e00000| Untracked 
|  23|0x00000000c4f00000, 0x00000000c4f00000, 0x00000000c5000000|  0%| F|  |TAMS 0x00000000c4f00000, 0x00000000c4f00000| Untracked 
|  24|0x00000000c5000000, 0x00000000c5000000, 0x00000000c5100000|  0%| F|  |TAMS 0x00000000c5000000, 0x00000000c5000000| Untracked 
|  25|0x00000000c5100000, 0x00000000c5100000, 0x00000000c5200000|  0%| F|  |TAMS 0x00000000c5100000, 0x00000000c5100000| Untracked 
|  26|0x00000000c5200000, 0x00000000c5200000, 0x00000000c5300000|  0%| F|  |TAMS 0x00000000c5200000, 0x00000000c5200000| Untracked 
|  27|0x00000000c5300000, 0x00000000c5300000, 0x00000000c5400000|  0%| F|  |TAMS 0x00000000c5300000, 0x00000000c5300000| Untracked 
|  28|0x00000000c5400000, 0x00000000c5400000, 0x00000000c5500000|  0%| F|  |TAMS 0x00000000c5400000, 0x00000000c5400000| Untracked 
|  29|0x00000000c5500000, 0x00000000c5500000, 0x00000000c5600000|  0%| F|  |TAMS 0x00000000c5500000, 0x00000000c5500000| Untracked 
|  30|0x00000000c5600000, 0x00000000c5600000, 0x00000000c5700000|  0%| F|  |TAMS 0x00000000c5600000, 0x00000000c5600000| Untracked 
|  31|0x00000000c5700000, 0x00000000c5700000, 0x00000000c5800000|  0%| F|  |TAMS 0x00000000c5700000, 0x00000000c5700000| Untracked 
|  32|0x00000000c5800000, 0x00000000c5800000, 0x00000000c5900000|  0%| F|  |TAMS 0x00000000c5800000, 0x00000000c5800000| Untracked 
|  33|0x00000000c5900000, 0x00000000c5900000, 0x00000000c5a00000|  0%| F|  |TAMS 0x00000000c5900000, 0x00000000c5900000| Untracked 
|  34|0x00000000c5a00000, 0x00000000c5a00000, 0x00000000c5b00000|  0%| F|  |TAMS 0x00000000c5a00000, 0x00000000c5a00000| Untracked 
|  35|0x00000000c5b00000, 0x00000000c5b00000, 0x00000000c5c00000|  0%| F|  |TAMS 0x00000000c5b00000, 0x00000000c5b00000| Untracked 
|  36|0x00000000c5c00000, 0x00000000c5c00000, 0x00000000c5d00000|  0%| F|  |TAMS 0x00000000c5c00000, 0x00000000c5c00000| Untracked 
|  37|0x00000000c5d00000, 0x00000000c5d00000, 0x00000000c5e00000|  0%| F|  |TAMS 0x00000000c5d00000, 0x00000000c5d00000| Untracked 
|  38|0x00000000c5e00000, 0x00000000c5e00000, 0x00000000c5f00000|  0%| F|  |TAMS 0x00000000c5e00000, 0x00000000c5e00000| Untracked 
|  39|0x00000000c5f00000, 0x00000000c5f00000, 0x00000000c6000000|  0%| F|  |TAMS 0x00000000c5f00000, 0x00000000c5f00000| Untracked 
|  40|0x00000000c6000000, 0x00000000c6000000, 0x00000000c6100000|  0%| F|  |TAMS 0x00000000c6000000, 0x00000000c6000000| Untracked 
|  41|0x00000000c6100000, 0x00000000c6100000, 0x00000000c6200000|  0%| F|  |TAMS 0x00000000c6100000, 0x00000000c6100000| Untracked 
|  42|0x00000000c6200000, 0x00000000c6200000, 0x00000000c6300000|  0%| F|  |TAMS 0x00000000c6200000, 0x00000000c6200000| Untracked 
|  43|0x00000000c6300000, 0x00000000c6300000, 0x00000000c6400000|  0%| F|  |TAMS 0x00000000c6300000, 0x00000000c6300000| Untracked 
|  44|0x00000000c6400000, 0x00000000c6400000, 0x00000000c6500000|  0%| F|  |TAMS 0x00000000c6400000, 0x00000000c6400000| Untracked 
|  45|0x00000000c6500000, 0x00000000c6500000, 0x00000000c6600000|  0%| F|  |TAMS 0x00000000c6500000, 0x00000000c6500000| Untracked 
|  46|0x00000000c6600000, 0x00000000c6600000, 0x00000000c6700000|  0%| F|  |TAMS 0x00000000c6600000, 0x00000000c6600000| Untracked 
|  47|0x00000000c6700000, 0x00000000c6700000, 0x00000000c6800000|  0%| F|  |TAMS 0x00000000c6700000, 0x00000000c6700000| Untracked 
|  48|0x00000000c6800000, 0x00000000c6800000, 0x00000000c6900000|  0%| F|  |TAMS 0x00000000c6800000, 0x00000000c6800000| Untracked 
|  49|0x00000000c6900000, 0x00000000c69d7920, 0x00000000c6a00000| 84%| E|  |TAMS 0x00000000c6900000, 0x00000000c6900000| Complete 
|  50|0x00000000c6a00000, 0x00000000c6b00000, 0x00000000c6b00000|100%| E|CS|TAMS 0x00000000c6a00000, 0x00000000c6a00000| Complete 
|  51|0x00000000c6b00000, 0x00000000c6c00000, 0x00000000c6c00000|100%| E|CS|TAMS 0x00000000c6b00000, 0x00000000c6b00000| Complete 
|  52|0x00000000c6c00000, 0x00000000c6d00000, 0x00000000c6d00000|100%| E|CS|TAMS 0x00000000c6c00000, 0x00000000c6c00000| Complete 
|  53|0x00000000c6d00000, 0x00000000c6e00000, 0x00000000c6e00000|100%| E|  |TAMS 0x00000000c6d00000, 0x00000000c6d00000| Complete 
|  54|0x00000000c6e00000, 0x00000000c6f00000, 0x00000000c6f00000|100%| E|CS|TAMS 0x00000000c6e00000, 0x00000000c6e00000| Complete 
|  55|0x00000000c6f00000, 0x00000000c7000000, 0x00000000c7000000|100%| E|CS|TAMS 0x00000000c6f00000, 0x00000000c6f00000| Complete 
|  56|0x00000000c7000000, 0x00000000c7100000, 0x00000000c7100000|100%| E|CS|TAMS 0x00000000c7000000, 0x00000000c7000000| Complete 
|  57|0x00000000c7100000, 0x00000000c7200000, 0x00000000c7200000|100%| E|CS|TAMS 0x00000000c7100000, 0x00000000c7100000| Complete 
|  58|0x00000000c7200000, 0x00000000c7300000, 0x00000000c7300000|100%| E|CS|TAMS 0x00000000c7200000, 0x00000000c7200000| Complete 
|  59|0x00000000c7300000, 0x00000000c7400000, 0x00000000c7400000|100%| E|CS|TAMS 0x00000000c7300000, 0x00000000c7300000| Complete 
|  60|0x00000000c7400000, 0x00000000c7500000, 0x00000000c7500000|100%| E|CS|TAMS 0x00000000c7400000, 0x00000000c7400000| Complete 
|  61|0x00000000c7500000, 0x00000000c7600000, 0x00000000c7600000|100%| E|CS|TAMS 0x00000000c7500000, 0x00000000c7500000| Complete 
| 966|0x00000000ffe00000, 0x00000000ffe48000, 0x00000000fff00000| 28%|OA|  |TAMS 0x00000000ffe00000, 0x00000000ffe00000| Untracked 
| 967|0x00000000fff00000, 0x00000000fff6c000, 0x0000000100000000| 42%|CA|  |TAMS 0x00000000fff00000, 0x00000000fff00000| Untracked 

Card table byte_map: [0x00007f0cb8137000,0x00007f0cb831b000] _byte_map_base: 0x00007f0cb7b1b000

Marking Bits (Prev, Next): (CMBitMap*) 0x00007f0cd0048f88, (CMBitMap*) 0x00007f0cd0048fc0
 Prev Bits: [0x00007f0cb2efc000, 0x00007f0cb3e1c000)
 Next Bits: [0x00007f0cb1fdc000, 0x00007f0cb2efc000)

Polling page: 0x00007f0cd682a000

Metaspace:

Usage:
  Non-class:      5.70 MB capacity,     3.19 MB ( 56%) used,     2.50 MB ( 44%) free+waste,     5.75 KB ( <1%) overhead. 
      Class:    681.00 KB capacity,   397.26 KB ( 58%) used,   280.87 KB ( 41%) free+waste,     2.88 KB ( <1%) overhead. 
       Both:      6.37 MB capacity,     3.58 MB ( 56%) used,     2.78 MB ( 44%) free+waste,     8.62 KB ( <1%) overhead. 

Virtual space:
  Non-class space:        8.00 MB reserved,       5.75 MB ( 72%) committed 
      Class space:        1.00 GB reserved,     768.00 KB ( <1%) committed 
             Both:        1.01 GB reserved,       6.50 MB ( <1%) committed 

Chunk freelists:
   Non-Class:  31.00 KB
       Class:  23.00 KB
        Both:  54.00 KB

MaxMetaspaceSize: unlimited
CompressedClassSpaceSize: 1.00 GB
Initial GC threshold: 20.80 MB
Current GC threshold: 20.80 MB
CDS: on

CodeHeap 'non-profiled nmethods': size=120032Kb used=191Kb max_used=191Kb free=119840Kb
 bounds [0x00007f0cc00c8000, 0x00007f0cc0338000, 0x00007f0cc7600000]
CodeHeap 'profiled nmethods': size=120032Kb used=1275Kb max_used=1275Kb free=118757Kb
 bounds [0x00007f0cb8b90000, 0x00007f0cb8e00000, 0x00007f0cc00c8000]
CodeHeap 'non-nmethods': size=5696Kb used=1199Kb max_used=1213Kb free=4496Kb
 bounds [0x00007f0cb8600000, 0x00007f0cb8870000, 0x00007f0cb8b90000]
 total_blobs=1082 nmethods=691 adapters=313
 compilation: enabled
              stopped_count=0, restarted_count=0
 full_count=0

Compilation events (20 events):
Event: 0.687 Thread 0x00007f0cd0138000 nmethod 683 0x00007f0cb8cc8e90 code [0x00007f0cb8cc90c0, 0x00007f0cb8cc9710]
Event: 0.687 Thread 0x00007f0cd0138000  686   !   3       jdk.internal.loader.URLClassPath$FileLoader::getResource (164 bytes)
Event: 0.687 Thread 0x00007f0cd0136000 nmethod 645 0x00007f0cc00f6c90 code [0x00007f0cc00f6e40, 0x00007f0cc00f73f8]
Event: 0.687 Thread 0x00007f0cd0136000  653       4       java.util.zip.ZipUtils::get16 (21 bytes)
Event: 0.688 Thread 0x00007f0cd0136000 nmethod 653 0x00007f0cc00f7810 code [0x00007f0cc00f79a0, 0x00007f0cc00f7a38]
Event: 0.688 Thread 0x00007f0cd0138000 nmethod 686 0x00007f0cb8cc9890 code [0x00007f0cb8cc9ba0, 0x00007f0cb8ccab00]
Event: 0.688 Thread 0x00007f0cd0138000  684       3       jdk.internal.loader.URLClassPath$JarLoader$2::getCodeSourceURL (8 bytes)
Event: 0.688 Thread 0x00007f0cd0138000 nmethod 684 0x00007f0cb8ccb310 code [0x00007f0cb8ccb4c0, 0x00007f0cb8ccb5f0]
Event: 0.688 Thread 0x00007f0cd0138000  685       3       jdk.internal.loader.URLClassPath$JarLoader$2::getManifest (26 bytes)
Event: 0.688 Thread 0x00007f0cd0138000 nmethod 685 0x00007f0cb8ccb690 code [0x00007f0cb8ccb8a0, 0x00007f0cb8ccbda0]
Event: 0.688 Thread 0x00007f0cd0138000  687       3       java.util.jar.Attributes::getValue (9 bytes)
Event: 0.688 Thread 0x00007f0cd0138000 nmethod 687 0x00007f0cb8ccc010 code [0x00007f0cb8ccc1e0, 0x00007f0cb8ccc540]
Event: 0.688 Thread 0x00007f0cd0138000  688       3       java.io.FilterInputStream::<init> (10 bytes)
Event: 0.688 Thread 0x00007f0cd0136000  689       4       java.lang.AbstractStringBuilder::<init> (39 bytes)
Event: 0.688 Thread 0x00007f0cd0138000 nmethod 688 0x00007f0cb8ccc690 code [0x00007f0cb8ccc840, 0x00007f0cb8ccca70]
Event: 0.689 Thread 0x00007f0cd0138000  690       3       java.lang.ClassLoader::definePackage (84 bytes)
Event: 0.689 Thread 0x00007f0cd0138000 nmethod 690 0x00007f0cb8cccb90 code [0x00007f0cb8cccea0, 0x00007f0cb8cce070]
Event: 0.689 Thread 0x00007f0cd0138000  691       3       java.lang.Package::isSealed (26 bytes)
Event: 0.689 Thread 0x00007f0cd0136000 nmethod 689 0x00007f0cc00f7b10 code [0x00007f0cc00f7ca0, 0x00007f0cc00f7eb8]
Event: 0.690 Thread 0x00007f0cd0138000 nmethod 691 0x00007f0cb8cce610 code [0x00007f0cb8cce7e0, 0x00007f0cb8cceb10]

GC Heap History (0 events):
No events

Deoptimization events (20 events):
Event: 0.527 Thread 0x00007f0cd0018800 DEOPT PACKING pc=0x00007f0cb8c790d4 sp=0x00007f0cd65fbaa0
Event: 0.527 Thread 0x00007f0cd0018800 DEOPT UNPACKING pc=0x00007f0cb864a64a sp=0x00007f0cd65faf90 mode 1
Event: 0.527 Thread 0x00007f0cd0018800 DEOPT PACKING pc=0x00007f0cb8c790d4 sp=0x00007f0cd65fbaa0
Event: 0.527 Thread 0x00007f0cd0018800 DEOPT UNPACKING pc=0x00007f0cb864a64a sp=0x00007f0cd65faf90 mode 1
Event: 0.527 Thread 0x00007f0cd0018800 DEOPT PACKING pc=0x00007f0cb8c790d4 sp=0x00007f0cd65fbaa0
Event: 0.527 Thread 0x00007f0cd0018800 DEOPT UNPACKING pc=0x00007f0cb864a64a sp=0x00007f0cd65faf90 mode 1
Event: 0.527 Thread 0x00007f0cd0018800 DEOPT PACKING pc=0x00007f0cb8c790d4 sp=0x00007f0cd65fbaa0
Event: 0.527 Thread 0x00007f0cd0018800 DEOPT UNPACKING pc=0x00007f0cb864a64a sp=0x00007f0cd65faf90 mode 1
Event: 0.527 Thread 0x00007f0cd0018800 DEOPT PACKING pc=0x00007f0cb8c790d4 sp=0x00007f0cd65fbaa0
Event: 0.527 Thread 0x00007f0cd0018800 DEOPT UNPACKING pc=0x00007f0cb864a64a sp=0x00007f0cd65faf90 mode 1
Event: 0.527 Thread 0x00007f0cd0018800 DEOPT PACKING pc=0x00007f0cb8c790d4 sp=0x00007f0cd65fbaa0
Event: 0.527 Thread 0x00007f0cd0018800 DEOPT UNPACKING pc=0x00007f0cb864a64a sp=0x00007f0cd65faf90 mode 1
Event: 0.528 Thread 0x00007f0cd0018800 DEOPT PACKING pc=0x00007f0cb8c119fe sp=0x00007f0cd65fcf90
Event: 0.528 Thread 0x00007f0cd0018800 DEOPT UNPACKING pc=0x00007f0cb864a64a sp=0x00007f0cd65fc430 mode 0
Event: 0.530 Thread 0x00007f0cd0018800 DEOPT PACKING pc=0x00007f0cb8c1068a sp=0x00007f0cd65fcf10
Event: 0.530 Thread 0x00007f0cd0018800 DEOPT UNPACKING pc=0x00007f0cb864a64a sp=0x00007f0cd65fc3b8 mode 0
Event: 0.649 Thread 0x00007f0cd0018800 DEOPT PACKING pc=0x00007f0cb8c1068a sp=0x00007f0cd65fcf10
Event: 0.649 Thread 0x00007f0cd0018800 DEOPT UNPACKING pc=0x00007f0cb864a64a sp=0x00007f0cd65fc3b8 mode 0
Event: 0.651 Thread 0x00007f0cd0018800 DEOPT PACKING pc=0x00007f0cb8bd6bcf sp=0x00007f0cd65fced0
Event: 0.651 Thread 0x00007f0cd0018800 DEOPT UNPACKING pc=0x00007f0cb864a64a sp=0x00007f0cd65fc378 mode 0

Classes redefined (0 events):
No events

Internal exceptions (20 events):
Event: 0.525 Thread 0x00007f0cd0018800 Exception <a 'java/security/PrivilegedActionException'{0x00000000c6cdf4a8}> (0x00000000c6cdf4a8) thrown at [./src/hotspot/share/prims/jvm.cpp, line 1304]
Event: 0.525 Thread 0x00007f0cd0018800 Exception <a 'java/security/PrivilegedActionException'{0x00000000c6cdf778}> (0x00000000c6cdf778) thrown at [./src/hotspot/share/prims/jvm.cpp, line 1304]
Event: 0.527 Thread 0x00007f0cd0018800 Exception <a 'java/security/PrivilegedActionException'{0x00000000c6ce00c8}> (0x00000000c6ce00c8) thrown at [./src/hotspot/share/prims/jvm.cpp, line 1304]
Event: 0.527 Thread 0x00007f0cd0018800 Exception <a 'java/security/PrivilegedActionException'{0x00000000c6ce0398}> (0x00000000c6ce0398) thrown at [./src/hotspot/share/prims/jvm.cpp, line 1304]
Event: 0.527 Thread 0x00007f0cd0018800 Exception <a 'java/security/PrivilegedActionException'{0x00000000c6ce0d20}> (0x00000000c6ce0d20) thrown at [./src/hotspot/share/prims/jvm.cpp, line 1304]
Event: 0.527 Thread 0x00007f0cd0018800 Exception <a 'java/security/PrivilegedActionException'{0x00000000c6ce0ff0}> (0x00000000c6ce0ff0) thrown at [./src/hotspot/share/prims/jvm.cpp, line 1304]
Event: 0.527 Thread 0x00007f0cd0018800 Exception <a 'java/security/PrivilegedActionException'{0x00000000c6ce1960}> (0x00000000c6ce1960) thrown at [./src/hotspot/share/prims/jvm.cpp, line 1304]
Event: 0.527 Thread 0x00007f0cd0018800 Exception <a 'java/security/PrivilegedActionException'{0x00000000c6ce1c30}> (0x00000000c6ce1c30) thrown at [./src/hotspot/share/prims/jvm.cpp, line 1304]
Event: 0.527 Thread 0x00007f0cd0018800 Exception <a 'java/security/PrivilegedActionException'{0x00000000c6ce25a0}> (0x00000000c6ce25a0) thrown at [./src/hotspot/share/prims/jvm.cpp, line 1304]
Event: 0.527 Thread 0x00007f0cd0018800 Exception <a 'java/security/PrivilegedActionException'{0x00000000c6ce2870}> (0x00000000c6ce2870) thrown at [./src/hotspot/share/prims/jvm.cpp, line 1304]
Event: 0.527 Thread 0x00007f0cd0018800 Exception <a 'java/security/PrivilegedActionException'{0x00000000c6ce31f8}> (0x00000000c6ce31f8) thrown at [./src/hotspot/share/prims/jvm.cpp, line 1304]
Event: 0.527 Thread 0x00007f0cd0018800 Exception <a 'java/security/PrivilegedActionException'{0x00000000c6ce34c8}> (0x00000000c6ce34c8) thrown at [./src/hotspot/share/prims/jvm.cpp, line 1304]
Event: 0.527 Thread 0x00007f0cd0018800 Exception <a 'java/security/PrivilegedActionException'{0x00000000c6ce3e50}> (0x00000000c6ce3e50) thrown at [./src/hotspot/share/prims/jvm.cpp, line 1304]
Event: 0.527 Thread 0x00007f0cd0018800 Exception <a 'java/security/PrivilegedActionException'{0x00000000c6ce4120}> (0x00000000c6ce4120) thrown at [./src/hotspot/share/prims/jvm.cpp, line 1304]
Event: 0.527 Thread 0x00007f0cd0018800 Exception <a 'java/security/PrivilegedActionException'{0x00000000c6ce4aa8}> (0x00000000c6ce4aa8) thrown at [./src/hotspot/share/prims/jvm.cpp, line 1304]
Event: 0.527 Thread 0x00007f0cd0018800 Exception <a 'java/security/PrivilegedActionException'{0x00000000c6ce4d78}> (0x00000000c6ce4d78) thrown at [./src/hotspot/share/prims/jvm.cpp, line 1304]
Event: 0.527 Thread 0x00007f0cd0018800 Exception <a 'java/security/PrivilegedActionException'{0x00000000c6ce56e8}> (0x00000000c6ce56e8) thrown at [./src/hotspot/share/prims/jvm.cpp, line 1304]
Event: 0.527 Thread 0x00007f0cd0018800 Exception <a 'java/security/PrivilegedActionException'{0x00000000c6ce59b8}> (0x00000000c6ce59b8) thrown at [./src/hotspot/share/prims/jvm.cpp, line 1304]
Event: 0.527 Thread 0x00007f0cd0018800 Exception <a 'java/security/PrivilegedActionException'{0x00000000c6ce6340}> (0x00000000c6ce6340) thrown at [./src/hotspot/share/prims/jvm.cpp, line 1304]
Event: 0.527 Thread 0x00007f0cd0018800 Exception <a 'java/security/PrivilegedActionException'{0x00000000c6ce6610}> (0x00000000c6ce6610) thrown at [./src/hotspot/share/prims/jvm.cpp, line 1304]

Events (20 events):
Event: 14.100 Executing VM operation: ChangeSingleStep
Event: 14.101 Executing VM operation: ChangeSingleStep done
Event: 14.101 Executing VM operation: ChangeSingleStep
Event: 14.101 Executing VM operation: ChangeSingleStep done
Event: 14.101 Executing VM operation: GetCurrentLocation
Event: 14.101 Executing VM operation: GetCurrentLocation done
Event: 14.101 Executing VM operation: ChangeSingleStep
Event: 14.101 Executing VM operation: ChangeSingleStep done
Event: 14.102 Executing VM operation: ChangeSingleStep
Event: 14.102 Executing VM operation: ChangeSingleStep done
Event: 14.102 Executing VM operation: GetCurrentLocation
Event: 14.102 Executing VM operation: GetCurrentLocation done
Event: 14.102 Executing VM operation: ChangeSingleStep
Event: 14.102 Executing VM operation: ChangeSingleStep done
Event: 14.102 Executing VM operation: ChangeSingleStep
Event: 14.102 Executing VM operation: ChangeSingleStep done
Event: 14.102 Executing VM operation: GetCurrentLocation
Event: 14.102 Executing VM operation: GetCurrentLocation done
Event: 14.102 Executing VM operation: ChangeSingleStep
Event: 14.102 Executing VM operation: ChangeSingleStep done


Dynamic libraries:
c3800000-c7600000 rw-p 00000000 00:00 0 
c7600000-ffe00000 ---p 00000000 00:00 0 
ffe00000-ffe48000 rw-p 00b14000 08:03 265562                             /usr/lib/jvm/java-11-openjdk-amd64/lib/server/classes.jsa
ffe48000-fff00000 rw-p 00000000 00:00 0 
fff00000-fff6c000 rw-p 00aa8000 08:03 265562                             /usr/lib/jvm/java-11-openjdk-amd64/lib/server/classes.jsa
fff6c000-100000000 rw-p 00000000 00:00 0 
800000000-800002000 rwxp 00001000 08:03 265562                           /usr/lib/jvm/java-11-openjdk-amd64/lib/server/classes.jsa
800002000-800aa7000 rw-p 00003000 08:03 265562                           /usr/lib/jvm/java-11-openjdk-amd64/lib/server/classes.jsa
840000000-8400c0000 rw-p 00000000 00:00 0 
8400c0000-880000000 ---p 00000000 00:00 0 
562f9e5b9000-562f9e5ba000 r--p 00000000 08:03 265116                     /usr/lib/jvm/java-11-openjdk-amd64/bin/java
562f9e5ba000-562f9e5bb000 r-xp 00001000 08:03 265116                     /usr/lib/jvm/java-11-openjdk-amd64/bin/java
562f9e5bb000-562f9e5bc000 r--p 00002000 08:03 265116                     /usr/lib/jvm/java-11-openjdk-amd64/bin/java
562f9e5bc000-562f9e5bd000 r--p 00002000 08:03 265116                     /usr/lib/jvm/java-11-openjdk-amd64/bin/java
562f9e5bd000-562f9e5be000 rw-p 00003000 08:03 265116                     /usr/lib/jvm/java-11-openjdk-amd64/bin/java
562fa0372000-562fa0393000 rw-p 00000000 00:00 0                          [heap]
7f0c59400000-7f0c59d26000 r--p 00000000 08:03 1587749                    /home/ubuntu/.javacpp/cache/llvm-13.0.1-1.5.7-linux-x86_64.jar/org/bytedeco/llvm/linux-x86_64/libLLVM-13.so
7f0c59d26000-7f0c5d6e9000 r-xp 00926000 08:03 1587749                    /home/ubuntu/.javacpp/cache/llvm-13.0.1-1.5.7-linux-x86_64.jar/org/bytedeco/llvm/linux-x86_64/libLLVM-13.so
7f0c5d6e9000-7f0c5f93e000 r--p 042e9000 08:03 1587749                    /home/ubuntu/.javacpp/cache/llvm-13.0.1-1.5.7-linux-x86_64.jar/org/bytedeco/llvm/linux-x86_64/libLLVM-13.so
7f0c5f93e000-7f0c5fe53000 r--p 0653d000 08:03 1587749                    /home/ubuntu/.javacpp/cache/llvm-13.0.1-1.5.7-linux-x86_64.jar/org/bytedeco/llvm/linux-x86_64/libLLVM-13.so
7f0c5fe53000-7f0c5fe5e000 rw-p 06a52000 08:03 1587749                    /home/ubuntu/.javacpp/cache/llvm-13.0.1-1.5.7-linux-x86_64.jar/org/bytedeco/llvm/linux-x86_64/libLLVM-13.so
7f0c5fe5e000-7f0c5fed4000 rw-p 00000000 00:00 0 
7f0c60000000-7f0c60021000 rw-p 00000000 00:00 0 
7f0c60021000-7f0c64000000 ---p 00000000 00:00 0 
7f0c68000000-7f0c68021000 rw-p 00000000 00:00 0 
7f0c68021000-7f0c6c000000 ---p 00000000 00:00 0 
7f0c6c000000-7f0c6c021000 rw-p 00000000 00:00 0 
7f0c6c021000-7f0c70000000 ---p 00000000 00:00 0 
7f0c70000000-7f0c70028000 rw-p 00000000 00:00 0 
7f0c70028000-7f0c74000000 ---p 00000000 00:00 0 
7f0c74000000-7f0c74021000 rw-p 00000000 00:00 0 
7f0c74021000-7f0c78000000 ---p 00000000 00:00 0 
7f0c78000000-7f0c78021000 rw-p 00000000 00:00 0 
7f0c78021000-7f0c7c000000 ---p 00000000 00:00 0 
7f0c7c000000-7f0c7c021000 rw-p 00000000 00:00 0 
7f0c7c021000-7f0c80000000 ---p 00000000 00:00 0 
7f0c80000000-7f0c803f7000 rw-p 00000000 00:00 0 
7f0c803f7000-7f0c84000000 ---p 00000000 00:00 0 
7f0c84000000-7f0c84318000 rw-p 00000000 00:00 0 
7f0c84318000-7f0c88000000 ---p 00000000 00:00 0 
7f0c88000000-7f0c88021000 rw-p 00000000 00:00 0 
7f0c88021000-7f0c8c000000 ---p 00000000 00:00 0 
7f0c8c000000-7f0c8c021000 rw-p 00000000 00:00 0 
7f0c8c021000-7f0c90000000 ---p 00000000 00:00 0 
7f0c90000000-7f0c90021000 rw-p 00000000 00:00 0 
7f0c90021000-7f0c94000000 ---p 00000000 00:00 0 
7f0c94000000-7f0c94021000 rw-p 00000000 00:00 0 
7f0c94021000-7f0c98000000 ---p 00000000 00:00 0 
7f0c98000000-7f0c98021000 rw-p 00000000 00:00 0 
7f0c98021000-7f0c9c000000 ---p 00000000 00:00 0 
7f0c9c000000-7f0c9c021000 rw-p 00000000 00:00 0 
7f0c9c021000-7f0ca0000000 ---p 00000000 00:00 0 
7f0ca0000000-7f0ca0021000 rw-p 00000000 00:00 0 
7f0ca0021000-7f0ca4000000 ---p 00000000 00:00 0 
7f0ca4000000-7f0ca4021000 rw-p 00000000 00:00 0 
7f0ca4021000-7f0ca8000000 ---p 00000000 00:00 0 
7f0caa000000-7f0cac000000 rw-p 00000000 00:00 0 
7f0cac000000-7f0cac021000 rw-p 00000000 00:00 0 
7f0cac021000-7f0cb0000000 ---p 00000000 00:00 0 
7f0cb01cd000-7f0cb0232000 r--p 00000000 08:03 1589997                    /home/ubuntu/.javacpp/cache/llvm-13.0.1-1.5.7-linux-x86_64.jar/org/bytedeco/llvm/linux-x86_64/libjniLLVM.so
7f0cb0232000-7f0cb02a0000 r-xp 00065000 08:03 1589997                    /home/ubuntu/.javacpp/cache/llvm-13.0.1-1.5.7-linux-x86_64.jar/org/bytedeco/llvm/linux-x86_64/libjniLLVM.so
7f0cb02a0000-7f0cb02cb000 r--p 000d3000 08:03 1589997                    /home/ubuntu/.javacpp/cache/llvm-13.0.1-1.5.7-linux-x86_64.jar/org/bytedeco/llvm/linux-x86_64/libjniLLVM.so
7f0cb02cb000-7f0cb02ce000 r--p 000fd000 08:03 1589997                    /home/ubuntu/.javacpp/cache/llvm-13.0.1-1.5.7-linux-x86_64.jar/org/bytedeco/llvm/linux-x86_64/libjniLLVM.so
7f0cb02ce000-7f0cb02d1000 rw-p 00100000 08:03 1589997                    /home/ubuntu/.javacpp/cache/llvm-13.0.1-1.5.7-linux-x86_64.jar/org/bytedeco/llvm/linux-x86_64/libjniLLVM.so
7f0cb02d1000-7f0cb02d3000 rw-p 00000000 00:00 0 
7f0cb02d3000-7f0cb02d7000 ---p 00000000 00:00 0 
7f0cb02d7000-7f0cb03d3000 rw-p 00000000 00:00 0 
7f0cb03d3000-7f0cb03d4000 ---p 00000000 00:00 0 
7f0cb03d4000-7f0cb04d4000 rw-p 00000000 00:00 0 
7f0cb04d4000-7f0cb04d8000 ---p 00000000 00:00 0 
7f0cb04d8000-7f0cb05d4000 rw-p 00000000 00:00 0 
7f0cb05d4000-7f0cb05d8000 ---p 00000000 00:00 0 
7f0cb05d8000-7f0cb06d4000 rw-p 00000000 00:00 0 
7f0cb06d4000-7f0cb06d8000 ---p 00000000 00:00 0 
7f0cb06d8000-7f0cb07d4000 rw-p 00000000 00:00 0 
7f0cb07d4000-7f0cb07d8000 ---p 00000000 00:00 0 
7f0cb07d8000-7f0cb08d4000 rw-p 00000000 00:00 0 
7f0cb08d4000-7f0cb08d8000 ---p 00000000 00:00 0 
7f0cb08d8000-7f0cb09d4000 rw-p 00000000 00:00 0 
7f0cb09d4000-7f0cb09d8000 ---p 00000000 00:00 0 
7f0cb09d8000-7f0cb0ad4000 rw-p 00000000 00:00 0 
7f0cb0ad4000-7f0cb0ad8000 ---p 00000000 00:00 0 
7f0cb0ad8000-7f0cb0bd4000 rw-p 00000000 00:00 0 
7f0cb0bd4000-7f0cb0bd8000 ---p 00000000 00:00 0 
7f0cb0bd8000-7f0cb0cd4000 rw-p 00000000 00:00 0 
7f0cb0cd4000-7f0cb0cd8000 ---p 00000000 00:00 0 
7f0cb0cd8000-7f0cb0dd4000 rw-p 00000000 00:00 0 
7f0cb0dd4000-7f0cb0dd8000 ---p 00000000 00:00 0 
7f0cb0dd8000-7f0cb0ed4000 rw-p 00000000 00:00 0 
7f0cb0ed4000-7f0cb0ed8000 ---p 00000000 00:00 0 
7f0cb0ed8000-7f0cb0fd4000 rw-p 00000000 00:00 0 
7f0cb0fd4000-7f0cb0fd5000 ---p 00000000 00:00 0 
7f0cb0fd5000-7f0cb1695000 rw-p 00000000 00:00 0 
7f0cb1695000-7f0cb18d5000 ---p 00000000 00:00 0 
7f0cb18d5000-7f0cb18d6000 ---p 00000000 00:00 0 
7f0cb18d6000-7f0cb19d6000 rw-p 00000000 00:00 0 
7f0cb19d6000-7f0cb19d7000 ---p 00000000 00:00 0 
7f0cb19d7000-7f0cb1edb000 rw-p 00000000 00:00 0 
7f0cb1edb000-7f0cb1edc000 ---p 00000000 00:00 0 
7f0cb1edc000-7f0cb20d4000 rw-p 00000000 00:00 0 
7f0cb20d4000-7f0cb2ef4000 ---p 00000000 00:00 0 
7f0cb2ef4000-7f0cb2ff4000 rw-p 00000000 00:00 0 
7f0cb2ff4000-7f0cb3e14000 ---p 00000000 00:00 0 
7f0cb3e14000-7f0cb3e3b000 rw-p 00000000 00:00 0 
7f0cb3e3b000-7f0cb3fff000 ---p 00000000 00:00 0 
7f0cb3fff000-7f0cb4000000 rw-p 00000000 00:00 0 
7f0cb4000000-7f0cb4021000 rw-p 00000000 00:00 0 
7f0cb4021000-7f0cb8000000 ---p 00000000 00:00 0 
7f0cb8036000-7f0cb8037000 ---p 00000000 00:00 0 
7f0cb8037000-7f0cb8156000 rw-p 00000000 00:00 0 
7f0cb8156000-7f0cb831a000 ---p 00000000 00:00 0 
7f0cb831a000-7f0cb833a000 rw-p 00000000 00:00 0 
7f0cb833a000-7f0cb84fe000 ---p 00000000 00:00 0 
7f0cb84fe000-7f0cb8600000 rw-p 00000000 00:00 0 
7f0cb8600000-7f0cb8870000 rwxp 00000000 00:00 0 
7f0cb8870000-7f0cb8b90000 ---p 00000000 00:00 0 
7f0cb8b90000-7f0cb8e00000 rwxp 00000000 00:00 0 
7f0cb8e00000-7f0cc00c8000 ---p 00000000 00:00 0 
7f0cc00c8000-7f0cc0338000 rwxp 00000000 00:00 0 
7f0cc0338000-7f0cc7600000 ---p 00000000 00:00 0 
7f0cc7600000-7f0ccfe25000 r--s 00000000 08:03 265275                     /usr/lib/jvm/java-11-openjdk-amd64/lib/modules
7f0ccfeff000-7f0cd0000000 rw-p 00000000 00:00 0 
7f0cd0000000-7f0cd040f000 rw-p 00000000 00:00 0 
7f0cd040f000-7f0cd4000000 ---p 00000000 00:00 0 
7f0cd407c000-7f0cd42ff000 rw-p 00000000 00:00 0 
7f0cd42ff000-7f0cd4300000 ---p 00000000 00:00 0 
7f0cd4300000-7f0cd4400000 rw-p 00000000 00:00 0 
7f0cd4400000-7f0cd4c78000 r--p 00000000 08:03 2365202                    /usr/lib/locale/locale-archive
7f0cd4ca2000-7f0cd4ca3000 r--p 00000000 08:03 1589995                    /home/ubuntu/.javacpp/cache/llvm-13.0.1-1.5.7-linux-x86_64.jar/org/bytedeco/llvm/linux-x86_64/libRemarks.so.13
7f0cd4ca3000-7f0cd4ca4000 r-xp 00001000 08:03 1589995                    /home/ubuntu/.javacpp/cache/llvm-13.0.1-1.5.7-linux-x86_64.jar/org/bytedeco/llvm/linux-x86_64/libRemarks.so.13
7f0cd4ca4000-7f0cd4ca5000 r--p 00002000 08:03 1589995                    /home/ubuntu/.javacpp/cache/llvm-13.0.1-1.5.7-linux-x86_64.jar/org/bytedeco/llvm/linux-x86_64/libRemarks.so.13
7f0cd4ca5000-7f0cd4ca6000 r--p 00002000 08:03 1589995                    /home/ubuntu/.javacpp/cache/llvm-13.0.1-1.5.7-linux-x86_64.jar/org/bytedeco/llvm/linux-x86_64/libRemarks.so.13
7f0cd4ca6000-7f0cd4ca7000 rw-p 00003000 08:03 1589995                    /home/ubuntu/.javacpp/cache/llvm-13.0.1-1.5.7-linux-x86_64.jar/org/bytedeco/llvm/linux-x86_64/libRemarks.so.13
7f0cd4ca7000-7f0cd4cae000 r--p 00000000 08:03 1587750                    /home/ubuntu/.javacpp/cache/llvm-13.0.1-1.5.7-linux-x86_64.jar/org/bytedeco/llvm/linux-x86_64/libLTO.so.13
7f0cd4cae000-7f0cd4cb6000 r-xp 00007000 08:03 1587750                    /home/ubuntu/.javacpp/cache/llvm-13.0.1-1.5.7-linux-x86_64.jar/org/bytedeco/llvm/linux-x86_64/libLTO.so.13
7f0cd4cb6000-7f0cd4cb8000 r--p 0000f000 08:03 1587750                    /home/ubuntu/.javacpp/cache/llvm-13.0.1-1.5.7-linux-x86_64.jar/org/bytedeco/llvm/linux-x86_64/libLTO.so.13
7f0cd4cb8000-7f0cd4cb9000 r--p 00010000 08:03 1587750                    /home/ubuntu/.javacpp/cache/llvm-13.0.1-1.5.7-linux-x86_64.jar/org/bytedeco/llvm/linux-x86_64/libLTO.so.13
7f0cd4cb9000-7f0cd4cba000 rw-p 00011000 08:03 1587750                    /home/ubuntu/.javacpp/cache/llvm-13.0.1-1.5.7-linux-x86_64.jar/org/bytedeco/llvm/linux-x86_64/libLTO.so.13
7f0cd4cba000-7f0cd4d1a000 rw-p 00000000 00:00 0 
7f0cd4d1a000-7f0cd4e00000 ---p 00000000 00:00 0 
7f0cd4e00000-7f0cd4e9a000 r--p 00000000 08:03 2360832                    /usr/lib/x86_64-linux-gnu/libstdc++.so.6.0.30
7f0cd4e9a000-7f0cd4fab000 r-xp 0009a000 08:03 2360832                    /usr/lib/x86_64-linux-gnu/libstdc++.so.6.0.30
7f0cd4fab000-7f0cd501a000 r--p 001ab000 08:03 2360832                    /usr/lib/x86_64-linux-gnu/libstdc++.so.6.0.30
7f0cd501a000-7f0cd501b000 ---p 0021a000 08:03 2360832                    /usr/lib/x86_64-linux-gnu/libstdc++.so.6.0.30
7f0cd501b000-7f0cd5026000 r--p 0021a000 08:03 2360832                    /usr/lib/x86_64-linux-gnu/libstdc++.so.6.0.30
7f0cd5026000-7f0cd5029000 rw-p 00225000 08:03 2360832                    /usr/lib/x86_64-linux-gnu/libstdc++.so.6.0.30
7f0cd5029000-7f0cd502c000 rw-p 00000000 00:00 0 
7f0cd502c000-7f0cd502d000 r--p 00000000 08:03 2361439                    /usr/lib/x86_64-linux-gnu/libdl.so.2
7f0cd502d000-7f0cd502e000 r-xp 00001000 08:03 2361439                    /usr/lib/x86_64-linux-gnu/libdl.so.2
7f0cd502e000-7f0cd502f000 r--p 00002000 08:03 2361439                    /usr/lib/x86_64-linux-gnu/libdl.so.2
7f0cd502f000-7f0cd5030000 r--p 00002000 08:03 2361439                    /usr/lib/x86_64-linux-gnu/libdl.so.2
7f0cd5030000-7f0cd5031000 rw-p 00003000 08:03 2361439                    /usr/lib/x86_64-linux-gnu/libdl.so.2
7f0cd5031000-7f0cd5032000 r--p 00000000 08:03 2361473                    /usr/lib/x86_64-linux-gnu/libpthread.so.0
7f0cd5032000-7f0cd5033000 r-xp 00001000 08:03 2361473                    /usr/lib/x86_64-linux-gnu/libpthread.so.0
7f0cd5033000-7f0cd5034000 r--p 00002000 08:03 2361473                    /usr/lib/x86_64-linux-gnu/libpthread.so.0
7f0cd5034000-7f0cd5035000 r--p 00002000 08:03 2361473                    /usr/lib/x86_64-linux-gnu/libpthread.so.0
7f0cd5035000-7f0cd5036000 rw-p 00003000 08:03 2361473                    /usr/lib/x86_64-linux-gnu/libpthread.so.0
7f0cd5036000-7f0cd503a000 r--p 00000000 08:03 1587748                    /home/ubuntu/.javacpp/cache/javacpp-1.5.7-linux-x86_64.jar/org/bytedeco/javacpp/linux-x86_64/libjnijavacpp.so
7f0cd503a000-7f0cd5041000 r-xp 00004000 08:03 1587748                    /home/ubuntu/.javacpp/cache/javacpp-1.5.7-linux-x86_64.jar/org/bytedeco/javacpp/linux-x86_64/libjnijavacpp.so
7f0cd5041000-7f0cd5045000 r--p 0000b000 08:03 1587748                    /home/ubuntu/.javacpp/cache/javacpp-1.5.7-linux-x86_64.jar/org/bytedeco/javacpp/linux-x86_64/libjnijavacpp.so
7f0cd5045000-7f0cd5046000 r--p 0000e000 08:03 1587748                    /home/ubuntu/.javacpp/cache/javacpp-1.5.7-linux-x86_64.jar/org/bytedeco/javacpp/linux-x86_64/libjnijavacpp.so
7f0cd5046000-7f0cd5047000 rw-p 0000f000 08:03 1587748                    /home/ubuntu/.javacpp/cache/javacpp-1.5.7-linux-x86_64.jar/org/bytedeco/javacpp/linux-x86_64/libjnijavacpp.so
7f0cd5047000-7f0cd504b000 r--p 00000000 08:03 265265                     /usr/lib/jvm/java-11-openjdk-amd64/lib/libnet.so
7f0cd504b000-7f0cd5059000 r-xp 00004000 08:03 265265                     /usr/lib/jvm/java-11-openjdk-amd64/lib/libnet.so
7f0cd5059000-7f0cd505d000 r--p 00012000 08:03 265265                     /usr/lib/jvm/java-11-openjdk-amd64/lib/libnet.so
7f0cd505d000-7f0cd505e000 r--p 00015000 08:03 265265                     /usr/lib/jvm/java-11-openjdk-amd64/lib/libnet.so
7f0cd505e000-7f0cd505f000 rw-p 00016000 08:03 265265                     /usr/lib/jvm/java-11-openjdk-amd64/lib/libnet.so
7f0cd505f000-7f0cd5066000 r--p 00000000 08:03 265266                     /usr/lib/jvm/java-11-openjdk-amd64/lib/libnio.so
7f0cd5066000-7f0cd506e000 r-xp 00007000 08:03 265266                     /usr/lib/jvm/java-11-openjdk-amd64/lib/libnio.so
7f0cd506e000-7f0cd5071000 r--p 0000f000 08:03 265266                     /usr/lib/jvm/java-11-openjdk-amd64/lib/libnio.so
7f0cd5071000-7f0cd5072000 r--p 00011000 08:03 265266                     /usr/lib/jvm/java-11-openjdk-amd64/lib/libnio.so
7f0cd5072000-7f0cd5073000 rw-p 00012000 08:03 265266                     /usr/lib/jvm/java-11-openjdk-amd64/lib/libnio.so
7f0cd5073000-7f0cd5075000 r--p 00000000 08:03 265246                     /usr/lib/jvm/java-11-openjdk-amd64/lib/libdt_socket.so
7f0cd5075000-7f0cd5078000 r-xp 00002000 08:03 265246                     /usr/lib/jvm/java-11-openjdk-amd64/lib/libdt_socket.so
7f0cd5078000-7f0cd5079000 r--p 00005000 08:03 265246                     /usr/lib/jvm/java-11-openjdk-amd64/lib/libdt_socket.so
7f0cd5079000-7f0cd507a000 ---p 00006000 08:03 265246                     /usr/lib/jvm/java-11-openjdk-amd64/lib/libdt_socket.so
7f0cd507a000-7f0cd507b000 r--p 00006000 08:03 265246                     /usr/lib/jvm/java-11-openjdk-amd64/lib/libdt_socket.so
7f0cd507b000-7f0cd507c000 rw-p 00007000 08:03 265246                     /usr/lib/jvm/java-11-openjdk-amd64/lib/libdt_socket.so
7f0cd507c000-7f0cd5083000 r--s 00000000 08:03 659244                     /usr/lib/x86_64-linux-gnu/gconv/gconv-modules.cache
7f0cd5083000-7f0cd50a9000 rw-p 00000000 00:00 0 
7f0cd50a9000-7f0cd518f000 ---p 00000000 00:00 0 
7f0cd518f000-7f0cd5194000 rw-p 00000000 00:00 0 
7f0cd5194000-7f0cd519b000 ---p 00000000 00:00 0 
7f0cd519b000-7f0cd51a1000 r--s 000f8000 08:03 1582083                    /home/ubuntu/software/idea-IU-233.14475.28/plugins/java/lib/rt/debugger-agent.jar
7f0cd51a1000-7f0cd51a3000 r--p 00000000 08:03 265274                     /usr/lib/jvm/java-11-openjdk-amd64/lib/libzip.so
7f0cd51a3000-7f0cd51a8000 r-xp 00002000 08:03 265274                     /usr/lib/jvm/java-11-openjdk-amd64/lib/libzip.so
7f0cd51a8000-7f0cd51aa000 r--p 00007000 08:03 265274                     /usr/lib/jvm/java-11-openjdk-amd64/lib/libzip.so
7f0cd51aa000-7f0cd51ab000 r--p 00008000 08:03 265274                     /usr/lib/jvm/java-11-openjdk-amd64/lib/libzip.so
7f0cd51ab000-7f0cd51ac000 rw-p 00009000 08:03 265274                     /usr/lib/jvm/java-11-openjdk-amd64/lib/libzip.so
7f0cd51ac000-7f0cd51b4000 rw-s 00000000 08:03 393238                     /tmp/hsperfdata_ubuntu/33396
7f0cd51b4000-7f0cd51b6000 r--p 00000000 08:03 265249                     /usr/lib/jvm/java-11-openjdk-amd64/lib/libinstrument.so
7f0cd51b6000-7f0cd51bd000 r-xp 00002000 08:03 265249                     /usr/lib/jvm/java-11-openjdk-amd64/lib/libinstrument.so
7f0cd51bd000-7f0cd51c0000 r--p 00009000 08:03 265249                     /usr/lib/jvm/java-11-openjdk-amd64/lib/libinstrument.so
7f0cd51c0000-7f0cd51c1000 r--p 0000b000 08:03 265249                     /usr/lib/jvm/java-11-openjdk-amd64/lib/libinstrument.so
7f0cd51c1000-7f0cd51c2000 rw-p 0000c000 08:03 265249                     /usr/lib/jvm/java-11-openjdk-amd64/lib/libinstrument.so
7f0cd51c2000-7f0cd51c4000 r--p 00000000 08:03 265256                     /usr/lib/jvm/java-11-openjdk-amd64/lib/libjdwp.so
7f0cd51c4000-7f0cd51f0000 r-xp 00002000 08:03 265256                     /usr/lib/jvm/java-11-openjdk-amd64/lib/libjdwp.so
7f0cd51f0000-7f0cd51fe000 r--p 0002e000 08:03 265256                     /usr/lib/jvm/java-11-openjdk-amd64/lib/libjdwp.so
7f0cd51fe000-7f0cd51ff000 r--p 0003b000 08:03 265256                     /usr/lib/jvm/java-11-openjdk-amd64/lib/libjdwp.so
7f0cd51ff000-7f0cd5200000 rw-p 0003c000 08:03 265256                     /usr/lib/jvm/java-11-openjdk-amd64/lib/libjdwp.so
7f0cd5200000-7f0cd5482000 r--p 00000000 08:03 265280                     /usr/lib/jvm/java-11-openjdk-amd64/lib/server/libjvm.so
7f0cd5482000-7f0cd6120000 r-xp 00282000 08:03 265280                     /usr/lib/jvm/java-11-openjdk-amd64/lib/server/libjvm.so
7f0cd6120000-7f0cd637c000 r--p 00f20000 08:03 265280                     /usr/lib/jvm/java-11-openjdk-amd64/lib/server/libjvm.so
7f0cd637c000-7f0cd6440000 r--p 0117b000 08:03 265280                     /usr/lib/jvm/java-11-openjdk-amd64/lib/server/libjvm.so
7f0cd6440000-7f0cd647b000 rw-p 0123f000 08:03 265280                     /usr/lib/jvm/java-11-openjdk-amd64/lib/server/libjvm.so
7f0cd647b000-7f0cd64d2000 rw-p 00000000 00:00 0 
7f0cd64d2000-7f0cd64e0000 r--p 00000000 08:03 265254                     /usr/lib/jvm/java-11-openjdk-amd64/lib/libjava.so
7f0cd64e0000-7f0cd64f6000 r-xp 0000e000 08:03 265254                     /usr/lib/jvm/java-11-openjdk-amd64/lib/libjava.so
7f0cd64f6000-7f0cd64fd000 r--p 00024000 08:03 265254                     /usr/lib/jvm/java-11-openjdk-amd64/lib/libjava.so
7f0cd64fd000-7f0cd64fe000 r--p 0002a000 08:03 265254                     /usr/lib/jvm/java-11-openjdk-amd64/lib/libjava.so
7f0cd64fe000-7f0cd64ff000 rw-p 0002b000 08:03 265254                     /usr/lib/jvm/java-11-openjdk-amd64/lib/libjava.so
7f0cd64ff000-7f0cd6500000 rw-p 00000000 00:00 0 
7f0cd6500000-7f0cd6504000 ---p 00000000 00:00 0 
7f0cd6504000-7f0cd6600000 rw-p 00000000 00:00 0 
7f0cd6600000-7f0cd6628000 r--p 00000000 08:03 2361426                    /usr/lib/x86_64-linux-gnu/libc.so.6
7f0cd6628000-7f0cd67bd000 r-xp 00028000 08:03 2361426                    /usr/lib/x86_64-linux-gnu/libc.so.6
7f0cd67bd000-7f0cd6815000 r--p 001bd000 08:03 2361426                    /usr/lib/x86_64-linux-gnu/libc.so.6
7f0cd6815000-7f0cd6816000 ---p 00215000 08:03 2361426                    /usr/lib/x86_64-linux-gnu/libc.so.6
7f0cd6816000-7f0cd681a000 r--p 00215000 08:03 2361426                    /usr/lib/x86_64-linux-gnu/libc.so.6
7f0cd681a000-7f0cd681c000 rw-p 00219000 08:03 2361426                    /usr/lib/x86_64-linux-gnu/libc.so.6
7f0cd681c000-7f0cd6829000 rw-p 00000000 00:00 0 
7f0cd682a000-7f0cd682b000 ---p 00000000 00:00 0 
7f0cd682b000-7f0cd682c000 r--p 00000000 00:00 0 
7f0cd682c000-7f0cd682e000 r--p 00000000 08:03 265257                     /usr/lib/jvm/java-11-openjdk-amd64/lib/libjimage.so
7f0cd682e000-7f0cd6831000 r-xp 00002000 08:03 265257                     /usr/lib/jvm/java-11-openjdk-amd64/lib/libjimage.so
7f0cd6831000-7f0cd6832000 r--p 00005000 08:03 265257                     /usr/lib/jvm/java-11-openjdk-amd64/lib/libjimage.so
7f0cd6832000-7f0cd6833000 ---p 00006000 08:03 265257                     /usr/lib/jvm/java-11-openjdk-amd64/lib/libjimage.so
7f0cd6833000-7f0cd6834000 r--p 00006000 08:03 265257                     /usr/lib/jvm/java-11-openjdk-amd64/lib/libjimage.so
7f0cd6834000-7f0cd6835000 rw-p 00007000 08:03 265257                     /usr/lib/jvm/java-11-openjdk-amd64/lib/libjimage.so
7f0cd6835000-7f0cd6836000 r--p 00000000 08:03 2361484                    /usr/lib/x86_64-linux-gnu/librt.so.1
7f0cd6836000-7f0cd6837000 r-xp 00001000 08:03 2361484                    /usr/lib/x86_64-linux-gnu/librt.so.1
7f0cd6837000-7f0cd6838000 r--p 00002000 08:03 2361484                    /usr/lib/x86_64-linux-gnu/librt.so.1
7f0cd6838000-7f0cd6839000 r--p 00002000 08:03 2361484                    /usr/lib/x86_64-linux-gnu/librt.so.1
7f0cd6839000-7f0cd683a000 rw-p 00003000 08:03 2361484                    /usr/lib/x86_64-linux-gnu/librt.so.1
7f0cd683a000-7f0cd683d000 r--p 00000000 08:03 2359493                    /usr/lib/x86_64-linux-gnu/libgcc_s.so.1
7f0cd683d000-7f0cd6854000 r-xp 00003000 08:03 2359493                    /usr/lib/x86_64-linux-gnu/libgcc_s.so.1
7f0cd6854000-7f0cd6858000 r--p 0001a000 08:03 2359493                    /usr/lib/x86_64-linux-gnu/libgcc_s.so.1
7f0cd6858000-7f0cd6859000 r--p 0001d000 08:03 2359493                    /usr/lib/x86_64-linux-gnu/libgcc_s.so.1
7f0cd6859000-7f0cd685a000 rw-p 0001e000 08:03 2359493                    /usr/lib/x86_64-linux-gnu/libgcc_s.so.1
7f0cd685a000-7f0cd6868000 r--p 00000000 08:03 2361443                    /usr/lib/x86_64-linux-gnu/libm.so.6
7f0cd6868000-7f0cd68e4000 r-xp 0000e000 08:03 2361443                    /usr/lib/x86_64-linux-gnu/libm.so.6
7f0cd68e4000-7f0cd693f000 r--p 0008a000 08:03 2361443                    /usr/lib/x86_64-linux-gnu/libm.so.6
7f0cd693f000-7f0cd6940000 r--p 000e4000 08:03 2361443                    /usr/lib/x86_64-linux-gnu/libm.so.6
7f0cd6940000-7f0cd6941000 rw-p 000e5000 08:03 2361443                    /usr/lib/x86_64-linux-gnu/libm.so.6
7f0cd6941000-7f0cd6944000 rw-p 00000000 00:00 0 
7f0cd6944000-7f0cd6947000 r--p 00000000 08:03 265239                     /usr/lib/jvm/java-11-openjdk-amd64/lib/jli/libjli.so
7f0cd6947000-7f0cd6951000 r-xp 00003000 08:03 265239                     /usr/lib/jvm/java-11-openjdk-amd64/lib/jli/libjli.so
7f0cd6951000-7f0cd6954000 r--p 0000d000 08:03 265239                     /usr/lib/jvm/java-11-openjdk-amd64/lib/jli/libjli.so
7f0cd6954000-7f0cd6955000 ---p 00010000 08:03 265239                     /usr/lib/jvm/java-11-openjdk-amd64/lib/jli/libjli.so
7f0cd6955000-7f0cd6956000 r--p 00010000 08:03 265239                     /usr/lib/jvm/java-11-openjdk-amd64/lib/jli/libjli.so
7f0cd6956000-7f0cd6957000 rw-p 00011000 08:03 265239                     /usr/lib/jvm/java-11-openjdk-amd64/lib/jli/libjli.so
7f0cd6957000-7f0cd6959000 r--p 00000000 08:03 2367120                    /usr/lib/x86_64-linux-gnu/libz.so.1.2.11
7f0cd6959000-7f0cd696b000 r-xp 00002000 08:03 2367120                    /usr/lib/x86_64-linux-gnu/libz.so.1.2.11
7f0cd696b000-7f0cd6971000 r--p 00014000 08:03 2367120                    /usr/lib/x86_64-linux-gnu/libz.so.1.2.11
7f0cd6971000-7f0cd6972000 r--p 0001a000 08:03 2367120                    /usr/lib/x86_64-linux-gnu/libz.so.1.2.11
7f0cd6972000-7f0cd6973000 rw-p 0001b000 08:03 2367120                    /usr/lib/x86_64-linux-gnu/libz.so.1.2.11
7f0cd6973000-7f0cd6978000 r--p 00000000 08:03 265273                     /usr/lib/jvm/java-11-openjdk-amd64/lib/libverify.so
7f0cd6978000-7f0cd697f000 r-xp 00005000 08:03 265273                     /usr/lib/jvm/java-11-openjdk-amd64/lib/libverify.so
7f0cd697f000-7f0cd6981000 r--p 0000c000 08:03 265273                     /usr/lib/jvm/java-11-openjdk-amd64/lib/libverify.so
7f0cd6981000-7f0cd6983000 r--p 0000d000 08:03 265273                     /usr/lib/jvm/java-11-openjdk-amd64/lib/libverify.so
7f0cd6983000-7f0cd6984000 rw-p 0000f000 08:03 265273                     /usr/lib/jvm/java-11-openjdk-amd64/lib/libverify.so
7f0cd6984000-7f0cd6986000 rw-p 00000000 00:00 0 
7f0cd6986000-7f0cd6988000 r--p 00000000 08:03 2361301                    /usr/lib/x86_64-linux-gnu/ld-linux-x86-64.so.2
7f0cd6988000-7f0cd69b2000 r-xp 00002000 08:03 2361301                    /usr/lib/x86_64-linux-gnu/ld-linux-x86-64.so.2
7f0cd69b2000-7f0cd69bd000 r--p 0002c000 08:03 2361301                    /usr/lib/x86_64-linux-gnu/ld-linux-x86-64.so.2
7f0cd69be000-7f0cd69c0000 r--p 00037000 08:03 2361301                    /usr/lib/x86_64-linux-gnu/ld-linux-x86-64.so.2
7f0cd69c0000-7f0cd69c2000 rw-p 00039000 08:03 2361301                    /usr/lib/x86_64-linux-gnu/ld-linux-x86-64.so.2
7ffef6ba1000-7ffef6bc2000 rw-p 00000000 00:00 0                          [stack]
7ffef6bf6000-7ffef6bfa000 r--p 00000000 00:00 0                          [vvar]
7ffef6bfa000-7ffef6bfc000 r-xp 00000000 00:00 0                          [vdso]
ffffffffff600000-ffffffffff601000 --xp 00000000 00:00 0                  [vsyscall]


VM Arguments:
jvm_args: -agentlib:jdwp=transport=dt_socket,address=127.0.0.1:39437,suspend=y,server=n -javaagent:/home/ubuntu/software/idea-IU-233.14475.28/plugins/java/lib/rt/debugger-agent.jar -Dfile.encoding=UTF-8 
java_command: Main tests/test1.c tests/Actual.ll
java_class_path (initial): /home/ubuntu/Lab/out/production/Lab:/usr/local/lib/antlr-4.9.1-complete.jar:/usr/local/lib/javacpp-1.5.7-linux-x86_64.jar:/usr/local/lib/javacpp-1.5.7.jar:/usr/local/lib/llvm-13.0.1-1.5.7-linux-x86_64.jar:/usr/local/lib/llvm-13.0.1-1.5.7.jar:/usr/local/lib/llvm-platform-13.0.1-1.5.7.jar:/home/ubuntu/software/idea-IU-233.14475.28/lib/idea_rt.jar
Launcher Type: SUN_STANDARD

[Global flags]
     intx CICompilerCount                          = 3                                         {product} {ergonomic}
     uint ConcGCThreads                            = 1                                         {product} {ergonomic}
     uint G1ConcRefinementThreads                  = 4                                         {product} {ergonomic}
   size_t G1HeapRegionSize                         = 1048576                                   {product} {ergonomic}
    uintx GCDrainStackTargetSize                   = 64                                        {product} {ergonomic}
   size_t InitialHeapSize                          = 65011712                                  {product} {ergonomic}
   size_t MarkStackSize                            = 4194304                                   {product} {ergonomic}
   size_t MaxHeapSize                              = 1015021568                                {product} {ergonomic}
   size_t MaxNewSize                               = 608174080                                 {product} {ergonomic}
   size_t MinHeapDeltaBytes                        = 1048576                                   {product} {ergonomic}
    uintx NonNMethodCodeHeapSize                   = 5830732                                {pd product} {ergonomic}
    uintx NonProfiledCodeHeapSize                  = 122913754                              {pd product} {ergonomic}
    uintx ProfiledCodeHeapSize                     = 122913754                              {pd product} {ergonomic}
    uintx ReservedCodeCacheSize                    = 251658240                              {pd product} {ergonomic}
     bool SegmentedCodeCache                       = true                                      {product} {ergonomic}
     bool UseCompressedClassPointers               = true                                 {lp64_product} {ergonomic}
     bool UseCompressedOops                        = true                                 {lp64_product} {ergonomic}
     bool UseG1GC                                  = true                                      {product} {ergonomic}

Logging:
Log output configuration:
 #0: stdout all=warning uptime,level,tags
 #1: stderr all=off uptime,level,tags

Environment Variables:
PATH=/usr/local/sbin:/usr/local/bin:/usr/sbin:/usr/bin:/sbin:/bin:/usr/games:/usr/local/games:/snap/bin:/snap/bin
USERNAME=ubuntu
SHELL=/bin/bash
DISPLAY=:0
LANG=zh_CN.UTF-8

Signal Handlers:
SIGSEGV: [libjvm.so+0xead700], sa_mask[0]=11111111011111111101111111111110, sa_flags=SA_RESTART|SA_SIGINFO
SIGBUS: [libjvm.so+0xead700], sa_mask[0]=11111111011111111101111111111110, sa_flags=SA_RESTART|SA_SIGINFO
SIGFPE: [libjvm.so+0xead700], sa_mask[0]=11111111011111111101111111111110, sa_flags=SA_RESTART|SA_SIGINFO
SIGPIPE: [libjvm.so+0xbefa50], sa_mask[0]=11111111011111111101111111111110, sa_flags=SA_RESTART|SA_SIGINFO
SIGXFSZ: [libjvm.so+0xbefa50], sa_mask[0]=11111111011111111101111111111110, sa_flags=SA_RESTART|SA_SIGINFO
SIGILL: [libjvm.so+0xead700], sa_mask[0]=11111111011111111101111111111110, sa_flags=SA_RESTART|SA_SIGINFO
SIGUSR2: [libjvm.so+0xbef8f0], sa_mask[0]=00100000000000000000000000000000, sa_flags=SA_RESTART|SA_SIGINFO
SIGHUP: [libjvm.so+0xbf00b0], sa_mask[0]=11111111011111111101111111111110, sa_flags=SA_RESTART|SA_SIGINFO
SIGINT: [libjvm.so+0xbf00b0], sa_mask[0]=11111111011111111101111111111110, sa_flags=SA_RESTART|SA_SIGINFO
SIGTERM: [libjvm.so+0xbf00b0], sa_mask[0]=11111111011111111101111111111110, sa_flags=SA_RESTART|SA_SIGINFO
SIGQUIT: [libjvm.so+0xbf00b0], sa_mask[0]=11111111011111111101111111111110, sa_flags=SA_RESTART|SA_SIGINFO


---------------  S Y S T E M  ---------------

OS:DISTRIB_ID=Ubuntu
DISTRIB_RELEASE=22.10
DISTRIB_CODENAME=kinetic
DISTRIB_DESCRIPTION="Ubuntu 22.10"
uname:Linux 6.5.0-21-generic #21~22.04.1-Ubuntu SMP PREEMPT_DYNAMIC Fri Feb  9 13:32:52 UTC 2 x86_64
OS uptime: 0 days 6:13 hours
libc:glibc 2.35 NPTL 2.35 
rlimit (soft/hard): STACK 8192k/infinity , CORE 0k/infinity , NPROC 15188/15188 , NOFILE 1048576/1048576 , AS infinity/infinity , CPU infinity/infinity , DATA infinity/infinity , FSIZE infinity/infinity , MEMLOCK 495440k/495440k
load average:1.01 0.82 0.94

/proc/meminfo:
MemTotal:        3963524 kB
MemFree:          544540 kB
MemAvailable:     767772 kB
Buffers:            5348 kB
Cached:           385664 kB
SwapCached:        86192 kB
Active:          1663012 kB
Inactive:        1128228 kB
Active(anon):    1557368 kB
Inactive(anon):   842924 kB
Active(file):     105644 kB
Inactive(file):   285304 kB
Unevictable:          16 kB
Mlocked:              16 kB
SwapTotal:       3991548 kB
SwapFree:        2609308 kB
Zswap:                 0 kB
Zswapped:              0 kB
Dirty:              1016 kB
Writeback:             0 kB
AnonPages:       2388932 kB
Mapped:           170232 kB
Shmem:                64 kB
KReclaimable:      73504 kB
Slab:             226360 kB
SReclaimable:      73504 kB
SUnreclaim:       152856 kB
KernelStack:       13008 kB
PageTables:        25568 kB
SecPageTables:         0 kB
NFS_Unstable:          0 kB
Bounce:                0 kB
WritebackTmp:          0 kB
CommitLimit:     5973308 kB
Committed_AS:    5921156 kB
VmallocTotal:   34359738367 kB
VmallocUsed:       43900 kB
VmallocChunk:          0 kB
Percpu:           104448 kB
HardwareCorrupted:     0 kB
AnonHugePages:         0 kB
ShmemHugePages:        0 kB
ShmemPmdMapped:        0 kB
FileHugePages:         0 kB
FilePmdMapped:         0 kB
Unaccepted:            0 kB
HugePages_Total:       0
HugePages_Free:        0
HugePages_Rsvd:        0
HugePages_Surp:        0
Hugepagesize:       2048 kB
Hugetlb:               0 kB
DirectMap4k:      177984 kB
DirectMap2M:     4016128 kB
DirectMap1G:     2097152 kB

/sys/kernel/mm/transparent_hugepage/enabled:
always [madvise] never
/sys/kernel/mm/transparent_hugepage/defrag (defrag/compaction efforts parameter):
always defer defer+madvise [madvise] never

Process Memory:
Virtual Size: 4001812K (peak: 12387192K)
Resident Set Size: 97872K (peak: 97872K) (anon: 41308K, file: 56564K, shmem: 0K)
Swapped out: 0K
C-Heap outstanding allocations: 13588K, retained: 8631K
glibc malloc tunables: (default)

/proc/sys/kernel/threads-max (system-wide limit on the number of threads):
30377
/proc/sys/vm/max_map_count (maximum number of memory map areas a process may have):
65530
/proc/sys/kernel/pid_max (system-wide limit on number of process identifiers):
4194304

container (cgroup) information:
container_type: cgroupv2
cpu_cpuset_cpus: not supported
cpu_memory_nodes: not supported
active_processor_count: 4
cpu_quota: not supported
cpu_period: not supported
cpu_shares: not supported
memory_limit_in_bytes: unlimited
memory_and_swap_limit_in_bytes: unlimited
memory_soft_limit_in_bytes: unlimited
memory_usage_in_bytes: 2513912 k
memory_max_usage_in_bytes: not supported
memory_swap_current_in_bytes: 855068 k
memory_swap_max_limit_in_bytes: unlimited
maximum number of tasks: 4556
current number of tasks: 137

VMWare virtualization detected
Steal ticks since vm start: 0
Steal ticks percentage since vm start:  0.000

CPU:total 4 (initial active 4) (1 cores per cpu, 1 threads per core) family 25 model 80 stepping 0 microcode 0xffffffff, cmov, cx8, fxsr, mmx, sse, sse2, sse3, ssse3, sse4.1, sse4.2, popcnt, avx, avx2, aes, clmul, erms, mmxext, lzcnt, sse4a, tsc, tscinvbit, tscinv, bmi1, bmi2, adx, sha, fma
CPU Model and flags from /proc/cpuinfo:
model name	: AMD Ryzen 5 5600H with Radeon Graphics
flags		: fpu vme de pse tsc msr pae mce cx8 apic sep mtrr pge mca cmov pat pse36 clflush mmx fxsr sse sse2 syscall nx mmxext pdpe1gb rdtscp lm constant_tsc rep_good nopl tsc_reliable nonstop_tsc cpuid extd_apicid tsc_known_freq pni pclmulqdq ssse3 fma cx16 sse4_1 sse4_2 x2apic movbe popcnt aes xsave avx f16c rdrand hypervisor lahf_lm cr8_legacy abm sse4a misalignsse 3dnowprefetch osvw topoext ibpb vmmcall fsgsbase bmi1 avx2 smep bmi2 erms invpcid rdseed adx smap clflushopt clwb sha_ni xsaveopt xsavec xgetbv1 xsaves clzero arat umip vaes vpclmulqdq rdpid overflow_recov succor fsrm
Online cpus:
0-3
Offline cpus:
4-127
BIOS frequency limitation:
<Not Available>
Frequency switch latency (ns):
<Not Available>
Available cpu frequencies:
<Not Available>
Current governor:
<Not Available>
Core performance/turbo boost:
<Not Available>

Memory: 4k page, physical 3963524k(544540k free), swap 3991548k(2609308k free)

vm_info: OpenJDK 64-Bit Server VM (11.0.22+7-post-Ubuntu-0ubuntu222.04.1) for linux-amd64 JRE (11.0.22+7-post-Ubuntu-0ubuntu222.04.1), built on Feb  5 2024 20:45:01 by "unknown" with gcc 11.4.0

END.
