#
# A fatal error has been detected by the Java Runtime Environment:
#
#  SIGSEGV (0xb) at pc=0x00007f6bae02c882, pid=36366, tid=36368
#
# JRE version: OpenJDK Runtime Environment (11.0.22+7) (build 11.0.22+7-post-Ubuntu-0ubuntu222.04.1)
# Java VM: OpenJDK 64-Bit Server VM (11.0.22+7-post-Ubuntu-0ubuntu222.04.1, mixed mode, sharing, tiered, compressed oops, g1 gc, linux-amd64)
# Problematic frame:
# C  [libLLVM-13.so+0xc2c882]  LLVMBuildLoad+0x12
#
# Core dump will be written. Default location: Core dumps may be processed with "/usr/share/apport/apport -p%p -s%s -c%c -d%d -P%P -u%u -g%g -- %E" (or dumping to /home/ubuntu/Lab/core.36366)
#
# If you would like to submit a bug report, please visit:
#   https://bugs.launchpad.net/ubuntu/+source/openjdk-lts
# The crash happened outside the Java Virtual Machine in native code.
# See problematic frame for where to report the bug.
#

---------------  S U M M A R Y ------------

Command Line: -javaagent:/home/ubuntu/software/idea-IU-233.14475.28/lib/idea_rt.jar=36761:/home/ubuntu/software/idea-IU-233.14475.28/bin -Dfile.encoding=UTF-8 Main tests/test1.c tests/Actual.ll

Host: AMD Ryzen 5 5600H with Radeon Graphics, 4 cores, 3G, Ubuntu 22.10
Time: Fri May 17 16:54:56 2024 CST elapsed time: 0.386303 seconds (0d 0h 0m 0s)

---------------  T H R E A D  ---------------

Current thread (0x00007f6c18016800):  JavaThread "main" [_thread_in_native, id=36368, stack(0x00007f6c1e700000,0x00007f6c1e800000)]

Stack: [0x00007f6c1e700000,0x00007f6c1e800000],  sp=0x00007f6c1e7fda20,  free space=1014k
Native frames: (J=compiled Java code, A=aot compiled Java code, j=interpreted, Vv=VM code, C=native code)
C  [libLLVM-13.so+0xc2c882]  LLVMBuildLoad+0x12

Java frames: (J=compiled Java code, j=interpreted, Vv=VM code)
j  org.bytedeco.llvm.global.LLVM.LLVMBuildLoad(Lorg/bytedeco/llvm/LLVM/LLVMBuilderRef;Lorg/bytedeco/llvm/LLVM/LLVMValueRef;Ljava/lang/String;)Lorg/bytedeco/llvm/LLVM/LLVMValueRef;+0
j  myVisitor.visitLVal(LSysYParser$LValContext;)Lorg/bytedeco/llvm/LLVM/LLVMValueRef;+53
j  myVisitor.visitExp(LSysYParser$ExpContext;)Lorg/bytedeco/llvm/LLVM/LLVMValueRef;+43
j  myVisitor.visitVarDef(LSysYParser$VarDefContext;)Lorg/bytedeco/llvm/LLVM/LLVMValueRef;+129
j  myVisitor.visitVarDef(LSysYParser$VarDefContext;)Ljava/lang/Object;+2
j  SysYParser$VarDefContext.accept(Lorg/antlr/v4/runtime/tree/ParseTreeVisitor;)Ljava/lang/Object;+12
j  org.antlr.v4.runtime.tree.AbstractParseTreeVisitor.visitChildren(Lorg/antlr/v4/runtime/tree/RuleNode;)Ljava/lang/Object;+46
j  SysYParserBaseVisitor.visitVarDecl(LSysYParser$VarDeclContext;)Ljava/lang/Object;+2
j  SysYParser$VarDeclContext.accept(Lorg/antlr/v4/runtime/tree/ParseTreeVisitor;)Ljava/lang/Object;+12
j  org.antlr.v4.runtime.tree.AbstractParseTreeVisitor.visitChildren(Lorg/antlr/v4/runtime/tree/RuleNode;)Ljava/lang/Object;+46
j  SysYParserBaseVisitor.visitDecl(LSysYParser$DeclContext;)Ljava/lang/Object;+2
j  SysYParser$DeclContext.accept(Lorg/antlr/v4/runtime/tree/ParseTreeVisitor;)Ljava/lang/Object;+12
j  org.antlr.v4.runtime.tree.AbstractParseTreeVisitor.visitChildren(Lorg/antlr/v4/runtime/tree/RuleNode;)Ljava/lang/Object;+46
j  SysYParserBaseVisitor.visitBlockItem(LSysYParser$BlockItemContext;)Ljava/lang/Object;+2
j  SysYParser$BlockItemContext.accept(Lorg/antlr/v4/runtime/tree/ParseTreeVisitor;)Ljava/lang/Object;+12
j  org.antlr.v4.runtime.tree.AbstractParseTreeVisitor.visitChildren(Lorg/antlr/v4/runtime/tree/RuleNode;)Ljava/lang/Object;+46
j  myVisitor.visitBlock(LSysYParser$BlockContext;)Lorg/bytedeco/llvm/LLVM/LLVMValueRef;+9
j  myVisitor.visitBlock(LSysYParser$BlockContext;)Ljava/lang/Object;+2
j  SysYParser$BlockContext.accept(Lorg/antlr/v4/runtime/tree/ParseTreeVisitor;)Ljava/lang/Object;+12
j  org.antlr.v4.runtime.tree.AbstractParseTreeVisitor.visit(Lorg/antlr/v4/runtime/tree/ParseTree;)Ljava/lang/Object;+2
j  myVisitor.visitFuncDef(LSysYParser$FuncDefContext;)Lorg/bytedeco/llvm/LLVM/LLVMValueRef;+65
j  myVisitor.visitFuncDef(LSysYParser$FuncDefContext;)Ljava/lang/Object;+2
j  SysYParser$FuncDefContext.accept(Lorg/antlr/v4/runtime/tree/ParseTreeVisitor;)Ljava/lang/Object;+12
j  org.antlr.v4.runtime.tree.AbstractParseTreeVisitor.visitChildren(Lorg/antlr/v4/runtime/tree/RuleNode;)Ljava/lang/Object;+46
j  SysYParserBaseVisitor.visitCompUnit(LSysYParser$CompUnitContext;)Ljava/lang/Object;+2
j  SysYParser$CompUnitContext.accept(Lorg/antlr/v4/runtime/tree/ParseTreeVisitor;)Ljava/lang/Object;+12
j  org.antlr.v4.runtime.tree.AbstractParseTreeVisitor.visitChildren(Lorg/antlr/v4/runtime/tree/RuleNode;)Ljava/lang/Object;+46
j  SysYParserBaseVisitor.visitProgram(LSysYParser$ProgramContext;)Ljava/lang/Object;+2
j  SysYParser$ProgramContext.accept(Lorg/antlr/v4/runtime/tree/ParseTreeVisitor;)Ljava/lang/Object;+12
j  org.antlr.v4.runtime.tree.AbstractParseTreeVisitor.visit(Lorg/antlr/v4/runtime/tree/ParseTree;)Ljava/lang/Object;+2
j  Main.main([Ljava/lang/String;)V+79
v  ~StubRoutines::call_stub

siginfo: si_signo: 11 (SIGSEGV), si_code: 1 (SEGV_MAPERR), si_addr: 0x0000000000000000

Register to memory mapping:

RAX=0x00007f6c183f8620 points into unknown readable memory: 0x00000007f6c10061 | 61 00 c1 f6 07 00 00 00
RBX=0x0 is NULL
RCX=0x00007f6c18016861 points into unknown readable memory: cf a8 1f 6c 7f 00 00
RDX=0x00007f6c183f8620 points into unknown readable memory: 0x00000007f6c10061 | 61 00 c1 f6 07 00 00 00
RSP=0x00007f6c1e7fda20 is pointing into the stack for thread: 0x00007f6c18016800
RBP=0x00007f6c183c88f0 points into unknown readable memory: 0x00007f6c183c8900 | 00 89 3c 18 6c 7f 00 00
RSI=0x0 is NULL
RDI=0x00007f6c183c88f0 points into unknown readable memory: 0x00007f6c183c8900 | 00 89 3c 18 6c 7f 00 00
R8 =0x00000000c6b61a48 points into unknown readable memory: 0x0000000000000061 | 61 00 00 00 00 00 00 00
R9 =0x0000000000000002 is an unknown value
R10=0x00007f6bad451700: <offset 0x0000000000051700> in /home/ubuntu/.javacpp/cache/llvm-13.0.1-1.5.7-linux-x86_64.jar/org/bytedeco/llvm/linux-x86_64/libLLVM-13.so at 0x00007f6bad400000
R11=0x00007f6bae02c870: LLVMBuildLoad+0x0000000000000000 in /home/ubuntu/.javacpp/cache/llvm-13.0.1-1.5.7-linux-x86_64.jar/org/bytedeco/llvm/linux-x86_64/libLLVM-13.so at 0x00007f6bad400000
R12=0x0 is NULL
R13=0x0 is NULL
R14=0x00007f6c183f8620 points into unknown readable memory: 0x00000007f6c10061 | 61 00 c1 f6 07 00 00 00
R15=0x00007f6c18016800 is a thread


Registers:
RAX=0x00007f6c183f8620, RBX=0x0000000000000000, RCX=0x00007f6c18016861, RDX=0x00007f6c183f8620
RSP=0x00007f6c1e7fda20, RBP=0x00007f6c183c88f0, RSI=0x0000000000000000, RDI=0x00007f6c183c88f0
R8 =0x00000000c6b61a48, R9 =0x0000000000000002, R10=0x00007f6bad451700, R11=0x00007f6bae02c870
R12=0x0000000000000000, R13=0x0000000000000000, R14=0x00007f6c183f8620, R15=0x00007f6c18016800
RIP=0x00007f6bae02c882, EFLAGS=0x0000000000010202, CSGSFS=0x002b000000000033, ERR=0x0000000000000004
  TRAPNO=0x000000000000000e

Top of Stack: (sp=0x00007f6c1e7fda20)
0x00007f6c1e7fda20:   00007f6c18016800 0000000000000000
0x00007f6c1e7fda30:   00007f6c18016800 00007f6c181269f0
0x00007f6c1e7fda40:   0000000000000002 0000000000000001
0x00007f6c1e7fda50:   00007f6c183f8620 00007f6c181269f0 

Instructions: (pc=0x00007f6bae02c882)
0x00007f6bae02c782:   89 c4 4c 8d 4c 24 40 e8 92 57 09 00 48 8b 7d 50
0x00007f6bae02c792:   48 8b 4d 30 4c 89 e6 48 8d 54 24 10 4c 8b 45 38
0x00007f6bae02c7a2:   48 8b 07 ff 50 10 48 8b 5d 00 8b 6d 08 5a 59 48
0x00007f6bae02c7b2:   c1 e5 04 48 01 dd 48 39 eb 74 1a 0f 1f 00 48 8b
0x00007f6bae02c7c2:   53 08 8b 33 4c 89 e7 48 83 c3 10 e8 6e 16 0e 00
0x00007f6bae02c7d2:   48 39 dd 75 e9 48 83 c4 68 4c 89 e0 5b 5d 41 5c
0x00007f6bae02c7e2:   41 5d 41 5e 41 5f c3 0f 1f 80 00 00 00 00 41 54
0x00007f6bae02c7f2:   b8 01 01 00 00 55 48 89 fd 48 89 f7 53 48 83 ec
0x00007f6bae02c802:   30 48 8b 75 30 66 89 44 24 20 e8 ef 24 09 00 48
0x00007f6bae02c812:   8b 7d 50 48 8b 4d 30 48 89 e2 49 89 c4 4c 8b 45
0x00007f6bae02c822:   38 48 8b 07 4c 89 e6 ff 50 10 48 8b 5d 00 8b 6d
0x00007f6bae02c832:   08 48 c1 e5 04 48 01 dd 48 39 eb 74 18 90 48 8b
0x00007f6bae02c842:   53 08 8b 33 4c 89 e7 48 83 c3 10 e8 ee 15 0e 00
0x00007f6bae02c852:   48 39 dd 75 e9 48 83 c4 30 4c 89 e0 5b 5d 41 5c
0x00007f6bae02c862:   c3 66 2e 0f 1f 84 00 00 00 00 00 0f 1f 00 41 56
0x00007f6bae02c872:   41 55 49 89 f5 41 54 55 48 89 fd 53 48 83 ec 60
0x00007f6bae02c882:   48 8b 06 80 3a 00 be 01 01 00 00 4c 8b 70 18 66
0x00007f6bae02c892:   89 74 24 20 74 09 48 89 14 24 c6 44 24 20 03 48
0x00007f6bae02c8a2:   8b 7d 30 e8 d6 15 fc ff 48 89 c7 e8 4e 47 0e 00
0x00007f6bae02c8b2:   4c 89 f6 48 89 c7 e8 b3 46 01 00 be 01 00 00 00
0x00007f6bae02c8c2:   bf 40 00 00 00 89 c3 b8 01 01 00 00 66 89 44 24
0x00007f6bae02c8d2:   50 e8 a8 0a 13 00 48 8d 4c 24 30 41 89 d9 45 31
0x00007f6bae02c8e2:   c0 48 83 ec 08 48 89 c7 4c 89 ea 4c 89 f6 6a 00
0x00007f6bae02c8f2:   49 89 c4 e8 26 5d 09 00 48 8b 7d 50 48 8b 4d 30
0x00007f6bae02c902:   4c 89 e6 48 8d 54 24 10 4c 8b 45 38 48 8b 07 ff
0x00007f6bae02c912:   50 10 48 8b 5d 00 8b 6d 08 5a 59 48 c1 e5 04 48
0x00007f6bae02c922:   01 dd 48 39 eb 74 1e 0f 1f 80 00 00 00 00 48 8b
0x00007f6bae02c932:   53 08 8b 33 4c 89 e7 48 83 c3 10 e8 fe 14 0e 00
0x00007f6bae02c942:   48 39 dd 75 e9 48 83 c4 60 4c 89 e0 5b 5d 41 5c
0x00007f6bae02c952:   41 5d 41 5e c3 66 0f 1f 84 00 00 00 00 00 41 56
0x00007f6bae02c962:   49 89 d6 41 55 49 89 f5 be 01 01 00 00 41 54 55
0x00007f6bae02c972:   48 89 fd 53 48 83 ec 60 80 39 00 66 89 74 24 20 


Stack slot to memory mapping:
stack at sp + 0 slots: 0x00007f6c18016800 is a thread
stack at sp + 1 slots: 0x0 is NULL
stack at sp + 2 slots: 0x00007f6c18016800 is a thread
stack at sp + 3 slots: 0x00007f6c181269f0 points into unknown readable memory: 0x00000000c6b61a38 | 38 1a b6 c6 00 00 00 00
stack at sp + 4 slots: 0x0000000000000002 is an unknown value
stack at sp + 5 slots: 0x0000000000000001 is an unknown value
stack at sp + 6 slots: 0x00007f6c183f8620 points into unknown readable memory: 0x00000007f6c10061 | 61 00 c1 f6 07 00 00 00
stack at sp + 7 slots: 0x00007f6c181269f0 points into unknown readable memory: 0x00000000c6b61a38 | 38 1a b6 c6 00 00 00 00


---------------  P R O C E S S  ---------------

Threads class SMR info:
_java_thread_list=0x00007f6c18220af0, length=11, elements={
0x00007f6c18016800, 0x00007f6c18128000, 0x00007f6c1812a000, 0x00007f6c1812f800,
0x00007f6c18131800, 0x00007f6c18134000, 0x00007f6c18136000, 0x00007f6c18138000,
0x00007f6c18156000, 0x00007f6c18203000, 0x00007f6c1821e800
}

Java Threads: ( => current thread )
=>0x00007f6c18016800 JavaThread "main" [_thread_in_native, id=36368, stack(0x00007f6c1e700000,0x00007f6c1e800000)]
  0x00007f6c18128000 JavaThread "Reference Handler" daemon [_thread_blocked, id=36378, stack(0x00007f6c00500000,0x00007f6c00600000)]
  0x00007f6c1812a000 JavaThread "Finalizer" daemon [_thread_blocked, id=36379, stack(0x00007f6c00400000,0x00007f6c00500000)]
  0x00007f6c1812f800 JavaThread "Signal Dispatcher" daemon [_thread_blocked, id=36382, stack(0x00007f6c00300000,0x00007f6c00400000)]
  0x00007f6c18131800 JavaThread "Service Thread" daemon [_thread_blocked, id=36383, stack(0x00007f6c00200000,0x00007f6c00300000)]
  0x00007f6c18134000 JavaThread "C2 CompilerThread0" daemon [_thread_blocked, id=36384, stack(0x00007f6c00100000,0x00007f6c00200000)]
  0x00007f6c18136000 JavaThread "C1 CompilerThread0" daemon [_thread_in_native, id=36385, stack(0x00007f6c00000000,0x00007f6c00100000)]
  0x00007f6c18138000 JavaThread "Sweeper thread" daemon [_thread_blocked, id=36386, stack(0x00007f6bf87e0000,0x00007f6bf88e0000)]
  0x00007f6c18156000 JavaThread "Common-Cleaner" daemon [_thread_blocked, id=36395, stack(0x00007f6bf86e0000,0x00007f6bf87e0000)]
  0x00007f6c18203000 JavaThread "Monitor Ctrl-Break" daemon [_thread_in_native, id=36398, stack(0x00007f6bf85e0000,0x00007f6bf86e0000)]
  0x00007f6c1821e800 JavaThread "JavaCPP Deallocator" daemon [_thread_blocked, id=36400, stack(0x00007f6bf83df000,0x00007f6bf84df000)]

Other Threads:
  0x00007f6c18125800 VMThread "VM Thread" [stack: 0x00007f6c17e7f000,0x00007f6c17f7f000] [id=36377]
  0x00007f6c18206000 WatcherThread [stack: 0x00007f6bf84e0000,0x00007f6bf85e0000] [id=36399]
  0x00007f6c1802f800 GCTaskThread "GC Thread#0" [stack: 0x00007f6c1e12a000,0x00007f6c1e22a000] [id=36369]
  0x00007f6c1804a800 ConcurrentGCThread "G1 Main Marker" [stack: 0x00007f6c1c759000,0x00007f6c1c859000] [id=36370]
  0x00007f6c1804c800 ConcurrentGCThread "G1 Conc#0" [stack: 0x00007f6c1c658000,0x00007f6c1c758000] [id=36371]
  0x00007f6c18090000 ConcurrentGCThread "G1 Refine#0" [stack: 0x00007f6c1c153000,0x00007f6c1c253000] [id=36372]
  0x00007f6c18092000 ConcurrentGCThread "G1 Young RemSet Sampling" [stack: 0x00007f6c1c052000,0x00007f6c1c152000] [id=36373]

Threads with active compile tasks:
C1 CompilerThread0      393  751       3       jdk.internal.org.objectweb.asm.Frame::execute (2264 bytes)

VM state:not at safepoint (normal execution)

VM Mutex/Monitor currently owned by a thread: None

Heap address: 0x00000000c3800000, size: 968 MB, Compressed Oops mode: 32-bit
Narrow klass base: 0x0000000800000000, Narrow klass shift: 3
Compressed class space size: 1073741824 Address: 0x0000000840000000

Heap:
 garbage-first heap   total 65536K, used 9936K [0x00000000c3800000, 0x0000000100000000)
  region size 1024K, 11 young (11264K), 0 survivors (0K)
 Metaspace       used 3925K, capacity 6551K, committed 6656K, reserved 1056768K
  class space    used 430K, capacity 695K, committed 768K, reserved 1048576K
Heap Regions: E=young(eden), S=young(survivor), O=old, HS=humongous(starts), HC=humongous(continues), CS=collection set, F=free, A=archive, TAMS=top-at-mark-start (previous, next)
|   0|0x00000000c3800000, 0x00000000c3800000, 0x00000000c3900000|  0%| F|  |TAMS 0x00000000c3800000, 0x00000000c3800000| Untracked 
|   1|0x00000000c3900000, 0x00000000c3900000, 0x00000000c3a00000|  0%| F|  |TAMS 0x00000000c3900000, 0x00000000c3900000| Untracked 
|   2|0x00000000c3a00000, 0x00000000c3a00000, 0x00000000c3b00000|  0%| F|  |TAMS 0x00000000c3a00000, 0x00000000c3a00000| Untracked 
|   3|0x00000000c3b00000, 0x00000000c3b00000, 0x00000000c3c00000|  0%| F|  |TAMS 0x00000000c3b00000, 0x00000000c3b00000| Untracked 
|   4|0x00000000c3c00000, 0x00000000c3c00000, 0x00000000c3d00000|  0%| F|  |TAMS 0x00000000c3c00000, 0x00000000c3c00000| Untracked 
|   5|0x00000000c3d00000, 0x00000000c3d00000, 0x00000000c3e00000|  0%| F|  |TAMS 0x00000000c3d00000, 0x00000000c3d00000| Untracked 
|   6|0x00000000c3e00000, 0x00000000c3e00000, 0x00000000c3f00000|  0%| F|  |TAMS 0x00000000c3e00000, 0x00000000c3e00000| Untracked 
|   7|0x00000000c3f00000, 0x00000000c3f00000, 0x00000000c4000000|  0%| F|  |TAMS 0x00000000c3f00000, 0x00000000c3f00000| Untracked 
|   8|0x00000000c4000000, 0x00000000c4000000, 0x00000000c4100000|  0%| F|  |TAMS 0x00000000c4000000, 0x00000000c4000000| Untracked 
|   9|0x00000000c4100000, 0x00000000c4100000, 0x00000000c4200000|  0%| F|  |TAMS 0x00000000c4100000, 0x00000000c4100000| Untracked 
|  10|0x00000000c4200000, 0x00000000c4200000, 0x00000000c4300000|  0%| F|  |TAMS 0x00000000c4200000, 0x00000000c4200000| Untracked 
|  11|0x00000000c4300000, 0x00000000c4300000, 0x00000000c4400000|  0%| F|  |TAMS 0x00000000c4300000, 0x00000000c4300000| Untracked 
|  12|0x00000000c4400000, 0x00000000c4400000, 0x00000000c4500000|  0%| F|  |TAMS 0x00000000c4400000, 0x00000000c4400000| Untracked 
|  13|0x00000000c4500000, 0x00000000c4500000, 0x00000000c4600000|  0%| F|  |TAMS 0x00000000c4500000, 0x00000000c4500000| Untracked 
|  14|0x00000000c4600000, 0x00000000c4600000, 0x00000000c4700000|  0%| F|  |TAMS 0x00000000c4600000, 0x00000000c4600000| Untracked 
|  15|0x00000000c4700000, 0x00000000c4700000, 0x00000000c4800000|  0%| F|  |TAMS 0x00000000c4700000, 0x00000000c4700000| Untracked 
|  16|0x00000000c4800000, 0x00000000c4800000, 0x00000000c4900000|  0%| F|  |TAMS 0x00000000c4800000, 0x00000000c4800000| Untracked 
|  17|0x00000000c4900000, 0x00000000c4900000, 0x00000000c4a00000|  0%| F|  |TAMS 0x00000000c4900000, 0x00000000c4900000| Untracked 
|  18|0x00000000c4a00000, 0x00000000c4a00000, 0x00000000c4b00000|  0%| F|  |TAMS 0x00000000c4a00000, 0x00000000c4a00000| Untracked 
|  19|0x00000000c4b00000, 0x00000000c4b00000, 0x00000000c4c00000|  0%| F|  |TAMS 0x00000000c4b00000, 0x00000000c4b00000| Untracked 
|  20|0x00000000c4c00000, 0x00000000c4c00000, 0x00000000c4d00000|  0%| F|  |TAMS 0x00000000c4c00000, 0x00000000c4c00000| Untracked 
|  21|0x00000000c4d00000, 0x00000000c4d00000, 0x00000000c4e00000|  0%| F|  |TAMS 0x00000000c4d00000, 0x00000000c4d00000| Untracked 
|  22|0x00000000c4e00000, 0x00000000c4e00000, 0x00000000c4f00000|  0%| F|  |TAMS 0x00000000c4e00000, 0x00000000c4e00000| Untracked 
|  23|0x00000000c4f00000, 0x00000000c4f00000, 0x00000000c5000000|  0%| F|  |TAMS 0x00000000c4f00000, 0x00000000c4f00000| Untracked 
|  24|0x00000000c5000000, 0x00000000c5000000, 0x00000000c5100000|  0%| F|  |TAMS 0x00000000c5000000, 0x00000000c5000000| Untracked 
|  25|0x00000000c5100000, 0x00000000c5100000, 0x00000000c5200000|  0%| F|  |TAMS 0x00000000c5100000, 0x00000000c5100000| Untracked 
|  26|0x00000000c5200000, 0x00000000c5200000, 0x00000000c5300000|  0%| F|  |TAMS 0x00000000c5200000, 0x00000000c5200000| Untracked 
|  27|0x00000000c5300000, 0x00000000c5300000, 0x00000000c5400000|  0%| F|  |TAMS 0x00000000c5300000, 0x00000000c5300000| Untracked 
|  28|0x00000000c5400000, 0x00000000c5400000, 0x00000000c5500000|  0%| F|  |TAMS 0x00000000c5400000, 0x00000000c5400000| Untracked 
|  29|0x00000000c5500000, 0x00000000c5500000, 0x00000000c5600000|  0%| F|  |TAMS 0x00000000c5500000, 0x00000000c5500000| Untracked 
|  30|0x00000000c5600000, 0x00000000c5600000, 0x00000000c5700000|  0%| F|  |TAMS 0x00000000c5600000, 0x00000000c5600000| Untracked 
|  31|0x00000000c5700000, 0x00000000c5700000, 0x00000000c5800000|  0%| F|  |TAMS 0x00000000c5700000, 0x00000000c5700000| Untracked 
|  32|0x00000000c5800000, 0x00000000c5800000, 0x00000000c5900000|  0%| F|  |TAMS 0x00000000c5800000, 0x00000000c5800000| Untracked 
|  33|0x00000000c5900000, 0x00000000c5900000, 0x00000000c5a00000|  0%| F|  |TAMS 0x00000000c5900000, 0x00000000c5900000| Untracked 
|  34|0x00000000c5a00000, 0x00000000c5a00000, 0x00000000c5b00000|  0%| F|  |TAMS 0x00000000c5a00000, 0x00000000c5a00000| Untracked 
|  35|0x00000000c5b00000, 0x00000000c5b00000, 0x00000000c5c00000|  0%| F|  |TAMS 0x00000000c5b00000, 0x00000000c5b00000| Untracked 
|  36|0x00000000c5c00000, 0x00000000c5c00000, 0x00000000c5d00000|  0%| F|  |TAMS 0x00000000c5c00000, 0x00000000c5c00000| Untracked 
|  37|0x00000000c5d00000, 0x00000000c5d00000, 0x00000000c5e00000|  0%| F|  |TAMS 0x00000000c5d00000, 0x00000000c5d00000| Untracked 
|  38|0x00000000c5e00000, 0x00000000c5e00000, 0x00000000c5f00000|  0%| F|  |TAMS 0x00000000c5e00000, 0x00000000c5e00000| Untracked 
|  39|0x00000000c5f00000, 0x00000000c5f00000, 0x00000000c6000000|  0%| F|  |TAMS 0x00000000c5f00000, 0x00000000c5f00000| Untracked 
|  40|0x00000000c6000000, 0x00000000c6000000, 0x00000000c6100000|  0%| F|  |TAMS 0x00000000c6000000, 0x00000000c6000000| Untracked 
|  41|0x00000000c6100000, 0x00000000c6100000, 0x00000000c6200000|  0%| F|  |TAMS 0x00000000c6100000, 0x00000000c6100000| Untracked 
|  42|0x00000000c6200000, 0x00000000c6200000, 0x00000000c6300000|  0%| F|  |TAMS 0x00000000c6200000, 0x00000000c6200000| Untracked 
|  43|0x00000000c6300000, 0x00000000c6300000, 0x00000000c6400000|  0%| F|  |TAMS 0x00000000c6300000, 0x00000000c6300000| Untracked 
|  44|0x00000000c6400000, 0x00000000c6400000, 0x00000000c6500000|  0%| F|  |TAMS 0x00000000c6400000, 0x00000000c6400000| Untracked 
|  45|0x00000000c6500000, 0x00000000c6500000, 0x00000000c6600000|  0%| F|  |TAMS 0x00000000c6500000, 0x00000000c6500000| Untracked 
|  46|0x00000000c6600000, 0x00000000c6600000, 0x00000000c6700000|  0%| F|  |TAMS 0x00000000c6600000, 0x00000000c6600000| Untracked 
|  47|0x00000000c6700000, 0x00000000c6700000, 0x00000000c6800000|  0%| F|  |TAMS 0x00000000c6700000, 0x00000000c6700000| Untracked 
|  48|0x00000000c6800000, 0x00000000c6800000, 0x00000000c6900000|  0%| F|  |TAMS 0x00000000c6800000, 0x00000000c6800000| Untracked 
|  49|0x00000000c6900000, 0x00000000c6900000, 0x00000000c6a00000|  0%| F|  |TAMS 0x00000000c6900000, 0x00000000c6900000| Untracked 
|  50|0x00000000c6a00000, 0x00000000c6a00000, 0x00000000c6b00000|  0%| F|  |TAMS 0x00000000c6a00000, 0x00000000c6a00000| Untracked 
|  51|0x00000000c6b00000, 0x00000000c6b900e8, 0x00000000c6c00000| 56%| E|  |TAMS 0x00000000c6b00000, 0x00000000c6b00000| Complete 
|  52|0x00000000c6c00000, 0x00000000c6d00000, 0x00000000c6d00000|100%| E|CS|TAMS 0x00000000c6c00000, 0x00000000c6c00000| Complete 
|  53|0x00000000c6d00000, 0x00000000c6e00000, 0x00000000c6e00000|100%| E|CS|TAMS 0x00000000c6d00000, 0x00000000c6d00000| Complete 
|  54|0x00000000c6e00000, 0x00000000c6f00000, 0x00000000c6f00000|100%| E|CS|TAMS 0x00000000c6e00000, 0x00000000c6e00000| Complete 
|  55|0x00000000c6f00000, 0x00000000c7000000, 0x00000000c7000000|100%| E|  |TAMS 0x00000000c6f00000, 0x00000000c6f00000| Complete 
|  56|0x00000000c7000000, 0x00000000c7100000, 0x00000000c7100000|100%| E|CS|TAMS 0x00000000c7000000, 0x00000000c7000000| Complete 
|  57|0x00000000c7100000, 0x00000000c7200000, 0x00000000c7200000|100%| E|CS|TAMS 0x00000000c7100000, 0x00000000c7100000| Complete 
|  58|0x00000000c7200000, 0x00000000c7300000, 0x00000000c7300000|100%| E|CS|TAMS 0x00000000c7200000, 0x00000000c7200000| Complete 
|  59|0x00000000c7300000, 0x00000000c7400000, 0x00000000c7400000|100%| E|CS|TAMS 0x00000000c7300000, 0x00000000c7300000| Complete 
|  60|0x00000000c7400000, 0x00000000c7500000, 0x00000000c7500000|100%| E|CS|TAMS 0x00000000c7400000, 0x00000000c7400000| Complete 
|  61|0x00000000c7500000, 0x00000000c7600000, 0x00000000c7600000|100%| E|CS|TAMS 0x00000000c7500000, 0x00000000c7500000| Complete 
| 966|0x00000000ffe00000, 0x00000000ffe48000, 0x00000000fff00000| 28%|OA|  |TAMS 0x00000000ffe00000, 0x00000000ffe00000| Untracked 
| 967|0x00000000fff00000, 0x00000000fff6c000, 0x0000000100000000| 42%|CA|  |TAMS 0x00000000fff00000, 0x00000000fff00000| Untracked 

Card table byte_map: [0x00007f6c1d95d000,0x00007f6c1db41000] _byte_map_base: 0x00007f6c1d341000

Marking Bits (Prev, Next): (CMBitMap*) 0x00007f6c18045c68, (CMBitMap*) 0x00007f6c18045ca0
 Prev Bits: [0x00007f6c1c859000, 0x00007f6c1d779000)
 Next Bits: [0x00007f6bfb0e0000, 0x00007f6bfc000000)

Polling page: 0x00007f6c1fe77000

Metaspace:

Usage:
  Non-class:      5.72 MB capacity,     3.42 MB ( 60%) used,     2.29 MB ( 40%) free+waste,     6.94 KB ( <1%) overhead. 
      Class:    695.00 KB capacity,   430.95 KB ( 62%) used,   260.30 KB ( 37%) free+waste,     3.75 KB ( <1%) overhead. 
       Both:      6.40 MB capacity,     3.84 MB ( 60%) used,     2.55 MB ( 40%) free+waste,    10.69 KB ( <1%) overhead. 

Virtual space:
  Non-class space:        8.00 MB reserved,       5.75 MB ( 72%) committed 
      Class space:        1.00 GB reserved,     768.00 KB ( <1%) committed 
             Both:        1.01 GB reserved,       6.50 MB ( <1%) committed 

Chunk freelists:
   Non-Class:  32.00 KB
       Class:  9.00 KB
        Both:  41.00 KB

MaxMetaspaceSize: unlimited
CompressedClassSpaceSize: 1.00 GB
Initial GC threshold: 20.80 MB
Current GC threshold: 20.80 MB
CDS: on

CodeHeap 'non-profiled nmethods': size=120032Kb used=217Kb max_used=217Kb free=119814Kb
 bounds [0x00007f6c080c8000, 0x00007f6c08338000, 0x00007f6c0f600000]
CodeHeap 'profiled nmethods': size=120032Kb used=1338Kb max_used=1338Kb free=118693Kb
 bounds [0x00007f6c00b90000, 0x00007f6c00e00000, 0x00007f6c080c8000]
CodeHeap 'non-nmethods': size=5696Kb used=1148Kb max_used=1161Kb free=4547Kb
 bounds [0x00007f6c00600000, 0x00007f6c00870000, 0x00007f6c00b90000]
 total_blobs=1160 nmethods=751 adapters=323
 compilation: enabled
              stopped_count=0, restarted_count=0
 full_count=0

Compilation events (20 events):
Event: 0.380 Thread 0x00007f6c18136000 nmethod 713 0x00007f6c00ccda10 code [0x00007f6c00ccdc20, 0x00007f6c00ccdfb0]
Event: 0.380 Thread 0x00007f6c18136000  734       1       java.lang.invoke.LambdaForm$Name::type (5 bytes)
Event: 0.380 Thread 0x00007f6c18136000 nmethod 734 0x00007f6c080fcc10 code [0x00007f6c080fcdc0, 0x00007f6c080fce90]
Event: 0.380 Thread 0x00007f6c18136000  736       3       java.util.ImmutableCollections$ListN::get (7 bytes)
Event: 0.381 Thread 0x00007f6c18136000 nmethod 736 0x00007f6c00cce190 code [0x00007f6c00cce340, 0x00007f6c00cce470]
Event: 0.381 Thread 0x00007f6c18136000  738       3       java.lang.invoke.LambdaForm::internArgument (84 bytes)
Event: 0.381 Thread 0x00007f6c18136000 nmethod 738 0x00007f6c00cce510 code [0x00007f6c00cce700, 0x00007f6c00cceaa0]
Event: 0.381 Thread 0x00007f6c18136000  741       3       java.lang.invoke.LambdaForm$Name::useCount (42 bytes)
Event: 0.381 Thread 0x00007f6c18136000 nmethod 741 0x00007f6c00ccec90 code [0x00007f6c00ccee60, 0x00007f6c00ccf170]
Event: 0.381 Thread 0x00007f6c18136000  737       3       sun.invoke.util.Wrapper::hashPrim (30 bytes)
Event: 0.381 Thread 0x00007f6c18136000 nmethod 737 0x00007f6c00ccf290 code [0x00007f6c00ccf540, 0x00007f6c00cd0100]
Event: 0.381 Thread 0x00007f6c18136000  740       3       jdk.internal.org.objectweb.asm.MethodWriter::visitVarInsn (300 bytes)
Event: 0.381 Thread 0x00007f6c18134000  746       4       java.lang.StringBuilder::<init> (7 bytes)
Event: 0.382 Thread 0x00007f6c18136000 nmethod 740 0x00007f6c00cd0590 code [0x00007f6c00cd0800, 0x00007f6c00cd1200]
Event: 0.382 Thread 0x00007f6c18136000  743       3       jdk.internal.org.objectweb.asm.Frame::push (110 bytes)
Event: 0.382 Thread 0x00007f6c18134000 nmethod 746 0x00007f6c080fe010 code [0x00007f6c080fe1a0, 0x00007f6c080fe358]
Event: 0.383 Thread 0x00007f6c18136000 nmethod 743 0x00007f6c00cd1510 code [0x00007f6c00cd1700, 0x00007f6c00cd1c80]
Event: 0.383 Thread 0x00007f6c18136000  747       3       java.util.ImmutableCollections$ListN::size (6 bytes)
Event: 0.383 Thread 0x00007f6c18136000 nmethod 747 0x00007f6c00cd1e90 code [0x00007f6c00cd2040, 0x00007f6c00cd2170]
Event: 0.383 Thread 0x00007f6c18136000  751       3       jdk.internal.org.objectweb.asm.Frame::execute (2264 bytes)

GC Heap History (0 events):
No events

Deoptimization events (20 events):
Event: 0.213 Thread 0x00007f6c18016800 DEOPT PACKING pc=0x00007f6c00bea9a4 sp=0x00007f6c1e7fd6e0
Event: 0.213 Thread 0x00007f6c18016800 DEOPT UNPACKING pc=0x00007f6c0064a64a sp=0x00007f6c1e7fcb58 mode 0
Event: 0.226 Thread 0x00007f6c18016800 Uncommon trap: trap_request=0xffffff4d fr.pc=0x00007f6c080dba88 relative=0x0000000000000068
Event: 0.226 Thread 0x00007f6c18016800 Uncommon trap: reason=unstable_if action=reinterpret pc=0x00007f6c080dba88 method=java.lang.String.isLatin1()Z @ 10 c2
Event: 0.226 Thread 0x00007f6c18016800 DEOPT PACKING pc=0x00007f6c080dba88 sp=0x00007f6c1e7fe2b0
Event: 0.226 Thread 0x00007f6c18016800 DEOPT UNPACKING pc=0x00007f6c00649ea5 sp=0x00007f6c1e7fe260 mode 2
Event: 0.262 Thread 0x00007f6c18016800 Uncommon trap: trap_request=0xffffff76 fr.pc=0x00007f6c080e9a6c relative=0x00000000000003ac
Event: 0.262 Thread 0x00007f6c18016800 Uncommon trap: reason=loop_limit_check action=maybe_recompile pc=0x00007f6c080e9a6c method=java.lang.StringLatin1.indexOf([BI[BII)I @ 37 c2
Event: 0.262 Thread 0x00007f6c18016800 DEOPT PACKING pc=0x00007f6c080e9a6c sp=0x00007f6c1e7fa1c0
Event: 0.262 Thread 0x00007f6c18016800 DEOPT UNPACKING pc=0x00007f6c00649ea5 sp=0x00007f6c1e7fa168 mode 2
Event: 0.294 Thread 0x00007f6c18016800 Uncommon trap: trap_request=0xffffffc6 fr.pc=0x00007f6c080e1574 relative=0x0000000000000394
Event: 0.294 Thread 0x00007f6c18016800 Uncommon trap: reason=bimorphic_or_optimized_type_check action=maybe_recompile pc=0x00007f6c080e1574 method=java.util.HashMap.getNode(ILjava/lang/Object;)Ljava/util/HashMap$Node; @ 126 c2
Event: 0.294 Thread 0x00007f6c18016800 DEOPT PACKING pc=0x00007f6c080e1574 sp=0x00007f6c1e7fe0e0
Event: 0.294 Thread 0x00007f6c18016800 DEOPT UNPACKING pc=0x00007f6c00649ea5 sp=0x00007f6c1e7fe078 mode 2
Event: 0.333 Thread 0x00007f6c18016800 DEOPT PACKING pc=0x00007f6c00c0af42 sp=0x00007f6c1e7fd020
Event: 0.333 Thread 0x00007f6c18016800 DEOPT UNPACKING pc=0x00007f6c0064a64a sp=0x00007f6c1e7fc4a8 mode 0
Event: 0.335 Thread 0x00007f6c18016800 DEOPT PACKING pc=0x00007f6c00bcc34f sp=0x00007f6c1e7fd050
Event: 0.335 Thread 0x00007f6c18016800 DEOPT UNPACKING pc=0x00007f6c0064a64a sp=0x00007f6c1e7fc4f8 mode 0
Event: 0.338 Thread 0x00007f6c18016800 DEOPT PACKING pc=0x00007f6c00bcc34f sp=0x00007f6c1e7fcf80
Event: 0.338 Thread 0x00007f6c18016800 DEOPT UNPACKING pc=0x00007f6c0064a64a sp=0x00007f6c1e7fc428 mode 0

Classes redefined (0 events):
No events

Internal exceptions (20 events):
Event: 0.115 Thread 0x00007f6c18016800 Exception <a 'java/security/PrivilegedActionException'{0x00000000c7487328}> (0x00000000c7487328) thrown at [./src/hotspot/share/prims/jvm.cpp, line 1304]
Event: 0.115 Thread 0x00007f6c18016800 Exception <a 'java/security/PrivilegedActionException'{0x00000000c74875f8}> (0x00000000c74875f8) thrown at [./src/hotspot/share/prims/jvm.cpp, line 1304]
Event: 0.116 Thread 0x00007f6c18016800 Exception <a 'java/security/PrivilegedActionException'{0x00000000c7487f68}> (0x00000000c7487f68) thrown at [./src/hotspot/share/prims/jvm.cpp, line 1304]
Event: 0.116 Thread 0x00007f6c18016800 Exception <a 'java/security/PrivilegedActionException'{0x00000000c7488238}> (0x00000000c7488238) thrown at [./src/hotspot/share/prims/jvm.cpp, line 1304]
Event: 0.116 Thread 0x00007f6c18016800 Exception <a 'java/security/PrivilegedActionException'{0x00000000c7488ba8}> (0x00000000c7488ba8) thrown at [./src/hotspot/share/prims/jvm.cpp, line 1304]
Event: 0.116 Thread 0x00007f6c18016800 Exception <a 'java/security/PrivilegedActionException'{0x00000000c7488e78}> (0x00000000c7488e78) thrown at [./src/hotspot/share/prims/jvm.cpp, line 1304]
Event: 0.116 Thread 0x00007f6c18016800 Exception <a 'java/security/PrivilegedActionException'{0x00000000c7489800}> (0x00000000c7489800) thrown at [./src/hotspot/share/prims/jvm.cpp, line 1304]
Event: 0.116 Thread 0x00007f6c18016800 Exception <a 'java/security/PrivilegedActionException'{0x00000000c7489ad0}> (0x00000000c7489ad0) thrown at [./src/hotspot/share/prims/jvm.cpp, line 1304]
Event: 0.116 Thread 0x00007f6c18016800 Exception <a 'java/security/PrivilegedActionException'{0x00000000c748a458}> (0x00000000c748a458) thrown at [./src/hotspot/share/prims/jvm.cpp, line 1304]
Event: 0.116 Thread 0x00007f6c18016800 Exception <a 'java/security/PrivilegedActionException'{0x00000000c748a728}> (0x00000000c748a728) thrown at [./src/hotspot/share/prims/jvm.cpp, line 1304]
Event: 0.116 Thread 0x00007f6c18016800 Exception <a 'java/security/PrivilegedActionException'{0x00000000c748b0b0}> (0x00000000c748b0b0) thrown at [./src/hotspot/share/prims/jvm.cpp, line 1304]
Event: 0.116 Thread 0x00007f6c18016800 Exception <a 'java/security/PrivilegedActionException'{0x00000000c748b380}> (0x00000000c748b380) thrown at [./src/hotspot/share/prims/jvm.cpp, line 1304]
Event: 0.116 Thread 0x00007f6c18016800 Exception <a 'java/security/PrivilegedActionException'{0x00000000c748bcf0}> (0x00000000c748bcf0) thrown at [./src/hotspot/share/prims/jvm.cpp, line 1304]
Event: 0.116 Thread 0x00007f6c18016800 Exception <a 'java/security/PrivilegedActionException'{0x00000000c748bfc0}> (0x00000000c748bfc0) thrown at [./src/hotspot/share/prims/jvm.cpp, line 1304]
Event: 0.116 Thread 0x00007f6c18016800 Exception <a 'java/security/PrivilegedActionException'{0x00000000c748c948}> (0x00000000c748c948) thrown at [./src/hotspot/share/prims/jvm.cpp, line 1304]
Event: 0.116 Thread 0x00007f6c18016800 Exception <a 'java/security/PrivilegedActionException'{0x00000000c748cc18}> (0x00000000c748cc18) thrown at [./src/hotspot/share/prims/jvm.cpp, line 1304]
Event: 0.139 Thread 0x00007f6c18016800 Exception <a 'java/lang/NoSuchMethodError'{0x00000000c73bd1d8}: 'int java.lang.invoke.DirectMethodHandle$Holder.invokeStaticInit(java.lang.Object, java.lang.Object, java.lang.Object, java.lang.Object)'> (0x00000000c73bd1d8) thrown at [./src/hotspot/share/interpreter/linkResolver.cpp, line 772]
Event: 0.140 Thread 0x00007f6c18016800 Exception <a 'java/lang/IncompatibleClassChangeError'{0x00000000c73c6f58}: Found class java.lang.Object, but interface was expected> (0x00000000c73c6f58) thrown at [./src/hotspot/share/interpreter/linkResolver.cpp, line 839]
Event: 0.141 Thread 0x00007f6c18016800 Exception <a 'java/lang/NoSuchMethodError'{0x00000000c73ca108}: 'void java.lang.invoke.DirectMethodHandle$Holder.invokeStaticInit(java.lang.Object, java.lang.Object)'> (0x00000000c73ca108) thrown at [./src/hotspot/share/interpreter/linkResolver.cpp, line 772]
Event: 0.142 Thread 0x00007f6c18016800 Exception <a 'java/lang/NoSuchMethodError'{0x00000000c73cf598}: 'int java.lang.invoke.DirectMethodHandle$Holder.invokeStaticInit(java.lang.Object, java.lang.Object)'> (0x00000000c73cf598) thrown at [./src/hotspot/share/interpreter/linkResolver.cpp, line 772]

Events (20 events):
Event: 0.365 loading class SymbolTable
Event: 0.365 loading class SymbolTable done
Event: 0.369 Executing VM operation: Deoptimize
Event: 0.369 Executing VM operation: Deoptimize done
Event: 0.370 loading class java/lang/invoke/BoundMethodHandle$Species_LL
Event: 0.370 loading class java/lang/invoke/BoundMethodHandle$Species_LL done
Event: 0.374 loading class java/lang/invoke/BoundMethodHandle$Species_LLL
Event: 0.374 loading class java/lang/invoke/BoundMethodHandle$Species_LLL done
Event: 0.374 loading class java/lang/invoke/BoundMethodHandle$Species_LLLL
Event: 0.374 loading class java/lang/invoke/BoundMethodHandle$Species_LLLL done
Event: 0.376 loading class java/lang/invoke/BoundMethodHandle$Species_LLLLL
Event: 0.376 loading class java/lang/invoke/BoundMethodHandle$Species_LLLLL done
Event: 0.377 loading class java/lang/invoke/BoundMethodHandle$Species_LLLLLL
Event: 0.377 loading class java/lang/invoke/BoundMethodHandle$Species_LLLLLL done
Event: 0.379 loading class java/lang/invoke/BoundMethodHandle$Species_LLLLLLI
Event: 0.379 loading class java/lang/invoke/BoundMethodHandle$Species_LLLLLLI done
Event: 0.380 loading class java/lang/invoke/BoundMethodHandle$Species_LLLLLLII
Event: 0.380 loading class java/lang/invoke/BoundMethodHandle$Species_LLLLLLII done
Event: 0.381 loading class java/lang/invoke/BoundMethodHandle$Species_LLLLLLIIL
Event: 0.381 loading class java/lang/invoke/BoundMethodHandle$Species_LLLLLLIIL done


Dynamic libraries:
c3800000-c7600000 rw-p 00000000 00:00 0 
c7600000-ffe00000 ---p 00000000 00:00 0 
ffe00000-ffe48000 rw-p 00b14000 08:03 265562                             /usr/lib/jvm/java-11-openjdk-amd64/lib/server/classes.jsa
ffe48000-fff00000 rw-p 00000000 00:00 0 
fff00000-fff6c000 rw-p 00aa8000 08:03 265562                             /usr/lib/jvm/java-11-openjdk-amd64/lib/server/classes.jsa
fff6c000-100000000 rw-p 00000000 00:00 0 
800000000-800002000 rwxp 00001000 08:03 265562                           /usr/lib/jvm/java-11-openjdk-amd64/lib/server/classes.jsa
800002000-8003ce000 rw-p 00003000 08:03 265562                           /usr/lib/jvm/java-11-openjdk-amd64/lib/server/classes.jsa
8003ce000-800aa6000 r--p 003cf000 08:03 265562                           /usr/lib/jvm/java-11-openjdk-amd64/lib/server/classes.jsa
800aa6000-800aa7000 rw-p 00aa7000 08:03 265562                           /usr/lib/jvm/java-11-openjdk-amd64/lib/server/classes.jsa
840000000-8400c0000 rw-p 00000000 00:00 0 
8400c0000-880000000 ---p 00000000 00:00 0 
55b48355e000-55b48355f000 r--p 00000000 08:03 265116                     /usr/lib/jvm/java-11-openjdk-amd64/bin/java
55b48355f000-55b483560000 r-xp 00001000 08:03 265116                     /usr/lib/jvm/java-11-openjdk-amd64/bin/java
55b483560000-55b483561000 r--p 00002000 08:03 265116                     /usr/lib/jvm/java-11-openjdk-amd64/bin/java
55b483561000-55b483562000 r--p 00002000 08:03 265116                     /usr/lib/jvm/java-11-openjdk-amd64/bin/java
55b483562000-55b483563000 rw-p 00003000 08:03 265116                     /usr/lib/jvm/java-11-openjdk-amd64/bin/java
55b483e9d000-55b483ebe000 rw-p 00000000 00:00 0                          [heap]
7f6bad400000-7f6badd26000 r--p 00000000 08:03 1587749                    /home/ubuntu/.javacpp/cache/llvm-13.0.1-1.5.7-linux-x86_64.jar/org/bytedeco/llvm/linux-x86_64/libLLVM-13.so
7f6badd26000-7f6bb16e9000 r-xp 00926000 08:03 1587749                    /home/ubuntu/.javacpp/cache/llvm-13.0.1-1.5.7-linux-x86_64.jar/org/bytedeco/llvm/linux-x86_64/libLLVM-13.so
7f6bb16e9000-7f6bb393e000 r--p 042e9000 08:03 1587749                    /home/ubuntu/.javacpp/cache/llvm-13.0.1-1.5.7-linux-x86_64.jar/org/bytedeco/llvm/linux-x86_64/libLLVM-13.so
7f6bb393e000-7f6bb3e53000 r--p 0653d000 08:03 1587749                    /home/ubuntu/.javacpp/cache/llvm-13.0.1-1.5.7-linux-x86_64.jar/org/bytedeco/llvm/linux-x86_64/libLLVM-13.so
7f6bb3e53000-7f6bb3e5e000 rw-p 06a52000 08:03 1587749                    /home/ubuntu/.javacpp/cache/llvm-13.0.1-1.5.7-linux-x86_64.jar/org/bytedeco/llvm/linux-x86_64/libLLVM-13.so
7f6bb3e5e000-7f6bb3ed4000 rw-p 00000000 00:00 0 
7f6bb4000000-7f6bb4021000 rw-p 00000000 00:00 0 
7f6bb4021000-7f6bb8000000 ---p 00000000 00:00 0 
7f6bb8000000-7f6bb8021000 rw-p 00000000 00:00 0 
7f6bb8021000-7f6bbc000000 ---p 00000000 00:00 0 
7f6bbc000000-7f6bbc021000 rw-p 00000000 00:00 0 
7f6bbc021000-7f6bc0000000 ---p 00000000 00:00 0 
7f6bc0000000-7f6bc0021000 rw-p 00000000 00:00 0 
7f6bc0021000-7f6bc4000000 ---p 00000000 00:00 0 
7f6bc4000000-7f6bc4457000 rw-p 00000000 00:00 0 
7f6bc4457000-7f6bc8000000 ---p 00000000 00:00 0 
7f6bc8000000-7f6bc8021000 rw-p 00000000 00:00 0 
7f6bc8021000-7f6bcc000000 ---p 00000000 00:00 0 
7f6bcc000000-7f6bcc021000 rw-p 00000000 00:00 0 
7f6bcc021000-7f6bd0000000 ---p 00000000 00:00 0 
7f6bd0000000-7f6bd0208000 rw-p 00000000 00:00 0 
7f6bd0208000-7f6bd4000000 ---p 00000000 00:00 0 
7f6bd4000000-7f6bd4021000 rw-p 00000000 00:00 0 
7f6bd4021000-7f6bd8000000 ---p 00000000 00:00 0 
7f6bdb600000-7f6bdbe78000 r--p 00000000 08:03 2365202                    /usr/lib/locale/locale-archive
7f6bdc000000-7f6bdc021000 rw-p 00000000 00:00 0 
7f6bdc021000-7f6be0000000 ---p 00000000 00:00 0 
7f6be0000000-7f6be0021000 rw-p 00000000 00:00 0 
7f6be0021000-7f6be4000000 ---p 00000000 00:00 0 
7f6be4000000-7f6be4021000 rw-p 00000000 00:00 0 
7f6be4021000-7f6be8000000 ---p 00000000 00:00 0 
7f6be8000000-7f6be8021000 rw-p 00000000 00:00 0 
7f6be8021000-7f6bec000000 ---p 00000000 00:00 0 
7f6bec000000-7f6bec021000 rw-p 00000000 00:00 0 
7f6bec021000-7f6bf0000000 ---p 00000000 00:00 0 
7f6bf0000000-7f6bf0021000 rw-p 00000000 00:00 0 
7f6bf0021000-7f6bf4000000 ---p 00000000 00:00 0 
7f6bf4000000-7f6bf4021000 rw-p 00000000 00:00 0 
7f6bf4021000-7f6bf8000000 ---p 00000000 00:00 0 
7f6bf82d9000-7f6bf833e000 r--p 00000000 08:03 1589997                    /home/ubuntu/.javacpp/cache/llvm-13.0.1-1.5.7-linux-x86_64.jar/org/bytedeco/llvm/linux-x86_64/libjniLLVM.so
7f6bf833e000-7f6bf83ac000 r-xp 00065000 08:03 1589997                    /home/ubuntu/.javacpp/cache/llvm-13.0.1-1.5.7-linux-x86_64.jar/org/bytedeco/llvm/linux-x86_64/libjniLLVM.so
7f6bf83ac000-7f6bf83d7000 r--p 000d3000 08:03 1589997                    /home/ubuntu/.javacpp/cache/llvm-13.0.1-1.5.7-linux-x86_64.jar/org/bytedeco/llvm/linux-x86_64/libjniLLVM.so
7f6bf83d7000-7f6bf83da000 r--p 000fd000 08:03 1589997                    /home/ubuntu/.javacpp/cache/llvm-13.0.1-1.5.7-linux-x86_64.jar/org/bytedeco/llvm/linux-x86_64/libjniLLVM.so
7f6bf83da000-7f6bf83dd000 rw-p 00100000 08:03 1589997                    /home/ubuntu/.javacpp/cache/llvm-13.0.1-1.5.7-linux-x86_64.jar/org/bytedeco/llvm/linux-x86_64/libjniLLVM.so
7f6bf83dd000-7f6bf83df000 rw-p 00000000 00:00 0 
7f6bf83df000-7f6bf83e3000 ---p 00000000 00:00 0 
7f6bf83e3000-7f6bf84df000 rw-p 00000000 00:00 0 
7f6bf84df000-7f6bf84e0000 ---p 00000000 00:00 0 
7f6bf84e0000-7f6bf85e0000 rw-p 00000000 00:00 0 
7f6bf85e0000-7f6bf85e4000 ---p 00000000 00:00 0 
7f6bf85e4000-7f6bf86e0000 rw-p 00000000 00:00 0 
7f6bf86e0000-7f6bf86e4000 ---p 00000000 00:00 0 
7f6bf86e4000-7f6bf87e0000 rw-p 00000000 00:00 0 
7f6bf87e0000-7f6bf87e4000 ---p 00000000 00:00 0 
7f6bf87e4000-7f6bf8ea0000 rw-p 00000000 00:00 0 
7f6bf8ea0000-7f6bf90e0000 ---p 00000000 00:00 0 
7f6bf90e0000-7f6bfb1d8000 rw-p 00000000 00:00 0 
7f6bfb1d8000-7f6bfbff8000 ---p 00000000 00:00 0 
7f6bfbff8000-7f6bfc000000 rw-p 00000000 00:00 0 
7f6bfc000000-7f6bfc021000 rw-p 00000000 00:00 0 
7f6bfc021000-7f6c00000000 ---p 00000000 00:00 0 
7f6c00000000-7f6c00004000 ---p 00000000 00:00 0 
7f6c00004000-7f6c00100000 rw-p 00000000 00:00 0 
7f6c00100000-7f6c00104000 ---p 00000000 00:00 0 
7f6c00104000-7f6c00200000 rw-p 00000000 00:00 0 
7f6c00200000-7f6c00204000 ---p 00000000 00:00 0 
7f6c00204000-7f6c00300000 rw-p 00000000 00:00 0 
7f6c00300000-7f6c00304000 ---p 00000000 00:00 0 
7f6c00304000-7f6c00400000 rw-p 00000000 00:00 0 
7f6c00400000-7f6c00404000 ---p 00000000 00:00 0 
7f6c00404000-7f6c00500000 rw-p 00000000 00:00 0 
7f6c00500000-7f6c00504000 ---p 00000000 00:00 0 
7f6c00504000-7f6c00600000 rw-p 00000000 00:00 0 
7f6c00600000-7f6c00870000 rwxp 00000000 00:00 0 
7f6c00870000-7f6c00b90000 ---p 00000000 00:00 0 
7f6c00b90000-7f6c00e00000 rwxp 00000000 00:00 0 
7f6c00e00000-7f6c080c8000 ---p 00000000 00:00 0 
7f6c080c8000-7f6c08338000 rwxp 00000000 00:00 0 
7f6c08338000-7f6c0f600000 ---p 00000000 00:00 0 
7f6c0f600000-7f6c17e25000 r--s 00000000 08:03 265275                     /usr/lib/jvm/java-11-openjdk-amd64/lib/modules
7f6c17e7e000-7f6c17e7f000 ---p 00000000 00:00 0 
7f6c17e7f000-7f6c18000000 rw-p 00000000 00:00 0 
7f6c18000000-7f6c183fa000 rw-p 00000000 00:00 0 
7f6c183fa000-7f6c1c000000 ---p 00000000 00:00 0 
7f6c1c051000-7f6c1c052000 ---p 00000000 00:00 0 
7f6c1c052000-7f6c1c152000 rw-p 00000000 00:00 0 
7f6c1c152000-7f6c1c153000 ---p 00000000 00:00 0 
7f6c1c153000-7f6c1c657000 rw-p 00000000 00:00 0 
7f6c1c657000-7f6c1c658000 ---p 00000000 00:00 0 
7f6c1c658000-7f6c1c758000 rw-p 00000000 00:00 0 
7f6c1c758000-7f6c1c759000 ---p 00000000 00:00 0 
7f6c1c759000-7f6c1c951000 rw-p 00000000 00:00 0 
7f6c1c951000-7f6c1d771000 ---p 00000000 00:00 0 
7f6c1d771000-7f6c1d798000 rw-p 00000000 00:00 0 
7f6c1d798000-7f6c1d95c000 ---p 00000000 00:00 0 
7f6c1d95c000-7f6c1d97c000 rw-p 00000000 00:00 0 
7f6c1d97c000-7f6c1db40000 ---p 00000000 00:00 0 
7f6c1db40000-7f6c1db60000 rw-p 00000000 00:00 0 
7f6c1db60000-7f6c1dd24000 ---p 00000000 00:00 0 
7f6c1dd24000-7f6c1e129000 rw-p 00000000 00:00 0 
7f6c1e129000-7f6c1e12a000 ---p 00000000 00:00 0 
7f6c1e12a000-7f6c1e22f000 rw-p 00000000 00:00 0 
7f6c1e22f000-7f6c1e315000 ---p 00000000 00:00 0 
7f6c1e315000-7f6c1e31a000 rw-p 00000000 00:00 0 
7f6c1e31a000-7f6c1e400000 ---p 00000000 00:00 0 
7f6c1e400000-7f6c1e49a000 r--p 00000000 08:03 2360832                    /usr/lib/x86_64-linux-gnu/libstdc++.so.6.0.30
7f6c1e49a000-7f6c1e5ab000 r-xp 0009a000 08:03 2360832                    /usr/lib/x86_64-linux-gnu/libstdc++.so.6.0.30
7f6c1e5ab000-7f6c1e61a000 r--p 001ab000 08:03 2360832                    /usr/lib/x86_64-linux-gnu/libstdc++.so.6.0.30
7f6c1e61a000-7f6c1e61b000 ---p 0021a000 08:03 2360832                    /usr/lib/x86_64-linux-gnu/libstdc++.so.6.0.30
7f6c1e61b000-7f6c1e626000 r--p 0021a000 08:03 2360832                    /usr/lib/x86_64-linux-gnu/libstdc++.so.6.0.30
7f6c1e626000-7f6c1e629000 rw-p 00225000 08:03 2360832                    /usr/lib/x86_64-linux-gnu/libstdc++.so.6.0.30
7f6c1e629000-7f6c1e62c000 rw-p 00000000 00:00 0 
7f6c1e67c000-7f6c1e683000 r--p 00000000 08:03 1587750                    /home/ubuntu/.javacpp/cache/llvm-13.0.1-1.5.7-linux-x86_64.jar/org/bytedeco/llvm/linux-x86_64/libLTO.so.13
7f6c1e683000-7f6c1e68b000 r-xp 00007000 08:03 1587750                    /home/ubuntu/.javacpp/cache/llvm-13.0.1-1.5.7-linux-x86_64.jar/org/bytedeco/llvm/linux-x86_64/libLTO.so.13
7f6c1e68b000-7f6c1e68d000 r--p 0000f000 08:03 1587750                    /home/ubuntu/.javacpp/cache/llvm-13.0.1-1.5.7-linux-x86_64.jar/org/bytedeco/llvm/linux-x86_64/libLTO.so.13
7f6c1e68d000-7f6c1e68e000 r--p 00010000 08:03 1587750                    /home/ubuntu/.javacpp/cache/llvm-13.0.1-1.5.7-linux-x86_64.jar/org/bytedeco/llvm/linux-x86_64/libLTO.so.13
7f6c1e68e000-7f6c1e68f000 rw-p 00011000 08:03 1587750                    /home/ubuntu/.javacpp/cache/llvm-13.0.1-1.5.7-linux-x86_64.jar/org/bytedeco/llvm/linux-x86_64/libLTO.so.13
7f6c1e68f000-7f6c1e690000 r--p 00000000 08:03 2361439                    /usr/lib/x86_64-linux-gnu/libdl.so.2
7f6c1e690000-7f6c1e691000 r-xp 00001000 08:03 2361439                    /usr/lib/x86_64-linux-gnu/libdl.so.2
7f6c1e691000-7f6c1e692000 r--p 00002000 08:03 2361439                    /usr/lib/x86_64-linux-gnu/libdl.so.2
7f6c1e692000-7f6c1e693000 r--p 00002000 08:03 2361439                    /usr/lib/x86_64-linux-gnu/libdl.so.2
7f6c1e693000-7f6c1e694000 rw-p 00003000 08:03 2361439                    /usr/lib/x86_64-linux-gnu/libdl.so.2
7f6c1e699000-7f6c1e6a0000 r--s 00000000 08:03 659244                     /usr/lib/x86_64-linux-gnu/gconv/gconv-modules.cache
7f6c1e6a0000-7f6c1e6a1000 r--p 00000000 08:03 1589995                    /home/ubuntu/.javacpp/cache/llvm-13.0.1-1.5.7-linux-x86_64.jar/org/bytedeco/llvm/linux-x86_64/libRemarks.so.13
7f6c1e6a1000-7f6c1e6a2000 r-xp 00001000 08:03 1589995                    /home/ubuntu/.javacpp/cache/llvm-13.0.1-1.5.7-linux-x86_64.jar/org/bytedeco/llvm/linux-x86_64/libRemarks.so.13
7f6c1e6a2000-7f6c1e6a3000 r--p 00002000 08:03 1589995                    /home/ubuntu/.javacpp/cache/llvm-13.0.1-1.5.7-linux-x86_64.jar/org/bytedeco/llvm/linux-x86_64/libRemarks.so.13
7f6c1e6a3000-7f6c1e6a4000 r--p 00002000 08:03 1589995                    /home/ubuntu/.javacpp/cache/llvm-13.0.1-1.5.7-linux-x86_64.jar/org/bytedeco/llvm/linux-x86_64/libRemarks.so.13
7f6c1e6a4000-7f6c1e6a5000 rw-p 00003000 08:03 1589995                    /home/ubuntu/.javacpp/cache/llvm-13.0.1-1.5.7-linux-x86_64.jar/org/bytedeco/llvm/linux-x86_64/libRemarks.so.13
7f6c1e6a5000-7f6c1e700000 rw-p 00000000 00:00 0 
7f6c1e700000-7f6c1e704000 ---p 00000000 00:00 0 
7f6c1e704000-7f6c1e800000 rw-p 00000000 00:00 0 
7f6c1e800000-7f6c1ea82000 r--p 00000000 08:03 265280                     /usr/lib/jvm/java-11-openjdk-amd64/lib/server/libjvm.so
7f6c1ea82000-7f6c1f720000 r-xp 00282000 08:03 265280                     /usr/lib/jvm/java-11-openjdk-amd64/lib/server/libjvm.so
7f6c1f720000-7f6c1f97c000 r--p 00f20000 08:03 265280                     /usr/lib/jvm/java-11-openjdk-amd64/lib/server/libjvm.so
7f6c1f97c000-7f6c1fa40000 r--p 0117b000 08:03 265280                     /usr/lib/jvm/java-11-openjdk-amd64/lib/server/libjvm.so
7f6c1fa40000-7f6c1fa7b000 rw-p 0123f000 08:03 265280                     /usr/lib/jvm/java-11-openjdk-amd64/lib/server/libjvm.so
7f6c1fa7b000-7f6c1fad2000 rw-p 00000000 00:00 0 
7f6c1fad2000-7f6c1fad3000 r--p 00000000 08:03 2361473                    /usr/lib/x86_64-linux-gnu/libpthread.so.0
7f6c1fad3000-7f6c1fad4000 r-xp 00001000 08:03 2361473                    /usr/lib/x86_64-linux-gnu/libpthread.so.0
7f6c1fad4000-7f6c1fad5000 r--p 00002000 08:03 2361473                    /usr/lib/x86_64-linux-gnu/libpthread.so.0
7f6c1fad5000-7f6c1fad6000 r--p 00002000 08:03 2361473                    /usr/lib/x86_64-linux-gnu/libpthread.so.0
7f6c1fad6000-7f6c1fad7000 rw-p 00003000 08:03 2361473                    /usr/lib/x86_64-linux-gnu/libpthread.so.0
7f6c1fad7000-7f6c1fadb000 r--p 00000000 08:03 1587748                    /home/ubuntu/.javacpp/cache/javacpp-1.5.7-linux-x86_64.jar/org/bytedeco/javacpp/linux-x86_64/libjnijavacpp.so
7f6c1fadb000-7f6c1fae2000 r-xp 00004000 08:03 1587748                    /home/ubuntu/.javacpp/cache/javacpp-1.5.7-linux-x86_64.jar/org/bytedeco/javacpp/linux-x86_64/libjnijavacpp.so
7f6c1fae2000-7f6c1fae6000 r--p 0000b000 08:03 1587748                    /home/ubuntu/.javacpp/cache/javacpp-1.5.7-linux-x86_64.jar/org/bytedeco/javacpp/linux-x86_64/libjnijavacpp.so
7f6c1fae6000-7f6c1fae7000 r--p 0000e000 08:03 1587748                    /home/ubuntu/.javacpp/cache/javacpp-1.5.7-linux-x86_64.jar/org/bytedeco/javacpp/linux-x86_64/libjnijavacpp.so
7f6c1fae7000-7f6c1fae8000 rw-p 0000f000 08:03 1587748                    /home/ubuntu/.javacpp/cache/javacpp-1.5.7-linux-x86_64.jar/org/bytedeco/javacpp/linux-x86_64/libjnijavacpp.so
7f6c1fae8000-7f6c1fae9000 r--p 00000000 08:03 265247                     /usr/lib/jvm/java-11-openjdk-amd64/lib/libextnet.so
7f6c1fae9000-7f6c1faea000 r-xp 00001000 08:03 265247                     /usr/lib/jvm/java-11-openjdk-amd64/lib/libextnet.so
7f6c1faea000-7f6c1faeb000 r--p 00002000 08:03 265247                     /usr/lib/jvm/java-11-openjdk-amd64/lib/libextnet.so
7f6c1faeb000-7f6c1faec000 r--p 00002000 08:03 265247                     /usr/lib/jvm/java-11-openjdk-amd64/lib/libextnet.so
7f6c1faec000-7f6c1faed000 rw-p 00003000 08:03 265247                     /usr/lib/jvm/java-11-openjdk-amd64/lib/libextnet.so
7f6c1faed000-7f6c1faf1000 r--p 00000000 08:03 265265                     /usr/lib/jvm/java-11-openjdk-amd64/lib/libnet.so
7f6c1faf1000-7f6c1faff000 r-xp 00004000 08:03 265265                     /usr/lib/jvm/java-11-openjdk-amd64/lib/libnet.so
7f6c1faff000-7f6c1fb03000 r--p 00012000 08:03 265265                     /usr/lib/jvm/java-11-openjdk-amd64/lib/libnet.so
7f6c1fb03000-7f6c1fb04000 r--p 00015000 08:03 265265                     /usr/lib/jvm/java-11-openjdk-amd64/lib/libnet.so
7f6c1fb04000-7f6c1fb05000 rw-p 00016000 08:03 265265                     /usr/lib/jvm/java-11-openjdk-amd64/lib/libnet.so
7f6c1fb05000-7f6c1fb0c000 r--p 00000000 08:03 265266                     /usr/lib/jvm/java-11-openjdk-amd64/lib/libnio.so
7f6c1fb0c000-7f6c1fb14000 r-xp 00007000 08:03 265266                     /usr/lib/jvm/java-11-openjdk-amd64/lib/libnio.so
7f6c1fb14000-7f6c1fb17000 r--p 0000f000 08:03 265266                     /usr/lib/jvm/java-11-openjdk-amd64/lib/libnio.so
7f6c1fb17000-7f6c1fb18000 r--p 00011000 08:03 265266                     /usr/lib/jvm/java-11-openjdk-amd64/lib/libnio.so
7f6c1fb18000-7f6c1fb19000 rw-p 00012000 08:03 265266                     /usr/lib/jvm/java-11-openjdk-amd64/lib/libnio.so
7f6c1fb19000-7f6c1fb27000 r--p 00000000 08:03 2361443                    /usr/lib/x86_64-linux-gnu/libm.so.6
7f6c1fb27000-7f6c1fba3000 r-xp 0000e000 08:03 2361443                    /usr/lib/x86_64-linux-gnu/libm.so.6
7f6c1fba3000-7f6c1fbfe000 r--p 0008a000 08:03 2361443                    /usr/lib/x86_64-linux-gnu/libm.so.6
7f6c1fbfe000-7f6c1fbff000 r--p 000e4000 08:03 2361443                    /usr/lib/x86_64-linux-gnu/libm.so.6
7f6c1fbff000-7f6c1fc00000 rw-p 000e5000 08:03 2361443                    /usr/lib/x86_64-linux-gnu/libm.so.6
7f6c1fc00000-7f6c1fc28000 r--p 00000000 08:03 2361426                    /usr/lib/x86_64-linux-gnu/libc.so.6
7f6c1fc28000-7f6c1fdbd000 r-xp 00028000 08:03 2361426                    /usr/lib/x86_64-linux-gnu/libc.so.6
7f6c1fdbd000-7f6c1fe15000 r--p 001bd000 08:03 2361426                    /usr/lib/x86_64-linux-gnu/libc.so.6
7f6c1fe15000-7f6c1fe16000 ---p 00215000 08:03 2361426                    /usr/lib/x86_64-linux-gnu/libc.so.6
7f6c1fe16000-7f6c1fe1a000 r--p 00215000 08:03 2361426                    /usr/lib/x86_64-linux-gnu/libc.so.6
7f6c1fe1a000-7f6c1fe1c000 rw-p 00219000 08:03 2361426                    /usr/lib/x86_64-linux-gnu/libc.so.6
7f6c1fe1c000-7f6c1fe29000 rw-p 00000000 00:00 0 
7f6c1fe29000-7f6c1fe4f000 rw-p 00000000 00:00 0 
7f6c1fe4f000-7f6c1fe56000 ---p 00000000 00:00 0 
7f6c1fe56000-7f6c1fe58000 r--p 00000000 08:03 265274                     /usr/lib/jvm/java-11-openjdk-amd64/lib/libzip.so
7f6c1fe58000-7f6c1fe5d000 r-xp 00002000 08:03 265274                     /usr/lib/jvm/java-11-openjdk-amd64/lib/libzip.so
7f6c1fe5d000-7f6c1fe5f000 r--p 00007000 08:03 265274                     /usr/lib/jvm/java-11-openjdk-amd64/lib/libzip.so
7f6c1fe5f000-7f6c1fe60000 r--p 00008000 08:03 265274                     /usr/lib/jvm/java-11-openjdk-amd64/lib/libzip.so
7f6c1fe60000-7f6c1fe61000 rw-p 00009000 08:03 265274                     /usr/lib/jvm/java-11-openjdk-amd64/lib/libzip.so
7f6c1fe61000-7f6c1fe69000 rw-s 00000000 08:03 393237                     /tmp/hsperfdata_ubuntu/36366
7f6c1fe69000-7f6c1fe6b000 r--p 00000000 08:03 265249                     /usr/lib/jvm/java-11-openjdk-amd64/lib/libinstrument.so
7f6c1fe6b000-7f6c1fe72000 r-xp 00002000 08:03 265249                     /usr/lib/jvm/java-11-openjdk-amd64/lib/libinstrument.so
7f6c1fe72000-7f6c1fe75000 r--p 00009000 08:03 265249                     /usr/lib/jvm/java-11-openjdk-amd64/lib/libinstrument.so
7f6c1fe75000-7f6c1fe76000 r--p 0000b000 08:03 265249                     /usr/lib/jvm/java-11-openjdk-amd64/lib/libinstrument.so
7f6c1fe76000-7f6c1fe77000 rw-p 0000c000 08:03 265249                     /usr/lib/jvm/java-11-openjdk-amd64/lib/libinstrument.so
7f6c1fe77000-7f6c1fe78000 ---p 00000000 00:00 0 
7f6c1fe78000-7f6c1fe79000 r--p 00000000 00:00 0 
7f6c1fe79000-7f6c1fe7b000 r--p 00000000 08:03 265257                     /usr/lib/jvm/java-11-openjdk-amd64/lib/libjimage.so
7f6c1fe7b000-7f6c1fe7e000 r-xp 00002000 08:03 265257                     /usr/lib/jvm/java-11-openjdk-amd64/lib/libjimage.so
7f6c1fe7e000-7f6c1fe7f000 r--p 00005000 08:03 265257                     /usr/lib/jvm/java-11-openjdk-amd64/lib/libjimage.so
7f6c1fe7f000-7f6c1fe80000 ---p 00006000 08:03 265257                     /usr/lib/jvm/java-11-openjdk-amd64/lib/libjimage.so
7f6c1fe80000-7f6c1fe81000 r--p 00006000 08:03 265257                     /usr/lib/jvm/java-11-openjdk-amd64/lib/libjimage.so
7f6c1fe81000-7f6c1fe82000 rw-p 00007000 08:03 265257                     /usr/lib/jvm/java-11-openjdk-amd64/lib/libjimage.so
7f6c1fe82000-7f6c1fe90000 r--p 00000000 08:03 265254                     /usr/lib/jvm/java-11-openjdk-amd64/lib/libjava.so
7f6c1fe90000-7f6c1fea6000 r-xp 0000e000 08:03 265254                     /usr/lib/jvm/java-11-openjdk-amd64/lib/libjava.so
7f6c1fea6000-7f6c1fead000 r--p 00024000 08:03 265254                     /usr/lib/jvm/java-11-openjdk-amd64/lib/libjava.so
7f6c1fead000-7f6c1feae000 r--p 0002a000 08:03 265254                     /usr/lib/jvm/java-11-openjdk-amd64/lib/libjava.so
7f6c1feae000-7f6c1feaf000 rw-p 0002b000 08:03 265254                     /usr/lib/jvm/java-11-openjdk-amd64/lib/libjava.so
7f6c1feaf000-7f6c1feb0000 rw-p 00000000 00:00 0 
7f6c1feb0000-7f6c1feb1000 r--p 00000000 08:03 2361484                    /usr/lib/x86_64-linux-gnu/librt.so.1
7f6c1feb1000-7f6c1feb2000 r-xp 00001000 08:03 2361484                    /usr/lib/x86_64-linux-gnu/librt.so.1
7f6c1feb2000-7f6c1feb3000 r--p 00002000 08:03 2361484                    /usr/lib/x86_64-linux-gnu/librt.so.1
7f6c1feb3000-7f6c1feb4000 r--p 00002000 08:03 2361484                    /usr/lib/x86_64-linux-gnu/librt.so.1
7f6c1feb4000-7f6c1feb5000 rw-p 00003000 08:03 2361484                    /usr/lib/x86_64-linux-gnu/librt.so.1
7f6c1feb5000-7f6c1feb8000 r--p 00000000 08:03 2359493                    /usr/lib/x86_64-linux-gnu/libgcc_s.so.1
7f6c1feb8000-7f6c1fecf000 r-xp 00003000 08:03 2359493                    /usr/lib/x86_64-linux-gnu/libgcc_s.so.1
7f6c1fecf000-7f6c1fed3000 r--p 0001a000 08:03 2359493                    /usr/lib/x86_64-linux-gnu/libgcc_s.so.1
7f6c1fed3000-7f6c1fed4000 r--p 0001d000 08:03 2359493                    /usr/lib/x86_64-linux-gnu/libgcc_s.so.1
7f6c1fed4000-7f6c1fed5000 rw-p 0001e000 08:03 2359493                    /usr/lib/x86_64-linux-gnu/libgcc_s.so.1
7f6c1fed5000-7f6c1fed8000 rw-p 00000000 00:00 0 
7f6c1fed8000-7f6c1fedb000 r--p 00000000 08:03 265239                     /usr/lib/jvm/java-11-openjdk-amd64/lib/jli/libjli.so
7f6c1fedb000-7f6c1fee5000 r-xp 00003000 08:03 265239                     /usr/lib/jvm/java-11-openjdk-amd64/lib/jli/libjli.so
7f6c1fee5000-7f6c1fee8000 r--p 0000d000 08:03 265239                     /usr/lib/jvm/java-11-openjdk-amd64/lib/jli/libjli.so
7f6c1fee8000-7f6c1fee9000 ---p 00010000 08:03 265239                     /usr/lib/jvm/java-11-openjdk-amd64/lib/jli/libjli.so
7f6c1fee9000-7f6c1feea000 r--p 00010000 08:03 265239                     /usr/lib/jvm/java-11-openjdk-amd64/lib/jli/libjli.so
7f6c1feea000-7f6c1feeb000 rw-p 00011000 08:03 265239                     /usr/lib/jvm/java-11-openjdk-amd64/lib/jli/libjli.so
7f6c1feeb000-7f6c1feed000 r--p 00000000 08:03 2367120                    /usr/lib/x86_64-linux-gnu/libz.so.1.2.11
7f6c1feed000-7f6c1feff000 r-xp 00002000 08:03 2367120                    /usr/lib/x86_64-linux-gnu/libz.so.1.2.11
7f6c1feff000-7f6c1ff05000 r--p 00014000 08:03 2367120                    /usr/lib/x86_64-linux-gnu/libz.so.1.2.11
7f6c1ff05000-7f6c1ff06000 r--p 0001a000 08:03 2367120                    /usr/lib/x86_64-linux-gnu/libz.so.1.2.11
7f6c1ff06000-7f6c1ff07000 rw-p 0001b000 08:03 2367120                    /usr/lib/x86_64-linux-gnu/libz.so.1.2.11
7f6c1ff07000-7f6c1ff0c000 r--p 00000000 08:03 265273                     /usr/lib/jvm/java-11-openjdk-amd64/lib/libverify.so
7f6c1ff0c000-7f6c1ff13000 r-xp 00005000 08:03 265273                     /usr/lib/jvm/java-11-openjdk-amd64/lib/libverify.so
7f6c1ff13000-7f6c1ff15000 r--p 0000c000 08:03 265273                     /usr/lib/jvm/java-11-openjdk-amd64/lib/libverify.so
7f6c1ff15000-7f6c1ff17000 r--p 0000d000 08:03 265273                     /usr/lib/jvm/java-11-openjdk-amd64/lib/libverify.so
7f6c1ff17000-7f6c1ff18000 rw-p 0000f000 08:03 265273                     /usr/lib/jvm/java-11-openjdk-amd64/lib/libverify.so
7f6c1ff18000-7f6c1ff1a000 rw-p 00000000 00:00 0 
7f6c1ff1a000-7f6c1ff1c000 r--p 00000000 08:03 2361301                    /usr/lib/x86_64-linux-gnu/ld-linux-x86-64.so.2
7f6c1ff1c000-7f6c1ff46000 r-xp 00002000 08:03 2361301                    /usr/lib/x86_64-linux-gnu/ld-linux-x86-64.so.2
7f6c1ff46000-7f6c1ff51000 r--p 0002c000 08:03 2361301                    /usr/lib/x86_64-linux-gnu/ld-linux-x86-64.so.2
7f6c1ff52000-7f6c1ff54000 r--p 00037000 08:03 2361301                    /usr/lib/x86_64-linux-gnu/ld-linux-x86-64.so.2
7f6c1ff54000-7f6c1ff56000 rw-p 00039000 08:03 2361301                    /usr/lib/x86_64-linux-gnu/ld-linux-x86-64.so.2
7ffd9c11b000-7ffd9c13c000 rw-p 00000000 00:00 0                          [stack]
7ffd9c1a0000-7ffd9c1a4000 r--p 00000000 00:00 0                          [vvar]
7ffd9c1a4000-7ffd9c1a6000 r-xp 00000000 00:00 0                          [vdso]
ffffffffff600000-ffffffffff601000 --xp 00000000 00:00 0                  [vsyscall]


VM Arguments:
jvm_args: -javaagent:/home/ubuntu/software/idea-IU-233.14475.28/lib/idea_rt.jar=36761:/home/ubuntu/software/idea-IU-233.14475.28/bin -Dfile.encoding=UTF-8 
java_command: Main tests/test1.c tests/Actual.ll
java_class_path (initial): /home/ubuntu/Lab/out/production/Lab:/usr/local/lib/antlr-4.9.1-complete.jar:/usr/local/lib/javacpp-1.5.7-linux-x86_64.jar:/usr/local/lib/javacpp-1.5.7.jar:/usr/local/lib/llvm-13.0.1-1.5.7-linux-x86_64.jar:/usr/local/lib/llvm-13.0.1-1.5.7.jar:/usr/local/lib/llvm-platform-13.0.1-1.5.7.jar
Launcher Type: SUN_STANDARD

[Global flags]
     intx CICompilerCount                          = 3                                         {product} {ergonomic}
     uint ConcGCThreads                            = 1                                         {product} {ergonomic}
     uint G1ConcRefinementThreads                  = 4                                         {product} {ergonomic}
   size_t G1HeapRegionSize                         = 1048576                                   {product} {ergonomic}
    uintx GCDrainStackTargetSize                   = 64                                        {product} {ergonomic}
   size_t InitialHeapSize                          = 65011712                                  {product} {ergonomic}
   size_t MarkStackSize                            = 4194304                                   {product} {ergonomic}
   size_t MaxHeapSize                              = 1015021568                                {product} {ergonomic}
   size_t MaxNewSize                               = 608174080                                 {product} {ergonomic}
   size_t MinHeapDeltaBytes                        = 1048576                                   {product} {ergonomic}
    uintx NonNMethodCodeHeapSize                   = 5830732                                {pd product} {ergonomic}
    uintx NonProfiledCodeHeapSize                  = 122913754                              {pd product} {ergonomic}
    uintx ProfiledCodeHeapSize                     = 122913754                              {pd product} {ergonomic}
    uintx ReservedCodeCacheSize                    = 251658240                              {pd product} {ergonomic}
     bool SegmentedCodeCache                       = true                                      {product} {ergonomic}
     bool UseCompressedClassPointers               = true                                 {lp64_product} {ergonomic}
     bool UseCompressedOops                        = true                                 {lp64_product} {ergonomic}
     bool UseG1GC                                  = true                                      {product} {ergonomic}

Logging:
Log output configuration:
 #0: stdout all=warning uptime,level,tags
 #1: stderr all=off uptime,level,tags

Environment Variables:
PATH=/usr/local/sbin:/usr/local/bin:/usr/sbin:/usr/bin:/sbin:/bin:/usr/games:/usr/local/games:/snap/bin:/snap/bin
USERNAME=ubuntu
SHELL=/bin/bash
DISPLAY=:0
LANG=zh_CN.UTF-8

Signal Handlers:
SIGSEGV: [libjvm.so+0xead700], sa_mask[0]=11111111011111111101111111111110, sa_flags=SA_RESTART|SA_SIGINFO
SIGBUS: [libjvm.so+0xead700], sa_mask[0]=11111111011111111101111111111110, sa_flags=SA_RESTART|SA_SIGINFO
SIGFPE: [libjvm.so+0xead700], sa_mask[0]=11111111011111111101111111111110, sa_flags=SA_RESTART|SA_SIGINFO
SIGPIPE: [libjvm.so+0xbefa50], sa_mask[0]=11111111011111111101111111111110, sa_flags=SA_RESTART|SA_SIGINFO
SIGXFSZ: [libjvm.so+0xbefa50], sa_mask[0]=11111111011111111101111111111110, sa_flags=SA_RESTART|SA_SIGINFO
SIGILL: [libjvm.so+0xead700], sa_mask[0]=11111111011111111101111111111110, sa_flags=SA_RESTART|SA_SIGINFO
SIGUSR2: [libjvm.so+0xbef8f0], sa_mask[0]=00100000000000000000000000000000, sa_flags=SA_RESTART|SA_SIGINFO
SIGHUP: [libjvm.so+0xbf00b0], sa_mask[0]=11111111011111111101111111111110, sa_flags=SA_RESTART|SA_SIGINFO
SIGINT: [libjvm.so+0xbf00b0], sa_mask[0]=11111111011111111101111111111110, sa_flags=SA_RESTART|SA_SIGINFO
SIGTERM: [libjvm.so+0xbf00b0], sa_mask[0]=11111111011111111101111111111110, sa_flags=SA_RESTART|SA_SIGINFO
SIGQUIT: [libjvm.so+0xbf00b0], sa_mask[0]=11111111011111111101111111111110, sa_flags=SA_RESTART|SA_SIGINFO


---------------  S Y S T E M  ---------------

OS:DISTRIB_ID=Ubuntu
DISTRIB_RELEASE=22.10
DISTRIB_CODENAME=kinetic
DISTRIB_DESCRIPTION="Ubuntu 22.10"
uname:Linux 6.5.0-21-generic #21~22.04.1-Ubuntu SMP PREEMPT_DYNAMIC Fri Feb  9 13:32:52 UTC 2 x86_64
OS uptime: 0 days 6:56 hours
libc:glibc 2.35 NPTL 2.35 
rlimit (soft/hard): STACK 8192k/infinity , CORE 0k/infinity , NPROC 15188/15188 , NOFILE 1048576/1048576 , AS infinity/infinity , CPU infinity/infinity , DATA infinity/infinity , FSIZE infinity/infinity , MEMLOCK 495440k/495440k
load average:0.57 0.75 0.83

/proc/meminfo:
MemTotal:        3963524 kB
MemFree:          323664 kB
MemAvailable:     718372 kB
Buffers:            4636 kB
Cached:           346620 kB
SwapCached:        97160 kB
Active:          2094888 kB
Inactive:         656580 kB
Active(anon):    1843564 kB
Inactive(anon):   556688 kB
Active(file):     251324 kB
Inactive(file):    99892 kB
Unevictable:          16 kB
Mlocked:              16 kB
SwapTotal:       3991548 kB
SwapFree:        2599224 kB
Zswap:                 0 kB
Zswapped:              0 kB
Dirty:               792 kB
Writeback:           124 kB
AnonPages:       2379272 kB
Mapped:           164248 kB
Shmem:                68 kB
KReclaimable:     336528 kB
Slab:             499664 kB
SReclaimable:     336528 kB
SUnreclaim:       163136 kB
KernelStack:       13032 kB
PageTables:        25272 kB
SecPageTables:         0 kB
NFS_Unstable:          0 kB
Bounce:                0 kB
WritebackTmp:          0 kB
CommitLimit:     5973308 kB
Committed_AS:    5910956 kB
VmallocTotal:   34359738367 kB
VmallocUsed:       43864 kB
VmallocChunk:          0 kB
Percpu:           104448 kB
HardwareCorrupted:     0 kB
AnonHugePages:         0 kB
ShmemHugePages:        0 kB
ShmemPmdMapped:        0 kB
FileHugePages:         0 kB
FilePmdMapped:         0 kB
Unaccepted:            0 kB
HugePages_Total:       0
HugePages_Free:        0
HugePages_Rsvd:        0
HugePages_Surp:        0
Hugepagesize:       2048 kB
Hugetlb:               0 kB
DirectMap4k:      177984 kB
DirectMap2M:     4016128 kB
DirectMap1G:     2097152 kB

/sys/kernel/mm/transparent_hugepage/enabled:
always [madvise] never
/sys/kernel/mm/transparent_hugepage/defrag (defrag/compaction efforts parameter):
always defer defer+madvise [madvise] never

Process Memory:
Virtual Size: 3868404K (peak: 12378248K)
Resident Set Size: 96176K (peak: 96176K) (anon: 39084K, file: 57092K, shmem: 0K)
Swapped out: 0K
C-Heap outstanding allocations: 19136K, retained: 2695K
glibc malloc tunables: (default)

/proc/sys/kernel/threads-max (system-wide limit on the number of threads):
30377
/proc/sys/vm/max_map_count (maximum number of memory map areas a process may have):
65530
/proc/sys/kernel/pid_max (system-wide limit on number of process identifiers):
4194304

container (cgroup) information:
container_type: cgroupv2
cpu_cpuset_cpus: not supported
cpu_memory_nodes: not supported
active_processor_count: 4
cpu_quota: not supported
cpu_period: not supported
cpu_shares: not supported
memory_limit_in_bytes: unlimited
memory_and_swap_limit_in_bytes: unlimited
memory_soft_limit_in_bytes: unlimited
memory_usage_in_bytes: 2474300 k
memory_max_usage_in_bytes: not supported
memory_swap_current_in_bytes: 861424 k
memory_swap_max_limit_in_bytes: unlimited
maximum number of tasks: 4556
current number of tasks: 139

VMWare virtualization detected
Steal ticks since vm start: 0
Steal ticks percentage since vm start:  0.000

CPU:total 4 (initial active 4) (1 cores per cpu, 1 threads per core) family 25 model 80 stepping 0 microcode 0xffffffff, cmov, cx8, fxsr, mmx, sse, sse2, sse3, ssse3, sse4.1, sse4.2, popcnt, avx, avx2, aes, clmul, erms, mmxext, lzcnt, sse4a, tsc, tscinvbit, tscinv, bmi1, bmi2, adx, sha, fma
CPU Model and flags from /proc/cpuinfo:
model name	: AMD Ryzen 5 5600H with Radeon Graphics
flags		: fpu vme de pse tsc msr pae mce cx8 apic sep mtrr pge mca cmov pat pse36 clflush mmx fxsr sse sse2 syscall nx mmxext pdpe1gb rdtscp lm constant_tsc rep_good nopl tsc_reliable nonstop_tsc cpuid extd_apicid tsc_known_freq pni pclmulqdq ssse3 fma cx16 sse4_1 sse4_2 x2apic movbe popcnt aes xsave avx f16c rdrand hypervisor lahf_lm cr8_legacy abm sse4a misalignsse 3dnowprefetch osvw topoext ibpb vmmcall fsgsbase bmi1 avx2 smep bmi2 erms invpcid rdseed adx smap clflushopt clwb sha_ni xsaveopt xsavec xgetbv1 xsaves clzero arat umip vaes vpclmulqdq rdpid overflow_recov succor fsrm
Online cpus:
0-3
Offline cpus:
4-127
BIOS frequency limitation:
<Not Available>
Frequency switch latency (ns):
<Not Available>
Available cpu frequencies:
<Not Available>
Current governor:
<Not Available>
Core performance/turbo boost:
<Not Available>

Memory: 4k page, physical 3963524k(323664k free), swap 3991548k(2599224k free)

vm_info: OpenJDK 64-Bit Server VM (11.0.22+7-post-Ubuntu-0ubuntu222.04.1) for linux-amd64 JRE (11.0.22+7-post-Ubuntu-0ubuntu222.04.1), built on Feb  5 2024 20:45:01 by "unknown" with gcc 11.4.0

END.
