#
# A fatal error has been detected by the Java Runtime Environment:
#
#  SIGSEGV (0xb) at pc=0x00007fe23202f953, pid=12087, tid=12090
#
# JRE version: OpenJDK Runtime Environment (11.0.22+7) (build 11.0.22+7-post-Ubuntu-0ubuntu222.04.1)
# Java VM: OpenJDK 64-Bit Server VM (11.0.22+7-post-Ubuntu-0ubuntu222.04.1, mixed mode, sharing, tiered, compressed oops, g1 gc, linux-amd64)
# Problematic frame:
# C  [libLLVM-13.so+0xc2f953]  LLVMBuildICmp+0x33
#
# Core dump will be written. Default location: Core dumps may be processed with "/usr/share/apport/apport -p%p -s%s -c%c -d%d -P%P -u%u -g%g -- %E" (or dumping to /home/ubuntu/Lab/core.12087)
#
# If you would like to submit a bug report, please visit:
#   https://bugs.launchpad.net/ubuntu/+source/openjdk-lts
# The crash happened outside the Java Virtual Machine in native code.
# See problematic frame for where to report the bug.
#

---------------  S U M M A R Y ------------

Command Line: -javaagent:/home/ubuntu/software/idea-IU-233.14475.28/lib/idea_rt.jar=35221:/home/ubuntu/software/idea-IU-233.14475.28/bin -Dfile.encoding=UTF-8 Main tests/test1.c tests/output.ll

Host: AMD Ryzen 5 5600H with Radeon Graphics, 4 cores, 3G, Ubuntu 22.10
Time: Fri May 17 10:49:20 2024 CST elapsed time: 0.347294 seconds (0d 0h 0m 0s)

---------------  T H R E A D  ---------------

Current thread (0x00007fe2a0016800):  JavaThread "main" [_thread_in_native, id=12090, stack(0x00007fe2a60e0000,0x00007fe2a61e0000)]

Stack: [0x00007fe2a60e0000,0x00007fe2a61e0000],  sp=0x00007fe2a61dd730,  free space=1013k
Native frames: (J=compiled Java code, A=aot compiled Java code, j=interpreted, Vv=VM code, C=native code)
C  [libLLVM-13.so+0xc2f953]  LLVMBuildICmp+0x33

Java frames: (J=compiled Java code, j=interpreted, Vv=VM code)
j  org.bytedeco.llvm.global.LLVM.LLVMBuildICmp(Lorg/bytedeco/llvm/LLVM/LLVMBuilderRef;ILorg/bytedeco/llvm/LLVM/LLVMValueRef;Lorg/bytedeco/llvm/LLVM/LLVMValueRef;Ljava/lang/String;)Lorg/bytedeco/llvm/LLVM/LLVMValueRef;+0
j  myVisitor.visitExp(LSysYParser$ExpContext;)Lorg/bytedeco/llvm/LLVM/LLVMValueRef;+176
j  myVisitor.visitExp(LSysYParser$ExpContext;)Ljava/lang/Object;+2
j  SysYParser$ExpContext.accept(Lorg/antlr/v4/runtime/tree/ParseTreeVisitor;)Ljava/lang/Object;+12
j  org.antlr.v4.runtime.tree.AbstractParseTreeVisitor.visitChildren(Lorg/antlr/v4/runtime/tree/RuleNode;)Ljava/lang/Object;+46
j  SysYParserBaseVisitor.visitInitVal(LSysYParser$InitValContext;)Ljava/lang/Object;+2
j  SysYParser$InitValContext.accept(Lorg/antlr/v4/runtime/tree/ParseTreeVisitor;)Ljava/lang/Object;+12
j  org.antlr.v4.runtime.tree.AbstractParseTreeVisitor.visitChildren(Lorg/antlr/v4/runtime/tree/RuleNode;)Ljava/lang/Object;+46
j  SysYParserBaseVisitor.visitVarDef(LSysYParser$VarDefContext;)Ljava/lang/Object;+2
j  myVisitor.visitVarDef(LSysYParser$VarDefContext;)Lorg/bytedeco/llvm/LLVM/LLVMValueRef;+31
j  myVisitor.visitVarDef(LSysYParser$VarDefContext;)Ljava/lang/Object;+2
j  SysYParser$VarDefContext.accept(Lorg/antlr/v4/runtime/tree/ParseTreeVisitor;)Ljava/lang/Object;+12
j  org.antlr.v4.runtime.tree.AbstractParseTreeVisitor.visitChildren(Lorg/antlr/v4/runtime/tree/RuleNode;)Ljava/lang/Object;+46
j  SysYParserBaseVisitor.visitVarDecl(LSysYParser$VarDeclContext;)Ljava/lang/Object;+2
j  SysYParser$VarDeclContext.accept(Lorg/antlr/v4/runtime/tree/ParseTreeVisitor;)Ljava/lang/Object;+12
j  org.antlr.v4.runtime.tree.AbstractParseTreeVisitor.visitChildren(Lorg/antlr/v4/runtime/tree/RuleNode;)Ljava/lang/Object;+46
j  SysYParserBaseVisitor.visitDecl(LSysYParser$DeclContext;)Ljava/lang/Object;+2
j  SysYParser$DeclContext.accept(Lorg/antlr/v4/runtime/tree/ParseTreeVisitor;)Ljava/lang/Object;+12
j  org.antlr.v4.runtime.tree.AbstractParseTreeVisitor.visitChildren(Lorg/antlr/v4/runtime/tree/RuleNode;)Ljava/lang/Object;+46
j  SysYParserBaseVisitor.visitBlockItem(LSysYParser$BlockItemContext;)Ljava/lang/Object;+2
j  SysYParser$BlockItemContext.accept(Lorg/antlr/v4/runtime/tree/ParseTreeVisitor;)Ljava/lang/Object;+12
j  org.antlr.v4.runtime.tree.AbstractParseTreeVisitor.visitChildren(Lorg/antlr/v4/runtime/tree/RuleNode;)Ljava/lang/Object;+46
j  myVisitor.visitBlock(LSysYParser$BlockContext;)Lorg/bytedeco/llvm/LLVM/LLVMValueRef;+9
j  myVisitor.visitBlock(LSysYParser$BlockContext;)Ljava/lang/Object;+2
j  SysYParser$BlockContext.accept(Lorg/antlr/v4/runtime/tree/ParseTreeVisitor;)Ljava/lang/Object;+12
j  org.antlr.v4.runtime.tree.AbstractParseTreeVisitor.visit(Lorg/antlr/v4/runtime/tree/ParseTree;)Ljava/lang/Object;+2
j  myVisitor.visitFuncDef(LSysYParser$FuncDefContext;)Lorg/bytedeco/llvm/LLVM/LLVMValueRef;+65
j  myVisitor.visitFuncDef(LSysYParser$FuncDefContext;)Ljava/lang/Object;+2
j  SysYParser$FuncDefContext.accept(Lorg/antlr/v4/runtime/tree/ParseTreeVisitor;)Ljava/lang/Object;+12
j  org.antlr.v4.runtime.tree.AbstractParseTreeVisitor.visitChildren(Lorg/antlr/v4/runtime/tree/RuleNode;)Ljava/lang/Object;+46
j  SysYParserBaseVisitor.visitCompUnit(LSysYParser$CompUnitContext;)Ljava/lang/Object;+2
j  SysYParser$CompUnitContext.accept(Lorg/antlr/v4/runtime/tree/ParseTreeVisitor;)Ljava/lang/Object;+12
j  org.antlr.v4.runtime.tree.AbstractParseTreeVisitor.visitChildren(Lorg/antlr/v4/runtime/tree/RuleNode;)Ljava/lang/Object;+46
j  SysYParserBaseVisitor.visitProgram(LSysYParser$ProgramContext;)Ljava/lang/Object;+2
j  SysYParser$ProgramContext.accept(Lorg/antlr/v4/runtime/tree/ParseTreeVisitor;)Ljava/lang/Object;+12
j  org.antlr.v4.runtime.tree.AbstractParseTreeVisitor.visit(Lorg/antlr/v4/runtime/tree/ParseTree;)Ljava/lang/Object;+2
j  Main.main([Ljava/lang/String;)V+79
v  ~StubRoutines::call_stub

siginfo: si_signo: 11 (SIGSEGV), si_code: 1 (SEGV_MAPERR), si_addr: 0x0000000000000010

Register to memory mapping:

RAX=0x00007fe2a046f450 points into unknown readable memory: 0x6f697469646e6f63 | 63 6f 6e 64 69 74 69 6f
RBX=0x00007fe2a043f600 points into unknown readable memory: 0x00007fe2a043f610 | 10 f6 43 a0 e2 7f 00 00
RCX=0x00007fe2a046f3d0 points into unknown readable memory: 0x00007fe2a0463268 | 68 32 46 a0 e2 7f 00 00
RDX=0x0000000000000101 is an unknown value
RSP=0x00007fe2a61dd730 is pointing into the stack for thread: 0x00007fe2a0016800
RBP=0x0 is NULL
RSI=0x0000000000000021 is an unknown value
RDI=0x00007fe2a043f600 points into unknown readable memory: 0x00007fe2a043f610 | 10 f6 43 a0 e2 7f 00 00
R8 =0x00007fe2a046f450 points into unknown readable memory: 0x6f697469646e6f63 | 63 6f 6e 64 69 74 69 6f
R9 =0x0000000000000002 is an unknown value
R10=0x00007fe231507d88: <offset 0x0000000000107d88> in /home/ubuntu/.javacpp/cache/llvm-13.0.1-1.5.7-linux-x86_64.jar/org/bytedeco/llvm/linux-x86_64/libLLVM-13.so at 0x00007fe231400000
R11=0x00007fe23202f920: LLVMBuildICmp+0x0000000000000000 in /home/ubuntu/.javacpp/cache/llvm-13.0.1-1.5.7-linux-x86_64.jar/org/bytedeco/llvm/linux-x86_64/libLLVM-13.so at 0x00007fe231400000
R12=0x0 is NULL
R13=0x0000000000000021 is an unknown value
R14=0x00007fe2a046f3d0 points into unknown readable memory: 0x00007fe2a0463268 | 68 32 46 a0 e2 7f 00 00
R15=0x00007fe2a043f600 points into unknown readable memory: 0x00007fe2a043f610 | 10 f6 43 a0 e2 7f 00 00


Registers:
RAX=0x00007fe2a046f450, RBX=0x00007fe2a043f600, RCX=0x00007fe2a046f3d0, RDX=0x0000000000000101
RSP=0x00007fe2a61dd730, RBP=0x0000000000000000, RSI=0x0000000000000021, RDI=0x00007fe2a043f600
R8 =0x00007fe2a046f450, R9 =0x0000000000000002, R10=0x00007fe231507d88, R11=0x00007fe23202f920
R12=0x0000000000000000, R13=0x0000000000000021, R14=0x00007fe2a046f3d0, R15=0x00007fe2a043f600
RIP=0x00007fe23202f953, EFLAGS=0x0000000000010206, CSGSFS=0x002b000000000033, ERR=0x0000000000000004
  TRAPNO=0x000000000000000e

Top of Stack: (sp=0x00007fe2a61dd730)
0x00007fe2a61dd730:   00007fe2a046f450 00007fe2a0016800
0x00007fe2a61dd740:   00007fe2a0016800 0000000000000000
0x00007fe2a61dd750:   00007fe2a0010103 00007fe2a01269f0
0x00007fe2a61dd760:   0000000000000013 0000000000000012 

Instructions: (pc=0x00007fe23202f953)
0x00007fe23202f853:   74 1a 0f 1f 00 48 8b 53 08 8b 33 4c 89 e7 48 83
0x00007fe23202f863:   c3 10 e8 d6 e5 0d 00 48 39 dd 75 e9 48 83 c4 60
0x00007fe23202f873:   4c 89 e0 5b 5d 41 5c c3 0f 1f 44 00 00 b8 01 01
0x00007fe23202f883:   00 00 48 8d 54 24 30 31 c9 66 89 44 24 50 e8 9a
0x00007fe23202f893:   8e 09 00 48 8b 7d 50 48 8b 4d 30 48 89 e2 49 89
0x00007fe23202f8a3:   c4 4c 8b 45 38 48 8b 07 4c 89 e6 ff 50 10 48 8b
0x00007fe23202f8b3:   5d 00 8b 6d 08 48 c1 e5 04 48 01 dd 48 39 eb 74
0x00007fe23202f8c3:   ab 0f 1f 40 00 48 8b 53 08 8b 33 4c 89 e7 48 83
0x00007fe23202f8d3:   c3 10 e8 66 e5 0d 00 48 39 dd 75 e9 48 83 c4 60
0x00007fe23202f8e3:   4c 89 e0 5b 5d 41 5c c3 0f 1f 44 00 00 48 89 f2
0x00007fe23202f8f3:   48 89 fe 4c 89 c7 ff d0 49 89 c4 e9 1f ff ff ff
0x00007fe23202f903:   0f 1f 44 00 00 48 83 c4 60 49 89 fc 4c 89 e0 5b
0x00007fe23202f913:   5d 41 5c c3 66 0f 1f 84 00 00 00 00 00 41 57 41
0x00007fe23202f923:   56 49 89 ce 41 55 41 89 f5 41 54 55 48 89 d5 ba
0x00007fe23202f933:   01 01 00 00 53 48 89 fb 48 83 ec 68 41 80 38 00
0x00007fe23202f943:   66 89 54 24 20 74 09 4c 89 04 24 c6 44 24 20 03
0x00007fe23202f953:   80 7d 10 12 0f 87 a3 00 00 00 41 80 7e 10 12 0f
0x00007fe23202f963:   87 98 00 00 00 48 8b 7b 48 48 8d 15 bd b1 f9 ff
0x00007fe23202f973:   48 8b 07 48 8b 80 50 01 00 00 48 39 d0 0f 85 3a
0x00007fe23202f983:   01 00 00 41 0f b7 fd 31 c9 4c 89 f2 48 89 ee e8
0x00007fe23202f993:   29 ba fe ff 49 89 c4 41 80 7c 24 10 19 76 45 48
0x00007fe23202f9a3:   8b 7b 50 48 8b 4b 30 48 89 e2 4c 89 e6 4c 8b 43
0x00007fe23202f9b3:   38 48 8b 07 ff 50 10 8b 6b 08 48 8b 03 48 c1 e5
0x00007fe23202f9c3:   04 48 01 c5 48 39 e8 74 1b 48 89 c3 90 48 8b 53
0x00007fe23202f9d3:   08 8b 33 4c 89 e7 48 83 c3 10 e8 5e e4 0d 00 48
0x00007fe23202f9e3:   39 dd 75 e9 48 83 c4 68 4c 89 e0 5b 5d 41 5c 41
0x00007fe23202f9f3:   5d 41 5e 41 5f c3 0f 1f 80 00 00 00 00 b8 01 01
0x00007fe23202fa03:   00 00 be 02 00 00 00 bf 40 00 00 00 66 89 44 24
0x00007fe23202fa13:   50 e8 67 d9 12 00 49 89 c4 48 8b 45 00 0f b6 50
0x00007fe23202fa23:   08 83 fa 12 0f 84 d3 00 00 00 48 8b 38 83 fa 13
0x00007fe23202fa33:   0f 84 9f 00 00 00 e8 f2 f6 11 00 48 89 c6 48 83
0x00007fe23202fa43:   ec 08 49 89 e8 4d 89 f1 44 89 e9 6a 00 ba 35 00 


Stack slot to memory mapping:
stack at sp + 0 slots: 0x00007fe2a046f450 points into unknown readable memory: 0x6f697469646e6f63 | 63 6f 6e 64 69 74 69 6f
stack at sp + 1 slots: 0x00007fe2a0016800 is a thread
stack at sp + 2 slots: 0x00007fe2a0016800 is a thread
stack at sp + 3 slots: 0x0 is NULL
stack at sp + 4 slots: 0x00007fe2a0010103 points into unknown readable memory: 72 55 74 69 6c
stack at sp + 5 slots: 0x00007fe2a01269f0 points into unknown readable memory: 0x00000000c6b70660 | 60 06 b7 c6 00 00 00 00
stack at sp + 6 slots: 0x0000000000000013 is an unknown value
stack at sp + 7 slots: 0x0000000000000012 is an unknown value


---------------  P R O C E S S  ---------------

Threads class SMR info:
_java_thread_list=0x00007fe2a02755e0, length=11, elements={
0x00007fe2a0016800, 0x00007fe2a0128000, 0x00007fe2a012a000, 0x00007fe2a012f800,
0x00007fe2a0131800, 0x00007fe2a0134000, 0x00007fe2a0136000, 0x00007fe2a0138000,
0x00007fe2a0146800, 0x00007fe2a0258800, 0x00007fe2a0273000
}

Java Threads: ( => current thread )
=>0x00007fe2a0016800 JavaThread "main" [_thread_in_native, id=12090, stack(0x00007fe2a60e0000,0x00007fe2a61e0000)]
  0x00007fe2a0128000 JavaThread "Reference Handler" daemon [_thread_blocked, id=12100, stack(0x00007fe27b3fd000,0x00007fe27b4fd000)]
  0x00007fe2a012a000 JavaThread "Finalizer" daemon [_thread_blocked, id=12101, stack(0x00007fe27b2fd000,0x00007fe27b3fd000)]
  0x00007fe2a012f800 JavaThread "Signal Dispatcher" daemon [_thread_blocked, id=12102, stack(0x00007fe27a900000,0x00007fe27aa00000)]
  0x00007fe2a0131800 JavaThread "Service Thread" daemon [_thread_blocked, id=12103, stack(0x00007fe27a800000,0x00007fe27a900000)]
  0x00007fe2a0134000 JavaThread "C2 CompilerThread0" daemon [_thread_blocked, id=12104, stack(0x00007fe27a700000,0x00007fe27a800000)]
  0x00007fe2a0136000 JavaThread "C1 CompilerThread0" daemon [_thread_blocked, id=12106, stack(0x00007fe27a600000,0x00007fe27a700000)]
  0x00007fe2a0138000 JavaThread "Sweeper thread" daemon [_thread_blocked, id=12107, stack(0x00007fe27a500000,0x00007fe27a600000)]
  0x00007fe2a0146800 JavaThread "Common-Cleaner" daemon [_thread_blocked, id=12108, stack(0x00007fe27a400000,0x00007fe27a500000)]
  0x00007fe2a0258800 JavaThread "Monitor Ctrl-Break" daemon [_thread_in_native, id=12111, stack(0x00007fe27a300000,0x00007fe27a400000)]
  0x00007fe2a0273000 JavaThread "JavaCPP Deallocator" daemon [_thread_blocked, id=12113, stack(0x00007fe27a0ff000,0x00007fe27a1ff000)]

Other Threads:
  0x00007fe2a0125800 VMThread "VM Thread" [stack: 0x00007fe27b4fe000,0x00007fe27b5fe000] [id=12099]
  0x00007fe2a025a000 WatcherThread [stack: 0x00007fe27a200000,0x00007fe27a300000] [id=12112]
  0x00007fe2a002f800 GCTaskThread "GC Thread#0" [stack: 0x00007fe2a4815000,0x00007fe2a4915000] [id=12091]
  0x00007fe2a004a800 ConcurrentGCThread "G1 Main Marker" [stack: 0x00007fe29ff00000,0x00007fe2a0000000] [id=12092]
  0x00007fe2a004c800 ConcurrentGCThread "G1 Conc#0" [stack: 0x00007fe28831c000,0x00007fe28841c000] [id=12093]
  0x00007fe2a0090000 ConcurrentGCThread "G1 Refine#0" [stack: 0x00007fe27bf00000,0x00007fe27c000000] [id=12094]
  0x00007fe2a0092000 ConcurrentGCThread "G1 Young RemSet Sampling" [stack: 0x00007fe27bdff000,0x00007fe27beff000] [id=12095]

Threads with active compile tasks:

VM state:not at safepoint (normal execution)

VM Mutex/Monitor currently owned by a thread: None

Heap address: 0x00000000c3800000, size: 968 MB, Compressed Oops mode: 32-bit
Narrow klass base: 0x0000000800000000, Narrow klass shift: 3
Compressed class space size: 1073741824 Address: 0x0000000840000000

Heap:
 garbage-first heap   total 65536K, used 9936K [0x00000000c3800000, 0x0000000100000000)
  region size 1024K, 11 young (11264K), 0 survivors (0K)
 Metaspace       used 3917K, capacity 6550K, committed 6912K, reserved 1056768K
  class space    used 430K, capacity 695K, committed 768K, reserved 1048576K
Heap Regions: E=young(eden), S=young(survivor), O=old, HS=humongous(starts), HC=humongous(continues), CS=collection set, F=free, A=archive, TAMS=top-at-mark-start (previous, next)
|   0|0x00000000c3800000, 0x00000000c3800000, 0x00000000c3900000|  0%| F|  |TAMS 0x00000000c3800000, 0x00000000c3800000| Untracked 
|   1|0x00000000c3900000, 0x00000000c3900000, 0x00000000c3a00000|  0%| F|  |TAMS 0x00000000c3900000, 0x00000000c3900000| Untracked 
|   2|0x00000000c3a00000, 0x00000000c3a00000, 0x00000000c3b00000|  0%| F|  |TAMS 0x00000000c3a00000, 0x00000000c3a00000| Untracked 
|   3|0x00000000c3b00000, 0x00000000c3b00000, 0x00000000c3c00000|  0%| F|  |TAMS 0x00000000c3b00000, 0x00000000c3b00000| Untracked 
|   4|0x00000000c3c00000, 0x00000000c3c00000, 0x00000000c3d00000|  0%| F|  |TAMS 0x00000000c3c00000, 0x00000000c3c00000| Untracked 
|   5|0x00000000c3d00000, 0x00000000c3d00000, 0x00000000c3e00000|  0%| F|  |TAMS 0x00000000c3d00000, 0x00000000c3d00000| Untracked 
|   6|0x00000000c3e00000, 0x00000000c3e00000, 0x00000000c3f00000|  0%| F|  |TAMS 0x00000000c3e00000, 0x00000000c3e00000| Untracked 
|   7|0x00000000c3f00000, 0x00000000c3f00000, 0x00000000c4000000|  0%| F|  |TAMS 0x00000000c3f00000, 0x00000000c3f00000| Untracked 
|   8|0x00000000c4000000, 0x00000000c4000000, 0x00000000c4100000|  0%| F|  |TAMS 0x00000000c4000000, 0x00000000c4000000| Untracked 
|   9|0x00000000c4100000, 0x00000000c4100000, 0x00000000c4200000|  0%| F|  |TAMS 0x00000000c4100000, 0x00000000c4100000| Untracked 
|  10|0x00000000c4200000, 0x00000000c4200000, 0x00000000c4300000|  0%| F|  |TAMS 0x00000000c4200000, 0x00000000c4200000| Untracked 
|  11|0x00000000c4300000, 0x00000000c4300000, 0x00000000c4400000|  0%| F|  |TAMS 0x00000000c4300000, 0x00000000c4300000| Untracked 
|  12|0x00000000c4400000, 0x00000000c4400000, 0x00000000c4500000|  0%| F|  |TAMS 0x00000000c4400000, 0x00000000c4400000| Untracked 
|  13|0x00000000c4500000, 0x00000000c4500000, 0x00000000c4600000|  0%| F|  |TAMS 0x00000000c4500000, 0x00000000c4500000| Untracked 
|  14|0x00000000c4600000, 0x00000000c4600000, 0x00000000c4700000|  0%| F|  |TAMS 0x00000000c4600000, 0x00000000c4600000| Untracked 
|  15|0x00000000c4700000, 0x00000000c4700000, 0x00000000c4800000|  0%| F|  |TAMS 0x00000000c4700000, 0x00000000c4700000| Untracked 
|  16|0x00000000c4800000, 0x00000000c4800000, 0x00000000c4900000|  0%| F|  |TAMS 0x00000000c4800000, 0x00000000c4800000| Untracked 
|  17|0x00000000c4900000, 0x00000000c4900000, 0x00000000c4a00000|  0%| F|  |TAMS 0x00000000c4900000, 0x00000000c4900000| Untracked 
|  18|0x00000000c4a00000, 0x00000000c4a00000, 0x00000000c4b00000|  0%| F|  |TAMS 0x00000000c4a00000, 0x00000000c4a00000| Untracked 
|  19|0x00000000c4b00000, 0x00000000c4b00000, 0x00000000c4c00000|  0%| F|  |TAMS 0x00000000c4b00000, 0x00000000c4b00000| Untracked 
|  20|0x00000000c4c00000, 0x00000000c4c00000, 0x00000000c4d00000|  0%| F|  |TAMS 0x00000000c4c00000, 0x00000000c4c00000| Untracked 
|  21|0x00000000c4d00000, 0x00000000c4d00000, 0x00000000c4e00000|  0%| F|  |TAMS 0x00000000c4d00000, 0x00000000c4d00000| Untracked 
|  22|0x00000000c4e00000, 0x00000000c4e00000, 0x00000000c4f00000|  0%| F|  |TAMS 0x00000000c4e00000, 0x00000000c4e00000| Untracked 
|  23|0x00000000c4f00000, 0x00000000c4f00000, 0x00000000c5000000|  0%| F|  |TAMS 0x00000000c4f00000, 0x00000000c4f00000| Untracked 
|  24|0x00000000c5000000, 0x00000000c5000000, 0x00000000c5100000|  0%| F|  |TAMS 0x00000000c5000000, 0x00000000c5000000| Untracked 
|  25|0x00000000c5100000, 0x00000000c5100000, 0x00000000c5200000|  0%| F|  |TAMS 0x00000000c5100000, 0x00000000c5100000| Untracked 
|  26|0x00000000c5200000, 0x00000000c5200000, 0x00000000c5300000|  0%| F|  |TAMS 0x00000000c5200000, 0x00000000c5200000| Untracked 
|  27|0x00000000c5300000, 0x00000000c5300000, 0x00000000c5400000|  0%| F|  |TAMS 0x00000000c5300000, 0x00000000c5300000| Untracked 
|  28|0x00000000c5400000, 0x00000000c5400000, 0x00000000c5500000|  0%| F|  |TAMS 0x00000000c5400000, 0x00000000c5400000| Untracked 
|  29|0x00000000c5500000, 0x00000000c5500000, 0x00000000c5600000|  0%| F|  |TAMS 0x00000000c5500000, 0x00000000c5500000| Untracked 
|  30|0x00000000c5600000, 0x00000000c5600000, 0x00000000c5700000|  0%| F|  |TAMS 0x00000000c5600000, 0x00000000c5600000| Untracked 
|  31|0x00000000c5700000, 0x00000000c5700000, 0x00000000c5800000|  0%| F|  |TAMS 0x00000000c5700000, 0x00000000c5700000| Untracked 
|  32|0x00000000c5800000, 0x00000000c5800000, 0x00000000c5900000|  0%| F|  |TAMS 0x00000000c5800000, 0x00000000c5800000| Untracked 
|  33|0x00000000c5900000, 0x00000000c5900000, 0x00000000c5a00000|  0%| F|  |TAMS 0x00000000c5900000, 0x00000000c5900000| Untracked 
|  34|0x00000000c5a00000, 0x00000000c5a00000, 0x00000000c5b00000|  0%| F|  |TAMS 0x00000000c5a00000, 0x00000000c5a00000| Untracked 
|  35|0x00000000c5b00000, 0x00000000c5b00000, 0x00000000c5c00000|  0%| F|  |TAMS 0x00000000c5b00000, 0x00000000c5b00000| Untracked 
|  36|0x00000000c5c00000, 0x00000000c5c00000, 0x00000000c5d00000|  0%| F|  |TAMS 0x00000000c5c00000, 0x00000000c5c00000| Untracked 
|  37|0x00000000c5d00000, 0x00000000c5d00000, 0x00000000c5e00000|  0%| F|  |TAMS 0x00000000c5d00000, 0x00000000c5d00000| Untracked 
|  38|0x00000000c5e00000, 0x00000000c5e00000, 0x00000000c5f00000|  0%| F|  |TAMS 0x00000000c5e00000, 0x00000000c5e00000| Untracked 
|  39|0x00000000c5f00000, 0x00000000c5f00000, 0x00000000c6000000|  0%| F|  |TAMS 0x00000000c5f00000, 0x00000000c5f00000| Untracked 
|  40|0x00000000c6000000, 0x00000000c6000000, 0x00000000c6100000|  0%| F|  |TAMS 0x00000000c6000000, 0x00000000c6000000| Untracked 
|  41|0x00000000c6100000, 0x00000000c6100000, 0x00000000c6200000|  0%| F|  |TAMS 0x00000000c6100000, 0x00000000c6100000| Untracked 
|  42|0x00000000c6200000, 0x00000000c6200000, 0x00000000c6300000|  0%| F|  |TAMS 0x00000000c6200000, 0x00000000c6200000| Untracked 
|  43|0x00000000c6300000, 0x00000000c6300000, 0x00000000c6400000|  0%| F|  |TAMS 0x00000000c6300000, 0x00000000c6300000| Untracked 
|  44|0x00000000c6400000, 0x00000000c6400000, 0x00000000c6500000|  0%| F|  |TAMS 0x00000000c6400000, 0x00000000c6400000| Untracked 
|  45|0x00000000c6500000, 0x00000000c6500000, 0x00000000c6600000|  0%| F|  |TAMS 0x00000000c6500000, 0x00000000c6500000| Untracked 
|  46|0x00000000c6600000, 0x00000000c6600000, 0x00000000c6700000|  0%| F|  |TAMS 0x00000000c6600000, 0x00000000c6600000| Untracked 
|  47|0x00000000c6700000, 0x00000000c6700000, 0x00000000c6800000|  0%| F|  |TAMS 0x00000000c6700000, 0x00000000c6700000| Untracked 
|  48|0x00000000c6800000, 0x00000000c6800000, 0x00000000c6900000|  0%| F|  |TAMS 0x00000000c6800000, 0x00000000c6800000| Untracked 
|  49|0x00000000c6900000, 0x00000000c6900000, 0x00000000c6a00000|  0%| F|  |TAMS 0x00000000c6900000, 0x00000000c6900000| Untracked 
|  50|0x00000000c6a00000, 0x00000000c6a00000, 0x00000000c6b00000|  0%| F|  |TAMS 0x00000000c6a00000, 0x00000000c6a00000| Untracked 
|  51|0x00000000c6b00000, 0x00000000c6b8fe38, 0x00000000c6c00000| 56%| E|  |TAMS 0x00000000c6b00000, 0x00000000c6b00000| Complete 
|  52|0x00000000c6c00000, 0x00000000c6d00000, 0x00000000c6d00000|100%| E|CS|TAMS 0x00000000c6c00000, 0x00000000c6c00000| Complete 
|  53|0x00000000c6d00000, 0x00000000c6e00000, 0x00000000c6e00000|100%| E|CS|TAMS 0x00000000c6d00000, 0x00000000c6d00000| Complete 
|  54|0x00000000c6e00000, 0x00000000c6f00000, 0x00000000c6f00000|100%| E|CS|TAMS 0x00000000c6e00000, 0x00000000c6e00000| Complete 
|  55|0x00000000c6f00000, 0x00000000c7000000, 0x00000000c7000000|100%| E|  |TAMS 0x00000000c6f00000, 0x00000000c6f00000| Complete 
|  56|0x00000000c7000000, 0x00000000c7100000, 0x00000000c7100000|100%| E|CS|TAMS 0x00000000c7000000, 0x00000000c7000000| Complete 
|  57|0x00000000c7100000, 0x00000000c7200000, 0x00000000c7200000|100%| E|CS|TAMS 0x00000000c7100000, 0x00000000c7100000| Complete 
|  58|0x00000000c7200000, 0x00000000c7300000, 0x00000000c7300000|100%| E|CS|TAMS 0x00000000c7200000, 0x00000000c7200000| Complete 
|  59|0x00000000c7300000, 0x00000000c7400000, 0x00000000c7400000|100%| E|CS|TAMS 0x00000000c7300000, 0x00000000c7300000| Complete 
|  60|0x00000000c7400000, 0x00000000c7500000, 0x00000000c7500000|100%| E|CS|TAMS 0x00000000c7400000, 0x00000000c7400000| Complete 
|  61|0x00000000c7500000, 0x00000000c7600000, 0x00000000c7600000|100%| E|CS|TAMS 0x00000000c7500000, 0x00000000c7500000| Complete 
| 966|0x00000000ffe00000, 0x00000000ffe48000, 0x00000000fff00000| 28%|OA|  |TAMS 0x00000000ffe00000, 0x00000000ffe00000| Untracked 
| 967|0x00000000fff00000, 0x00000000fff6c000, 0x0000000100000000| 42%|CA|  |TAMS 0x00000000fff00000, 0x00000000fff00000| Untracked 

Card table byte_map: [0x00007fe2a4048000,0x00007fe2a422c000] _byte_map_base: 0x00007fe2a3a2c000

Marking Bits (Prev, Next): (CMBitMap*) 0x00007fe2a0045c68, (CMBitMap*) 0x00007fe2a0045ca0
 Prev Bits: [0x00007fe2830e0000, 0x00007fe284000000)
 Next Bits: [0x00007fe2821c0000, 0x00007fe2830e0000)

Polling page: 0x00007fe2a642a000

Metaspace:

Usage:
  Non-class:      5.72 MB capacity,     3.41 MB ( 60%) used,     2.31 MB ( 40%) free+waste,     6.88 KB ( <1%) overhead. 
      Class:    695.00 KB capacity,   430.17 KB ( 62%) used,   261.08 KB ( 38%) free+waste,     3.75 KB ( <1%) overhead. 
       Both:      6.40 MB capacity,     3.83 MB ( 60%) used,     2.56 MB ( 40%) free+waste,    10.62 KB ( <1%) overhead. 

Virtual space:
  Non-class space:        8.00 MB reserved,       6.00 MB ( 75%) committed 
      Class space:        1.00 GB reserved,     768.00 KB ( <1%) committed 
             Both:        1.01 GB reserved,       6.75 MB ( <1%) committed 

Chunk freelists:
   Non-Class:  41.00 KB
       Class:  9.00 KB
        Both:  50.00 KB

MaxMetaspaceSize: unlimited
CompressedClassSpaceSize: 1.00 GB
Initial GC threshold: 20.80 MB
Current GC threshold: 20.80 MB
CDS: on

CodeHeap 'non-profiled nmethods': size=120032Kb used=229Kb max_used=229Kb free=119803Kb
 bounds [0x00007fe2900c8000, 0x00007fe290338000, 0x00007fe297600000]
CodeHeap 'profiled nmethods': size=120032Kb used=1334Kb max_used=1334Kb free=118697Kb
 bounds [0x00007fe288b90000, 0x00007fe288e00000, 0x00007fe2900c8000]
CodeHeap 'non-nmethods': size=5696Kb used=1154Kb max_used=1164Kb free=4541Kb
 bounds [0x00007fe288600000, 0x00007fe288870000, 0x00007fe288b90000]
 total_blobs=1160 nmethods=751 adapters=323
 compilation: enabled
              stopped_count=0, restarted_count=0
 full_count=0

Compilation events (20 events):
Event: 0.336 Thread 0x00007fe2a0136000 nmethod 724 0x00007fe288cc8910 code [0x00007fe288cc8ac0, 0x00007fe288cc8c30]
Event: 0.336 Thread 0x00007fe2a0136000  727       3       java.lang.invoke.LambdaForm$Name::initIndex (26 bytes)
Event: 0.336 Thread 0x00007fe2a0136000 nmethod 727 0x00007fe288cc8c90 code [0x00007fe288cc8e40, 0x00007fe288cc8ff0]
Event: 0.336 Thread 0x00007fe2a0136000  721       3       java.util.ImmutableCollections$ListN::get (7 bytes)
Event: 0.337 Thread 0x00007fe2a0136000 nmethod 721 0x00007fe288cc9090 code [0x00007fe288cc9240, 0x00007fe288cc9370]
Event: 0.337 Thread 0x00007fe2a0136000  728       3       sun.invoke.util.Wrapper::hashPrim (30 bytes)
Event: 0.337 Thread 0x00007fe2a0136000 nmethod 728 0x00007fe288cc9410 code [0x00007fe288cc96c0, 0x00007fe288cca280]
Event: 0.337 Thread 0x00007fe2a0136000  731   !   3       java.util.concurrent.ConcurrentHashMap::computeIfAbsent (576 bytes)
Event: 0.339 Thread 0x00007fe2a0136000 nmethod 731 0x00007fe288cca710 code [0x00007fe288ccab80, 0x00007fe288ccd9c0]
Event: 0.339 Thread 0x00007fe2a0136000  725       1       java.lang.invoke.LambdaForm$Name::index (5 bytes)
Event: 0.339 Thread 0x00007fe2a0136000 nmethod 725 0x00007fe2900ff610 code [0x00007fe2900ff7c0, 0x00007fe2900ff890]
Event: 0.339 Thread 0x00007fe2a0136000  729       3       sun.invoke.util.Wrapper::findPrimitiveType (25 bytes)
Event: 0.339 Thread 0x00007fe2a0136000 nmethod 729 0x00007fe288cceb90 code [0x00007fe288ccee20, 0x00007fe288ccf8e0]
Event: 0.339 Thread 0x00007fe2a0136000  739       3       java.lang.Number::<init> (5 bytes)
Event: 0.339 Thread 0x00007fe2a0136000 nmethod 739 0x00007fe288ccfd90 code [0x00007fe288ccff40, 0x00007fe288cd00b0]
Event: 0.339 Thread 0x00007fe2a0136000  730       1       java.lang.invoke.LambdaForm$BasicType::basicTypeClass (5 bytes)
Event: 0.339 Thread 0x00007fe2a0136000 nmethod 730 0x00007fe2900fff10 code [0x00007fe2901000c0, 0x00007fe290100190]
Event: 0.339 Thread 0x00007fe2a0136000  741       3       sun.invoke.util.Wrapper::forPrimitiveType (49 bytes)
Event: 0.340 Thread 0x00007fe2a0136000 nmethod 741 0x00007fe288cd0190 code [0x00007fe288cd0520, 0x00007fe288cd1a80]
Event: 0.340 Thread 0x00007fe2a0136000  744       3       jdk.internal.org.objectweb.asm.Frame::execute (2264 bytes)

GC Heap History (0 events):
No events

Deoptimization events (20 events):
Event: 0.304 Thread 0x00007fe2a0016800 DEOPT PACKING pc=0x00007fe288bc2e4f sp=0x00007fe2a61dcfa0
Event: 0.304 Thread 0x00007fe2a0016800 DEOPT UNPACKING pc=0x00007fe28864a64a sp=0x00007fe2a61dc448 mode 0
Event: 0.305 Thread 0x00007fe2a0016800 DEOPT PACKING pc=0x00007fe288bc2e4f sp=0x00007fe2a61dd080
Event: 0.305 Thread 0x00007fe2a0016800 DEOPT UNPACKING pc=0x00007fe28864a64a sp=0x00007fe2a61dc528 mode 0
Event: 0.334 Thread 0x00007fe2a0016800 Uncommon trap: trap_request=0xffffffc6 fr.pc=0x00007fe2900d19a4 relative=0x0000000000000084
Event: 0.334 Thread 0x00007fe2a0016800 Uncommon trap: reason=bimorphic_or_optimized_type_check action=maybe_recompile pc=0x00007fe2900d19a4 method=java.util.AbstractCollection.isEmpty()Z @ 1 c2
Event: 0.334 Thread 0x00007fe2a0016800 DEOPT PACKING pc=0x00007fe2900d19a4 sp=0x00007fe2a61dd2c0
Event: 0.334 Thread 0x00007fe2a0016800 DEOPT UNPACKING pc=0x00007fe288649ea5 sp=0x00007fe2a61dd270 mode 2
Event: 0.334 Thread 0x00007fe2a0016800 Uncommon trap: trap_request=0xffffffc6 fr.pc=0x00007fe2900d19a4 relative=0x0000000000000084
Event: 0.334 Thread 0x00007fe2a0016800 Uncommon trap: reason=bimorphic_or_optimized_type_check action=maybe_recompile pc=0x00007fe2900d19a4 method=java.util.AbstractCollection.isEmpty()Z @ 1 c2
Event: 0.334 Thread 0x00007fe2a0016800 DEOPT PACKING pc=0x00007fe2900d19a4 sp=0x00007fe2a61dd490
Event: 0.334 Thread 0x00007fe2a0016800 DEOPT UNPACKING pc=0x00007fe288649ea5 sp=0x00007fe2a61dd440 mode 2
Event: 0.335 Thread 0x00007fe2a0016800 Uncommon trap: trap_request=0xffffffc6 fr.pc=0x00007fe2900d19a4 relative=0x0000000000000084
Event: 0.335 Thread 0x00007fe2a0016800 Uncommon trap: reason=bimorphic_or_optimized_type_check action=maybe_recompile pc=0x00007fe2900d19a4 method=java.util.AbstractCollection.isEmpty()Z @ 1 c2
Event: 0.335 Thread 0x00007fe2a0016800 DEOPT PACKING pc=0x00007fe2900d19a4 sp=0x00007fe2a61dd4b0
Event: 0.335 Thread 0x00007fe2a0016800 DEOPT UNPACKING pc=0x00007fe288649ea5 sp=0x00007fe2a61dd460 mode 2
Event: 0.335 Thread 0x00007fe2a0016800 Uncommon trap: trap_request=0xffffffc6 fr.pc=0x00007fe2900d19a4 relative=0x0000000000000084
Event: 0.335 Thread 0x00007fe2a0016800 Uncommon trap: reason=bimorphic_or_optimized_type_check action=maybe_recompile pc=0x00007fe2900d19a4 method=java.util.AbstractCollection.isEmpty()Z @ 1 c2
Event: 0.335 Thread 0x00007fe2a0016800 DEOPT PACKING pc=0x00007fe2900d19a4 sp=0x00007fe2a61dd2c0
Event: 0.335 Thread 0x00007fe2a0016800 DEOPT UNPACKING pc=0x00007fe288649ea5 sp=0x00007fe2a61dd270 mode 2

Classes redefined (0 events):
No events

Internal exceptions (20 events):
Event: 0.116 Thread 0x00007fe2a0016800 Exception <a 'java/security/PrivilegedActionException'{0x00000000c7487328}> (0x00000000c7487328) thrown at [./src/hotspot/share/prims/jvm.cpp, line 1304]
Event: 0.116 Thread 0x00007fe2a0016800 Exception <a 'java/security/PrivilegedActionException'{0x00000000c74875f8}> (0x00000000c74875f8) thrown at [./src/hotspot/share/prims/jvm.cpp, line 1304]
Event: 0.116 Thread 0x00007fe2a0016800 Exception <a 'java/security/PrivilegedActionException'{0x00000000c7487f68}> (0x00000000c7487f68) thrown at [./src/hotspot/share/prims/jvm.cpp, line 1304]
Event: 0.116 Thread 0x00007fe2a0016800 Exception <a 'java/security/PrivilegedActionException'{0x00000000c7488238}> (0x00000000c7488238) thrown at [./src/hotspot/share/prims/jvm.cpp, line 1304]
Event: 0.116 Thread 0x00007fe2a0016800 Exception <a 'java/security/PrivilegedActionException'{0x00000000c7488ba8}> (0x00000000c7488ba8) thrown at [./src/hotspot/share/prims/jvm.cpp, line 1304]
Event: 0.116 Thread 0x00007fe2a0016800 Exception <a 'java/security/PrivilegedActionException'{0x00000000c7488e78}> (0x00000000c7488e78) thrown at [./src/hotspot/share/prims/jvm.cpp, line 1304]
Event: 0.116 Thread 0x00007fe2a0016800 Exception <a 'java/security/PrivilegedActionException'{0x00000000c7489800}> (0x00000000c7489800) thrown at [./src/hotspot/share/prims/jvm.cpp, line 1304]
Event: 0.116 Thread 0x00007fe2a0016800 Exception <a 'java/security/PrivilegedActionException'{0x00000000c7489ad0}> (0x00000000c7489ad0) thrown at [./src/hotspot/share/prims/jvm.cpp, line 1304]
Event: 0.116 Thread 0x00007fe2a0016800 Exception <a 'java/security/PrivilegedActionException'{0x00000000c748a458}> (0x00000000c748a458) thrown at [./src/hotspot/share/prims/jvm.cpp, line 1304]
Event: 0.116 Thread 0x00007fe2a0016800 Exception <a 'java/security/PrivilegedActionException'{0x00000000c748a728}> (0x00000000c748a728) thrown at [./src/hotspot/share/prims/jvm.cpp, line 1304]
Event: 0.116 Thread 0x00007fe2a0016800 Exception <a 'java/security/PrivilegedActionException'{0x00000000c748b0b0}> (0x00000000c748b0b0) thrown at [./src/hotspot/share/prims/jvm.cpp, line 1304]
Event: 0.116 Thread 0x00007fe2a0016800 Exception <a 'java/security/PrivilegedActionException'{0x00000000c748b380}> (0x00000000c748b380) thrown at [./src/hotspot/share/prims/jvm.cpp, line 1304]
Event: 0.116 Thread 0x00007fe2a0016800 Exception <a 'java/security/PrivilegedActionException'{0x00000000c748bcf0}> (0x00000000c748bcf0) thrown at [./src/hotspot/share/prims/jvm.cpp, line 1304]
Event: 0.116 Thread 0x00007fe2a0016800 Exception <a 'java/security/PrivilegedActionException'{0x00000000c748bfc0}> (0x00000000c748bfc0) thrown at [./src/hotspot/share/prims/jvm.cpp, line 1304]
Event: 0.116 Thread 0x00007fe2a0016800 Exception <a 'java/security/PrivilegedActionException'{0x00000000c748c948}> (0x00000000c748c948) thrown at [./src/hotspot/share/prims/jvm.cpp, line 1304]
Event: 0.116 Thread 0x00007fe2a0016800 Exception <a 'java/security/PrivilegedActionException'{0x00000000c748cc18}> (0x00000000c748cc18) thrown at [./src/hotspot/share/prims/jvm.cpp, line 1304]
Event: 0.138 Thread 0x00007fe2a0016800 Exception <a 'java/lang/NoSuchMethodError'{0x00000000c73bd200}: 'int java.lang.invoke.DirectMethodHandle$Holder.invokeStaticInit(java.lang.Object, java.lang.Object, java.lang.Object, java.lang.Object)'> (0x00000000c73bd200) thrown at [./src/hotspot/share/interpreter/linkResolver.cpp, line 772]
Event: 0.139 Thread 0x00007fe2a0016800 Exception <a 'java/lang/IncompatibleClassChangeError'{0x00000000c73c6f80}: Found class java.lang.Object, but interface was expected> (0x00000000c73c6f80) thrown at [./src/hotspot/share/interpreter/linkResolver.cpp, line 839]
Event: 0.140 Thread 0x00007fe2a0016800 Exception <a 'java/lang/NoSuchMethodError'{0x00000000c73ca130}: 'void java.lang.invoke.DirectMethodHandle$Holder.invokeStaticInit(java.lang.Object, java.lang.Object)'> (0x00000000c73ca130) thrown at [./src/hotspot/share/interpreter/linkResolver.cpp, line 772]
Event: 0.141 Thread 0x00007fe2a0016800 Exception <a 'java/lang/NoSuchMethodError'{0x00000000c73cf5a0}: 'int java.lang.invoke.DirectMethodHandle$Holder.invokeStaticInit(java.lang.Object, java.lang.Object)'> (0x00000000c73cf5a0) thrown at [./src/hotspot/share/interpreter/linkResolver.cpp, line 772]

Events (20 events):
Event: 0.329 loading class SymbolTable
Event: 0.329 loading class SymbolTable done
Event: 0.332 Executing VM operation: Deoptimize
Event: 0.332 Executing VM operation: Deoptimize done
Event: 0.333 loading class java/lang/invoke/BoundMethodHandle$Species_LL
Event: 0.334 loading class java/lang/invoke/BoundMethodHandle$Species_LL done
Event: 0.335 loading class java/lang/invoke/BoundMethodHandle$Species_LLL
Event: 0.335 loading class java/lang/invoke/BoundMethodHandle$Species_LLL done
Event: 0.336 loading class java/lang/invoke/BoundMethodHandle$Species_LLLL
Event: 0.336 loading class java/lang/invoke/BoundMethodHandle$Species_LLLL done
Event: 0.337 loading class java/lang/invoke/BoundMethodHandle$Species_LLLLL
Event: 0.337 loading class java/lang/invoke/BoundMethodHandle$Species_LLLLL done
Event: 0.338 loading class java/lang/invoke/BoundMethodHandle$Species_LLLLLL
Event: 0.338 loading class java/lang/invoke/BoundMethodHandle$Species_LLLLLL done
Event: 0.339 loading class java/lang/invoke/BoundMethodHandle$Species_LLLLLLI
Event: 0.339 loading class java/lang/invoke/BoundMethodHandle$Species_LLLLLLI done
Event: 0.340 loading class java/lang/invoke/BoundMethodHandle$Species_LLLLLLII
Event: 0.340 loading class java/lang/invoke/BoundMethodHandle$Species_LLLLLLII done
Event: 0.341 loading class java/lang/invoke/BoundMethodHandle$Species_LLLLLLIIL
Event: 0.341 loading class java/lang/invoke/BoundMethodHandle$Species_LLLLLLIIL done


Dynamic libraries:
c3800000-c7600000 rw-p 00000000 00:00 0 
c7600000-ffe00000 ---p 00000000 00:00 0 
ffe00000-ffe48000 rw-p 00b14000 08:03 265562                             /usr/lib/jvm/java-11-openjdk-amd64/lib/server/classes.jsa
ffe48000-fff00000 rw-p 00000000 00:00 0 
fff00000-fff6c000 rw-p 00aa8000 08:03 265562                             /usr/lib/jvm/java-11-openjdk-amd64/lib/server/classes.jsa
fff6c000-100000000 rw-p 00000000 00:00 0 
800000000-800002000 rwxp 00001000 08:03 265562                           /usr/lib/jvm/java-11-openjdk-amd64/lib/server/classes.jsa
800002000-8003ce000 rw-p 00003000 08:03 265562                           /usr/lib/jvm/java-11-openjdk-amd64/lib/server/classes.jsa
8003ce000-800aa6000 r--p 003cf000 08:03 265562                           /usr/lib/jvm/java-11-openjdk-amd64/lib/server/classes.jsa
800aa6000-800aa7000 rw-p 00aa7000 08:03 265562                           /usr/lib/jvm/java-11-openjdk-amd64/lib/server/classes.jsa
840000000-8400c0000 rw-p 00000000 00:00 0 
8400c0000-880000000 ---p 00000000 00:00 0 
555f1ca6f000-555f1ca70000 r--p 00000000 08:03 265116                     /usr/lib/jvm/java-11-openjdk-amd64/bin/java
555f1ca70000-555f1ca71000 r-xp 00001000 08:03 265116                     /usr/lib/jvm/java-11-openjdk-amd64/bin/java
555f1ca71000-555f1ca72000 r--p 00002000 08:03 265116                     /usr/lib/jvm/java-11-openjdk-amd64/bin/java
555f1ca72000-555f1ca73000 r--p 00002000 08:03 265116                     /usr/lib/jvm/java-11-openjdk-amd64/bin/java
555f1ca73000-555f1ca74000 rw-p 00003000 08:03 265116                     /usr/lib/jvm/java-11-openjdk-amd64/bin/java
555f1dcf7000-555f1dd18000 rw-p 00000000 00:00 0                          [heap]
7fe231400000-7fe231d26000 r--p 00000000 08:03 1587749                    /home/ubuntu/.javacpp/cache/llvm-13.0.1-1.5.7-linux-x86_64.jar/org/bytedeco/llvm/linux-x86_64/libLLVM-13.so
7fe231d26000-7fe2356e9000 r-xp 00926000 08:03 1587749                    /home/ubuntu/.javacpp/cache/llvm-13.0.1-1.5.7-linux-x86_64.jar/org/bytedeco/llvm/linux-x86_64/libLLVM-13.so
7fe2356e9000-7fe23793e000 r--p 042e9000 08:03 1587749                    /home/ubuntu/.javacpp/cache/llvm-13.0.1-1.5.7-linux-x86_64.jar/org/bytedeco/llvm/linux-x86_64/libLLVM-13.so
7fe23793e000-7fe237e53000 r--p 0653d000 08:03 1587749                    /home/ubuntu/.javacpp/cache/llvm-13.0.1-1.5.7-linux-x86_64.jar/org/bytedeco/llvm/linux-x86_64/libLLVM-13.so
7fe237e53000-7fe237e5e000 rw-p 06a52000 08:03 1587749                    /home/ubuntu/.javacpp/cache/llvm-13.0.1-1.5.7-linux-x86_64.jar/org/bytedeco/llvm/linux-x86_64/libLLVM-13.so
7fe237e5e000-7fe237ed4000 rw-p 00000000 00:00 0 
7fe238000000-7fe238021000 rw-p 00000000 00:00 0 
7fe238021000-7fe23c000000 ---p 00000000 00:00 0 
7fe240000000-7fe240021000 rw-p 00000000 00:00 0 
7fe240021000-7fe244000000 ---p 00000000 00:00 0 
7fe244000000-7fe244021000 rw-p 00000000 00:00 0 
7fe244021000-7fe248000000 ---p 00000000 00:00 0 
7fe248000000-7fe248021000 rw-p 00000000 00:00 0 
7fe248021000-7fe24c000000 ---p 00000000 00:00 0 
7fe24c000000-7fe24c021000 rw-p 00000000 00:00 0 
7fe24c021000-7fe250000000 ---p 00000000 00:00 0 
7fe250000000-7fe2501d2000 rw-p 00000000 00:00 0 
7fe2501d2000-7fe254000000 ---p 00000000 00:00 0 
7fe254000000-7fe25440d000 rw-p 00000000 00:00 0 
7fe25440d000-7fe258000000 ---p 00000000 00:00 0 
7fe258000000-7fe258021000 rw-p 00000000 00:00 0 
7fe258021000-7fe25c000000 ---p 00000000 00:00 0 
7fe25c000000-7fe25c021000 rw-p 00000000 00:00 0 
7fe25c021000-7fe260000000 ---p 00000000 00:00 0 
7fe260000000-7fe260021000 rw-p 00000000 00:00 0 
7fe260021000-7fe264000000 ---p 00000000 00:00 0 
7fe264000000-7fe264021000 rw-p 00000000 00:00 0 
7fe264021000-7fe268000000 ---p 00000000 00:00 0 
7fe268000000-7fe268021000 rw-p 00000000 00:00 0 
7fe268021000-7fe26c000000 ---p 00000000 00:00 0 
7fe26c000000-7fe26c021000 rw-p 00000000 00:00 0 
7fe26c021000-7fe270000000 ---p 00000000 00:00 0 
7fe270000000-7fe270021000 rw-p 00000000 00:00 0 
7fe270021000-7fe274000000 ---p 00000000 00:00 0 
7fe274000000-7fe274021000 rw-p 00000000 00:00 0 
7fe274021000-7fe278000000 ---p 00000000 00:00 0 
7fe279ff9000-7fe27a05e000 r--p 00000000 08:03 1589997                    /home/ubuntu/.javacpp/cache/llvm-13.0.1-1.5.7-linux-x86_64.jar/org/bytedeco/llvm/linux-x86_64/libjniLLVM.so
7fe27a05e000-7fe27a0cc000 r-xp 00065000 08:03 1589997                    /home/ubuntu/.javacpp/cache/llvm-13.0.1-1.5.7-linux-x86_64.jar/org/bytedeco/llvm/linux-x86_64/libjniLLVM.so
7fe27a0cc000-7fe27a0f7000 r--p 000d3000 08:03 1589997                    /home/ubuntu/.javacpp/cache/llvm-13.0.1-1.5.7-linux-x86_64.jar/org/bytedeco/llvm/linux-x86_64/libjniLLVM.so
7fe27a0f7000-7fe27a0fa000 r--p 000fd000 08:03 1589997                    /home/ubuntu/.javacpp/cache/llvm-13.0.1-1.5.7-linux-x86_64.jar/org/bytedeco/llvm/linux-x86_64/libjniLLVM.so
7fe27a0fa000-7fe27a0fd000 rw-p 00100000 08:03 1589997                    /home/ubuntu/.javacpp/cache/llvm-13.0.1-1.5.7-linux-x86_64.jar/org/bytedeco/llvm/linux-x86_64/libjniLLVM.so
7fe27a0fd000-7fe27a0ff000 rw-p 00000000 00:00 0 
7fe27a0ff000-7fe27a103000 ---p 00000000 00:00 0 
7fe27a103000-7fe27a1ff000 rw-p 00000000 00:00 0 
7fe27a1ff000-7fe27a200000 ---p 00000000 00:00 0 
7fe27a200000-7fe27a300000 rw-p 00000000 00:00 0 
7fe27a300000-7fe27a304000 ---p 00000000 00:00 0 
7fe27a304000-7fe27a400000 rw-p 00000000 00:00 0 
7fe27a400000-7fe27a404000 ---p 00000000 00:00 0 
7fe27a404000-7fe27a500000 rw-p 00000000 00:00 0 
7fe27a500000-7fe27a504000 ---p 00000000 00:00 0 
7fe27a504000-7fe27a600000 rw-p 00000000 00:00 0 
7fe27a600000-7fe27a604000 ---p 00000000 00:00 0 
7fe27a604000-7fe27a700000 rw-p 00000000 00:00 0 
7fe27a700000-7fe27a704000 ---p 00000000 00:00 0 
7fe27a704000-7fe27a800000 rw-p 00000000 00:00 0 
7fe27a800000-7fe27a804000 ---p 00000000 00:00 0 
7fe27a804000-7fe27a900000 rw-p 00000000 00:00 0 
7fe27a900000-7fe27a904000 ---p 00000000 00:00 0 
7fe27a904000-7fe27aa00000 rw-p 00000000 00:00 0 
7fe27aa00000-7fe27b278000 r--p 00000000 08:03 2365202                    /usr/lib/locale/locale-archive
7fe27b2fd000-7fe27b301000 ---p 00000000 00:00 0 
7fe27b301000-7fe27b3fd000 rw-p 00000000 00:00 0 
7fe27b3fd000-7fe27b401000 ---p 00000000 00:00 0 
7fe27b401000-7fe27b4fd000 rw-p 00000000 00:00 0 
7fe27b4fd000-7fe27b4fe000 ---p 00000000 00:00 0 
7fe27b4fe000-7fe27bbfe000 rw-p 00000000 00:00 0 
7fe27bbfe000-7fe27bdfe000 ---p 00000000 00:00 0 
7fe27bdfe000-7fe27bdff000 ---p 00000000 00:00 0 
7fe27bdff000-7fe27beff000 rw-p 00000000 00:00 0 
7fe27beff000-7fe27bf00000 ---p 00000000 00:00 0 
7fe27bf00000-7fe27c000000 rw-p 00000000 00:00 0 
7fe27c000000-7fe27c021000 rw-p 00000000 00:00 0 
7fe27c021000-7fe280000000 ---p 00000000 00:00 0 
7fe2800bf000-7fe2822b8000 rw-p 00000000 00:00 0 
7fe2822b8000-7fe2830d8000 ---p 00000000 00:00 0 
7fe2830d8000-7fe2831d8000 rw-p 00000000 00:00 0 
7fe2831d8000-7fe283ff8000 ---p 00000000 00:00 0 
7fe283ff8000-7fe284000000 rw-p 00000000 00:00 0 
7fe284000000-7fe284021000 rw-p 00000000 00:00 0 
7fe284021000-7fe288000000 ---p 00000000 00:00 0 
7fe288018000-7fe28831b000 rw-p 00000000 00:00 0 
7fe28831b000-7fe28831c000 ---p 00000000 00:00 0 
7fe28831c000-7fe28843b000 rw-p 00000000 00:00 0 
7fe28843b000-7fe2885ff000 ---p 00000000 00:00 0 
7fe2885ff000-7fe288600000 rw-p 00000000 00:00 0 
7fe288600000-7fe288870000 rwxp 00000000 00:00 0 
7fe288870000-7fe288b90000 ---p 00000000 00:00 0 
7fe288b90000-7fe288e00000 rwxp 00000000 00:00 0 
7fe288e00000-7fe2900c8000 ---p 00000000 00:00 0 
7fe2900c8000-7fe290338000 rwxp 00000000 00:00 0 
7fe290338000-7fe297600000 ---p 00000000 00:00 0 
7fe297600000-7fe29fe25000 r--s 00000000 08:03 265275                     /usr/lib/jvm/java-11-openjdk-amd64/lib/modules
7fe29fe6b000-7fe29fe72000 r--p 00000000 08:03 1587750                    /home/ubuntu/.javacpp/cache/llvm-13.0.1-1.5.7-linux-x86_64.jar/org/bytedeco/llvm/linux-x86_64/libLTO.so.13
7fe29fe72000-7fe29fe7a000 r-xp 00007000 08:03 1587750                    /home/ubuntu/.javacpp/cache/llvm-13.0.1-1.5.7-linux-x86_64.jar/org/bytedeco/llvm/linux-x86_64/libLTO.so.13
7fe29fe7a000-7fe29fe7c000 r--p 0000f000 08:03 1587750                    /home/ubuntu/.javacpp/cache/llvm-13.0.1-1.5.7-linux-x86_64.jar/org/bytedeco/llvm/linux-x86_64/libLTO.so.13
7fe29fe7c000-7fe29fe7d000 r--p 00010000 08:03 1587750                    /home/ubuntu/.javacpp/cache/llvm-13.0.1-1.5.7-linux-x86_64.jar/org/bytedeco/llvm/linux-x86_64/libLTO.so.13
7fe29fe7d000-7fe29fe7e000 rw-p 00011000 08:03 1587750                    /home/ubuntu/.javacpp/cache/llvm-13.0.1-1.5.7-linux-x86_64.jar/org/bytedeco/llvm/linux-x86_64/libLTO.so.13
7fe29fe7e000-7fe29feff000 rw-p 00000000 00:00 0 
7fe29feff000-7fe29ff00000 ---p 00000000 00:00 0 
7fe29ff00000-7fe2a0000000 rw-p 00000000 00:00 0 
7fe2a0000000-7fe2a0471000 rw-p 00000000 00:00 0 
7fe2a0471000-7fe2a4000000 ---p 00000000 00:00 0 
7fe2a4001000-7fe2a4002000 r--p 00000000 08:03 2361439                    /usr/lib/x86_64-linux-gnu/libdl.so.2
7fe2a4002000-7fe2a4003000 r-xp 00001000 08:03 2361439                    /usr/lib/x86_64-linux-gnu/libdl.so.2
7fe2a4003000-7fe2a4004000 r--p 00002000 08:03 2361439                    /usr/lib/x86_64-linux-gnu/libdl.so.2
7fe2a4004000-7fe2a4005000 r--p 00002000 08:03 2361439                    /usr/lib/x86_64-linux-gnu/libdl.so.2
7fe2a4005000-7fe2a4006000 rw-p 00003000 08:03 2361439                    /usr/lib/x86_64-linux-gnu/libdl.so.2
7fe2a4006000-7fe2a4007000 r--p 00000000 08:03 2361473                    /usr/lib/x86_64-linux-gnu/libpthread.so.0
7fe2a4007000-7fe2a4008000 r-xp 00001000 08:03 2361473                    /usr/lib/x86_64-linux-gnu/libpthread.so.0
7fe2a4008000-7fe2a4009000 r--p 00002000 08:03 2361473                    /usr/lib/x86_64-linux-gnu/libpthread.so.0
7fe2a4009000-7fe2a400a000 r--p 00002000 08:03 2361473                    /usr/lib/x86_64-linux-gnu/libpthread.so.0
7fe2a400a000-7fe2a400b000 rw-p 00003000 08:03 2361473                    /usr/lib/x86_64-linux-gnu/libpthread.so.0
7fe2a4010000-7fe2a4017000 r--s 00000000 08:03 659244                     /usr/lib/x86_64-linux-gnu/gconv/gconv-modules.cache
7fe2a4017000-7fe2a4018000 r--p 00000000 08:03 1589995                    /home/ubuntu/.javacpp/cache/llvm-13.0.1-1.5.7-linux-x86_64.jar/org/bytedeco/llvm/linux-x86_64/libRemarks.so.13
7fe2a4018000-7fe2a4019000 r-xp 00001000 08:03 1589995                    /home/ubuntu/.javacpp/cache/llvm-13.0.1-1.5.7-linux-x86_64.jar/org/bytedeco/llvm/linux-x86_64/libRemarks.so.13
7fe2a4019000-7fe2a401a000 r--p 00002000 08:03 1589995                    /home/ubuntu/.javacpp/cache/llvm-13.0.1-1.5.7-linux-x86_64.jar/org/bytedeco/llvm/linux-x86_64/libRemarks.so.13
7fe2a401a000-7fe2a401b000 r--p 00002000 08:03 1589995                    /home/ubuntu/.javacpp/cache/llvm-13.0.1-1.5.7-linux-x86_64.jar/org/bytedeco/llvm/linux-x86_64/libRemarks.so.13
7fe2a401b000-7fe2a401c000 rw-p 00003000 08:03 1589995                    /home/ubuntu/.javacpp/cache/llvm-13.0.1-1.5.7-linux-x86_64.jar/org/bytedeco/llvm/linux-x86_64/libRemarks.so.13
7fe2a401c000-7fe2a4020000 r--p 00000000 08:03 265265                     /usr/lib/jvm/java-11-openjdk-amd64/lib/libnet.so
7fe2a4020000-7fe2a402e000 r-xp 00004000 08:03 265265                     /usr/lib/jvm/java-11-openjdk-amd64/lib/libnet.so
7fe2a402e000-7fe2a4032000 r--p 00012000 08:03 265265                     /usr/lib/jvm/java-11-openjdk-amd64/lib/libnet.so
7fe2a4032000-7fe2a4033000 r--p 00015000 08:03 265265                     /usr/lib/jvm/java-11-openjdk-amd64/lib/libnet.so
7fe2a4033000-7fe2a4034000 rw-p 00016000 08:03 265265                     /usr/lib/jvm/java-11-openjdk-amd64/lib/libnet.so
7fe2a4034000-7fe2a403b000 r--p 00000000 08:03 265266                     /usr/lib/jvm/java-11-openjdk-amd64/lib/libnio.so
7fe2a403b000-7fe2a4043000 r-xp 00007000 08:03 265266                     /usr/lib/jvm/java-11-openjdk-amd64/lib/libnio.so
7fe2a4043000-7fe2a4046000 r--p 0000f000 08:03 265266                     /usr/lib/jvm/java-11-openjdk-amd64/lib/libnio.so
7fe2a4046000-7fe2a4047000 r--p 00011000 08:03 265266                     /usr/lib/jvm/java-11-openjdk-amd64/lib/libnio.so
7fe2a4047000-7fe2a4048000 rw-p 00012000 08:03 265266                     /usr/lib/jvm/java-11-openjdk-amd64/lib/libnio.so
7fe2a4048000-7fe2a4067000 rw-p 00000000 00:00 0 
7fe2a4067000-7fe2a422b000 ---p 00000000 00:00 0 
7fe2a422b000-7fe2a424b000 rw-p 00000000 00:00 0 
7fe2a424b000-7fe2a440f000 ---p 00000000 00:00 0 
7fe2a440f000-7fe2a4814000 rw-p 00000000 00:00 0 
7fe2a4814000-7fe2a4815000 ---p 00000000 00:00 0 
7fe2a4815000-7fe2a491a000 rw-p 00000000 00:00 0 
7fe2a491a000-7fe2a4a00000 ---p 00000000 00:00 0 
7fe2a4a00000-7fe2a4a9a000 r--p 00000000 08:03 2360832                    /usr/lib/x86_64-linux-gnu/libstdc++.so.6.0.30
7fe2a4a9a000-7fe2a4bab000 r-xp 0009a000 08:03 2360832                    /usr/lib/x86_64-linux-gnu/libstdc++.so.6.0.30
7fe2a4bab000-7fe2a4c1a000 r--p 001ab000 08:03 2360832                    /usr/lib/x86_64-linux-gnu/libstdc++.so.6.0.30
7fe2a4c1a000-7fe2a4c1b000 ---p 0021a000 08:03 2360832                    /usr/lib/x86_64-linux-gnu/libstdc++.so.6.0.30
7fe2a4c1b000-7fe2a4c26000 r--p 0021a000 08:03 2360832                    /usr/lib/x86_64-linux-gnu/libstdc++.so.6.0.30
7fe2a4c26000-7fe2a4c29000 rw-p 00225000 08:03 2360832                    /usr/lib/x86_64-linux-gnu/libstdc++.so.6.0.30
7fe2a4c29000-7fe2a4c2c000 rw-p 00000000 00:00 0 
7fe2a4c2d000-7fe2a4c31000 r--p 00000000 08:03 1587748                    /home/ubuntu/.javacpp/cache/javacpp-1.5.7-linux-x86_64.jar/org/bytedeco/javacpp/linux-x86_64/libjnijavacpp.so
7fe2a4c31000-7fe2a4c38000 r-xp 00004000 08:03 1587748                    /home/ubuntu/.javacpp/cache/javacpp-1.5.7-linux-x86_64.jar/org/bytedeco/javacpp/linux-x86_64/libjnijavacpp.so
7fe2a4c38000-7fe2a4c3c000 r--p 0000b000 08:03 1587748                    /home/ubuntu/.javacpp/cache/javacpp-1.5.7-linux-x86_64.jar/org/bytedeco/javacpp/linux-x86_64/libjnijavacpp.so
7fe2a4c3c000-7fe2a4c3d000 r--p 0000e000 08:03 1587748                    /home/ubuntu/.javacpp/cache/javacpp-1.5.7-linux-x86_64.jar/org/bytedeco/javacpp/linux-x86_64/libjnijavacpp.so
7fe2a4c3d000-7fe2a4c3e000 rw-p 0000f000 08:03 1587748                    /home/ubuntu/.javacpp/cache/javacpp-1.5.7-linux-x86_64.jar/org/bytedeco/javacpp/linux-x86_64/libjnijavacpp.so
7fe2a4c3e000-7fe2a4cbf000 rw-p 00000000 00:00 0 
7fe2a4cbf000-7fe2a4da5000 ---p 00000000 00:00 0 
7fe2a4da5000-7fe2a4daa000 rw-p 00000000 00:00 0 
7fe2a4daa000-7fe2a4db1000 ---p 00000000 00:00 0 
7fe2a4db1000-7fe2a4db3000 r--p 00000000 08:03 265274                     /usr/lib/jvm/java-11-openjdk-amd64/lib/libzip.so
7fe2a4db3000-7fe2a4db8000 r-xp 00002000 08:03 265274                     /usr/lib/jvm/java-11-openjdk-amd64/lib/libzip.so
7fe2a4db8000-7fe2a4dba000 r--p 00007000 08:03 265274                     /usr/lib/jvm/java-11-openjdk-amd64/lib/libzip.so
7fe2a4dba000-7fe2a4dbb000 r--p 00008000 08:03 265274                     /usr/lib/jvm/java-11-openjdk-amd64/lib/libzip.so
7fe2a4dbb000-7fe2a4dbc000 rw-p 00009000 08:03 265274                     /usr/lib/jvm/java-11-openjdk-amd64/lib/libzip.so
7fe2a4dbc000-7fe2a4dc4000 rw-s 00000000 08:03 393238                     /tmp/hsperfdata_ubuntu/12087
7fe2a4dc4000-7fe2a4dc6000 r--p 00000000 08:03 265249                     /usr/lib/jvm/java-11-openjdk-amd64/lib/libinstrument.so
7fe2a4dc6000-7fe2a4dcd000 r-xp 00002000 08:03 265249                     /usr/lib/jvm/java-11-openjdk-amd64/lib/libinstrument.so
7fe2a4dcd000-7fe2a4dd0000 r--p 00009000 08:03 265249                     /usr/lib/jvm/java-11-openjdk-amd64/lib/libinstrument.so
7fe2a4dd0000-7fe2a4dd1000 r--p 0000b000 08:03 265249                     /usr/lib/jvm/java-11-openjdk-amd64/lib/libinstrument.so
7fe2a4dd1000-7fe2a4dd2000 rw-p 0000c000 08:03 265249                     /usr/lib/jvm/java-11-openjdk-amd64/lib/libinstrument.so
7fe2a4dd2000-7fe2a4de0000 r--p 00000000 08:03 265254                     /usr/lib/jvm/java-11-openjdk-amd64/lib/libjava.so
7fe2a4de0000-7fe2a4df6000 r-xp 0000e000 08:03 265254                     /usr/lib/jvm/java-11-openjdk-amd64/lib/libjava.so
7fe2a4df6000-7fe2a4dfd000 r--p 00024000 08:03 265254                     /usr/lib/jvm/java-11-openjdk-amd64/lib/libjava.so
7fe2a4dfd000-7fe2a4dfe000 r--p 0002a000 08:03 265254                     /usr/lib/jvm/java-11-openjdk-amd64/lib/libjava.so
7fe2a4dfe000-7fe2a4dff000 rw-p 0002b000 08:03 265254                     /usr/lib/jvm/java-11-openjdk-amd64/lib/libjava.so
7fe2a4dff000-7fe2a4e00000 rw-p 00000000 00:00 0 
7fe2a4e00000-7fe2a5082000 r--p 00000000 08:03 265280                     /usr/lib/jvm/java-11-openjdk-amd64/lib/server/libjvm.so
7fe2a5082000-7fe2a5d20000 r-xp 00282000 08:03 265280                     /usr/lib/jvm/java-11-openjdk-amd64/lib/server/libjvm.so
7fe2a5d20000-7fe2a5f7c000 r--p 00f20000 08:03 265280                     /usr/lib/jvm/java-11-openjdk-amd64/lib/server/libjvm.so
7fe2a5f7c000-7fe2a6040000 r--p 0117b000 08:03 265280                     /usr/lib/jvm/java-11-openjdk-amd64/lib/server/libjvm.so
7fe2a6040000-7fe2a607b000 rw-p 0123f000 08:03 265280                     /usr/lib/jvm/java-11-openjdk-amd64/lib/server/libjvm.so
7fe2a607b000-7fe2a60d2000 rw-p 00000000 00:00 0 
7fe2a60d2000-7fe2a60d3000 r--p 00000000 08:03 265247                     /usr/lib/jvm/java-11-openjdk-amd64/lib/libextnet.so
7fe2a60d3000-7fe2a60d4000 r-xp 00001000 08:03 265247                     /usr/lib/jvm/java-11-openjdk-amd64/lib/libextnet.so
7fe2a60d4000-7fe2a60d5000 r--p 00002000 08:03 265247                     /usr/lib/jvm/java-11-openjdk-amd64/lib/libextnet.so
7fe2a60d5000-7fe2a60d6000 r--p 00002000 08:03 265247                     /usr/lib/jvm/java-11-openjdk-amd64/lib/libextnet.so
7fe2a60d6000-7fe2a60d7000 rw-p 00003000 08:03 265247                     /usr/lib/jvm/java-11-openjdk-amd64/lib/libextnet.so
7fe2a60d7000-7fe2a60d9000 r--p 00000000 08:03 265257                     /usr/lib/jvm/java-11-openjdk-amd64/lib/libjimage.so
7fe2a60d9000-7fe2a60dc000 r-xp 00002000 08:03 265257                     /usr/lib/jvm/java-11-openjdk-amd64/lib/libjimage.so
7fe2a60dc000-7fe2a60dd000 r--p 00005000 08:03 265257                     /usr/lib/jvm/java-11-openjdk-amd64/lib/libjimage.so
7fe2a60dd000-7fe2a60de000 ---p 00006000 08:03 265257                     /usr/lib/jvm/java-11-openjdk-amd64/lib/libjimage.so
7fe2a60de000-7fe2a60df000 r--p 00006000 08:03 265257                     /usr/lib/jvm/java-11-openjdk-amd64/lib/libjimage.so
7fe2a60df000-7fe2a60e0000 rw-p 00007000 08:03 265257                     /usr/lib/jvm/java-11-openjdk-amd64/lib/libjimage.so
7fe2a60e0000-7fe2a60e4000 ---p 00000000 00:00 0 
7fe2a60e4000-7fe2a61e0000 rw-p 00000000 00:00 0 
7fe2a61e0000-7fe2a61e3000 r--p 00000000 08:03 2359493                    /usr/lib/x86_64-linux-gnu/libgcc_s.so.1
7fe2a61e3000-7fe2a61fa000 r-xp 00003000 08:03 2359493                    /usr/lib/x86_64-linux-gnu/libgcc_s.so.1
7fe2a61fa000-7fe2a61fe000 r--p 0001a000 08:03 2359493                    /usr/lib/x86_64-linux-gnu/libgcc_s.so.1
7fe2a61fe000-7fe2a61ff000 r--p 0001d000 08:03 2359493                    /usr/lib/x86_64-linux-gnu/libgcc_s.so.1
7fe2a61ff000-7fe2a6200000 rw-p 0001e000 08:03 2359493                    /usr/lib/x86_64-linux-gnu/libgcc_s.so.1
7fe2a6200000-7fe2a6228000 r--p 00000000 08:03 2361426                    /usr/lib/x86_64-linux-gnu/libc.so.6
7fe2a6228000-7fe2a63bd000 r-xp 00028000 08:03 2361426                    /usr/lib/x86_64-linux-gnu/libc.so.6
7fe2a63bd000-7fe2a6415000 r--p 001bd000 08:03 2361426                    /usr/lib/x86_64-linux-gnu/libc.so.6
7fe2a6415000-7fe2a6416000 ---p 00215000 08:03 2361426                    /usr/lib/x86_64-linux-gnu/libc.so.6
7fe2a6416000-7fe2a641a000 r--p 00215000 08:03 2361426                    /usr/lib/x86_64-linux-gnu/libc.so.6
7fe2a641a000-7fe2a641c000 rw-p 00219000 08:03 2361426                    /usr/lib/x86_64-linux-gnu/libc.so.6
7fe2a641c000-7fe2a6429000 rw-p 00000000 00:00 0 
7fe2a642a000-7fe2a642b000 ---p 00000000 00:00 0 
7fe2a642b000-7fe2a642c000 r--p 00000000 00:00 0 
7fe2a642c000-7fe2a642d000 r--p 00000000 08:03 2361484                    /usr/lib/x86_64-linux-gnu/librt.so.1
7fe2a642d000-7fe2a642e000 r-xp 00001000 08:03 2361484                    /usr/lib/x86_64-linux-gnu/librt.so.1
7fe2a642e000-7fe2a642f000 r--p 00002000 08:03 2361484                    /usr/lib/x86_64-linux-gnu/librt.so.1
7fe2a642f000-7fe2a6430000 r--p 00002000 08:03 2361484                    /usr/lib/x86_64-linux-gnu/librt.so.1
7fe2a6430000-7fe2a6431000 rw-p 00003000 08:03 2361484                    /usr/lib/x86_64-linux-gnu/librt.so.1
7fe2a6431000-7fe2a643f000 r--p 00000000 08:03 2361443                    /usr/lib/x86_64-linux-gnu/libm.so.6
7fe2a643f000-7fe2a64bb000 r-xp 0000e000 08:03 2361443                    /usr/lib/x86_64-linux-gnu/libm.so.6
7fe2a64bb000-7fe2a6516000 r--p 0008a000 08:03 2361443                    /usr/lib/x86_64-linux-gnu/libm.so.6
7fe2a6516000-7fe2a6517000 r--p 000e4000 08:03 2361443                    /usr/lib/x86_64-linux-gnu/libm.so.6
7fe2a6517000-7fe2a6518000 rw-p 000e5000 08:03 2361443                    /usr/lib/x86_64-linux-gnu/libm.so.6
7fe2a6518000-7fe2a651b000 rw-p 00000000 00:00 0 
7fe2a651b000-7fe2a651e000 r--p 00000000 08:03 265239                     /usr/lib/jvm/java-11-openjdk-amd64/lib/jli/libjli.so
7fe2a651e000-7fe2a6528000 r-xp 00003000 08:03 265239                     /usr/lib/jvm/java-11-openjdk-amd64/lib/jli/libjli.so
7fe2a6528000-7fe2a652b000 r--p 0000d000 08:03 265239                     /usr/lib/jvm/java-11-openjdk-amd64/lib/jli/libjli.so
7fe2a652b000-7fe2a652c000 ---p 00010000 08:03 265239                     /usr/lib/jvm/java-11-openjdk-amd64/lib/jli/libjli.so
7fe2a652c000-7fe2a652d000 r--p 00010000 08:03 265239                     /usr/lib/jvm/java-11-openjdk-amd64/lib/jli/libjli.so
7fe2a652d000-7fe2a652e000 rw-p 00011000 08:03 265239                     /usr/lib/jvm/java-11-openjdk-amd64/lib/jli/libjli.so
7fe2a652e000-7fe2a6530000 r--p 00000000 08:03 2367120                    /usr/lib/x86_64-linux-gnu/libz.so.1.2.11
7fe2a6530000-7fe2a6542000 r-xp 00002000 08:03 2367120                    /usr/lib/x86_64-linux-gnu/libz.so.1.2.11
7fe2a6542000-7fe2a6548000 r--p 00014000 08:03 2367120                    /usr/lib/x86_64-linux-gnu/libz.so.1.2.11
7fe2a6548000-7fe2a6549000 r--p 0001a000 08:03 2367120                    /usr/lib/x86_64-linux-gnu/libz.so.1.2.11
7fe2a6549000-7fe2a654a000 rw-p 0001b000 08:03 2367120                    /usr/lib/x86_64-linux-gnu/libz.so.1.2.11
7fe2a654a000-7fe2a654f000 r--p 00000000 08:03 265273                     /usr/lib/jvm/java-11-openjdk-amd64/lib/libverify.so
7fe2a654f000-7fe2a6556000 r-xp 00005000 08:03 265273                     /usr/lib/jvm/java-11-openjdk-amd64/lib/libverify.so
7fe2a6556000-7fe2a6558000 r--p 0000c000 08:03 265273                     /usr/lib/jvm/java-11-openjdk-amd64/lib/libverify.so
7fe2a6558000-7fe2a655a000 r--p 0000d000 08:03 265273                     /usr/lib/jvm/java-11-openjdk-amd64/lib/libverify.so
7fe2a655a000-7fe2a655b000 rw-p 0000f000 08:03 265273                     /usr/lib/jvm/java-11-openjdk-amd64/lib/libverify.so
7fe2a655b000-7fe2a655d000 rw-p 00000000 00:00 0 
7fe2a655d000-7fe2a655f000 r--p 00000000 08:03 2361301                    /usr/lib/x86_64-linux-gnu/ld-linux-x86-64.so.2
7fe2a655f000-7fe2a6589000 r-xp 00002000 08:03 2361301                    /usr/lib/x86_64-linux-gnu/ld-linux-x86-64.so.2
7fe2a6589000-7fe2a6594000 r--p 0002c000 08:03 2361301                    /usr/lib/x86_64-linux-gnu/ld-linux-x86-64.so.2
7fe2a6595000-7fe2a6597000 r--p 00037000 08:03 2361301                    /usr/lib/x86_64-linux-gnu/ld-linux-x86-64.so.2
7fe2a6597000-7fe2a6599000 rw-p 00039000 08:03 2361301                    /usr/lib/x86_64-linux-gnu/ld-linux-x86-64.so.2
7ffe402ab000-7ffe402cc000 rw-p 00000000 00:00 0                          [stack]
7ffe402d6000-7ffe402da000 r--p 00000000 00:00 0                          [vvar]
7ffe402da000-7ffe402dc000 r-xp 00000000 00:00 0                          [vdso]
ffffffffff600000-ffffffffff601000 --xp 00000000 00:00 0                  [vsyscall]


VM Arguments:
jvm_args: -javaagent:/home/ubuntu/software/idea-IU-233.14475.28/lib/idea_rt.jar=35221:/home/ubuntu/software/idea-IU-233.14475.28/bin -Dfile.encoding=UTF-8 
java_command: Main tests/test1.c tests/output.ll
java_class_path (initial): /home/ubuntu/Lab/out/production/Lab:/usr/local/lib/antlr-4.9.1-complete.jar:/usr/local/lib/javacpp-1.5.7-linux-x86_64.jar:/usr/local/lib/javacpp-1.5.7.jar:/usr/local/lib/llvm-13.0.1-1.5.7-linux-x86_64.jar:/usr/local/lib/llvm-13.0.1-1.5.7.jar:/usr/local/lib/llvm-platform-13.0.1-1.5.7.jar
Launcher Type: SUN_STANDARD

[Global flags]
     intx CICompilerCount                          = 3                                         {product} {ergonomic}
     uint ConcGCThreads                            = 1                                         {product} {ergonomic}
     uint G1ConcRefinementThreads                  = 4                                         {product} {ergonomic}
   size_t G1HeapRegionSize                         = 1048576                                   {product} {ergonomic}
    uintx GCDrainStackTargetSize                   = 64                                        {product} {ergonomic}
   size_t InitialHeapSize                          = 65011712                                  {product} {ergonomic}
   size_t MarkStackSize                            = 4194304                                   {product} {ergonomic}
   size_t MaxHeapSize                              = 1015021568                                {product} {ergonomic}
   size_t MaxNewSize                               = 608174080                                 {product} {ergonomic}
   size_t MinHeapDeltaBytes                        = 1048576                                   {product} {ergonomic}
    uintx NonNMethodCodeHeapSize                   = 5830732                                {pd product} {ergonomic}
    uintx NonProfiledCodeHeapSize                  = 122913754                              {pd product} {ergonomic}
    uintx ProfiledCodeHeapSize                     = 122913754                              {pd product} {ergonomic}
    uintx ReservedCodeCacheSize                    = 251658240                              {pd product} {ergonomic}
     bool SegmentedCodeCache                       = true                                      {product} {ergonomic}
     bool UseCompressedClassPointers               = true                                 {lp64_product} {ergonomic}
     bool UseCompressedOops                        = true                                 {lp64_product} {ergonomic}
     bool UseG1GC                                  = true                                      {product} {ergonomic}

Logging:
Log output configuration:
 #0: stdout all=warning uptime,level,tags
 #1: stderr all=off uptime,level,tags

Environment Variables:
PATH=/usr/local/sbin:/usr/local/bin:/usr/sbin:/usr/bin:/sbin:/bin:/usr/games:/usr/local/games:/snap/bin:/snap/bin
USERNAME=ubuntu
SHELL=/bin/bash
DISPLAY=:0
LANG=zh_CN.UTF-8

Signal Handlers:
SIGSEGV: [libjvm.so+0xead700], sa_mask[0]=11111111011111111101111111111110, sa_flags=SA_RESTART|SA_SIGINFO
SIGBUS: [libjvm.so+0xead700], sa_mask[0]=11111111011111111101111111111110, sa_flags=SA_RESTART|SA_SIGINFO
SIGFPE: [libjvm.so+0xead700], sa_mask[0]=11111111011111111101111111111110, sa_flags=SA_RESTART|SA_SIGINFO
SIGPIPE: [libjvm.so+0xbefa50], sa_mask[0]=11111111011111111101111111111110, sa_flags=SA_RESTART|SA_SIGINFO
SIGXFSZ: [libjvm.so+0xbefa50], sa_mask[0]=11111111011111111101111111111110, sa_flags=SA_RESTART|SA_SIGINFO
SIGILL: [libjvm.so+0xead700], sa_mask[0]=11111111011111111101111111111110, sa_flags=SA_RESTART|SA_SIGINFO
SIGUSR2: [libjvm.so+0xbef8f0], sa_mask[0]=00100000000000000000000000000000, sa_flags=SA_RESTART|SA_SIGINFO
SIGHUP: [libjvm.so+0xbf00b0], sa_mask[0]=11111111011111111101111111111110, sa_flags=SA_RESTART|SA_SIGINFO
SIGINT: [libjvm.so+0xbf00b0], sa_mask[0]=11111111011111111101111111111110, sa_flags=SA_RESTART|SA_SIGINFO
SIGTERM: [libjvm.so+0xbf00b0], sa_mask[0]=11111111011111111101111111111110, sa_flags=SA_RESTART|SA_SIGINFO
SIGQUIT: [libjvm.so+0xbf00b0], sa_mask[0]=11111111011111111101111111111110, sa_flags=SA_RESTART|SA_SIGINFO


---------------  S Y S T E M  ---------------

OS:DISTRIB_ID=Ubuntu
DISTRIB_RELEASE=22.10
DISTRIB_CODENAME=kinetic
DISTRIB_DESCRIPTION="Ubuntu 22.10"
uname:Linux 6.5.0-21-generic #21~22.04.1-Ubuntu SMP PREEMPT_DYNAMIC Fri Feb  9 13:32:52 UTC 2 x86_64
OS uptime: 0 days 2:24 hours
libc:glibc 2.35 NPTL 2.35 
rlimit (soft/hard): STACK 8192k/infinity , CORE 0k/infinity , NPROC 15188/15188 , NOFILE 1048576/1048576 , AS infinity/infinity , CPU infinity/infinity , DATA infinity/infinity , FSIZE infinity/infinity , MEMLOCK 495440k/495440k
load average:0.40 0.76 0.86

/proc/meminfo:
MemTotal:        3963524 kB
MemFree:          255400 kB
MemAvailable:     919740 kB
Buffers:            7312 kB
Cached:           621416 kB
SwapCached:        92240 kB
Active:          2004468 kB
Inactive:         828440 kB
Active(anon):    1787296 kB
Inactive(anon):   416984 kB
Active(file):     217172 kB
Inactive(file):   411456 kB
Unevictable:          16 kB
Mlocked:              16 kB
SwapTotal:       3991548 kB
SwapFree:        2877024 kB
Zswap:                 0 kB
Zswapped:              0 kB
Dirty:               480 kB
Writeback:             0 kB
AnonPages:       2184344 kB
Mapped:           373320 kB
Shmem:               100 kB
KReclaimable:     324652 kB
Slab:             485344 kB
SReclaimable:     324652 kB
SUnreclaim:       160692 kB
KernelStack:       12720 kB
PageTables:        24444 kB
SecPageTables:         0 kB
NFS_Unstable:          0 kB
Bounce:                0 kB
WritebackTmp:          0 kB
CommitLimit:     5973308 kB
Committed_AS:    5529600 kB
VmallocTotal:   34359738367 kB
VmallocUsed:       43508 kB
VmallocChunk:          0 kB
Percpu:           104448 kB
HardwareCorrupted:     0 kB
AnonHugePages:         0 kB
ShmemHugePages:        0 kB
ShmemPmdMapped:        0 kB
FileHugePages:         0 kB
FilePmdMapped:         0 kB
Unaccepted:            0 kB
HugePages_Total:       0
HugePages_Free:        0
HugePages_Rsvd:        0
HugePages_Surp:        0
Hugepagesize:       2048 kB
Hugetlb:               0 kB
DirectMap4k:      177984 kB
DirectMap2M:     4016128 kB
DirectMap1G:     2097152 kB

/sys/kernel/mm/transparent_hugepage/enabled:
always [madvise] never
/sys/kernel/mm/transparent_hugepage/defrag (defrag/compaction efforts parameter):
always defer defer+madvise [madvise] never

Process Memory:
Virtual Size: 3868404K (peak: 12378248K)
Resident Set Size: 95352K (peak: 95352K) (anon: 39036K, file: 56316K, shmem: 0K)
Swapped out: 0K
C-Heap outstanding allocations: 19107K, retained: 2688K
glibc malloc tunables: (default)

/proc/sys/kernel/threads-max (system-wide limit on the number of threads):
30377
/proc/sys/vm/max_map_count (maximum number of memory map areas a process may have):
65530
/proc/sys/kernel/pid_max (system-wide limit on number of process identifiers):
4194304

container (cgroup) information:
container_type: cgroupv2
cpu_cpuset_cpus: not supported
cpu_memory_nodes: not supported
active_processor_count: 4
cpu_quota: not supported
cpu_period: not supported
cpu_shares: not supported
memory_limit_in_bytes: unlimited
memory_and_swap_limit_in_bytes: unlimited
memory_soft_limit_in_bytes: unlimited
memory_usage_in_bytes: 2394132 k
memory_max_usage_in_bytes: not supported
memory_swap_current_in_bytes: 679044 k
memory_swap_max_limit_in_bytes: unlimited
maximum number of tasks: 4556
current number of tasks: 130

VMWare virtualization detected
Steal ticks since vm start: 0
Steal ticks percentage since vm start:  0.000

CPU:total 4 (initial active 4) (1 cores per cpu, 1 threads per core) family 25 model 80 stepping 0 microcode 0xffffffff, cmov, cx8, fxsr, mmx, sse, sse2, sse3, ssse3, sse4.1, sse4.2, popcnt, avx, avx2, aes, clmul, erms, mmxext, lzcnt, sse4a, tsc, tscinvbit, tscinv, bmi1, bmi2, adx, sha, fma
CPU Model and flags from /proc/cpuinfo:
model name	: AMD Ryzen 5 5600H with Radeon Graphics
flags		: fpu vme de pse tsc msr pae mce cx8 apic sep mtrr pge mca cmov pat pse36 clflush mmx fxsr sse sse2 syscall nx mmxext pdpe1gb rdtscp lm constant_tsc rep_good nopl tsc_reliable nonstop_tsc cpuid extd_apicid tsc_known_freq pni pclmulqdq ssse3 fma cx16 sse4_1 sse4_2 x2apic movbe popcnt aes xsave avx f16c rdrand hypervisor lahf_lm cr8_legacy abm sse4a misalignsse 3dnowprefetch osvw topoext ibpb vmmcall fsgsbase bmi1 avx2 smep bmi2 erms invpcid rdseed adx smap clflushopt clwb sha_ni xsaveopt xsavec xgetbv1 xsaves clzero arat umip vaes vpclmulqdq rdpid overflow_recov succor fsrm
Online cpus:
0-3
Offline cpus:
4-127
BIOS frequency limitation:
<Not Available>
Frequency switch latency (ns):
<Not Available>
Available cpu frequencies:
<Not Available>
Current governor:
<Not Available>
Core performance/turbo boost:
<Not Available>

Memory: 4k page, physical 3963524k(255400k free), swap 3991548k(2877024k free)

vm_info: OpenJDK 64-Bit Server VM (11.0.22+7-post-Ubuntu-0ubuntu222.04.1) for linux-amd64 JRE (11.0.22+7-post-Ubuntu-0ubuntu222.04.1), built on Feb  5 2024 20:45:01 by "unknown" with gcc 11.4.0

END.
